<?xml version="1.0" encoding="utf-8"?>
<items>
<item><title>5-HIAA urine test</title><url>https://medlineplus.gov/ency/article/003612.htm</url><HowtoPreparefortheTest>&lt;text&gt;Your provider will instruct you, if necessary, to stop taking medicines that may interfere with the test.&lt;/text&gt;&lt;text&gt;Medicines that can increase 5-HIAA measurements include acetaminophen (Tylenol), acetanilide, phenacetin, glyceryl guaiacolate (found in many cough syrups), methocarbamol, and reserpine.&lt;/text&gt;&lt;text&gt;Medicines that can decrease 5-HIAA measurements include heparin, isoniazid, levodopa, monoamine oxidase inhibitors, methenamine, methyldopa, phenothiazines, and tricyclic antidepressants.&lt;/text&gt;&lt;text&gt;You will be told not to eat certain foods for 3 days before the test. Foods that can interfere with 5-HIAA measurements include plums, pineapples, bananas, eggplant, tomatoes, avocados, and walnuts.&lt;/text&gt;</HowtoPreparefortheTest><WhytheTestisPerformed>&lt;text&gt;This test measures the level of 5-HIAA in the urine. It is often done to detect certain tumors in the digestive tract ( carcinoid tumors ) and to track a person's condition.&lt;/text&gt;&lt;text&gt;The urine test may also be used to diagnose a disorder called systemic mastocytosis and some tumors of the hormone.&lt;/text&gt;</WhytheTestisPerformed><NormalResults>&lt;text&gt;The normal range is 2 to 9 mg/24h (10.4 to 46.8 µmol/24h).&lt;/text&gt;&lt;text&gt;Note: Normal value ranges may vary slightly among different laboratories. Talk to your doctor about the meaning of your specific test results.&lt;/text&gt;&lt;text&gt;The examples above show the common measurements for results for these tests. Some laboratories use different measurements or may test different specimens.&lt;/text&gt;</NormalResults><WhatAbnormalResultsMean>&lt;text&gt;Abnormal results may be due to:&lt;/text&gt;&lt;detail&gt;Tumors of the endocrine system or carcinoid tumors&lt;/detail&gt;&lt;detail&gt;Systemic  mastocytosis &lt;/detail&gt;</WhatAbnormalResultsMean><AlternativeNames>&lt;detail&gt;HIAA&lt;/detail&gt;&lt;detail&gt; 5-hydroxyindole acetic acid&lt;/detail&gt;&lt;detail&gt; Serotonin metabolite&lt;/detail&gt;</AlternativeNames></item>
<item><title>Quantitative nephelometry test</title><url>https://medlineplus.gov/ency/article/003545.htm</url><HowtoPreparefortheTest>&lt;text&gt;You may be asked not to eat or drink anything for 4 hours before the test.&lt;/text&gt;</HowtoPreparefortheTest><WhytheTestisPerformed>&lt;text&gt;The test provides a rapid and accurate measurement of the amounts of the immunoglobulins IgM, IgG, and IgA.&lt;/text&gt;</WhytheTestisPerformed><NormalResults>&lt;text&gt;Normal results for the three immunoglobulins are:&lt;/text&gt;&lt;detail&gt;IgG: 650 to 1600 milligrams per deciliter (mg/dL), or 6.5 to 16.0 grams per liter (g/L)&lt;/detail&gt;&lt;detail&gt;IgM: 54 to 300 mg/dL, or 540 to 3000 mg/L&lt;/detail&gt;&lt;detail&gt;IgA: 40 to 350 mg/dL, or 400 to 3500 mg/L&lt;/detail&gt;&lt;text&gt;The examples above show the common measurements for these test results. Normal value ranges may vary slightly among different laboratories. Talk to your doctor about the meaning of your specific test results. Some labs use different measurements or test different samples.&lt;/text&gt;</NormalResults><WhatAbnormalResultsMean>&lt;text&gt;An increased level of IgG may be due to:&lt;/text&gt;&lt;detail&gt; Chronic  infection or inflammation&lt;/detail&gt;&lt;detail&gt; Hyperimmunization  (higher than normal number of specific antibodies)&lt;/detail&gt;&lt;detail&gt;IgG  multiple myeloma  (a type of blood cancer)&lt;/detail&gt;&lt;detail&gt; Liver disease &lt;/detail&gt;&lt;detail&gt; Rheumatoid arthritis &lt;/detail&gt;&lt;text&gt;Decreased levels of IgG may be due to:&lt;/text&gt;&lt;detail&gt; Agammaglobulinemia  (very low levels of immunoglobulins, a very rare disorder)&lt;/detail&gt;&lt;detail&gt; Leukemia  (blood cancer)&lt;/detail&gt;&lt;detail&gt; Multiple myeloma  (bone marrow cancer)&lt;/detail&gt;&lt;detail&gt; Preeclampsia  (high blood pressure during pregnancy)&lt;/detail&gt;&lt;detail&gt;Treatment with certain chemotherapy drugs &lt;/detail&gt;&lt;text&gt;Increased levels of IgM may be due to:&lt;/text&gt;&lt;detail&gt; Mononucleosis &lt;/detail&gt;&lt;detail&gt;Lymphoma (cancer of the lymph tissue)&lt;/detail&gt;&lt;detail&gt; Waldenström macroglobulinemia  (cancer of the white blood cells)&lt;/detail&gt;&lt;detail&gt;Multiple myeloma&lt;/detail&gt;&lt;detail&gt;Rheumatoid arthritis &lt;/detail&gt;&lt;detail&gt;Infection&lt;/detail&gt;&lt;text&gt;Decreased levels of IgM may be due to:&lt;/text&gt;&lt;detail&gt;Agammaglobulinemia (very rare)&lt;/detail&gt;&lt;detail&gt;Leukemia&lt;/detail&gt;&lt;detail&gt;Multiple myeloma &lt;/detail&gt;&lt;text&gt;Increased levels of IgA may be due to:&lt;/text&gt;&lt;detail&gt;Chronic infections, especially of the gastrointestinal tract&lt;/detail&gt;&lt;detail&gt;Inflammatory bowel disease, such as  Crohn disease &lt;/detail&gt;&lt;detail&gt;Multiple myeloma &lt;/detail&gt;&lt;text&gt;Decreased levels of IgA may be due to:&lt;/text&gt;&lt;detail&gt;Agammaglobulinemia (very rare)&lt;/detail&gt;&lt;detail&gt;Hereditary IgA deficiency&lt;/detail&gt;&lt;detail&gt;Multiple myeloma&lt;/detail&gt;&lt;detail&gt;Gut disease that leads to protein loss&lt;/detail&gt;&lt;text&gt;Other tests are needed to confirm or diagnose any of the conditions above.&lt;/text&gt;</WhatAbnormalResultsMean><AlternativeNames>&lt;detail&gt;Quantitative immunoglobulins&lt;/detail&gt;</AlternativeNames><Images><value><img_name>Blood test</img_name><img_url>https://medlineplus.gov/ency/images/ency/fullsize/10026.jpg</img_url></value></Images></item>
<item><title>Knee MRI scan</title><url>https://medlineplus.gov/ency/article/007361.htm</url><HowtoPreparefortheTest>&lt;text&gt;You may be asked not to eat or drink anything for 4 to 6 hours before the scan.&lt;/text&gt;&lt;text&gt;Tell your health care provider if you are afraid of closed spaces (have claustrophobia). You may be given a medicine to help you feel sleepy and less anxious. Your provider may suggest an "open" MRI, in which the machine is not as close to the body.&lt;/text&gt;&lt;text&gt;Before the test, tell your provider if you have:&lt;/text&gt;&lt;detail&gt;Brain aneurysm clips&lt;/detail&gt;&lt;detail&gt;Certain types of artificial heart valves&lt;/detail&gt;&lt;detail&gt;Heart defibrillator or pacemaker&lt;/detail&gt;&lt;detail&gt;Inner ear (cochlear) implants&lt;/detail&gt;&lt;detail&gt;Kidney disease or dialysis (you may not be able to receive contrast)&lt;/detail&gt;&lt;detail&gt;Recently placed artificial joints&lt;/detail&gt;&lt;detail&gt;Certain types of vascular  stents &lt;/detail&gt;&lt;detail&gt;Worked with sheet metal in the past (you may need tests to check for metal pieces in your eyes) &lt;/detail&gt;&lt;text&gt;Because the MRI contains strong magnets, metal objects are not allowed into the room with the MRI scanner:&lt;/text&gt;&lt;detail&gt;Pens, pocketknives, and eyeglasses may fly across the room.&lt;/detail&gt;&lt;detail&gt;Items such as jewelry, watches, credit cards, and hearing aids can be damaged.&lt;/detail&gt;&lt;detail&gt;Pins, hairpins, metal zippers, and similar metallic items can distort the images.&lt;/detail&gt;&lt;detail&gt;Removable dental work should be taken out just before the scan. &lt;/detail&gt;</HowtoPreparefortheTest><WhytheTestisPerformed>&lt;text&gt;Your provider may order this test if you have:&lt;/text&gt;&lt;detail&gt;An abnormal result on a knee x-ray or bone scan&lt;/detail&gt;&lt;detail&gt;A feeling that your knee is giving away in the knee joint&lt;/detail&gt;&lt;detail&gt;Buildup of joint fluid behind the knee ( Baker cyst )&lt;/detail&gt;&lt;detail&gt;Fluid collecting in the knee joint&lt;/detail&gt;&lt;detail&gt;Infection of the knee joint&lt;/detail&gt;&lt;detail&gt;Knee cap injury&lt;/detail&gt;&lt;detail&gt;Knee pain with fever&lt;/detail&gt;&lt;detail&gt;Knee locking when you walk or moving&lt;/detail&gt;&lt;detail&gt;Signs of damage to the knee muscle, cartilage, or ligaments&lt;/detail&gt;&lt;detail&gt; Knee pain  that does not get better with treatment &lt;/detail&gt;&lt;detail&gt;Instability of the knee&lt;/detail&gt;&lt;text&gt;You may also have this test to check your progress after knee surgery.&lt;/text&gt;</WhytheTestisPerformed><NormalResults>&lt;text&gt;A normal result means your knee looks OK.&lt;/text&gt;</NormalResults><WhatAbnormalResultsMean>&lt;text&gt;Abnormal results may be due to a sprain or tear of the ligaments in the knee area.&lt;/text&gt;&lt;text&gt;Abnormal results may also be due to:&lt;/text&gt;&lt;detail&gt;Meniscus or cartilage injuries&lt;/detail&gt;&lt;detail&gt;Arthritis of the knee&lt;/detail&gt;&lt;detail&gt; Avascular necrosis  (also called osteonecrosis)&lt;/detail&gt;&lt;detail&gt;Bone tumor or cancer&lt;/detail&gt;&lt;detail&gt;Broken bone&lt;/detail&gt;&lt;detail&gt;Buildup of joint fluid behind the knee ( Baker cyst )&lt;/detail&gt;&lt;detail&gt;Infection in the bone (osteomyelitis)&lt;/detail&gt;&lt;detail&gt;Inflammation&lt;/detail&gt;&lt;detail&gt;Injury of the knee cap &lt;/detail&gt;&lt;text&gt;Talk to your provider if you have questions or concerns.&lt;/text&gt;</WhatAbnormalResultsMean><AlternativeNames>&lt;detail&gt;MRI - knee&lt;/detail&gt;&lt;detail&gt; Magnetic resonance imaging - knee&lt;/detail&gt;</AlternativeNames></item>
<item><title>Knee CT scan</title><url>https://medlineplus.gov/ency/article/007345.htm</url><HowtoPreparefortheTest>&lt;text&gt;Some exams require a special dye, called contrast, to be injected into your body before the test. Contrast helps certain areas show up better on the x-rays.&lt;/text&gt;&lt;detail&gt;Contrast can be given through a vein (IV) in your hand or forearm. If contrast is used, you may also be asked not to eat or drink anything for 4 to 6 hours before the test.&lt;/detail&gt;&lt;detail&gt;Let your health care provider know if you have ever had a reaction to contrast. You may need to take medicines before the test to avoid this problem.&lt;/detail&gt;&lt;detail&gt;Before receiving the contrast, tell your provider if you take the diabetes medicine metformin (Glucophage). You may need to take extra steps if you are taking this medicine. &lt;/detail&gt;&lt;text&gt;Too much weight can cause damage to the scanner's working parts. Ask about the weight limit before the test if you weigh more than 300 pounds (135 kilograms).&lt;/text&gt;&lt;text&gt;You will need to remove jewelry and wear a hospital gown during the CT exam.&lt;/text&gt;</HowtoPreparefortheTest><WhytheTestisPerformed>&lt;text&gt;A CT scan can quickly create more detailed pictures of the knee than standard x-rays. The test may be used to detect:&lt;/text&gt;&lt;detail&gt; Abscess  or infection&lt;/detail&gt;&lt;detail&gt;Broken bone&lt;/detail&gt;&lt;detail&gt;Examine fractures and pattern of fractures&lt;/detail&gt;&lt;detail&gt;The cause of pain or other problems in the knee joint (usually when  MRI  can't be done)&lt;/detail&gt;&lt;detail&gt;Masses and tumors, including cancer &lt;/detail&gt;&lt;detail&gt;Healing problems or scar tissue following surgery&lt;/detail&gt;&lt;text&gt;A CT scan may also be used to guide a surgeon to the right area during a  biopsy .&lt;/text&gt;</WhytheTestisPerformed><NormalResults>&lt;text&gt;Results are considered normal if no problems are seen.&lt;/text&gt;</NormalResults><WhatAbnormalResultsMean>&lt;text&gt;Abnormal results may be due to:&lt;/text&gt;&lt;detail&gt;Abscess (collection of pus)&lt;/detail&gt;&lt;detail&gt;Arthritis&lt;/detail&gt;&lt;detail&gt;Broken bone&lt;/detail&gt;&lt;detail&gt;Bone tumors or cancer &lt;/detail&gt;&lt;detail&gt;Healing problems or scar tissue after surgery&lt;/detail&gt;</WhatAbnormalResultsMean><AlternativeNames>&lt;detail&gt;CAT scan - knee&lt;/detail&gt;&lt;detail&gt; Computed axial tomography scan - knee&lt;/detail&gt;&lt;detail&gt; Computed tomography scan - knee&lt;/detail&gt;</AlternativeNames></item>
<item><title>Kidney biopsy</title><url>https://medlineplus.gov/ency/article/003907.htm</url><HowtoPreparefortheTest>&lt;text&gt;Tell your health care provider:&lt;/text&gt;&lt;detail&gt;About medicines you are taking, including vitamins and supplements, herbal remedies, and over-the-counter medicines&lt;/detail&gt;&lt;detail&gt;If you have any allergies&lt;/detail&gt;&lt;detail&gt;If you have bleeding problems or if you take blood-thinning medicines such as warfarin (Coumadin), clopidogrel (Plavix), dipyridamole (Persantine), fondaparinux (Arixtra), apixaban (Eliquis), dabigatran (Pradaxa), or aspirin&lt;/detail&gt;&lt;detail&gt;If you are or think you might be pregnant&lt;/detail&gt;</HowtoPreparefortheTest><WhytheTestisPerformed>&lt;text&gt;Your doctor may order a kidney biopsy if you have:&lt;/text&gt;&lt;detail&gt;An unexplained drop in kidney function&lt;/detail&gt;&lt;detail&gt; Blood in the urine  that does not go away&lt;/detail&gt;&lt;detail&gt; Protein in the urine  found during a urine test&lt;/detail&gt;&lt;detail&gt;A transplanted kidney, which needs to be monitored using a biopsy &lt;/detail&gt;</WhytheTestisPerformed><NormalResults>&lt;text&gt;A normal result is when the kidney tissue shows normal structure.&lt;/text&gt;</NormalResults><WhatAbnormalResultsMean>&lt;text&gt;An abnormal result means there are changes in the kidney tissue. This may be due to:&lt;/text&gt;&lt;detail&gt;Infection&lt;/detail&gt;&lt;detail&gt;Poor blood flow through the kidney&lt;/detail&gt;&lt;detail&gt;Connective tissue diseases such as  systemic lupus erythematosus &lt;/detail&gt;&lt;detail&gt;Other diseases that may be affecting the kidney, such as diabetes&lt;/detail&gt;&lt;detail&gt;Kidney  transplant rejection , if you had a transplant&lt;/detail&gt;</WhatAbnormalResultsMean><AlternativeNames>&lt;detail&gt;Renal biopsy&lt;/detail&gt;&lt;detail&gt; Biopsy - kidney&lt;/detail&gt;</AlternativeNames><Images><value><img_name>Kidney anatomy</img_name><img_url>https://medlineplus.gov/ency/images/ency/fullsize/1101.jpg</img_url></value><value><img_name>Kidney - blood and urine flow</img_name><img_url>https://medlineplus.gov/ency/images/ency/fullsize/1704.jpg</img_url></value><value><img_name>Renal biopsy</img_name><img_url>https://medlineplus.gov/ency/images/ency/fullsize/8902.jpg</img_url></value></Images></item>
<item><title>Ketones urine test</title><url>https://medlineplus.gov/ency/article/003585.htm</url><HowtoPreparefortheTest>&lt;text&gt;You may have to follow a special diet. Your provider may tell you to temporarily stop taking certain medicines that may affect the test.&lt;/text&gt;</HowtoPreparefortheTest><WhytheTestisPerformed>&lt;text&gt;Ketone testing is most often done if you have  type 1 diabetes  and:&lt;/text&gt;&lt;detail&gt;Your blood sugar is higher than 240 milligrams per deciliter (mg/dL)&lt;/detail&gt;&lt;detail&gt;Nausea or vomiting occur&lt;/detail&gt;&lt;detail&gt;Pain in the abdomen &lt;/detail&gt;&lt;text&gt;Ketone testing may also be done if:&lt;/text&gt;&lt;detail&gt;You have an illness such as pneumonia, heart attack, or stroke&lt;/detail&gt;&lt;detail&gt;Nausea or vomiting that does not go away&lt;/detail&gt;&lt;detail&gt;You are pregnant &lt;/detail&gt;</WhytheTestisPerformed><NormalResults>&lt;text&gt;A negative test result is normal. &lt;/text&gt;&lt;text&gt;Normal value ranges may vary slightly among different laboratories. Some labs use different measurements or test different samples. Talk to your provider about the meaning of your specific test results.&lt;/text&gt;</NormalResults><WhatAbnormalResultsMean>&lt;text&gt;An abnormal result means you have ketones in your urine. The results are usually listed as small, moderate, or large as follows:&lt;/text&gt;&lt;detail&gt;Small: &amp;lt;20 mg/dL&lt;/detail&gt;&lt;detail&gt;Moderate: 30 to 40 mg/dL&lt;/detail&gt;&lt;detail&gt;Large: &amp;gt;80 mg/dL &lt;/detail&gt;&lt;text&gt;Ketones build up when the body needs to break down fats and fatty acids to use as fuel. This is most likely to occur when the body does not get enough sugar or carbohydrates.&lt;/text&gt;&lt;text&gt;This may be due to  diabetic ketoacidosis (DKA) . DKA is a life-threatening problem that affects people with diabetes. It occurs when the body cannot use sugar (glucose) as a fuel source because there is no insulin or not enough insulin. Fat is used for fuel instead.&lt;/text&gt;&lt;text&gt;An abnormal result may also be due to: &lt;/text&gt;&lt;detail&gt;Fasting or starvation: such as with  anorexia  (an eating disorder)&lt;/detail&gt;&lt;detail&gt;High protein or low carbohydrate diet&lt;/detail&gt;&lt;detail&gt;Vomiting over a long period (such as during early pregnancy)&lt;/detail&gt;&lt;detail&gt;Acute or severe illnesses, such as sepsis or burns&lt;/detail&gt;&lt;detail&gt;High fevers&lt;/detail&gt;&lt;detail&gt;The thyroid gland making too much thyroid hormone ( hyperthyroidism )&lt;/detail&gt;&lt;detail&gt;Nursing a baby, if the mother does not eat and drink enough &lt;/detail&gt;</WhatAbnormalResultsMean><AlternativeNames>&lt;detail&gt;Ketone bodies - urine&lt;/detail&gt;&lt;detail&gt; Urine ketones&lt;/detail&gt;&lt;detail&gt; Ketoacidosis - urine ketones test&lt;/detail&gt;&lt;detail&gt; Diabetic ketoacidosis - urine ketones test&lt;/detail&gt;</AlternativeNames></item>
<item><title>Ketones blood test</title><url>https://medlineplus.gov/ency/article/003498.htm</url><HowtoPreparefortheTest>&lt;text&gt;No preparation is needed.&lt;/text&gt;</HowtoPreparefortheTest><WhytheTestisPerformed>&lt;text&gt;Ketones are substances produced in the liver when fat cells break down in the blood. This test is used to diagnose  ketoacidosis . This is a life-threatening problem that affects people who:&lt;/text&gt;&lt;detail&gt;Have diabetes. It occurs when the body cannot use sugar (glucose) as a fuel source because there is no insulin or not enough insulin. Fat is used for fuel instead. When fat breaks down, waste products called ketones build up in the body.&lt;/detail&gt;&lt;detail&gt;Drink large amounts of alcohol.&lt;/detail&gt;</WhytheTestisPerformed><NormalResults>&lt;text&gt;A normal test result is negative. This means there are no ketones in the blood.&lt;/text&gt;&lt;text&gt;Normal value ranges may vary slightly among different laboratories. Some labs use different measurements or test different samples. Talk to your health care provider about the meaning of your specific test results.&lt;/text&gt;</NormalResults><WhatAbnormalResultsMean>&lt;text&gt;A test result is positive if ketones are found in the blood. This may indicate:&lt;/text&gt;&lt;detail&gt; Alcoholic ketoacidosis &lt;/detail&gt;&lt;detail&gt; Diabetic ketoacidosis &lt;/detail&gt;&lt;detail&gt;Starvation&lt;/detail&gt;&lt;detail&gt;Uncontrolled blood glucose in people with diabetes&lt;/detail&gt;&lt;text&gt;Other reasons ketones are found in the blood include:&lt;/text&gt;&lt;detail&gt;A diet low in carbohydrates can increase ketones.&lt;/detail&gt;&lt;detail&gt;After receiving anesthesia for surgery&lt;/detail&gt;&lt;detail&gt; Glycogen storage disease  (condition in which the body can't break down glycogen, a form of sugar that is stored in the liver and muscles)&lt;/detail&gt;&lt;detail&gt;Being on a weight-loss diet&lt;/detail&gt;</WhatAbnormalResultsMean><AlternativeNames>&lt;detail&gt;Acetone bodies&lt;/detail&gt;&lt;detail&gt; Ketones - serum&lt;/detail&gt;&lt;detail&gt; Nitroprusside test&lt;/detail&gt;&lt;detail&gt; Ketone bodies - serum&lt;/detail&gt;&lt;detail&gt; Ketones - blood&lt;/detail&gt;&lt;detail&gt; Ketoacidosis - ketones blood test&lt;/detail&gt;</AlternativeNames><Images><value><img_name>Blood test</img_name><img_url>https://medlineplus.gov/ency/images/ency/fullsize/10026.jpg</img_url></value></Images></item>
<item><title>Karyotyping</title><url>https://medlineplus.gov/ency/article/003935.htm</url><HowtoPreparefortheTest>&lt;text&gt;Follow the health care provider's instructions on how to prepare for the test.&lt;/text&gt;</HowtoPreparefortheTest><WhytheTestisPerformed>&lt;text&gt;This test can:&lt;/text&gt;&lt;detail&gt;Count the number of chromosomes&lt;/detail&gt;&lt;detail&gt;Look for structural changes in chromosomes &lt;/detail&gt;&lt;text&gt;This test may be done:&lt;/text&gt;&lt;detail&gt;On a couple that has a history of miscarriage&lt;/detail&gt;&lt;detail&gt;To examine any child or baby who has unusual features or developmental delays &lt;/detail&gt;&lt;text&gt;The bone marrow or blood test can be done to identify the Philadelphia chromosome, which is found in 85% of people with  chronic myelogenous leukemia (CML) .&lt;/text&gt;&lt;text&gt;The amniotic fluid test is done to check a developing baby for chromosome problems.&lt;/text&gt;&lt;text&gt;Your provider may order other tests that go together with a karyotype:&lt;/text&gt;&lt;detail&gt;Microarray: Looks at small changes in the chromosomes&lt;/detail&gt;&lt;detail&gt;Fluorescent in situ hybridization (FISH): Looks for small mistakes such as deletions in the chromosomes &lt;/detail&gt;</WhytheTestisPerformed><NormalResults>&lt;text&gt;Normal results are:&lt;/text&gt;&lt;detail&gt;Females: 44 autosomes and 2 sex chromosomes (XX), written as 46, XX&lt;/detail&gt;&lt;detail&gt;Males: 44 autosomes and 2 sex chromosomes (XY), written as 46, XY &lt;/detail&gt;</NormalResults><WhatAbnormalResultsMean>&lt;text&gt;Abnormal results may be due to a genetic syndrome or condition, such as:&lt;/text&gt;&lt;detail&gt; Down syndrome &lt;/detail&gt;&lt;detail&gt; Klinefelter syndrome &lt;/detail&gt;&lt;detail&gt;Philadelphia chromosome&lt;/detail&gt;&lt;detail&gt; Trisomy 18 &lt;/detail&gt;&lt;detail&gt; Turner syndrome &lt;/detail&gt;&lt;text&gt;Chemotherapy may cause chromosome breaks that affect normal karyotyping results.&lt;/text&gt;</WhatAbnormalResultsMean><AlternativeNames>&lt;detail&gt;Chromosome analysis&lt;/detail&gt;</AlternativeNames><Images><value><img_name>Karyotyping</img_name><img_url>https://medlineplus.gov/ency/images/ency/fullsize/9488.jpg</img_url></value></Images></item>
<item><title>Lymphangiogram</title><url>https://medlineplus.gov/ency/article/003798.htm</url><HowtoPreparefortheTest>&lt;text&gt;You must sign a consent form. You may be asked to not eat or drink for several hours before the test. You may wish to empty your bladder just before the test.&lt;/text&gt;&lt;text&gt;Tell the provider if you are pregnant or you have bleeding problems. Also mention if you have had an  allergic reaction  to x-ray contrast material or any iodine-containing substance.&lt;/text&gt;&lt;text&gt;If you are having this test done with sentinel lymph node biopsy (for breast cancer and melanoma), then you will need to prepare for the operating room. A surgeon and anesthesiologist will tell you how to prepare for the procedure.&lt;/text&gt;</HowtoPreparefortheTest><WhytheTestisPerformed>&lt;text&gt;A lymphangiogram is used with lymph node biopsy to determine the possible spread of cancer and the effectiveness of cancer therapy.&lt;/text&gt;&lt;text&gt;Contrast dye and x-rays are used to help determine the cause of swelling in an arm or leg and check for diseases that may be caused by parasites.&lt;/text&gt;&lt;text&gt;Additional conditions under which the test may be performed:&lt;/text&gt;&lt;detail&gt; Hodgkin lymphoma &lt;/detail&gt;&lt;detail&gt; Non-Hodgkin lymphoma &lt;/detail&gt;</WhytheTestisPerformed><WhatAbnormalResultsMean>&lt;text&gt;Enlarged lymph nodes ( swollen glands ) that have a foamy appearance may be a sign of lymphatic cancer.&lt;/text&gt;&lt;text&gt;Nodes or parts of the nodes that do not fill with the dye suggest a blockage and may be a sign of cancer spreading through the lymph system. Blockage of the lymph vessels may be caused by  tumor , infection, injury, or previous surgery.&lt;/text&gt;&lt;text&gt;Talk to your provider about the meaning of your specific test results.&lt;/text&gt;</WhatAbnormalResultsMean><AlternativeNames>&lt;detail&gt;Lymphography&lt;/detail&gt;&lt;detail&gt; Lymphangiography&lt;/detail&gt;</AlternativeNames><Images><value><img_name>Lymphatic system</img_name><img_url>https://medlineplus.gov/ency/images/ency/fullsize/1104.jpg</img_url></value><value><img_name>Lymphangiogram</img_name><img_url>https://medlineplus.gov/ency/images/ency/fullsize/9605.jpg</img_url></value></Images></item>
<item><title>Lymph node culture</title><url>https://medlineplus.gov/ency/article/003737.htm</url><HowtoPreparefortheTest>&lt;text&gt;Your health care provider will instruct you on how to prepare for the lymph node sampling.&lt;/text&gt;</HowtoPreparefortheTest><WhytheTestisPerformed>&lt;text&gt;Your provider may order this test if you have swollen glands and infection is suspected.&lt;/text&gt;</WhytheTestisPerformed><NormalResults>&lt;text&gt;A normal result means there was no growth of microorganisms on the lab dish.&lt;/text&gt;&lt;text&gt;Normal value ranges may vary slightly among different laboratories. Talk to your doctor about the meaning of your specific test results.&lt;/text&gt;</NormalResults><WhatAbnormalResultsMean>&lt;text&gt;Abnormal results are a sign of a bacterial, fungal, or viral infection.&lt;/text&gt;</WhatAbnormalResultsMean><AlternativeNames>&lt;detail&gt;Culture - lymph node&lt;/detail&gt;</AlternativeNames><Images><value><img_name>Lymphatic system</img_name><img_url>https://medlineplus.gov/ency/images/ency/fullsize/1104.jpg</img_url></value><value><img_name>Lymph node culture</img_name><img_url>https://medlineplus.gov/ency/images/ency/fullsize/9603.jpg</img_url></value></Images></item>
<item><title>Lymph node biopsy</title><url>https://medlineplus.gov/ency/article/003933.htm</url><HowtoPreparefortheTest>&lt;text&gt;Tell your provider:&lt;/text&gt;&lt;detail&gt;  If you are pregnant  &lt;/detail&gt;&lt;detail&gt;  If you have any  drug allergies &lt;/detail&gt;&lt;detail&gt;  If you have bleeding problems  &lt;/detail&gt;&lt;detail&gt;  What medicines you are taking (including any supplements or herbal remedies)  &lt;/detail&gt;&lt;text&gt;Your provider may ask you to:&lt;/text&gt;&lt;detail&gt;  Stop taking any blood thinners, such as aspirin, heparin, warfarin (Coumadin), or clopidogrel (Plavix) 5 to 10 days before the procedure  &lt;/detail&gt;&lt;detail&gt;  Not eat or drink anything after a certain period of time before the biopsy  &lt;/detail&gt;&lt;detail&gt;  Arrive at a certain time for the procedure  &lt;/detail&gt;&lt;text&gt;You must sign a consent form.&lt;/text&gt;</HowtoPreparefortheTest><WhytheTestisPerformed>&lt;text&gt;The test is used to diagnose cancer, sarcoidosis, or an infection (such as tuberculosis):&lt;/text&gt;&lt;detail&gt;  When you or your provider feel  swollen glands  and they do not go away  &lt;/detail&gt;&lt;detail&gt;  When lymph nodes are present on a  CT  or  MRI scan &lt;/detail&gt;&lt;detail&gt;  For some people with breast cancer or  melanoma , to see if the cancer has spread (sentinel lymph node biopsy)  &lt;/detail&gt;&lt;text&gt;The results of the biopsy help your provider decide on further tests and treatments.&lt;/text&gt;</WhytheTestisPerformed><NormalResults>&lt;text&gt;If a lymph node biopsy does not show any signs of cancer, it is more likely that other lymph nodes nearby are also cancer-free. This information can help the provider decide about further tests and treatments.&lt;/text&gt;</NormalResults><WhatAbnormalResultsMean>&lt;text&gt;Abnormal results may be due to many different conditions, from very mild infections to cancer.&lt;/text&gt;&lt;text&gt;For example, enlarged lymph nodes may be due to:&lt;/text&gt;&lt;detail&gt;   Cancers (breast, lung, oral)   &lt;/detail&gt;&lt;detail&gt;   HIV   &lt;/detail&gt;&lt;detail&gt;Cancer of the lymph tissue ( Hodgkin ) or  non-Hodgkin  lymphoma&lt;/detail&gt;&lt;detail&gt;Infection (tuberculosis,  cat scratch disease )&lt;/detail&gt;&lt;detail&gt;   Inflammation of lymph nodes and other organs and tissues ( sarcoidosis )&lt;/detail&gt;</WhatAbnormalResultsMean><AlternativeNames>&lt;detail&gt;Biopsy - lymph nodes&lt;/detail&gt;&lt;detail&gt; Open lymph node biopsy&lt;/detail&gt;&lt;detail&gt; Fine needle aspiration biopsy&lt;/detail&gt;&lt;detail&gt; Sentinel lymph node biopsy&lt;/detail&gt;</AlternativeNames><Images><value><img_name>Lymphatic system</img_name><img_url>https://medlineplus.gov/ency/images/ency/fullsize/1104.jpg</img_url></value><value><img_name>Lymph node metastases, CT scan</img_name><img_url>https://medlineplus.gov/ency/images/ency/fullsize/1184.jpg</img_url></value></Images></item>
<item><title>Luteinizing hormone (LH) blood test</title><url>https://medlineplus.gov/ency/article/003708.htm</url><HowtoPreparefortheTest>&lt;text&gt;Your health care provider will ask you to temporarily stop medicines that may affect the test results. Be sure to tell your provider about all the medicines you take. These include:&lt;/text&gt;&lt;detail&gt;Birth control pills&lt;/detail&gt;&lt;detail&gt;Hormone therapy&lt;/detail&gt;&lt;detail&gt;Testosterone&lt;/detail&gt;&lt;detail&gt;DHEA (a supplement)&lt;/detail&gt;&lt;text&gt;If you are a woman of childbearing age, the test may need to be done on a specific day of your menstrual cycle. Tell your provider if you have recently been exposed to radioisotopes, such as during a nuclear medicine test.&lt;/text&gt;</HowtoPreparefortheTest><WhytheTestisPerformed>&lt;text&gt;In women, an increase in LH level at mid-cycle causes release of eggs (ovulation). Your doctor will order this test to see if: &lt;/text&gt;&lt;detail&gt;You are ovulating, when you are having trouble getting pregnant or have periods that are not regular&lt;/detail&gt;&lt;detail&gt;You have reached menopause&lt;/detail&gt;&lt;text&gt;If you are a man, the test may be ordered if you have signs of infertility or lowered sex drive. The test may be ordered if you have signs of a  pituitary gland  problem.&lt;/text&gt;</WhytheTestisPerformed><NormalResults>&lt;text&gt;Normal results for adult women are:&lt;/text&gt;&lt;detail&gt;Before menopause - 5 to 25 IU/L&lt;/detail&gt;&lt;detail&gt;Level peaks even higher around the middle of the menstrual cycle&lt;/detail&gt;&lt;detail&gt;Level then becomes higher after menopause - 14.2 to 52.3 IU/L &lt;/detail&gt;&lt;text&gt;LH levels are normally low during childhood.&lt;/text&gt;&lt;text&gt;Normal result for men over 18 years of age is around 1.8 to 8.6 IU/L.&lt;/text&gt;&lt;text&gt;Normal value ranges may vary slightly among different laboratories. Some labs use different measurements or test different samples. Talk to your provider about the meaning of your specific test result.&lt;/text&gt;</NormalResults><WhatAbnormalResultsMean>&lt;text&gt;In women, a higher than normal level of LH is seen:&lt;/text&gt;&lt;detail&gt;When women of childbearing age are not ovulating&lt;/detail&gt;&lt;detail&gt;When there is an imbalance of female sex hormones (such as with  polycystic ovary syndrome )&lt;/detail&gt;&lt;detail&gt;During or after menopause&lt;/detail&gt;&lt;detail&gt; Turner syndrome  (rare genetic condition in which a female does not have the usual pair of 2 X chromosomes)&lt;/detail&gt;&lt;detail&gt;When the ovaries produce little or no hormones (ovarian hypofunction) &lt;/detail&gt;&lt;text&gt;In men, a higher than normal level of LH may be due to:&lt;/text&gt;&lt;detail&gt;Absence of testes or testes that do not function ( anorchia )&lt;/detail&gt;&lt;detail&gt;Problem with genes, such as  Klinefelter syndrome &lt;/detail&gt;&lt;detail&gt;Endocrine glands that are overactive or form a tumor ( multiple endocrine neoplasia ) &lt;/detail&gt;&lt;text&gt;In children, a higher than normal level is seen in early ( precocious ) puberty. &lt;/text&gt;&lt;text&gt;A lower than normal level of LH may be due to the pituitary gland not making enough hormone ( hypopituitarism ).&lt;/text&gt;</WhatAbnormalResultsMean><AlternativeNames>&lt;detail&gt;ICSH - blood test&lt;/detail&gt;&lt;detail&gt; Luteinizing hormone - blood test&lt;/detail&gt;&lt;detail&gt; Interstitial cell stimulating hormone - blood test&lt;/detail&gt;</AlternativeNames></item>
<item><title>Lung plethysmography</title><url>https://medlineplus.gov/ency/article/007289.htm</url><HowtoPreparefortheTest>&lt;text&gt;Let your doctor know if you are taking any medicines, especially ones for breathing problems. You may have to temporarily stop taking certain medicines before the test.&lt;/text&gt;&lt;text&gt;Wear loose clothes that allow you to breathe comfortably.&lt;/text&gt;&lt;text&gt;Avoid smoking and heavy exercise for 6 hours before the test.&lt;/text&gt;&lt;text&gt;Avoid heavy meals before the test. They can affect your ability to take deep breaths.&lt;/text&gt;</HowtoPreparefortheTest><WhytheTestisPerformed>&lt;text&gt;The test is done to see how much air you can hold in your lungs during rest. It helps your doctor determine if a lung problem is due to damage to the lung structure, or a loss of the lungs' ability to expand (get bigger as air flows in).&lt;/text&gt;&lt;text&gt;Although this test is the most accurate way to measure how much air you can hold in your lungs, it is not often used because of its technical difficulties.&lt;/text&gt;</WhytheTestisPerformed><NormalResults>&lt;text&gt;Normal results depend on your age, height, weight, ethnic background, and gender.&lt;/text&gt;</NormalResults><WhatAbnormalResultsMean>&lt;text&gt;Abnormal results point to a problem in the lungs. This problem can be due to a breakdown of the lung structure, a problem with the chest wall and its muscles, or a problem with the lungs being able to expand and contract. &lt;/text&gt;&lt;text&gt;Lung plethysmography will not find the cause of the problem. But it helps the doctor narrow down the list of possible problems.&lt;/text&gt;</WhatAbnormalResultsMean><AlternativeNames>&lt;detail&gt;Pulmonary plethysmography&lt;/detail&gt;&lt;detail&gt; Static lung volume determination&lt;/detail&gt;&lt;detail&gt; Whole-body plethysmography&lt;/detail&gt;</AlternativeNames></item>
<item><title>Lung PET scan</title><url>https://medlineplus.gov/ency/article/007342.htm</url><HowtoPreparefortheTest>&lt;text&gt;You may be asked not to eat anything for 4 to 6 hours before the scan. You will be able to drink water.&lt;/text&gt;&lt;text&gt;Tell your health care provider if:&lt;/text&gt;&lt;detail&gt;You are afraid of tight spaces (have claustrophobia). You may be given a medicine to help you relax and feel less anxious.&lt;/detail&gt;&lt;detail&gt;You are pregnant or think you might be pregnant.&lt;/detail&gt;&lt;detail&gt;You have any allergies to injected dye (contrast).&lt;/detail&gt;&lt;detail&gt;You take insulin for diabetes. You will need special preparation. &lt;/detail&gt;&lt;text&gt;Tell your provider about the medicines you are taking. These include ones bought without a prescription. Some medicines can interfere with the test results.&lt;/text&gt;</HowtoPreparefortheTest><WhytheTestisPerformed>&lt;text&gt;This test may be done to:&lt;/text&gt;&lt;detail&gt;Help look for lung cancer, when other imaging tests do not give a clear picture&lt;/detail&gt;&lt;detail&gt;See if lung cancer has spread to other areas of the lungs or body, when deciding on the best treatment&lt;/detail&gt;&lt;detail&gt;Help determine if a growth in the lungs (seen on a CT scan) is cancerous or not&lt;/detail&gt;&lt;detail&gt;Determine how well cancer treatment is working &lt;/detail&gt;</WhytheTestisPerformed><NormalResults>&lt;text&gt;A normal result means the scan did not show any problems in the size, shape, or function of the lungs.&lt;/text&gt;</NormalResults><WhatAbnormalResultsMean>&lt;text&gt;Abnormal results may be due to:&lt;/text&gt;&lt;detail&gt;  Lung cancer or cancer of another area of the body that has spread to the lungs&lt;/detail&gt;&lt;detail&gt;Infection&lt;/detail&gt;&lt;detail&gt;Inflammation of the lungs due to other causes&lt;/detail&gt;&lt;text&gt;Blood sugar or insulin level may affect the test results in people with diabetes.&lt;/text&gt;</WhatAbnormalResultsMean><AlternativeNames>&lt;detail&gt;Chest PET scan&lt;/detail&gt;&lt;detail&gt; Lung positron emission tomography&lt;/detail&gt;&lt;detail&gt; PET - chest&lt;/detail&gt;&lt;detail&gt; PET - lung&lt;/detail&gt;&lt;detail&gt; PET - tumor imaging&lt;/detail&gt;&lt;detail&gt; PET/CT - lung&lt;/detail&gt;&lt;detail&gt; Solitary pulmonary nodule - PET&lt;/detail&gt;</AlternativeNames></item>
<item><title>Lung gallium scan</title><url>https://medlineplus.gov/ency/article/003824.htm</url><HowtoPreparefortheTest>&lt;text&gt;Several hours to 1 day before the scan, you will get an injection of gallium at the place where the testing will be done.&lt;/text&gt;&lt;text&gt;Just before the scan, remove jewelry, dentures, or other metal objects that can affect the scan. Take off the clothing on the upper half of your body and put on a hospital gown.&lt;/text&gt;</HowtoPreparefortheTest><WhytheTestisPerformed>&lt;text&gt;This test is usually done when you have signs of inflammation in the lungs. This is most often due to  sarcoidosis  or a certain type of pneumonia.&lt;/text&gt;</WhytheTestisPerformed><NormalResults>&lt;text&gt;The lungs should appear of normal size and texture, and should take up very little gallium.&lt;/text&gt;</NormalResults><WhatAbnormalResultsMean>&lt;text&gt;If a large amount of gallium is seen in the lungs, it may mean any of the following problems:&lt;/text&gt;&lt;detail&gt;Sarcoidosis (disease in which inflammation occurs in the lungs and other tissues of the body)&lt;/detail&gt;&lt;detail&gt;Other respiratory infections, most often a type of pneumonia caused by the fungus  Pneumocystis jirovecii &lt;/detail&gt;</WhatAbnormalResultsMean><AlternativeNames>&lt;detail&gt;Gallium 67 lung scan&lt;/detail&gt;&lt;detail&gt; Lung scan&lt;/detail&gt;&lt;detail&gt; Gallium scan - lung&lt;/detail&gt;&lt;detail&gt; Scan - lung&lt;/detail&gt;</AlternativeNames><Images><value><img_name>Gallium injection</img_name><img_url>https://medlineplus.gov/ency/images/ency/fullsize/9595.jpg</img_url></value></Images></item>
<item><title>Lung diffusion testing</title><url>https://medlineplus.gov/ency/article/003854.htm</url><HowtoPreparefortheTest>&lt;text&gt;Before taking this test:&lt;/text&gt;&lt;detail&gt;Do not eat a heavy meal before the test.&lt;/detail&gt;&lt;detail&gt;Do not smoke for at least 4 to 6 hours before the test. &lt;/detail&gt;&lt;detail&gt;If you use a bronchodilator or other inhaled medicines, ask your health care provider whether or not you can use them before the test.&lt;/detail&gt;</HowtoPreparefortheTest><WhytheTestisPerformed>&lt;text&gt;The test is used to diagnose certain lung diseases, and to monitor the status of people with established lung disease. Repeatedly measuring the diffusing capacity can help determine whether the disease is improving or getting worse.&lt;/text&gt;</WhytheTestisPerformed><NormalResults>&lt;text&gt;Normal test results depend on a person's:&lt;/text&gt;&lt;detail&gt;   Age   &lt;/detail&gt;&lt;detail&gt;   Sex   &lt;/detail&gt;&lt;detail&gt;   Height   &lt;/detail&gt;&lt;detail&gt;Hemoglobin (the protein in red blood cells that carries oxygen) level&lt;/detail&gt;</NormalResults><WhatAbnormalResultsMean>&lt;text&gt;Abnormal results mean that gases do not move normally across the lung tissues into the blood vessels of the lung. This may be due to lung diseases such as:&lt;/text&gt;&lt;detail&gt; COPD &lt;/detail&gt;&lt;detail&gt; Interstitial fibrosis &lt;/detail&gt;&lt;detail&gt; Pulmonary embolism &lt;/detail&gt;&lt;detail&gt; Pulmonary hypertension &lt;/detail&gt;&lt;detail&gt; Sarcoidosis &lt;/detail&gt;&lt;detail&gt;Bleeding in the lung&lt;/detail&gt;&lt;detail&gt;Asthma&lt;/detail&gt;</WhatAbnormalResultsMean><AlternativeNames>&lt;detail&gt;Diffusing capacity&lt;/detail&gt;&lt;detail&gt; DLCO test&lt;/detail&gt;</AlternativeNames><Images><value><img_name>Lung diffusion testing</img_name><img_url>https://medlineplus.gov/ency/images/ency/fullsize/9598.jpg</img_url></value></Images></item>
<item><title>Lumbosacral spine x-ray</title><url>https://medlineplus.gov/ency/article/003807.htm</url><HowtoPreparefortheTest>&lt;text&gt;Tell the provider if you are pregnant. Take off all jewelry.&lt;/text&gt;</HowtoPreparefortheTest><WhytheTestisPerformed>&lt;text&gt;Often, the provider will treat a person with low back pain for 4 to 8 weeks before ordering an x-ray.&lt;/text&gt;&lt;text&gt;The most common reason for lumbosacral spine x-ray is to look for the cause of low back pain that:&lt;/text&gt;&lt;detail&gt;Occurs after injury&lt;/detail&gt;&lt;detail&gt;Is severe&lt;/detail&gt;&lt;detail&gt;Does not go away after 4 to 8 weeks&lt;/detail&gt;&lt;detail&gt;Is present in an older person &lt;/detail&gt;</WhytheTestisPerformed><WhatAbnormalResultsMean>&lt;text&gt;Lumbosacral spine x-rays may show:&lt;/text&gt;&lt;detail&gt;Abnormal curves of the spine&lt;/detail&gt;&lt;detail&gt;Abnormal wear on the cartilage and bones of the lower spine, such as bone spurs and narrowing of the joints between the vertebrae&lt;/detail&gt;&lt;detail&gt;Cancer (although cancer often cannot be seen on this type of x-ray)&lt;/detail&gt;&lt;detail&gt; Fractures &lt;/detail&gt;&lt;detail&gt;Signs of thinning bones ( osteoporosis )&lt;/detail&gt;&lt;detail&gt; Spondylolisthesis , in which a bone (vertebra) in the lower part of the spine slips out of the proper position onto the bone below it &lt;/detail&gt;&lt;text&gt;Though some of these findings may be seen on an x-ray, they are not always the cause of back pain. &lt;/text&gt;&lt;text&gt;Many problems in the spine cannot be diagnosed using a lumbosacral x-ray, including:&lt;/text&gt;&lt;detail&gt; Sciatica &lt;/detail&gt;&lt;detail&gt; Slipped or herniated disc &lt;/detail&gt;&lt;detail&gt; Spinal stenosis  - narrowing of the spinal column &lt;/detail&gt;</WhatAbnormalResultsMean><AlternativeNames>&lt;detail&gt;X-ray - lumbosacral spine&lt;/detail&gt;&lt;detail&gt; X-ray - lower spine&lt;/detail&gt;</AlternativeNames><Images><value><img_name>Skeletal spine</img_name><img_url>https://medlineplus.gov/ency/images/ency/fullsize/1116.jpg</img_url></value><value><img_name>Vertebra, lumbar (low back)</img_name><img_url>https://medlineplus.gov/ency/images/ency/fullsize/1773.jpg</img_url></value><value><img_name>Vertebra, thoracic (mid back)</img_name><img_url>https://medlineplus.gov/ency/images/ency/fullsize/1774.jpg</img_url></value><value><img_name>Vertebral column</img_name><img_url>https://medlineplus.gov/ency/images/ency/fullsize/1775.jpg</img_url></value><value><img_name>Sacrum</img_name><img_url>https://medlineplus.gov/ency/images/ency/fullsize/19464.jpg</img_url></value><value><img_name>Posterior spinal anatomy</img_name><img_url>https://medlineplus.gov/ency/images/ency/fullsize/9766.jpg</img_url></value></Images></item>
<item><title>Lumbosacral spine CT</title><url>https://medlineplus.gov/ency/article/003787.htm</url><HowtoPreparefortheTest>&lt;text&gt;You should remove all jewelry or other metal objects before the test. This is because they may cause inaccurate and blurry images.&lt;/text&gt;</HowtoPreparefortheTest><WhytheTestisPerformed>&lt;text&gt;CT rapidly creates detailed pictures of the body. A CT of the lumbosacral spine can evaluate fractures and changes of the spine, such as those due to arthritis or deformities.&lt;/text&gt;</WhytheTestisPerformed><WhatAbnormalResultsMean>&lt;text&gt;CT of the lumbosacral spine may reveal the following conditions or diseases:&lt;/text&gt;&lt;detail&gt; Cyst &lt;/detail&gt;&lt;detail&gt; Herniated disk &lt;/detail&gt;&lt;detail&gt;Infection&lt;/detail&gt;&lt;detail&gt;Cancer that has spread to the spine&lt;/detail&gt;&lt;detail&gt; Osteoarthritis &lt;/detail&gt;&lt;detail&gt; Osteomalacia  (softening of the bones)&lt;/detail&gt;&lt;detail&gt;Pinched nerve&lt;/detail&gt;&lt;detail&gt; Tumor &lt;/detail&gt;&lt;detail&gt;Vertebral  fracture  (broken spine bone)&lt;/detail&gt;</WhatAbnormalResultsMean><AlternativeNames>&lt;detail&gt;Spinal CT&lt;/detail&gt;&lt;detail&gt; CT - lumbosacral spine&lt;/detail&gt;&lt;detail&gt; Low back pain - CT&lt;/detail&gt;&lt;detail&gt; LBP - CT&lt;/detail&gt;</AlternativeNames><Images><value><img_name>CT scan</img_name><img_url>https://medlineplus.gov/ency/images/ency/fullsize/23213.jpg</img_url></value><value><img_name>Skeletal spine</img_name><img_url>https://medlineplus.gov/ency/images/ency/fullsize/1116.jpg</img_url></value><value><img_name>Vertebra, lumbar (low back)</img_name><img_url>https://medlineplus.gov/ency/images/ency/fullsize/1773.jpg</img_url></value><value><img_name>Vertebra, thoracic (mid back)</img_name><img_url>https://medlineplus.gov/ency/images/ency/fullsize/1774.jpg</img_url></value><value><img_name>Lumbar vertebrae</img_name><img_url>https://medlineplus.gov/ency/images/ency/fullsize/9538.jpg</img_url></value></Images></item>
<item><title>Lumbar spine CT scan</title><url>https://medlineplus.gov/ency/article/007350.htm</url><HowtoPreparefortheTest>&lt;text&gt;Some exams use a special dye, called contrast that is put into your body before the test starts. Contrast helps certain areas show up better on the x-rays.&lt;/text&gt;&lt;text&gt;Contrast can be given in different ways.&lt;/text&gt;&lt;detail&gt;It may be given through a vein (IV) in your hand or forearm.&lt;/detail&gt;&lt;detail&gt;It may be given as an injection into the space around the spinal cord. &lt;/detail&gt;&lt;text&gt;If contrast is used, you may also be asked not to eat or drink anything for 4 to 6 hours before the test.&lt;/text&gt;&lt;text&gt;Let your health care provider know if you have ever had a reaction to contrast. You may need to take medicines before the test in order to avoid this problem.&lt;/text&gt;&lt;text&gt;If you weigh more than 300 pounds (135 kilograms), find out if the CT machine has a weight limit. Too much weight can cause damage to the scanner's working parts.&lt;/text&gt;&lt;text&gt;You will be asked to remove jewelry and wear a hospital gown during the study.&lt;/text&gt;</HowtoPreparefortheTest><WhytheTestisPerformed>&lt;text&gt;CT scans rapidly makes detailed pictures of the lower back. The test may be used to look for:&lt;/text&gt;&lt;detail&gt;Birth defects of the spine in children&lt;/detail&gt;&lt;detail&gt;Injury in the lower spine&lt;/detail&gt;&lt;detail&gt;Spine problems when MRI cannot be used&lt;/detail&gt;&lt;detail&gt;Healing problems or scar tissue following surgery &lt;/detail&gt;&lt;text&gt;This test can also be used during or after an x-ray of the spinal cord and spinal nerve roots (myelography) or an x-ray of the disk (discography).&lt;/text&gt;</WhytheTestisPerformed><NormalResults>&lt;text&gt;Results are considered normal if no problems are seen in the lumbar region in the images.&lt;/text&gt;</NormalResults><WhatAbnormalResultsMean>&lt;text&gt;Abnormal results may be due to:&lt;/text&gt;&lt;detail&gt;Birth defects of the spine&lt;/detail&gt;&lt;detail&gt;Bone problems&lt;/detail&gt;&lt;detail&gt;Fracture&lt;/detail&gt;&lt;detail&gt; Lumbar disk herniation &lt;/detail&gt;&lt;detail&gt;Lumbar  spinal stenosis &lt;/detail&gt;&lt;detail&gt; Spondylolisthesis &lt;/detail&gt;&lt;detail&gt;Healing or growth of scar tissue after surgery&lt;/detail&gt;</WhatAbnormalResultsMean><AlternativeNames>&lt;detail&gt;CAT scan - lumbar spine&lt;/detail&gt;&lt;detail&gt; Computed axial tomography scan - lumbar spine&lt;/detail&gt;&lt;detail&gt; Computed tomography scan - lumbar spine&lt;/detail&gt;&lt;detail&gt; CT - lower back&lt;/detail&gt;</AlternativeNames></item>
<item><title>Lumbar MRI scan</title><url>https://medlineplus.gov/ency/article/007352.htm</url><HowtoPreparefortheTest>&lt;text&gt;You may be asked not to eat or drink anything for 4 to 6 hours before the scan.&lt;/text&gt;&lt;text&gt;Tell your health care provider if you are afraid of closed spaces (have claustrophobia). You may be given a medicine to help you feel sleepy and less anxious. Your provider may suggest an "open" MRI, in which the machine is not as close to the body.&lt;/text&gt;&lt;text&gt;Before the test, tell your provider if you have:&lt;/text&gt;&lt;detail&gt;Brain aneurysm clips&lt;/detail&gt;&lt;detail&gt;Certain types of artificial heart valves&lt;/detail&gt;&lt;detail&gt;Heart defibrillator or pacemaker&lt;/detail&gt;&lt;detail&gt;Inner ear (cochlear) implants&lt;/detail&gt;&lt;detail&gt;Kidney disease or dialysis (you may not be able to receive contrast)&lt;/detail&gt;&lt;detail&gt;Recently placed artificial joints&lt;/detail&gt;&lt;detail&gt;Certain types of vascular  stents &lt;/detail&gt;&lt;detail&gt;Worked with sheet metal in the past (you may need tests to check for metal pieces in your eyes) &lt;/detail&gt;&lt;text&gt;Because the MRI contains strong magnets, metal objects are not allowed into the room with the MRI scanner:&lt;/text&gt;&lt;detail&gt;Pens, pocketknives, and eyeglasses may fly across the room.&lt;/detail&gt;&lt;detail&gt;Items such as jewelry, watches, credit cards, and hearing aids can be damaged.&lt;/detail&gt;&lt;detail&gt;Pins, hairpins, metal zippers, and similar metallic items can distort the images.&lt;/detail&gt;&lt;detail&gt;Removable dental work should be taken out just before the scan. &lt;/detail&gt;</HowtoPreparefortheTest><WhytheTestisPerformed>&lt;text&gt;You may need a lumbar MRI if you have:&lt;/text&gt;&lt;detail&gt;Low back or pelvic pain that does not get better after treatment&lt;/detail&gt;&lt;detail&gt;Leg weakness, numbness, or other symptoms that do not improve or get worse &lt;/detail&gt;&lt;text&gt;Your provider may also order a lumbar MRI if you have:&lt;/text&gt;&lt;detail&gt;Back pain and fever&lt;/detail&gt;&lt;detail&gt;Birth defects of the lower spine&lt;/detail&gt;&lt;detail&gt;Injury or trauma to the lower spine&lt;/detail&gt;&lt;detail&gt;Low back pain and a history or signs of cancer&lt;/detail&gt;&lt;detail&gt; Multiple sclerosis &lt;/detail&gt;&lt;detail&gt;Problems controlling or emptying your bladder&lt;/detail&gt;&lt;detail&gt;Disk herniation&lt;/detail&gt;</WhytheTestisPerformed><NormalResults>&lt;text&gt;A normal result means your spine and nearby nerves look OK.&lt;/text&gt;</NormalResults><WhatAbnormalResultsMean>&lt;text&gt;Most of the time, abnormal results are due to:&lt;/text&gt;&lt;detail&gt;Herniated or "slipped" disk ( lumbar radiculopathy )&lt;/detail&gt;&lt;detail&gt;Narrowing of the spinal column ( spinal stenosis )&lt;/detail&gt;&lt;detail&gt;Abnormal wearing on the bones and cartilage in the spine (spondylitis) &lt;/detail&gt;&lt;text&gt;Other abnormal results may be due to:&lt;/text&gt;&lt;detail&gt; Ankylosing spondylitis , a type of arthritis&lt;/detail&gt;&lt;detail&gt; Bone infection &lt;/detail&gt;&lt;detail&gt;Cauda equina syndrome&lt;/detail&gt;&lt;detail&gt; Fractures of the lower back  due to osteoporosis&lt;/detail&gt;&lt;detail&gt;Disk inflammation ( diskitis )&lt;/detail&gt;&lt;detail&gt; Spinal cord abscess &lt;/detail&gt;&lt;detail&gt; Spinal cord injury &lt;/detail&gt;&lt;detail&gt; Spinal tumor &lt;/detail&gt;&lt;detail&gt;Syringomyelia &lt;/detail&gt;&lt;text&gt;Talk to your provider about your questions and concerns.&lt;/text&gt;</WhatAbnormalResultsMean><AlternativeNames>&lt;detail&gt;Magnetic resonance imaging - lumbar spine&lt;/detail&gt;&lt;detail&gt; MRI - lower back&lt;/detail&gt;</AlternativeNames></item>
<item><title>Liver scan</title><url>https://medlineplus.gov/ency/article/003825.htm</url><HowtoPreparefortheTest>&lt;text&gt;You must sign a consent form. You will be asked to remove jewelry, dentures, and other metals that can affect the scanner's functions.&lt;/text&gt;&lt;text&gt;You may need to wear a hospital gown.&lt;/text&gt;</HowtoPreparefortheTest><WhytheTestisPerformed>&lt;text&gt;The test can provide information about liver and spleen function. It is also used to help confirm other test results.&lt;/text&gt;&lt;text&gt;The most common use for a liver scan is to diagnose a condition called benign focal nodular hyperplasia, or FNH, which causes a non-cancerous mass in the liver. &lt;/text&gt;</WhytheTestisPerformed><NormalResults>&lt;text&gt;The liver and spleen should look normal in size, shape, and location. The radioisotope is absorbed evenly.&lt;/text&gt;</NormalResults><WhatAbnormalResultsMean>&lt;text&gt;Abnormal results may indicate:&lt;/text&gt;&lt;detail&gt;Focal nodular hyperplasia or adenoma of the liver&lt;/detail&gt;&lt;detail&gt; Abscess &lt;/detail&gt;&lt;detail&gt; Budd-Chiari syndrome &lt;/detail&gt;&lt;detail&gt;Infection&lt;/detail&gt;&lt;detail&gt; Liver disease  (such as  cirrhosis  or  hepatitis )&lt;/detail&gt;&lt;detail&gt; Superior vena cava obstruction &lt;/detail&gt;&lt;detail&gt; Splenic infarction  (tissue death)&lt;/detail&gt;&lt;detail&gt;Tumors &lt;/detail&gt;</WhatAbnormalResultsMean><AlternativeNames>&lt;detail&gt;Technetium scan&lt;/detail&gt;&lt;detail&gt; Liver technetium sulfur colloid scan&lt;/detail&gt;&lt;detail&gt; Liver-spleen radionuclide scan&lt;/detail&gt;&lt;detail&gt; Nuclear scan - technetium&lt;/detail&gt;&lt;detail&gt; Nuclear scan - liver or spleen&lt;/detail&gt;</AlternativeNames><Images><value><img_name>Liver scan</img_name><img_url>https://medlineplus.gov/ency/images/ency/fullsize/9534.jpg</img_url></value></Images></item>
<item><title>Liver biopsy</title><url>https://medlineplus.gov/ency/article/003895.htm</url><HowtoPreparefortheTest>&lt;text&gt;Tell your provider about:&lt;/text&gt;&lt;detail&gt;Bleeding problems&lt;/detail&gt;&lt;detail&gt;Drug allergies&lt;/detail&gt;&lt;detail&gt;Medicines you are taking including herbs, supplements, or medicines you bought without a prescription.&lt;/detail&gt;&lt;detail&gt;Whether you are pregnant &lt;/detail&gt;&lt;text&gt;You must sign a consent form. Blood tests are sometimes done to test your blood's ability to clot. You will be told not to eat or drink anything for the 8 hours before the test.&lt;/text&gt;&lt;text&gt;For infants and children:&lt;/text&gt;&lt;text&gt;The preparation needed for a child depends on the child's age and maturity. Your child's provider will tell you what you can do to prepare your child for this test.&lt;/text&gt;</HowtoPreparefortheTest><WhytheTestisPerformed>&lt;text&gt;The biopsy helps diagnose many  liver diseases . The procedure also helps assess the stage (early, advanced) of liver disease. This is especially important in hepatitis B and C infection.&lt;/text&gt;&lt;text&gt;The biopsy also helps detect:&lt;/text&gt;&lt;detail&gt;Cancer&lt;/detail&gt;&lt;detail&gt;Infections&lt;/detail&gt;&lt;detail&gt;The cause of abnormal levels of liver enzymes that have been found in blood tests&lt;/detail&gt;&lt;detail&gt;The cause of an unexplained liver enlargement &lt;/detail&gt;</WhytheTestisPerformed><NormalResults>&lt;text&gt;The liver tissue is normal.&lt;/text&gt;</NormalResults><WhatAbnormalResultsMean>&lt;text&gt;The biopsy may reveal a number of liver diseases, including  cirrhosis ,  hepatitis , or infections such as  tuberculosis . It may also indicate cancer.&lt;/text&gt;&lt;text&gt;This test also may be performed for:&lt;/text&gt;&lt;detail&gt; Alcoholic liver disease  (fatty liver, hepatitis, or cirrhosis)&lt;/detail&gt;&lt;detail&gt; Amebic liver abscess &lt;/detail&gt;&lt;detail&gt; Autoimmune hepatitis &lt;/detail&gt;&lt;detail&gt; Biliary atresia &lt;/detail&gt;&lt;detail&gt;Chronic active hepatitis&lt;/detail&gt;&lt;detail&gt;Chronic persistent hepatitis&lt;/detail&gt;&lt;detail&gt; Disseminated coccidioidomycosis &lt;/detail&gt;&lt;detail&gt; Hemochromatosis &lt;/detail&gt;&lt;detail&gt; Hepatitis B &lt;/detail&gt;&lt;detail&gt; Hepatitis C &lt;/detail&gt;&lt;detail&gt; Hepatitis D &lt;/detail&gt;&lt;detail&gt; Hepatocellular carcinoma &lt;/detail&gt;&lt;detail&gt; Hodgkin lymphoma &lt;/detail&gt;&lt;detail&gt;Non-alcoholic fatty liver disease&lt;/detail&gt;&lt;detail&gt; Non-Hodgkin lymphoma &lt;/detail&gt;&lt;detail&gt; Primary biliary cirrhosis &lt;/detail&gt;&lt;detail&gt;Primary biliary cholangitis&lt;/detail&gt;&lt;detail&gt; Pyogenic liver abscess &lt;/detail&gt;&lt;detail&gt; Reye syndrome &lt;/detail&gt;&lt;detail&gt; Sclerosing cholangitis &lt;/detail&gt;&lt;detail&gt; Wilson disease &lt;/detail&gt;</WhatAbnormalResultsMean><AlternativeNames>&lt;detail&gt;Biopsy - liver&lt;/detail&gt;&lt;detail&gt; Percutaneous biopsy&lt;/detail&gt;</AlternativeNames><Images><value><img_name>Liver biopsy</img_name><img_url>https://medlineplus.gov/ency/images/ency/fullsize/1102.jpg</img_url></value></Images></item>
<item><title>Lipoprotein-a</title><url>https://medlineplus.gov/ency/article/007262.htm</url><HowtoPreparefortheTest>&lt;text&gt;You will be asked not to eat anything for 12 hours before the test.&lt;/text&gt;&lt;text&gt;DO NOT smoke before the test.&lt;/text&gt;</HowtoPreparefortheTest><WhytheTestisPerformed>&lt;text&gt;High levels of lipoproteins can increase the risk for heart disease. The test is done to check your risk for  atherosclerosis , stroke, and heart attack.&lt;/text&gt;&lt;text&gt;It is not yet clear if this measurement leads to improved benefits for patients. Therefore, many insurance companies DO NOT pay for it. &lt;/text&gt;&lt;text&gt;The American Heart Association and American College of Cardiology DO NOT recommend the test for most adults who DO NOT have symptoms. It may be useful for people at higher risk because of a strong family history of cardiovascular disease.&lt;/text&gt;</WhytheTestisPerformed><NormalResults>&lt;text&gt;Normal values are below 30 mg/dL (milligrams per deciliter), or 1.7 mmol/L.&lt;/text&gt;&lt;text&gt;Note: Normal value ranges may vary slightly among different laboratories. Talk to your doctor about the meaning of your specific test results.&lt;/text&gt;&lt;text&gt;The example above shows the common measurements for results of these tests. Some laboratories use different measurements or may test different specimens.&lt;/text&gt;</NormalResults><WhatAbnormalResultsMean>&lt;text&gt;Higher than normal values of Lp(a) are associated with a high risk for atherosclerosis, stroke, and heart attack.&lt;/text&gt;</WhatAbnormalResultsMean><AlternativeNames>&lt;detail&gt;Lp(a)&lt;/detail&gt;</AlternativeNames></item>
<item><title>Lipase test</title><url>https://medlineplus.gov/ency/article/003465.htm</url><HowtoPreparefortheTest>&lt;text&gt;DO NOT eat for 8 hours before the test.&lt;/text&gt;&lt;text&gt;Your health care provider may ask you to stop taking medicines that may affect the test, such as:&lt;/text&gt;&lt;detail&gt;Bethanechol&lt;/detail&gt;&lt;detail&gt;Birth control pills&lt;/detail&gt;&lt;detail&gt;Cholinergic medicines&lt;/detail&gt;&lt;detail&gt;Codeine&lt;/detail&gt;&lt;detail&gt;Indomethacin&lt;/detail&gt;&lt;detail&gt;Meperidine&lt;/detail&gt;&lt;detail&gt;Methacholine&lt;/detail&gt;&lt;detail&gt;Morphine&lt;/detail&gt;&lt;detail&gt;Thiazide diuretics&lt;/detail&gt;</HowtoPreparefortheTest><WhytheTestisPerformed>&lt;text&gt;This test is done to check for disease of the pancreas, most often  acute pancreatitis .&lt;/text&gt;&lt;text&gt;Lipase appears in the blood when the pancreas is damaged.&lt;/text&gt;</WhytheTestisPerformed><NormalResults>&lt;text&gt;In general, normal results are 0 to 160 units per liter (U/L) or 0 to 2.67 microkat/L (µkat/L).&lt;/text&gt;&lt;text&gt;Normal value ranges may vary slightly among different laboratories. Talk to your provider about the meaning of your test results.&lt;/text&gt;&lt;text&gt;Some laboratories use different measurements or may test different specimens.&lt;/text&gt;</NormalResults><WhatAbnormalResultsMean>&lt;text&gt;Higher-than-normal levels may be due to:&lt;/text&gt;&lt;detail&gt; Blockage of the bowel  (bowel obstruction)&lt;/detail&gt;&lt;detail&gt;Celiac disease&lt;/detail&gt;&lt;detail&gt; Duodenal ulcer &lt;/detail&gt;&lt;detail&gt; Cancer  of the pancreas&lt;/detail&gt;&lt;detail&gt; Pancreatitis &lt;/detail&gt;&lt;detail&gt;Pancreatic pseudocyst&lt;/detail&gt;&lt;text&gt;This test may also be done for  familial lipoprotein lipase deficiency .&lt;/text&gt;</WhatAbnormalResultsMean><AlternativeNames>&lt;detail&gt;Pancreatitis - blood lipase&lt;/detail&gt;</AlternativeNames><Images><value><img_name>Blood test</img_name><img_url>https://medlineplus.gov/ency/images/ency/fullsize/10026.jpg</img_url></value></Images></item>
<item><title>Limb plethysmography</title><url>https://medlineplus.gov/ency/article/007288.htm</url><HowtoPreparefortheTest>&lt;text&gt;Do not smoke for at least 30 minutes before the test. You will be asked to remove all clothing from the arm and leg being tested.&lt;/text&gt;</HowtoPreparefortheTest><WhytheTestisPerformed>&lt;text&gt;This test is most often done to check for narrowing or blockages of blood vessels (arteries) in the arms or legs. &lt;/text&gt;</WhytheTestisPerformed><NormalResults>&lt;text&gt;There should be less than a 20 to 30 mm Hg difference in the systolic blood pressure of the leg compared with that of the arm.&lt;/text&gt;</NormalResults><WhatAbnormalResultsMean>&lt;text&gt;Abnormal results may be due to:&lt;/text&gt;&lt;detail&gt; Arterial occlusive disease &lt;/detail&gt;&lt;detail&gt; Blood clots &lt;/detail&gt;&lt;detail&gt;Blood vessel changes due to diabetes&lt;/detail&gt;&lt;detail&gt;Injury to an artery&lt;/detail&gt;&lt;detail&gt;Other blood vessel disease (vascular disease)&lt;/detail&gt;&lt;text&gt;Other conditions for which the test may be performed:&lt;/text&gt;&lt;detail&gt; Deep venous thrombosis &lt;/detail&gt;&lt;text&gt;If you have an abnormal result, you may need to have more testing to find the exact site of the narrowing.&lt;/text&gt;</WhatAbnormalResultsMean><AlternativeNames>&lt;detail&gt;Plethysmography - limb&lt;/detail&gt;</AlternativeNames></item>
<item><title>LH response to GnRH blood test</title><url>https://medlineplus.gov/ency/article/003709.htm</url><HowtoPreparefortheTest>&lt;text&gt;No special preparation is necessary.&lt;/text&gt;</HowtoPreparefortheTest><WhytheTestisPerformed>&lt;text&gt;GnRH is a hormone made by the hypothalamus gland. LH is made by the pituitary gland. GnRH causes (stimulates) the pituitary gland to release LH.&lt;/text&gt;&lt;text&gt;This test is used to tell the difference between primary and secondary  hypogonadism . Hypogonadism is a condition in which the sex glands make little or no hormones. In men, the sex glands (gonads) are the testes. In women, the sex glands are the ovaries.&lt;/text&gt;&lt;text&gt;Depending on the type of hypogonadism:&lt;/text&gt;&lt;detail&gt;Primary hypogonadism starts in the testicle or ovary&lt;/detail&gt;&lt;detail&gt;Secondary hypogonadism starts in the hypothalamus or pituitary gland&lt;/detail&gt;&lt;text&gt;This test may also be done to check:&lt;/text&gt;&lt;detail&gt;Low  testosterone  level in men&lt;/detail&gt;&lt;detail&gt;Low  estradiol  level in women&lt;/detail&gt;</WhytheTestisPerformed><NormalResults>&lt;text&gt;Normal value ranges may vary slightly among different laboratories. Some labs use different measurements or test different samples. Talk to your provider about the meaning of your specific test results.&lt;/text&gt;</NormalResults><WhatAbnormalResultsMean>&lt;text&gt;An increased LH response suggests a problem in the ovaries or testes.&lt;/text&gt;&lt;text&gt;A reduced LH response suggests a problem with the hypothalamus gland or pituitary gland.&lt;/text&gt;&lt;text&gt;Abnormal results may also be due to:&lt;/text&gt;&lt;detail&gt;Pituitary gland problems, such as release of too much hormone ( hyperprolactinemia ) &lt;/detail&gt;&lt;detail&gt;Large  pituitary tumors &lt;/detail&gt;&lt;detail&gt;Decrease in hormones made by the  endocrine glands &lt;/detail&gt;&lt;detail&gt;Too much iron in the body ( hemochromatosis )  &lt;/detail&gt;&lt;detail&gt;Eating disorders, such as  anorexia &lt;/detail&gt;&lt;detail&gt;Recent significant weight loss, such as after bariatric surgery  &lt;/detail&gt;&lt;detail&gt;Delayed or absent puberty (Kallmann syndrome)  &lt;/detail&gt;&lt;detail&gt;Lack of periods in women ( amenorrhea )  &lt;/detail&gt;&lt;detail&gt;Obesity  &lt;/detail&gt;</WhatAbnormalResultsMean><AlternativeNames>&lt;detail&gt;Luteinizing hormone response to gonadotropin-releasing hormone&lt;/detail&gt;</AlternativeNames></item>
<item><title>Leukocyte esterase urine test</title><url>https://medlineplus.gov/ency/article/003584.htm</url><HowtoPreparefortheTest>&lt;text&gt;No special steps are needed to prepare for this test.&lt;/text&gt;</HowtoPreparefortheTest><WhytheTestisPerformed>&lt;text&gt;Leukocyte esterase is a screening test used to detect a substance that suggests there are white blood cells in the urine. This may mean you have a  urinary tract infection .&lt;/text&gt;&lt;text&gt;If this test is positive, the urine should be examined under a microscope for white blood cells and other signs that point to an infection.&lt;/text&gt;</WhytheTestisPerformed><NormalResults>&lt;text&gt;A negative test result is normal.&lt;/text&gt;&lt;text&gt;The examples above are common measurements for results of these tests. Normal value ranges may vary slightly among different laboratories. Some labs use different measurements or test different samples. Talk to your doctor about the meaning of your specific test results.&lt;/text&gt;</NormalResults><WhatAbnormalResultsMean>&lt;text&gt;An abnormal result indicates a possible urinary tract infection.&lt;/text&gt;&lt;text&gt;The following may turn the test abnormal even when you do not have a urinary infection:&lt;/text&gt;&lt;detail&gt;Trichomonas infection (such as trichomoniasis)&lt;/detail&gt;&lt;detail&gt;Vaginal secretions (such as blood or heavy mucus discharge)&lt;/detail&gt;&lt;text&gt;The following may turn the test even when you do have an urinary infection:&lt;/text&gt;&lt;detail&gt;High level of protein&lt;/detail&gt;&lt;detail&gt;High level of vitamin C&lt;/detail&gt;</WhatAbnormalResultsMean><AlternativeNames>&lt;detail&gt;WBC esterase&lt;/detail&gt;</AlternativeNames><Images><value><img_name>Male urinary system</img_name><img_url>https://medlineplus.gov/ency/images/ency/fullsize/10022.jpg</img_url></value></Images></item>
<item><title>Leucine aminopeptidase blood test</title><url>https://medlineplus.gov/ency/article/003559.htm</url><HowtoPreparefortheTest>&lt;text&gt;You need to fast for 8 hours before the test. This means you can't eat or drink anything during the 8 hours.&lt;/text&gt;</HowtoPreparefortheTest><WhytheTestisPerformed>&lt;text&gt;LAP is a type of protein called an enzyme. This enzyme is normally found in cells of the liver , bile, blood, urine and the placenta.&lt;/text&gt;&lt;text&gt;Your health care provider may order this test to check if your liver is damaged. Too much LAP is released into your blood when you have a liver tumor or damage to your liver cells.&lt;/text&gt;&lt;text&gt;This test is not done very often. Other tests, such as  gamma-glutamyl transferase , are as accurate and easier to get.&lt;/text&gt;</WhytheTestisPerformed><NormalResults>&lt;text&gt;Normal range is:&lt;/text&gt;&lt;detail&gt;Male: 80 to 200 U/mL&lt;/detail&gt;&lt;detail&gt;Female: 75 to 185 U/mL&lt;/detail&gt;&lt;text&gt;Normal value ranges may vary slightly. Some labs use different measurements or may test different samples. Talk to your provider about the meaning of your specific test results. &lt;/text&gt;</NormalResults><WhatAbnormalResultsMean>&lt;text&gt;An abnormal result may be a sign of:&lt;/text&gt;&lt;detail&gt;Bile flow from the liver is blocked ( cholestasis )&lt;/detail&gt;&lt;detail&gt; Cirrhosis &lt;/detail&gt;&lt;detail&gt; Hepatitis &lt;/detail&gt;&lt;detail&gt;Liver cancer&lt;/detail&gt;&lt;detail&gt;Liver ischemia (reduced blood flow to the liver)&lt;/detail&gt;&lt;detail&gt;Liver  necrosis  (death of liver tissue)&lt;/detail&gt;&lt;detail&gt; Liver tumor &lt;/detail&gt;&lt;detail&gt;Use of drugs that are toxic to the liver &lt;/detail&gt;</WhatAbnormalResultsMean><AlternativeNames>&lt;detail&gt;Serum leucine aminopeptidase&lt;/detail&gt;&lt;detail&gt; LAP - serum&lt;/detail&gt;</AlternativeNames><Images><value><img_name>Blood test</img_name><img_url>https://medlineplus.gov/ency/images/ency/fullsize/10026.jpg</img_url></value></Images></item>
<item><title>Leucine aminopeptidase - urine</title><url>https://medlineplus.gov/ency/article/003617.htm</url><HowtoPreparefortheTest>&lt;text&gt;Your provider may tell you to stop taking any medicines that could affect the test. Drugs that can affect the results of this test include estrogen and progesterone. Never stop taking any medicine without first talking to your provider.&lt;/text&gt;</HowtoPreparefortheTest><WhytheTestisPerformed>&lt;text&gt;You may need this test to see if there is liver damage. It may also be done to check for certain tumors.&lt;/text&gt;&lt;text&gt;This test is only rarely done. Other tests (such as gamma glutamyl transpeptidase) are as accurate and are more easily available.&lt;/text&gt;</WhytheTestisPerformed><NormalResults>&lt;text&gt;Normal values range from 2 to 18 units per 24 hours.&lt;/text&gt;&lt;text&gt;Note: Normal value ranges may vary slightly among different laboratories. Talk to your provider about the meaning of your specific test results.&lt;/text&gt;&lt;text&gt;The examples above show the common measurements for results for these tests. Some laboratories use different measurements or may test different specimens.&lt;/text&gt;</NormalResults><WhatAbnormalResultsMean>&lt;text&gt;Increased levels of leucine aminopeptidase can be seen in several conditions:&lt;/text&gt;&lt;detail&gt; Cholestasis &lt;/detail&gt;&lt;detail&gt; Cirrhosis &lt;/detail&gt;&lt;detail&gt; Hepatitis &lt;/detail&gt;&lt;detail&gt;Liver cancer&lt;/detail&gt;&lt;detail&gt;Liver ischemia (reduced blood flow to the liver)&lt;/detail&gt;&lt;detail&gt;Liver  necrosis  (death of live tissue)&lt;/detail&gt;&lt;detail&gt; Liver tumor &lt;/detail&gt;&lt;detail&gt;Pregnancy (late stage)&lt;/detail&gt;</WhatAbnormalResultsMean><Images><value><img_name>Cirrhosis of the liver</img_name><img_url>https://medlineplus.gov/ency/images/ency/fullsize/8849.jpg</img_url></value><value><img_name>Leucine aminopeptidase urine test</img_name><img_url>https://medlineplus.gov/ency/images/ency/fullsize/9501.jpg</img_url></value></Images></item>
<item><title>Lepromin skin test</title><url>https://medlineplus.gov/ency/article/003383.htm</url><HowtoPreparefortheTest>&lt;text&gt;People with  dermatitis  or other skin irritations should have the test performed on an unaffected part of the body.&lt;/text&gt;&lt;text&gt;If your child is to have this test performed, it may be helpful to explain how the test will feel, and even demonstrate on a doll. Explain the reason for the test. Knowing the "how and why" may reduce the anxiety your child feels.&lt;/text&gt;</HowtoPreparefortheTest><WhytheTestisPerformed>&lt;text&gt; Leprosy  is a long-term ( chronic ) and potentially disfiguring infection if left untreated. It is caused by Mycobacterium leprae bacteria.&lt;/text&gt;&lt;text&gt;This test is a research tool that helps classify the different types of leprosy. It is not recommended as the main method to diagnose leprosy.&lt;/text&gt;</WhytheTestisPerformed><NormalResults>&lt;text&gt;People who don't have leprosy will have little or no skin reaction to the antigen. People with a particular type of leprosy, called lepromatous leprosy, will also have no skin reaction to the antigen.&lt;/text&gt;</NormalResults><WhatAbnormalResultsMean>&lt;text&gt;A positive skin reaction may be seen in people with specific forms of leprosy, such as tuberculoid and borderline tuberculoid leprosy. People with lepromatous leprosy will not have a positive skin reaction.&lt;/text&gt;</WhatAbnormalResultsMean><AlternativeNames>&lt;detail&gt;Leprosy skin test&lt;/detail&gt;&lt;detail&gt; Hansen disease - skin test&lt;/detail&gt;</AlternativeNames><Images><value><img_name>Antigen injection</img_name><img_url>https://medlineplus.gov/ency/images/ency/fullsize/8788.jpg</img_url></value></Images></item>
<item><title>Leg MRI scan</title><url>https://medlineplus.gov/ency/article/007357.htm</url><HowtoPreparefortheTest>&lt;text&gt;You may be asked not to eat or drink anything for 4 to 6 hours before the scan.&lt;/text&gt;&lt;text&gt;Tell your health care provider if you are afraid of closed spaces (have claustrophobia). You may be given a medicine to help you feel sleepy and less anxious. Your provider may suggest an "open" MRI, in which the machine is not as close to the body.&lt;/text&gt;&lt;text&gt;Before the test, tell your provider if you have:&lt;/text&gt;&lt;detail&gt;Brain aneurysm clips&lt;/detail&gt;&lt;detail&gt;Certain types of artificial heart valves&lt;/detail&gt;&lt;detail&gt;Heart defibrillator or pacemaker&lt;/detail&gt;&lt;detail&gt;Inner ear (cochlear) implants&lt;/detail&gt;&lt;detail&gt;Kidney disease or dialysis (you may not be able to receive contrast)&lt;/detail&gt;&lt;detail&gt;Recently placed artificial joints&lt;/detail&gt;&lt;detail&gt;Certain types of vascular  stents &lt;/detail&gt;&lt;detail&gt;Worked with sheet metal (you may need tests to check for metal pieces in your eyes) &lt;/detail&gt;&lt;text&gt;Because the MRI contains strong magnets, metal objects are not allowed into the room with the MRI scanner:&lt;/text&gt;&lt;detail&gt;Pens, pocketknives, and eyeglasses may fly across the room.&lt;/detail&gt;&lt;detail&gt;Items such as jewelry, watches, credit cards, and hearing aids can be damaged.&lt;/detail&gt;&lt;detail&gt;Pins, hairpins, metal zippers, and similar metallic items can distort the images.&lt;/detail&gt;&lt;detail&gt;Removable dental work should be taken out just before the scan. &lt;/detail&gt;</HowtoPreparefortheTest><WhytheTestisPerformed>&lt;text&gt;This test provides detailed pictures of parts of the leg that are hard to see clearly on CT scans.&lt;/text&gt;&lt;text&gt;Your provider may order an MRI of the leg if you have:&lt;/text&gt;&lt;detail&gt;A mass that can be felt on a physical exam&lt;/detail&gt;&lt;detail&gt;An abnormal finding on an x-ray or bone scan&lt;/detail&gt;&lt;detail&gt;Birth defects of the leg, ankle, or foot&lt;/detail&gt;&lt;detail&gt;Bone pain and fever&lt;/detail&gt;&lt;detail&gt;Broken bone&lt;/detail&gt;&lt;detail&gt;Decreased motion of the ankle joint&lt;/detail&gt;&lt;detail&gt;Pain, swelling, or redness in a leg&lt;/detail&gt;&lt;detail&gt;Redness or swelling of the ankle joint&lt;/detail&gt;&lt;detail&gt;Leg pain and a history of cancer&lt;/detail&gt;&lt;detail&gt;Leg, foot, or ankle pain that does not get better with treatment&lt;/detail&gt;&lt;detail&gt;Instability of your ankle and foot&lt;/detail&gt;</WhytheTestisPerformed><NormalResults>&lt;text&gt;A normal result means your leg looks OK.&lt;/text&gt;</NormalResults><WhatAbnormalResultsMean>&lt;text&gt;Abnormal results may be due to:&lt;/text&gt;&lt;detail&gt;Abscess&lt;/detail&gt;&lt;detail&gt; Achilles tendonitis &lt;/detail&gt;&lt;detail&gt;Arthritis&lt;/detail&gt;&lt;detail&gt;Broken bone or fracture&lt;/detail&gt;&lt;detail&gt;Infection in the bone&lt;/detail&gt;&lt;detail&gt;Ligament, tendon, or cartilage injury&lt;/detail&gt;&lt;detail&gt;Muscle damage&lt;/detail&gt;&lt;detail&gt;Osteonecrosis (avascular necrosis)&lt;/detail&gt;&lt;detail&gt;Plantar fascia rupture (See:  Plantar fascitis )&lt;/detail&gt;&lt;detail&gt;Posterior tibial tendon dysfunction&lt;/detail&gt;&lt;detail&gt;Tear or rupture of the Achilles tendon in the ankle area&lt;/detail&gt;&lt;detail&gt;Tumor or cancer in the bone, muscle, or soft tissue &lt;/detail&gt;&lt;text&gt;Talk to your provider about your questions and concerns.&lt;/text&gt;</WhatAbnormalResultsMean><AlternativeNames>&lt;detail&gt;MRI - lower extremity&lt;/detail&gt;&lt;detail&gt; Magnetic resonance imaging - leg&lt;/detail&gt;&lt;detail&gt; Magnetic resonance imaging - lower extremity&lt;/detail&gt;&lt;detail&gt; MRI - ankle&lt;/detail&gt;&lt;detail&gt; Magnetic resonance imaging - ankle&lt;/detail&gt;&lt;detail&gt; MRI - femur&lt;/detail&gt;&lt;detail&gt; MRI - leg&lt;/detail&gt;</AlternativeNames></item>
<item><title>Leg CT scan</title><url>https://medlineplus.gov/ency/article/007348.htm</url><HowtoPreparefortheTest>&lt;text&gt;Some exams use a special dye, called contrast, that is put into your body before the test starts. Contrast helps certain areas show up better on the x-rays.&lt;/text&gt;&lt;detail&gt;Contrast can be given through a vein (IV) in your hand or forearm. If contrast is used, you may also be asked not to eat or drink anything for 4 to 6 hours before the test.&lt;/detail&gt;&lt;detail&gt;Let your health care provider know if you have ever had a reaction to contrast. You may need to take medicines before the test in order to avoid this problem.&lt;/detail&gt;&lt;detail&gt;Before having the contrast, tell your provider if you take the diabetes medicine metformin (Glucophage). You may need to take extra steps before the test if you take this drug. &lt;/detail&gt;&lt;text&gt;Too much weight can cause damage to the scanner's working parts. Find out if the CT machine has a weight limit if you weigh more than 300 pounds (135 kilograms).&lt;/text&gt;&lt;text&gt;You will wear a hospital gown during the study. You will need to take off all jewelry.&lt;/text&gt;</HowtoPreparefortheTest><WhytheTestisPerformed>&lt;text&gt;CT scan makes detailed pictures of the body very quickly. The test may help look for:&lt;/text&gt;&lt;detail&gt;An  abscess  or infection&lt;/detail&gt;&lt;detail&gt;A mass that is felt during a physical exam&lt;/detail&gt;&lt;detail&gt;The cause of pain or other problems in the foot, ankle, or knee joints (usually when an  MRI  cannot be done)&lt;/detail&gt;&lt;detail&gt;A broken bone&lt;/detail&gt;&lt;detail&gt;The pattern of the fractures&lt;/detail&gt;&lt;detail&gt;Masses and tumors, including cancer &lt;/detail&gt;&lt;detail&gt;Healing problems or scar tissue following surgery&lt;/detail&gt;&lt;text&gt;A CT scan may also be used to guide a surgeon to the right area during a  biopsy .&lt;/text&gt;</WhytheTestisPerformed><NormalResults>&lt;text&gt;Results are considered normal if the leg being examined looks OK.&lt;/text&gt;</NormalResults><WhatAbnormalResultsMean>&lt;text&gt;Abnormal results may be due to:&lt;/text&gt;&lt;detail&gt;Abscess or infection&lt;/detail&gt;&lt;detail&gt; Blood clot in the leg  (deep venous thrombosis)&lt;/detail&gt;&lt;detail&gt; Broken  or fractured bone&lt;/detail&gt;&lt;detail&gt;Cancer&lt;/detail&gt;&lt;detail&gt;Damage to the knee, foot, or ankle joint&lt;/detail&gt;&lt;detail&gt;Noncancerous bone tumor&lt;/detail&gt;&lt;detail&gt;Healing problems or development of scar tissue after surgery&lt;/detail&gt;</WhatAbnormalResultsMean><AlternativeNames>&lt;detail&gt;CAT scan - leg&lt;/detail&gt;&lt;detail&gt; Computed axial tomography scan - leg&lt;/detail&gt;&lt;detail&gt; Computed tomography scan - leg&lt;/detail&gt;&lt;detail&gt; CT scan - leg&lt;/detail&gt;</AlternativeNames></item>
<item><title>Left heart ventricular angiography</title><url>https://medlineplus.gov/ency/article/003875.htm</url><HowtoPreparefortheTest>&lt;text&gt;You will be told not to eat or drink for 6 to 8 hours before the test. The procedure takes place in the hospital. Some people may need to stay in the hospital the night before the test.&lt;/text&gt;&lt;text&gt;A provider will explain the procedure and its risks. You must sign a consent form for the procedure. &lt;/text&gt;</HowtoPreparefortheTest><WhytheTestisPerformed>&lt;text&gt;Left heart angiography is performed to assess the blood flow through the left side of the heart.&lt;/text&gt;</WhytheTestisPerformed><NormalResults>&lt;text&gt;A normal result shows normal blood flow through the left side of the heart. Blood volumes and pressures are also normal.&lt;/text&gt;</NormalResults><WhatAbnormalResultsMean>&lt;text&gt;Abnormal results may be due to:&lt;/text&gt;&lt;detail&gt;A hole in the heart (ventricular septal defect)&lt;/detail&gt;&lt;detail&gt;Abnormalities of the left heart valves&lt;/detail&gt;&lt;detail&gt;An  aneurysm  of the heart wall&lt;/detail&gt;&lt;detail&gt;Areas of the heart are not contracting normally&lt;/detail&gt;&lt;detail&gt;Blood flow problems on the left side of the heart&lt;/detail&gt;&lt;detail&gt;Heart-related blockages&lt;/detail&gt;&lt;detail&gt;Weakened pumping function of the left ventricle&lt;/detail&gt;&lt;text&gt; Coronary angiography  may be needed when blockage of the coronary arteries is suspected.&lt;/text&gt;</WhatAbnormalResultsMean><AlternativeNames>&lt;detail&gt;Angiography - left heart&lt;/detail&gt;&lt;detail&gt; Left ventriculography&lt;/detail&gt;</AlternativeNames></item>
<item><title>Left heart catheterization</title><url>https://medlineplus.gov/ency/article/003871.htm</url><HowtoPreparefortheTest>&lt;text&gt;In most cases, you should not eat or drink for 8 hours before the test. (Your provider may give you different directions.)&lt;/text&gt;&lt;text&gt;The procedure will take place in the hospital. You may be admitted the night before the test, but it is common to come to the hospital the morning of the procedure.&lt;/text&gt;&lt;text&gt;Your provider will explain the procedure and its risks. You must sign a consent form.&lt;/text&gt;</HowtoPreparefortheTest><WhytheTestisPerformed>&lt;text&gt;The procedure is done to look for:&lt;/text&gt;&lt;detail&gt;Cardiac valve disease&lt;/detail&gt;&lt;detail&gt;Cardiac tumors&lt;/detail&gt;&lt;detail&gt;Heart defects (such as  ventricular septal defects )&lt;/detail&gt;&lt;detail&gt;Problems with heart function&lt;/detail&gt;&lt;text&gt;The procedure may also be done to evaluate and possibly repair certain types of heart defects, or to open a narrowed heart valve.&lt;/text&gt;&lt;text&gt;When this procedure is done with  coronary angiography , it can open blocked arteries or bypass grafts.&lt;/text&gt;&lt;text&gt;The procedure can also be used to:&lt;/text&gt;&lt;detail&gt;Collect blood samples from the heart&lt;/detail&gt;&lt;detail&gt;Determine pressure and blood flow in the heart’s chambers&lt;/detail&gt;&lt;detail&gt;Examine the arteries of the heart (coronary angiography)&lt;/detail&gt;&lt;detail&gt;Take x-ray pictures of the left ventricle (main pumping chamber) of the heart (ventriculography)&lt;/detail&gt;</WhytheTestisPerformed><NormalResults>&lt;text&gt;A normal result means the heart is normal in:&lt;/text&gt;&lt;detail&gt;Size&lt;/detail&gt;&lt;detail&gt;Motion&lt;/detail&gt;&lt;detail&gt;Thickness&lt;/detail&gt;&lt;detail&gt;Pressure&lt;/detail&gt;&lt;text&gt;The normal result also means arteries are normal.&lt;/text&gt;</NormalResults><WhatAbnormalResultsMean>&lt;text&gt;Abnormal results may be a sign of cardiac disease or heart defects, including:&lt;/text&gt;&lt;detail&gt; Aortic insufficiency &lt;/detail&gt;&lt;detail&gt; Aortic stenosis &lt;/detail&gt;&lt;detail&gt; Coronary artery disease &lt;/detail&gt;&lt;detail&gt; Heart enlargement &lt;/detail&gt;&lt;detail&gt; Mitral regurgitation &lt;/detail&gt;&lt;detail&gt; Mitral stenosis &lt;/detail&gt;&lt;detail&gt;Ventricular  aneurysms &lt;/detail&gt;&lt;detail&gt; Atrial septal defect &lt;/detail&gt;&lt;detail&gt; Ventricular septal defect &lt;/detail&gt;&lt;detail&gt;Heart failure&lt;/detail&gt;&lt;detail&gt; Cardiomyopathy &lt;/detail&gt;</WhatAbnormalResultsMean><AlternativeNames>&lt;detail&gt;Catheterization - left heart&lt;/detail&gt;</AlternativeNames><Images><value><img_name>Left heart catheterization</img_name><img_url>https://medlineplus.gov/ency/images/ency/fullsize/18143.jpg</img_url></value></Images></item>
<item><title>Lead levels - blood</title><url>https://medlineplus.gov/ency/article/003360.htm</url><HowtoPreparefortheTest>&lt;text&gt;No special preparation is needed.&lt;/text&gt;&lt;text&gt;For children, it may be helpful to explain how the test will feel and why it is done. This may make the child feel less nervous.&lt;/text&gt;</HowtoPreparefortheTest><WhytheTestisPerformed>&lt;text&gt;This test is used to screen people at risk for lead poisoning. This may include industrial workers and children who live in urban areas. The test is also used to measure how well treatment for lead poisoning is working. Lead is common in the environment, so it is often found in the body in low levels.&lt;/text&gt;</WhytheTestisPerformed><NormalResults>&lt;text&gt;Small amounts of lead in adults are not thought to be harmful. However, even low levels of lead can be dangerous to infants and children. It can cause  lead poisoning  that leads to problems in mental development.&lt;/text&gt;&lt;text&gt;Adults:&lt;/text&gt;&lt;detail&gt;Less than 10 micrograms per deciliter (µg/dL) or 0.48 micromoles per liter (µmol/L) of lead in the blood &lt;/detail&gt;&lt;text&gt;Children:&lt;/text&gt;&lt;detail&gt;Less than 5 µg/dL or 0.24 µmol/L of lead in the blood &lt;/detail&gt;&lt;text&gt;Normal value ranges may vary slightly among different laboratories. Talk to your health care provider about the meaning of your specific test results.&lt;/text&gt;</NormalResults><WhatAbnormalResultsMean>&lt;text&gt;In adults, a blood lead level of 5 µug/dL or 0.24 µumol/L or above is considered elevated. Treatment may be recommended if:&lt;/text&gt;&lt;detail&gt;Your blood lead level is greater than 80 µg/dL or 3.86 µmol/L&lt;/detail&gt;&lt;detail&gt;You have symptoms of lead poisoning and your blood lead level is greater than 40 µg/dL or 1.93 µmol/L &lt;/detail&gt;&lt;text&gt;In children:&lt;/text&gt;&lt;detail&gt;Blood lead level of 5 µg/dL or 0.24 µmol/L or greater requires further testing and monitoring.&lt;/detail&gt;&lt;detail&gt;The source of lead must be found and removed.&lt;/detail&gt;&lt;detail&gt;A lead level greater than 45 µg/dL or 2.17 µmol/L in a child's blood most often indicates the need for treatment.&lt;/detail&gt;&lt;detail&gt;Treatment may be considered with a level as low as 20 µg/dL or 0.97 µmol/L. &lt;/detail&gt;</WhatAbnormalResultsMean><AlternativeNames>&lt;detail&gt;Blood lead levels&lt;/detail&gt;</AlternativeNames><Images><value><img_name>Blood test</img_name><img_url>https://medlineplus.gov/ency/images/ency/fullsize/10026.jpg</img_url></value></Images></item>
<item><title>LDH isoenzyme blood test</title><url>https://medlineplus.gov/ency/article/003499.htm</url><HowtoPreparefortheTest>&lt;text&gt;The health care provider may tell you to temporarily stop taking certain medicines before the test.&lt;/text&gt;&lt;text&gt;Drugs that can increase LDH measurements include:&lt;/text&gt;&lt;detail&gt;Anesthetics&lt;/detail&gt;&lt;detail&gt;Aspirin&lt;/detail&gt;&lt;detail&gt;Clofibrate&lt;/detail&gt;&lt;detail&gt;Fluorides&lt;/detail&gt;&lt;detail&gt;Mithramycin&lt;/detail&gt;&lt;detail&gt;Narcotics&lt;/detail&gt;&lt;detail&gt;Procainamide &lt;/detail&gt;&lt;text&gt;DO NOT stop taking any medicine before talking to your provider.&lt;/text&gt;</HowtoPreparefortheTest><WhytheTestisPerformed>&lt;text&gt;LDH is an  enzyme  found in many body tissues such as the heart, liver, kidney, skeletal muscle, brain, blood cells, and lungs. When body tissue is damaged, LDH is released into the blood.&lt;/text&gt;&lt;text&gt;The LDH test helps determine the location of tissue damage.&lt;/text&gt;&lt;text&gt;LDH exists in five forms, which differ slightly in structure.&lt;/text&gt;&lt;detail&gt;LDH-1 is found primarily in heart muscle and red blood cells.&lt;/detail&gt;&lt;detail&gt;LDH-2 is concentrated in white blood cells.&lt;/detail&gt;&lt;detail&gt;LDH-3 is highest in the lung.&lt;/detail&gt;&lt;detail&gt;LDH-4 is highest in the kidney, placenta, and pancreas.&lt;/detail&gt;&lt;detail&gt;LDH-5 is highest in the liver and skeletal muscle. &lt;/detail&gt;&lt;text&gt;All of these can be measured in the blood.&lt;/text&gt;</WhytheTestisPerformed><WhatAbnormalResultsMean>&lt;text&gt;LDH levels that are higher than normal may suggest:&lt;/text&gt;&lt;detail&gt; Hemolytic anemia &lt;/detail&gt;&lt;detail&gt;Hypotension&lt;/detail&gt;&lt;detail&gt; Infectious mononucleosis &lt;/detail&gt;&lt;detail&gt;Intestinal ischemia (blood deficiency) and infarction (tissue death)&lt;/detail&gt;&lt;detail&gt; Ischemic cardiomyopathy &lt;/detail&gt;&lt;detail&gt;Liver disease such as  hepatitis &lt;/detail&gt;&lt;detail&gt;Lung tissue death&lt;/detail&gt;&lt;detail&gt;Muscle injury&lt;/detail&gt;&lt;detail&gt; Muscular dystrophy &lt;/detail&gt;&lt;detail&gt;Pancreatitis&lt;/detail&gt;&lt;detail&gt;Lung tissue death&lt;/detail&gt;&lt;detail&gt; Stroke &lt;/detail&gt;</WhatAbnormalResultsMean><AlternativeNames>&lt;detail&gt;LD&lt;/detail&gt;&lt;detail&gt; LDH&lt;/detail&gt;&lt;detail&gt; Lactic (lactate) dehydrogenase isoenzymes&lt;/detail&gt;</AlternativeNames><Images><value><img_name>Blood test</img_name><img_url>https://medlineplus.gov/ency/images/ency/fullsize/10026.jpg</img_url></value></Images></item>
<item><title>Latex agglutination test</title><url>https://medlineplus.gov/ency/article/003334.htm</url><HowtoPreparefortheTest>&lt;text&gt;Your health care provider may tell you to limit certain foods or medicines shortly before the test. Follow instructions on how to prepare for the test.&lt;/text&gt;</HowtoPreparefortheTest><WhytheTestisPerformed>&lt;text&gt;This test is a quick way to determine the absence or presence of an antigen or antibody. Your provider will base any treatment decisions, at least in part, on the results of this test.&lt;/text&gt;</WhytheTestisPerformed><NormalResults>&lt;text&gt;Normal value ranges may vary slightly among different laboratories. Some labs use different measurements or test different samples. Talk to your provider about the meaning of your specific test results.&lt;/text&gt;</NormalResults><WhatAbnormalResultsMean>&lt;text&gt;If there is an antigen-antibody match, agglutination will occur.&lt;/text&gt;</WhatAbnormalResultsMean></item>
<item><title>Laryngoscopy and nasolarynoscopy</title><url>https://medlineplus.gov/ency/article/007507.htm</url><HowtoPreparefortheTest>&lt;text&gt;Preparation will depend on the type of laryngoscopy you will have. If the exam will be done under general anesthesia, you may be told not to drink or eat anything for several hours before the test.&lt;/text&gt;</HowtoPreparefortheTest><WhytheTestisPerformed>&lt;text&gt;This test can help your provider diagnose many conditions involving the throat and voice box. Your provider may recommend this test if you have:&lt;/text&gt;&lt;detail&gt;Bad breath that does not go away&lt;/detail&gt;&lt;detail&gt;Breathing problems, including noisy breathing (stridor)&lt;/detail&gt;&lt;detail&gt;Long-term (chronic) cough&lt;/detail&gt;&lt;detail&gt;Coughing up blood&lt;/detail&gt;&lt;detail&gt;Difficulty swallowing&lt;/detail&gt;&lt;detail&gt;Ear pain that does not go away&lt;/detail&gt;&lt;detail&gt;Feeling that something is stuck in your throat&lt;/detail&gt;&lt;detail&gt;Long-term upper respiratory problem in a smoker&lt;/detail&gt;&lt;detail&gt;Mass in the head or neck area with signs of cancer&lt;/detail&gt;&lt;detail&gt;Throat pain that does not go away&lt;/detail&gt;&lt;detail&gt;Voice problems that last more than 3 weeks, including hoarseness, weak voice, raspy voice, or no voice&lt;/detail&gt;&lt;text&gt;A direct laryngoscopy may also be used to:&lt;/text&gt;&lt;detail&gt;Remove a sample of tissue in the throat for closer examination under a microscope (biopsy)&lt;/detail&gt;&lt;detail&gt;Remove an object that is blocking the airway (for example, a swallowed a marble or coin)&lt;/detail&gt;</WhytheTestisPerformed><NormalResults>&lt;text&gt;A normal result means the throat, voice box, and vocal cords appear normal.&lt;/text&gt;</NormalResults><WhatAbnormalResultsMean>&lt;text&gt;Abnormal results may be due to:&lt;/text&gt;&lt;detail&gt; Acid reflux (GERD) , which can cause redness and swelling of the vocal cords&lt;/detail&gt;&lt;detail&gt; Cancer  of the throat or voice box&lt;/detail&gt;&lt;detail&gt;Nodules on the vocal cords&lt;/detail&gt;&lt;detail&gt; Polyps  (benign lumps) on the voice box&lt;/detail&gt;&lt;detail&gt;Inflammation in the throat&lt;/detail&gt;&lt;detail&gt;Thinning of the muscle and tissue in the voice box (presbylaryngis)&lt;/detail&gt;</WhatAbnormalResultsMean><AlternativeNames>&lt;detail&gt;Laryngopharyngoscopy&lt;/detail&gt;&lt;detail&gt; Indirect laryngoscopy&lt;/detail&gt;&lt;detail&gt; Flexible laryngoscopy&lt;/detail&gt;&lt;detail&gt; Mirror laryngoscopy&lt;/detail&gt;&lt;detail&gt; Direct laryngoscopy&lt;/detail&gt;&lt;detail&gt; Fiberoptic laryngoscopy&lt;/detail&gt;&lt;detail&gt; Laryngoscopy using strobe (laryngeal stroboscopy) &lt;/detail&gt;</AlternativeNames></item>
<item><title>Lactose tolerance tests</title><url>https://medlineplus.gov/ency/article/003500.htm</url><HowtoPreparefortheTest>&lt;text&gt;You should not eat or do heavy exercise for 8 hours before the test. &lt;/text&gt;</HowtoPreparefortheTest><WhytheTestisPerformed>&lt;text&gt;Your health care provider may order these tests if you have signs of lactose intolerance.&lt;/text&gt;</WhytheTestisPerformed><NormalResults>&lt;text&gt;The breath test is considered normal if the increase in hydrogen is less than 12 parts per million over your fasting (pre-test) level.&lt;/text&gt;&lt;text&gt;The blood test is considered normal if your glucose level rises more than 30 mg/dL (1.6 mmol/L) within 2 hours of drinking the lactose solution. A rise of 20 to 30 mg/dL (1.1 to 1.6 mmol/L) is inconclusive.&lt;/text&gt;&lt;text&gt;Note: Normal value ranges may vary slightly among different laboratories. Talk to your doctor about the meaning of your specific test results.&lt;/text&gt;&lt;text&gt;The examples above show the common measurements for results for these tests. Some labs use different measurements or may test different samples.&lt;/text&gt;</NormalResults><WhatAbnormalResultsMean>&lt;text&gt;Abnormal results may be a sign of lactose intolerance.&lt;/text&gt;&lt;text&gt;A breath test result that shows a rise in hydrogen content of 12 parts per million (ppm) over your pre-test level is considered positive, and means you may have trouble breaking down lactose.&lt;/text&gt;&lt;text&gt;The blood test is considered abnormal if your glucose level rises less than 20 mg/dL (1.1 mmol/L) within 2 hours of drinking the lactose solution.&lt;/text&gt;&lt;text&gt;An abnormal test should be followed by a  glucose tolerance test  to rule out a problem with the body's ability to absorb glucose.&lt;/text&gt;</WhatAbnormalResultsMean><AlternativeNames>&lt;detail&gt;Hydrogen breath test for lactose tolerance&lt;/detail&gt;</AlternativeNames><Images><value><img_name>Blood test</img_name><img_url>https://medlineplus.gov/ency/images/ency/fullsize/10026.jpg</img_url></value></Images></item>
<item><title>Lactic acid test</title><url>https://medlineplus.gov/ency/article/003507.htm</url><HowtoPreparefortheTest>&lt;text&gt;DO NOT exercise for several hours before the test. Exercise can cause a temporary increase in lactic acid levels.&lt;/text&gt;</HowtoPreparefortheTest><WhytheTestisPerformed>&lt;text&gt;This test is most often done to diagnose  lactic acidosis .&lt;/text&gt;</WhytheTestisPerformed><NormalResults>&lt;text&gt;4.5 to 19.8 milligrams per deciliter (mg/dL) (0.5 to 2.2 millimoles per liter [mmol/L])&lt;/text&gt;&lt;text&gt;Normal value ranges may vary slightly among different laboratories. Talk to your provider about the meaning of your specific test results.&lt;/text&gt;&lt;text&gt;The examples above show the common measurements for results for these tests. Some laboratories use different measurements or may test different specimens.&lt;/text&gt;</NormalResults><WhatAbnormalResultsMean>&lt;text&gt;Abnormal results mean that body tissues are not getting enough oxygen.&lt;/text&gt;&lt;text&gt;Conditions that can increase lactic acid levels include:&lt;/text&gt;&lt;detail&gt; Heart failure &lt;/detail&gt;&lt;detail&gt;Liver disease&lt;/detail&gt;&lt;detail&gt;Lung disease&lt;/detail&gt;&lt;detail&gt;Not enough blood containing oxygen getting to a certain area of the body&lt;/detail&gt;&lt;detail&gt;Severe infection that affects the entire body ( sepsis )&lt;/detail&gt;&lt;detail&gt;Very low levels of oxygen in the blood (hypoxia) &lt;/detail&gt;</WhatAbnormalResultsMean><AlternativeNames>&lt;detail&gt;Lactate test&lt;/detail&gt;</AlternativeNames><Images><value><img_name>Blood test</img_name><img_url>https://medlineplus.gov/ency/images/ency/fullsize/10026.jpg</img_url></value></Images></item>
<item><title>Lactate dehydrogenase test</title><url>https://medlineplus.gov/ency/article/003471.htm</url><HowtoPreparefortheTest>&lt;text&gt;No specific preparation is necessary.&lt;/text&gt;</HowtoPreparefortheTest><WhytheTestisPerformed>&lt;text&gt;LDH is most often measured to check for tissue damage. LDH is in many body tissues, especially the heart, liver, kidney, muscles, brain, blood cells, and lungs.&lt;/text&gt;&lt;text&gt;Other conditions for which the test may be done include:&lt;/text&gt;&lt;detail&gt;Low red blood cell count ( anemia )&lt;/detail&gt;&lt;detail&gt;Cancer, including blood cancer ( leukemia ) or lymph cancer (lymphoma) &lt;/detail&gt;</WhytheTestisPerformed><NormalResults>&lt;text&gt;Normal value range is 105 to 333 international units per liter (IU/L).&lt;/text&gt;&lt;text&gt;Normal value ranges may vary slightly among different laboratories. Some labs use different measurements or test different samples. Talk to your provider about the meaning of your specific results.&lt;/text&gt;</NormalResults><WhatAbnormalResultsMean>&lt;text&gt;A higher-than-normal level may indicate:&lt;/text&gt;&lt;detail&gt;Blood flow deficiency (ischemia)&lt;/detail&gt;&lt;detail&gt; Heart attack &lt;/detail&gt;&lt;detail&gt; Hemolytic anemia &lt;/detail&gt;&lt;detail&gt; Infectious mononucleosis &lt;/detail&gt;&lt;detail&gt;Leukemia or lymphoma&lt;/detail&gt;&lt;detail&gt; Liver disease  (for example,  hepatitis )&lt;/detail&gt;&lt;detail&gt;Low blood pressure&lt;/detail&gt;&lt;detail&gt;Muscle injury&lt;/detail&gt;&lt;detail&gt;Muscle weakness and loss of muscle tissue ( muscular dystrophy )&lt;/detail&gt;&lt;detail&gt;New abnormal tissue formation (usually cancer)&lt;/detail&gt;&lt;detail&gt;Pancreatitis&lt;/detail&gt;&lt;detail&gt; Stroke &lt;/detail&gt;&lt;detail&gt;Tissue death&lt;/detail&gt;&lt;text&gt;If your LDH level is high, your provider may recommend an  LDH isoenzymes test  to determine the location of any tissue damage.&lt;/text&gt;</WhatAbnormalResultsMean><AlternativeNames>&lt;detail&gt;LDH test&lt;/detail&gt;&lt;detail&gt; Lactic acid dehydrogenase test&lt;/detail&gt;</AlternativeNames></item>
<item><title>Myoglobin urine test</title><url>https://medlineplus.gov/ency/article/003664.htm</url><WhytheTestisPerformed>&lt;text&gt;Myoglobin is a protein in heart and skeletal muscles. When you exercise, your muscles use up available oxygen. Myoglobin has oxygen attached to it, which provides extra oxygen for the muscles to keep up a high level of activity for a longer period.&lt;/text&gt;&lt;text&gt;When muscle is damaged, myoglobin in muscle cells is released into the bloodstream. The kidneys help remove myoglobin from the blood into the urine. When the level of myoglobin is too high, it can damage the kidneys.&lt;/text&gt;&lt;text&gt;This test is ordered when your provider suspects you have muscle damage, such as damage to the heart or skeletal muscle. It may also be ordered if you have  acute kidney failure  without any clear cause.&lt;/text&gt;</WhytheTestisPerformed><NormalResults>&lt;text&gt;A normal urine sample does not have myoglobin. A normal result is sometimes reported as negative.&lt;/text&gt;&lt;text&gt;Normal value ranges may vary slightly among different laboratories. Talk to your provider about the meaning of your specific test results.&lt;/text&gt;</NormalResults><WhatAbnormalResultsMean>&lt;text&gt;Abnormal results may be due to:&lt;/text&gt;&lt;detail&gt; Heart attack &lt;/detail&gt;&lt;detail&gt; Malignant hyperthermia  (very rare)&lt;/detail&gt;&lt;detail&gt;   Disorder that causes muscle weakness and loss of muscle tissue ( muscular dystrophy )&lt;/detail&gt;&lt;detail&gt;   Breakdown of muscle tissue that leads to the release of muscle fiber contents into the blood ( rhabdomyolysis )&lt;/detail&gt;&lt;detail&gt;Skeletal muscle inflammation ( myositis )&lt;/detail&gt;&lt;detail&gt;Skeletal muscle ischemia (oxygen deficiency)&lt;/detail&gt;&lt;detail&gt;Skeletal muscle trauma &lt;/detail&gt;</WhatAbnormalResultsMean><AlternativeNames>&lt;detail&gt;Urine myoglobin&lt;/detail&gt;&lt;detail&gt; Heart attack - myoglobin urine test&lt;/detail&gt;&lt;detail&gt; Myositis - myoglobin urine test&lt;/detail&gt;&lt;detail&gt; Rhabdomyolysis - myoglobin urine test&lt;/detail&gt;</AlternativeNames><Images><value><img_name>Urine sample</img_name><img_url>https://medlineplus.gov/ency/images/ency/fullsize/10011.jpg</img_url></value><value><img_name>Female urinary tract</img_name><img_url>https://medlineplus.gov/ency/images/ency/fullsize/1122.jpg</img_url></value><value><img_name>Male urinary tract</img_name><img_url>https://medlineplus.gov/ency/images/ency/fullsize/1123.jpg</img_url></value></Images></item>
<item><title>Myoglobin blood test</title><url>https://medlineplus.gov/ency/article/003663.htm</url><HowtoPreparefortheTest>&lt;text&gt;No special preparation is needed.&lt;/text&gt;</HowtoPreparefortheTest><WhytheTestisPerformed>&lt;text&gt;Myoglobin is a protein in heart and skeletal muscles. When you exercise, your muscles use up available oxygen. Myoglobin has oxygen attached to it, which provides extra oxygen for the muscles to keep at a high level of activity for a longer period.&lt;/text&gt;&lt;text&gt;When muscle is damaged, myoglobin in muscle cells is released into the bloodstream. The kidneys help remove myoglobin from the blood into the urine. When the level of myoglobin is too high, it can damage the kidneys.&lt;/text&gt;&lt;text&gt;This test is ordered when your health care provider suspects you have muscle damage, such as of the heart or skeletal muscle.&lt;/text&gt;</WhytheTestisPerformed><NormalResults>&lt;text&gt;The normal range is 25 to 72 ng/mL (1.28 to 3.67 nmol/L).&lt;/text&gt;&lt;text&gt;Note: Normal value ranges may vary slightly among different laboratories. Some labs use different measurements or may test different samples. Talk to your provider about the meaning of your specific test results.&lt;/text&gt;</NormalResults><WhatAbnormalResultsMean>&lt;text&gt;An increased level of myoglobin may be due to:&lt;/text&gt;&lt;detail&gt; Heart attack &lt;/detail&gt;&lt;detail&gt; Malignant hyperthermia  (very rare)&lt;/detail&gt;&lt;detail&gt;   Disorder that causes muscle weakness and loss of muscle tissue ( muscular dystrophy )&lt;/detail&gt;&lt;detail&gt;Breakdown of muscle tissue that leads to the release of muscle fiber contents into the blood ( rhabdomyolysis )&lt;/detail&gt;&lt;detail&gt;Skeletal muscle inflammation ( myositis )&lt;/detail&gt;&lt;detail&gt;Skeletal muscle ischemia (oxygen deficiency)&lt;/detail&gt;&lt;detail&gt;Skeletal muscle trauma&lt;/detail&gt;</WhatAbnormalResultsMean><AlternativeNames>&lt;detail&gt;Serum myoglobin&lt;/detail&gt;&lt;detail&gt; Heart attack - myoglobin blood test&lt;/detail&gt;&lt;detail&gt; Myositis - myoglobin blood test&lt;/detail&gt;&lt;detail&gt; Rhabdomyolysis - myoglobin blood test&lt;/detail&gt;</AlternativeNames></item>
<item><title>Myocardial biopsy</title><url>https://medlineplus.gov/ency/article/003873.htm</url><HowtoPreparefortheTest>&lt;text&gt;You will be told not to eat or drink anything for 6 to 8 hours before the test. The procedure takes place in the hospital. Most often, you will be admitted the morning of the procedure, but in some cases, you may need to be admitted the night before.&lt;/text&gt;&lt;text&gt;A provider will explain the procedure and its risks. You must sign a consent form.&lt;/text&gt;</HowtoPreparefortheTest><WhytheTestisPerformed>&lt;text&gt;This procedure is routinely done after heart transplantation to watch for signs of rejection. &lt;/text&gt;&lt;text&gt;Your provider may also order this procedure if you have signs of:&lt;/text&gt;&lt;detail&gt;Alcoholic cardiomyopathy&lt;/detail&gt;&lt;detail&gt; Cardiac amyloidosis &lt;/detail&gt;&lt;detail&gt; Cardiomyopathy &lt;/detail&gt;&lt;detail&gt; Hypertrophic cardiomyopathy &lt;/detail&gt;&lt;detail&gt;Idiopathic cardiomyopathy&lt;/detail&gt;&lt;detail&gt;   Ischemic cardiomyopathy   &lt;/detail&gt;&lt;detail&gt; Myocarditis &lt;/detail&gt;&lt;detail&gt; Peripartum cardiomyopathy &lt;/detail&gt;&lt;detail&gt; Restrictive cardiomyopathy &lt;/detail&gt;</WhytheTestisPerformed><NormalResults>&lt;text&gt;A normal result means no abnormal heart muscle tissue was discovered. However, it does not necessarily mean your heart is normal because sometimes the biopsy can miss abnormal tissue.&lt;/text&gt;</NormalResults><WhatAbnormalResultsMean>&lt;text&gt;An abnormal result means abnormal tissue was found. This test may reveal the cause of cardiomyopathy. Abnormal tissue may be due to:&lt;/text&gt;&lt;detail&gt;Amyloidosis&lt;/detail&gt;&lt;detail&gt;Myocarditis&lt;/detail&gt;&lt;detail&gt;Sarcoidosis&lt;/detail&gt;&lt;detail&gt; Transplant rejection &lt;/detail&gt;</WhatAbnormalResultsMean><AlternativeNames>&lt;detail&gt;Heart biopsy&lt;/detail&gt;&lt;detail&gt; Biopsy - heart&lt;/detail&gt;</AlternativeNames><Images><value><img_name>Heart, section through the middle</img_name><img_url>https://medlineplus.gov/ency/images/ency/fullsize/1056.jpg</img_url></value><value><img_name>Heart, front view</img_name><img_url>https://medlineplus.gov/ency/images/ency/fullsize/1097.jpg</img_url></value><value><img_name>Biopsy catheter</img_name><img_url>https://medlineplus.gov/ency/images/ency/fullsize/8904.jpg</img_url></value></Images></item>
<item><title>Mycobacterial culture </title><url>https://medlineplus.gov/ency/article/003740.htm</url><HowtoPreparefortheTest>&lt;text&gt;Preparation depends on how the test is done. Follow your health care provider's instructions.&lt;/text&gt;</HowtoPreparefortheTest><WhytheTestisPerformed>&lt;text&gt;Your doctor may order this test if you have signs of tuberculosis or a related infection.&lt;/text&gt;</WhytheTestisPerformed><NormalResults>&lt;text&gt;If there is no disease present, there will be no growth of bacteria in the culture medium.&lt;/text&gt;</NormalResults><WhatAbnormalResultsMean>&lt;text&gt;Mycobacterium tuberculosis or similar bacteria is present in the culture.&lt;/text&gt;</WhatAbnormalResultsMean><AlternativeNames>&lt;detail&gt;Culture - mycobacterial&lt;/detail&gt;</AlternativeNames><Images><value><img_name>Liver culture</img_name><img_url>https://medlineplus.gov/ency/images/ency/fullsize/9681.jpg</img_url></value></Images></item>
<item><title>Muscle biopsy</title><url>https://medlineplus.gov/ency/article/003924.htm</url><HowtoPreparefortheTest>&lt;text&gt;No special preparation is usually needed. If you will have anesthesia, follow instructions on not eating or drinking anything before the test.&lt;/text&gt;</HowtoPreparefortheTest><WhytheTestisPerformed>&lt;text&gt;A muscle biopsy may be done to identify or detect:&lt;/text&gt;&lt;detail&gt;Inflammatory diseases of muscle (such as  polymyositis  or  dermatomyositis )&lt;/detail&gt;&lt;detail&gt;Diseases of the connective tissue and blood vessels (such as polyarteritis nodosa)&lt;/detail&gt;&lt;detail&gt;Infections that affect the muscles (such as  trichinosis  or  toxoplasmosis )&lt;/detail&gt;&lt;detail&gt;Inherited muscle disorders such as  muscular dystrophy  or congenital myopathy&lt;/detail&gt;&lt;detail&gt;Metabolic defects of the muscle&lt;/detail&gt;&lt;detail&gt;Effects of medicines, toxins, or  electrolyte  disorders &lt;/detail&gt;&lt;text&gt;A muscle biopsy may also be done to tell the difference between nerve and muscle disorders.&lt;/text&gt;&lt;text&gt;A muscle that has recently been injured, such as by an  EMG  needle, or is affected by a pre-existing condition, such as nerve compression, is not a good choice for a biopsy.&lt;/text&gt;</WhytheTestisPerformed><NormalResults>&lt;text&gt;A normal result means the muscle is normal.&lt;/text&gt;</NormalResults><WhatAbnormalResultsMean>&lt;text&gt;A muscle biopsy can help diagnose the following conditions:&lt;/text&gt;&lt;detail&gt;Loss of muscle mass ( atrophy) &lt;/detail&gt;&lt;detail&gt;Muscle disease that involves inflammation and a skin rash ( dermatomyositis )&lt;/detail&gt;&lt;detail&gt;Inherited muscle disorder ( Duchenne muscular dystrophy )&lt;/detail&gt;&lt;detail&gt;Inflammation of the muscle&lt;/detail&gt;&lt;detail&gt;Various muscular dystrophies&lt;/detail&gt;&lt;detail&gt;Destruction of the muscle ( myopathic changes )&lt;/detail&gt;&lt;detail&gt;Tissue death of the muscle  (necrosis) &lt;/detail&gt;&lt;detail&gt;Disorders that involve inflammation of the blood vessels and affect muscles ( necrotizing vasculitis )&lt;/detail&gt;&lt;detail&gt;Traumatic muscle damage&lt;/detail&gt;&lt;detail&gt;Paralyzed muscles&lt;/detail&gt;&lt;detail&gt;Inflammatory disease causing muscle weakness, swelling tenderness, and tissue damage ( polymyositis )&lt;/detail&gt;&lt;detail&gt;Nerve problems that affect the muscles&lt;/detail&gt;&lt;detail&gt;Muscle tissue under the skin (fascia) becomes swollen, inflamed, and thick ( eosinophilic fasciitis ) &lt;/detail&gt;&lt;text&gt;There are additional conditions under which the test may be performed.&lt;/text&gt;</WhatAbnormalResultsMean><AlternativeNames>&lt;detail&gt;Biopsy - muscle&lt;/detail&gt;</AlternativeNames><Images><value><img_name>Muscle biopsy</img_name><img_url>https://medlineplus.gov/ency/images/ency/fullsize/8868.jpg</img_url></value></Images></item>
<item><title>MRI</title><url>https://medlineplus.gov/ency/article/003335.htm</url><HowtoPreparefortheTest>&lt;text&gt;You may be asked not to eat or drink anything for 4 to 6 hours before the scan.&lt;/text&gt;&lt;text&gt;Tell your health care provider if you are afraid of close spaces (have claustrophobia). You may be given a medicine to help you feel sleepy and less anxious, or your provider may suggest an open MRI, in which the machine is not as close to the body.&lt;/text&gt;&lt;text&gt;Before the test, tell your provider if you have:&lt;/text&gt;&lt;detail&gt;Artificial heart valves&lt;/detail&gt;&lt;detail&gt;Brain aneurysm clips&lt;/detail&gt;&lt;detail&gt;Heart defibrillator or pacemaker&lt;/detail&gt;&lt;detail&gt;Inner ear (cochlear) implants&lt;/detail&gt;&lt;detail&gt;Kidney disease or dialysis (you may not be able to receive contrast)&lt;/detail&gt;&lt;detail&gt;Recently placed artificial joints&lt;/detail&gt;&lt;detail&gt;Vascular  stents &lt;/detail&gt;&lt;detail&gt;Worked with sheet metal in the past (you may need tests to check for metal pieces in your eyes) &lt;/detail&gt;&lt;text&gt;Because the MRI contains strong magnets, metal objects are not allowed into the room with the MRI scanner:&lt;/text&gt;&lt;detail&gt;Items such as jewelry, watches, credit cards, and hearing aids can be damaged.&lt;/detail&gt;&lt;detail&gt;Pens, pocketknives, and eyeglasses may fly across the room.&lt;/detail&gt;&lt;detail&gt;Pins, hairpins, metal zippers, and similar metallic items can distort the images.&lt;/detail&gt;&lt;detail&gt;Removable dental work should be taken out just before the scan. &lt;/detail&gt;</HowtoPreparefortheTest><WhytheTestisPerformed>&lt;text&gt;Having MRIs with other imaging methods can often help your provider make a diagnosis.&lt;/text&gt;&lt;text&gt;MRI images taken after a special dye (contrast) is delivered into your body may provide extra information about the blood vessels.&lt;/text&gt;&lt;text&gt;A  magnetic resonance angiogram (MRA) , is a form of magnetic resonance imaging that creates 3-dimensional pictures of blood vessels. It is often used when traditional  angiography  cannot be done.&lt;/text&gt;</WhytheTestisPerformed><NormalResults>&lt;text&gt;A normal result means the body area being studied looks normal.&lt;/text&gt;</NormalResults><WhatAbnormalResultsMean>&lt;text&gt;Results depend on the part of the body being examined and the nature of the problem. Different types of tissues send back different MRI signals. For example, healthy tissue sends back a slightly different signal than cancerous tissue. Consult your provider with any questions and concerns.&lt;/text&gt;</WhatAbnormalResultsMean><AlternativeNames>&lt;detail&gt;Magnetic resonance imaging&lt;/detail&gt;&lt;detail&gt; Nuclear magnetic resonance (NMR) imaging&lt;/detail&gt;</AlternativeNames><Images><value><img_name>MRI scans</img_name><img_url>https://medlineplus.gov/ency/images/ency/fullsize/23212.jpg</img_url></value></Images></item>
<item><title>Mononucleosis spot test</title><url>https://medlineplus.gov/ency/article/003454.htm</url><HowtoPreparefortheTest>&lt;text&gt;No special preparation is necessary.&lt;/text&gt;</HowtoPreparefortheTest><WhytheTestisPerformed>&lt;text&gt;The mononucleosis spot test is done when symptoms of  mononucleosis  are present. Common symptoms include:&lt;/text&gt;&lt;detail&gt;Fatigue&lt;/detail&gt;&lt;detail&gt;Fever&lt;/detail&gt;&lt;detail&gt;Large spleen (possibly)&lt;/detail&gt;&lt;detail&gt;Sore throat&lt;/detail&gt;&lt;detail&gt;Tender lymph nodes along the back of the neck &lt;/detail&gt;&lt;text&gt;This test looks for antibodies called heterophile antibodies which form in the body during the infection.&lt;/text&gt;</WhytheTestisPerformed><NormalResults>&lt;text&gt;A negative test means there were no heterophile antibodies detected. Most of the time this means you do not have infectious mononucleosis.&lt;/text&gt;&lt;text&gt;Sometimes, the test may be negative because it was done too soon (within 1 to 2 weeks) after the illness started. Your health care provider may repeat the test to make sure you do not have mono.&lt;/text&gt;</NormalResults><WhatAbnormalResultsMean>&lt;text&gt;A positive test means heterophile antibodies are present. These are most often a sign of mononucleosis. Your provider will also consider other blood test results and your symptoms. A small number of people with mononucleosis may never have a positive test.&lt;/text&gt;&lt;text&gt;The highest number of antibodies occurs 2 to 5 weeks after mono begins. They may be present for up to 1 year.&lt;/text&gt;&lt;text&gt;In rare cases, the test is positive even though you do not have mono. This is called a false-positive result, and it may occur in people with:&lt;/text&gt;&lt;detail&gt;Hepatitis&lt;/detail&gt;&lt;detail&gt;Leukemia or lymphoma&lt;/detail&gt;&lt;detail&gt;Rubella&lt;/detail&gt;&lt;detail&gt;Systemic lupus erythematosus&lt;/detail&gt;&lt;detail&gt; Toxoplasmosis &lt;/detail&gt;</WhatAbnormalResultsMean><AlternativeNames>&lt;detail&gt;Monospot test&lt;/detail&gt;&lt;detail&gt; Heterophile antibody test&lt;/detail&gt;&lt;detail&gt; Heterophile agglutination test&lt;/detail&gt;&lt;detail&gt; Paul-Bunnell test&lt;/detail&gt;&lt;detail&gt; Forssman antibody test&lt;/detail&gt;</AlternativeNames><Images><value><img_name>Mononucleosis, photomicrograph of cells</img_name><img_url>https://medlineplus.gov/ency/images/ency/fullsize/1456.jpg</img_url></value><value><img_name>Mononucleosis - view of the throat</img_name><img_url>https://medlineplus.gov/ency/images/ency/fullsize/2936.jpg</img_url></value><value><img_name>Throat swabs</img_name><img_url>https://medlineplus.gov/ency/images/ency/fullsize/9950.jpg</img_url></value></Images></item>
<item><title>Microalbuminuria test</title><url>https://medlineplus.gov/ency/article/003591.htm</url><HowtoPreparefortheTest>&lt;text&gt;No special preparation is necessary for this test.&lt;/text&gt;</HowtoPreparefortheTest><WhytheTestisPerformed>&lt;text&gt;People with diabetes have a high risk of kidney damage. The "filters" in the kidneys, called nephrons, slowly thicken and become scarred over time. The nephrons begin to leak protein into the urine. This kidney damage can also happen years before any diabetes symptoms begin. In the early stages of kidney problems, blood tests may be normal.&lt;/text&gt;&lt;text&gt;If you have diabetes, you should have this test each year. The test checks for signs of early  kidney problems .&lt;/text&gt;&lt;text&gt;If this test shows that you are starting to have a kidney problem, you can get treatment before the problem gets worse. People with severe kidney damage may need dialysis. They may eventually need a new kidney ( kidney transplant ).&lt;/text&gt;</WhytheTestisPerformed><NormalResults>&lt;text&gt;Normally, albumin stays in the body. There is little or no albumin in the urine sample. Normal albumin levels in the urine are less than 30 mg/24 hours.&lt;/text&gt;&lt;text&gt;Normal value ranges may vary slightly among different laboratories. Some labs use different measurements or may test different specimens. Talk to your doctor about the meaning of your test results.&lt;/text&gt;</NormalResults><WhatAbnormalResultsMean>&lt;text&gt;If the test finds a high level of albumin in your urine, your doctor may have you repeat the test.&lt;/text&gt;&lt;text&gt;Abnormal results may mean your  kidneys are starting to get damaged . But the damage may not yet be bad. &lt;/text&gt;&lt;text&gt;Abnormal results may also be reported as:&lt;/text&gt;&lt;detail&gt;Range of 20 to 200 mcg/min&lt;/detail&gt;&lt;detail&gt;Range of 30 to 300 mg/24 hours &lt;/detail&gt;&lt;text&gt;You will need more tests to confirm a problem and show how severe the kidney damage may be.&lt;/text&gt;&lt;text&gt;The most common cause of a high level of albumin in the urine is  diabetes . Controlling your blood sugar level may lower the albumin level in your urine.&lt;/text&gt;&lt;text&gt;A high albumin level may also occur with: &lt;/text&gt;&lt;detail&gt;Some immune and inflammatory disorders affecting the kidney&lt;/detail&gt;&lt;detail&gt;Some genetic disorders&lt;/detail&gt;&lt;detail&gt;Rare cancers&lt;/detail&gt;&lt;detail&gt;High blood pressure&lt;/detail&gt;&lt;detail&gt;Narrowed artery of the kidney&lt;/detail&gt;&lt;detail&gt;Fever or exercise&lt;/detail&gt;&lt;text&gt;Healthy people may have a higher level of protein in the urine after exercise. People who are dehydrated may also have a higher level.&lt;/text&gt;</WhatAbnormalResultsMean><AlternativeNames>&lt;detail&gt;Diabetes - microalbuminuria&lt;/detail&gt;&lt;detail&gt; Diabetic nephropathy - microalbuminuria&lt;/detail&gt;&lt;detail&gt; Kidney disease - microalbuminuria&lt;/detail&gt;&lt;detail&gt; Proteinuria - microalbuminuria&lt;/detail&gt;</AlternativeNames></item>
<item><title>MIBG scintiscan</title><url>https://medlineplus.gov/ency/article/003830.htm</url><HowtoPreparefortheTest>&lt;text&gt;You will need to sign an informed consent form. You will be asked to wear a hospital gown or loose-fitting clothes. You will need to remove jewelry or metal objects before each scan. Many drugs interfere with the test. Ask your health care provider which of your regular medicines you may need to stop taking before the test. &lt;/text&gt;</HowtoPreparefortheTest><WhytheTestisPerformed>&lt;text&gt;This test is done to help diagnose pheochromocytoma. It is done when an  abdominal CT scan  does not give a definite answer. It is also used to help diagnose neuroblastoma and can be used for carcinoid tumors.&lt;/text&gt;</WhytheTestisPerformed><NormalResults>&lt;text&gt;There are no signs of a tumor.&lt;/text&gt;</NormalResults><WhatAbnormalResultsMean>&lt;text&gt;The test may be done to:&lt;/text&gt;&lt;detail&gt;Locate pheochromocytoma (most common usage)&lt;/detail&gt;&lt;detail&gt;Detect multiple tumors&lt;/detail&gt;&lt;detail&gt;Detect tumors that are located outside the adrenal tissues&lt;/detail&gt;&lt;detail&gt;Detect  multiple endocrine neoplasia (MEN) II &lt;/detail&gt;</WhatAbnormalResultsMean><AlternativeNames>&lt;detail&gt;Adrenal medullary imaging&lt;/detail&gt;&lt;detail&gt; Meta-iodobenzylguanidine scintiscan&lt;/detail&gt;&lt;detail&gt; Pheochromocytoma - MIBG&lt;/detail&gt;&lt;detail&gt; Neuroblastoma - MIBG&lt;/detail&gt;&lt;detail&gt; Carcinoid MIBG&lt;/detail&gt;</AlternativeNames><Images><value><img_name>MIBG injection</img_name><img_url>https://medlineplus.gov/ency/images/ency/fullsize/9646.jpg</img_url></value></Images></item>
<item><title>Methylmalonic acid blood test</title><url>https://medlineplus.gov/ency/article/003565.htm</url><HowtoPreparefortheTest>&lt;text&gt;No special preparation is necessary.&lt;/text&gt;</HowtoPreparefortheTest><WhytheTestisPerformed>&lt;text&gt;Methylmalonic acid is a substance produced when proteins, called amino acids, in the body break down.&lt;/text&gt;&lt;text&gt;The health care provider may order this test if there are signs of certain genetic disorders, such as  methylmalonic acidemia . Testing for this disorder is often done as part of a  newborn screening exam .&lt;/text&gt;&lt;text&gt;This test may also be done with other tests to check for a  vitamin B12 deficiency .&lt;/text&gt;</WhytheTestisPerformed><NormalResults>&lt;text&gt;Normal values are 0.07 to 0.27 micromoles per liter.&lt;/text&gt;&lt;text&gt;Normal value ranges may vary slightly among different laboratories. Some labs use different measurements or test different samples. Talk to your doctor about the meaning of your specific test results.&lt;/text&gt;</NormalResults><WhatAbnormalResultsMean>&lt;text&gt;A higher than normal value may be due to vitamin B12 deficiency or methylmalonic acidemia.&lt;/text&gt;</WhatAbnormalResultsMean><Images><value><img_name>Blood test</img_name><img_url>https://medlineplus.gov/ency/images/ency/fullsize/10026.jpg</img_url></value></Images></item>
<item><title>Methylene blue test</title><url>https://medlineplus.gov/ency/article/003412.htm</url><HowtoPreparefortheTest>&lt;text&gt;No special preparation is required for this test.&lt;/text&gt;</HowtoPreparefortheTest><WhytheTestisPerformed>&lt;text&gt;There are several types of oxygen-carrying proteins in the blood. One of them is methemoglobin. Normal methemoglobin level in blood are usually 1%. If the level is higher, you can become sick because the protein is not carrying oxygen. This can make your blood look brown instead of red. &lt;/text&gt;&lt;text&gt;Methemoglobinemia has several causes, many of which are genetic (problem with your genes). This test is used to tell the difference between methemoglobinemia caused by the lack of a protein called  cytochrome b5 reductase  and other types that are passed down through families (inherited). Your doctor will use the results of this test to help determine your treatment.&lt;/text&gt;</WhytheTestisPerformed><NormalResults>&lt;text&gt;Normally, methylene blue quickly lowers the level of methemoglobin in the blood.&lt;/text&gt;&lt;text&gt;Normal value ranges may vary slightly among different laboratories. Some labs use different measurements or test different samples. Talk to your provider about the meaning of your specific test results.&lt;/text&gt;</NormalResults><WhatAbnormalResultsMean>&lt;text&gt;You may have a rare form of methemoglobinemia if this test does not significantly lower the blood level of methemoglobin.&lt;/text&gt;</WhatAbnormalResultsMean><AlternativeNames>&lt;detail&gt;Methemoglobinemia - methylene blue test&lt;/detail&gt;</AlternativeNames></item>
<item><title>Methanol test</title><url>https://medlineplus.gov/ency/article/003563.htm</url><HowtoPreparefortheTest>&lt;text&gt;No special preparation is necessary.&lt;/text&gt;</HowtoPreparefortheTest><WhytheTestisPerformed>&lt;text&gt;This test is done to see if you have a toxic level of methanol in your body. You should not drink methanol. However, some people accidentally drink methanol, or drink it on purpose as a substitute for grain alcohol (ethanol).&lt;/text&gt;&lt;text&gt;Methanol can be very poisonous if you eat or drink it in toxic amounts. Methanol poisoning mainly affects the digestive system, nervous system, and eyes.&lt;/text&gt;</WhytheTestisPerformed><NormalResults>&lt;text&gt;A normal result is below a toxic cut-off level.&lt;/text&gt;</NormalResults><WhatAbnormalResultsMean>&lt;text&gt;An abnormal result means you may have methanol poisoning.&lt;/text&gt;</WhatAbnormalResultsMean><Images><value><img_name>Blood test</img_name><img_url>https://medlineplus.gov/ency/images/ency/fullsize/10026.jpg</img_url></value></Images></item>
<item><title>Mesenteric angiography</title><url>https://medlineplus.gov/ency/article/003819.htm</url><HowtoPreparefortheTest>&lt;text&gt;You should not eat or drink anything for 6 to 8 hours before the test.&lt;/text&gt;&lt;text&gt;You will be asked to wear a hospital gown and sign a consent form for the procedure. Remove jewelry from the area being imaged.&lt;/text&gt;&lt;text&gt;Tell your provider:&lt;/text&gt;&lt;detail&gt;If you are pregnant&lt;/detail&gt;&lt;detail&gt;If you have ever had any allergic reactions to x-ray contrast material, shellfish, or iodine substances&lt;/detail&gt;&lt;detail&gt;If you are allergic to any medicines&lt;/detail&gt;&lt;detail&gt;Which medicines you are taking (including any herbal preparations)&lt;/detail&gt;&lt;detail&gt;If you have ever had any bleeding problems &lt;/detail&gt;</HowtoPreparefortheTest><WhytheTestisPerformed>&lt;text&gt;This test is done:&lt;/text&gt;&lt;detail&gt;When there are symptoms of a  narrowed or blocked blood vessel  in the intestines&lt;/detail&gt;&lt;detail&gt;To find the source of bleeding in the gastrointestinal tract&lt;/detail&gt;&lt;detail&gt;To find the cause of ongoing abdominal pain and weight loss when no cause can be identified&lt;/detail&gt;&lt;detail&gt;When other studies do not provide enough information about abnormal growths along the intestinal tract&lt;/detail&gt;&lt;detail&gt;To look at blood vessel damage after an abdominal injury &lt;/detail&gt;&lt;text&gt;A mesenteric angiogram may be performed after more sensitive nuclear medicine scans have identified active bleeding. The radiologist can then pinpoint and treat the source.&lt;/text&gt;</WhytheTestisPerformed><NormalResults>&lt;text&gt;Results are normal if the examined arteries are normal in appearance.&lt;/text&gt;</NormalResults><WhatAbnormalResultsMean>&lt;text&gt;A common abnormal finding is  narrowing and hardening of the arteries  that supply the large and small intestine. This is called mesenteric ischemia. The problem occurs when fatty material (plaque) builds up on the walls of your arteries.&lt;/text&gt;&lt;text&gt;Abnormal results may also be due to  bleeding in the small and large intestine . This may be caused by:&lt;/text&gt;&lt;detail&gt; Angiodysplasia of the colon &lt;/detail&gt;&lt;detail&gt;Blood vessel rupture from injury &lt;/detail&gt;&lt;text&gt;Other abnormal results may be due to:&lt;/text&gt;&lt;detail&gt; Blood clots &lt;/detail&gt;&lt;detail&gt; Cirrhosis &lt;/detail&gt;&lt;detail&gt; Tumors &lt;/detail&gt;</WhatAbnormalResultsMean><AlternativeNames>&lt;detail&gt;Abdominal arteriogram&lt;/detail&gt;&lt;detail&gt; Arteriogram - abdomen&lt;/detail&gt;&lt;detail&gt; Mesenteric angiogram&lt;/detail&gt;</AlternativeNames><Images><value><img_name>Mesenteric arteriography</img_name><img_url>https://medlineplus.gov/ency/images/ency/fullsize/9623.jpg</img_url></value></Images></item>
<item><title>Mental status testing</title><url>https://medlineplus.gov/ency/article/003326.htm</url><NormalResults>&lt;text&gt;Most tests are divided into sections, each with its own score. The results help show which part of someone's thinking and memory may be affected.&lt;/text&gt;</NormalResults><WhatAbnormalResultsMean>&lt;text&gt;A number of health conditions can affect mental status. The provider will discuss these with you. An abnormal mental status test alone does not diagnose the cause. However, poor performance on such tests can be due to medical illness, brain disease such as dementia, Parkinson disease, or to mental illness. &lt;/text&gt;</WhatAbnormalResultsMean><AlternativeNames>&lt;detail&gt;Mental status exam&lt;/detail&gt;&lt;detail&gt; Neurocognitive testing&lt;/detail&gt;&lt;detail&gt; Dementia-mental status testing&lt;/detail&gt;</AlternativeNames></item>
<item><title>Mediastinoscopy with biopsy</title><url>https://medlineplus.gov/ency/article/003864.htm</url><HowtoPreparefortheTest>&lt;text&gt;You must sign an informed consent form. You will not be able to have food or fluid for 8 hours before the test.&lt;/text&gt;</HowtoPreparefortheTest><WhytheTestisPerformed>&lt;text&gt;This procedure is done to look at and then biopsy lymph nodes or any other abnormal growths in the front part of the mediastinum, near your chest wall.&lt;/text&gt;&lt;detail&gt;The most common reason is to see if lung cancer (or another cancer) has spread to these lymph nodes. This is called staging.&lt;/detail&gt;&lt;detail&gt;This procedure is also done for certain infections (tuberculosis, sarcoidosis) and  autoimmune disorders . &lt;/detail&gt;</WhytheTestisPerformed><NormalResults>&lt;text&gt;Biopsies of lymph node tissues are normal and do not show signs of cancer or infection.&lt;/text&gt;</NormalResults><WhatAbnormalResultsMean>&lt;text&gt;Abnormal findings may indicate:&lt;/text&gt;&lt;detail&gt; Hodgkin disease &lt;/detail&gt;&lt;detail&gt; Lung cancer &lt;/detail&gt;&lt;detail&gt; Lymphoma  or other tumors&lt;/detail&gt;&lt;detail&gt; Sarcoidosis &lt;/detail&gt;&lt;detail&gt;The spread of disease from one body part to another&lt;/detail&gt;&lt;detail&gt; Tuberculosis &lt;/detail&gt;</WhatAbnormalResultsMean><Images><value><img_name>Mediastinum</img_name><img_url>https://medlineplus.gov/ency/images/ency/fullsize/19565.jpg</img_url></value></Images></item>
<item><title>Mammogram</title><url>https://medlineplus.gov/ency/article/003380.htm</url><HowtoPreparefortheTest>&lt;text&gt;DO NOT use deodorant, perfume, powders, or ointments under your arms or on your breasts on the day of the mammogram. These substances may hide the images. Remove all jewelry from your neck and chest area.&lt;/text&gt;&lt;text&gt;Tell your provider and the x-ray technologist if you are pregnant or breastfeeding, or if you've had a breast biopsy.&lt;/text&gt;</HowtoPreparefortheTest><WhytheTestisPerformed>&lt;text&gt;When and how often to have a screening mammogram is a choice you must make. Different expert groups do not fully agree on the best timing for this test.&lt;/text&gt;&lt;text&gt;Before having a mammogram, talk to your provider about the pros and cons of having the test. Ask about:&lt;/text&gt;&lt;detail&gt;Your  risk for breast cancer &lt;/detail&gt;&lt;detail&gt;Whether screening decreases your chance of dying from breast cancer&lt;/detail&gt;&lt;detail&gt;Whether there is any harm from breast cancer screening, such as side effects from testing or overtreatment of cancer when it's discovered &lt;/detail&gt;&lt;text&gt;Mammography is performed to screen women to detect early breast cancer when it is more likely to be cured. Mammography is generally recommended for:&lt;/text&gt;&lt;detail&gt;Women starting at age 40, repeated every 1 to 2 years. (This is not recommended by all expert organizations.)&lt;/detail&gt;&lt;detail&gt;All women starting at age 50, repeated every 1 to 2 years.&lt;/detail&gt;&lt;detail&gt;Women with a mother or sister who had breast cancer at a younger age should consider yearly mammograms. They should begin earlier than the age at which their youngest family member was diagnosed. &lt;/detail&gt;&lt;text&gt;Mammography is also used to:&lt;/text&gt;&lt;detail&gt;Follow a woman who has had an abnormal mammogram.&lt;/detail&gt;&lt;detail&gt;Evaluate a woman who has symptoms of a breast disease. These symptoms may include a lump, nipple discharge,  breast pain , dimpling of the skin on the breast, changes of the nipple, or other findings. &lt;/detail&gt;</WhytheTestisPerformed><NormalResults>&lt;text&gt;Breast tissue that shows no signs of a mass or  calcifications  is considered normal.&lt;/text&gt;</NormalResults><WhatAbnormalResultsMean>&lt;text&gt;Most abnormal findings on a screening mammogram turn out to be benign (not cancer) or nothing to worry about. New findings or changes must be further evaluated.&lt;/text&gt;&lt;text&gt;A radiology doctor (radiologist) may see the following types of findings on a mammogram:&lt;/text&gt;&lt;detail&gt;A well-outlined, regular, clear spot (this is more likely to be a noncancerous condition, such as a cyst)&lt;/detail&gt;&lt;detail&gt;Masses or lumps&lt;/detail&gt;&lt;detail&gt;Dense areas in the breast that can be breast cancer or hide breast cancer&lt;/detail&gt;&lt;detail&gt;Calcifications, which are caused by tiny deposits of calcium in the breast tissue (most calcifications are not a sign of cancer) &lt;/detail&gt;&lt;text&gt;At times, the following tests are also needed to further examine mammogram findings:&lt;/text&gt;&lt;detail&gt;Additional mammogram views, called magnification or compression views&lt;/detail&gt;&lt;detail&gt;Breast ultrasound&lt;/detail&gt;&lt;detail&gt; Breast MRI exam  (less commonly done) &lt;/detail&gt;&lt;text&gt;Comparing your current mammogram to your past mammograms helps the radiologist tell whether you had an abnormal finding in the past and whether it has changed.&lt;/text&gt;&lt;text&gt;When mammogram or ultrasound results look suspicious, a biopsy is done to test the tissue and see if it is cancerous. Types of biopsies include:&lt;/text&gt;&lt;detail&gt; Stereotactic &lt;/detail&gt;&lt;detail&gt; Ultrasound &lt;/detail&gt;&lt;detail&gt;   Open   &lt;/detail&gt;</WhatAbnormalResultsMean><AlternativeNames>&lt;detail&gt;Mammography&lt;/detail&gt;&lt;detail&gt; Breast cancer - mammography&lt;/detail&gt;&lt;detail&gt; Breast cancer - screening mammography&lt;/detail&gt;&lt;detail&gt; Breast lump - mammogram&lt;/detail&gt;&lt;detail&gt; Breast tomosynthesis&lt;/detail&gt;</AlternativeNames><Images><value><img_name>Female breast</img_name><img_url>https://medlineplus.gov/ency/images/ency/fullsize/1075.jpg</img_url></value><value><img_name>Breast lumps</img_name><img_url>https://medlineplus.gov/ency/images/ency/fullsize/17029.jpg</img_url></value><value><img_name>Causes of breast lumps</img_name><img_url>https://medlineplus.gov/ency/images/ency/fullsize/17080.jpg</img_url></value><value><img_name>Mammary gland</img_name><img_url>https://medlineplus.gov/ency/images/ency/fullsize/17084.jpg</img_url></value><value><img_name>Abnormal discharge from the nipple</img_name><img_url>https://medlineplus.gov/ency/images/ency/fullsize/17093.jpg</img_url></value><value><img_name>Fibrocystic breast disease</img_name><img_url>https://medlineplus.gov/ency/images/ency/fullsize/17185.jpg</img_url></value><value><img_name>Mammography</img_name><img_url>https://medlineplus.gov/ency/images/ency/fullsize/23188.jpg</img_url></value></Images></item>
<item><title>Magnetic resonance angiography</title><url>https://medlineplus.gov/ency/article/007269.htm</url><HowtoPreparefortheTest>&lt;text&gt;You may be asked not to eat or drink anything for 4 to 6 hours before the scan.&lt;/text&gt;&lt;text&gt;Tell your health care provider if you are afraid of close spaces (have claustrophobia). You may be given a medicine to help you feel sleepy and less anxious. Your provider may suggest an "open" MRI. In open MRI, the machine is not as close to the body.&lt;/text&gt;&lt;text&gt;Before the test, tell your provider if you have:&lt;/text&gt;&lt;detail&gt;Brain aneurysm clips&lt;/detail&gt;&lt;detail&gt;Artificial heart valve&lt;/detail&gt;&lt;detail&gt; Heart defibrillator  or pacemaker&lt;/detail&gt;&lt;detail&gt;Inner ear (cochlear) implants&lt;/detail&gt;&lt;detail&gt;Insulin or chemotherapy port&lt;/detail&gt;&lt;detail&gt;Intrauterine device (IUD)&lt;/detail&gt;&lt;detail&gt;Kidney disease or dialysis (you may not be able to receive contrast)&lt;/detail&gt;&lt;detail&gt;Neurostimulator&lt;/detail&gt;&lt;detail&gt;Recently placed artificial joints&lt;/detail&gt;&lt;detail&gt;Vascular  stent &lt;/detail&gt;&lt;detail&gt;Worked with sheet metal in the past (you may need tests to check for metal pieces in your eyes)&lt;/detail&gt;&lt;text&gt;Because the MRI contains strong magnets, metal objects are not allowed into the room with the MRI scanner. Avoid carrying items such as:&lt;/text&gt;&lt;detail&gt;Pocketknives, pens, and eyeglasses&lt;/detail&gt;&lt;detail&gt;Watches, credit cards, jewelry, and hearing aids&lt;/detail&gt;&lt;detail&gt;Hairpins, metal zippers, pins, and similar items&lt;/detail&gt;&lt;detail&gt;Removable dental implants&lt;/detail&gt;</HowtoPreparefortheTest><WhytheTestisPerformed>&lt;text&gt;MRA is used to look at the blood vessels in all parts of the body. The test may be done for the head, heart, abdomen, lungs, kidneys, and legs.&lt;/text&gt;&lt;text&gt;It may be used to diagnose or evaluate conditions such as:&lt;/text&gt;&lt;detail&gt; Arterial aneurysm  (an abnormal widening or ballooning of a part of an artery due to weakness in the wall of the blood vessel)   &lt;/detail&gt;&lt;detail&gt; Aortic coarctation &lt;/detail&gt;&lt;detail&gt; Aortic dissection &lt;/detail&gt;&lt;detail&gt; Stroke &lt;/detail&gt;&lt;detail&gt; Carotid artery disease &lt;/detail&gt;&lt;detail&gt; Atherosclerosis  of the arms or legs   &lt;/detail&gt;&lt;detail&gt;   Heart disease, including congenital heart disease   &lt;/detail&gt;&lt;detail&gt; Mesenteric artery ischemia &lt;/detail&gt;&lt;detail&gt;   Renal artery stenosis (narrowing of the blood vessels in the kidneys)   &lt;/detail&gt;</WhytheTestisPerformed><NormalResults>&lt;text&gt;A normal result means the blood vessels do not show any signs of narrowing or blockage.&lt;/text&gt;</NormalResults><WhatAbnormalResultsMean>&lt;text&gt;An abnormal result suggests a problem with one or more blood vessels. This may suggest:&lt;/text&gt;&lt;detail&gt; Atherosclerosis &lt;/detail&gt;&lt;detail&gt;Trauma&lt;/detail&gt;&lt;detail&gt;Congenital disease&lt;/detail&gt;&lt;detail&gt;Other vascular condition&lt;/detail&gt;</WhatAbnormalResultsMean><AlternativeNames>&lt;detail&gt;MRA&lt;/detail&gt;&lt;detail&gt; Angiography - magnetic resonance&lt;/detail&gt;</AlternativeNames><Images><value><img_name>MRI scans</img_name><img_url>https://medlineplus.gov/ency/images/ency/fullsize/23212.jpg</img_url></value></Images></item>
<item><title>Magnesium blood test</title><url>https://medlineplus.gov/ency/article/003487.htm</url><HowtoPreparefortheTest>&lt;text&gt;No special preparation is needed.&lt;/text&gt;</HowtoPreparefortheTest><WhytheTestisPerformed>&lt;text&gt;This test is done when your health care provider suspects you have an abnormal level of magnesium in your blood.&lt;/text&gt;&lt;text&gt;About half of the body's magnesium is found in bone. The other half is found inside cells of body tissues and organs.&lt;/text&gt;&lt;text&gt;Magnesium is needed for many chemical processes in the body. It helps maintain normal muscle and nerve function, and keeps the bones strong. Magnesium is also needed for the heart to function normally and to help regulate blood pressure. Magnesium also helps the body control blood sugar level and helps support the body's defense (immune) system.&lt;/text&gt;</WhytheTestisPerformed><NormalResults>&lt;text&gt;The normal range for blood magnesium level is 1.7 to 2.2 mg/dL (0.85 to 1.10 mmol/L).&lt;/text&gt;&lt;text&gt;Normal value ranges may vary slightly among different laboratories. Some labs use different measurements or test different samples. Talk to your provider about the meaning of your specific test results.&lt;/text&gt;</NormalResults><WhatAbnormalResultsMean>&lt;text&gt;A high magnesium level may indicate:&lt;/text&gt;&lt;detail&gt;The adrenal glands are not producing enough hormones ( Addison disease )&lt;/detail&gt;&lt;detail&gt;Loss of kidney function ( chronic renal failure )&lt;/detail&gt;&lt;detail&gt;Loss of body fluids ( dehydration )&lt;/detail&gt;&lt;detail&gt;Diabetic ketoacidosis, a life-threatening problem in people with diabetes&lt;/detail&gt;&lt;detail&gt;Producing less urine than usual ( oliguria )&lt;/detail&gt;&lt;text&gt;A low magnesium level may indicate:&lt;/text&gt;&lt;detail&gt; Alcoholism  or severe alcohol withdrawal ( delirium tremens )&lt;/detail&gt;&lt;detail&gt;Long-term (chronic)  diarrhea &lt;/detail&gt;&lt;detail&gt;Treatment to remove waste from the blood ( hemodialysis )&lt;/detail&gt;&lt;detail&gt;Scarring of the liver and loss of liver function ( cirrhosis )&lt;/detail&gt;&lt;detail&gt;Adrenal gland produces too much of the hormone aldosterone ( hyperaldosteronism )&lt;/detail&gt;&lt;detail&gt;Parathyroid glands do not produce enough parathyroid hormone ( hypoparathyroidism )&lt;/detail&gt;&lt;detail&gt;Inflammation of the pancreas ( pancreatitis )&lt;/detail&gt;&lt;detail&gt;Too much insulin&lt;/detail&gt;&lt;detail&gt;High blood pressure and protein in the urine in a pregnant woman ( preeclampsia )&lt;/detail&gt;&lt;detail&gt;Inflammation of the lining of the large intestine and rectum ( ulcerative colitis )&lt;/detail&gt;</WhatAbnormalResultsMean><AlternativeNames>&lt;detail&gt;Magnesium - blood&lt;/detail&gt;</AlternativeNames><Images><value><img_name>Blood test</img_name><img_url>https://medlineplus.gov/ency/images/ency/fullsize/10026.jpg</img_url></value></Images></item>
<item><title>Nuclear ventriculography</title><url>https://medlineplus.gov/ency/article/003822.htm</url><HowtoPreparefortheTest>&lt;text&gt;You may be told not to eat or drink for several hours before the test.&lt;/text&gt;</HowtoPreparefortheTest><WhytheTestisPerformed>&lt;text&gt;The test will show how well the blood is pumping through different parts of the heart.&lt;/text&gt;</WhytheTestisPerformed><NormalResults>&lt;text&gt;Normal results show that the heart squeezing function is normal. The test can check the overall squeezing strength of the heart (ejection fraction). A normal value is above 50% to 55%.&lt;/text&gt;&lt;text&gt;The test also can check the motion of different parts of the heart. If one part of the heart is moving poorly while the others move well, it may mean that there has been damage to that part of the heart. &lt;/text&gt;</NormalResults><WhatAbnormalResultsMean>&lt;text&gt;Abnormal results may be due to:&lt;/text&gt;&lt;detail&gt;Blockages in the coronary arteries ( coronary artery disease )  &lt;/detail&gt;&lt;detail&gt;Heart valve disease&lt;/detail&gt;&lt;detail&gt;Other cardiac disorders that weaken the heart (reduced pumping function)&lt;/detail&gt;&lt;detail&gt;Past heart attack ( myocardial infarction )&lt;/detail&gt;&lt;text&gt;The test may also be performed for:&lt;/text&gt;&lt;detail&gt; Dilated cardiomyopathy &lt;/detail&gt;&lt;detail&gt; Heart failure &lt;/detail&gt;&lt;detail&gt;Idiopathic cardiomyopathy&lt;/detail&gt;&lt;detail&gt; Peripartum cardiomyopathy &lt;/detail&gt;&lt;detail&gt;Ischemic cardiomyopathy&lt;/detail&gt;&lt;detail&gt;Testing whether a medicine has affected heart function &lt;/detail&gt;</WhatAbnormalResultsMean><AlternativeNames>&lt;detail&gt;Cardiac blood pooling imaging&lt;/detail&gt;&lt;detail&gt; Heart scan - nuclear&lt;/detail&gt;&lt;detail&gt; Radionuclide ventriculography (RNV)&lt;/detail&gt;&lt;detail&gt; Multiple gate acquisition scan (MUGA)&lt;/detail&gt;&lt;detail&gt; Nuclear cardiology&lt;/detail&gt;&lt;detail&gt; Cardiomyopathy - nuclear ventriculography&lt;/detail&gt;</AlternativeNames><Images><value><img_name>Heart, front view</img_name><img_url>https://medlineplus.gov/ency/images/ency/fullsize/1097.jpg</img_url></value><value><img_name>MUGA test</img_name><img_url>https://medlineplus.gov/ency/images/ency/fullsize/9675.jpg</img_url></value></Images></item>
<item><title>Nuclear stress test</title><url>https://medlineplus.gov/ency/article/007201.htm</url><HowtoPreparefortheTest>&lt;text&gt;You should wear comfortable clothes and shoes with non-skid soles. You may be asked not to eat or drink after midnight. You will be allowed to have a few sips of water if you need to take medicines.&lt;/text&gt;&lt;text&gt;You will need to avoid caffeine for 24 hours before the test. This includes:&lt;/text&gt;&lt;detail&gt;Tea and coffee&lt;/detail&gt;&lt;detail&gt;All sodas, even ones that are labeled caffeine-free&lt;/detail&gt;&lt;detail&gt;Chocolates, and certain pain relievers that contain caffeine &lt;/detail&gt;&lt;text&gt;Many medicines can interfere with blood test results.&lt;/text&gt;&lt;detail&gt;Your provider will tell you if you need to stop taking any medicines before you have this test.&lt;/detail&gt;&lt;detail&gt;DO NOT stop or change your medicines without talking to your doctor first. &lt;/detail&gt;</HowtoPreparefortheTest><WhytheTestisPerformed>&lt;text&gt;The test is done to see if your heart muscle is getting enough blood flow and oxygen when it is working hard (under stress).&lt;/text&gt;&lt;text&gt;Your provider may order this test to find out:&lt;/text&gt;&lt;detail&gt;How well a treatment (medicines, angioplasty, or heart surgery) is working.&lt;/detail&gt;&lt;detail&gt;If you are at high risk for heart disease or complications.&lt;/detail&gt;&lt;detail&gt;If you are planning to start an exercise program or have surgery.&lt;/detail&gt;&lt;detail&gt;The cause of new chest pain or worsening angina.&lt;/detail&gt;&lt;detail&gt;What you can expect after you have had a  heart attack . &lt;/detail&gt;&lt;text&gt;The results of a nuclear stress test can help:&lt;/text&gt;&lt;detail&gt;Determine how well your heart is pumping&lt;/detail&gt;&lt;detail&gt;Determine the proper treatment for  coronary heart disease &lt;/detail&gt;&lt;detail&gt;Diagnose coronary artery disease&lt;/detail&gt;&lt;detail&gt;See whether your heart is too large &lt;/detail&gt;</WhytheTestisPerformed><NormalResults>&lt;text&gt;A normal test most often means that you were able to exercise as long as or longer than most people of your age and gender. You also did not have symptoms or changes in blood pressure, your ECG or the images of your heart that caused concern.&lt;/text&gt;&lt;text&gt;A normal result means blood flow through the coronary arteries is probably normal.&lt;/text&gt;&lt;text&gt;The meaning of your test results depends on the reason for the test, your age, and your history of heart and other medical problems.&lt;/text&gt;</NormalResults><WhatAbnormalResultsMean>&lt;text&gt;Abnormal results may be due to:&lt;/text&gt;&lt;detail&gt;Reduced blood flow to a part of the heart. The most likely cause is a narrowing or blockage of one or more of the arteries that supply your heart muscle.&lt;/detail&gt;&lt;detail&gt;Scarring of the heart muscle due to a previous heart attack. &lt;/detail&gt;&lt;text&gt;After the test you may need:&lt;/text&gt;&lt;detail&gt; Angioplasty and stent placement &lt;/detail&gt;&lt;detail&gt;Changes in your heart medicines&lt;/detail&gt;&lt;detail&gt; Coronary angiography &lt;/detail&gt;&lt;detail&gt; Heart bypass surgery &lt;/detail&gt;</WhatAbnormalResultsMean><AlternativeNames>&lt;detail&gt;Sestamibi stress test&lt;/detail&gt;&lt;detail&gt; MIBI stress test&lt;/detail&gt;&lt;detail&gt; Myocardial perfusion scintigraphy&lt;/detail&gt;&lt;detail&gt; Dobutamine stress test&lt;/detail&gt;&lt;detail&gt; Persantine stress test&lt;/detail&gt;&lt;detail&gt; Thallium stress test&lt;/detail&gt;&lt;detail&gt; Stress test - nuclear&lt;/detail&gt;&lt;detail&gt; Adenosine stress test&lt;/detail&gt;&lt;detail&gt; Regadenoson stress test&lt;/detail&gt;&lt;detail&gt; CAD - nuclear stress&lt;/detail&gt;&lt;detail&gt; Coronary artery disease - nuclear stress&lt;/detail&gt;&lt;detail&gt; Angina - nuclear stress&lt;/detail&gt;&lt;detail&gt; Chest pain - nuclear stress&lt;/detail&gt;</AlternativeNames><Images><value><img_name>Nuclear scan</img_name><img_url>https://medlineplus.gov/ency/images/ency/fullsize/19100.jpg</img_url></value><value><img_name>Anterior heart arteries</img_name><img_url>https://medlineplus.gov/ency/images/ency/fullsize/9367.jpg</img_url></value></Images></item>
<item><title>Nuchal translucency test</title><url>https://medlineplus.gov/ency/article/007561.htm</url><HowtoPreparefortheTest>&lt;text&gt;Having a full bladder will give the best ultrasound picture. You may be asked to drink 2 to 3 glasses of liquid an hour before the test. DO NOT urinate before your ultrasound. &lt;/text&gt;</HowtoPreparefortheTest><WhytheTestisPerformed>&lt;text&gt;Your provider may advise this test to screen your baby for Down syndrome. Many pregnant women decide to have this test.&lt;/text&gt;&lt;text&gt;Nuchal translucency is usually done between the 11th and 14th week of pregnancy. It can be done earlier in pregnancy than  amniocentesis . This is another test that checks for birth defects.&lt;/text&gt;</WhytheTestisPerformed><NormalResults>&lt;text&gt;A normal amount of fluid in the back of the neck during ultrasound means it is very unlikely your baby has Down syndrome or another genetic disorder.&lt;/text&gt;&lt;text&gt;Nuchal translucency measurement increases with gestational age. This is the period between conception and birth. The higher the measurement compared to babies the same gestational age, the higher the risk is for certain genetic disorders. &lt;/text&gt;&lt;text&gt;The measurements below are considered low risk for genetic disorders:&lt;/text&gt;&lt;detail&gt;At 11 weeks -- up to 2 mm&lt;/detail&gt;&lt;detail&gt;At 13 weeks, 6 days -- up to 2.8 mm &lt;/detail&gt;</NormalResults><WhatAbnormalResultsMean>&lt;text&gt;More fluid than normal in the back of the neck means there is a higher risk for Down syndrome, trisomy 18, trisomy 13, Turner syndrome, or congenital heart disease. But it does not tell for certain that the baby has Down syndrome or another genetic disorder. &lt;/text&gt;&lt;text&gt;If the result is abnormal, other tests can be done. Most of the time, the other test done is amniocentesis.&lt;/text&gt;</WhatAbnormalResultsMean><AlternativeNames>&lt;detail&gt;Nuchal translucency screening&lt;/detail&gt;&lt;detail&gt; NT&lt;/detail&gt;&lt;detail&gt; Nuchal fold test&lt;/detail&gt;&lt;detail&gt; Nuchal fold scan&lt;/detail&gt;&lt;detail&gt; Prenatal genetic screening&lt;/detail&gt;&lt;detail&gt; Down syndrome - nuchal translucency&lt;/detail&gt;</AlternativeNames></item>
<item><title>Nitroblue tetrazolium blood test</title><url>https://medlineplus.gov/ency/article/003355.htm</url><HowtoPreparefortheTest>&lt;text&gt;No special preparation is needed.&lt;/text&gt;</HowtoPreparefortheTest><WhytheTestisPerformed>&lt;text&gt;This test is done to screen for  chronic granulomatous disease . This disorder is passed down in families. In people who have this disease, certain immune cells do not help protect the body from infections.&lt;/text&gt;&lt;text&gt;People who have frequent infections in the bones, skin, joints, lungs, and other parts of the body may have this test done.&lt;/text&gt;</WhytheTestisPerformed><NormalResults>&lt;text&gt;Normally, the white blood cells turn blue when NBT is added. This means that the cells should be able to kill bacteria and protect the person from infections.&lt;/text&gt;&lt;text&gt;Normal value ranges may vary slightly from one lab to another. Talk to your doctor about the meaning of your test results.&lt;/text&gt;</NormalResults><WhatAbnormalResultsMean>&lt;text&gt;If the sample does not change color when NBT is added, the white blood cells are missing the substance needed to kill bacteria. This may be due to chronic granulomatous disease.&lt;/text&gt;</WhatAbnormalResultsMean><AlternativeNames>&lt;detail&gt;NBT test&lt;/detail&gt;</AlternativeNames><Images><value><img_name>Nitroblue tetrazolium test</img_name><img_url>https://medlineplus.gov/ency/images/ency/fullsize/9697.jpg</img_url></value></Images></item>
<item><title>Newborn screening tests</title><url>https://medlineplus.gov/ency/article/007257.htm</url><HowtoPreparefortheTest>&lt;text&gt;There is no preparation needed for newborn screening tests. The tests are most often done before leaving the hospital when the baby is between 24 hours and 7 days old. &lt;/text&gt;</HowtoPreparefortheTest><WhytheTestisPerformed>&lt;text&gt;Screening tests do not diagnose illnesses. They show which babies need more testing to confirm or rule out illnesses.&lt;/text&gt;&lt;text&gt;If follow-up testing confirms that the child has a disease, treatment can be started, before symptoms appear.&lt;/text&gt;&lt;text&gt;Blood screening tests are used to detect a number of disorders. Some of these may include:&lt;/text&gt;&lt;detail&gt;Amino acid metabolism disorders&lt;/detail&gt;&lt;detail&gt;Biotinidase deficiency&lt;/detail&gt;&lt;detail&gt; Congenital adrenal hyperplasia &lt;/detail&gt;&lt;detail&gt;Congenital hypothyroidism&lt;/detail&gt;&lt;detail&gt; Cystic fibrosis &lt;/detail&gt;&lt;detail&gt;Fatty acid metabolism disorders&lt;/detail&gt;&lt;detail&gt;Galactosemia&lt;/detail&gt;&lt;detail&gt; Glucose-6-phosphate dehydrogenase deficiency (G6PD) &lt;/detail&gt;&lt;detail&gt;Human immunodeficiency disease (HIV)&lt;/detail&gt;&lt;detail&gt;Organic acid metabolism disorders&lt;/detail&gt;&lt;detail&gt;Phenylketonuria (PKU)&lt;/detail&gt;&lt;detail&gt;Sickle cell disease and other hemoglobin disorders and traits&lt;/detail&gt;&lt;detail&gt;Toxoplasmosis &lt;/detail&gt;</WhytheTestisPerformed><NormalResults>&lt;text&gt;Normal values for each screening test may vary depending on how the test is performed.&lt;/text&gt;&lt;text&gt;&lt;strong&gt;Note:&lt;/strong&gt; Normal value ranges may vary slightly among different laboratories. Talk to your health care provider about the meaning of your specific test results.&lt;/text&gt;</NormalResults><WhatAbnormalResultsMean>&lt;text&gt;An abnormal result means that the child should have additional testing to confirm or rule out the condition.&lt;/text&gt;</WhatAbnormalResultsMean><AlternativeNames>&lt;detail&gt;Infant screening tests&lt;/detail&gt;&lt;detail&gt; Neonatal screening tests&lt;/detail&gt;&lt;detail&gt; The PKU test&lt;/detail&gt;</AlternativeNames></item>
<item><title>Nerve conduction velocity</title><url>https://medlineplus.gov/ency/article/003927.htm</url><HowtoPreparefortheTest>&lt;text&gt;You must stay at a normal body temperature. Being too cold slows nerve conduction.&lt;/text&gt;&lt;text&gt;Tell your doctor if you have a cardiac defibrillator or pacemaker. Special steps will need to be taken before the test if you have one of these devices.&lt;/text&gt;&lt;text&gt;Do not wear any lotions, sunscreen, perfume, or moisturizer on your body on the day of the test. &lt;/text&gt;</HowtoPreparefortheTest><WhytheTestisPerformed>&lt;text&gt;This test is used to diagnose nerve damage or destruction. The test may sometimes be used to evaluate diseases of nerve or muscle, including: &lt;/text&gt;&lt;detail&gt;Myopathy&lt;/detail&gt;&lt;detail&gt;Lambert-Eaton syndrome&lt;/detail&gt;&lt;detail&gt;Myasthenia gravis&lt;/detail&gt;&lt;detail&gt;Carpal tunnel syndrome&lt;/detail&gt;&lt;detail&gt;Tarsal tunnel syndrome&lt;/detail&gt;&lt;detail&gt;Diabetic neuropathy&lt;/detail&gt;&lt;detail&gt;Bell palsy&lt;/detail&gt;&lt;detail&gt;Guillain-Barré syndrome&lt;/detail&gt;&lt;detail&gt;Brachial plexopathy&lt;/detail&gt;</WhytheTestisPerformed><NormalResults>&lt;text&gt;NCV is related to the diameter of the nerve and the degree of myelination (the presence of a myelin sheath on the axon) of the nerve. Newborn infants have values that are approximately half that of adults. Adult values are normally reached by age 3 or 4.&lt;/text&gt;&lt;text&gt;Note: Normal value ranges may vary slightly among different laboratories. Talk to your health care provider about the meaning of your specific test results.&lt;/text&gt;</NormalResults><WhatAbnormalResultsMean>&lt;text&gt;Most often, abnormal results are due to nerve damage or destruction, including:&lt;/text&gt;&lt;detail&gt;Axonopathy (damage to the long portion of the nerve cell)&lt;/detail&gt;&lt;detail&gt;Conduction block (the impulse is blocked somewhere along the nerve pathway)&lt;/detail&gt;&lt;detail&gt;Demyelination (damage and loss of the fatty insulation surrounding the nerve cell) &lt;/detail&gt;&lt;text&gt;The nerve damage or destruction may be due to many different conditions, including:&lt;/text&gt;&lt;detail&gt;Alcoholic neuropathy&lt;/detail&gt;&lt;detail&gt;Diabetic neuropathy&lt;/detail&gt;&lt;detail&gt;Nerve effects of uremia (from kidney failure)&lt;/detail&gt;&lt;detail&gt;Traumatic injury to a nerve&lt;/detail&gt;&lt;detail&gt;Guillain-Barré syndrome&lt;/detail&gt;&lt;detail&gt;Diphtheria&lt;/detail&gt;&lt;detail&gt;Carpal tunnel syndrome&lt;/detail&gt;&lt;detail&gt;Brachial plexopathy&lt;/detail&gt;&lt;detail&gt;Charcot-Marie-Tooth disease (hereditary)&lt;/detail&gt;&lt;detail&gt;Chronic inflammatory polyneuropathy&lt;/detail&gt;&lt;detail&gt;Common peroneal nerve dysfunction&lt;/detail&gt;&lt;detail&gt;Distal median nerve dysfunction&lt;/detail&gt;&lt;detail&gt;Femoral nerve dysfunction&lt;/detail&gt;&lt;detail&gt;Friedreich ataxia&lt;/detail&gt;&lt;detail&gt;General paresis&lt;/detail&gt;&lt;detail&gt;Mononeuritis multiplex&lt;/detail&gt;&lt;detail&gt;Primary amyloidosis&lt;/detail&gt;&lt;detail&gt;Radial nerve dysfunction&lt;/detail&gt;&lt;detail&gt;Sciatic nerve dysfunction&lt;/detail&gt;&lt;detail&gt;Secondary systemic amyloidosis&lt;/detail&gt;&lt;detail&gt;Sensorimotor polyneuropathy&lt;/detail&gt;&lt;detail&gt;Tibial nerve dysfunction&lt;/detail&gt;&lt;detail&gt;Ulnar nerve dysfunction &lt;/detail&gt;&lt;text&gt;Any peripheral neuropathy can cause abnormal results. Damage to the spinal cord and disk herniation (herniated nucleus pulposus) with nerve root compression can also cause abnormal results.&lt;/text&gt;</WhatAbnormalResultsMean><AlternativeNames>&lt;detail&gt;NCV&lt;/detail&gt;</AlternativeNames><Images><value><img_name>Nerve conduction test</img_name><img_url>https://medlineplus.gov/ency/images/ency/fullsize/9743.jpg</img_url></value></Images></item>
<item><title>Nerve biopsy</title><url>https://medlineplus.gov/ency/article/003928.htm</url><HowtoPreparefortheTest>&lt;text&gt;There is no special preparation.&lt;/text&gt;</HowtoPreparefortheTest><WhytheTestisPerformed>&lt;text&gt;Nerve biopsy may be done to help diagnose:&lt;/text&gt;&lt;detail&gt;Axon degeneration (destruction of the axon portion of the nerve cell)&lt;/detail&gt;&lt;detail&gt;Damage to the small nerves&lt;/detail&gt;&lt;detail&gt;   Demyelination (destruction of parts of the  myelin  sheath covering the nerve)   &lt;/detail&gt;&lt;detail&gt;Inflammatory nerve conditions (neuropathies)&lt;/detail&gt;&lt;text&gt;Conditions for which the test may be done include any of the following:&lt;/text&gt;&lt;detail&gt; Alcoholic neuropathy  (damage to nerves from excessive drinking of alcohol)&lt;/detail&gt;&lt;detail&gt; Axillary nerve dysfunction  (damage to the shoulder nerve that leads to a loss of movement or sensation in the shoulder)&lt;/detail&gt;&lt;detail&gt; Brachial plexopathy  (damage to the brachial plexus, an area on each side of the neck where nerve roots from the spinal cord split into each arm's nerves)&lt;/detail&gt;&lt;detail&gt; Charcot-Marie-Tooth disease  (inherited group of disorders that affect the nerves outside the brain and spine)&lt;/detail&gt;&lt;detail&gt; Common peroneal nerve dysfunction  (damage to the peroneal nerve leading to loss of movement or sensation in the foot and leg)&lt;/detail&gt;&lt;detail&gt; Distal median nerve dysfunction  (damage to the median nerve leading to loss of movement or sensation in the hands)&lt;/detail&gt;&lt;detail&gt; Mononeuritis multiplex  (disorder that involves damage to at least two separate nerve areas)&lt;/detail&gt;&lt;detail&gt; Necrotizing vasculitis  (group of disorders that involve inflammation of the blood vessel walls)&lt;/detail&gt;&lt;detail&gt; Neurosarcoidosis  (complication of sarcoidosis, in which inflammation occurs in the brain, spinal cord, and other areas of the nervous system)&lt;/detail&gt;&lt;detail&gt; Radial nerve dysfunction  (damage to the radial nerve leading to loss of movement or sensation in the arm, wrist or hand)&lt;/detail&gt;&lt;detail&gt; Tibial nerve dysfunction  (damage to the tibial nerve leading to loss of movement or sensation in the foot)&lt;/detail&gt;</WhytheTestisPerformed><NormalResults>&lt;text&gt;A normal result means the nerve appears normal.&lt;/text&gt;</NormalResults><WhatAbnormalResultsMean>&lt;text&gt;Abnormal results may be due to:&lt;/text&gt;&lt;detail&gt; Amyloidosis  (sural nerve biopsy is most often used)&lt;/detail&gt;&lt;detail&gt;Demyelination&lt;/detail&gt;&lt;detail&gt; Inflammation of the nerve &lt;/detail&gt;&lt;detail&gt; Leprosy &lt;/detail&gt;&lt;detail&gt;Loss of axon tissue&lt;/detail&gt;&lt;detail&gt; Metabolic neuropathies  (nerve disorders that occur with diseases that disrupt the chemical processes in the body)&lt;/detail&gt;&lt;detail&gt;   Necrotizing vasculitis   &lt;/detail&gt;&lt;detail&gt; Sarcoidosis &lt;/detail&gt;</WhatAbnormalResultsMean><AlternativeNames>&lt;detail&gt;Biopsy - nerve&lt;/detail&gt;</AlternativeNames><Images><value><img_name>Nerve biopsy</img_name><img_url>https://medlineplus.gov/ency/images/ency/fullsize/9742.jpg</img_url></value></Images></item>
<item><title>Neonatal cystic fibrosis screening test</title><url>https://medlineplus.gov/ency/article/003409.htm</url><WhytheTestisPerformed>&lt;text&gt;Cystic fibrosis is a disease passed down through families. CF causes thick, sticky mucus to build up in the lungs and digestive tract. It can lead to breathing and digestive problems.&lt;/text&gt;&lt;text&gt;Children with CF who are diagnosed early in life and start treatment at a young age may have better nutrition, growth, and lung function. This screening test helps doctors identify children with CF before they have symptoms.&lt;/text&gt;&lt;text&gt;Some states include this test in the routine newborn screening tests that are done before the baby leaves the hospital.&lt;/text&gt;&lt;text&gt;If you live in a state that does not perform routine CF screening, your health care provider will explain whether testing is needed.&lt;/text&gt;&lt;text&gt;Other tests that look for genetic changes known to cause CF may also be used to screen for CF.&lt;/text&gt;</WhytheTestisPerformed><NormalResults>&lt;text&gt;If the test result is negative, the child likely does not have CF. If the test result is negative but the baby has symptoms of CF, further testing will likely be done.&lt;/text&gt;</NormalResults><WhatAbnormalResultsMean>&lt;text&gt;An abnormal (positive) result suggests that your child may have CF. But it is important to remember that a positive screening test does not diagnose CF. If your child's test is positive, more tests will be done to confirm the possibility of CF.&lt;/text&gt;&lt;detail&gt; Sweat chloride test  is the standard diagnostic test for CF. A high salt level in the person's sweat is a sign of the disease.&lt;/detail&gt;&lt;detail&gt;Genetic testing may also be done.&lt;/detail&gt;&lt;text&gt;Not all children with a positive result have CF.&lt;/text&gt;</WhatAbnormalResultsMean><AlternativeNames>&lt;detail&gt;Cystic fibrosis screening - neonatal&lt;/detail&gt;&lt;detail&gt; Immunoreactive trypsinogen&lt;/detail&gt;&lt;detail&gt; IRT test&lt;/detail&gt;&lt;detail&gt; CF - screening&lt;/detail&gt;</AlternativeNames><Images><value><img_name>Infant blood sample</img_name><img_url>https://medlineplus.gov/ency/images/ency/fullsize/9691.jpg</img_url></value></Images></item>
<item><title>Neck x-ray</title><url>https://medlineplus.gov/ency/article/003805.htm</url><HowtoPreparefortheTest>&lt;text&gt;Tell the provider if you are or think you may be pregnant. Also tell your provider if you have had surgery or have implants around your neck, jaw, or mouth.&lt;/text&gt;&lt;text&gt;Remove all jewelry.&lt;/text&gt;</HowtoPreparefortheTest><WhytheTestisPerformed>&lt;text&gt;The x-ray is used to evaluate neck injuries and numbness, pain, or weakness that does not go away. A neck x-ray can also be used to help see if air passages are blocked by swelling in the neck or something stuck in the airway.&lt;/text&gt;&lt;text&gt;Other tests, such as  MRI , may be used to look for disk or nerve problems.&lt;/text&gt;</WhytheTestisPerformed><WhatAbnormalResultsMean>&lt;text&gt;A neck x-ray can detect:&lt;/text&gt;&lt;detail&gt;Bone joint that is out of position (dislocation)&lt;/detail&gt;&lt;detail&gt; Breathing in a foreign object &lt;/detail&gt;&lt;detail&gt;Broken bone (fracture)&lt;/detail&gt;&lt;detail&gt;Disk problems (disks are the cushion-like tissue that separate the vertebrae)&lt;/detail&gt;&lt;detail&gt;Extra bone growths (bone spurs) on the neck bones (for example, due to osteoarthritis)&lt;/detail&gt;&lt;detail&gt;Infection that causes swelling of the vocal cords (croup)&lt;/detail&gt;&lt;detail&gt;Inflammation of the tissue that covers the windpipe (epiglottitis)&lt;/detail&gt;&lt;detail&gt;Problem with the curve of the upper spine, such as  kyphosis &lt;/detail&gt;&lt;detail&gt;Thinning of the bone ( osteoporosis )&lt;/detail&gt;&lt;detail&gt;Wearing away of the neck vertebrae or cartilage &lt;/detail&gt;</WhatAbnormalResultsMean><AlternativeNames>&lt;detail&gt;X-ray - neck&lt;/detail&gt;&lt;detail&gt; Cervical spine x-ray&lt;/detail&gt;&lt;detail&gt; Lateral neck x-ray&lt;/detail&gt;</AlternativeNames><Images><value><img_name>Skeletal spine</img_name><img_url>https://medlineplus.gov/ency/images/ency/fullsize/1116.jpg</img_url></value><value><img_name>Vertebra, cervical (neck)</img_name><img_url>https://medlineplus.gov/ency/images/ency/fullsize/1772.jpg</img_url></value><value><img_name>Cervical vertebrae</img_name><img_url>https://medlineplus.gov/ency/images/ency/fullsize/9535.jpg</img_url></value></Images></item>
<item><title>Nasopharyngeal culture</title><url>https://medlineplus.gov/ency/article/003747.htm</url><HowtoPreparefortheTest>&lt;text&gt;No special preparation is needed.&lt;/text&gt;</HowtoPreparefortheTest><WhytheTestisPerformed>&lt;text&gt;The test identifies viruses and bacteria that cause upper respiratory tract symptoms. These include:&lt;/text&gt;&lt;detail&gt;Bordetella pertussis, the bacteria that cause  whooping cough &lt;/detail&gt;&lt;detail&gt;Neisseria meningitidis, the bacteria that cause  meningococcal meningitis &lt;/detail&gt;&lt;detail&gt;Staphylococcus aureus, the bacteria that cause  staph infections &lt;/detail&gt;&lt;detail&gt;Methicillin-resistant Staphylococcus aureus&lt;/detail&gt;&lt;detail&gt;Viral infections such as influenza or respiratory syncytial virus&lt;/detail&gt;&lt;text&gt;The culture may be used to help determine which antibiotic is appropriate to treat an infection due to bacteria.&lt;/text&gt;</WhytheTestisPerformed><NormalResults>&lt;text&gt;The presence of organisms commonly found in the nasopharynx is normal.&lt;/text&gt;</NormalResults><WhatAbnormalResultsMean>&lt;text&gt;The presence of any disease-causing virus, bacteria, or fungus means these organisms may be causing your infection. &lt;/text&gt;&lt;text&gt;Sometimes, organisms like Staphylococcus aureus can be present without causing disease. This test can help identify resistant strains of this organism (methicillin-resistant Staphylococcus aureus, or  MRSA ) so that people can be isolated when necessary.&lt;/text&gt;</WhatAbnormalResultsMean><AlternativeNames>&lt;detail&gt;Culture - nasopharyngeal&lt;/detail&gt;&lt;detail&gt; Swab for respiratory viruses&lt;/detail&gt;&lt;detail&gt; Swab for staph carriage&lt;/detail&gt;</AlternativeNames><Images><value><img_name>Nasopharyngeal culture</img_name><img_url>https://medlineplus.gov/ency/images/ency/fullsize/9687.jpg</img_url></value></Images></item>
<item><title>Nasal mucosal biopsy</title><url>https://medlineplus.gov/ency/article/003848.htm</url><HowtoPreparefortheTest>&lt;text&gt;No special preparation is needed. You may be asked to fast for a few hours before the biopsy.&lt;/text&gt;</HowtoPreparefortheTest><WhytheTestisPerformed>&lt;text&gt;Nasal mucosal biopsy is most often done when abnormal tissue is seen during examination of the nose. It may also be done when the health care provider suspects you have a problem affecting the mucosal tissue of the nose.&lt;/text&gt;</WhytheTestisPerformed><NormalResults>&lt;text&gt;The tissue in the nose is normal.&lt;/text&gt;&lt;text&gt;Normal value ranges may vary slightly among different laboratories. Some labs use different measurements or test different samples. Talk to your provider about the meaning of your specific test results.&lt;/text&gt;</NormalResults><WhatAbnormalResultsMean>&lt;text&gt;Abnormal results may indicate:&lt;/text&gt;&lt;detail&gt;Cancer&lt;/detail&gt;&lt;detail&gt;Infections, such as tuberculosis&lt;/detail&gt;&lt;detail&gt; Necrotizing granuloma , a type of tumor&lt;/detail&gt;&lt;detail&gt; Nasal polyps &lt;/detail&gt;&lt;detail&gt; Nasal tumors &lt;/detail&gt;&lt;detail&gt; Sarcoidosis &lt;/detail&gt;&lt;detail&gt; Granulomatosis with polyangiitis &lt;/detail&gt;&lt;detail&gt;Primary ciliary dyskinesia&lt;/detail&gt;</WhatAbnormalResultsMean><AlternativeNames>&lt;detail&gt;Biopsy - nasal mucosa&lt;/detail&gt;&lt;detail&gt; Nose biopsy&lt;/detail&gt;</AlternativeNames><Images><value><img_name>Sinuses</img_name><img_url>https://medlineplus.gov/ency/images/ency/fullsize/1108.jpg</img_url></value><value><img_name>Throat anatomy</img_name><img_url>https://medlineplus.gov/ency/images/ency/fullsize/1118.jpg</img_url></value><value><img_name>Nasal biopsy</img_name><img_url>https://medlineplus.gov/ency/images/ency/fullsize/9686.jpg</img_url></value></Images></item>
<item><title>Nasal endoscopy</title><url>https://medlineplus.gov/ency/article/007627.htm</url><HowtoPreparefortheTest>&lt;text&gt;You DO NOT need to do anything to prepare for the test.&lt;/text&gt;</HowtoPreparefortheTest><WhytheTestisPerformed>&lt;text&gt;You may have a nasal endoscopy to figure out what is causing problems in your nose and sinuses.&lt;/text&gt;&lt;text&gt;During the procedure, your provider may:&lt;/text&gt;&lt;detail&gt;Look at the inside of your nose and sinuses&lt;/detail&gt;&lt;detail&gt;Take a sample of tissue for a biopsy&lt;/detail&gt;&lt;detail&gt;Do small surgeries to remove polyps, excess mucus, or other masses&lt;/detail&gt;&lt;text&gt;Your provider may recommend nasal endoscopy if you are having:&lt;/text&gt;&lt;detail&gt;A lot of sinus infections&lt;/detail&gt;&lt;detail&gt;Lots of drainage from your nose&lt;/detail&gt;&lt;detail&gt;Face pain or pressure&lt;/detail&gt;&lt;detail&gt;Sinus headaches&lt;/detail&gt;&lt;detail&gt;A hard time breathing through your nose&lt;/detail&gt;&lt;detail&gt;Nose bleeds&lt;/detail&gt;&lt;detail&gt;Loss of sense of smell&lt;/detail&gt;</WhytheTestisPerformed><NormalResults>&lt;text&gt;The inside of the nose and bones look normal.&lt;/text&gt;</NormalResults><WhatAbnormalResultsMean>&lt;text&gt;Nasal endoscopy helps with the diagnosis of:&lt;/text&gt;&lt;detail&gt;Polyps&lt;/detail&gt;&lt;detail&gt;Blockages&lt;/detail&gt;&lt;detail&gt;Sinusitis&lt;/detail&gt;&lt;detail&gt;Swollen and runny nose that will not go away&lt;/detail&gt;&lt;detail&gt;Nasal masses or tumors&lt;/detail&gt;&lt;detail&gt;A foreign object (like a marble) in the nose or sinus&lt;/detail&gt;&lt;detail&gt;Deviated septum (many insurance plans require a nasal endoscopy prior to surgery to correct it)&lt;/detail&gt;</WhatAbnormalResultsMean><AlternativeNames>&lt;detail&gt;Rhinoscopy&lt;/detail&gt;</AlternativeNames></item>
<item><title>Ovulation home test</title><url>https://medlineplus.gov/ency/article/007062.htm</url><HowtoPreparefortheTest>&lt;text&gt;DO NOT drink large amounts of fluids before using the test.&lt;/text&gt;&lt;text&gt;Drugs that can decrease LH levels include estrogens, progesterone, and testosterone. Estrogens and progesterone may be found in birth control pills and hormone replacement therapy.&lt;/text&gt;&lt;text&gt;The drug clomiphene citrate (Clomid) can increase LH levels. This drug is used to help trigger ovulation.&lt;/text&gt;</HowtoPreparefortheTest><WhytheTestisPerformed>&lt;text&gt;This test is most often done to determine when a woman will ovulate to assist in difficulty in getting pregnant. For women with a 28-day menstrual cycle, this release normally occurs between days 11 and 14.&lt;/text&gt;&lt;text&gt;If you have an irregular menstrual cycle, the kit can help you tell when you are ovulating.&lt;/text&gt;&lt;text&gt;The ovulation home test may also be used to help you adjust doses of certain medicines such as infertility drugs.&lt;/text&gt;</WhytheTestisPerformed><NormalResults>&lt;text&gt;A positive result indicates an "LH surge." This is a sign that ovulation may soon occur. &lt;/text&gt;</NormalResults><AlternativeNames>&lt;detail&gt;Luteinizing hormone urine test (home test)&lt;/detail&gt;&lt;detail&gt; Ovulation prediction test&lt;/detail&gt;&lt;detail&gt; Ovulation predictor kit&lt;/detail&gt;&lt;detail&gt; Urinary LH immunoassays&lt;/detail&gt;&lt;detail&gt; At-home ovulation prediction test&lt;/detail&gt;&lt;detail&gt; LH urine test&lt;/detail&gt;</AlternativeNames><Images><value><img_name>Pituitary hormones</img_name><img_url>https://medlineplus.gov/ency/images/ency/fullsize/17228.jpg</img_url></value></Images></item>
<item><title>Osmotic fragility test</title><url>https://medlineplus.gov/ency/article/003641.htm</url><HowtoPreparefortheTest>&lt;text&gt;No special preparation is necessary for this test.&lt;/text&gt;</HowtoPreparefortheTest><WhytheTestisPerformed>&lt;text&gt;This test is done to detect conditions called  hereditary spherocytosis  and  thalassemia . Hereditary spherocytosis and thalassemia cause red blood cells more fragile than normal.&lt;/text&gt;</WhytheTestisPerformed><NormalResults>&lt;text&gt;A normal test result is called a negative result.&lt;/text&gt;&lt;text&gt;Normal value ranges may vary slightly among different laboratories. Some labs use different measurements or test different samples. Talk to your health care provider about the meaning of your specific test results.&lt;/text&gt;</NormalResults><WhatAbnormalResultsMean>&lt;text&gt;An abnormal result may indicate one of these conditions:&lt;/text&gt;&lt;detail&gt;Thalassemia&lt;/detail&gt;&lt;detail&gt;Hereditary spherocytosis&lt;/detail&gt;</WhatAbnormalResultsMean><AlternativeNames>&lt;detail&gt;Spherocytosis - osmotic fragility&lt;/detail&gt;&lt;detail&gt; Thalassemia - osmotic fragility&lt;/detail&gt;</AlternativeNames></item>
<item><title>Osmolality blood test</title><url>https://medlineplus.gov/ency/article/003463.htm</url><HowtoPreparefortheTest>&lt;text&gt;Follow any instructions from your health care provider about not eating before the test. Your provider may tell you to temporarily stop taking any medicines that may interfere with test results. Such medicines may include water pills (diuretics).&lt;/text&gt;</HowtoPreparefortheTest><WhytheTestisPerformed>&lt;text&gt;This test helps check your body's water balance. Your doctor may order this test if you have signs of any of the following:&lt;/text&gt;&lt;detail&gt;Low sodium ( hyponatremia ) or water loss&lt;/detail&gt;&lt;detail&gt;Poisoning from harmful substances such as  ethanol ,  methanol , or  ethylene glycol &lt;/detail&gt;&lt;detail&gt;Problems producing urine &lt;/detail&gt;&lt;text&gt;In healthy people, when osmolality in the blood becomes high, the body releases  antidiuretic hormone  (ADH).&lt;/text&gt;&lt;text&gt;This hormone causes the kidneys to reabsorb water. This results in more concentrated urine. The reabsorbed water dilutes the blood. This allows blood osmolality to fall back to normal.&lt;/text&gt;&lt;text&gt;Low blood osmolality suppresses ADH. This reduces how much water the kidneys reabsorb. Dilute urine is passed to get rid of the excess water, which increases blood osmolality back toward normal.&lt;/text&gt;</WhytheTestisPerformed><NormalResults>&lt;text&gt;Normal values range from 275 to 295 mOsm/kg (275 to 295 mmol/kg).&lt;/text&gt;&lt;text&gt;Normal value ranges may vary slightly among different laboratories. Some labs use different measurements or test different samples. Talk to your provider about the meaning of your specific test results.&lt;/text&gt;</NormalResults><WhatAbnormalResultsMean>&lt;text&gt;A higher than normal level may be due to:&lt;/text&gt;&lt;detail&gt; Diabetes insipidus &lt;/detail&gt;&lt;detail&gt;High blood sugar level ( hyperglycemia )&lt;/detail&gt;&lt;detail&gt;High level of nitrogen waste products in the blood ( uremia )&lt;/detail&gt;&lt;detail&gt;High sodium level (hypernatremia)&lt;/detail&gt;&lt;detail&gt; Stroke  or head trauma resulting in decreased ADH secretion&lt;/detail&gt;&lt;detail&gt;Water loss ( dehydration ) &lt;/detail&gt;&lt;text&gt;Lower than normal levels may be due to:&lt;/text&gt;&lt;detail&gt;ADH oversecretion&lt;/detail&gt;&lt;detail&gt;Adrenal gland not working normally&lt;/detail&gt;&lt;detail&gt;Conditions linked to  lung cancer &lt;/detail&gt;&lt;detail&gt;Drinking too much water or fluid&lt;/detail&gt;&lt;detail&gt;Low sodium level (hyponatremia)&lt;/detail&gt;&lt;detail&gt;Underactive thyroid gland ( hypothyroidism )&lt;/detail&gt;</WhatAbnormalResultsMean></item>
<item><title>Oropharynx lesion biopsy</title><url>https://medlineplus.gov/ency/article/003850.htm</url><HowtoPreparefortheTest>&lt;text&gt;If a simple painkiller or local numbing medicine is to be used, there is no special preparation. If the test is part of a growth removal or if general anesthesia is used, you will likely be asked not to eat for 6 to 8 hours before the test.&lt;/text&gt;</HowtoPreparefortheTest><WhytheTestisPerformed>&lt;text&gt;This test is done to determine the cause of a sore (lesion) in the throat.&lt;/text&gt;</WhytheTestisPerformed><NormalResults>&lt;text&gt;This test is only done when there is an abnormal tissue area.&lt;/text&gt;</NormalResults><WhatAbnormalResultsMean>&lt;text&gt;Abnormal results may mean:&lt;/text&gt;&lt;detail&gt; Cancer  (such as  squamous cell carcinoma )&lt;/detail&gt;&lt;detail&gt;Benign lesions (such as papilloma)&lt;br&gt;&lt;/detail&gt;&lt;detail&gt;Fungal infections (such as candida)&lt;/detail&gt;&lt;detail&gt; Histoplasmosis &lt;/detail&gt;&lt;detail&gt; Oral lichen planus &lt;/detail&gt;&lt;detail&gt;Precancerous sore (leukoplakia)&lt;/detail&gt;&lt;detail&gt;Viral infections (such as Herpes simplex) &lt;/detail&gt;</WhatAbnormalResultsMean><AlternativeNames>&lt;detail&gt;Throat lesion biopsy&lt;/detail&gt;&lt;detail&gt; Biopsy - mouth or throat&lt;/detail&gt;&lt;detail&gt; Mouth lesion biopsy&lt;/detail&gt;&lt;detail&gt; Oral cancer - biopsy&lt;/detail&gt;</AlternativeNames><Images><value><img_name>Throat anatomy</img_name><img_url>https://medlineplus.gov/ency/images/ency/fullsize/1118.jpg</img_url></value><value><img_name>Oropharyngeal biopsy</img_name><img_url>https://medlineplus.gov/ency/images/ency/fullsize/9711.jpg</img_url></value></Images></item>
<item><title>Orbit CT scan</title><url>https://medlineplus.gov/ency/article/003785.htm</url><HowtoPreparefortheTest>&lt;text&gt;Before the test:&lt;/text&gt;&lt;detail&gt;You will be asked to remove jewelry and wear a hospital gown during the study.&lt;/detail&gt;&lt;detail&gt;If you weigh more than 300 pounds (135 kilograms), find out if the CT machine has a weight limit. Too much weight can cause damage to the scanner's working parts. &lt;/detail&gt;&lt;text&gt;Certain exams require a special dye, called contrast, to be delivered into the body before the test starts. Contrast helps certain areas show up better on the x-rays.&lt;/text&gt;&lt;detail&gt;Contrast can be given through a vein (IV) in your hand or forearm. If contrast is used, you may also be asked not to eat or drink anything for 4 to 6 hours before the test.&lt;/detail&gt;&lt;detail&gt;Let your health care provider know if you have ever had a reaction to contrast. You may need to take medicines before the test in order to safely receive this substance.&lt;/detail&gt;&lt;detail&gt;Before receiving the contrast, tell your provider if you take the diabetes medicine metformin (Glucophage) because you may need to take extra precautions.&lt;/detail&gt;&lt;detail&gt;Before the scan, let your provider know if you have poor kidney function. This is because the contrast may not be able to be used. &lt;/detail&gt;</HowtoPreparefortheTest><WhytheTestisPerformed>&lt;text&gt;This test is helpful for diagnosing diseases that affect the following areas:&lt;/text&gt;&lt;detail&gt;Blood vessels&lt;/detail&gt;&lt;detail&gt;Eye muscles&lt;/detail&gt;&lt;detail&gt;Eyes&lt;/detail&gt;&lt;detail&gt;Nerves supplying the eyes (optic nerves)&lt;/detail&gt;&lt;detail&gt;Sinuses &lt;/detail&gt;&lt;text&gt;An orbit CT scan may also be used to detect:&lt;/text&gt;&lt;detail&gt;Abscess (infection) of the eye area&lt;/detail&gt;&lt;detail&gt;Broken eye socket bone&lt;/detail&gt;&lt;detail&gt;Foreign object in the eye socket &lt;/detail&gt;</WhytheTestisPerformed><WhatAbnormalResultsMean>&lt;text&gt;Abnormal results may mean:&lt;/text&gt;&lt;detail&gt;Bleeding&lt;/detail&gt;&lt;detail&gt;Broken eye socket bone&lt;/detail&gt;&lt;detail&gt; Graves disease &lt;/detail&gt;&lt;detail&gt;Infection&lt;/detail&gt;&lt;detail&gt; Tumor &lt;/detail&gt;</WhatAbnormalResultsMean><AlternativeNames>&lt;detail&gt;CT scan - orbital&lt;/detail&gt;&lt;detail&gt; Eye CT scan&lt;/detail&gt;&lt;detail&gt; Computed tomography scan - orbit&lt;/detail&gt;</AlternativeNames><Images><value><img_name>CT scan</img_name><img_url>https://medlineplus.gov/ency/images/ency/fullsize/23213.jpg</img_url></value></Images></item>
<item><title>Ophthalmoscopy</title><url>https://medlineplus.gov/ency/article/003881.htm</url><HowtoPreparefortheTest>&lt;text&gt;Indirect ophthalmoscopy and slit-lamp ophthalmoscopy are often performed after eyedrops are placed to widen (dilate) the pupils. Direct ophthalmoscopy and slit-lamp ophthalmoscopy can be performed with or without the pupil dilated.&lt;/text&gt;&lt;text&gt;You should tell your provider if you:&lt;/text&gt;&lt;detail&gt;Are allergic to any medicines&lt;/detail&gt;&lt;detail&gt;Are taking any medicines&lt;/detail&gt;&lt;detail&gt;Have  glaucoma  or a family history of glaucoma &lt;/detail&gt;</HowtoPreparefortheTest><WhytheTestisPerformed>&lt;text&gt;Ophthalmoscopy is done as part of a routine physical or complete eye examination.&lt;/text&gt;&lt;text&gt;It is used to detect and evaluate symptoms of retinal detachment or eye diseases such as glaucoma.&lt;/text&gt;&lt;text&gt;Ophthalmoscopy may also be done if you have signs or symptoms of high blood pressure, diabetes, or other diseases that affect the blood vessels.&lt;/text&gt;</WhytheTestisPerformed><NormalResults>&lt;text&gt;The retina, blood vessels, and the optic disc appear normal.&lt;/text&gt;</NormalResults><WhatAbnormalResultsMean>&lt;text&gt;Abnormal results may be seen on ophthalmoscopy with any of the following conditions:&lt;/text&gt;&lt;detail&gt;Viral inflammation of the retina ( CMV retinitis )&lt;/detail&gt;&lt;detail&gt;Diabetes&lt;/detail&gt;&lt;detail&gt;Glaucoma&lt;/detail&gt;&lt;detail&gt;High blood pressure&lt;/detail&gt;&lt;detail&gt;Loss of sharp vision due to  macular degeneration &lt;/detail&gt;&lt;detail&gt; Melanoma of the eye &lt;/detail&gt;&lt;detail&gt;Optic nerve problems&lt;/detail&gt;&lt;detail&gt;Separation of the light-sensitive membrane (retina) in the back of the eye from its supporting layers (retinal tear or  detachment )&lt;/detail&gt;&lt;text&gt;Ophthalmoscopy is considered to be 90% to 95% accurate. It can detect the early stages and effects of many serious diseases. For conditions that cannot be detected by ophthalmoscopy, there are other techniques and devices that may be helpful.&lt;/text&gt;</WhatAbnormalResultsMean><AlternativeNames>&lt;detail&gt;Funduscopy&lt;/detail&gt;</AlternativeNames><Images><value><img_name>Eye</img_name><img_url>https://medlineplus.gov/ency/images/ency/fullsize/1094.jpg</img_url></value><value><img_name>Side view of the eye (cut section)</img_name><img_url>https://medlineplus.gov/ency/images/ency/fullsize/9886.jpg</img_url></value></Images></item>
<item><title>Open pleural biopsy</title><url>https://medlineplus.gov/ency/article/003863.htm</url><HowtoPreparefortheTest>&lt;text&gt;You should tell the health care provider if you are pregnant, allergic to any medicines, or if you have a bleeding problem. Be sure to tell your provider about all the medicines you take, including herbs, supplements, and those bought without a prescription. &lt;/text&gt;&lt;text&gt;Follow your surgeon's instructions for not eating or drinking before the procedure.&lt;/text&gt;</HowtoPreparefortheTest><WhytheTestisPerformed>&lt;text&gt;This procedure is used when the surgeon needs a larger piece of tissue than can be removed with a  pleural needle biopsy . The test is most often done to rule out  mesothelioma , a type of lung tumor.&lt;/text&gt;&lt;text&gt;It is also done when there is fluid in the chest cavity, or when a direct view of the pleura and the lungs is needed.&lt;/text&gt;&lt;text&gt;This procedure may also be done to examine a  metastatic pleural tumor .&lt;/text&gt;</WhytheTestisPerformed><NormalResults>&lt;text&gt;The pleura will be normal.&lt;/text&gt;</NormalResults><WhatAbnormalResultsMean>&lt;text&gt;Abnormal findings may be due to:&lt;/text&gt;&lt;detail&gt;Abnormal tissue growth ( neoplasms )&lt;/detail&gt;&lt;detail&gt;Disease due to a virus, fungus, or parasite&lt;/detail&gt;&lt;detail&gt;Mesothelioma&lt;/detail&gt;&lt;detail&gt; Tuberculosis &lt;/detail&gt;</WhatAbnormalResultsMean><AlternativeNames>&lt;detail&gt;Biopsy - open pleura&lt;/detail&gt;</AlternativeNames><Images><value><img_name>Lungs</img_name><img_url>https://medlineplus.gov/ency/images/ency/fullsize/1103.jpg</img_url></value><value><img_name>Incision for pleural tissue biopsy</img_name><img_url>https://medlineplus.gov/ency/images/ency/fullsize/8881.jpg</img_url></value><value><img_name>Pleural cavity</img_name><img_url>https://medlineplus.gov/ency/images/ency/fullsize/9749.jpg</img_url></value></Images></item>
<item><title>Open lung biopsy</title><url>https://medlineplus.gov/ency/article/003861.htm</url><HowtoPreparefortheTest>&lt;text&gt;You should tell the health care provider if you are pregnant, allergic to any medicines, or if you have a bleeding problem. Be sure to tell your provider about all the medicines you take, including herbs, supplements, and those bought without a prescription. &lt;/text&gt;&lt;text&gt;Follow your surgeon's instructions for not eating or drinking before the procedure.&lt;/text&gt;</HowtoPreparefortheTest><WhytheTestisPerformed>&lt;text&gt;The open lung biopsy is done to evaluate lung problems seen on  x-ray  or  CT scan .&lt;/text&gt;</WhytheTestisPerformed><NormalResults>&lt;text&gt;The lungs and lung tissue will be normal.&lt;/text&gt;</NormalResults><WhatAbnormalResultsMean>&lt;text&gt;Abnormal results may be due to:&lt;/text&gt;&lt;detail&gt; Benign  (not cancerous) tumors&lt;/detail&gt;&lt;detail&gt;Cancer&lt;/detail&gt;&lt;detail&gt;Certain infections (bacterial, viral, or fungal)&lt;/detail&gt;&lt;detail&gt;Lung diseases (fibrosis) &lt;/detail&gt;&lt;text&gt;The procedure may help diagnose a number of different conditions, such as:&lt;/text&gt;&lt;detail&gt; Rheumatoid lung disease &lt;/detail&gt;&lt;detail&gt; Sarcoidosis  (inflammation that affects the lungs and other body tissues)&lt;/detail&gt;&lt;detail&gt; Granulomatosis with polyangiitis  (inflammation of the blood vessels)&lt;/detail&gt;&lt;detail&gt; Pulmonary hypertension  (high blood pressure in the arteries of the lungs) &lt;/detail&gt;</WhatAbnormalResultsMean><AlternativeNames>&lt;detail&gt;Biopsy - open lung&lt;/detail&gt;</AlternativeNames><Images><value><img_name>Lungs</img_name><img_url>https://medlineplus.gov/ency/images/ency/fullsize/1103.jpg</img_url></value><value><img_name>Incision for lung biopsy</img_name><img_url>https://medlineplus.gov/ency/images/ency/fullsize/8858.jpg</img_url></value></Images></item>
<item><title>Pyruvate kinase blood test</title><url>https://medlineplus.gov/ency/article/003357.htm</url><HowtoPreparefortheTest>&lt;text&gt;No special preparation is necessary.&lt;/text&gt;&lt;text&gt;If your child is having this test, it may help to explain how the test will feel and even demonstrate on a doll. Explain the reason for the test. Knowing the "how and why" may reduce your child's anxiety.&lt;/text&gt;</HowtoPreparefortheTest><WhytheTestisPerformed>&lt;text&gt;This test is done to detect an abnormally low level of pyruvate kinase. Without enough of this enzyme, red blood cells break down faster than normal. This is called  hemolytic anemia . &lt;/text&gt;&lt;text&gt;This test helps diagnose  pyruvate kinase deficiency (PKD) .&lt;/text&gt;</WhytheTestisPerformed><NormalResults>&lt;text&gt;Results vary depending on the testing method used. In general, a normal value is 179 ± 16 units per 100 mL of red blood cells.&lt;/text&gt;&lt;text&gt;Normal value ranges may vary slightly among different laboratories. Some labs use different measurements or test different samples. Talk to your health care provider about the meaning of your specific test results.&lt;/text&gt;</NormalResults><WhatAbnormalResultsMean>&lt;text&gt;A low level of pyruvate kinase confirms PKD.&lt;/text&gt;</WhatAbnormalResultsMean></item>
<item><title>Pulmonary angiography</title><url>https://medlineplus.gov/ency/article/003813.htm</url><HowtoPreparefortheTest>&lt;text&gt;You may be asked not to eat or drink anything for 6 to 8 hours before the test.&lt;/text&gt;&lt;text&gt;You will be asked to wear a hospital gown and sign a consent form for the procedure. Remove jewelry from the area being imaged.&lt;/text&gt;&lt;text&gt;Tell your health care provider:&lt;/text&gt;&lt;detail&gt;If you are pregnant&lt;/detail&gt;&lt;detail&gt;If you have ever had any allergic reactions to x-ray contrast material, shellfish, or iodine substances&lt;/detail&gt;&lt;detail&gt;If you are allergic to any medicines&lt;/detail&gt;&lt;detail&gt;Which medicines you are taking (including any herbal preparations)&lt;/detail&gt;&lt;detail&gt;If you have ever had any bleeding problems &lt;/detail&gt;</HowtoPreparefortheTest><WhytheTestisPerformed>&lt;text&gt;The test is used to detect  blood clots  ( pulmonary embolism ) and other blockages in the blood flow in the lung. Most of the time, your provider will have tried other tests to diagnose a blood clot in the lungs.&lt;/text&gt;&lt;text&gt;Pulmonary angiography may also be used to help diagnose:&lt;/text&gt;&lt;detail&gt; AV malformations of the lung &lt;/detail&gt;&lt;detail&gt;Congenital (present from birth) narrowing of the pulmonary vessels&lt;/detail&gt;&lt;detail&gt;Pulmonary artery aneurysms&lt;/detail&gt;&lt;detail&gt; Pulmonary hypertension , high blood pressure in the arteries of the lungs&lt;/detail&gt;</WhytheTestisPerformed><NormalResults>&lt;text&gt;The x-ray will show normal structures for the age of the person.&lt;/text&gt;</NormalResults><WhatAbnormalResultsMean>&lt;text&gt;Abnormal results may be due to:&lt;/text&gt;&lt;detail&gt;Aneurysms of pulmonary vessels&lt;/detail&gt;&lt;detail&gt;Blood clot in the lungs (pulmonary embolism)&lt;/detail&gt;&lt;detail&gt;Narrowed blood vessel&lt;/detail&gt;&lt;detail&gt; Primary pulmonary hypertension &lt;/detail&gt;&lt;detail&gt;Tumor in the lung &lt;/detail&gt;</WhatAbnormalResultsMean><AlternativeNames>&lt;detail&gt;Pulmonary arteriography&lt;/detail&gt;&lt;detail&gt; Pulmonary angiogram&lt;/detail&gt;&lt;detail&gt; Angiogram of the lungs&lt;/detail&gt;</AlternativeNames><Images><value><img_name>Pulmonary arteries</img_name><img_url>https://medlineplus.gov/ency/images/ency/fullsize/9796.jpg</img_url></value></Images></item>
<item><title>Prothrombin time (PT)</title><url>https://medlineplus.gov/ency/article/003652.htm</url><HowtoPreparefortheTest>&lt;text&gt;Certain medicines can change blood test results.&lt;/text&gt;&lt;detail&gt;Your health care provider will tell you if you need to stop taking any medicines before you have this test. This may include aspirin, heparin, antihistamines, and vitamin C.&lt;/detail&gt;&lt;detail&gt;DO NOT stop or change your medicines without talking to your provider first.&lt;/detail&gt;&lt;text&gt;Also tell your provider if you're taking any herbal remedies.&lt;/text&gt;</HowtoPreparefortheTest><WhytheTestisPerformed>&lt;text&gt;The most common reason to perform this test is to monitor your levels when you are taking a blood-thinning medicine called warfarin. You are likely taking this medicine to prevent blood clots.&lt;/text&gt;&lt;text&gt;Your provider will check your PT regularly.&lt;/text&gt;&lt;text&gt;You may also need this test to:&lt;/text&gt;&lt;detail&gt;Find the cause of abnormal bleeding or bruising&lt;/detail&gt;&lt;detail&gt;Check how well your liver is working&lt;/detail&gt;&lt;detail&gt;Look for signs of a blood clotting or  bleeding disorder &lt;/detail&gt;</WhytheTestisPerformed><NormalResults>&lt;text&gt;PT is measured in seconds. Most of the time, results are given as what is called INR (international normalized ratio).&lt;/text&gt;&lt;text&gt;If you are not taking blood thinning medicines, such as warfarin, the normal range for your PT results is: &lt;/text&gt;&lt;detail&gt;11 to 13.5 seconds&lt;/detail&gt;&lt;detail&gt;INR of 0.8 to 1.1 &lt;/detail&gt;&lt;text&gt;If you are taking warfarin to prevent blood clots, your provider will most likely choose to keep your INR between 2.0 and 3.0. &lt;/text&gt;&lt;text&gt;Ask your provider what result is right for you.&lt;/text&gt;&lt;text&gt;Normal value ranges may vary slightly among different laboratories. Some labs use different measurements or test different samples. Talk to your provider about the meaning of your specific test results.&lt;/text&gt;</NormalResults><WhatAbnormalResultsMean>&lt;text&gt;If you &lt;strong&gt;are not&lt;/strong&gt; taking blood thinning medicines, such as warfarin, an INR result above 1.1 means your blood is clotting more slowly than normal. This may be due to:&lt;/text&gt;&lt;detail&gt;Bleeding disorders, a group of conditions in which there is a problem with the body's blood clotting process.&lt;/detail&gt;&lt;detail&gt;Disorder in which the proteins that control blood clotting become over active ( disseminated intravascular coagulation ).&lt;/detail&gt;&lt;detail&gt;Liver disease.&lt;/detail&gt;&lt;detail&gt;Low level of  vitamin K . &lt;/detail&gt;&lt;text&gt;If you &lt;strong&gt;are&lt;/strong&gt; taking warfarin to prevent clots, your provider will most likely choose to keep your INR between 2.0 and 3.0: &lt;/text&gt;&lt;detail&gt;Depending on why you are taking the blood thinner, the desired level may be different.&lt;/detail&gt;&lt;detail&gt;Even when your INR stays between 2.0 and 3.0, you are more likely to have bleeding problems.&lt;/detail&gt;&lt;detail&gt;INR results higher than 3.0 may put you at even higher risk for bleeding.&lt;/detail&gt;&lt;detail&gt;INR results lower than 2.0 may put you at risk for developing a blood clot. &lt;/detail&gt;&lt;text&gt;A PT result that is too high or too low in someone who is taking warfarin (Coumadin) may be due to:&lt;/text&gt;&lt;detail&gt;The wrong dose of medicine&lt;/detail&gt;&lt;detail&gt;Drinking alcohol&lt;/detail&gt;&lt;detail&gt;Taking certain over-the-counter (OTC) medicines, vitamins, supplements, cold medicines, antibiotics, or other medicines&lt;/detail&gt;&lt;detail&gt;Eating food that changes the way the blood-thinning medicine works in your body &lt;/detail&gt;&lt;text&gt;Your provider will teach you about taking  warfarin  (Coumadin) the proper way.&lt;/text&gt;</WhatAbnormalResultsMean><AlternativeNames>&lt;detail&gt;PT&lt;/detail&gt;&lt;detail&gt; Pro-time&lt;/detail&gt;&lt;detail&gt; Anticoagulant-prothrombin time&lt;/detail&gt;&lt;detail&gt; Clotting time: protime&lt;/detail&gt;&lt;detail&gt; INR&lt;/detail&gt;&lt;detail&gt; International normalized ratio&lt;/detail&gt;</AlternativeNames></item>
<item><title>Protein urine test</title><url>https://medlineplus.gov/ency/article/003580.htm</url><HowtoPreparefortheTest>&lt;text&gt;Different medicines can change the result of this test. Before the test, tell your provider which medicines you are taking. DO NOT stop taking any medicine before talking to your provider.&lt;/text&gt;&lt;text&gt;The following may also interfere with test results:&lt;/text&gt;&lt;detail&gt; Dehydration &lt;/detail&gt;&lt;detail&gt;Dye (contrast media) if you have a radiology scan within 3 days before the urine test&lt;/detail&gt;&lt;detail&gt;Strenuous exercise&lt;/detail&gt;&lt;detail&gt;Urinary tract infection&lt;/detail&gt;&lt;detail&gt;Urine contaminated with fluids from the vagina&lt;/detail&gt;</HowtoPreparefortheTest><WhytheTestisPerformed>&lt;text&gt;This test is most often done when your provider suspects you have kidney disease. It may be used as a screening test.&lt;/text&gt;&lt;text&gt;Although small amounts of protein are normally in urine, a routine dipstick test may not detect them. A urine microalbumin test can be performed to detect small amounts of albumin in the urine that may not be detected on dipstick testing. If the kidney is diseased, proteins may be detected on a dipstick test, even if blood protein levels are normal.&lt;/text&gt;</WhytheTestisPerformed><NormalResults>&lt;text&gt;For a random urine sample, normal values are 0 to 20 mg/dL.&lt;/text&gt;&lt;text&gt;For a 24-hour urine collection, the normal value is less than 80 mg per 24 hours.&lt;/text&gt;&lt;text&gt;The examples above are common measurements for results of these tests. Normal value ranges may vary slightly among different laboratories. Some labs use different measurements or test different samples. Talk to your provider about the meaning of your specific test results.&lt;/text&gt;</NormalResults><WhatAbnormalResultsMean>&lt;text&gt;Larger amounts of protein in the urine may be due to:&lt;/text&gt;&lt;detail&gt;Heart failure&lt;/detail&gt;&lt;detail&gt;Kidney problems, such as  kidney damage ,  diabetic kidney disease , and  kidney cysts &lt;/detail&gt;&lt;detail&gt;Loss of body fluids (dehydration)&lt;/detail&gt;&lt;detail&gt;Problems during pregnancy, such as seizures due to  eclampsia  or high blood pressure caused by  preeclampsia  &lt;/detail&gt;&lt;detail&gt;Urinary tract problems, such as a bladder tumor or infection&lt;/detail&gt;&lt;detail&gt;Multiple myeloma&lt;/detail&gt;</WhatAbnormalResultsMean><AlternativeNames>&lt;detail&gt;Urine protein&lt;/detail&gt;&lt;detail&gt; Albumin - urine&lt;/detail&gt;&lt;detail&gt; Urine albumin&lt;/detail&gt;&lt;detail&gt; Proteinuria&lt;/detail&gt;&lt;detail&gt; Albuminuria&lt;/detail&gt;</AlternativeNames><Images><value><img_name>White nail syndrome</img_name><img_url>https://medlineplus.gov/ency/images/ency/fullsize/2013.jpg</img_url></value><value><img_name>Protein urine test</img_name><img_url>https://medlineplus.gov/ency/images/ency/fullsize/9791.jpg</img_url></value></Images></item>
<item><title>Protein S blood test</title><url>https://medlineplus.gov/ency/article/003660.htm</url><HowtoPreparefortheTest>&lt;text&gt;Certain medicines can change blood test results:&lt;/text&gt;&lt;detail&gt;Tell your health care provider about all the medicines you take.&lt;/detail&gt;&lt;detail&gt;Your provider will tell you if you need to stop taking any medicines before you have this test. This may include drugs that prevent blood clots (blood thinners).&lt;/detail&gt;&lt;detail&gt;DO NOT stop or change your medicines without talking to your provider first. &lt;/detail&gt;</HowtoPreparefortheTest><WhytheTestisPerformed>&lt;text&gt;You may need this test if you have an unexplained blood clot, or a family history of blood clots. Protein S helps control blood clotting. A lack of this protein or problem with the function of this protein may cause blood clots to form in veins.&lt;/text&gt;&lt;text&gt;The test is also used to screen relatives of persons who are known to have  protein S deficiency .&lt;/text&gt;&lt;text&gt;Sometimes, this test is done to find the cause of repeated  miscarriages . &lt;/text&gt;</WhytheTestisPerformed><NormalResults>&lt;text&gt;Normal values are 60% to 150% inhibition.&lt;/text&gt;&lt;text&gt;Normal value ranges may vary slightly among different laboratories. Some labs use different measurements or may test different samples. Talk to your provider about the meaning of your specific test results.&lt;/text&gt;</NormalResults><WhatAbnormalResultsMean>&lt;text&gt;A lack (deficiency) of protein S can lead to excess clotting. These clots tend to form in veins, not arteries.&lt;/text&gt;&lt;text&gt;A protein S deficiency may be inherited. It can also develop due to pregnancy or certain diseases, including:&lt;/text&gt;&lt;detail&gt;Disorder in which the proteins that control blood clotting become over active ( disseminated intravascular coagulation )&lt;/detail&gt;&lt;detail&gt; HIV/AIDS infection &lt;/detail&gt;&lt;detail&gt;Liver disease&lt;/detail&gt;&lt;detail&gt;Long-term antibiotic use&lt;/detail&gt;&lt;detail&gt;Warfarin (Coumadin) use&lt;/detail&gt;&lt;text&gt;Protein S level rises with age, but this does not cause any health problems.&lt;/text&gt;</WhatAbnormalResultsMean></item>
<item><title>Protein electrophoresis - serum</title><url>https://medlineplus.gov/ency/article/003540.htm</url><HowtoPreparefortheTest>&lt;text&gt;You may be asked not to eat or drink for 12 hours before this test.&lt;/text&gt;&lt;text&gt;Certain medicines may affect the results of this test. Your health care provider will tell you if you need to stop taking any medicines. DO NOT stop any medicine before talking to your provider.&lt;/text&gt;</HowtoPreparefortheTest><WhytheTestisPerformed>&lt;text&gt;Proteins are made from  amino acids  and are important parts of all cells and tissues. There are many different kinds of proteins in the body, and they have many different functions. Examples of proteins include enzymes, certain hormones,  hemoglobin , low-density lipoprotein (LDL, or bad cholesterol), and others.&lt;/text&gt;&lt;text&gt;Serum proteins are classified as albumin or globulins. Albumin is the most abundant protein in the serum. It carries many small molecules. It is also important for keeping fluid from leaking out from the blood vessels into the tissues.&lt;/text&gt;&lt;text&gt;Globulins are divided into alpha-1, alpha-2, beta, and gamma globulins. In general, alpha and gamma globulin protein levels increase when there is inflammation in the body.&lt;/text&gt;&lt;text&gt;Lipoprotein electrophoresis determines the amount of proteins made up of protein and fat, called lipoproteins (such as LDL cholesterol).&lt;/text&gt;</WhytheTestisPerformed><NormalResults>&lt;text&gt;Normal value ranges are:&lt;/text&gt;&lt;detail&gt;Total protein: 6.4 to 8.3 grams per deciliter (g/dL) or 64 to 83 grams per liter (g/L)&lt;/detail&gt;&lt;detail&gt;Albumin: 3.5 to 5.0 g/dL or 35 to 50 g/L&lt;/detail&gt;&lt;detail&gt;Alpha-1 globulin: 0.1 to 0.3 g/dL or 1 to 3 g/L&lt;/detail&gt;&lt;detail&gt;Alpha-2 globulin: 0.6 to 1.0 g/dL or 6 to 10 g/L&lt;/detail&gt;&lt;detail&gt;Beta globulin: 0.7 to 1.2 g/dL or 7 to 12 g/L&lt;/detail&gt;&lt;detail&gt;Gamma globulin: 0.7 to 1.6 g/dL or 7 to 16 g/L&lt;/detail&gt;&lt;text&gt;The examples above are common measurements for results of these tests. Normal value ranges may vary slightly among different laboratories. Some labs use different measurements or test different samples. Talk to your provider about the meaning of your specific results.&lt;/text&gt;</NormalResults><WhatAbnormalResultsMean>&lt;text&gt;Decreased total protein may indicate:&lt;/text&gt;&lt;detail&gt;Abnormal loss of protein from the digestive tract or the inability of the digestive tract to absorb proteins ( protein-losing enteropathy )&lt;/detail&gt;&lt;detail&gt; Malnutrition &lt;/detail&gt;&lt;detail&gt;Kidney disorder called  nephrotic syndrome &lt;/detail&gt;&lt;detail&gt;Scarring of the liver and poor liver function ( cirrhosis ) &lt;/detail&gt;&lt;text&gt;Increased alpha-1 globulin proteins may be due to:&lt;/text&gt;&lt;detail&gt;Acute inflammatory disease&lt;/detail&gt;&lt;detail&gt;Cancer&lt;/detail&gt;&lt;detail&gt;Chronic inflammatory disease (for example,  rheumatoid arthritis ,  SLE ) &lt;/detail&gt;&lt;text&gt;Decreased alpha-1 globulin proteins may be a sign of:&lt;/text&gt;&lt;detail&gt; Alpha-1 antitrypsin deficiency &lt;/detail&gt;&lt;text&gt;Increased alpha-2 globulin proteins may indicate a:&lt;/text&gt;&lt;detail&gt;Acute inflammation&lt;/detail&gt;&lt;detail&gt;Chronic inflammation &lt;/detail&gt;&lt;text&gt;Decreased alpha-2 globulin proteins may indicate:&lt;/text&gt;&lt;detail&gt;Breakdown of red blood cells ( hemolysis ) &lt;/detail&gt;&lt;text&gt;Increased beta globulin proteins may indicate:&lt;/text&gt;&lt;detail&gt;A disorder in which the body has problems breaking down fats (for example, hyperlipoproteinemia,  familial hypercholesterolemia )&lt;/detail&gt;&lt;detail&gt;Estrogen therapy &lt;/detail&gt;&lt;text&gt;Decreased beta globulin proteins may indicate:&lt;/text&gt;&lt;detail&gt;Abnormally low level of LDL  cholesterol &lt;/detail&gt;&lt;detail&gt;Malnutrition &lt;/detail&gt;&lt;text&gt;Increased gamma globulin proteins may indicate:&lt;/text&gt;&lt;detail&gt;Blood cancers, including multiple myeloma,  Waldenstrom macroglobulinemia , lymphomas, and chronic lymphocytic leukemias &lt;/detail&gt;&lt;detail&gt;Chronic inflammatory disease (for example,  rheumatoid arthritis )&lt;/detail&gt;&lt;detail&gt;Acute infection&lt;/detail&gt;&lt;detail&gt;Chronic  liver disease &lt;/detail&gt;</WhatAbnormalResultsMean><AlternativeNames>&lt;detail&gt;SPEP&lt;/detail&gt;</AlternativeNames><Images><value><img_name>Blood test</img_name><img_url>https://medlineplus.gov/ency/images/ency/fullsize/10026.jpg</img_url></value></Images></item>
<item><title>Protein C blood test</title><url>https://medlineplus.gov/ency/article/003659.htm</url><HowtoPreparefortheTest>&lt;text&gt;Certain medicines can change blood test results.&lt;/text&gt;&lt;detail&gt;Tell your health care provider about all the medicines you take.&lt;/detail&gt;&lt;detail&gt;Your provider will tell you if you need to stop taking any medicines before you have this test. This may include drugs that prevent blood clots (blood thinners).&lt;/detail&gt;&lt;detail&gt;Do not stop or change your medicines without talking to your provider first.&lt;/detail&gt;</HowtoPreparefortheTest><WhytheTestisPerformed>&lt;text&gt;You may need this test if you have an unexplained blood clot, or a family history of blood clots. Protein C helps control blood clotting. A lack of this protein or problem with the function of this protein may cause blood clots to form in veins.&lt;/text&gt;&lt;text&gt;The test is also used to screen relatives of persons who are known to have  protein C deficiency . It may also be done to find the reason for repeated miscarriages.&lt;/text&gt;</WhytheTestisPerformed><NormalResults>&lt;text&gt;Normal values are 60% to 150% inhibition.&lt;/text&gt;&lt;text&gt;Normal value ranges may vary slightly among different laboratories. Some labs use different measurements or may test different samples. Talk to your provider about the meaning of your specific test results.&lt;/text&gt;</NormalResults><WhatAbnormalResultsMean>&lt;text&gt;A lack (deficiency) of protein C can lead to excess clotting. These clots tend to form in veins, not arteries.&lt;/text&gt;&lt;text&gt;Protein C deficiency can be passed down through families (inherited). It can also develop with other conditions, such as:&lt;/text&gt;&lt;detail&gt;Chemotherapy use&lt;/detail&gt;&lt;detail&gt;Disorder in which the proteins that control blood clotting become over active ( disseminated intravascular coagulation )&lt;/detail&gt;&lt;detail&gt;Liver disease&lt;/detail&gt;&lt;detail&gt;Long-term antibiotic use&lt;/detail&gt;&lt;detail&gt;Warfarin (Coumadin) use&lt;/detail&gt;&lt;text&gt;A problem such as a  sudden blood clot in the lung  may reduce the protein C level.&lt;/text&gt;&lt;text&gt;Protein C level rises with age, but this does not cause any health problems.&lt;/text&gt;</WhatAbnormalResultsMean><AlternativeNames>&lt;detail&gt;Autoprothrombin IIA&lt;/detail&gt;</AlternativeNames></item>
<item><title>Prostate-specific antigen (PSA) blood test</title><url>https://medlineplus.gov/ency/article/003346.htm</url><HowtoPreparefortheTest>&lt;text&gt;Make sure your health care provider knows all the medicines you are taking. Some drugs cause your PSA level to be falsely low. &lt;/text&gt;&lt;text&gt;In most cases, no other special steps are needed to prepare for this test. You should abstain from ejaculation for 3 days prior to the blood test.&lt;/text&gt;</HowtoPreparefortheTest><WhytheTestisPerformed>&lt;text&gt;Reasons for a PSA test:&lt;/text&gt;&lt;detail&gt;This test may be done to screen for prostate cancer.&lt;/detail&gt;&lt;detail&gt;It is also used to follow people after prostate cancer treatment to see if the cancer has come back.&lt;/detail&gt;&lt;detail&gt;If a  provider feels the prostate gland  is not normal during physical exam. &lt;/detail&gt;&lt;text&gt;MORE ABOUT SCREENING FOR PROSTATE CANCER&lt;/text&gt;&lt;text&gt;Measuring the PSA level can increase the chance of finding prostate cancer when it is very early. But there is debate over the value of the PSA test for detecting prostate cancer. No single answer fits all men.&lt;/text&gt;&lt;text&gt;For some men 55 through 69 years old, screening may help reduce the chance of death from prostate cancer. However, for many men, screening and treatment can be harmful instead of beneficial.&lt;/text&gt;&lt;text&gt;Before having the test, talk to your provider about the pros and cons of having a PSA test. Ask about:&lt;/text&gt;&lt;detail&gt;Whether screening decreases your chance of dying from prostate cancer&lt;/detail&gt;&lt;detail&gt;Whether there is any harm from prostate cancer screening, such as side-effects from testing or overtreatment of cancer when discovered&lt;/detail&gt;&lt;text&gt;Men younger than age 55 have a higher chance of developing prostate cancer and should talk with their provider about PSA screening if they:&lt;/text&gt;&lt;detail&gt;Have a family history of prostate cancer (especially a brother or father)&lt;/detail&gt;&lt;detail&gt;Are African American&lt;/detail&gt;</WhytheTestisPerformed><NormalResults>&lt;text&gt;The PSA test result cannot diagnose prostate cancer. Only a  prostate biopsy  can diagnose this cancer.&lt;/text&gt;&lt;text&gt;Your provider will look at your PSA result and consider your age, ethnicity, medicines you are taking, and other things to decide whether your PSA is normal and whether you need more tests.&lt;/text&gt;&lt;text&gt;A normal PSA level is considered to be 4.0 nanograms per milliliter (ng/mL) of blood.&lt;/text&gt;&lt;detail&gt;For men in their 50s or younger, a PSA level should be below 2.5 in most cases.&lt;/detail&gt;&lt;detail&gt;Older men often have slightly higher PSA levels than younger men. &lt;/detail&gt;</NormalResults><WhatAbnormalResultsMean>&lt;text&gt;A high PSA level has been linked to an increased chance of having prostate cancer.&lt;/text&gt;&lt;text&gt;PSA testing is an important tool for detecting prostate cancer, but it is not foolproof. Other conditions can cause a rise in PSA, including:&lt;/text&gt;&lt;detail&gt;A larger prostate&lt;/detail&gt;&lt;detail&gt;Prostate infection (prostatitis)&lt;/detail&gt;&lt;detail&gt;Urinary tract infection&lt;/detail&gt;&lt;detail&gt;Recent tests on your bladder (cystoscopy) or prostate (biopsy)&lt;/detail&gt;&lt;detail&gt;Catheter tube recently placed into your bladder to drain urine&lt;/detail&gt;&lt;detail&gt;Recent intercourse or ejaculation &lt;/detail&gt;&lt;text&gt;Your provider will consider the following things when deciding on the next step:&lt;/text&gt;&lt;detail&gt;Your age&lt;/detail&gt;&lt;detail&gt;If you had a PSA test in the past and how much and how fast your PSA level has changed&lt;/detail&gt;&lt;detail&gt;If a prostate lump was found during your exam&lt;/detail&gt;&lt;detail&gt;Other symptoms you may have&lt;/detail&gt;&lt;detail&gt;Other risk factors for prostate cancer, such as ethnicity and family history &lt;/detail&gt;&lt;text&gt;Men at high risk may need to have more tests. These may include:&lt;/text&gt;&lt;detail&gt;Repeating your PSA test, most often sometime within 3 months. You may receive treatment for a prostate infection first.&lt;/detail&gt;&lt;detail&gt;A prostate biopsy will be done if the first PSA level is high, or if the level keeps rising when the PSA is measured again.&lt;/detail&gt;&lt;detail&gt;A follow-up test called a free PSA (fPSA). The lower the level of this test, the more likely it is that prostate cancer is present. &lt;/detail&gt;&lt;text&gt;Other tests may also be done. The exact role of these tests in deciding on treatment is unclear.&lt;/text&gt;&lt;detail&gt;A urine test called PCA-3.&lt;/detail&gt;&lt;detail&gt;A blood test called the Prostate Health Index (PHI).&lt;/detail&gt;&lt;detail&gt;An MRI of the prostate may help identify cancer in an area of the prostate that is hard to reach during a biopsy. &lt;/detail&gt;&lt;text&gt;If you have been treated for prostate cancer, the PSA level can show if treatment is working or if the cancer has come back. Often, PSA level rises before there are any symptoms. This may happen months or years beforehand.&lt;/text&gt;</WhatAbnormalResultsMean><AlternativeNames>&lt;detail&gt;Prostate-specific antigen&lt;/detail&gt;&lt;detail&gt; Prostate cancer screening test&lt;/detail&gt;&lt;detail&gt; PSA&lt;/detail&gt;</AlternativeNames><Images><value><img_name>Blood test</img_name><img_url>https://medlineplus.gov/ency/images/ency/fullsize/10026.jpg</img_url></value></Images></item>
<item><title>Prostate biopsy</title><url>https://medlineplus.gov/ency/article/007665.htm</url><HowtoPreparefortheTest>&lt;text&gt;Your provider will inform you about the risks and benefits of the biopsy. You may have to sign a consent form.&lt;/text&gt;&lt;text&gt;Several days before the biopsy, your provider may tell you to stop taking any:&lt;/text&gt;&lt;detail&gt;Anticoagulants (blood thinning drugs) such as warfarin, (Coumadin), clopidogrel (Plavix), apixaban (Eliquis), dabigatran (Pradaxa), edoxaban (Savaysa), rivaroxaban (Xarelto), or aspirin&lt;/detail&gt;&lt;detail&gt;NSAIDs, such as aspirin and ibuprofen&lt;/detail&gt;&lt;detail&gt;Herbal supplements&lt;/detail&gt;&lt;detail&gt;Vitamins&lt;/detail&gt;&lt;text&gt;Continue to take any prescription medicines unless your provider tells you not to take them.&lt;/text&gt;&lt;text&gt;Your provider may ask you to:&lt;/text&gt;&lt;detail&gt;Eat only light meals the day before the biopsy.&lt;/detail&gt;&lt;detail&gt;Do an enema at home before the procedure to cleanse your rectum.&lt;/detail&gt;&lt;detail&gt;Take antibiotics the day before or on the day of your biopsy.&lt;/detail&gt;</HowtoPreparefortheTest><WhytheTestisPerformed>&lt;text&gt;A biopsy is done to check for prostate cancer or to find the cause of an enlarged prostate.&lt;/text&gt;&lt;text&gt;Your provider may recommend a prostate biopsy if:&lt;/text&gt;&lt;detail&gt;A blood test shows that you have a higher than normal prostate specific antigen (PSA) level&lt;/detail&gt;&lt;detail&gt;Your provider discovers a lump or abnormality in your prostate during a digital rectal exam&lt;/detail&gt;</WhytheTestisPerformed><NormalResults>&lt;text&gt;Normal results from the biopsy suggest that no cancer cells have been found.&lt;/text&gt;</NormalResults><WhatAbnormalResultsMean>&lt;text&gt;A positive biopsy result means that cancer cells have been found. The lab will give the cells a grade called a  Gleason score . This helps predict how fast the cancer will grow. Your doctor will talk to you about your treatment options.&lt;/text&gt;&lt;text&gt;The biopsy may also show cells that look abnormal, but may or may not be cancer. Your provider will talk with you about what steps to take. You may need another biopsy.&lt;/text&gt;</WhatAbnormalResultsMean><AlternativeNames>&lt;detail&gt;Prostate gland biopsy&lt;/detail&gt;&lt;detail&gt; Transrectal prostate biopsy&lt;/detail&gt;&lt;detail&gt; Fine needle biopsy of the prostate&lt;/detail&gt;&lt;detail&gt; Core biopsy of the prostate&lt;/detail&gt;&lt;detail&gt; Targeted prostate biopsy&lt;/detail&gt;&lt;detail&gt; Prostate biopsy - transrectal ultrasound (TRUS)&lt;/detail&gt;&lt;detail&gt; Stereotactic transperineal prostate biopsy (STPB)&lt;/detail&gt;</AlternativeNames><Images><value><img_name>Male reproductive anatomy</img_name><img_url>https://medlineplus.gov/ency/images/ency/fullsize/1113.jpg</img_url></value></Images></item>
<item><title>Prolactin blood test</title><url>https://medlineplus.gov/ency/article/003718.htm</url><HowtoPreparefortheTest>&lt;text&gt;No special preparation is necessary.&lt;/text&gt;</HowtoPreparefortheTest><WhytheTestisPerformed>&lt;text&gt;Prolactin is a hormone released by the pituitary gland The pituitary is a small gland at the base of the brain. It regulates the body's balance of many hormones.&lt;/text&gt;&lt;text&gt;Prolactin stimulates breast development and milk production in women. There is no known normal function for prolactin in men.&lt;/text&gt;&lt;text&gt;Prolactin is usually measured when checking for pituitary tumors and the cause of:&lt;/text&gt;&lt;detail&gt;Breast milk production that is not related to childbirth (galactorrhea)&lt;/detail&gt;&lt;detail&gt;Decreased sex drive (libido) in men and women&lt;/detail&gt;&lt;detail&gt; Erection problems in men &lt;/detail&gt;&lt;detail&gt;Not able to get pregnant ( infertility )&lt;/detail&gt;&lt;detail&gt;Irregular or no menstrual periods ( amenorrhea ) &lt;/detail&gt;</WhytheTestisPerformed><NormalResults>&lt;text&gt;The normal values for prolactin are:&lt;/text&gt;&lt;detail&gt;Males: less than 20 ng/dL (425 mIU/L )&lt;/detail&gt;&lt;detail&gt;Nonpregnant females: 5 to 40 ng/dL (106 to 850 mIU/L)&lt;/detail&gt;&lt;detail&gt;Pregnant women: 80 to 400 ng/dL (1,700 to 8,500 mIU/L)&lt;/detail&gt;&lt;text&gt;Normal value ranges may vary slightly among different laboratories. Some labs use different measurements or test different samples. Talk to your doctor about the meaning of your specific test results.&lt;/text&gt;</NormalResults><WhatAbnormalResultsMean>&lt;text&gt;People with the following conditions may have high prolactin levels:&lt;/text&gt;&lt;detail&gt;Chest wall injury or irritation&lt;/detail&gt;&lt;detail&gt;Disease of an area of the brain called the  hypothalamus &lt;/detail&gt;&lt;detail&gt;Thyroid gland does not make enough thyroid hormone ( hypothyroidism )&lt;/detail&gt;&lt;detail&gt;Kidney disease&lt;/detail&gt;&lt;detail&gt;Pituitary tumor that makes prolactin (prolactinoma)&lt;/detail&gt;&lt;detail&gt;Other pituitary tumors and diseases in the area of the pituitary &lt;/detail&gt;&lt;text&gt;Certain medicines can also raise prolactin levels, including:&lt;/text&gt;&lt;detail&gt;Antidepressants&lt;/detail&gt;&lt;detail&gt;Butyrophenones&lt;/detail&gt;&lt;detail&gt;Estrogens&lt;/detail&gt;&lt;detail&gt;H2 blockers&lt;/detail&gt;&lt;detail&gt;Methyldopa&lt;/detail&gt;&lt;detail&gt;Metoclopramide&lt;/detail&gt;&lt;detail&gt;Phenothiazines&lt;/detail&gt;&lt;detail&gt;Reserpine&lt;/detail&gt;&lt;detail&gt;Risperidone&lt;/detail&gt;&lt;detail&gt;Verapamil &lt;/detail&gt;&lt;text&gt;If your prolactin level is high, the test may be repeated in the early morning after an 8-hour fast.&lt;/text&gt;&lt;text&gt;The following can temporarily increase prolactin levels:&lt;/text&gt;&lt;detail&gt;Emotional or physical stress (occasionally)&lt;/detail&gt;&lt;detail&gt;High-protein meals&lt;/detail&gt;&lt;detail&gt;Intense breast stimulation&lt;/detail&gt;&lt;detail&gt;Recent breast exam&lt;/detail&gt;&lt;detail&gt;Recent exercise &lt;/detail&gt;</WhatAbnormalResultsMean><AlternativeNames>&lt;detail&gt;PRL&lt;/detail&gt;&lt;detail&gt; Galactorrhea - prolactin test&lt;/detail&gt;&lt;detail&gt; Infertility - prolactin test&lt;/detail&gt;&lt;detail&gt; Amenorrhea - prolactin test&lt;/detail&gt;&lt;detail&gt; Breast leakage - prolactin test&lt;/detail&gt;&lt;detail&gt; Prolactinoma - prolactin test&lt;/detail&gt;&lt;detail&gt; Pituitary tumor - prolactin test &lt;/detail&gt;</AlternativeNames></item>
<item><title>Pregnancy test</title><url>https://medlineplus.gov/ency/article/003432.htm</url><WhytheTestisPerformed>&lt;text&gt;This test is done to:&lt;/text&gt;&lt;detail&gt;Determine if you are pregnant&lt;/detail&gt;&lt;detail&gt;Diagnose abnormal conditions that can raise HCG levels&lt;/detail&gt;&lt;detail&gt;Watch the development of the pregnancy during the first 2 months (quantitative test only) &lt;/detail&gt;</WhytheTestisPerformed><NormalResults>&lt;text&gt;HCG level rises rapidly during the first trimester of pregnancy and then slightly declines.&lt;/text&gt;</NormalResults><WhatAbnormalResultsMean>&lt;text&gt;HCG level should almost double every 48 hours in the beginning of a pregnancy. HCG level that does not rise appropriately may indicate a problem with your pregnancy. Problems related to an abnormal rising HCG level include  miscarriage  and  ectopic (tubal) pregnancy .&lt;/text&gt;&lt;text&gt;An extremely high level of HCG may suggest a molar pregnancy or more than one fetus, for example, twins.&lt;/text&gt;&lt;text&gt;Your provider will discuss the meaning of your HCG level with you.&lt;/text&gt;</WhatAbnormalResultsMean><Images><value><img_name>Pregnancy test</img_name><img_url>https://medlineplus.gov/ency/images/ency/fullsize/9103.jpg</img_url></value></Images></item>
<item><title>PPD skin test</title><url>https://medlineplus.gov/ency/article/003839.htm</url><HowtoPreparefortheTest>&lt;text&gt;There is no special preparation for this test.&lt;/text&gt;&lt;text&gt;Tell your provider if you have ever had a positive PPD skin test. If so, you should not have a repeat PPD test, except under unusual circumstances.&lt;/text&gt;&lt;text&gt;Tell your provider if you have a medical condition or if you take certain medicines, such as steroids, which can affect your immune system. These situations may lead to inaccurate test results.&lt;/text&gt;&lt;text&gt;Tell your provider if you have received the BCG vaccine and if so, when you received it. (This vaccine is only given outside of the United States).&lt;/text&gt;</HowtoPreparefortheTest><WhytheTestisPerformed>&lt;text&gt;This test is done to find out if you have ever come in contact with the bacteria that cause TB. &lt;/text&gt;&lt;text&gt;TB is an easily spread (contagious) disease. It most often affects the lungs. The bacteria can remain inactive (dormant) in the lungs for many years. This situation is called latent TB. &lt;/text&gt;&lt;text&gt;Most people in the United States who are infected with the bacteria do not have signs or symptoms of active TB. &lt;/text&gt;&lt;text&gt;You are most likely to need this test if you:&lt;/text&gt;&lt;detail&gt;May have been around someone with TB&lt;/detail&gt;&lt;detail&gt;Work in health care&lt;/detail&gt;&lt;detail&gt;Have a weakened immune system, due to certain medicines or disease (such as cancer or HIV/AIDS) &lt;/detail&gt;</WhytheTestisPerformed><NormalResults>&lt;text&gt;A negative reaction usually means you have never been infected with the bacteria that cause TB. &lt;/text&gt;&lt;text&gt;With a negative reaction, the skin where you received the PPD test is not swollen, or the swelling is very small. This measurement is different for children, people with HIV, and other high-risk groups.&lt;/text&gt;&lt;text&gt;The PPD skin test is not a perfect screening test. A few people infected with the bacteria that cause TB may not have a reaction. Also, diseases or medicines that weaken the immune system may cause a false-negative result. &lt;/text&gt;</NormalResults><WhatAbnormalResultsMean>&lt;text&gt;An abnormal (positive) result means you have been infected with the bacteria that cause TB. You may need treatment to lower the risk of the disease coming back (reactivation of the disease). A positive skin test does not mean that a person has active TB. More tests must be done to check whether there is active disease. &lt;/text&gt;&lt;text&gt;A small reaction (5 mm of firm swelling at the site) is considered to be positive in people:&lt;/text&gt;&lt;detail&gt;Who have HIV/AIDS&lt;/detail&gt;&lt;detail&gt;Who have received an organ transplant&lt;/detail&gt;&lt;detail&gt;Who have a suppressed immune system or are taking steroid therapy (about 15 mg of prednisone per day for 1 month)&lt;/detail&gt;&lt;detail&gt;Who have been in close contact with a person who has active TB&lt;/detail&gt;&lt;detail&gt;Who have changes on a chest x-ray that look like past TB &lt;/detail&gt;&lt;text&gt;Larger reactions (larger than or equal to 10 mm) are considered positive in:&lt;/text&gt;&lt;detail&gt;People with a known negative test in the past 2 years&lt;/detail&gt;&lt;detail&gt;People with diabetes, kidney failure, or other conditions that increase their chance of getting active TB&lt;/detail&gt;&lt;detail&gt;Health care workers&lt;/detail&gt;&lt;detail&gt;Injection drug users&lt;/detail&gt;&lt;detail&gt;Immigrants who have moved from a country with a high TB rate in the past 5 years&lt;/detail&gt;&lt;detail&gt;Children under age 4&lt;/detail&gt;&lt;detail&gt;Infants, children, or adolescents who are exposed to high-risk adults&lt;/detail&gt;&lt;detail&gt;Students and employees of certain group living settings, such as prisons, nursing homes, and homeless shelters &lt;/detail&gt;&lt;text&gt;In people with no known risks of TB, 15 mm or more of firm swelling at the site indicates a positive reaction.&lt;/text&gt;&lt;text&gt;People who were born outside the United States who have had a vaccine called BCG may have a false-positive test result. &lt;/text&gt;</WhatAbnormalResultsMean><AlternativeNames>&lt;detail&gt;Purified protein derivative standard&lt;/detail&gt;&lt;detail&gt; TB skin test&lt;/detail&gt;&lt;detail&gt; Tuberculin skin test&lt;/detail&gt;&lt;detail&gt; Mantoux test&lt;/detail&gt;</AlternativeNames><Images><value><img_name>Tuberculosis in the kidney</img_name><img_url>https://medlineplus.gov/ency/images/ency/fullsize/1033.jpg</img_url></value><value><img_name>Tuberculosis in the lung</img_name><img_url>https://medlineplus.gov/ency/images/ency/fullsize/1034.jpg</img_url></value><value><img_name>Positive PPD skin test</img_name><img_url>https://medlineplus.gov/ency/images/ency/fullsize/3037.jpg</img_url></value><value><img_name>PPD skin test</img_name><img_url>https://medlineplus.gov/ency/images/ency/fullsize/9773.jpg</img_url></value></Images></item>
<item><title>Potassium urine test</title><url>https://medlineplus.gov/ency/article/003600.htm</url><HowtoPreparefortheTest>&lt;text&gt;Your provider may ask you to temporarily stop taking any medicines that may affect the test results. Tell your provider about all the medicines you take, including:&lt;/text&gt;&lt;detail&gt;Corticosteroids&lt;/detail&gt;&lt;detail&gt;Nonsteroidal anti-inflammatory drugs (NSAIDs)&lt;/detail&gt;&lt;detail&gt;Potassium supplements&lt;/detail&gt;&lt;detail&gt;Water pills (diuretics) &lt;/detail&gt;&lt;text&gt;DO NOT stop taking any medicine before talking to your provider.&lt;/text&gt;</HowtoPreparefortheTest><WhytheTestisPerformed>&lt;text&gt;Your provider may order this test if you have signs of a condition that affects body fluids, such as dehydration, vomiting, or diarrhea.&lt;/text&gt;&lt;text&gt;It may also be done to diagnose or confirm disorders of the kidneys or  adrenal glands .&lt;/text&gt;</WhytheTestisPerformed><NormalResults>&lt;text&gt;The usual range for a person on a regular diet is 25 to 125 mEq/L per day. Lower or higher urinary level may occur depending on the amount of potassium in your diet and the amount of potassium in your body.&lt;/text&gt;&lt;text&gt;The examples above are common measurements for results of these tests. Normal value ranges may vary slightly among different laboratories. Some labs use different measurements or test different samples. Talk to your provider about the meaning of your specific test results.&lt;/text&gt;</NormalResults><WhatAbnormalResultsMean>&lt;text&gt;A higher than normal urine potassium level may be due to:&lt;/text&gt;&lt;detail&gt; Diabetic acidosis  and other forms of metabolic acidosis&lt;/detail&gt;&lt;detail&gt;Eating disorders (anorexia, bulimia)&lt;/detail&gt;&lt;detail&gt;Kidney problems, such as damage to kidney cells called tubule cells ( acute tubular necrosis )&lt;/detail&gt;&lt;detail&gt;Low blood magnesium level (hypomagnesemia)&lt;/detail&gt;&lt;detail&gt;Muscle damage (rhabdomyolysis) &lt;/detail&gt;&lt;text&gt;Low urine potassium level may be due to:&lt;/text&gt;&lt;detail&gt;Certain medicines, including beta blockers, lithium, trimethoprim, potassium-sparing diuretics, or nonsteroidal anti-inflammatory drugs (NSAIDs)&lt;/detail&gt;&lt;detail&gt; Adrenal glands  releasing too little hormone (hypoaldosteronism) &lt;/detail&gt;</WhatAbnormalResultsMean><AlternativeNames>&lt;detail&gt;Urine potassium&lt;/detail&gt;</AlternativeNames><Images><value><img_name>Male urinary system</img_name><img_url>https://medlineplus.gov/ency/images/ency/fullsize/10022.jpg</img_url></value></Images></item>
<item><title>Potassium test</title><url>https://medlineplus.gov/ency/article/003484.htm</url><HowtoPreparefortheTest>&lt;text&gt;Many medicines can interfere with blood test results.&lt;/text&gt;&lt;detail&gt;Your health care provider will tell you if you need to stop taking any medicines before you have this test.&lt;/detail&gt;&lt;detail&gt;DO NOT stop or change your medicines without talking to your provider first. &lt;/detail&gt;</HowtoPreparefortheTest><WhytheTestisPerformed>&lt;text&gt;This test is a regular part of a basic or comprehensive metabolic panel.&lt;/text&gt;&lt;text&gt;You may have this test to diagnose or monitor kidney disease. The most common cause of high potassium level is kidney disease.&lt;/text&gt;&lt;text&gt;Potassium is important to heart function.&lt;/text&gt;&lt;detail&gt;Your provider may order this test if you have signs of high blood pressure or heart problems.&lt;/detail&gt;&lt;detail&gt;Small changes in potassium levels can have a big effect on the activity of nerves and muscles, especially the heart.&lt;/detail&gt;&lt;detail&gt;Low levels of potassium can lead to an irregular heartbeat or other electrical malfunction of the heart.&lt;/detail&gt;&lt;detail&gt;High levels cause decreased heart muscle activity.&lt;/detail&gt;&lt;detail&gt;Either situation can lead to life-threatening heart problems. &lt;/detail&gt;&lt;text&gt;It may also be done if your provider suspects  metabolic acidosis  (for example, caused by uncontrolled diabetes) or  alkalosis  (for example, caused by excess vomiting).&lt;/text&gt;&lt;text&gt;Sometimes, the potassium test may be done in people who are having an attack of  paralysis .&lt;/text&gt;</WhytheTestisPerformed><NormalResults>&lt;text&gt;The normal range is 3.7 to 5.2 milliequivalents per liter (mEq/L) 3.70 to 5.20 millimoles per liter (millimol/L).&lt;/text&gt;&lt;text&gt;Normal value ranges may vary slightly among different laboratories. Talk to your provider about the meaning of your specific test results.&lt;/text&gt;&lt;text&gt;The examples above show the common measurements for results for these tests. Some laboratories use different measurements or may test different specimens.&lt;/text&gt;</NormalResults><WhatAbnormalResultsMean>&lt;text&gt;High levels of potassium ( hyperkalemia ) may be due to:&lt;/text&gt;&lt;detail&gt; Addison disease  (rare)&lt;/detail&gt;&lt;detail&gt;Blood transfusion&lt;/detail&gt;&lt;detail&gt;Certain medicines&lt;/detail&gt;&lt;detail&gt;Crushed tissue injury&lt;/detail&gt;&lt;detail&gt; Hyperkalemic periodic paralysis &lt;/detail&gt;&lt;detail&gt;Hypoaldosteronism (very rare)&lt;/detail&gt;&lt;detail&gt; Kidney failure &lt;/detail&gt;&lt;detail&gt;Metabolic or  respiratory acidosis &lt;/detail&gt;&lt;detail&gt;Red blood cell destruction&lt;/detail&gt;&lt;detail&gt;Too much potassium in your diet &lt;/detail&gt;&lt;text&gt;Low levels of potassium ( hypokalemia ) may be due to:&lt;/text&gt;&lt;detail&gt;Chronic diarrhea&lt;/detail&gt;&lt;detail&gt; Cushing syndrome  (rare)&lt;/detail&gt;&lt;detail&gt;Diuretics such as hydrochlorothiazide, furosemide, and indapamide&lt;/detail&gt;&lt;detail&gt; Hyperaldosteronism &lt;/detail&gt;&lt;detail&gt; Hypokalemic periodic paralysis &lt;/detail&gt;&lt;detail&gt;Not enough potassium in the diet&lt;/detail&gt;&lt;detail&gt;Renal artery stenosis&lt;/detail&gt;&lt;detail&gt; Renal tubular acidosis  (rare)&lt;/detail&gt;&lt;detail&gt;Vomiting &lt;/detail&gt;</WhatAbnormalResultsMean><AlternativeNames>&lt;detail&gt;Hypokalemia test&lt;/detail&gt;&lt;detail&gt; K+&lt;/detail&gt;</AlternativeNames><Images><value><img_name>Blood test</img_name><img_url>https://medlineplus.gov/ency/images/ency/fullsize/10026.jpg</img_url></value></Images></item>
<item><title>Porphyrins blood test</title><url>https://medlineplus.gov/ency/article/003372.htm</url><HowtoPreparefortheTest>&lt;text&gt;You should not eat for 12 to 14 hours before this test. You may drink water right before the test. Your test results may be affected if you do not follow these instructions. &lt;/text&gt;</HowtoPreparefortheTest><WhytheTestisPerformed>&lt;text&gt;This test is used to diagnose  porphyrias . This is a group of rare disorders often passed down through family members.&lt;/text&gt;&lt;text&gt;It may also be used along with other tests to diagnose lead poisoning and certain nervous system and skin disorders.&lt;/text&gt;</WhytheTestisPerformed><NormalResults>&lt;text&gt;This test specifically measures total porphyrin levels. But, reference values (a range of values seen in a group of healthy people) for the individual components are also included:&lt;/text&gt;&lt;detail&gt;Total porphyrin levels: 0 to 1.0 mcg/dL (0 to 15 nmol/L)&lt;/detail&gt;&lt;detail&gt;Coproporphyrin level: &amp;lt;2 mcg/dL (&amp;lt;30 nmol/L)&lt;/detail&gt;&lt;detail&gt;Protoporphyrin level: 16 to 60 mcg/dL (0.28 to 1.07 µmol/L)&lt;/detail&gt;&lt;detail&gt;Uroporphyrin level: &amp;lt;2 mcg/dL (&amp;lt;2.4 nmol/L) &lt;/detail&gt;&lt;text&gt;Normal value ranges may vary slightly among different laboratories. Some labs use different measurements or test different samples. Talk to your doctor about the meaning of your specific test results.&lt;/text&gt;</NormalResults><WhatAbnormalResultsMean>&lt;text&gt;Increased levels of coproporphyrins may be a sign of:&lt;/text&gt;&lt;detail&gt; Congenital erythropoietic porphyria &lt;/detail&gt;&lt;detail&gt;Hepatic coproporphyria&lt;/detail&gt;&lt;detail&gt;Sideroblastic  anemia &lt;/detail&gt;&lt;detail&gt;Variegate porphyria&lt;/detail&gt;&lt;text&gt;An increased protoporphyrin level may be a sign of:&lt;/text&gt;&lt;detail&gt; Anemia of chronic disease &lt;/detail&gt;&lt;detail&gt;Congenital  erythropoietic protoporphyria &lt;/detail&gt;&lt;detail&gt;Increased erythropoiesis&lt;/detail&gt;&lt;detail&gt;Infection&lt;/detail&gt;&lt;detail&gt; Iron deficiency anemia &lt;/detail&gt;&lt;detail&gt; Lead poisoning &lt;/detail&gt;&lt;detail&gt;Sideroblastic anemia&lt;/detail&gt;&lt;detail&gt; Thalassemia &lt;/detail&gt;&lt;detail&gt;Variegate porphyria&lt;/detail&gt;&lt;text&gt;An increased uroporphyrin level may be a sign of:&lt;/text&gt;&lt;detail&gt;Congenital erythropoietic porphyria&lt;/detail&gt;&lt;detail&gt;Porphyria cutanea tarda&lt;/detail&gt;</WhatAbnormalResultsMean><AlternativeNames>&lt;detail&gt;Protoporphyrin levels&lt;/detail&gt;&lt;detail&gt; Porphyrins - total&lt;/detail&gt;&lt;detail&gt; Coproporphyrin levels&lt;/detail&gt;&lt;detail&gt; PROTO test&lt;/detail&gt;</AlternativeNames><Images><value><img_name>Blood test</img_name><img_url>https://medlineplus.gov/ency/images/ency/fullsize/10026.jpg</img_url></value></Images></item>
<item><title>Porphyrins - urine test</title><url>https://medlineplus.gov/ency/article/003614.htm</url><HowtoPreparefortheTest>&lt;text&gt;Your provider may tell you to temporarily stop taking medicines that may affect the test results. These may include:&lt;/text&gt;&lt;detail&gt;Antibiotics and anti-fungal drugs&lt;/detail&gt;&lt;detail&gt;Anti-anxiety drugs&lt;/detail&gt;&lt;detail&gt;Birth control pills&lt;/detail&gt;&lt;detail&gt;Diabetes medicines&lt;/detail&gt;&lt;detail&gt;Pain medicines&lt;/detail&gt;&lt;detail&gt;Sleep medicines&lt;/detail&gt;&lt;text&gt;Do not stop taking any medicine without first talking to your provider.&lt;/text&gt;</HowtoPreparefortheTest><WhytheTestisPerformed>&lt;text&gt;Your provider will order this test if you have signs of  porphyria  or other disorders that can cause abnormal urine porphyrins.&lt;/text&gt;</WhytheTestisPerformed><NormalResults>&lt;text&gt;Normal results vary depending on the type of porphyrin tested. In general, for a 24-hour urine test of total porphyrins, the range is about 20 to 120 µg/L (25 to 144 nmol/L).&lt;/text&gt;&lt;text&gt;Normal value ranges may vary slightly among different laboratories. Some labs use different measurements or may test different specimens. Talk to your provider about the meaning of your specific test results.&lt;/text&gt;</NormalResults><WhatAbnormalResultsMean>&lt;text&gt;Abnormal results may be due to:&lt;/text&gt;&lt;detail&gt; Liver cancer &lt;/detail&gt;&lt;detail&gt; Hepatitis &lt;/detail&gt;&lt;detail&gt; Lead poisoning &lt;/detail&gt;&lt;detail&gt;Porphyria (several types)&lt;/detail&gt;</WhatAbnormalResultsMean><AlternativeNames>&lt;detail&gt;Urine uroporphyrin&lt;/detail&gt;&lt;detail&gt; Urine coproporphyrin&lt;/detail&gt;&lt;detail&gt; Porphyria - uroporphyrin&lt;/detail&gt;</AlternativeNames><Images><value><img_name>Female urinary tract</img_name><img_url>https://medlineplus.gov/ency/images/ency/fullsize/1122.jpg</img_url></value><value><img_name>Male urinary tract</img_name><img_url>https://medlineplus.gov/ency/images/ency/fullsize/1123.jpg</img_url></value><value><img_name>Porphyrin urine test</img_name><img_url>https://medlineplus.gov/ency/images/ency/fullsize/9770.jpg</img_url></value></Images></item>
<item><title>Polysomnography</title><url>https://medlineplus.gov/ency/article/003932.htm</url><HowtoPreparefortheTest>&lt;text&gt;Whether the test is at a sleep study center or at home, you prepare the same way. Unless directed to do so by your doctor, do not take any sleep medicine and do not drink alcohol or caffeinated beverages before the test. They can interfere with your sleep.&lt;/text&gt;</HowtoPreparefortheTest><WhytheTestisPerformed>&lt;text&gt;The test helps diagnose possible  sleep disorders , including  obstructive sleep apnea  (OSA). Your provider may think you have OSA because you have these symptoms:&lt;/text&gt;&lt;detail&gt; Daytime sleepiness  (falling asleep during the day)   &lt;/detail&gt;&lt;detail&gt;   Loud snoring   &lt;/detail&gt;&lt;detail&gt;   Periods of holding your breath while you sleep, followed by gasps or snorts   &lt;/detail&gt;&lt;detail&gt;   Restless sleep   &lt;/detail&gt;&lt;text&gt;Polysomnography can also diagnose other sleep disorders:&lt;/text&gt;&lt;detail&gt; Narcolepsy &lt;/detail&gt;&lt;detail&gt;Periodic limb movements disorder (moving your legs often during sleep)&lt;/detail&gt;&lt;detail&gt;REM behavior disorder (physically "acting out" your dreams during sleep)&lt;/detail&gt;</WhytheTestisPerformed><NormalResults>&lt;text&gt;A sleep study tracks:&lt;/text&gt;&lt;detail&gt;How often you stop breathing for at least 10 seconds (called apnea)&lt;/detail&gt;&lt;detail&gt;How often your breathing is partly blocked for 10 seconds (called hypopnea)&lt;/detail&gt;&lt;detail&gt;Your brain waves and muscle movements during sleep&lt;/detail&gt;&lt;text&gt;Most people have short periods during sleep where their breathing stops or is partly blocked. The Apnea-Hypopnea Index (AHI) is the number of apnea or hypopnea measured during a sleep study. AHI results are used to diagnose obstructive sleep apnea.&lt;/text&gt;&lt;text&gt;Normal test result show:&lt;/text&gt;&lt;detail&gt;Few or no episodes of stopping breathing. An AHI of less than 5 is considered normal.&lt;/detail&gt;&lt;detail&gt;Normal patterns of brain waves and muscle movements during sleep.&lt;br&gt;&lt;/detail&gt;</NormalResults><WhatAbnormalResultsMean>&lt;text&gt;In adults, test results above 5 may mean you have sleep apnea:&lt;/text&gt;&lt;detail&gt;5 to 15 is mild sleep apnea&lt;/detail&gt;&lt;detail&gt;15 to 30 is moderate sleep apnea&lt;/detail&gt;&lt;detail&gt;More than 30 is severe sleep apnea &lt;/detail&gt;&lt;text&gt;To make a diagnosis and decide on treatment, the sleep specialist must also look at:&lt;/text&gt;&lt;detail&gt;Other findings from the sleep study&lt;/detail&gt;&lt;detail&gt;Your medical history and sleep-related complaints&lt;/detail&gt;&lt;detail&gt;Your physical exam &lt;/detail&gt;</WhatAbnormalResultsMean><AlternativeNames>&lt;detail&gt;Sleep study&lt;/detail&gt;&lt;detail&gt; Polysomnogram&lt;/detail&gt;&lt;detail&gt; Rapid eye movement studies&lt;/detail&gt;&lt;detail&gt; Split night polysomnography&lt;/detail&gt;&lt;detail&gt; PSG&lt;/detail&gt;&lt;detail&gt; OSA - sleep study&lt;/detail&gt;&lt;detail&gt; Obstructive sleep apnea - sleep study&lt;/detail&gt;&lt;detail&gt; Sleep apnea - sleep study&lt;/detail&gt;</AlternativeNames><Images><value><img_name>Sleep studies</img_name><img_url>https://medlineplus.gov/ency/images/ency/fullsize/8899.jpg</img_url></value></Images></item>
<item><title>Pleural needle biopsy</title><url>https://medlineplus.gov/ency/article/003862.htm</url><HowtoPreparefortheTest>&lt;text&gt;You will have blood tests before the biopsy. You will likely have a  chest x-ray .&lt;/text&gt;</HowtoPreparefortheTest><WhytheTestisPerformed>&lt;text&gt;Pleural biopsy is usually done to find the cause of a collection of fluid around the lung ( pleural effusion ) or other abnormality of the pleural membrane. Pleural biopsy can diagnose  tuberculosis , cancer, and other diseases.&lt;/text&gt;&lt;text&gt;If this type of pleural biopsy is not enough to make a diagnosis, you may need a  surgical biopsy of the pleura .&lt;/text&gt;</WhytheTestisPerformed><NormalResults>&lt;text&gt;Pleural tissues appear normal, without signs of inflammation, infection, or cancer.&lt;/text&gt;</NormalResults><WhatAbnormalResultsMean>&lt;text&gt;Abnormal results may reveal cancer (including  primary lung cancer ,  malignant mesothelioma , and  metastatic pleural tumor ), tuberculosis, other infections, or collagen vascular disease.&lt;/text&gt;</WhatAbnormalResultsMean><AlternativeNames>&lt;detail&gt;Closed pleural biopsy&lt;/detail&gt;&lt;detail&gt; Needle biopsy of the pleura&lt;/detail&gt;</AlternativeNames><Images><value><img_name>Pleural biopsy</img_name><img_url>https://medlineplus.gov/ency/images/ency/fullsize/8898.jpg</img_url></value></Images></item>
<item><title>Pleural fluid smear</title><url>https://medlineplus.gov/ency/article/003721.htm</url><HowtoPreparefortheTest>&lt;text&gt;No special preparation is needed before the test. A chest x-ray will be performed before and after the test.&lt;/text&gt;&lt;text&gt;DO NOT cough, breathe deeply, or move during the test to avoid injury to the lung.&lt;/text&gt;</HowtoPreparefortheTest><WhytheTestisPerformed>&lt;text&gt;The test is performed if you have a pleural effusion and its cause is not known, especially if the provider suspects an infection or cancer.&lt;/text&gt;</WhytheTestisPerformed><NormalResults>&lt;text&gt;Normally, no bacteria, fungi, or cancer cells are present in the pleural fluid.&lt;/text&gt;&lt;text&gt;Normal value ranges may vary slightly among different laboratories. Talk to your provider about the meaning of your specific test results.&lt;/text&gt;</NormalResults><WhatAbnormalResultsMean>&lt;text&gt;Positive results may indicate that infection, or cancer cells, are present. Other tests can help identify the specific type of infection or cancer. Sometimes, the test may show abnormalities (such as special types of cells) from conditions such as  systemic lupus erythematosus .&lt;/text&gt;</WhatAbnormalResultsMean><Images><value><img_name>Pleural smear</img_name><img_url>https://medlineplus.gov/ency/images/ency/fullsize/9752.jpg</img_url></value></Images></item>
<item><title>Pleural fluid culture</title><url>https://medlineplus.gov/ency/article/003725.htm</url><HowtoPreparefortheTest>&lt;text&gt;No special preparation is needed before the test. A chest x-ray will be performed before and after the test.&lt;/text&gt;&lt;text&gt;DO NOT cough, breathe deeply, or move during the test to avoid injury to the lung.&lt;/text&gt;</HowtoPreparefortheTest><WhytheTestisPerformed>&lt;text&gt;Your provider may order this test if you have signs of a certain infection or if a  chest x-ray  or CT scan of the chest shows you have too much fluid in the space around the lungs. &lt;/text&gt;</WhytheTestisPerformed><NormalResults>&lt;text&gt;A normal result means no bacteria or fungi were seen in the test sample.&lt;/text&gt;&lt;text&gt;A normal value is no growth of any bacteria. Talk to your doctor about the meaning of your specific test results.&lt;/text&gt;</NormalResults><WhatAbnormalResultsMean>&lt;text&gt;Abnormal results may indicate:&lt;/text&gt;&lt;detail&gt; Empyema  (collection of pus in the pleural space)&lt;/detail&gt;&lt;detail&gt;Lung abscess (collection of pus in a lung)&lt;/detail&gt;&lt;detail&gt; Pneumonia &lt;/detail&gt;&lt;detail&gt; Tuberculosis &lt;/detail&gt;</WhatAbnormalResultsMean><AlternativeNames>&lt;detail&gt;Culture - pleural fluid&lt;/detail&gt;</AlternativeNames><Images><value><img_name>Pleural culture</img_name><img_url>https://medlineplus.gov/ency/images/ency/fullsize/9750.jpg</img_url></value></Images></item>
<item><title>Pleural fluid analysis</title><url>https://medlineplus.gov/ency/article/003624.htm</url><HowtoPreparefortheTest>&lt;text&gt;No special preparation is needed before the test. An ultrasound, CT scan, or  chest x-ray  will be performed before and after the test.&lt;/text&gt;&lt;text&gt;DO NOT cough, breathe deeply, or move during the test to avoid injury to the lung.&lt;/text&gt;&lt;text&gt;Tell your provider if you take medicines to thin the blood.&lt;/text&gt;</HowtoPreparefortheTest><WhytheTestisPerformed>&lt;text&gt;The test is performed to determine the cause of a pleural effusion. It is also done to relieve the shortness of breath that a large pleural effusion can cause.&lt;/text&gt;</WhytheTestisPerformed><NormalResults>&lt;text&gt;Normally the pleural cavity contains less than 20 milliliters (4 teaspoons) of clear, yellowish (serous) fluid.&lt;/text&gt;</NormalResults><WhatAbnormalResultsMean>&lt;text&gt;Abnormal results may indicate possible causes of pleural effusion, such as:&lt;/text&gt;&lt;detail&gt;Cancer&lt;/detail&gt;&lt;detail&gt; Cirrhosis &lt;/detail&gt;&lt;detail&gt; Heart failure &lt;/detail&gt;&lt;detail&gt;Infection&lt;/detail&gt;&lt;detail&gt;Severe  malnutrition &lt;/detail&gt;&lt;detail&gt;Trauma&lt;/detail&gt;&lt;detail&gt;Abnormal connections between the pleural space and other organs (for example, the esophagus) &lt;/detail&gt;&lt;text&gt;If the provider suspects an infection, a  culture of the fluid  is done to check for bacteria and other microbes.&lt;/text&gt;&lt;text&gt;The test may also be performed for  hemothorax . This is a collection of blood in the pleura.&lt;/text&gt;</WhatAbnormalResultsMean></item>
<item><title>Platelet count</title><url>https://medlineplus.gov/ency/article/003647.htm</url><HowtoPreparefortheTest>&lt;text&gt;Most of the time you do not need to take special steps before this test.&lt;/text&gt;</HowtoPreparefortheTest><WhytheTestisPerformed>&lt;text&gt;The number of platelets in your blood can be affected by many diseases. Platelets may be counted to monitor or diagnose diseases, or to look for the cause of too much bleeding or clotting. &lt;/text&gt;</WhytheTestisPerformed><NormalResults>&lt;text&gt;The normal number of platelets in the blood is 150,000 to 400,000 platelets per microliter (mcL) or 150 to 400 × 10&lt;sup&gt;9&lt;/sup&gt;/L.&lt;/text&gt;&lt;text&gt;Normal value ranges may vary slightly. Some lab use different measurements or may test different specimens. Talk to your doctor about your test results. &lt;/text&gt;</NormalResults><WhatAbnormalResultsMean>&lt;text&gt;LOW PLATELET COUNT&lt;/text&gt;&lt;text&gt;A low platelet count is below 150,000 (150 × 10&lt;sup&gt;9&lt;/sup&gt;/L). If your platelet count is below 50,000 (50 × 10&lt;sup&gt;9&lt;/sup&gt;/L), your risk of bleeding is high. Even every day activities can cause bleeding.&lt;/text&gt;&lt;text&gt;A lower-than-normal platelet count is called  thrombocytopenia . Low platelet count can be divided into 3 main causes: &lt;/text&gt;&lt;detail&gt;Not enough platelets are being made in the bone marrow&lt;/detail&gt;&lt;detail&gt;Platelets are being destroyed in the bloodstream&lt;/detail&gt;&lt;detail&gt;Platelets are being destroyed in the spleen or liver &lt;/detail&gt;&lt;text&gt;Three of the more common causes of this problem are:&lt;/text&gt;&lt;detail&gt;Cancer treatments, such as  chemotherapy  or  radiation &lt;/detail&gt;&lt;detail&gt; Drugs and medicines &lt;/detail&gt;&lt;detail&gt; Autoimmune disorders , in which the immune system mistakenly attacks and destroys healthy body tissue, such as platelets &lt;/detail&gt;&lt;text&gt;If your platelets are low, talk to your health care provider about how to prevent bleeding and what to do if you are bleeding.&lt;/text&gt;&lt;text&gt;HIGH PLATELET COUNT&lt;/text&gt;&lt;text&gt;A high platelet count is 400,000 (400 × 10&lt;sup&gt;9&lt;/sup&gt;/L) or above&lt;/text&gt;&lt;text&gt;A higher-than-normal number of platelets is called thrombocytosis. It means your body is making too many platelets. Causes may include:&lt;/text&gt;&lt;detail&gt;A type of anemia in which red blood cells in the blood are destroyed earlier than normal ( hemolytic anemia )&lt;/detail&gt;&lt;detail&gt; Anemia due to low iron ,  sickle cell disease &lt;/detail&gt;&lt;detail&gt;After certain infections, major surgery or trauma&lt;/detail&gt;&lt;detail&gt;Cancer&lt;/detail&gt;&lt;detail&gt;Certain medicines&lt;/detail&gt;&lt;detail&gt;Bone marrow disease called  polycythemia vera &lt;/detail&gt;&lt;detail&gt;Bone marrow making too many platelets without a known cause ( primary thrombocythemia )&lt;/detail&gt;&lt;detail&gt;Recent spleen removal &lt;/detail&gt;&lt;text&gt;Some people with high platelet counts may be at risk of forming  blood clots . Blood clots can lead to serious medical problems&lt;/text&gt;</WhatAbnormalResultsMean><AlternativeNames>&lt;detail&gt;Thrombocyte count&lt;/detail&gt;</AlternativeNames></item>
<item><title>Platelet antibodies blood test</title><url>https://medlineplus.gov/ency/article/003552.htm</url><HowtoPreparefortheTest>&lt;text&gt;No special preparation is needed for this test.&lt;/text&gt;</HowtoPreparefortheTest><WhytheTestisPerformed>&lt;text&gt;An antibody is a protein produced by your body's immune system to attack harmful substances, called antigens. Examples of antigens include bacteria and viruses.&lt;/text&gt;&lt;text&gt;Antibodies may be produced when your immune system mistakenly considers healthy tissue to be a harmful substance. In the case of platelet antibodies, your body created antibodies to attack platelets. As a result, you will have a lower than normal number of platelets in your body. This condition is called  thrombocytopenia , and it can cause too much bleeding.&lt;/text&gt;&lt;text&gt;This test is often ordered because you have a bleeding problem.&lt;/text&gt;</WhytheTestisPerformed><NormalResults>&lt;text&gt;A negative test is normal. This means that you do not have anti-platelet antibodies in your blood.&lt;/text&gt;&lt;text&gt;Normal value ranges may vary slightly among different laboratories. Some labs use different measurements or test different samples. Talk to your health care provider about the meaning of your specific test results.&lt;/text&gt;</NormalResults><WhatAbnormalResultsMean>&lt;text&gt;Abnormal results show that you have anti-platelet antibodies. Anti-platelet antibodies may appear in the blood due to any of the following:&lt;/text&gt;&lt;detail&gt;For unknown reasons (idiopathic thrombocytopenic purpura, or  ITP )&lt;/detail&gt;&lt;detail&gt;Side effect of certain drugs such as gold, heparin, quinidine, and quinine&lt;/detail&gt;</WhatAbnormalResultsMean><AlternativeNames>&lt;detail&gt;Thrombocytopenia - platelet antibody&lt;/detail&gt;&lt;detail&gt; Idiopathic thrombocytopenic purpura - platelet antibody&lt;/detail&gt;</AlternativeNames><Images><value><img_name>Blood test</img_name><img_url>https://medlineplus.gov/ency/images/ency/fullsize/10026.jpg</img_url></value></Images></item>
<item><title>Platelet aggregation test</title><url>https://medlineplus.gov/ency/article/003669.htm</url><HowtoPreparefortheTest>&lt;text&gt;Your health care provider may tell you to temporarily stop taking medicines that may affect the test results. Be sure to tell your provider about all the medicines you take. These include:&lt;/text&gt;&lt;detail&gt;Antibiotics&lt;/detail&gt;&lt;detail&gt;Antihistamines&lt;/detail&gt;&lt;detail&gt;Antidepressants&lt;/detail&gt;&lt;detail&gt;Blood thinners, such as aspirin, that make it hard for the blood to clot&lt;/detail&gt;&lt;detail&gt;Nonsteroidal inflammatory drugs (NSAIDs)&lt;/detail&gt;&lt;detail&gt;Statin drugs for cholesterol &lt;/detail&gt;&lt;text&gt;Also tell your provider about any vitamins or herbal remedies you take.&lt;/text&gt;&lt;text&gt;DO NOT stop taking any medicine without first talking to your provider.&lt;/text&gt;</HowtoPreparefortheTest><WhytheTestisPerformed>&lt;text&gt;Your provider may order this test if you have signs of a bleeding disorder or a low  platelet count . It may also be ordered if a member of your family is known to have a bleeding disorder due to platelet dysfunction.&lt;/text&gt;&lt;text&gt;The test can help diagnose problems with platelet function and determine whether the problem is due to your genes, another disorder, or a side effect of medicine.&lt;/text&gt;</WhytheTestisPerformed><NormalResults>&lt;text&gt;The normal time it takes for platelets to clump depends on temperature, and may vary from laboratory to laboratory.&lt;/text&gt;&lt;text&gt;Normal value ranges may vary slightly among different laboratories. Some labs use different measurements or may test different specimens. Talk to your provider about the meaning of your specific test results.&lt;/text&gt;</NormalResults><WhatAbnormalResultsMean>&lt;text&gt;Decreased platelet aggregation may be due to:&lt;/text&gt;&lt;detail&gt; Autoimmune disorders  that produce antibodies against platelets&lt;/detail&gt;&lt;detail&gt; Fibrin degradation products &lt;/detail&gt;&lt;detail&gt; Inherited platelet function defects &lt;/detail&gt;&lt;detail&gt;Medicines that block platelet aggregation&lt;/detail&gt;&lt;detail&gt;Bone marrow disorders&lt;/detail&gt;&lt;detail&gt; Uremia  (a result of  kidney failure )&lt;/detail&gt;&lt;detail&gt; Von Willebrand disease  (a bleeding disorder)&lt;/detail&gt;</WhatAbnormalResultsMean></item>
<item><title>Plasma amino acids</title><url>https://medlineplus.gov/ency/article/003361.htm</url><HowtoPreparefortheTest>&lt;text&gt;The person having the test should not eat 4 hours before the test.&lt;/text&gt;</HowtoPreparefortheTest><WhytheTestisPerformed>&lt;text&gt;This test is done to measure the level of amino acids in the blood.&lt;/text&gt;&lt;text&gt;An increased level of a particular amino acid is a strong sign. This shows that there is a problem with the body's ability to break down (metabolize) that amino acid.&lt;/text&gt;&lt;text&gt;The test may also be used to look for decreased levels of amino acids in the blood.&lt;/text&gt;&lt;text&gt;Increased or decreased levels of amino acids in the blood may occur with fevers, inadequate nutrition, and certain medical conditions.&lt;/text&gt;</WhytheTestisPerformed><NormalResults>&lt;text&gt;All measurements are in micromoles per liter (µmol/L). Normal values may vary between different laboratories. Talk to your health care provider about your specific test results.&lt;/text&gt;&lt;text&gt;Alanine:&lt;/text&gt;&lt;detail&gt;Children: 200 to 450&lt;/detail&gt;&lt;detail&gt;Adults: 230 to 510&lt;/detail&gt;&lt;text&gt;Alpha-aminoadipic acid:&lt;/text&gt;&lt;detail&gt;Children: not measured&lt;/detail&gt;&lt;detail&gt;Adults: not measured&lt;/detail&gt;&lt;text&gt;Alpha-amino-N-butyric acid:&lt;/text&gt;&lt;detail&gt;Children: 8 to 37&lt;/detail&gt;&lt;detail&gt;Adults: 15 to 41&lt;/detail&gt;&lt;text&gt;Arginine:&lt;/text&gt;&lt;detail&gt;Children: 44 to 120&lt;/detail&gt;&lt;detail&gt;Adults: 13 to 64&lt;/detail&gt;&lt;text&gt;Asparagine:&lt;/text&gt;&lt;detail&gt;Children: 15 to 40&lt;/detail&gt;&lt;detail&gt;Adults: 45 to 130&lt;/detail&gt;&lt;text&gt; Aspartic acid :&lt;/text&gt;&lt;detail&gt;Children: 0 to 26&lt;/detail&gt;&lt;detail&gt;Adults: 0 to 6&lt;/detail&gt;&lt;text&gt;Beta-alanine:&lt;/text&gt;&lt;detail&gt;Children: 0 to 49&lt;/detail&gt;&lt;detail&gt;Adults: 0 to 29&lt;/detail&gt;&lt;text&gt;Beta-amino-isobutyric acid:&lt;/text&gt;&lt;detail&gt;Children: not measured&lt;/detail&gt;&lt;detail&gt;Adults: not measured&lt;/detail&gt;&lt;text&gt;Carnosine:&lt;/text&gt;&lt;detail&gt;Children: not measured&lt;/detail&gt;&lt;detail&gt;Adults: not measured&lt;/detail&gt;&lt;text&gt;Citrulline:&lt;/text&gt;&lt;detail&gt;Children: 16 to 32&lt;/detail&gt;&lt;detail&gt;Adults: 16 to 55&lt;/detail&gt;&lt;text&gt;Cystine:&lt;/text&gt;&lt;detail&gt;Children: 19 to 47&lt;/detail&gt;&lt;detail&gt;Adults: 30 to 65&lt;/detail&gt;&lt;text&gt;Glutamic acid:&lt;/text&gt;&lt;detail&gt;Children: 32 to 140&lt;/detail&gt;&lt;detail&gt;Adults: 18 to 98&lt;/detail&gt;&lt;text&gt;Glutamine:&lt;/text&gt;&lt;detail&gt;Children: 420 to 730&lt;/detail&gt;&lt;detail&gt;Adults: 390 to 650&lt;/detail&gt;&lt;text&gt;Glycine:&lt;/text&gt;&lt;detail&gt;Children: 110 to 240&lt;/detail&gt;&lt;detail&gt;Adults: 170 to 330&lt;/detail&gt;&lt;text&gt;Histidine:&lt;/text&gt;&lt;detail&gt;Children: 68 to 120&lt;/detail&gt;&lt;detail&gt;Adults: 26 to 120&lt;/detail&gt;&lt;text&gt;Hydroxyproline:&lt;/text&gt;&lt;detail&gt;Children: 0 to 5&lt;/detail&gt;&lt;detail&gt;Adults: not measured&lt;/detail&gt;&lt;text&gt;Isoleucine:&lt;/text&gt;&lt;detail&gt;Children: 37 to 140&lt;/detail&gt;&lt;detail&gt;Adults: 42 to 100&lt;/detail&gt;&lt;text&gt;Leucine:&lt;/text&gt;&lt;detail&gt;Children: 70 to 170&lt;/detail&gt;&lt;detail&gt;Adults: 66 to 170&lt;/detail&gt;&lt;text&gt;Lysine:&lt;/text&gt;&lt;detail&gt;Children: 120 to 290&lt;/detail&gt;&lt;detail&gt;Adults: 150 to 220&lt;/detail&gt;&lt;text&gt;Methionine:&lt;/text&gt;&lt;detail&gt;Children: 13 to 30&lt;/detail&gt;&lt;detail&gt;Adults: 16 to 30&lt;/detail&gt;&lt;text&gt;1-methylhistidine:&lt;/text&gt;&lt;detail&gt;Children: not measured&lt;/detail&gt;&lt;detail&gt;Adults: not measured&lt;/detail&gt;&lt;text&gt;3-methylhistidine:&lt;/text&gt;&lt;detail&gt;Children: 0 to 52&lt;/detail&gt;&lt;detail&gt;Adults: 0 to 64&lt;/detail&gt;&lt;text&gt;Ornithine:&lt;/text&gt;&lt;detail&gt;Children: 44 to 90&lt;/detail&gt;&lt;detail&gt;Adults: 27 to 80&lt;/detail&gt;&lt;text&gt; Phenylalanine :&lt;/text&gt;&lt;detail&gt;Children: 26 to 86&lt;/detail&gt;&lt;detail&gt;Adults: 41 to 68&lt;/detail&gt;&lt;text&gt;Phosphoserine:&lt;/text&gt;&lt;detail&gt;Children: 0 to 12&lt;/detail&gt;&lt;detail&gt;Adults: 0 to 12&lt;/detail&gt;&lt;text&gt;Phosphoethanolamine:&lt;/text&gt;&lt;detail&gt;Children: 0 to 12&lt;/detail&gt;&lt;detail&gt;Adults: 0 to 55&lt;/detail&gt;&lt;text&gt;Proline:&lt;/text&gt;&lt;detail&gt;Children: 130 to 290&lt;/detail&gt;&lt;detail&gt;Adults: 110 to 360&lt;/detail&gt;&lt;text&gt;Serine:&lt;/text&gt;&lt;detail&gt;Children: 93 to 150&lt;/detail&gt;&lt;detail&gt;Adults: 56 to 140&lt;/detail&gt;&lt;text&gt;Taurine:&lt;/text&gt;&lt;detail&gt;Children: 11 to 120&lt;/detail&gt;&lt;detail&gt;Adults: 45 to 130&lt;/detail&gt;&lt;text&gt;Threonine:&lt;/text&gt;&lt;detail&gt;Children: 67 to 150&lt;/detail&gt;&lt;detail&gt;Adults: 92 to 240&lt;/detail&gt;&lt;text&gt;Tyrosine:&lt;/text&gt;&lt;detail&gt;Children: 26 to 110&lt;/detail&gt;&lt;detail&gt;Adults: 45 to 74&lt;/detail&gt;&lt;text&gt;Valine:&lt;/text&gt;&lt;detail&gt;Children: 160 to 350&lt;/detail&gt;&lt;detail&gt;Adults: 150 to 310&lt;/detail&gt;&lt;text&gt;The examples above show the common measurements for results for these tests. Some laboratories use different measurements or may test different specimens.&lt;/text&gt;</NormalResults><WhatAbnormalResultsMean>&lt;text&gt;An increase in the total level of amino acids in the blood may be due to:&lt;/text&gt;&lt;detail&gt;Eclampsia&lt;/detail&gt;&lt;detail&gt;Fructose intolerance&lt;/detail&gt;&lt;detail&gt;Ketoacidosis (from diabetes)&lt;/detail&gt;&lt;detail&gt;Kidney failure&lt;/detail&gt;&lt;detail&gt;Reye syndrome&lt;/detail&gt;&lt;detail&gt;Laboratory error &lt;/detail&gt;&lt;text&gt;A decrease in the total level of amino acids in the blood may be due to:&lt;/text&gt;&lt;detail&gt;Adrenal cortical hyperfunction&lt;/detail&gt;&lt;detail&gt;Fever&lt;/detail&gt;&lt;detail&gt;Hartnup disease&lt;/detail&gt;&lt;detail&gt;Huntington's chorea&lt;/detail&gt;&lt;detail&gt;Malnutrition&lt;/detail&gt;&lt;detail&gt;Nephrotic syndrome&lt;/detail&gt;&lt;detail&gt;Phlebotomus fever&lt;/detail&gt;&lt;detail&gt;Rheumatoid arthritis&lt;/detail&gt;&lt;detail&gt;Laboratory error &lt;/detail&gt;&lt;text&gt;High or low amounts of individual plasma amino acids must be considered with other information. Abnormal results may be due to diet, hereditary problems, or effects of a medicine.&lt;/text&gt;</WhatAbnormalResultsMean><AlternativeNames>&lt;detail&gt;Amino acids blood test&lt;/detail&gt;</AlternativeNames><Images><value><img_name>Amino acids</img_name><img_url>https://medlineplus.gov/ency/images/ency/fullsize/18071.jpg</img_url></value></Images></item>
<item><title>Pinworm test</title><url>https://medlineplus.gov/ency/article/003452.htm</url><HowtoPreparefortheTest>&lt;text&gt;No special preparation is necessary.&lt;/text&gt;</HowtoPreparefortheTest><WhytheTestisPerformed>&lt;text&gt;This test is performed to check for pinworms, which can cause itching in the anal area.&lt;/text&gt;</WhytheTestisPerformed><WhatAbnormalResultsMean>&lt;text&gt;If adult pinworms or eggs are found, the person has a pinworm infection. Usually the whole family needs to be treated with medicine. This is because pinworms are easily passed back and forth between family members.&lt;/text&gt;</WhatAbnormalResultsMean><AlternativeNames>&lt;detail&gt;Oxyuriasis test&lt;/detail&gt;&lt;detail&gt; Enterobiasis test&lt;/detail&gt;&lt;detail&gt; Tape test&lt;/detail&gt;</AlternativeNames><Images><value><img_name>Pinworm eggs</img_name><img_url>https://medlineplus.gov/ency/images/ency/fullsize/1004.jpg</img_url></value><value><img_name>Pinworm - close-up of the head</img_name><img_url>https://medlineplus.gov/ency/images/ency/fullsize/2631.jpg</img_url></value><value><img_name>Pinworms</img_name><img_url>https://medlineplus.gov/ency/images/ency/fullsize/9747.jpg</img_url></value></Images></item>
<item><title>Phosphorus blood test</title><url>https://medlineplus.gov/ency/article/003478.htm</url><HowtoPreparefortheTest>&lt;text&gt;Your health care provider may tell you to temporarily stop taking medicines that may affect the test. These medicines include water pills (diuretics), antacids, and laxatives. &lt;/text&gt;&lt;text&gt;DO NOT stop taking any medicine before talking to your provider.&lt;/text&gt;</HowtoPreparefortheTest><WhytheTestisPerformed>&lt;text&gt;Phosphorus is a mineral the body needs to build strong bones and teeth. It is also important for nerve signaling and muscle contraction.&lt;/text&gt;&lt;text&gt;This test is ordered to see how much phosphorus is in your blood. Kidney, liver, and certain bone diseases can cause abnormal phosphorus levels.&lt;/text&gt;</WhytheTestisPerformed><NormalResults>&lt;text&gt;Normal values range from:&lt;/text&gt;&lt;detail&gt;Adults: 2.8 to 4.5 mg/dL&lt;/detail&gt;&lt;detail&gt;Children: 4.0 to 7.0 mg/dL&lt;/detail&gt;&lt;text&gt;Normal value ranges may vary slightly among different laboratories. Some labs use different measurements or test different samples. Talk to your provider about the meaning of your specific test results.&lt;/text&gt;</NormalResults><WhatAbnormalResultsMean>&lt;text&gt;A higher than normal level (hyperphosphatemia) may be due to many different health conditions. Common causes include:&lt;/text&gt;&lt;detail&gt; Diabetic ketoacidosis  (life-threatening condition that may occur in people with diabetes)&lt;/detail&gt;&lt;detail&gt; Hypoparathyroidism  (parathyroid glands do not make enough of their hormone)&lt;/detail&gt;&lt;detail&gt; Kidney failure &lt;/detail&gt;&lt;detail&gt; Liver disease &lt;/detail&gt;&lt;detail&gt;Too much vitamin D&lt;/detail&gt;&lt;detail&gt;Too much phosphate in your diet&lt;/detail&gt;&lt;detail&gt;Use of certain medicines such as laxatives that have phosphate in them &lt;/detail&gt;&lt;text&gt;A lower than normal level (hypophosphatemia) may be due to:&lt;/text&gt;&lt;detail&gt;Alcoholism&lt;/detail&gt;&lt;detail&gt;Hypercalcemia (too much calcium in the body)&lt;/detail&gt;&lt;detail&gt; Primary hyperparathyroidism  (parathyroid glands make too much of their hormone)&lt;/detail&gt;&lt;detail&gt;Too little dietary intake of phosphate&lt;/detail&gt;&lt;detail&gt;Very poor nutrition&lt;/detail&gt;&lt;detail&gt;Too little vitamin D, resulting in bone problems such as  rickets  (childhood) or  osteomalacia  (adult) &lt;/detail&gt;</WhatAbnormalResultsMean><AlternativeNames>&lt;detail&gt;Phosphorus - serum&lt;/detail&gt;&lt;detail&gt; HPO4&lt;sup&gt;-2&lt;/sup&gt;&lt;/detail&gt;&lt;detail&gt; PO4&lt;sup&gt;-3&lt;/sup&gt;&lt;/detail&gt;&lt;detail&gt; Inorganic phosphate&lt;/detail&gt;&lt;detail&gt; Serum phosphorus&lt;/detail&gt;</AlternativeNames><Images><value><img_name>Blood test</img_name><img_url>https://medlineplus.gov/ency/images/ency/fullsize/10026.jpg</img_url></value></Images></item>
<item><title>PET scan for breast cancer</title><url>https://medlineplus.gov/ency/article/007469.htm</url><HowtoPreparefortheTest>&lt;text&gt;You may be asked not to eat anything for 4 to 6 hours before the scan. You will be able to drink water.&lt;/text&gt;&lt;text&gt;Tell your health care provider if:&lt;/text&gt;&lt;detail&gt;You are afraid of close spaces (have claustrophobia). You may be given a medicine to help you feel sleepy and less anxious.&lt;/detail&gt;&lt;detail&gt;You are pregnant or think you might be pregnant.&lt;/detail&gt;&lt;detail&gt;You are breastfeeding.&lt;/detail&gt;&lt;detail&gt;You have any allergies to injected dye (contrast).&lt;/detail&gt;&lt;detail&gt;You take insulin for diabetes. You will need special preparation.&lt;/detail&gt;&lt;text&gt;Always tell your provider about the medicines you're taking, including those bought without a prescription. Sometimes, medicines can interfere with the test results.&lt;/text&gt;</HowtoPreparefortheTest><WhytheTestisPerformed>&lt;text&gt;A PET scan is most often used when other tests, such as MRI scan or CT scan, DO NOT provide enough information.&lt;/text&gt;&lt;text&gt;A breast PET scan is used only after a woman has been diagnosed with breast cancer. It is done to see if the cancer has spread to other parts of the body, such as the lymph nodes, liver, lung, or bones.&lt;/text&gt;&lt;text&gt;If you have breast cancer, your doctor may order this scan:&lt;/text&gt;&lt;detail&gt;Soon after your diagnosis to see if the cancer has spread&lt;/detail&gt;&lt;detail&gt;After treatment if there is concern that the cancer has come back&lt;/detail&gt;&lt;detail&gt;During treatment to see if the cancer is responding to treatment&lt;/detail&gt;&lt;text&gt;A PET scan is not used to screen for, or diagnose, breast cancer.&lt;/text&gt;</WhytheTestisPerformed><NormalResults>&lt;text&gt;A normal result means there are no areas outside the breast in which the radiotracer has abnormally collected. This result most likely means the breast cancer has not spread to other parts of the body.&lt;/text&gt;&lt;text&gt;Very small areas of breast cancer may not show up on a PET scan.&lt;/text&gt;</NormalResults><WhatAbnormalResultsMean>&lt;text&gt;Abnormal results may mean that the breast cancer has spread.&lt;/text&gt;&lt;text&gt;Blood sugar or insulin level may affect the test results in people with diabetes.&lt;/text&gt;</WhatAbnormalResultsMean><AlternativeNames>&lt;detail&gt;Breast positron emission tomography&lt;/detail&gt;&lt;detail&gt; PET - breast&lt;/detail&gt;&lt;detail&gt; PET - tumor imaging - breast&lt;/detail&gt;</AlternativeNames></item>
<item><title>PET scan</title><url>https://medlineplus.gov/ency/article/003827.htm</url><HowtoPreparefortheTest>&lt;text&gt;You may be asked not to eat anything for 4 to 6 hours before the scan. You will be able to drink water but not other beverages including coffee. If you have diabetes, your provider will tell you not to take your diabetes medicine before the test. These medicines will interfere with the results.&lt;/text&gt;&lt;text&gt;Tell your provider if:&lt;/text&gt;&lt;detail&gt;You are afraid of close spaces (have claustrophobia). You may be given a medicine to help you feel sleepy and less anxious.&lt;/detail&gt;&lt;detail&gt;You are pregnant or think you might be pregnant.&lt;/detail&gt;&lt;detail&gt;You have any allergies to injected dye (contrast). &lt;/detail&gt;&lt;text&gt;Always tell your provider about the medicines you are taking. Let your provider know about the medicines you bought without a prescription. Sometimes, medicines may interfere with the test results.&lt;/text&gt;</HowtoPreparefortheTest><WhytheTestisPerformed>&lt;text&gt;A PET scan can reveal the size, shape, position, and some function of organs.&lt;/text&gt;&lt;text&gt;The most common use for a PET scan is for cancer, when it may be done:&lt;/text&gt;&lt;detail&gt;To see how far cancer has spread. This helps to select the best treatment approach.&lt;/detail&gt;&lt;detail&gt;To check how well your cancer is responding, either during treatment or after treatment is completed. &lt;/detail&gt;&lt;text&gt;This test can also be used to:&lt;/text&gt;&lt;detail&gt;Check brain function&lt;/detail&gt;&lt;detail&gt; Identify the source of epilepsy in the brain &lt;/detail&gt;&lt;detail&gt;Show areas in which there is  poor blood flow to the heart &lt;/detail&gt;&lt;detail&gt;Determine if a  mass in your lung is cancerous or harmless &lt;/detail&gt;</WhytheTestisPerformed><NormalResults>&lt;text&gt;A normal result means there were no problems seen in the size, shape, or position of an organ. There are no areas in which the tracer has abnormally collected.&lt;/text&gt;</NormalResults><WhatAbnormalResultsMean>&lt;text&gt;Abnormal results depend on the part of the body being studied. Abnormal results may be due to:&lt;/text&gt;&lt;detail&gt;Change in the size, shape, or position of an organ&lt;/detail&gt;&lt;detail&gt;Cancer&lt;/detail&gt;&lt;detail&gt;Infection&lt;/detail&gt;&lt;detail&gt;Problem with organ function &lt;/detail&gt;</WhatAbnormalResultsMean><AlternativeNames>&lt;detail&gt;Positron emission tomography&lt;/detail&gt;&lt;detail&gt; Tumor imaging - PET&lt;/detail&gt;&lt;detail&gt; PET/CT&lt;/detail&gt;</AlternativeNames></item>
<item><title>Peritoneal fluid culture</title><url>https://medlineplus.gov/ency/article/003727.htm</url><HowtoPreparefortheTest>&lt;text&gt;Empty your bladder before your abdominal tap procedure.&lt;/text&gt;</HowtoPreparefortheTest><WhytheTestisPerformed>&lt;text&gt;The test is done to find out if there is an infection in the peritoneal space.&lt;/text&gt;</WhytheTestisPerformed><NormalResults>&lt;text&gt;Peritoneal fluid is a sterile fluid, so normally no bacteria or fungi are present.&lt;/text&gt;</NormalResults><WhatAbnormalResultsMean>&lt;text&gt;The growth of any microorganism, such as bacteria or fungi, from peritoneal fluid is abnormal and indicates peritonitis.&lt;/text&gt;</WhatAbnormalResultsMean><AlternativeNames>&lt;detail&gt;Culture - peritoneal fluid&lt;/detail&gt;</AlternativeNames><Images><value><img_name>Peritoneal culture</img_name><img_url>https://medlineplus.gov/ency/images/ency/fullsize/9737.jpg</img_url></value></Images></item>
<item><title>Peritoneal fluid analysis</title><url>https://medlineplus.gov/ency/article/003626.htm</url><HowtoPreparefortheTest>&lt;text&gt;Let your provider know if you:&lt;/text&gt;&lt;detail&gt;Are taking any medicines (including herbal remedies)&lt;/detail&gt;&lt;detail&gt;Have any allergies to medicines or numbing medicine&lt;/detail&gt;&lt;detail&gt;Have any bleeding problems&lt;/detail&gt;&lt;detail&gt;Might be pregnant &lt;/detail&gt;</HowtoPreparefortheTest><WhytheTestisPerformed>&lt;text&gt;The test is done to:&lt;/text&gt;&lt;detail&gt;Detect  peritonitis &lt;/detail&gt;&lt;detail&gt;Find the cause of fluid in the abdomen&lt;/detail&gt;&lt;detail&gt;Remove large amounts of fluid from the peritoneal space in people who have liver disease. (This is done to make breathing comfortable.)&lt;/detail&gt;&lt;detail&gt;See whether an injury to the abdomen has caused internal bleeding&lt;/detail&gt;</WhytheTestisPerformed><WhatAbnormalResultsMean>&lt;text&gt;Abnormal results may mean:&lt;/text&gt;&lt;detail&gt;Bile-stained fluid may mean you have a gallbladder or liver problem.&lt;/detail&gt;&lt;detail&gt;Bloody fluid may be a sign of  tumor  or injury.&lt;/detail&gt;&lt;detail&gt;High white blood cell counts may be a sign of  peritonitis .&lt;/detail&gt;&lt;detail&gt;Milk-colored peritoneal fluid may be a sign of  carcinoma ,  cirrhosis  of the liver,  lymphoma , tuberculosis, or infection. &lt;/detail&gt;&lt;text&gt;Other abnormal test results may be due to a problem in the intestines or organs of the abdomen. Large differences between the amount of albumin in the peritoneal fluid and in your blood may point to heart, liver, or kidney failure. Small differences may be a sign of cancer or infection.&lt;/text&gt;</WhatAbnormalResultsMean><Images><value><img_name>Diagnostic peritoneal lavage - series</img_name><img_url>https://medlineplus.gov/ency/images/ency/fullsize/15818.jpg</img_url></value><value><img_name>Peritoneal culture</img_name><img_url>https://medlineplus.gov/ency/images/ency/fullsize/9737.jpg</img_url></value></Images></item>
<item><title>Pericardiocentesis</title><url>https://medlineplus.gov/ency/article/003872.htm</url><HowtoPreparefortheTest>&lt;text&gt;You may not be able to eat or drink for 6 hours before the test. You must sign a consent form.&lt;/text&gt;</HowtoPreparefortheTest><WhytheTestisPerformed>&lt;text&gt;This test may be done to remove and examine fluid that is pressing on the heart. It is most often done to find the cause of a chronic or recurrent  pericardial effusion .&lt;/text&gt;&lt;text&gt;It may also be done to treat  cardiac tamponade , which is a life-threatening condition.&lt;/text&gt;</WhytheTestisPerformed><NormalResults>&lt;text&gt;There is normally a small amount of clear, straw-colored fluid in the pericardial space.&lt;/text&gt;</NormalResults><WhatAbnormalResultsMean>&lt;text&gt;Abnormal findings may indicate the cause of pericardial fluid accumulation, such as:&lt;/text&gt;&lt;detail&gt; Cancer &lt;/detail&gt;&lt;detail&gt;Cardiac perforation&lt;/detail&gt;&lt;detail&gt;Cardiac trauma&lt;/detail&gt;&lt;detail&gt; Congestive heart failure &lt;/detail&gt;&lt;detail&gt; Pericarditis &lt;/detail&gt;&lt;detail&gt;Renal failure&lt;/detail&gt;&lt;detail&gt;Infection&lt;/detail&gt;&lt;detail&gt;Rupture of a ventricular  aneurysm &lt;/detail&gt;</WhatAbnormalResultsMean><AlternativeNames>&lt;detail&gt;Pericardial tap&lt;/detail&gt;&lt;detail&gt; Percutaneous pericardiocentesis&lt;/detail&gt;&lt;detail&gt; Pericarditis - pericardiocentesis&lt;/detail&gt;&lt;detail&gt; Pericardial effusion - pericardiocentesis&lt;/detail&gt;</AlternativeNames><Images><value><img_name>Heart, front view</img_name><img_url>https://medlineplus.gov/ency/images/ency/fullsize/1097.jpg</img_url></value><value><img_name>Pericardium</img_name><img_url>https://medlineplus.gov/ency/images/ency/fullsize/8895.jpg</img_url></value></Images></item>
<item><title>Pericardial fluid Gram stain</title><url>https://medlineplus.gov/ency/article/003719.htm</url><HowtoPreparefortheTest>&lt;text&gt;You will be asked not to eat or drink anything for several hours before the test. A chest x-ray or ultrasound may be done before the test to identify the area of fluid collection.&lt;/text&gt;</HowtoPreparefortheTest><WhytheTestisPerformed>&lt;text&gt;Your provider may order this test if you have signs of a heart infection ( myocarditis ) or a  pericardial effusion  (fluid buildup of the pericardium) with an unknown cause.&lt;/text&gt;</WhytheTestisPerformed><NormalResults>&lt;text&gt;A normal result means no bacteria are seen in the stained fluid sample.&lt;/text&gt;</NormalResults><WhatAbnormalResultsMean>&lt;text&gt;If bacteria are present, you may have an infection of the pericardium or heart. Blood tests and bacterial culture can help identify the specific organism causing the infection.&lt;/text&gt;</WhatAbnormalResultsMean><AlternativeNames>&lt;detail&gt;Gram stain of pericardial fluid&lt;/detail&gt;</AlternativeNames><Images><value><img_name>Pericardial fluid stain</img_name><img_url>https://medlineplus.gov/ency/images/ency/fullsize/9732.jpg</img_url></value></Images></item>
<item><title>Pericardial fluid culture</title><url>https://medlineplus.gov/ency/article/003720.htm</url><HowtoPreparefortheTest>&lt;text&gt;You will be asked not to eat or drink anything for several hours before the test. You may have a chest x-ray or ultrasound before the test to identify the area of fluid collection.&lt;/text&gt;</HowtoPreparefortheTest><WhytheTestisPerformed>&lt;text&gt;Your provider may order this test if you have signs of a heart sac infection or if you have  pericardial effusion .&lt;/text&gt;&lt;text&gt;The test may also be done if you have  pericarditis .&lt;/text&gt;</WhytheTestisPerformed><NormalResults>&lt;text&gt;A normal result means no infectious organisms are found in the fluid sample.&lt;/text&gt;</NormalResults><WhatAbnormalResultsMean>&lt;text&gt;Abnormal results may be due to an infection of the pericardium. The specific organism causing the infection may be identified. More tests may be needed to determine the most effective treatments.&lt;/text&gt;</WhatAbnormalResultsMean><AlternativeNames>&lt;detail&gt;Culture - pericardial fluid&lt;/detail&gt;</AlternativeNames><Images><value><img_name>Heart, section through the middle</img_name><img_url>https://medlineplus.gov/ency/images/ency/fullsize/1056.jpg</img_url></value><value><img_name>Pericardial fluid culture</img_name><img_url>https://medlineplus.gov/ency/images/ency/fullsize/9731.jpg</img_url></value></Images></item>
<item><title>Percutaneous transhepatic cholangiogram </title><url>https://medlineplus.gov/ency/article/003820.htm</url><HowtoPreparefortheTest>&lt;text&gt;Inform your provider if you are pregnant. You will be given a hospital gown to wear and you will be asked to remove all jewelry.&lt;/text&gt;&lt;text&gt;You will be asked not to eat or drink anything for 6 hours prior to the exam.&lt;/text&gt;&lt;text&gt;Tell your provider if you are taking any blood thinners such as Warfarin (coumadin), Plavix (clopidrogrel), Pradaxa, or Xarelto.&lt;/text&gt;</HowtoPreparefortheTest><WhytheTestisPerformed>&lt;text&gt;This test can help diagnose the cause of a bile duct blockage. &lt;/text&gt;&lt;text&gt;Bile is a liquid released by the liver. It contains cholesterol, bile salts, and waste products. Bile salts help your body break down (digest) fats. A blockage of the bile duct can lead to jaundice (yellow discoloration of the skin), itching of the skin, or infection of the liver, gallbladder or pancreas.&lt;/text&gt;&lt;text&gt;When it is performed, PTCA is most often the first part of a two-step process to relieve or treat a blockage.&lt;/text&gt;&lt;detail&gt;The PTCA makes a "roadmap" of the bile ducts, which can be used to plan the treatment.&lt;/detail&gt;&lt;detail&gt;After the roadmap is done, the blockage can be treated by either placing a stent or a thin tube called a drain.&lt;/detail&gt;&lt;detail&gt;The drain or stent will help the body get rid of the bile from the body. That process is called Percutaneous Biliary Drainage (PTBD). &lt;/detail&gt;</WhytheTestisPerformed><NormalResults>&lt;text&gt;The  bile  ducts are normal in size and appearance for the age of the person.&lt;/text&gt;</NormalResults><WhatAbnormalResultsMean>&lt;text&gt;The results may show that the ducts are enlarged. This may mean the ducts are blocked. The blockage may be caused by scarring or stones. It may also indicate cancer in the bile ducts, liver, pancreas, or region of the gallbladder.&lt;/text&gt;</WhatAbnormalResultsMean><AlternativeNames>&lt;detail&gt;PTCA&lt;/detail&gt;&lt;detail&gt; Cholangiogram - PTCA&lt;/detail&gt;&lt;detail&gt; PTC&lt;/detail&gt;&lt;detail&gt; PBD - Precutaneous Biliary drainage&lt;/detail&gt;</AlternativeNames><Images><value><img_name>Gallbladder anatomy</img_name><img_url>https://medlineplus.gov/ency/images/ency/fullsize/9795.jpg</img_url></value><value><img_name>Bile pathway</img_name><img_url>https://medlineplus.gov/ency/images/ency/fullsize/8794.jpg</img_url></value></Images></item>
<item><title>Pelvis x-ray</title><url>https://medlineplus.gov/ency/article/003809.htm</url><HowtoPreparefortheTest>&lt;text&gt;Tell the provider if you are pregnant. Remove all jewelry. You will wear a hospital gown.&lt;/text&gt;</HowtoPreparefortheTest><WhytheTestisPerformed>&lt;text&gt;The x-ray is used to look for:&lt;/text&gt;&lt;detail&gt; Fractures &lt;/detail&gt;&lt;detail&gt;Tumors&lt;/detail&gt;&lt;detail&gt;Degenerative conditions of bones in the hips, pelvis, and upper legs&lt;/detail&gt;</WhytheTestisPerformed><WhatAbnormalResultsMean>&lt;text&gt;Abnormal results may suggest:&lt;/text&gt;&lt;detail&gt;Pelvic fractures&lt;/detail&gt;&lt;detail&gt;Arthritis of the hip joint&lt;/detail&gt;&lt;detail&gt;Tumors of the bones of the pelvis&lt;/detail&gt;&lt;detail&gt;Sacroiliitis (inflammation of the area where the sacrum joins the ilium bone)&lt;/detail&gt;&lt;detail&gt; Ankylosing spondylitis  (abnormal stiffness of the spine and joint)&lt;/detail&gt;&lt;detail&gt;Arthritis of the lower spine&lt;/detail&gt;&lt;detail&gt;Abnormality of the shape of your pelvis or hip joint&lt;/detail&gt;</WhatAbnormalResultsMean><AlternativeNames>&lt;detail&gt;X-ray - pelvis&lt;/detail&gt;</AlternativeNames><Images><value><img_name>Sacrum</img_name><img_url>https://medlineplus.gov/ency/images/ency/fullsize/19464.jpg</img_url></value><value><img_name>Anterior skeletal anatomy</img_name><img_url>https://medlineplus.gov/ency/images/ency/fullsize/9065.jpg</img_url></value></Images></item>
<item><title>Pelvis MRI scan</title><url>https://medlineplus.gov/ency/article/007355.htm</url><HowtoPreparefortheTest>&lt;text&gt;You may be asked not to eat or drink anything for 4 to 6 hours before the scan.&lt;/text&gt;&lt;text&gt;Tell your health care provider if you are afraid of close spaces (have claustrophobia). You may be given a medicine to help you relax and be less anxious. Or your provider may suggest an open MRI in which the machine is not as close to the body.&lt;/text&gt;&lt;text&gt;Before the test, tell your provider if you have:&lt;/text&gt;&lt;detail&gt;Brain aneurysm clips&lt;/detail&gt;&lt;detail&gt;Artificial heart valves&lt;/detail&gt;&lt;detail&gt;Heart defibrillator or pacemaker&lt;/detail&gt;&lt;detail&gt;Inner ear (cochlear) implants&lt;/detail&gt;&lt;detail&gt;Kidney disease or dialysis (you may not be able to receive contrast)&lt;/detail&gt;&lt;detail&gt;Recently placed artificial joints&lt;/detail&gt;&lt;detail&gt;Vascular  stents &lt;/detail&gt;&lt;detail&gt;Pain pumps&lt;/detail&gt;&lt;detail&gt;Worked with sheet metal in the past (you may need tests to check for metal pieces in your eyes) &lt;/detail&gt;&lt;text&gt;Because the MRI contains strong magnets, metal objects are not allowed into the room with the MRI scanner:&lt;/text&gt;&lt;detail&gt;Pens, pocketknives, and eyeglasses may fly across the room.&lt;/detail&gt;&lt;detail&gt;Items such as jewelry, watches, credit cards, and hearing aids can be damaged.&lt;/detail&gt;&lt;detail&gt;Pins, hairpins, metal zippers, and similar metallic items can distort the images.&lt;/detail&gt;&lt;detail&gt;Removable dental work should be taken out just before the scan. &lt;/detail&gt;</HowtoPreparefortheTest><WhytheTestisPerformed>&lt;text&gt;This test may be done if a female has any of the following signs or symptoms:&lt;/text&gt;&lt;detail&gt;Abnormal vaginal bleeding&lt;/detail&gt;&lt;detail&gt;A mass in the pelvis (felt during a pelvic exam or seen on another imaging test)&lt;/detail&gt;&lt;detail&gt;Fibroids&lt;/detail&gt;&lt;detail&gt;A pelvic mass that occurs during pregnancy&lt;/detail&gt;&lt;detail&gt;Endometriosis (usually only done after ultrasound)&lt;/detail&gt;&lt;detail&gt;Pain in the lower belly (abdominal) area&lt;/detail&gt;&lt;detail&gt;Unexplained infertility (usually only done after ultrasound)&lt;/detail&gt;&lt;detail&gt;Unexplained pelvic pain (usually only done after ultrasound) &lt;/detail&gt;&lt;text&gt;This test may be done if a male has any of the following signs or symptoms:&lt;/text&gt;&lt;detail&gt;Lumps or swelling in the testicles or scrotum&lt;/detail&gt;&lt;detail&gt;Undescended testicle (unable to be seen using ultrasound)&lt;/detail&gt;&lt;detail&gt;Unexplained pelvic or lower abdominal pain&lt;/detail&gt;&lt;detail&gt;Unexplained urination problems, including trouble starting or stopping urinating &lt;/detail&gt;&lt;text&gt;A pelvic MRI may be done in both males and females who have:&lt;/text&gt;&lt;detail&gt;Abnormal findings on an x-ray of the pelvis&lt;/detail&gt;&lt;detail&gt;Birth defects of the hips&lt;/detail&gt;&lt;detail&gt;Injury or trauma to the hip area&lt;/detail&gt;&lt;detail&gt;Unexplained hip pain &lt;/detail&gt;&lt;text&gt;A pelvic MRI is also often done to see if certain cancers have spread to other areas of the body. This is called staging. Staging helps guide future treatment and follow-up and gives you some idea of what to expect in the future. A pelvic MRI may be used to help stage cervical, uterine, bladder, rectal, prostate and testicular cancers.&lt;/text&gt;</WhytheTestisPerformed><NormalResults>&lt;text&gt;A normal result means your pelvic area appears normal.&lt;/text&gt;</NormalResults><WhatAbnormalResultsMean>&lt;text&gt;Abnormal results in a woman may be due to:&lt;/text&gt;&lt;detail&gt; Adenomyosis  of the uterus&lt;/detail&gt;&lt;detail&gt; Bladder cancer &lt;/detail&gt;&lt;detail&gt; Cervical cancer &lt;/detail&gt;&lt;detail&gt; Colorectal cancer &lt;/detail&gt;&lt;detail&gt;Congenital defect of the reproductive organs&lt;/detail&gt;&lt;detail&gt; Endometrial cancer &lt;/detail&gt;&lt;detail&gt; Endometriosis &lt;/detail&gt;&lt;detail&gt; Ovarian cancer &lt;/detail&gt;&lt;detail&gt; Ovarian growths &lt;/detail&gt;&lt;detail&gt;Problem with the structure of the reproductive organs, such as the fallopian tubes&lt;/detail&gt;&lt;detail&gt; Uterine fibroids &lt;/detail&gt;&lt;text&gt;Abnormal results in a man may be due to:&lt;/text&gt;&lt;detail&gt; Bladder cancer &lt;/detail&gt;&lt;detail&gt; Colorectal cancer &lt;/detail&gt;&lt;detail&gt; Prostate cancer &lt;/detail&gt;&lt;detail&gt; Testicular cancer &lt;/detail&gt;&lt;text&gt;Abnormal results in both males and females may be due to:&lt;/text&gt;&lt;detail&gt;Avascular necrosis of the hip&lt;/detail&gt;&lt;detail&gt;Birth defects of the hip joint&lt;/detail&gt;&lt;detail&gt;Bone tumor&lt;/detail&gt;&lt;detail&gt;Hip fracture&lt;/detail&gt;&lt;detail&gt;Osteoarthritis&lt;/detail&gt;&lt;detail&gt;Osteomyelitis &lt;/detail&gt;&lt;text&gt;Talk to your provider if you have questions and concerns.&lt;/text&gt;</WhatAbnormalResultsMean><AlternativeNames>&lt;detail&gt;MRI - pelvis&lt;/detail&gt;&lt;detail&gt; MRI - hips&lt;/detail&gt;&lt;detail&gt; Pelvic MRI with prostate probe&lt;/detail&gt;&lt;detail&gt; Magnetic resonance imaging - pelvis&lt;/detail&gt;</AlternativeNames></item>
<item><title>Pelvic ultrasound - abdominal</title><url>https://medlineplus.gov/ency/article/007667.htm</url><HowtoPreparefortheTest>&lt;text&gt;A pelvic ultrasound may be done with a full bladder. Having a full bladder can help with looking at organs, such as the womb (uterus), within your pelvis. You may be asked to drink a few glasses of water to fill your bladder. You should wait until after the test to urinate.&lt;/text&gt;</HowtoPreparefortheTest><WhytheTestisPerformed>&lt;text&gt;A pelvic ultrasound is used during pregnancy to check the baby.&lt;/text&gt;&lt;text&gt;A pelvic ultrasound also may be done for the following:&lt;/text&gt;&lt;detail&gt;Cysts,  fibroid tumors , or other growths or masses in the pelvis found when your doctor examines you&lt;/detail&gt;&lt;detail&gt;Bladder growths or other problems&lt;/detail&gt;&lt;detail&gt;Kidney stones&lt;/detail&gt;&lt;detail&gt; Pelvic inflammatory disease , an infection of a woman's uterus, ovaries, or tubes&lt;/detail&gt;&lt;detail&gt;Abnormal vaginal bleeding&lt;/detail&gt;&lt;detail&gt;Menstrual problems&lt;/detail&gt;&lt;detail&gt; Problems becoming pregnant  (infertility)&lt;/detail&gt;&lt;detail&gt;Normal pregnancy&lt;/detail&gt;&lt;detail&gt; Ectopic pregnancy , a pregnancy that occurs outside the uterus&lt;/detail&gt;&lt;detail&gt;Pelvic pain &lt;/detail&gt;&lt;text&gt;Pelvic ultrasound is also used during a  biopsy  to help guide the needle. &lt;/text&gt;</WhytheTestisPerformed><NormalResults>&lt;text&gt;The pelvic structures or fetus are normal.&lt;/text&gt;</NormalResults><WhatAbnormalResultsMean>&lt;text&gt;An abnormal result may be due to many conditions. Some problems that may be seen include:&lt;/text&gt;&lt;detail&gt;Abscess in the ovaries, fallopian tubes, or pelvis&lt;/detail&gt;&lt;detail&gt; Birth defects of the womb or vagina &lt;/detail&gt;&lt;detail&gt;Cancers of the  bladder ,  cervix ,  uterus ,  ovaries ,  vagina , and other pelvic structures&lt;/detail&gt;&lt;detail&gt;Growths in or around the uterus and ovaries (such as cysts or fibroids)&lt;/detail&gt;&lt;detail&gt;Twisting of the ovaries&lt;/detail&gt;&lt;detail&gt; Enlarged lymph nodes &lt;/detail&gt;</WhatAbnormalResultsMean><AlternativeNames>&lt;detail&gt;Ultrasound pelvis&lt;/detail&gt;&lt;detail&gt; Pelvic ultrasonography&lt;/detail&gt;&lt;detail&gt; Pelvic sonography&lt;/detail&gt;&lt;detail&gt; Pelvic scan&lt;/detail&gt;&lt;detail&gt; Lower abdomen ultrasound&lt;/detail&gt;&lt;detail&gt; Gynecologic ultrasound&lt;/detail&gt;&lt;detail&gt; Transabdominal ultrasound&lt;/detail&gt;</AlternativeNames></item>
<item><title>Pelvic CT scan</title><url>https://medlineplus.gov/ency/article/007362.htm</url><HowtoPreparefortheTest>&lt;text&gt;Certain exams require a special dye, called contrast media, to be delivered into the body before the test starts. The contrast helps certain areas show up better on the x-rays.&lt;/text&gt;&lt;detail&gt;Contrast can be given through a vein (IV) in your hand or forearm. Or you may be asked to drink a liquid form of contrast. If contrast is used, you may also be asked not to eat or drink anything for 4 to 6 hours before the test.&lt;/detail&gt;&lt;detail&gt;Let your health care provider know if you have ever had a reaction to contrast. You may need to take medicines before the test in order to safely receive this substance.&lt;/detail&gt;&lt;detail&gt;Before receiving the contrast, tell your provider if you take the diabetes medicine metformin (Glucophage) because you may need to take extra precautions. &lt;/detail&gt;&lt;text&gt;Before receiving the contrast, tell your provider if you have kidney problems. You may not be able to get IV contrast if this is the case.&lt;/text&gt;&lt;text&gt;If you weigh more than 300 pounds (136 kilograms), find out if the CT machine has a weight limit. Too much weight can damage the scanner's working parts.&lt;/text&gt;&lt;text&gt;You will be asked to remove jewelry and wear a hospital gown during the study.&lt;/text&gt;&lt;text&gt;You may be asked to drink an oral contrast solution.&lt;/text&gt;</HowtoPreparefortheTest><WhytheTestisPerformed>&lt;text&gt;CT rapidly creates detailed pictures of the body, including the pelvis and areas near the pelvis. The test may be used to diagnose or detect:&lt;/text&gt;&lt;detail&gt;Masses or tumors, including cancer&lt;/detail&gt;&lt;detail&gt;The cause of pelvic pain&lt;/detail&gt;&lt;detail&gt;Injury to the pelvis&lt;/detail&gt;&lt;text&gt;This test may also help:&lt;/text&gt;&lt;detail&gt;Guide a surgeon to the right area during a  biopsy  or other procedures&lt;/detail&gt;&lt;detail&gt;Your provider plan for surgery&lt;/detail&gt;&lt;detail&gt;Plan  radiation  treatment for cancer&lt;/detail&gt;</WhytheTestisPerformed><NormalResults>&lt;text&gt;Results are considered normal if the organs of the pelvis that are being examined are normal in appearance.&lt;/text&gt;</NormalResults><WhatAbnormalResultsMean>&lt;text&gt;Abnormal results may be due to:&lt;/text&gt;&lt;detail&gt;Abscess (collection of pus)&lt;/detail&gt;&lt;detail&gt; Bladder stones &lt;/detail&gt;&lt;detail&gt;Broken bone&lt;/detail&gt;&lt;detail&gt;Cancer&lt;/detail&gt;&lt;detail&gt; Diverticulitis &lt;/detail&gt;</WhatAbnormalResultsMean><AlternativeNames>&lt;detail&gt;CAT scan - pelvis&lt;/detail&gt;&lt;detail&gt; Computed axial tomography scan - pelvis&lt;/detail&gt;&lt;detail&gt; Computed tomography scan - pelvis&lt;/detail&gt;&lt;detail&gt; CT scan - pelvis&lt;/detail&gt;</AlternativeNames></item>
<item><title>PBG urine test</title><url>https://medlineplus.gov/ency/article/003596.htm</url><HowtoPreparefortheTest>&lt;text&gt;Your provider may tell you to temporarily stop taking medicines that may affect the test results. Be sure to tell your provider about all the medicines you take. These include:&lt;/text&gt;&lt;detail&gt;Antibiotics and anti-fungal drugs&lt;/detail&gt;&lt;detail&gt;Anti-anxiety drugs&lt;/detail&gt;&lt;detail&gt;Birth control pills&lt;/detail&gt;&lt;detail&gt;Diabetes medicines&lt;/detail&gt;&lt;detail&gt;Pain medicines&lt;/detail&gt;&lt;detail&gt;Sleep medicines &lt;/detail&gt;&lt;text&gt;Never stop taking any medicine without first talking to your provider.&lt;/text&gt;</HowtoPreparefortheTest><WhytheTestisPerformed>&lt;text&gt;This test may be done if your provider suspects  porphyria  or another disorder associated with an abnormal PBG level. &lt;/text&gt;</WhytheTestisPerformed><NormalResults>&lt;text&gt;For a random urine sample, a negative test result is considered normal.&lt;/text&gt;&lt;text&gt;If the test is done on a 24-hour urine sample, the normal value is less than 4 milligrams per 24 hours (18 micromoles per 24 hours).&lt;/text&gt;&lt;text&gt;Normal value ranges may vary slightly among different laboratories. Some labs use different measurements or may test different specimens. Talk to your provider about the meaning of your specific test results.&lt;/text&gt;</NormalResults><WhatAbnormalResultsMean>&lt;text&gt;An increased level of PBG in the urine may be due to:&lt;/text&gt;&lt;detail&gt; Hepatitis &lt;/detail&gt;&lt;detail&gt; Lead poisoning &lt;/detail&gt;&lt;detail&gt; Liver cancer &lt;/detail&gt;&lt;detail&gt;Porphyria (several types)&lt;/detail&gt;</WhatAbnormalResultsMean><AlternativeNames>&lt;detail&gt;Porphobilinogen test&lt;/detail&gt;&lt;detail&gt; Porphyria - urine&lt;/detail&gt;&lt;detail&gt; PBG&lt;/detail&gt;</AlternativeNames><Images><value><img_name>Male urinary system</img_name><img_url>https://medlineplus.gov/ency/images/ency/fullsize/10022.jpg</img_url></value></Images></item>
<item><title>Partial thromboplastin time (PTT)</title><url>https://medlineplus.gov/ency/article/003653.htm</url><HowtoPreparefortheTest>&lt;text&gt;Your health care provider may tell you to temporarily stop taking medicines that may affect the test results. Be sure to tell your provider about all the medicines you take. Also tell your provider about any herbal remedies you take.&lt;/text&gt;</HowtoPreparefortheTest><WhytheTestisPerformed>&lt;text&gt;You may need this test if you have problems with bleeding or your blood does not clot properly. When you bleed, a series of actions involving many different proteins (clotting factors) take place in the body that help the blood clot. This is called the coagulation cascade. The PTT test looks at some of the proteins or factors involved in this process and measures their ability to help blood clot.&lt;/text&gt;&lt;text&gt;The test may also be used to monitor patients who are taking heparin, a blood thinner.&lt;/text&gt;&lt;text&gt;A PTT test is usually done with other tests, such as the prothrombin test.&lt;/text&gt;</WhytheTestisPerformed><NormalResults>&lt;text&gt;In general, clotting should occur within 25 to 35 seconds. If the person is taking blood thinners, clotting takes up to 2 ½ times longer.&lt;/text&gt;&lt;text&gt;Normal value ranges may vary slightly among different labs. Some labs use different measurements or may test different specimens. Talk to your provider about the meaning of your specific test results.&lt;/text&gt;</NormalResults><WhatAbnormalResultsMean>&lt;text&gt;An abnormal (too long) PTT result may also be due to:&lt;/text&gt;&lt;detail&gt; Bleeding disorders , a group of conditions in which there is a problem with the body's blood clotting process&lt;/detail&gt;&lt;detail&gt;Disorder in which the proteins that control blood clotting become over active ( disseminated intravascular coagulation ) &lt;/detail&gt;&lt;detail&gt;Liver disease&lt;/detail&gt;&lt;detail&gt;Difficulty absorbing nutrients from food ( malabsorption )&lt;/detail&gt;&lt;detail&gt;Low level of vitamin K&lt;/detail&gt;</WhatAbnormalResultsMean><AlternativeNames>&lt;detail&gt;APTT&lt;/detail&gt;&lt;detail&gt; PTT&lt;/detail&gt;&lt;detail&gt; Activated partial thromboplastin time&lt;/detail&gt;</AlternativeNames></item>
<item><title>Parathyroid hormone-related protein blood test</title><url>https://medlineplus.gov/ency/article/003691.htm</url><HowtoPreparefortheTest>&lt;text&gt;No special preparation is necessary.&lt;/text&gt;</HowtoPreparefortheTest><WhytheTestisPerformed>&lt;text&gt;This test is done to find out whether a  high blood calcium level  is caused by an increase in PTH-related protein.&lt;/text&gt;</WhytheTestisPerformed><NormalResults>&lt;text&gt;No detectable (or minimal) PTH-like protein is normal.&lt;/text&gt;&lt;text&gt;Women who are breastfeeding may have detectable PTH-related protein values. &lt;/text&gt;&lt;text&gt;Normal value ranges may vary slightly among different laboratories. Some labs use different measurements or may test different specimens. Talk to your doctor about the meaning of your specific test results.&lt;/text&gt;</NormalResults><WhatAbnormalResultsMean>&lt;text&gt;An increased level of PTH-related protein with a high blood calcium level is usually caused by cancer.&lt;/text&gt;&lt;text&gt;PTH-related protein can be produced by many different kinds of cancers, including those of the lung, breast, head, neck, bladder, and ovaries. In about two thirds of people with cancer who have a high calcium level, a high level of PTH-related protein is the cause. This condition is called humoral hypercalcemia of malignancy (HHM) or paraneoplastic hypercalcemia.&lt;/text&gt;</WhatAbnormalResultsMean><AlternativeNames>&lt;detail&gt;PTHrp&lt;/detail&gt;&lt;detail&gt; PTH-related peptide&lt;/detail&gt;</AlternativeNames></item>
<item><title>Parathyroid hormone (PTH) blood test</title><url>https://medlineplus.gov/ency/article/003690.htm</url><HowtoPreparefortheTest>&lt;text&gt;Ask your health care provider if you should stop eating or drinking for some period of time before the test. Most often, you will not need to fast or stop drinking.&lt;/text&gt;</HowtoPreparefortheTest><WhytheTestisPerformed>&lt;text&gt;PTH is released by the parathyroid glands. The 4 small parathyroid glands are located in the neck, near or attached to the back side of the thyroid gland. The thyroid gland is located in the neck, just above where your collarbones meet in the middle.&lt;/text&gt;&lt;text&gt;PTH controls calcium, phosphorus, and vitamin D levels in the blood. It is important for regulating bone growth. Your provider may order this test if: &lt;/text&gt;&lt;detail&gt;You have a  high calcium level  or  low phosphorus  level in your blood.&lt;/detail&gt;&lt;detail&gt;You have severe  osteoporosis  that cannot be explained or does not respond to treatment.&lt;/detail&gt;&lt;detail&gt;You have kidney disease.&lt;/detail&gt;&lt;text&gt;To help understand whether your PTH is normal, your provider will measure your  blood calcium  at the same time.&lt;/text&gt;</WhytheTestisPerformed><NormalResults>&lt;text&gt;Normal values are 10 to 55 picograms per milliliter (pg/mL). &lt;/text&gt;&lt;text&gt;Normal value ranges may vary slightly among different laboratories. Some labs use different measurements or test different specimens. Talk to your provider about the meaning of your specific test results.&lt;/text&gt;</NormalResults><WhatAbnormalResultsMean>&lt;text&gt;A higher-than-normal level may occur with:&lt;/text&gt;&lt;detail&gt;Disorders that increase phosphate or phosphorous levels in the blood, such as  long-term (chronic) kidney disease &lt;/detail&gt;&lt;detail&gt;Failure of the body to respond to PTH (pseudohypoparathyroidism)&lt;/detail&gt;&lt;detail&gt;Lack of calcium, which may be due to not eating enough calcium, not absorbing calcium in the gut, or losing too much calcium in your urine&lt;/detail&gt;&lt;detail&gt;Pregnancy or breastfeeding (uncommon)&lt;/detail&gt;&lt;detail&gt;Swelling in the parathyroid glands, called primary  hyperparathyroidism &lt;/detail&gt;&lt;detail&gt; Tumors in the parathyroid gland , called adenomas&lt;/detail&gt;&lt;detail&gt;Vitamin D disorders, including not enough sunlight in older adults and problems absorbing, breaking down, and using vitamin D in the body &lt;/detail&gt;&lt;text&gt;A lower-than-normal level may occur with:&lt;/text&gt;&lt;detail&gt;Accidental removal of parathyroid glands during thyroid surgery&lt;/detail&gt;&lt;detail&gt;Autoimmune destruction of the parathyroid gland&lt;/detail&gt;&lt;detail&gt;Cancers that start in another part of the body (such as the breast, lungs, or colon) and spread to the bone&lt;/detail&gt;&lt;detail&gt; Excess calcium over a long period of time  usually from excess calcium supplements or certain antacids, that contain calcium carbonate or sodium bicarbonate (baking soda)&lt;/detail&gt;&lt;detail&gt;Parathyroid glands do not produce enough PTH ( hypoparathyroidism )&lt;/detail&gt;&lt;detail&gt; Low levels of magnesium in the blood &lt;/detail&gt;&lt;detail&gt;Radiation to the parathyroid glands&lt;/detail&gt;&lt;detail&gt; Sarcoidosis  and tuberculosis&lt;/detail&gt;&lt;detail&gt; Excess vitamin D intake &lt;/detail&gt;&lt;text&gt;Other conditions for which the test may be ordered include:&lt;/text&gt;&lt;detail&gt; Multiple endocrine neoplasia (MEN) I &lt;/detail&gt;&lt;detail&gt; Multiple endocrine neoplasia (MEN) II &lt;/detail&gt;</WhatAbnormalResultsMean><AlternativeNames>&lt;detail&gt;Parathormone&lt;/detail&gt;&lt;detail&gt; Parathormone (PTH) intact molecule&lt;/detail&gt;&lt;detail&gt; Intact PTH&lt;/detail&gt;&lt;detail&gt; Hyperparathyroidism - PTH blood test&lt;/detail&gt;&lt;detail&gt; Hypoparathyroidism - PTH blood test&lt;/detail&gt;</AlternativeNames></item>
<item><title>Parathyroid biopsy</title><url>https://medlineplus.gov/ency/article/003898.htm</url><HowtoPreparefortheTest>&lt;text&gt;Tell your provider if you have any drug allergies or bleeding problems, or if you are pregnant.&lt;/text&gt;&lt;text&gt;Make sure the provider knows about all the medicines you're taking, including any herbs or supplements. Tell your provider if you're taking any blood thinning drugs (aspirin, heparin, Lovenox, warfarin). You may have to stop taking them a few days before the procedure. Do NOT stop any medicines on your own. Ask your provider first.&lt;/text&gt;</HowtoPreparefortheTest><WhytheTestisPerformed>&lt;text&gt;The parathyroid glands release PTH. This hormone controls the level of calcium in the body.&lt;/text&gt;&lt;text&gt;This procedure is most often done to rule out the cause of a high parathyroid hormone level.&lt;/text&gt;&lt;text&gt;It may also be done if an ultrasound exam shows an enlarged parathyroid gland.&lt;/text&gt;</WhytheTestisPerformed><NormalResults>&lt;text&gt;There is no swelling, PTH level is normal, and cells from the tissue sample are normal.&lt;/text&gt;</NormalResults><WhatAbnormalResultsMean>&lt;text&gt;The test confirms that a parathyroid gland is enlarged if PTH level is too high or cells from the sample are abnormal.&lt;/text&gt;&lt;text&gt;Abnormal results may be due to:&lt;/text&gt;&lt;detail&gt;Noncancerous tumor of the parathyroid gland ( parathyroid adenoma )&lt;/detail&gt;&lt;detail&gt; Parathyroid cancer  (rare)&lt;/detail&gt;&lt;detail&gt;Enlargement of all 4 parathyroid glands ( parathyroid hyperplasia )&lt;/detail&gt;&lt;detail&gt;Disorder in which one or more of the endocrine glands are overactive or form a tumor (multiple endocrine neoplasia) ([ MEN I ] or [ MEN II ])&lt;/detail&gt;</WhatAbnormalResultsMean><AlternativeNames>&lt;detail&gt;Biopsy - parathyroid&lt;/detail&gt;</AlternativeNames><Images><value><img_name>Endocrine glands</img_name><img_url>https://medlineplus.gov/ency/images/ency/fullsize/1093.jpg</img_url></value><value><img_name>Parathyroid biopsy</img_name><img_url>https://medlineplus.gov/ency/images/ency/fullsize/8889.jpg</img_url></value></Images></item>
<item><title>Quantitative Bence-Jones protein test</title><url>https://medlineplus.gov/ency/article/003597.htm</url><WhytheTestisPerformed>&lt;text&gt;Bence-Jones proteins are a part of regular  antibodies  called light chains. These proteins are not normally in urine. Sometimes, when your body makes too many antibodies, the level of light chains also rises. Bence-Jones proteins are small enough to be filtered out by the kidneys. The proteins then spill into the urine. &lt;/text&gt;&lt;text&gt;Your provider may order this test:&lt;/text&gt;&lt;detail&gt;To diagnose conditions that lead to protein in the urine&lt;/detail&gt;&lt;detail&gt;If you have a lot of protein in your urine&lt;/detail&gt;&lt;detail&gt;If you have signs of a blood cancer called  multiple myeloma &lt;/detail&gt;</WhytheTestisPerformed><NormalResults>&lt;text&gt;A normal result means no Bence-Jones proteins are found in your urine.&lt;/text&gt;</NormalResults><WhatAbnormalResultsMean>&lt;text&gt;Bence-Jones proteins are rarely found in urine. If they are, it is usually associated with  multiple myeloma .&lt;/text&gt;&lt;text&gt;An abnormal result may also be due to:&lt;/text&gt;&lt;detail&gt;An abnormal buildup of proteins in tissues and organs ( amyloidosis )&lt;/detail&gt;&lt;detail&gt;Blood cancer called  chronic lymphocytic leukemia &lt;/detail&gt;&lt;detail&gt;Lymph system cancer (lymphoma)&lt;/detail&gt;&lt;detail&gt;Buildup in the blood of a protein called M-protein (monoclonal gammopathy of unknown significance; MGUS)&lt;/detail&gt;&lt;detail&gt;Chronic renal failure&lt;/detail&gt;</WhatAbnormalResultsMean><AlternativeNames>&lt;detail&gt;Immunoglobulin light chains - urine&lt;/detail&gt;&lt;detail&gt; Urine Bence-Jones protein&lt;/detail&gt;</AlternativeNames><Images><value><img_name>Male urinary system</img_name><img_url>https://medlineplus.gov/ency/images/ency/fullsize/10022.jpg</img_url></value></Images></item>
<item><title>RSV antibody test</title><url>https://medlineplus.gov/ency/article/003348.htm</url><HowtoPreparefortheTest>&lt;text&gt;No special preparation is needed.&lt;/text&gt;</HowtoPreparefortheTest><WhytheTestisPerformed>&lt;text&gt;This test is done to identify someone who has been infected by RSV recently or in the past.&lt;/text&gt;&lt;text&gt;This test does not detect the virus itself. If the body has produced  antibodies  against RSV, then either a current or past infection has occurred.&lt;/text&gt;&lt;text&gt;In infants, RSV antibodies that have been passed from mother to baby may also be detected.&lt;/text&gt;</WhytheTestisPerformed><NormalResults>&lt;text&gt;A negative test means the person does not have antibodies to RSV in their blood. This means the person has never had an RSV infection.&lt;/text&gt;</NormalResults><WhatAbnormalResultsMean>&lt;text&gt;A positive test means the person has antibodies to RSV in their blood. These antibodies may be present because:&lt;/text&gt;&lt;detail&gt;A positive test in people older than infants means there is a current or past infection with RSV. Most adults and older children have had an RSV infection.&lt;/detail&gt;&lt;detail&gt;Infants may have a positive test because antibodies were passed from their mother to them before they were born. This may mean they have not had a true RSV infection.&lt;/detail&gt;&lt;detail&gt;Some children younger than 24 months get a shot with antibodies to RSV to protect them. These children will also have a positive test. &lt;/detail&gt;</WhatAbnormalResultsMean><AlternativeNames>&lt;detail&gt;Respiratory syncytial virus antibody test&lt;/detail&gt;&lt;detail&gt; RSV serology&lt;/detail&gt;&lt;detail&gt; Bronchiolitis - RSV test&lt;/detail&gt;</AlternativeNames><Images><value><img_name>Blood test</img_name><img_url>https://medlineplus.gov/ency/images/ency/fullsize/10026.jpg</img_url></value></Images></item>
<item><title>RPR test</title><url>https://medlineplus.gov/ency/article/003533.htm</url><HowtoPreparefortheTest>&lt;text&gt;No special preparation is usually needed.&lt;/text&gt;</HowtoPreparefortheTest><WhytheTestisPerformed>&lt;text&gt;The RPR test can be used to screen for syphilis. It is used to screen people who have symptoms of sexually transmitted infections and is routinely used to screen pregnant women for the disease.&lt;/text&gt;&lt;text&gt;Several states also require that couples be screened for syphilis before getting a marriage license.&lt;/text&gt;&lt;text&gt;The test is also used to see how treatment for syphilis is working. After treatment with antibiotics, the levels of syphilis antibodies should fall. These levels can be monitored with another RPR test. Unchanged or rising levels can mean a persistent infection.&lt;/text&gt;&lt;text&gt;The test is similar to the venereal disease research laboratory ( VDRL ) test.&lt;/text&gt;</WhytheTestisPerformed><NormalResults>&lt;text&gt;A negative test result is considered normal. However, the body does not always produce antibodies specifically in response to the syphilis bacteria, so the test is not always accurate. False-negatives may occur in people with early- and late-stage syphilis. More testing may be needed before ruling out syphilis.&lt;/text&gt;</NormalResults><WhatAbnormalResultsMean>&lt;text&gt;A positive test result may mean that you have syphilis. If the screening test is positive, the next step is to confirm the diagnosis with a more specific test for syphilis, such as  FTA-ABS . The FTA-ABS test will help distinguish between syphilis and other infections or conditions.&lt;/text&gt;&lt;text&gt;How well the RPR test can detect syphilis depends on the stage of the infection. The test is most sensitive (almost 100%) during the middle stages of syphilis. It is less sensitive during the earlier and later stages of the infection.&lt;/text&gt;&lt;text&gt;Some conditions may cause a false-positive test, including:&lt;/text&gt;&lt;detail&gt;IV drug use&lt;/detail&gt;&lt;detail&gt; Lyme disease &lt;/detail&gt;&lt;detail&gt;Certain types of pneumonia&lt;/detail&gt;&lt;detail&gt; Malaria &lt;/detail&gt;&lt;detail&gt;Pregnancy&lt;/detail&gt;&lt;detail&gt; Systemic lupus erythematosus  and some other autoimmune disorders&lt;/detail&gt;&lt;detail&gt;Tuberculosis (TB)&lt;/detail&gt;</WhatAbnormalResultsMean><AlternativeNames>&lt;detail&gt;Rapid plasma reagin test&lt;/detail&gt;&lt;detail&gt; Syphilis screening test&lt;/detail&gt;</AlternativeNames><Images><value><img_name>Blood test</img_name><img_url>https://medlineplus.gov/ency/images/ency/fullsize/10026.jpg</img_url></value></Images></item>
<item><title>Routine sputum culture</title><url>https://medlineplus.gov/ency/article/003723.htm</url><HowtoPreparefortheTest>&lt;text&gt;Drinking a lot of water and other fluids the night before the test may make it easier to cough up the sputum. &lt;/text&gt;</HowtoPreparefortheTest><WhytheTestisPerformed>&lt;text&gt;The test helps identify the bacteria or other type of germs that are causing an infection in the lungs or airways (bronchi). &lt;/text&gt;</WhytheTestisPerformed><NormalResults>&lt;text&gt;In a normal sputum sample there will be no disease-causing germs. &lt;/text&gt;</NormalResults><WhatAbnormalResultsMean>&lt;text&gt;If the sputum sample is abnormal, the results are called "positive." Identifying the bacteria, fungus, or virus may help diagnose the cause of:&lt;/text&gt;&lt;detail&gt; Bronchitis  (swelling and inflammation in the main passages that carry air to the lungs)&lt;/detail&gt;&lt;detail&gt;Lung abscess (collection of pus in the lung)&lt;/detail&gt;&lt;detail&gt; Pneumonia &lt;/detail&gt;&lt;detail&gt; Tuberculosis &lt;/detail&gt;&lt;detail&gt;Flare up of  chronic obstructive pulmonary disease  (COPD) or  cystic fibrosis &lt;/detail&gt;&lt;detail&gt;Sarcoidosis&lt;/detail&gt;</WhatAbnormalResultsMean><AlternativeNames>&lt;detail&gt;Sputum culture&lt;/detail&gt;</AlternativeNames><Images><value><img_name>Sputum test</img_name><img_url>https://medlineplus.gov/ency/images/ency/fullsize/9945.jpg</img_url></value></Images></item>
<item><title>Rotavirus antigen test</title><url>https://medlineplus.gov/ency/article/003349.htm</url><HowtoPreparefortheTest>&lt;text&gt;No special preparation is necessary for this test.&lt;/text&gt;</HowtoPreparefortheTest><WhytheTestisPerformed>&lt;text&gt;Rotavirus is the leading cause of  gastroenteritis  ("stomach flu") in children. This test is done to diagnose a  rotavirus infection .&lt;/text&gt;</WhytheTestisPerformed><NormalResults>&lt;text&gt;Normally, rotavirus is not found in the stool.&lt;/text&gt;&lt;text&gt;Note: Normal value ranges may vary slightly among different laboratories. Some labs use different measurements or test different samples. Talk to your health care provider about the meaning of your specific test results.&lt;/text&gt;</NormalResults><WhatAbnormalResultsMean>&lt;text&gt;Rotavirus in the stool indicates a rotavirus infection is present.&lt;/text&gt;</WhatAbnormalResultsMean><AlternativeNames>&lt;detail&gt;Gastroenteritis - rotavirus antigen&lt;/detail&gt;</AlternativeNames><Images><value><img_name>Fecal sample</img_name><img_url>https://medlineplus.gov/ency/images/ency/fullsize/9856.jpg</img_url></value></Images></item>
<item><title>Right heart ventriculography</title><url>https://medlineplus.gov/ency/article/003874.htm</url><HowtoPreparefortheTest>&lt;text&gt;You will not be allowed to eat or drink for 6 to 8 hours before the test. The procedure takes place in the hospital. Generally, you will be admitted the morning of the procedure. However, you may need to be admitted the night before.&lt;/text&gt;&lt;text&gt;A health care provider will explain the procedure and its risks. You must sign a consent form.&lt;/text&gt;</HowtoPreparefortheTest><WhytheTestisPerformed>&lt;text&gt;Right heart  angiography  is performed to assess the blood flow through the right side of the heart.&lt;/text&gt;</WhytheTestisPerformed><NormalResults>&lt;text&gt;Normal results include:&lt;/text&gt;&lt;detail&gt;Cardiac index is 2.8 to 4.2 liters per minute per square meter (of body surface area)&lt;/detail&gt;&lt;detail&gt;Pulmonary artery systolic pressure is 17 to 32 millimeters of mercury (mm Hg)&lt;/detail&gt;&lt;detail&gt;Pulmonary artery mean pressure is 9 to 19 mm Hg&lt;/detail&gt;&lt;detail&gt;Pulmonary diastolic pressure is 4 to 13 mm Hg&lt;/detail&gt;&lt;detail&gt;Pulmonary capillary wedge pressure is 4 to 12 mm Hg&lt;/detail&gt;&lt;detail&gt;Right atrial pressure is 0 to 7 mm Hg&lt;/detail&gt;</NormalResults><WhatAbnormalResultsMean>&lt;text&gt;Abnormal results may be due to:&lt;/text&gt;&lt;detail&gt;Abnormal connections between the right and left side of the heart&lt;/detail&gt;&lt;detail&gt;Abnormalities of the right atrium, such as  atrial myxoma  (rarely)&lt;/detail&gt;&lt;detail&gt;Abnormalities of the valves on the right side of the heart&lt;/detail&gt;&lt;detail&gt;Abnormal pressures or volumes&lt;/detail&gt;&lt;detail&gt;Weakened pumping function of the right ventricle (this could be due to many causes)&lt;/detail&gt;</WhatAbnormalResultsMean><AlternativeNames>&lt;detail&gt;Angiography - right heart&lt;/detail&gt;</AlternativeNames><Images><value><img_name>Heart, section through the middle</img_name><img_url>https://medlineplus.gov/ency/images/ency/fullsize/1056.jpg</img_url></value><value><img_name>Heart, front view</img_name><img_url>https://medlineplus.gov/ency/images/ency/fullsize/1097.jpg</img_url></value></Images></item>
<item><title>Rheumatoid factor (RF)</title><url>https://medlineplus.gov/ency/article/003548.htm</url><HowtoPreparefortheTest>&lt;text&gt;Most of the time, you do not need to take special steps before this test.&lt;/text&gt;</HowtoPreparefortheTest><WhytheTestisPerformed>&lt;text&gt;This test is most often used to help diagnose  rheumatoid arthritis  or  Sjögren syndrome .&lt;/text&gt;</WhytheTestisPerformed><NormalResults>&lt;text&gt;Results are usually reported in one of two ways:&lt;/text&gt;&lt;detail&gt;Value, normal less than 15 IU/mL&lt;/detail&gt;&lt;detail&gt;Titer, normal less than 1:80 (1 to 80)&lt;/detail&gt;&lt;text&gt;If the result is above the normal level, it is positive. A low number (negative result) most often means you do not have rheumatoid arthritis or Sjögren syndrome. However, some people who do have these conditions still have a negative or low RF.&lt;/text&gt;&lt;text&gt;Normal value ranges may vary slightly among different laboratories. Talk to your health care provider about the meaning of your specific test results.&lt;/text&gt;</NormalResults><WhatAbnormalResultsMean>&lt;text&gt;An abnormal result means the test is positive, which means a higher level of rheumatoid factor has been detected in your blood.&lt;/text&gt;&lt;detail&gt;Most people with rheumatoid arthritis or Sjögren syndrome have positive RF tests.&lt;/detail&gt;&lt;detail&gt;The higher the level, the more likely one of these conditions is present. There are also other tests for these disorders that help make the diagnosis.&lt;/detail&gt;&lt;detail&gt;Not everyone with a higher level of RF has rheumatoid arthritis or Sjögren syndrome. &lt;/detail&gt;&lt;text&gt;Your provider may do another blood test (anti-CCP antibody), to help diagnose rheumatoid arthritis.&lt;/text&gt;&lt;text&gt;People with the following diseases may also have higher levels of RF:&lt;/text&gt;&lt;detail&gt;Hepatitis C&lt;/detail&gt;&lt;detail&gt; Systemic lupus erythematosus &lt;/detail&gt;&lt;detail&gt; Dermatomyositis  and polymyositis&lt;/detail&gt;&lt;detail&gt; Sarcoidosis &lt;/detail&gt;&lt;detail&gt;Mixed cryoglobulinemia&lt;/detail&gt;&lt;detail&gt;Mixed connective tissue disease&lt;/detail&gt;&lt;text&gt;Higher-than-normal levels of RF may be seen in people with other medical problems. However, these higher RF levels cannot be used to diagnose these other conditions:&lt;/text&gt;&lt;detail&gt; AIDS ,  hepatitis ,  influenza ,  infectious mononucleosis , and other viral infections&lt;/detail&gt;&lt;detail&gt;Certain kidney diseases&lt;/detail&gt;&lt;detail&gt; Endocarditis , tuberculosis, and other bacterial infections&lt;/detail&gt;&lt;detail&gt;Parasite infections&lt;/detail&gt;&lt;detail&gt; Leukemia ,  multiple myeloma , and other cancers&lt;/detail&gt;&lt;detail&gt;Chronic lung disease&lt;/detail&gt;&lt;detail&gt;Chronic liver disease &lt;/detail&gt;&lt;text&gt;In some cases, people who are healthy and have no other medical problem will have a higher-than-normal RF level.&lt;/text&gt;</WhatAbnormalResultsMean><Images><value><img_name>Blood test</img_name><img_url>https://medlineplus.gov/ency/images/ency/fullsize/10026.jpg</img_url></value></Images></item>
<item><title>Retrograde cystography</title><url>https://medlineplus.gov/ency/article/003783.htm</url><HowtoPreparefortheTest>&lt;text&gt;You must sign an informed consent form. You must empty your bladder before the test. You will be asked questions to determine if you may have an  allergic reaction  to the contrast dye, or if you have a current infection that could make inserting the catheter difficult.&lt;/text&gt;</HowtoPreparefortheTest><WhytheTestisPerformed>&lt;text&gt;You may need this test to examine your bladder for problems such as holes or tears, or to find out why you have repeated bladder infections. It is also used to look for problems such as: &lt;/text&gt;&lt;detail&gt;Abnormal connections between bladder tissue and a nearby structure (bladder fistulae)&lt;/detail&gt;&lt;detail&gt;Bladder stones&lt;/detail&gt;&lt;detail&gt;Pouch-like sacs called  diverticula  on the walls of the bladder or urethra&lt;/detail&gt;&lt;detail&gt;Tumor of the bladder&lt;/detail&gt;&lt;detail&gt; Urinary tract infection &lt;/detail&gt;&lt;detail&gt; Vesicoureteric reflux &lt;/detail&gt;</WhytheTestisPerformed><NormalResults>&lt;text&gt;The bladder appears normal. &lt;/text&gt;</NormalResults><WhatAbnormalResultsMean>&lt;text&gt;Abnormal results may be due to:&lt;/text&gt;&lt;detail&gt; Bladder stones &lt;/detail&gt;&lt;detail&gt; Blood clots &lt;/detail&gt;&lt;detail&gt;Diverticula&lt;/detail&gt;&lt;detail&gt;Infection or inflammation&lt;/detail&gt;&lt;detail&gt;Lesions&lt;/detail&gt;&lt;detail&gt;Vesicoureteric reflux &lt;/detail&gt;</WhatAbnormalResultsMean><AlternativeNames>&lt;detail&gt;Cystography - retrograde&lt;/detail&gt;&lt;detail&gt; Cystogram&lt;/detail&gt;</AlternativeNames><Images><value><img_name>Vesicoureteral reflux</img_name><img_url>https://medlineplus.gov/ency/images/ency/fullsize/19502.jpg</img_url></value><value><img_name>Cystography</img_name><img_url>https://medlineplus.gov/ency/images/ency/fullsize/9252.jpg</img_url></value></Images></item>
<item><title>Reticulocyte count</title><url>https://medlineplus.gov/ency/article/003637.htm</url><HowtoPreparefortheTest>&lt;text&gt;No special preparation is necessary.&lt;/text&gt;</HowtoPreparefortheTest><WhytheTestisPerformed>&lt;text&gt;The test is done to determine if red blood cells are being created in the bone marrow at an appropriate rate. The number of reticulocytes in the blood is a sign of how quickly they are being produced and released by the bone marrow.&lt;/text&gt;</WhytheTestisPerformed><NormalResults>&lt;text&gt;A normal result for healthy adults who are not anemic is around 0.5% (0.005 × 10&lt;sup&gt;-3&lt;/sup&gt;) to 2.5% (0.025 × 10&lt;sup&gt;-3&lt;/sup&gt;).&lt;/text&gt;&lt;text&gt;The normal range depends on your level of hemoglobin. Hemoglobin is a protein in red blood cells that carries oxygen. The range is higher if hemoglobin is low, from bleeding or if red cells are destroyed.&lt;/text&gt;&lt;text&gt;Normal value ranges may vary slightly among different laboratories. Some labs use different measurements or test different samples. Talk to your health care provider about the meaning of your specific test results.&lt;/text&gt;</NormalResults><WhatAbnormalResultsMean>&lt;text&gt;A higher than normal reticulocytes count may indicate:&lt;/text&gt;&lt;detail&gt;Anemia due to red blood cells being destroyed earlier than normal ( hemolytic anemia )&lt;/detail&gt;&lt;detail&gt;Bleeding&lt;/detail&gt;&lt;detail&gt;Blood disorder in a fetus or newborn (erythroblastosis fetalis)&lt;/detail&gt;&lt;detail&gt;Kidney disease, with increased production of a hormone called  erythropoietin &lt;/detail&gt;&lt;text&gt;A lower than normal reticulocyte count may indicate:&lt;/text&gt;&lt;detail&gt;Bone marrow failure (for example, from a certain drug, tumor, radiation therapy, or infection)&lt;/detail&gt;&lt;detail&gt; Cirrhosis of the liver &lt;/detail&gt;&lt;detail&gt;Anemia caused by low iron levels, or low levels of vitamin B12 or folate&lt;/detail&gt;&lt;detail&gt; Chronic kidney disease &lt;/detail&gt;&lt;text&gt;Reticulocyte count may be higher during pregnancy.&lt;/text&gt;</WhatAbnormalResultsMean><AlternativeNames>&lt;detail&gt;Anemia - reticulocyte&lt;/detail&gt;</AlternativeNames><Images><value><img_name>Reticulocytes</img_name><img_url>https://medlineplus.gov/ency/images/ency/fullsize/1491.jpg</img_url></value></Images></item>
<item><title>Renin blood test</title><url>https://medlineplus.gov/ency/article/003698.htm</url><HowtoPreparefortheTest>&lt;text&gt;Certain medicines may affect the results of this test. Your health care provider will tell you if you need to stop taking any medicines. DO NOT stop any medicine before talking to your provider.&lt;/text&gt;&lt;text&gt;Medicines that can affect renin measurements include:&lt;/text&gt;&lt;detail&gt;Birth control pills&lt;/detail&gt;&lt;detail&gt;Blood pressure drugs&lt;/detail&gt;&lt;detail&gt;Medicines that dilate blood vessels (vasodilators). These are usually used to treat high blood pressure or heart failure.&lt;/detail&gt;&lt;detail&gt;Water pills (diuretics) &lt;/detail&gt;&lt;text&gt;Your provider may instruct you to limit your sodium intake before the test.&lt;/text&gt;&lt;text&gt;Be aware that renin level can be affected by pregnancy, as well as the time of day and the body position when blood is drawn.&lt;/text&gt;</HowtoPreparefortheTest><WhytheTestisPerformed>&lt;text&gt;Renin is a protein ( enzyme ) released by special kidney cells when you have a decreased salt (sodium) level or low blood volume.&lt;/text&gt;&lt;text&gt;If you have  high blood pressure , your doctor may order a renin and  aldosterone  test to help determine the cause of your elevated blood pressure. Test results can help guide your doctor in choosing the correct treatment. &lt;/text&gt;</WhytheTestisPerformed><NormalResults>&lt;text&gt;For normal sodium diet, normal value range is 0.6 to 4.3 ng/mL/hour (0.6 to 4.3 µg/L/hour). For low sodium diet, normal value range is 2.9 to 24 ng/mL/hour (2.9 to 24 µg/L/hour).&lt;/text&gt;&lt;text&gt;Normal value ranges may vary slightly among different laboratories. Some labs use different measurements or test different samples. Talk to your doctor about the meaning of your specific test results.&lt;/text&gt;</NormalResults><WhatAbnormalResultsMean>&lt;text&gt;A high level of renin may be due to:&lt;/text&gt;&lt;detail&gt;Adrenal glands that do not make enough hormones ( Addison disease  or other adrenal gland insufficiency)&lt;/detail&gt;&lt;detail&gt;Bleeding (hemorrhage)&lt;/detail&gt;&lt;detail&gt;Heart failure&lt;/detail&gt;&lt;detail&gt;High blood pressure caused by narrowing of the kidney arteries ( renovascular hypertension )&lt;/detail&gt;&lt;detail&gt;Liver scarring and poor liver function ( cirrhosis )&lt;/detail&gt;&lt;detail&gt;Loss of body fluid (dehydration)&lt;/detail&gt;&lt;detail&gt;Kidney damage that creates  nephrotic syndrome &lt;/detail&gt;&lt;detail&gt; Kidney tumors that produce renin &lt;/detail&gt;&lt;detail&gt;Sudden and very high blood pressure ( malignant hypertension ) &lt;/detail&gt;&lt;text&gt;A low level of renin may be due to:&lt;/text&gt;&lt;detail&gt;Adrenal glands that release too much aldosterone hormone ( hyperaldosteronism )&lt;/detail&gt;&lt;detail&gt;High blood pressure that is salt-sensitive&lt;/detail&gt;&lt;detail&gt; Treatment with antidiuretic hormone  (ADH)&lt;/detail&gt;&lt;detail&gt;Treatment with steroid medicines that cause the body to retain salt &lt;/detail&gt;</WhatAbnormalResultsMean><AlternativeNames>&lt;detail&gt;Plasma renin activity&lt;/detail&gt;&lt;detail&gt; Random plasma renin&lt;/detail&gt;&lt;detail&gt; PRA&lt;/detail&gt;</AlternativeNames><Images><value><img_name>Kidney - blood and urine flow</img_name><img_url>https://medlineplus.gov/ency/images/ency/fullsize/1704.jpg</img_url></value></Images></item>
<item><title>Renal venogram</title><url>https://medlineplus.gov/ency/article/003770.htm</url><HowtoPreparefortheTest>&lt;text&gt;You will be told to avoid food and drinks for about 8 hours before the test. Your provider may tell you to stop taking aspirin or other blood thinners before the test. DO NOT stop taking any medicine without first talking to your provider.&lt;/text&gt;&lt;text&gt;You will be asked to wear hospital clothing and to sign a consent form for the procedure. You will need to remove any jewelry from the area that is being studied. &lt;/text&gt;&lt;text&gt;Tell the provider if you:&lt;/text&gt;&lt;detail&gt;Are pregnant&lt;/detail&gt;&lt;detail&gt;Have allergies to any medicine, contrast dye, or  iodine &lt;/detail&gt;&lt;detail&gt;Have a history of bleeding problems &lt;/detail&gt;</HowtoPreparefortheTest><WhytheTestisPerformed>&lt;text&gt;This test is not done very often anymore. It has largely been replaced by CT scan and MRI. In the past, the test was used to measure levels of kidney hormones. &lt;/text&gt;&lt;text&gt;Rarely, the test may be used to detect  blood clots ,  tumors , and vein problems. Its most common use today is as part of an exam to treat  varicose veins  of the testicles or ovaries.&lt;/text&gt;</WhytheTestisPerformed><NormalResults>&lt;text&gt;There should not be any clots or tumors in the kidney vein. The dye should flow quickly through the vein and not back up to the testes or ovaries. &lt;/text&gt;</NormalResults><WhatAbnormalResultsMean>&lt;text&gt;Abnormal results may be due to:&lt;/text&gt;&lt;detail&gt; Blood clot that partially or completely blocks the vein &lt;/detail&gt;&lt;detail&gt; Kidney tumor &lt;/detail&gt;&lt;detail&gt;Vein problem &lt;/detail&gt;</WhatAbnormalResultsMean><AlternativeNames>&lt;detail&gt;Venogram - renal&lt;/detail&gt;&lt;detail&gt; Venography&lt;/detail&gt;&lt;detail&gt; Venogram - kidney&lt;/detail&gt;&lt;detail&gt; Renal vein thrombosis - venogram&lt;/detail&gt;</AlternativeNames><Images><value><img_name>Kidney anatomy</img_name><img_url>https://medlineplus.gov/ency/images/ency/fullsize/1101.jpg</img_url></value><value><img_name>Renal veins</img_name><img_url>https://medlineplus.gov/ency/images/ency/fullsize/9819.jpg</img_url></value></Images></item>
<item><title>Renal scan</title><url>https://medlineplus.gov/ency/article/003790.htm</url><HowtoPreparefortheTest>&lt;text&gt;Tell your provider if you take any nonsteroidal anti-inflammatory drugs (NSAIDs) or blood pressure medicines. These drugs might affect the test.&lt;/text&gt;&lt;text&gt;You may be asked to drink additional fluids before the scan.&lt;/text&gt;</HowtoPreparefortheTest><WhytheTestisPerformed>&lt;text&gt;A renal scan tells your provider how your kidneys work. It also shows their size, position, and shape. It may be done if: &lt;/text&gt;&lt;detail&gt;You cannot have other x-rays using contrast (dye) material because you are sensitive or allergic to them, or you have reduced kidney function&lt;/detail&gt;&lt;detail&gt;You have had a kidney transplant and your doctor wants to check how well the kidney is working and look for signs of rejection&lt;/detail&gt;&lt;detail&gt;You have high blood pressure and your doctor wants to see how well your kidneys are working &lt;/detail&gt;&lt;detail&gt;Your provider needs to confirm if a kidney that looks swollen or blocked on another x-ray is losing function&lt;/detail&gt;</WhytheTestisPerformed><WhatAbnormalResultsMean>&lt;text&gt;Abnormal results are a sign of reduced kidney function. This may be due to:&lt;/text&gt;&lt;detail&gt;Acute or chronic kidney failure&lt;/detail&gt;&lt;detail&gt;Chronic kidney infection (pyelonephritis)&lt;/detail&gt;&lt;detail&gt;Complications of a kidney transplant&lt;/detail&gt;&lt;detail&gt; Glomerulonephritis &lt;/detail&gt;&lt;detail&gt;Hydronephrosis&lt;/detail&gt;&lt;detail&gt; Injury of the kidney and ureter &lt;/detail&gt;&lt;detail&gt;Narrowing or blockage of the arteries that carry blood to the kidney&lt;/detail&gt;&lt;detail&gt;Obstructive uropathy &lt;/detail&gt;</WhatAbnormalResultsMean><AlternativeNames>&lt;detail&gt;Renogram&lt;/detail&gt;&lt;detail&gt; Kidney scan&lt;/detail&gt;</AlternativeNames><Images><value><img_name>Kidney anatomy</img_name><img_url>https://medlineplus.gov/ency/images/ency/fullsize/1101.jpg</img_url></value><value><img_name>Kidney - blood and urine flow</img_name><img_url>https://medlineplus.gov/ency/images/ency/fullsize/1704.jpg</img_url></value></Images></item>
<item><title>Renal perfusion scintiscan</title><url>https://medlineplus.gov/ency/article/003831.htm</url><HowtoPreparefortheTest>&lt;text&gt;You will be asked to drink plenty of water before the test.&lt;/text&gt;&lt;text&gt;If you are currently taking an ACE inhibitor for  high blood pressure , you may be asked to stop taking your medicine before the exam. Always talk to your provider before you stop any of your medicines.&lt;/text&gt;&lt;text&gt;You may be asked to wear a hospital gown. Remove all jewelry and metallic objects before the scan.&lt;/text&gt;</HowtoPreparefortheTest><WhytheTestisPerformed>&lt;text&gt;The test evaluates blood flow to the kidneys. It is used to diagnose narrowing of the arteries that supply the kidneys. This is a condition called renal artery stenosis. Significant renal artery stenosis may be a cause of high blood pressure and kidney problems.&lt;/text&gt;</WhytheTestisPerformed><NormalResults>&lt;text&gt;Blood flow to the kidneys appears normal.&lt;/text&gt;</NormalResults><WhatAbnormalResultsMean>&lt;text&gt;Abnormal findings on the scan may be a sign of renal artery stenosis. A similar study that does not use an ACE inhibitor can be done to confirm the diagnosis. &lt;/text&gt;</WhatAbnormalResultsMean><AlternativeNames>&lt;detail&gt;Renal perfusion scintigraphy&lt;/detail&gt;&lt;detail&gt; Radionuclide renal perfusion scan&lt;/detail&gt;&lt;detail&gt; Perfusion scintiscan - renal&lt;/detail&gt;&lt;detail&gt; Scintiscan - renal perfusion&lt;/detail&gt;</AlternativeNames><Images><value><img_name>Kidney anatomy</img_name><img_url>https://medlineplus.gov/ency/images/ency/fullsize/1101.jpg</img_url></value><value><img_name>Kidney - blood and urine flow</img_name><img_url>https://medlineplus.gov/ency/images/ency/fullsize/1704.jpg</img_url></value><value><img_name>Intravenous pyelogram</img_name><img_url>https://medlineplus.gov/ency/images/ency/fullsize/9481.jpg</img_url></value></Images></item>
<item><title>Renal arteriography</title><url>https://medlineplus.gov/ency/article/003781.htm</url><HowtoPreparefortheTest>&lt;text&gt;Tell the provider if:&lt;/text&gt;&lt;detail&gt;You are pregnant&lt;/detail&gt;&lt;detail&gt;You have ever had any bleeding problems&lt;/detail&gt;&lt;detail&gt;You currently take blood thinners, including daily aspirin&lt;/detail&gt;&lt;detail&gt;You ever had any  allergic reactions , especially those related to x-ray contrast material or iodine substances&lt;/detail&gt;&lt;detail&gt;You have ever been diagnosed with kidney failure or poorly functioning kidneys &lt;/detail&gt;&lt;text&gt;You must sign a consent form. DO NOT eat or drink anything for 6 to 8 hours before the test. You will be given a hospital gown to wear and asked to remove all jewelry. You may be given a pain pill (sedative) before the procedure or IV sedatives during the procedure.&lt;/text&gt;</HowtoPreparefortheTest><WhytheTestisPerformed>&lt;text&gt;Renal arteriography is often needed to help decide on the best treatment after other tests are done first. These include  duplex ultrasound , CT abdomen, or a CT angiogram. These tests may show the following problems.&lt;/text&gt;&lt;detail&gt;Abnormal widening of an artery, called an  aneurysm &lt;/detail&gt;&lt;detail&gt;Abnormal connections between veins and arteries ( fistulas )&lt;/detail&gt;&lt;detail&gt; Blood clot blocking an artery supplying the kidney &lt;/detail&gt;&lt;detail&gt;Unexplained high blood pressure thought to be due to  narrowing of the blood vessels of the kidneys &lt;/detail&gt;&lt;detail&gt;Benign tumors and cancers involving the kidneys&lt;/detail&gt;&lt;detail&gt;Active bleeding from the kidney &lt;/detail&gt;&lt;text&gt;This test is often used to examine donors and recipients before a kidney transplant. The result determines the number of arteries and veins on each kidney.&lt;/text&gt;</WhytheTestisPerformed><NormalResults>&lt;text&gt;Results may vary. Talk to your doctor about the meaning of your specific test results.&lt;/text&gt;</NormalResults><WhatAbnormalResultsMean>&lt;text&gt;Renal angiography may show the presence of tumors, narrowing of the artery or aneurysms (widening of the vein or artery), blood clots, fistulas, or bleeding in the kidney.&lt;/text&gt;&lt;text&gt;The test may also be done with the following conditions: &lt;/text&gt;&lt;detail&gt; Blockage of an artery by a blood clot &lt;/detail&gt;&lt;detail&gt;Renal artery stenosis&lt;/detail&gt;&lt;detail&gt; Renal cell cancer &lt;/detail&gt;&lt;detail&gt;Angiomyolipomas (noncancerous tumors of the kidney) &lt;/detail&gt;&lt;text&gt;Some of these problems can be treated with techniques done at the same time the arteriogram is performed.&lt;/text&gt;&lt;detail&gt;Angioplasty is a procedure to open a narrowed or blocked blood vessels that supply blood to your kidneys.&lt;/detail&gt;&lt;detail&gt;A stent is a small, metal mesh tube that keeps the artery open. It may be placed to keep a narrowed artery open.&lt;/detail&gt;&lt;detail&gt;Cancers and noncancerous tumors can be treated using a process called embolization. This involves using substances that block blood flow in order to kill or shrink the tumor. Sometimes, this is performed in combination with surgery.&lt;/detail&gt;</WhatAbnormalResultsMean><AlternativeNames>&lt;detail&gt;Renal angiogram&lt;/detail&gt;&lt;detail&gt; Angiography - kidney&lt;/detail&gt;&lt;detail&gt; Renal angiography&lt;/detail&gt;&lt;detail&gt; Renal artery stenosis - arteriography&lt;/detail&gt;</AlternativeNames><Images><value><img_name>Kidney anatomy</img_name><img_url>https://medlineplus.gov/ency/images/ency/fullsize/1101.jpg</img_url></value><value><img_name>Renal arteries</img_name><img_url>https://medlineplus.gov/ency/images/ency/fullsize/9818.jpg</img_url></value></Images></item>
<item><title>Refraction</title><url>https://medlineplus.gov/ency/article/003844.htm</url><HowtoPreparefortheTest>&lt;text&gt;If you wear contact lenses, ask the doctor if you need to remove them and for how long before the test.&lt;/text&gt;</HowtoPreparefortheTest><WhytheTestisPerformed>&lt;text&gt;This test can be done as part of a  routine eye exam . The purpose is to determine whether you have a refractive error (a need for glasses or contact lenses).&lt;/text&gt;&lt;text&gt;For people over age 40 who have normal distance vision but difficulty with near vision, a refraction test can determine the right power of reading glasses.&lt;/text&gt;</WhytheTestisPerformed><NormalResults>&lt;text&gt;If your uncorrected vision (without glasses or contact lenses) is normal, then the refractive error is zero (plano) and your vision should be 20/20 (or 1.0).&lt;/text&gt;&lt;text&gt;A value of 20/20 (1.0) is normal vision. This means you can read 3/8-inch (1 centimeter) letters at 20 feet (6 meters). A small type size is also used to determine normal near vision.&lt;/text&gt;</NormalResults><WhatAbnormalResultsMean>&lt;text&gt;You have a refractive error if you need a combination of lenses to see 20/20 (1.0). Glasses or contact lenses should give you good vision. If you have a refractive error, you have a "prescription." Your prescription is a series of numbers that describe the powers of the lenses needed to make you see clearly.&lt;/text&gt;&lt;text&gt;If your final vision is less than 20/20 (1.0), even with lenses, then there is probably another, non-optical problem with your eye.&lt;/text&gt;&lt;text&gt;The vision level you achieve during the refraction test is called the best-corrected visual acuity (BCVA).&lt;/text&gt;&lt;text&gt;Abnormal results may be due to:&lt;/text&gt;&lt;detail&gt; Astigmatism  (abnormally curved cornea causing blurred vision)&lt;/detail&gt;&lt;detail&gt; Hyperopia  (farsightedness)&lt;/detail&gt;&lt;detail&gt; Myopia  (nearsightedness)&lt;/detail&gt;&lt;detail&gt; Presbyopia  (inability to focus on near objects that develops with age) &lt;/detail&gt;&lt;text&gt;Other conditions under which the test may be performed:&lt;/text&gt;&lt;detail&gt; Corneal ulcers and infections &lt;/detail&gt;&lt;detail&gt;Loss of sharp vision due to  macular degeneration &lt;/detail&gt;&lt;detail&gt; Retinal detachment  (separation of the light-sensitive membrane (retina) in the back of the eye from its supporting layers)&lt;/detail&gt;&lt;detail&gt; Retinal vessel occlusion  (blockage in a small artery that carries blood to the retina)&lt;/detail&gt;&lt;detail&gt; Retinitis pigmentosa  (an inherited disorder of the retina)&lt;/detail&gt;</WhatAbnormalResultsMean><AlternativeNames>&lt;detail&gt;Eye exam - refraction&lt;/detail&gt;&lt;detail&gt; Vision test - refraction&lt;/detail&gt;&lt;detail&gt; Refraction&lt;/detail&gt;</AlternativeNames><Images><value><img_name>Normal vision</img_name><img_url>https://medlineplus.gov/ency/images/ency/fullsize/9925.jpg</img_url></value></Images></item>
<item><title>Rectal culture</title><url>https://medlineplus.gov/ency/article/003759.htm</url><HowtoPreparefortheTest>&lt;text&gt;The health care provider does a rectal exam and collects the specimen.&lt;/text&gt;</HowtoPreparefortheTest><WhytheTestisPerformed>&lt;text&gt;The test is done if your provider suspects that you have an infection of the rectum, such as  gonorrhea . It may also be done instead of a  fecal culture  if it is not possible to get a specimen of feces.&lt;/text&gt;&lt;text&gt;The rectal culture may also be performed in a hospital or nursing home setting. This test shows if someone carries vancomycin-resistant enterococcus (VRE) in their intestine. This germ can be spread to other patients.&lt;/text&gt;</WhytheTestisPerformed><NormalResults>&lt;text&gt;Finding bacteria and other germs that are commonly found in the body is normal.&lt;/text&gt;&lt;text&gt;Normal value ranges may vary slightly among different labs. Talk to your provider about the meaning of your specific test results.&lt;/text&gt;</NormalResults><WhatAbnormalResultsMean>&lt;text&gt;Abnormal results may mean you have an infection. This may be:&lt;/text&gt;&lt;detail&gt;Bacterial infection&lt;/detail&gt;&lt;detail&gt;Parasitic enterocolitis&lt;/detail&gt;&lt;detail&gt; Gonorrhea&lt;/detail&gt;&lt;text&gt;Sometimes a culture shows that you are a carrier, but you may not have an infection.&lt;/text&gt;&lt;text&gt;A related condition is  proctitis .&lt;/text&gt;</WhatAbnormalResultsMean><AlternativeNames>&lt;detail&gt;Culture - rectal&lt;/detail&gt;</AlternativeNames><Images><value><img_name>Rectal culture</img_name><img_url>https://medlineplus.gov/ency/images/ency/fullsize/9811.jpg</img_url></value></Images></item>
<item><title>Rectal biopsy</title><url>https://medlineplus.gov/ency/article/003891.htm</url><HowtoPreparefortheTest>&lt;text&gt;You may get a laxative, enema, or other preparation before the biopsy so that you can completely empty your bowel. This will allow the doctor a clear view of the rectum.&lt;/text&gt;</HowtoPreparefortheTest><WhytheTestisPerformed>&lt;text&gt;A rectal biopsy is used to determine the cause of abnormal growths found during anoscopy, sigmoidoscopy, or other tests. It can also be used to confirm the diagnosis of  amyloidosis .&lt;/text&gt;</WhytheTestisPerformed><NormalResults>&lt;text&gt;The anus and rectum appear normal in size, color, and shape. There should be no evidence of: &lt;/text&gt;&lt;detail&gt;Bleeding&lt;/detail&gt;&lt;detail&gt;Polyps&lt;/detail&gt;&lt;detail&gt; Hemorrhoids &lt;/detail&gt;&lt;detail&gt;Other abnormalities &lt;/detail&gt;&lt;text&gt;No problems are seen when the biopsy tissue is examined under a microscope.&lt;/text&gt;</NormalResults><WhatAbnormalResultsMean>&lt;text&gt;This test is a common way to determine the specific causes of abnormal conditions of the rectum, such as:&lt;/text&gt;&lt;detail&gt; Abscesses &lt;/detail&gt;&lt;detail&gt; Colorectal polyps &lt;/detail&gt;&lt;detail&gt;Infection&lt;/detail&gt;&lt;detail&gt;Inflammation&lt;/detail&gt;&lt;detail&gt;Tumors&lt;/detail&gt;&lt;detail&gt;Amyloidosis&lt;/detail&gt;&lt;detail&gt; Crohn disease &lt;/detail&gt;&lt;detail&gt; Hirschsprung disease  in infants&lt;/detail&gt;&lt;detail&gt; Ulcerative colitis &lt;/detail&gt;</WhatAbnormalResultsMean><AlternativeNames>&lt;detail&gt;Biopsy - rectum&lt;/detail&gt;&lt;detail&gt; Rectal bleeding - biopsy&lt;/detail&gt;&lt;detail&gt; Rectal polyps - biopsy&lt;/detail&gt;&lt;detail&gt; Amyloidosis - rectal biopsy&lt;/detail&gt;&lt;detail&gt; Crohn disease - rectal biopsy&lt;/detail&gt;&lt;detail&gt; Colorectal cancer - biopsy&lt;/detail&gt;&lt;detail&gt; Hirschsprung disease - rectal biopsy&lt;/detail&gt;</AlternativeNames><Images><value><img_name>Rectal biopsy</img_name><img_url>https://medlineplus.gov/ency/images/ency/fullsize/9545.jpg</img_url></value></Images></item>
<item><title>RBC urine test</title><url>https://medlineplus.gov/ency/article/003582.htm</url><HowtoPreparefortheTest>&lt;text&gt;No special preparation is necessary for this test.&lt;/text&gt;</HowtoPreparefortheTest><WhytheTestisPerformed>&lt;text&gt;This test is done as part of a  urinalysis test .&lt;/text&gt;</WhytheTestisPerformed><NormalResults>&lt;text&gt;A normal result is 4 red blood cells per high power field (RBC/HPF) or less when the sample is examined under a microscope.&lt;/text&gt;&lt;text&gt;The example above is a common measurement for a result of this test. Normal value ranges may vary slightly among different laboratories. Some labs use different measurements or test different samples. Talk to your provider about the meaning of your specific test result.&lt;/text&gt;</NormalResults><WhatAbnormalResultsMean>&lt;text&gt;A higher than normal number of RBCs in the urine may be due to:&lt;/text&gt;&lt;detail&gt;Kidney and other urinary tract problems, such as infection,  tumor , or  stones &lt;/detail&gt;&lt;detail&gt; Kidney injury &lt;/detail&gt;&lt;detail&gt;Prostate problems&lt;/detail&gt;&lt;detail&gt;Bladder or kidney cancer &lt;/detail&gt;</WhatAbnormalResultsMean><AlternativeNames>&lt;detail&gt;Red blood cells in urine&lt;/detail&gt;&lt;detail&gt; Hematuria test&lt;/detail&gt;&lt;detail&gt; Urine - red blood cells&lt;/detail&gt;</AlternativeNames><Images><value><img_name>Male urinary system</img_name><img_url>https://medlineplus.gov/ency/images/ency/fullsize/10022.jpg</img_url></value></Images></item>
<item><title>RBC nuclear scan</title><url>https://medlineplus.gov/ency/article/003835.htm</url><HowtoPreparefortheTest>&lt;text&gt;You will need to sign a consent form. You put on a hospital gown and take off jewelry or metallic objects before the scan.&lt;/text&gt;</HowtoPreparefortheTest><WhytheTestisPerformed>&lt;text&gt;This test is most often done to find the site of bleeding. It is done in people who have blood loss from the colon or other parts of the gastrointestinal tract.&lt;/text&gt;&lt;text&gt;A similar test called a ventriculogram may be done to check heart function.&lt;/text&gt;</WhytheTestisPerformed><NormalResults>&lt;text&gt;A normal exam shows no rapid bleeding from the gastrointestinal tract.&lt;/text&gt;</NormalResults><WhatAbnormalResultsMean>&lt;text&gt;There is active bleeding from the gastrointestinal tract.&lt;/text&gt;</WhatAbnormalResultsMean><AlternativeNames>&lt;detail&gt;Bleeding scan, Tagged RBC scan&lt;/detail&gt;&lt;detail&gt; Hemorrhage - RBC scan&lt;/detail&gt;</AlternativeNames></item>
<item><title>RBC indices</title><url>https://medlineplus.gov/ency/article/003648.htm</url><HowtoPreparefortheTest>&lt;text&gt;No special preparation is necessary.&lt;/text&gt;</HowtoPreparefortheTest><WhytheTestisPerformed>&lt;text&gt;Hemoglobin transports oxygen. RBCs carry hemoglobin and oxygen to our body's cells. The RBC indices test measures how well the RBCs do this. The results are used to diagnose different types of  anemia .&lt;/text&gt;</WhytheTestisPerformed><NormalResults>&lt;text&gt;These test results are in the normal range:&lt;/text&gt;&lt;detail&gt;MCV: 80 to 100 femtoliter&lt;/detail&gt;&lt;detail&gt;MCH: 27 to 31 picograms/cell&lt;/detail&gt;&lt;detail&gt;MCHC: 32 to 36 grams/deciliter (g/dL) or 320 to 360 grams per liter (g/L)&lt;/detail&gt;&lt;text&gt;The examples above are common measurements for results of these tests. Normal value ranges may vary slightly among different laboratories. Some labs use different measurements or may test different samples. Talk to your health care provider about the meaning of your specific test results.&lt;/text&gt;</NormalResults><WhatAbnormalResultsMean>&lt;text&gt;These test results indicate the type of anemia:&lt;/text&gt;&lt;detail&gt;MCV below normal. Microcytic anemia (may be due to low iron levels, lead poisoning, or  thalassemia ).&lt;/detail&gt;&lt;detail&gt;MCV normal. Normocytic anemia (may be due to sudden blood loss, long-term diseases,  kidney failure ,  aplastic anemia , or man-made heart valves).&lt;/detail&gt;&lt;detail&gt;MCV above normal. Macrocytic anemia (may be due to low folate or B12 levels, or  chemotherapy ).&lt;/detail&gt;&lt;detail&gt;MCH below normal. Hypochromic anemia (often due to low iron levels).&lt;/detail&gt;&lt;detail&gt;MCH normal. Normochromic anemia (may be due to sudden blood loss, long-term diseases, kidney failure, aplastic anemia, or man-made heart valves).&lt;/detail&gt;&lt;detail&gt;MCH above normal. Hyperchromic anemia (may be due to low folate or B12 levels, or chemotherapy). &lt;/detail&gt;</WhatAbnormalResultsMean><AlternativeNames>&lt;detail&gt;Erythrocyte indices&lt;/detail&gt;&lt;detail&gt; Blood indices&lt;/detail&gt;&lt;detail&gt; Mean corpuscular hemoglobin (MCH)&lt;/detail&gt;&lt;detail&gt; Mean corpuscular hemoglobin concentration (MCHC)&lt;/detail&gt;&lt;detail&gt; Mean corpuscular volume (MCV)&lt;/detail&gt;&lt;detail&gt; Red blood cell indices&lt;/detail&gt;</AlternativeNames></item>
<item><title>RBC count</title><url>https://medlineplus.gov/ency/article/003644.htm</url><HowtoPreparefortheTest>&lt;text&gt;No special preparation is necessary.&lt;/text&gt;</HowtoPreparefortheTest><WhytheTestisPerformed>&lt;text&gt;The RBC count is almost always part of a complete blood count ( CBC ) test.&lt;/text&gt;&lt;text&gt;The test can help diagnose different kinds of  anemia  (low number of RBCs) and other conditions affecting red blood cells.&lt;/text&gt;&lt;text&gt;Other conditions that may require an RBC count are:&lt;/text&gt;&lt;detail&gt;Disease that damages kidney blood vessels ( Alport syndrome )&lt;/detail&gt;&lt;detail&gt;White blood cell cancer ( Waldenstrom macroglobulinemia )&lt;/detail&gt;&lt;detail&gt;Disorder in which red blood cells break down earlier than normal ( paroxysmal nocturnal hemoglobinuria )&lt;/detail&gt;&lt;detail&gt;Bone marrow disorder in which the marrow is replaced by scar tissue (myelofibrosis) &lt;/detail&gt;</WhytheTestisPerformed><NormalResults>&lt;text&gt;Normal RBC ranges are:&lt;/text&gt;&lt;detail&gt;Male: 4.7 to 6.1 million cells per microliter (cells/mcL)&lt;/detail&gt;&lt;detail&gt;Female: 4.2 to 5.4 million cells/mcL&lt;/detail&gt;&lt;text&gt;The ranges above are common measurements for results of these tests. Normal value ranges may vary slightly among different laboratories. Some labs use different measurements or test different samples. Talk to your health care provider about the meaning of your specific test results.&lt;/text&gt;</NormalResults><WhatAbnormalResultsMean>&lt;text&gt;Higher than normal numbers of RBCs may be due to:&lt;/text&gt;&lt;detail&gt;Cigarette smoking&lt;/detail&gt;&lt;detail&gt;Problem with heart's structure and function that is present at birth ( congenital heart disease )&lt;/detail&gt;&lt;detail&gt;Failure of the right side of the heart ( cor pulmonale )&lt;/detail&gt;&lt;detail&gt; Dehydration  (for example, from severe diarrhea)&lt;/detail&gt;&lt;detail&gt;Kidney tumor (renal cell carcinoma)&lt;/detail&gt;&lt;detail&gt;Low blood oxygen level (hypoxia)&lt;/detail&gt;&lt;detail&gt;Scarring or thickening of the lungs ( pulmonary fibrosis )&lt;/detail&gt;&lt;detail&gt;Bone marrow disease that causes abnormal increase in RBCs ( polycythemia vera ) &lt;/detail&gt;&lt;text&gt;Your RBC count will increase for several weeks when you are in a higher altitude.&lt;/text&gt;&lt;text&gt;Drugs that can increase the RBC count include:&lt;/text&gt;&lt;detail&gt;Gentamicin&lt;/detail&gt;&lt;detail&gt;Methyldopa &lt;/detail&gt;&lt;text&gt;Lower-than-normal numbers of RBCs may be due to:&lt;/text&gt;&lt;detail&gt;   Anemia   &lt;/detail&gt;&lt;detail&gt;Bleeding&lt;/detail&gt;&lt;detail&gt;Bone marrow failure (for example, from radiation, toxins, or tumor)&lt;/detail&gt;&lt;detail&gt;Deficiency of a hormone called erythropoietin (caused by kidney disease)&lt;/detail&gt;&lt;detail&gt;RBC destruction ( hemolysis ) due to transfusion, blood vessel injury, or other cause&lt;/detail&gt;&lt;detail&gt;Leukemia&lt;/detail&gt;&lt;detail&gt;Malnutrition&lt;/detail&gt;&lt;detail&gt;Bone marrow cancer called  multiple myeloma &lt;/detail&gt;&lt;detail&gt;Too little iron,  copper , folic acid,  vitamin B6 , or  vitamin B12  in the diet&lt;/detail&gt;&lt;detail&gt;Too much water in the body (overhydration)&lt;/detail&gt;&lt;detail&gt;Pregnancy &lt;/detail&gt;&lt;text&gt;Drugs that can decrease the RBC count include:&lt;/text&gt;&lt;detail&gt;Chemotherapy drugs&lt;/detail&gt;&lt;detail&gt;Chloramphenicol&lt;/detail&gt;&lt;detail&gt;Hydantoins&lt;/detail&gt;&lt;detail&gt;Quinidine &lt;/detail&gt;</WhatAbnormalResultsMean><AlternativeNames>&lt;detail&gt;Erythrocyte count&lt;/detail&gt;&lt;detail&gt; Red blood cell count&lt;/detail&gt;&lt;detail&gt; Anemia - RBC count&lt;/detail&gt;</AlternativeNames><Images><value><img_name>Blood test</img_name><img_url>https://medlineplus.gov/ency/images/ency/fullsize/10026.jpg</img_url></value><value><img_name>Formed elements of blood</img_name><img_url>https://medlineplus.gov/ency/images/ency/fullsize/19192.jpg</img_url></value><value><img_name>High blood pressure tests</img_name><img_url>https://medlineplus.gov/ency/images/ency/fullsize/19232.jpg</img_url></value></Images></item>
<item><title>Radionuclide cystogram</title><url>https://medlineplus.gov/ency/article/003832.htm</url><HowtoPreparefortheTest>&lt;text&gt;There is no special preparation needed. You will need to sign a consent form. You will be asked to wear a hospital gown. Remove jewelry and metal objects before the scan.&lt;/text&gt;</HowtoPreparefortheTest><WhytheTestisPerformed>&lt;text&gt;This test is done to see how your bladder empties and fills. It can be used to check for urine reflux or a blockage in urine flow. It is most often done to evaluate people with urinary tract infections, particularly children.&lt;/text&gt;</WhytheTestisPerformed><NormalResults>&lt;text&gt;A normal value is no reflux or other abnormal urine flow, and no obstruction to the flow of urine. The bladder empties completely.&lt;/text&gt;</NormalResults><WhatAbnormalResultsMean>&lt;text&gt;Abnormal results may be due to:&lt;/text&gt;&lt;detail&gt;Abnormal bladder response to pressure. This could be due to a nerve problem or other disorder.&lt;/detail&gt;&lt;detail&gt;Back flow of urine  (vesicoureteric reflux) &lt;/detail&gt;&lt;detail&gt;Blockage of the urethra ( urethral obstruction ). This is most commonly due to an enlarged prostate gland. &lt;/detail&gt;</WhatAbnormalResultsMean><AlternativeNames>&lt;detail&gt;Nuclear bladder scan&lt;/detail&gt;</AlternativeNames><Images><value><img_name>Cystography</img_name><img_url>https://medlineplus.gov/ency/images/ency/fullsize/9252.jpg</img_url></value></Images></item>
<item><title>Radionuclide cisternogram</title><url>https://medlineplus.gov/ency/article/003823.htm</url><HowtoPreparefortheTest>&lt;text&gt;Most of the time, you do not need to prepare for this test. Your health care provider may give you a medicine to calm your nerves if you are very anxious. You will sign a consent form before the test.&lt;/text&gt;&lt;text&gt;You will wear a hospital gown during the scan so the doctors have access to your spine. You will also need to remove jewelry or metallic objects before the scan.&lt;/text&gt;</HowtoPreparefortheTest><WhytheTestisPerformed>&lt;text&gt;The test is performed to detect problems with flow of spinal fluid and spinal fluid leaks. In some cases, there may be a concern the cerebrospinal fluid (CSF) fluid is leaking after a trauma to the head or a surgery in the head. This test will be done to diagnose the leak.&lt;/text&gt;</WhytheTestisPerformed><NormalResults>&lt;text&gt;A normal value indicates normal circulation of CSF through all parts of the brain and spinal cord.&lt;/text&gt;</NormalResults><WhatAbnormalResultsMean>&lt;text&gt;An abnormal result indicates disorders of CSF circulation. These disorders may include:&lt;/text&gt;&lt;detail&gt; Hydrocephalus  or dilated spaces in your brain due to an obstruction&lt;/detail&gt;&lt;detail&gt; CSF leak &lt;/detail&gt;&lt;detail&gt; Normal pressure hydrocephalus (NPH) &lt;/detail&gt;&lt;detail&gt;Whether or not a CSF shunt is open or blocked &lt;/detail&gt;</WhatAbnormalResultsMean><AlternativeNames>&lt;detail&gt;CSF flow scan&lt;/detail&gt;&lt;detail&gt; Cisternogram&lt;/detail&gt;</AlternativeNames><Images><value><img_name>Lumbar puncture</img_name><img_url>https://medlineplus.gov/ency/images/ency/fullsize/9587.jpg</img_url></value></Images></item>
<item><title>Radioactive iodine uptake</title><url>https://medlineplus.gov/ency/article/003689.htm</url><HowtoPreparefortheTest>&lt;text&gt;Follow instructions about not eating before the test. You may be told not to eat after midnight the night before your test.&lt;/text&gt;&lt;text&gt;Your health care provider will tell you if you need to stop taking medicines before the test that may affect your test results. DO NOT stop taking any medicine without first talking to your provider.&lt;/text&gt;&lt;text&gt;Tell your provider if you have:&lt;/text&gt;&lt;detail&gt;Diarrhea (may decrease absorption of the radioactive iodine)&lt;/detail&gt;&lt;detail&gt;Had recent CT scans using intravenous or oral iodine-based contrast (within the past 2 weeks)&lt;/detail&gt;&lt;detail&gt;Too little or too much iodine in your diet &lt;/detail&gt;</HowtoPreparefortheTest><WhytheTestisPerformed>&lt;text&gt;This test is done to check thyroid function. It is often done when blood tests of thyroid function show that you may have an overactive thyroid gland.&lt;/text&gt;</WhytheTestisPerformed><NormalResults>&lt;text&gt;These are normal results at 6 and 24 hours after swallowing the radioactive iodine:&lt;/text&gt;&lt;detail&gt;At 6 hours: 3% to 16%&lt;/detail&gt;&lt;detail&gt;At 24 hours: 8% to 25% &lt;/detail&gt;&lt;text&gt;Some testing centers measure only at 24 hours. Values may vary depending on the amount of iodine in your diet. Normal value ranges may vary slightly among different labs. Talk to your provider about the meaning of your specific test results.&lt;/text&gt;</NormalResults><WhatAbnormalResultsMean>&lt;text&gt;Higher-than-normal uptake may be due to an overactive thyroid gland. The most common cause is  Graves disease .&lt;/text&gt;&lt;text&gt;Other conditions can cause some areas of higher-than-normal uptake in the thyroid gland. These include:&lt;/text&gt;&lt;detail&gt;An enlarged thyroid gland that contains nodules producing too much thyroid hormone ( toxic nodular goiter )&lt;/detail&gt;&lt;detail&gt;A single thyroid nodule that is producing too much thyroid hormone (toxic adenoma) &lt;/detail&gt;&lt;text&gt;These conditions often result in normal uptake, but the uptake is concentrated into a few (hot) areas while the rest of the thyroid gland does not take up any iodine (cold areas). This can only be determined if the scan is done along with the uptake test.&lt;/text&gt;&lt;text&gt;Lower-than-normal uptake may be due to:&lt;/text&gt;&lt;detail&gt; Factitious hyperthyroidism  (taking too much thyroid hormone medicine or supplements)&lt;/detail&gt;&lt;detail&gt;Iodine overload&lt;/detail&gt;&lt;detail&gt; Subacute thyroiditis  (swelling or inflammation of the thyroid gland)&lt;/detail&gt;&lt;detail&gt; Silent (or painless) thyroiditis &lt;/detail&gt;&lt;detail&gt;Amiodarone (medicine to treat some kinds of heart disease) &lt;/detail&gt;</WhatAbnormalResultsMean><AlternativeNames>&lt;detail&gt;Thyroid uptake&lt;/detail&gt;&lt;detail&gt; Iodine uptake test&lt;/detail&gt;&lt;detail&gt; RAIU&lt;/detail&gt;</AlternativeNames><Images><value><img_name>Thyroid uptake test</img_name><img_url>https://medlineplus.gov/ency/images/ency/fullsize/9806.jpg</img_url></value></Images></item>
<item><title>Synovial fluid analysis</title><url>https://medlineplus.gov/ency/article/003629.htm</url><HowtoPreparefortheTest>&lt;text&gt;Normally, no special preparation is needed. Tell your provider if you are taking a blood thinner, such as aspirin, warfarin (Coumadin) or clopidogrel (Plavix). These medicines can affect test results or your ability to take the test.&lt;/text&gt;</HowtoPreparefortheTest><WhytheTestisPerformed>&lt;text&gt;The test can help diagnose the cause of pain, redness, or swelling in joints.&lt;/text&gt;&lt;text&gt;Sometimes, removing the fluid can also help relieve joint pain.&lt;/text&gt;&lt;text&gt;This test may be used when your doctor suspects:&lt;/text&gt;&lt;detail&gt;Bleeding in the joint after a joint injury&lt;/detail&gt;&lt;detail&gt; Gout  and other types of arthritis&lt;/detail&gt;&lt;detail&gt;Infection in a joint&lt;/detail&gt;</WhytheTestisPerformed><WhatAbnormalResultsMean>&lt;text&gt;Abnormal joint fluid may look cloudy or abnormally thick.&lt;/text&gt;&lt;text&gt;The following found in joint fluid can be a sign of a health problem:&lt;/text&gt;&lt;detail&gt;Blood -- injury in the joint or a body-wide bleeding problem&lt;/detail&gt;&lt;detail&gt;Pus -- infection in the joint&lt;/detail&gt;&lt;detail&gt;Too much joint fluid --  osteoarthritis  or cartilage injury&lt;/detail&gt;</WhatAbnormalResultsMean><AlternativeNames>&lt;detail&gt;Joint fluid analysis&lt;/detail&gt;&lt;detail&gt; Joint fluid aspiration&lt;/detail&gt;</AlternativeNames><Images><value><img_name>Joint aspiration</img_name><img_url>https://medlineplus.gov/ency/images/ency/fullsize/9245.jpg</img_url></value></Images></item>
<item><title>Synovial biopsy</title><url>https://medlineplus.gov/ency/article/003922.htm</url><HowtoPreparefortheTest>&lt;text&gt;Follow your health care provider's instructions on how to prepare. This may include not eating and drinking anything for several hours before the procedure.&lt;/text&gt;</HowtoPreparefortheTest><WhytheTestisPerformed>&lt;text&gt;Synovial biopsy helps diagnose  gout  and bacterial infections, or rule out other infections. It can be used to diagnose autoimmune disorders such as rheumatoid arthritis, or uncommon infections like tuberculosis. &lt;/text&gt;</WhytheTestisPerformed><NormalResults>&lt;text&gt;The synovial membrane structure is normal.&lt;/text&gt;</NormalResults><WhatAbnormalResultsMean>&lt;text&gt;Synovial biopsy may identify the following conditions:&lt;/text&gt;&lt;detail&gt;Chronic synovitis (inflammation of the synovial membrane)&lt;/detail&gt;&lt;detail&gt; Coccidioidomycosis  (a fungal infection)&lt;/detail&gt;&lt;detail&gt; Fungal arthritis &lt;/detail&gt;&lt;detail&gt;Gout&lt;/detail&gt;&lt;detail&gt; Hemochromatosis  (abnormal buildup of iron deposits)&lt;/detail&gt;&lt;detail&gt; Systemic lupus erythematosus  (autoimmune disease that affects the skin, joints, and other organs)&lt;br&gt;&lt;/detail&gt;&lt;detail&gt; Tuberculosis &lt;/detail&gt;&lt;detail&gt;Synovial  cancer  (very rare type of soft tissue cancer)&lt;/detail&gt;&lt;detail&gt; Rheumatoid arthritis &lt;/detail&gt;</WhatAbnormalResultsMean><AlternativeNames>&lt;detail&gt;Biopsy - synovial membrane&lt;/detail&gt;&lt;detail&gt; Rheumatoid arthritis - synovial biopsy&lt;/detail&gt;&lt;detail&gt; Gout - synovial biopsy&lt;/detail&gt;&lt;detail&gt; Joint infection - synovial biopsy&lt;/detail&gt;&lt;detail&gt; Synovitis - synovial biopsy&lt;/detail&gt;</AlternativeNames><Images><value><img_name>Synovial biopsy</img_name><img_url>https://medlineplus.gov/ency/images/ency/fullsize/9524.jpg</img_url></value></Images></item>
<item><title>Sweat electrolytes test</title><url>https://medlineplus.gov/ency/article/003630.htm</url><HowtoPreparefortheTest>&lt;text&gt;No special steps are needed before this test.&lt;/text&gt;</HowtoPreparefortheTest><WhytheTestisPerformed>&lt;text&gt;Sweat testing is the standard method for diagnosing cystic fibrosis. People with  cystic fibrosis  have higher amounts of sodium and chloride in their sweat that are detected by the test.&lt;/text&gt;&lt;text&gt;Some people are tested because of symptoms they are having. In the United States, newborn screening programs test for cystic fibrosis. The sweat test is used to confirm these results.&lt;/text&gt;</WhytheTestisPerformed><NormalResults>&lt;text&gt;Normal results include:&lt;/text&gt;&lt;detail&gt;A sweat chloride test result of less than or equal to 39 mmol/L in an infant over 6 months old probably means cystic fibrosis is very unlikely.&lt;/detail&gt;&lt;detail&gt;A result between 40 to 59 mmol/L does not give a clear diagnosis. Further testing is needed.&lt;/detail&gt;&lt;detail&gt;If the result is 60 mmol/L or greater, cystic fibrosis is present. &lt;/detail&gt;&lt;text&gt;Note: mmol/L = millimole per liter&lt;/text&gt;&lt;text&gt;Normal value ranges may vary slightly among different laboratories. Talk to your health care provider about the meaning of your specific test results.&lt;/text&gt;&lt;text&gt;Some conditions, such as dehydration or swelling (edema) can affect the test results.&lt;/text&gt;</NormalResults><WhatAbnormalResultsMean>&lt;text&gt;An abnormal test may mean that the child has cystic fibrosis.&lt;/text&gt;</WhatAbnormalResultsMean><AlternativeNames>&lt;detail&gt;Sweat test&lt;/detail&gt;&lt;detail&gt; Sweat chloride&lt;/detail&gt;&lt;detail&gt; Iontophoretic sweat test&lt;/detail&gt;&lt;detail&gt; CF - sweat test&lt;/detail&gt;&lt;detail&gt; Cystic fibrosis - sweat test&lt;/detail&gt;</AlternativeNames><Images><value><img_name>Sweat test</img_name><img_url>https://medlineplus.gov/ency/images/ency/fullsize/1939.jpg</img_url></value><value><img_name>Sweat test</img_name><img_url>https://medlineplus.gov/ency/images/ency/fullsize/9955.jpg</img_url></value></Images></item>
<item><title>Swan-Ganz - right heart catheterization</title><url>https://medlineplus.gov/ency/article/003870.htm</url><HowtoPreparefortheTest>&lt;text&gt;You should not eat or drink anything for 8 hours before the test starts. You may need to stay in the hospital the night before the test. Otherwise, you will check in to the hospital the morning of the test.&lt;/text&gt;&lt;text&gt;You will wear a hospital gown. You must sign a consent form before the test. Your provider will explain the procedure and its risks.&lt;/text&gt;</HowtoPreparefortheTest><WhytheTestisPerformed>&lt;text&gt;The procedure is done to evaluate how the blood moves (circulates) in people who have:&lt;/text&gt;&lt;detail&gt;Abnormal pressures in the heart arteries&lt;/detail&gt;&lt;detail&gt; Burns &lt;/detail&gt;&lt;detail&gt; Congenital heart disease &lt;/detail&gt;&lt;detail&gt; Heart failure &lt;/detail&gt;&lt;detail&gt;Kidney disease&lt;/detail&gt;&lt;detail&gt; Leaky heart valves &lt;/detail&gt;&lt;detail&gt;Lung problems&lt;/detail&gt;&lt;detail&gt; Shock &lt;/detail&gt;&lt;text&gt;It may also be done to monitor for complications of a  heart attack . It also shows how well certain heart medicines are working.&lt;/text&gt;&lt;text&gt;Swan-Ganz catheterization can also be used to detect abnormal blood flow between two areas of the heart that are not normally connected.&lt;/text&gt;&lt;text&gt;Conditions that can also be diagnosed or evaluated with Swan-Ganz catheterization include:&lt;/text&gt;&lt;detail&gt; Cardiac tamponade &lt;/detail&gt;&lt;detail&gt; Pulmonary hypertension &lt;/detail&gt;&lt;detail&gt; Restrictive cardiomyopathy &lt;/detail&gt;</WhytheTestisPerformed><NormalResults>&lt;text&gt;Normal results for this test are:&lt;/text&gt;&lt;detail&gt;Cardiac index is 2.8 to 4.2 liters per minute per square meter (of body surface area)&lt;/detail&gt;&lt;detail&gt;Pulmonary artery systolic pressure is 17 to 32 millimeters of mercury (mm Hg)&lt;/detail&gt;&lt;detail&gt;Pulmonary artery mean pressure is 9 to 19 mm Hg&lt;/detail&gt;&lt;detail&gt;Pulmonary diastolic pressure is 4 to 13 mm Hg&lt;/detail&gt;&lt;detail&gt;Pulmonary capillary wedge pressure is 4 to 12 mm Hg&lt;/detail&gt;&lt;detail&gt;Right atrial pressure is 0 to 7 mm Hg&lt;/detail&gt;</NormalResults><WhatAbnormalResultsMean>&lt;text&gt;Abnormal results may be due to:&lt;/text&gt;&lt;detail&gt;Blood flow problems, such as heart failure or shock&lt;/detail&gt;&lt;detail&gt;Heart valve disease&lt;/detail&gt;&lt;detail&gt;Lung disease&lt;/detail&gt;&lt;detail&gt;Structural problems with the heart, such as a shunt from an atrial or  ventricular septal defect &lt;/detail&gt;</WhatAbnormalResultsMean><AlternativeNames>&lt;detail&gt;Right heart catheterization&lt;/detail&gt;&lt;detail&gt; Catheterization - right heart&lt;/detail&gt;</AlternativeNames><Images><value><img_name>Swan Ganz catheterization</img_name><img_url>https://medlineplus.gov/ency/images/ency/fullsize/18087.jpg</img_url></value></Images></item>
<item><title>Sugar-water hemolysis test</title><url>https://medlineplus.gov/ency/article/003673.htm</url><HowtoPreparefortheTest>&lt;text&gt;There is no special preparation needed for this test.&lt;/text&gt;</HowtoPreparefortheTest><WhytheTestisPerformed>&lt;text&gt;Your health care provider may recommend this test if you have signs or symptoms of  paroxysmal nocturnal hemoglobinuria  (PNH) or  hemolytic anemia  of unknown cause. Hemolytic anemia is a condition in which red blood cells die before they should. PNH red blood cells are very likely to be harmed by the body's complement system. The complement system is proteins that move through the bloodstream. These proteins work with the immune system.&lt;/text&gt;</WhytheTestisPerformed><NormalResults>&lt;text&gt;A normal test result is called a negative result. A normal result shows that less than 5% of red blood cells break down when tested. This breakdown is called hemolysis.&lt;/text&gt;&lt;text&gt;A negative test does not rule out PNH. False-negative results may occur if the fluid part of blood (serum) lacks complement. &lt;/text&gt;&lt;text&gt;Normal value ranges may vary slightly among different laboratories. Some labs use different measurements or test different samples. Talk to your provider about the meaning of your specific test results.&lt;/text&gt;</NormalResults><WhatAbnormalResultsMean>&lt;text&gt;A positive test result means the results are abnormal. In a positive test, more than 10% of red blood cells break down. It could indicate the person has PNH.&lt;/text&gt;&lt;text&gt;Certain conditions can make the test results appear positive (called "false positive"). These conditions are autoimmune hemolytic anemias and leukemia.&lt;/text&gt;</WhatAbnormalResultsMean><AlternativeNames>&lt;detail&gt;Sucrose hemolysis test&lt;/detail&gt;&lt;detail&gt; Hemolytic anemia sugar water hemolysis test&lt;/detail&gt;&lt;detail&gt; Paroxysmal nocturnal hemoglobinuria sugar water hemolysis test&lt;/detail&gt;&lt;detail&gt; PNH sugar water hemolysis test&lt;/detail&gt;</AlternativeNames></item>
<item><title>String test</title><url>https://medlineplus.gov/ency/article/003735.htm</url><HowtoPreparefortheTest>&lt;text&gt;You may be asked not to eat or drink anything for 12 hours before the test.&lt;/text&gt;</HowtoPreparefortheTest><WhytheTestisPerformed>&lt;text&gt;The test is performed when your health care provider suspects that you have a parasite infection. Usually a stool sample is tested first. A string test is done if the stool sample is negative. &lt;/text&gt;</WhytheTestisPerformed><NormalResults>&lt;text&gt;No blood, parasites, fungi, or abnormal cells is normal.&lt;/text&gt;&lt;text&gt;Normal value ranges may vary slightly among different laboratories. Talk to your provider about the meaning of your test results.&lt;/text&gt;</NormalResults><WhatAbnormalResultsMean>&lt;text&gt;Abnormal results may be a sign parasite infection such as  giardia .&lt;/text&gt;</WhatAbnormalResultsMean><AlternativeNames>&lt;detail&gt;Duodenal parasites test&lt;/detail&gt;&lt;detail&gt; Giardia - string test&lt;/detail&gt;</AlternativeNames><Images><value><img_name>Ascaris lumbricoides egg</img_name><img_url>https://medlineplus.gov/ency/images/ency/fullsize/2636.jpg</img_url></value><value><img_name>Gelatin capsule in stomach</img_name><img_url>https://medlineplus.gov/ency/images/ency/fullsize/9952.jpg</img_url></value></Images></item>
<item><title>Stress echocardiography</title><url>https://medlineplus.gov/ency/article/007150.htm</url><HowtoPreparefortheTest>&lt;text&gt;Ask your provider if you should take any of your routine medicines on the day of the test. Some medicines may interfere with test results. Never stop taking any medicine without first talking to your doctor.&lt;/text&gt;&lt;text&gt;It is important to tell your doctor if you have taken any of the following medicines within the past 24 hours (1 day):&lt;/text&gt;&lt;detail&gt;Sildenafil citrate (Viagra)&lt;/detail&gt;&lt;detail&gt;Tadalafil (Cialis)&lt;/detail&gt;&lt;detail&gt;Vardenafil (Levitra) &lt;/detail&gt;&lt;text&gt;DO NOT eat or drink for at least 3 hours before the test.&lt;/text&gt;&lt;text&gt;Wear loose, comfortable clothing. You will be asked to sign a consent form before the test.&lt;/text&gt;</HowtoPreparefortheTest><WhytheTestisPerformed>&lt;text&gt;The test is performed to see whether your heart muscle is getting enough blood flow and oxygen when it is working hard (under stress).&lt;/text&gt;&lt;text&gt;Your doctor may order this test if you:&lt;/text&gt;&lt;detail&gt;Have new symptoms of angina or chest pain&lt;/detail&gt;&lt;detail&gt;Have angina that is getting worse&lt;/detail&gt;&lt;detail&gt;Have recently had a heart attack&lt;/detail&gt;&lt;detail&gt;Are going to have surgery or begin an exercise program, if you are at high risk for heart disease&lt;/detail&gt;&lt;detail&gt;Have heart valve problems &lt;/detail&gt;&lt;text&gt;The results of this stress test can help your provider:&lt;/text&gt;&lt;detail&gt;Determine how well a heart treatment is working and change your treatment, if needed&lt;/detail&gt;&lt;detail&gt;Determine how well your heart is pumping&lt;/detail&gt;&lt;detail&gt;Diagnose coronary artery disease&lt;/detail&gt;&lt;detail&gt;See whether your heart is too large &lt;/detail&gt;</WhytheTestisPerformed><NormalResults>&lt;text&gt;A normal test will most often mean that you were able to exercise as long as or longer than most people of your age and gender. You also did not have symptoms or concerning changes in blood pressure and your ECG. Your heart pictures show that all parts of your heart respond to increased stress by pumping harder.&lt;/text&gt;&lt;text&gt;A normal result means that blood flow through the coronary arteries is probably normal.&lt;/text&gt;&lt;text&gt;The meaning of your test results depends on the reason for the test, your age, and your history of heart and other medical problems.&lt;/text&gt;</NormalResults><WhatAbnormalResultsMean>&lt;text&gt;Abnormal results may be due to:&lt;/text&gt;&lt;detail&gt;Reduced blood flow to a part of the heart. The most likely cause is a narrowing or blockage of the arteries that supply your heart muscle.&lt;/detail&gt;&lt;detail&gt;Scarring of the heart muscle due to a past heart attack.&lt;/detail&gt;&lt;img title="Developmental process of atherosclerosis" alt="Developmental process of atherosclerosis" src="//medlineplus.gov/ency/images/ency/fullsize/18020.jpg" class="img-e" itemprop="image"&gt;&lt;text&gt;After the test you may need:&lt;/text&gt;&lt;detail&gt; Angioplasty and stent placement &lt;/detail&gt;&lt;detail&gt;Changes in your heart medicines&lt;/detail&gt;&lt;detail&gt; Coronary angiography &lt;/detail&gt;&lt;detail&gt; Heart bypass surgery &lt;/detail&gt;</WhatAbnormalResultsMean><AlternativeNames>&lt;detail&gt;Echocardiography stress test&lt;/detail&gt;&lt;detail&gt; Stress test - echocardiography&lt;/detail&gt;&lt;detail&gt; CAD - stress echocardiography&lt;/detail&gt;&lt;detail&gt; Coronary artery disease - stress echocardiography&lt;/detail&gt;&lt;detail&gt; Chest pain - stress echocardiography&lt;/detail&gt;&lt;detail&gt; Angina - stress echocardiography&lt;/detail&gt;&lt;detail&gt; Heart disease - stress echocardiography&lt;/detail&gt;</AlternativeNames><Images><value><img_name>Heart, section through the middle</img_name><img_url>https://medlineplus.gov/ency/images/ency/fullsize/1056.jpg</img_url></value><value><img_name>Heart, front view</img_name><img_url>https://medlineplus.gov/ency/images/ency/fullsize/1097.jpg</img_url></value><value><img_name>Developmental process of atherosclerosis</img_name><img_url>https://medlineplus.gov/ency/images/ency/fullsize/18020.jpg</img_url></value></Images></item>
<item><title>Streptococcal screen</title><url>https://medlineplus.gov/ency/article/003745.htm</url><HowtoPreparefortheTest>&lt;text&gt;There is no special preparation. Tell your health care provider if you are taking antibiotics, or have recently taken them.&lt;/text&gt;</HowtoPreparefortheTest><WhytheTestisPerformed>&lt;text&gt;Your provider may recommend this test if you have signs of strep throat, which include:&lt;/text&gt;&lt;detail&gt;Fever&lt;/detail&gt;&lt;detail&gt;Sore throat&lt;/detail&gt;&lt;detail&gt;Tender and swollen glands at the front of your neck&lt;/detail&gt;&lt;detail&gt;White or yellow spots on your tonsils &lt;/detail&gt;</WhytheTestisPerformed><NormalResults>&lt;text&gt;A negative strep screen most often means group A streptococcus is not present. It is unlikely that you have strep throat.&lt;/text&gt;&lt;text&gt;If your provider still thinks that you may have strep throat, a  throat culture  will be done in children and adolescents.&lt;/text&gt;</NormalResults><WhatAbnormalResultsMean>&lt;text&gt;A positive strep screen most often means group A streptococcus is present, and confirms that you have strep throat.&lt;/text&gt;&lt;text&gt;Sometimes, the test may be positive even if you do not have strep. This is called a false-positive result.&lt;/text&gt;</WhatAbnormalResultsMean><AlternativeNames>&lt;detail&gt;Rapid strep test&lt;/detail&gt;</AlternativeNames><Images><value><img_name>Throat anatomy</img_name><img_url>https://medlineplus.gov/ency/images/ency/fullsize/1118.jpg</img_url></value><value><img_name>Throat swabs</img_name><img_url>https://medlineplus.gov/ency/images/ency/fullsize/9950.jpg</img_url></value></Images></item>
<item><title>Stool ova and parasites exam</title><url>https://medlineplus.gov/ency/article/003756.htm</url><WhytheTestisPerformed>&lt;text&gt;Your provider may order this test if you have signs of parasites,  diarrhea  that does not go away, or other intestinal symptoms.&lt;/text&gt;</WhytheTestisPerformed><NormalResults>&lt;text&gt;There are no parasites or eggs in the stool sample.&lt;/text&gt;&lt;text&gt;Talk to your provider about the meaning of your test results.&lt;/text&gt;</NormalResults><WhatAbnormalResultsMean>&lt;text&gt;An abnormal result means parasites or eggs are present in the stool. This is a sign of a parasitic infection, such as: &lt;/text&gt;&lt;detail&gt; Amebiasis &lt;/detail&gt;&lt;detail&gt; Giardiasis &lt;/detail&gt;&lt;detail&gt; Strongyloidiasis &lt;/detail&gt;&lt;detail&gt; Taeniasis &lt;/detail&gt;</WhatAbnormalResultsMean><AlternativeNames>&lt;detail&gt;Parasites and stool ova exam&lt;/detail&gt;&lt;detail&gt; Amebiasis - ova and parasites&lt;/detail&gt;&lt;detail&gt; Giardiasis - ova and parasites&lt;/detail&gt;&lt;detail&gt; Strongyloidiasis - ova and parasites&lt;/detail&gt;&lt;detail&gt; Taeniasis - ova and parasites&lt;/detail&gt;</AlternativeNames><Images><value><img_name>Lower digestive anatomy</img_name><img_url>https://medlineplus.gov/ency/images/ency/fullsize/8735.jpg</img_url></value></Images></item>
<item><title>Stool Gram stain</title><url>https://medlineplus.gov/ency/article/003757.htm</url><WhytheTestisPerformed>&lt;text&gt;Your provider may order this test to help diagnose an intestinal infection or illness, sometimes involving  diarrhea .&lt;/text&gt;</WhytheTestisPerformed><NormalResults>&lt;text&gt;A normal result means only normal or "friendly" bacteria were seen on the stained slide. Everyone has friendly bacteria in their intestines.&lt;/text&gt;&lt;text&gt;Normal value ranges may vary slightly among different laboratories. Talk to your provider about the meaning of your specific test results.&lt;/text&gt;</NormalResults><WhatAbnormalResultsMean>&lt;text&gt;An abnormal result means that an  intestinal infection  may be present. Stool cultures and other tests can also help diagnose the cause of the infection.&lt;/text&gt;</WhatAbnormalResultsMean><AlternativeNames>&lt;detail&gt;Gram stain of stool&lt;/detail&gt;&lt;detail&gt; Feces Gram stain&lt;/detail&gt;</AlternativeNames></item>
<item><title>Stool C difficile toxin</title><url>https://medlineplus.gov/ency/article/003590.htm</url><HowtoPreparefortheTest>&lt;text&gt;There are many ways to collect the samples. &lt;/text&gt;&lt;detail&gt;You can catch the stool on plastic wrap that is loosely placed over the toilet bowl and held in place by the toilet seat. Then you put the sample in a clean container. &lt;/detail&gt;&lt;detail&gt;A test kit is available that supplies a special toilet tissue that you use to collect the sample. After collecting the sample, you put it in a container.&lt;/detail&gt;&lt;text&gt;Do not mix urine, water, or toilet tissue with the sample.&lt;/text&gt;&lt;text&gt;For children wearing diapers:&lt;/text&gt;&lt;detail&gt;Line the diaper with plastic wrap. &lt;/detail&gt;&lt;detail&gt;Position the plastic wrap so that it will prevent urine and stool from mixing. This will provide a better sample.&lt;/detail&gt;</HowtoPreparefortheTest><WhytheTestisPerformed>&lt;text&gt;You may have this test if your health care provider thinks that  diarrhea  is caused by the antibiotic medicines you have taken recently. Antibiotics change the balance of bacteria in the colon. This sometimes leads to too much growth of C difficile.&lt;/text&gt;&lt;text&gt;Diarrhea caused by C difficile after antibiotic use often occurs in people who are in the hospital. It also can occur in people who have not recently taken antibiotics. This condition is called  pseudomembranous colitis .&lt;/text&gt;</WhytheTestisPerformed><NormalResults>&lt;text&gt;No C difficile toxin is detected.&lt;/text&gt;&lt;text&gt;Note: Normal value ranges may vary slightly among different laboratories. Talk to your provider about the meaning of your specific test results.&lt;/text&gt;</NormalResults><WhatAbnormalResultsMean>&lt;text&gt;Abnormal results mean that toxins produced by C difficile are seen in the stool and are causing diarrhea.&lt;/text&gt;</WhatAbnormalResultsMean><AlternativeNames>&lt;detail&gt;Antibiotic associated colitis - toxin&lt;/detail&gt;&lt;detail&gt; Colitis - toxin&lt;/detail&gt;&lt;detail&gt; Pseudomembranous - toxin&lt;/detail&gt;&lt;detail&gt; Necrotizing colitis - toxin&lt;/detail&gt;&lt;detail&gt; C difficile - toxin&lt;/detail&gt;</AlternativeNames><Images><value><img_name>Clostridium difficile organism</img_name><img_url>https://medlineplus.gov/ency/images/ency/fullsize/1051.jpg</img_url></value></Images></item>
<item><title>Stomach acid test</title><url>https://medlineplus.gov/ency/article/003883.htm</url><HowtoPreparefortheTest>&lt;text&gt;You will be asked not to eat or drink for 4 to 6 hours before the test.&lt;/text&gt;</HowtoPreparefortheTest><WhytheTestisPerformed>&lt;text&gt;Your health care provider may recommend this test for the following reasons:&lt;/text&gt;&lt;detail&gt;To check if anti-ulcer medicines are working&lt;/detail&gt;&lt;detail&gt;To check if material is coming back up from the small intestine&lt;/detail&gt;&lt;detail&gt;To test for the cause of  ulcers &lt;/detail&gt;</WhytheTestisPerformed><NormalResults>&lt;text&gt;The normal volume of the stomach fluid is 20 to 100 mL and the pH is acidic (1.5 to 3.5). These numbers are converted to actual acid production in units of milliequivalents per hour (mEq/hr) in some cases.&lt;/text&gt;&lt;text&gt;Note: Normal value ranges may vary slightly depending on the lab doing the test. Talk to your provider about the meaning of your specific test results.&lt;/text&gt;</NormalResults><WhatAbnormalResultsMean>&lt;text&gt;Abnormal results may indicate:&lt;/text&gt;&lt;detail&gt;Increased levels of gastrin can cause increased release of acid and may lead to ulcers ( Zollinger-Ellison syndrome ).&lt;/detail&gt;&lt;detail&gt;The presence of  bile  in the stomach indicates material is backing up from the small intestine ( duodenum ). This may be normal. It may also happen after part of the stomach is removed with surgery.&lt;/detail&gt;</WhatAbnormalResultsMean><AlternativeNames>&lt;detail&gt;Gastric acid secretion test&lt;/detail&gt;</AlternativeNames><Images><value><img_name>Stomach acid test</img_name><img_url>https://medlineplus.gov/ency/images/ency/fullsize/8938.jpg</img_url></value></Images></item>
<item><title>Standard eye exam</title><url>https://medlineplus.gov/ency/article/003434.htm</url><HowtoPreparefortheTest>&lt;text&gt;Make an appointment with an eye doctor (some take walk-in patients). Avoid eye strain on the day of the test. If you wear glasses or contacts, bring them with you. You may need someone to drive you home if the doctor uses eye drops to dilate your pupils.&lt;/text&gt;</HowtoPreparefortheTest><WhytheTestisPerformed>&lt;text&gt;All children should have vision screening in a pediatrician's or family practitioner's office around the time when they learn the alphabet, and then every 1 to 2 years afterward. Screening should begin sooner if any eye problems are suspected.&lt;/text&gt;&lt;text&gt;Between ages 20 and 39:&lt;/text&gt;&lt;detail&gt;   A complete eye exam should be done every 5 to 10 years   &lt;/detail&gt;&lt;detail&gt;   Adults who wear contact lenses need yearly eye exams   &lt;/detail&gt;&lt;detail&gt;   Certain eye symptoms or disorders may require more frequent exams   &lt;/detail&gt;&lt;text&gt;Adults over age 40 who have no risk factors or ongoing eye conditions should be screened:&lt;/text&gt;&lt;detail&gt;   Every 2 to 4 years for adults ages 40 to 54   &lt;/detail&gt;&lt;detail&gt;   Every 1 to 3 years for adults ages 55 to 64   &lt;/detail&gt;&lt;detail&gt;   Every 1 to 2 years for adults age 65 and older   &lt;/detail&gt;&lt;text&gt;Depending on your risk factors for eye diseases and your current symptoms or illnesses, your eye doctor may recommend that you have exams more often.&lt;/text&gt;&lt;text&gt;Eye and medical problems that can be found by a routine eye test include:&lt;/text&gt;&lt;detail&gt;Clouding of the lens of the eye ( cataracts )&lt;/detail&gt;&lt;detail&gt;   Diabetes   &lt;/detail&gt;&lt;detail&gt;   Glaucoma   &lt;/detail&gt;&lt;detail&gt; High blood pressure &lt;/detail&gt;&lt;detail&gt;Loss of sharp, central vision ( age-related macular degeneration , or ARMD)&lt;/detail&gt;</WhytheTestisPerformed><NormalResults>&lt;text&gt;Results of a routine eye exam are normal when the eye doctor finds you have:&lt;/text&gt;&lt;detail&gt;20/20 (normal) vision&lt;/detail&gt;&lt;detail&gt;Ability to identify different colors&lt;/detail&gt;&lt;detail&gt;Full visual field&lt;/detail&gt;&lt;detail&gt;Proper eye muscle coordination&lt;/detail&gt;&lt;detail&gt;Normal eye pressure&lt;/detail&gt;&lt;detail&gt;Normal eye structures (cornea, iris, lens) &lt;/detail&gt;</NormalResults><WhatAbnormalResultsMean>&lt;text&gt;Abnormal results may be due to any of the following:&lt;/text&gt;&lt;detail&gt;ARMD&lt;/detail&gt;&lt;detail&gt; Astigmatism  (abnormally curved cornea)&lt;/detail&gt;&lt;detail&gt; Blocked tear duct &lt;/detail&gt;&lt;detail&gt;Cataracts&lt;/detail&gt;&lt;detail&gt;Color blindness&lt;/detail&gt;&lt;detail&gt; Corneal abrasion  (or dystrophy)&lt;/detail&gt;&lt;detail&gt; Corneal ulcers and infections &lt;/detail&gt;&lt;detail&gt;Damaged nerves or blood vessels in the eye&lt;/detail&gt;&lt;detail&gt;Diabetes-related damage in the eye ( diabetic retinopathy )&lt;/detail&gt;&lt;detail&gt; Hyperopia  (farsightedness)&lt;/detail&gt;&lt;detail&gt;Glaucoma&lt;/detail&gt;&lt;detail&gt;Injury of the eye&lt;/detail&gt;&lt;detail&gt; Lazy eye  (amblyopia)&lt;/detail&gt;&lt;detail&gt; Myopia  (nearsightedness)&lt;/detail&gt;&lt;detail&gt; Presbyopia  (inability to focus on near objects that develops with age)&lt;/detail&gt;&lt;detail&gt; Strabismus  (crossed eyes)&lt;/detail&gt;&lt;text&gt;This list may not include all possible causes of abnormal results.&lt;/text&gt;</WhatAbnormalResultsMean><AlternativeNames>&lt;detail&gt;Standard ophthalmic exam&lt;/detail&gt;&lt;detail&gt; Routine eye examination&lt;/detail&gt;&lt;detail&gt; Eye exam - standard&lt;/detail&gt;&lt;detail&gt; Annual eye exam&lt;/detail&gt;</AlternativeNames><Images><value><img_name>Visual acuity test</img_name><img_url>https://medlineplus.gov/ency/images/ency/fullsize/1124.jpg</img_url></value><value><img_name>Visual field test</img_name><img_url>https://medlineplus.gov/ency/images/ency/fullsize/1143.jpg</img_url></value></Images></item>
<item><title>Sputum stain for mycobacteria</title><url>https://medlineplus.gov/ency/article/003724.htm</url><HowtoPreparefortheTest>&lt;text&gt;Drinking a lot of fluids the night before the test helps your lungs produce phlegm. It makes the test more accurate if it is done first thing in the morning.&lt;/text&gt;</HowtoPreparefortheTest><WhytheTestisPerformed>&lt;text&gt;The test is performed when the doctor suspects tuberculosis or other mycobacterium infection.&lt;/text&gt;</WhytheTestisPerformed><NormalResults>&lt;text&gt;Results are normal when no mycobacterial organisms are found.&lt;/text&gt;</NormalResults><WhatAbnormalResultsMean>&lt;text&gt;Abnormal results show that the stain is positive for:&lt;/text&gt;&lt;detail&gt;Mycobacterium tuberculosis&lt;/detail&gt;&lt;detail&gt;Mycobacterium avium-intracellular&lt;/detail&gt;&lt;detail&gt;Other mycobacteria or acid-fast bacteria&lt;/detail&gt;</WhatAbnormalResultsMean><AlternativeNames>&lt;detail&gt;Acid fast bacilli stain&lt;/detail&gt;&lt;detail&gt; AFB stain&lt;/detail&gt;&lt;detail&gt; Tuberculosis smear&lt;/detail&gt;&lt;detail&gt; TB smear&lt;/detail&gt;</AlternativeNames><Images><value><img_name>Sputum test</img_name><img_url>https://medlineplus.gov/ency/images/ency/fullsize/9945.jpg</img_url></value></Images></item>
<item><title>Sputum Gram stain</title><url>https://medlineplus.gov/ency/article/003765.htm</url><HowtoPreparefortheTest>&lt;text&gt;Drinking a lot of fluids the night before the test helps your lungs produce phlegm. It makes the test more accurate if it is done first thing in the morning.&lt;/text&gt;</HowtoPreparefortheTest><WhytheTestisPerformed>&lt;text&gt;Your health care provider may order this test if you have a persistent or prolonged cough, or if you are coughing up material that has a foul odor or unusual color. The test may also be done if you have other signs and symptoms of respiratory disease or infection.&lt;/text&gt;</WhytheTestisPerformed><NormalResults>&lt;text&gt;A normal result means that few to no white blood cells and no bacteria were seen in the sample. The sputum is clear, thin, and odorless.&lt;/text&gt;</NormalResults><WhatAbnormalResultsMean>&lt;text&gt;An abnormal result means that bacteria is seen in the test sample. You may have a bacterial infection. A culture is needed to confirm the diagnosis.&lt;/text&gt;</WhatAbnormalResultsMean><AlternativeNames>&lt;detail&gt;Gram stain of sputum&lt;/detail&gt;</AlternativeNames><Images><value><img_name>Sputum test</img_name><img_url>https://medlineplus.gov/ency/images/ency/fullsize/9945.jpg</img_url></value></Images></item>
<item><title>Sputum fungal smear </title><url>https://medlineplus.gov/ency/article/003736.htm</url><HowtoPreparefortheTest>&lt;text&gt;There is no special preparation.&lt;/text&gt;</HowtoPreparefortheTest><WhytheTestisPerformed>&lt;text&gt;Your health care provider may order this test if you have symptoms or signs of a lung infection, such as if you have a weakened immune system due to certain medicines or diseases such as cancer or HIV/AIDS. &lt;/text&gt;</WhytheTestisPerformed><NormalResults>&lt;text&gt;A normal (negative) result means no fungus was seen in the test sample. &lt;/text&gt;&lt;text&gt;Some labs use different measurements or test different samples. Talk to your doctor about the meaning of your specific test results.&lt;/text&gt;</NormalResults><WhatAbnormalResultsMean>&lt;text&gt;Abnormal results may be a sign of a fungal infection. Such infections include:&lt;/text&gt;&lt;detail&gt; Aspergillosis &lt;/detail&gt;&lt;detail&gt; Blastomycosis &lt;/detail&gt;&lt;detail&gt; Coccidioidomycosis &lt;/detail&gt;&lt;detail&gt; Cryptococcosis &lt;/detail&gt;&lt;detail&gt; Histoplasmosis &lt;/detail&gt;</WhatAbnormalResultsMean><AlternativeNames>&lt;detail&gt;KOH test&lt;/detail&gt;&lt;detail&gt; Fungal smear - sputum&lt;/detail&gt;&lt;detail&gt; Fungal wet prep&lt;/detail&gt;&lt;detail&gt; Wet prep - fungal&lt;/detail&gt;</AlternativeNames><Images><value><img_name>Sputum test</img_name><img_url>https://medlineplus.gov/ency/images/ency/fullsize/9946.jpg</img_url></value></Images></item>
<item><title>Sputum direct fluorescent antibody (DFA) test</title><url>https://medlineplus.gov/ency/article/003553.htm</url><HowtoPreparefortheTest>&lt;text&gt;If coughing does not produce sputum, a breathing treatment may be given before the test to trigger sputum production.&lt;/text&gt;</HowtoPreparefortheTest><WhytheTestisPerformed>&lt;text&gt;Your doctor may order this test if you have signs of certain lung infections.&lt;/text&gt;</WhytheTestisPerformed><NormalResults>&lt;text&gt;Normally, there is no antigen-antibody reaction.&lt;/text&gt;</NormalResults><WhatAbnormalResultsMean>&lt;text&gt;Abnormal results may be due to an infection such as:&lt;/text&gt;&lt;detail&gt; Legionnaire disease &lt;/detail&gt;&lt;detail&gt; Pneumonia  due to certain bacteria&lt;/detail&gt;</WhatAbnormalResultsMean><AlternativeNames>&lt;detail&gt;Direct immunofluorescence test&lt;/detail&gt;&lt;detail&gt; Direct fluorescent antibody - sputum&lt;/detail&gt;</AlternativeNames></item>
<item><title>Sodium urine test</title><url>https://medlineplus.gov/ency/article/003599.htm</url><HowtoPreparefortheTest>&lt;text&gt;Your provider will ask you to temporarily stop taking any medicines that may affect the test result. Tell your provider about all the medicines you take, including:&lt;/text&gt;&lt;detail&gt;Corticosteroids&lt;/detail&gt;&lt;detail&gt;Nonsteroidal anti-inflammatory drugs (NSAIDs)&lt;/detail&gt;&lt;detail&gt;Prostaglandins (used to treat conditions such as glaucoma or stomach ulcers)&lt;/detail&gt;&lt;detail&gt;Water pills (diuretics) &lt;/detail&gt;&lt;text&gt;DO NOT stop taking any medicine before talking to your provider. &lt;/text&gt;</HowtoPreparefortheTest><WhytheTestisPerformed>&lt;text&gt;The test is often used to help determine the cause of an abnormal sodium blood level. It also checks whether your kidneys are removing sodium from the body. It may be used to diagnose or monitor many types of kidney diseases.&lt;/text&gt;</WhytheTestisPerformed><NormalResults>&lt;text&gt;For adults, normal urine sodium values are generally 20 mEq/L in a random urine sample and 40 to 220 mEq/L per day. Your result depends on how much fluid and salt you take in.&lt;/text&gt;&lt;text&gt;The examples above are common measurements for results of these tests. Normal value ranges may vary slightly among different laboratories. Some labs use different measurements or test different samples. Talk to your provider about the meaning of your specific test result.&lt;/text&gt;</NormalResults><WhatAbnormalResultsMean>&lt;text&gt;A higher than normal urine sodium level may be due to:&lt;/text&gt;&lt;detail&gt;Certain medicines, such as water pills (diuretics)&lt;/detail&gt;&lt;detail&gt;Low function of the  adrenal glands &lt;/detail&gt;&lt;detail&gt;Inflammation of the kidney that results in salt loss (salt-losing nephropathy)&lt;/detail&gt;&lt;detail&gt;Too much salt in the diet &lt;/detail&gt;&lt;text&gt;A lower than normal urine sodium level may be a sign of:&lt;/text&gt;&lt;detail&gt;   Adrenal glands releasing too much hormone ( hyperaldosteronism )&lt;/detail&gt;&lt;detail&gt;Not enough fluid in the body (dehydration)&lt;/detail&gt;&lt;detail&gt;Diarrhea and fluid loss&lt;/detail&gt;&lt;detail&gt; Heart failure &lt;/detail&gt;&lt;detail&gt;Kidney problems, such as long-term (chronic) kidney disease or  kidney failure &lt;/detail&gt;&lt;detail&gt;Scarring of the liver ( cirrhosis ) &lt;/detail&gt;</WhatAbnormalResultsMean><AlternativeNames>&lt;detail&gt;Urinary 24 hours sodium&lt;/detail&gt;&lt;detail&gt; Urine Na+&lt;/detail&gt;</AlternativeNames><Images><value><img_name>Male urinary system</img_name><img_url>https://medlineplus.gov/ency/images/ency/fullsize/10022.jpg</img_url></value></Images></item>
<item><title>Sodium blood test</title><url>https://medlineplus.gov/ency/article/003481.htm</url><HowtoPreparefortheTest>&lt;text&gt;Your health care provider may tell you to temporarily stop taking medicines that may affect the test. These include:&lt;/text&gt;&lt;detail&gt;Antibiotics&lt;/detail&gt;&lt;detail&gt;Antidepressants&lt;/detail&gt;&lt;detail&gt;Some high blood pressure medicines&lt;/detail&gt;&lt;detail&gt;Lithium&lt;/detail&gt;&lt;detail&gt;Nonsteroidal anti-inflammatory drugs (NSAIDs)&lt;/detail&gt;&lt;detail&gt;Water pills (diuretics)&lt;/detail&gt;&lt;text&gt;DO NOT stop taking any medicine before talking to your provider.&lt;/text&gt;</HowtoPreparefortheTest><WhytheTestisPerformed>&lt;text&gt;Sodium is a substance that the body needs to work properly. Sodium is found in most foods. The most common form of sodium is sodium chloride, which is table salt. &lt;/text&gt;&lt;text&gt;This test is usually done as part of an  electrolyte or basic metabolic panel blood test . &lt;/text&gt;&lt;text&gt;Your blood sodium level represents a balance between the sodium and water in the food and drinks you consume and the amount in your urine. A small amount is lost through stool and sweat. &lt;/text&gt;&lt;text&gt;Many things can affect this balance. Your provider may order this test if you:&lt;/text&gt;&lt;detail&gt;Have had a recent injury, surgery, or serious illness&lt;/detail&gt;&lt;detail&gt;Consume large or small amounts of salt or fluid&lt;/detail&gt;&lt;detail&gt;Receive intravenous (IV) fluids&lt;/detail&gt;&lt;detail&gt;Take diuretics (water pills) or certain other medicines, including the hormone aldosterone &lt;/detail&gt;</WhytheTestisPerformed><NormalResults>&lt;text&gt;The normal range for blood sodium levels is 135 to 145 milliequivalents per liter (mEq/L).&lt;/text&gt;&lt;text&gt;Normal value ranges may vary slightly among different laboratories. Some labs use different measurements or test different samples. Talk to your provider about the meaning of your specific test results.&lt;/text&gt;</NormalResults><WhatAbnormalResultsMean>&lt;text&gt;An abnormal sodium level can be due to many different conditions. &lt;/text&gt;&lt;text&gt;Higher than normal sodium level is called hypernatremia. It may be due to:&lt;/text&gt;&lt;detail&gt;Increased fluid loss due to excessive sweating, diarrhea, burns, or use of diuretics&lt;/detail&gt;&lt;detail&gt;Adrenal gland problems such as  Cushing syndrome  or  hyperaldosteronism &lt;/detail&gt;&lt;detail&gt; Diabetes insipidus  (type of diabetes in which kidneys are not able to conserve water)&lt;/detail&gt;&lt;detail&gt;Too much salt or sodium bicarbonate in the diet&lt;/detail&gt;&lt;detail&gt;Use of certain medicines, including corticosteroids, laxatives, lithium, and medicines such as ibuprofen or naproxen &lt;/detail&gt;&lt;text&gt;Lower than normal sodium level is called hyponatremia. It may be due to:&lt;/text&gt;&lt;detail&gt;Use of medicines such as diuretics (water pills), morphine, and selective serotonin reuptake inhibitor (SSRI) antidepressants&lt;/detail&gt;&lt;detail&gt;Increased fluid loss from body, vomiting, or diarrhea&lt;/detail&gt;&lt;detail&gt;Increase in total body water seen in those with heart failure, certain kidney diseases, or cirrhosis of the liver&lt;/detail&gt;&lt;detail&gt;Adrenal glands not making enough of their hormones ( Addison disease )&lt;/detail&gt;&lt;detail&gt;Buildup in urine of waste product from fat breakdown (ketonuria)&lt;/detail&gt;&lt;detail&gt; Syndrome of inappropriate antidiuretic hormone secretion  (antidiuretic hormone is released from an abnormal place in the body)&lt;/detail&gt;&lt;detail&gt;Too much of the hormone vasopressin &lt;/detail&gt;</WhatAbnormalResultsMean><AlternativeNames>&lt;detail&gt;Serum sodium&lt;/detail&gt;&lt;detail&gt; Sodium - serum&lt;/detail&gt;</AlternativeNames><Images><value><img_name>Blood test</img_name><img_url>https://medlineplus.gov/ency/images/ency/fullsize/10026.jpg</img_url></value></Images></item>
<item><title>Smear of duodenal fluid aspirate</title><url>https://medlineplus.gov/ency/article/003729.htm</url><HowtoPreparefortheTest>&lt;text&gt;Do not eat or drink anything for 12 hours before the test.&lt;/text&gt;</HowtoPreparefortheTest><WhytheTestisPerformed>&lt;text&gt;The test is done to look for infection of the small bowel. However, it is not often needed. In most cases, this test is only done when a diagnosis cannot be made with other tests. &lt;/text&gt;</WhytheTestisPerformed><NormalResults>&lt;text&gt;There should be no disease-causing organisms in the duodenum. Normal value ranges may vary slightly among different laboratories. Talk to your provider about the meaning of your specific test results.&lt;/text&gt;</NormalResults><WhatAbnormalResultsMean>&lt;text&gt;The results may show the presence of giardia protozoa, the intestinal parasite strongyloides, or another infectious organism.&lt;/text&gt;</WhatAbnormalResultsMean><AlternativeNames>&lt;detail&gt;Duodenal aspirated fluid smear&lt;/detail&gt;</AlternativeNames><Images><value><img_name>Duodenum tissue smear</img_name><img_url>https://medlineplus.gov/ency/images/ency/fullsize/9281.jpg</img_url></value></Images></item>
<item><title>Small intestine aspirate and culture</title><url>https://medlineplus.gov/ency/article/003731.htm</url><WhytheTestisPerformed>&lt;text&gt;Your health care provider may order this test if you have signs of too much bacteria growing in the intestinal tract. In most cases, other tests are done first.&lt;/text&gt;&lt;text&gt;Normally, small amounts of bacteria are present in the small intestine and they do not cause disease. However, the test may be done when your doctor suspects that excess growth of intestinal bacteria is causing diarrhea.&lt;/text&gt;</WhytheTestisPerformed><NormalResults>&lt;text&gt;No bacteria should be found.&lt;/text&gt;&lt;text&gt;Normal value ranges may vary slightly among different laboratories. Talk to your provider about the meaning of your specific test results.&lt;/text&gt;</NormalResults><WhatAbnormalResultsMean>&lt;text&gt;Abnormal results may be a sign of infection.&lt;/text&gt;</WhatAbnormalResultsMean><Images><value><img_name>Duodenal tissue culture</img_name><img_url>https://medlineplus.gov/ency/images/ency/fullsize/9280.jpg</img_url></value></Images></item>
<item><title>Small bowel tissue smear</title><url>https://medlineplus.gov/ency/article/003732.htm</url><HowtoPreparefortheTest>&lt;text&gt;You will need to have an EGD procedure for the sample to be taken. Prepare for this procedure in the way your health care provider recommends.&lt;/text&gt;</HowtoPreparefortheTest><WhytheTestisPerformed>&lt;text&gt;Your provider may order this test to look for an infection or other disease of the small intestine. In most cases, this test is done only when a diagnosis could not be made using stool and blood tests.&lt;/text&gt;</WhytheTestisPerformed><NormalResults>&lt;text&gt;A normal result means that there were no indicators of disease when the sample was examined under the microscope.&lt;/text&gt;&lt;text&gt;The small intestine normally contains certain healthy bacteria and yeast. Their presence is not a sign of disease.&lt;/text&gt;&lt;text&gt;Normal value ranges may vary slightly among different laboratories. Talk to your provider about the meaning of your specific test results.&lt;/text&gt;</NormalResults><WhatAbnormalResultsMean>&lt;text&gt;An abnormal result means that certain microorganisms, such as the parasites giardia or strongyloides were seen in the tissue sample. It may also mean that there were changes in the structure (anatomy) of the tissue.&lt;/text&gt;</WhatAbnormalResultsMean><Images><value><img_name>Small intestine tissue sample</img_name><img_url>https://medlineplus.gov/ency/images/ency/fullsize/9927.jpg</img_url></value></Images></item>
<item><title>Slit-lamp exam</title><url>https://medlineplus.gov/ency/article/003880.htm</url><HowtoPreparefortheTest>&lt;text&gt;No special preparation is needed for this test.&lt;/text&gt;</HowtoPreparefortheTest><WhytheTestisPerformed>&lt;text&gt;This test is used to examine the: &lt;/text&gt;&lt;detail&gt; Conjunctiva  (the thin membrane that covers the inner surface of the eyelid and the white part of the eyeball)&lt;/detail&gt;&lt;detail&gt;Cornea (the clear outer lens on the front of the eye)&lt;/detail&gt;&lt;detail&gt;Eyelids&lt;/detail&gt;&lt;detail&gt; Iris  (colored part of the eye between the cornea and lens)&lt;/detail&gt;&lt;detail&gt;Lens&lt;/detail&gt;&lt;detail&gt; Sclera  (the white outer coating of the eye)&lt;/detail&gt;</WhytheTestisPerformed><NormalResults>&lt;text&gt;Structures in the eye are found to be normal.&lt;/text&gt;</NormalResults><WhatAbnormalResultsMean>&lt;text&gt;The slit lamp exam may detect many diseases of the eye, including:&lt;/text&gt;&lt;detail&gt;Clouding of the lens of the eye ( cataract )&lt;/detail&gt;&lt;detail&gt; Injury to the cornea &lt;/detail&gt;&lt;detail&gt; Dry eye syndrome &lt;/detail&gt;&lt;detail&gt;Loss of sharp vision due to  macular degeneration &lt;/detail&gt;&lt;detail&gt;Separation of the retina from its supporting layers ( retinal detachment )&lt;/detail&gt;&lt;detail&gt;Blockage in a small artery or vein that carries blood to or from the retina ( retinal vessel occlusion )&lt;/detail&gt;&lt;detail&gt;Inherited degeneration of the retina ( retinitis pigmentosa )&lt;/detail&gt;&lt;detail&gt;Swelling and irritation of the uvea ( uveitis ), the middle layer of the eye &lt;/detail&gt;&lt;text&gt;This list does not include all possible diseases of the eye.&lt;/text&gt;</WhatAbnormalResultsMean><AlternativeNames>&lt;detail&gt;Biomicroscopy&lt;/detail&gt;</AlternativeNames><Images><value><img_name>Eye</img_name><img_url>https://medlineplus.gov/ency/images/ency/fullsize/1094.jpg</img_url></value><value><img_name>Slit-lamp exam</img_name><img_url>https://medlineplus.gov/ency/images/ency/fullsize/1140.jpg</img_url></value><value><img_name>Eye lens anatomy</img_name><img_url>https://medlineplus.gov/ency/images/ency/fullsize/8785.jpg</img_url></value></Images></item>
<item><title>Skull x-ray</title><url>https://medlineplus.gov/ency/article/003802.htm</url><HowtoPreparefortheTest>&lt;text&gt;Tell the health care provider if you are pregnant or think you are pregnant. Remove all jewelry.&lt;/text&gt;</HowtoPreparefortheTest><WhytheTestisPerformed>&lt;text&gt;Your doctor may order this x-ray if you have injured your skull. You may also have this x-ray if you have symptoms or signs of a structural problem inside the skull, such as a tumor or bleeding.&lt;/text&gt;&lt;text&gt;A skull x-ray is also used to evaluate an unusually shaped child's head.&lt;/text&gt;&lt;text&gt;Other conditions for which the test may be performed include:&lt;/text&gt;&lt;detail&gt;Teeth are not aligned properly ( malocclusion of teeth )&lt;/detail&gt;&lt;detail&gt;Infection of the mastoid bone ( mastoiditis )&lt;/detail&gt;&lt;detail&gt; Occupational hearing loss &lt;/detail&gt;&lt;detail&gt;Middle ear infection ( otitis media )&lt;/detail&gt;&lt;detail&gt;Abnormal bone growth in the middle ear that causes hearing loss ( otosclerosis )&lt;/detail&gt;&lt;detail&gt; Pituitary tumor &lt;/detail&gt;&lt;detail&gt;Sinus infection ( sinusitis ) &lt;/detail&gt;&lt;text&gt;Sometimes skull x-rays are used to screen for foreign bodies that may interfere with other tests, such as an  MRI scan .&lt;/text&gt;&lt;text&gt;A CT scan of the head is usually preferred to a skull x-ray to evaluate most head injuries or brain disorders. Skull x-rays are rarely used as the main test to diagnose such conditions. &lt;/text&gt;</WhytheTestisPerformed><WhatAbnormalResultsMean>&lt;text&gt;Abnormal results may be due to:&lt;/text&gt;&lt;detail&gt;Fracture&lt;/detail&gt;&lt;detail&gt;Tumor&lt;/detail&gt;&lt;detail&gt;Breakdown ( erosion ) or calcium loss of the bone&lt;/detail&gt;&lt;detail&gt;Movement of the soft tissues inside the skull &lt;/detail&gt;&lt;text&gt;A skull x-ray may detect  increased intracranial pressure  and unusual skull structures that are present at birth (congenital).&lt;/text&gt;</WhatAbnormalResultsMean><AlternativeNames>&lt;detail&gt;X-ray - head&lt;/detail&gt;&lt;detail&gt; X-ray - skull&lt;/detail&gt;&lt;detail&gt; Skull radiography&lt;/detail&gt;&lt;detail&gt; Head x-ray&lt;/detail&gt;</AlternativeNames><Images><value><img_name>X-ray</img_name><img_url>https://medlineplus.gov/ency/images/ency/fullsize/1057.jpg</img_url></value><value><img_name>Skull of an adult</img_name><img_url>https://medlineplus.gov/ency/images/ency/fullsize/1735.jpg</img_url></value></Images></item>
<item><title>Skin lesion KOH exam</title><url>https://medlineplus.gov/ency/article/003761.htm</url><HowtoPreparefortheTest>&lt;text&gt;There is no special preparation for the test.&lt;/text&gt;</HowtoPreparefortheTest><WhytheTestisPerformed>&lt;text&gt;This test is done to diagnose a fungal infection of the skin.&lt;/text&gt;</WhytheTestisPerformed><NormalResults>&lt;text&gt;No fungus is present.&lt;/text&gt;</NormalResults><WhatAbnormalResultsMean>&lt;text&gt;Fungus is present. The fungus may be related to  ringworm ,  athlete's foot ,  jock itch , or another fungal infection.&lt;/text&gt;&lt;text&gt;If the results are uncertain, a  skin biopsy  may need to be done.&lt;/text&gt;</WhatAbnormalResultsMean><AlternativeNames>&lt;detail&gt;Potassium hydroxide examination of skin lesion&lt;/detail&gt;</AlternativeNames><Images><value><img_name>Tinea (ringworm)</img_name><img_url>https://medlineplus.gov/ency/images/ency/fullsize/8957.jpg</img_url></value></Images></item>
<item><title>Skin lesion biopsy</title><url>https://medlineplus.gov/ency/article/003840.htm</url><HowtoPreparefortheTest>&lt;text&gt;Tell your provider:&lt;/text&gt;&lt;detail&gt;About the medicines you are taking, including vitamins and supplements, herbal remedies, and over-the-counter medicines&lt;/detail&gt;&lt;detail&gt;If you have any  allergies &lt;/detail&gt;&lt;detail&gt;If you have  bleeding  problems or take a blood thinner drug such as aspirin, warfarin, clopidogrel, dabigatran, apixaban, or other drugs&lt;/detail&gt;&lt;detail&gt;If you are or think you might be pregnant&lt;/detail&gt;&lt;text&gt;Follow your provider's instructions on how to prepare for the biopsy.&lt;/text&gt;</HowtoPreparefortheTest><WhytheTestisPerformed>&lt;text&gt;Your provider may order a skin biopsy:&lt;/text&gt;&lt;detail&gt;To diagnose the cause of a skin rash&lt;/detail&gt;&lt;detail&gt;To make sure a skin growth or skin lesion is not  skin cancer &lt;br&gt;&lt;/detail&gt;</WhytheTestisPerformed><NormalResults>&lt;text&gt;The tissue that was removed is examined under a microscope. Results are most often returned in a few days to a week or more.&lt;/text&gt;&lt;text&gt;If a skin lesion is benign (not cancer), you may not need any further treatment. If the whole skin lesion was not removed at the time of biopsy, you and your provider may decide to completely remove it.&lt;br&gt;&lt;/text&gt;</NormalResults><WhatAbnormalResultsMean>&lt;text&gt;Once the biopsy confirms the diagnosis, your provider will start a treatment plan. A few of the skin problems that may be diagnosed are:&lt;/text&gt;&lt;detail&gt; Psoriasis  or dermatitis&lt;/detail&gt;&lt;detail&gt;Infection from bacteria or fungus&lt;/detail&gt;&lt;detail&gt; Melanoma &lt;/detail&gt;&lt;detail&gt; Basal cell skin cancer &lt;/detail&gt;&lt;detail&gt; Squamous cell skin cancer &lt;/detail&gt;</WhatAbnormalResultsMean><AlternativeNames>&lt;detail&gt;Skin biopsy&lt;/detail&gt;&lt;detail&gt; Shave biopsy - skin&lt;/detail&gt;&lt;detail&gt; Punch biopsy - skin&lt;/detail&gt;&lt;detail&gt; Excisional biopsy - skin&lt;/detail&gt;&lt;detail&gt; Incisional biopsy - skin&lt;/detail&gt;&lt;detail&gt; Skin cancer - biopsy&lt;/detail&gt;&lt;detail&gt; Melanoma - biopsy&lt;/detail&gt;&lt;detail&gt; Squamous cell cancer - biopsy&lt;/detail&gt;&lt;detail&gt; Basal cell cancer - biopsy&lt;/detail&gt;&lt;detail&gt; Mohs microsurgery&lt;/detail&gt;</AlternativeNames><Images><value><img_name>Basal Cell Carcinoma - close-up</img_name><img_url>https://medlineplus.gov/ency/images/ency/fullsize/3188.jpg</img_url></value><value><img_name>Melanoma - neck</img_name><img_url>https://medlineplus.gov/ency/images/ency/fullsize/3200.jpg</img_url></value><value><img_name>Skin</img_name><img_url>https://medlineplus.gov/ency/images/ency/fullsize/19679.jpg</img_url></value></Images></item>
<item><title>Sinus x-ray</title><url>https://medlineplus.gov/ency/article/003803.htm</url><HowtoPreparefortheTest>&lt;text&gt;Tell the doctor or x-ray technologist if you are or think you are pregnant. You will be asked to remove all jewelry. You may be asked to change into a gown.&lt;/text&gt;</HowtoPreparefortheTest><WhytheTestisPerformed>&lt;text&gt;The sinuses are located behind the forehead, nasal bones, cheeks, and eyes. When the sinus openings become blocked or too much mucus builds up, bacteria and other germs can grow. This can lead to an infection and inflammation of the sinuses called  sinusitis .&lt;/text&gt;&lt;text&gt;A sinus x-ray is ordered when you have any of the following:&lt;/text&gt;&lt;detail&gt;Symptoms of sinusitis&lt;/detail&gt;&lt;detail&gt;Other sinus disorders, such as a deviated septum (crooked or bent septum, the structure that separates the nostrils)&lt;/detail&gt;&lt;detail&gt;Symptoms of another infection of that area of the head&lt;/detail&gt;&lt;text&gt;These days, a sinus x-ray is not often ordered. This is because a  CT scan of the sinuses  shows more detail.&lt;/text&gt;</WhytheTestisPerformed><WhatAbnormalResultsMean>&lt;text&gt;The x-ray may detect an infection, blockages, bleeding or tumors.&lt;/text&gt;</WhatAbnormalResultsMean><AlternativeNames>&lt;detail&gt;Paranasal sinus radiography&lt;/detail&gt;&lt;detail&gt; X-ray - sinuses&lt;/detail&gt;</AlternativeNames><Images><value><img_name>Sinuses</img_name><img_url>https://medlineplus.gov/ency/images/ency/fullsize/1108.jpg</img_url></value></Images></item>
<item><title>Sinus MRI scan</title><url>https://medlineplus.gov/ency/article/007356.htm</url><HowtoPreparefortheTest>&lt;text&gt;Before the test, tell the radiologist if you have kidney problems. This may affect whether you can have IV contrast.&lt;/text&gt;&lt;text&gt;If you fear confined spaces (have claustrophobia), tell your doctor before the exam. You may be given a medicine to help you feel sleepy and less anxious. Your health care provider may also recommend an "open" MRI, in which the machine is not as close to the body.&lt;/text&gt;&lt;text&gt;The strong magnetic fields created during an MRI can interfere with pacemakers and other implants. People with most cardiac pacemakers cannot have an MRI and should not enter an MRI area.&lt;/text&gt;&lt;text&gt;You may not be able to have an MRI if you have any of the following metallic objects in your body:&lt;/text&gt;&lt;detail&gt;Brain aneurysm clips&lt;/detail&gt;&lt;detail&gt;Certain types of artificial heart valves&lt;/detail&gt;&lt;detail&gt;Heart defibrillator or pacemaker&lt;/detail&gt;&lt;detail&gt;Inner ear (cochlear) implants&lt;/detail&gt;&lt;detail&gt;Recently placed artificial joints&lt;/detail&gt;&lt;detail&gt;Certain types of vascular stents&lt;/detail&gt;&lt;detail&gt;Pain pumps&lt;/detail&gt;&lt;text&gt;Tell your provider if you have one of these devices when scheduling the test, so the exact type of metal can be determined.&lt;/text&gt;&lt;text&gt;Before an MRI, sheet metal workers or people that may have been exposed to small metal fragments should receive a skull x-ray. This is to check for metal in the eyes.&lt;/text&gt;&lt;text&gt;Because the MRI contains a magnet, metal-containing objects such as pens, pocketknives, and eyeglasses may fly across the room. This can be dangerous, so they are not allowed into the scanner area.&lt;/text&gt;&lt;text&gt;Other metallic objects are also not allowed into the room:&lt;/text&gt;&lt;detail&gt;Items such as jewelry, watches, credit cards, and hearing aids can be damaged.&lt;/detail&gt;&lt;detail&gt;Pins, hairpins, metal zippers, and similar metallic items can distort the images.&lt;/detail&gt;&lt;detail&gt;Removable dental work should be taken out just before the scan.&lt;/detail&gt;</HowtoPreparefortheTest><WhytheTestisPerformed>&lt;text&gt;This test provides detailed pictures of the sinuses. Your doctor may order this test if you have:&lt;/text&gt;&lt;detail&gt;Abnormal nasal drainage&lt;/detail&gt;&lt;detail&gt;An abnormal finding on an x-ray or nasal endoscopy&lt;/detail&gt;&lt;detail&gt;Birth defect of the sinuses&lt;/detail&gt;&lt;detail&gt; Loss of smell &lt;/detail&gt;&lt;detail&gt;Nasal airway blockage that does not get better with treatment&lt;/detail&gt;&lt;detail&gt;Repeated bloody noses ( epistaxis )&lt;/detail&gt;&lt;detail&gt;Signs of injury to the sinus area&lt;/detail&gt;&lt;detail&gt;Unexplained headaches&lt;/detail&gt;&lt;detail&gt;Unexplained sinus pain that does not get better with treatment &lt;/detail&gt;&lt;text&gt;Your provider may also order this test to:&lt;/text&gt;&lt;detail&gt;Determine if nasal polyps have spread beyond the nose area&lt;/detail&gt;&lt;detail&gt;Evaluate an infection or abscess&lt;/detail&gt;&lt;detail&gt;Identify a mass or tumor, including cancer&lt;/detail&gt;&lt;detail&gt;Plan sinus surgery or monitor your progress after surgery &lt;/detail&gt;</WhytheTestisPerformed><NormalResults>&lt;text&gt;Results are considered normal if the organs and structures being examined are normal in appearance.&lt;/text&gt;</NormalResults><WhatAbnormalResultsMean>&lt;text&gt;Different types of tissues send back different MRI signals. Healthy tissue will send back a slightly different signal than cancerous tissue.&lt;/text&gt;&lt;text&gt;Abnormal results may be due to:&lt;/text&gt;&lt;detail&gt;Cancer or tumor&lt;/detail&gt;&lt;detail&gt;Infection in the bones of the sinuses (osteomyelitis)&lt;/detail&gt;&lt;detail&gt;Infection of the tissues surrounding the eye (orbital cellulitis)&lt;/detail&gt;&lt;detail&gt;Nasal polyps&lt;/detail&gt;&lt;detail&gt;Sinusitis -- acute&lt;/detail&gt;&lt;detail&gt;Sinusitis -- chronic&lt;/detail&gt;&lt;text&gt;Talk to your provider if you have questions and concerns.&lt;/text&gt;</WhatAbnormalResultsMean><AlternativeNames>&lt;detail&gt;MRI of the sinuses&lt;/detail&gt;&lt;detail&gt; Magnetic resonance imaging - sinuses&lt;/detail&gt;&lt;detail&gt; Maxillary sinus MRI&lt;/detail&gt;</AlternativeNames></item>
<item><title>Sinus CT scan</title><url>https://medlineplus.gov/ency/article/007349.htm</url><HowtoPreparefortheTest>&lt;text&gt;For some tests, you will need to have a special dye, called contrast, to be delivered into the body before the test starts. Contrast helps certain areas show up better on the x-rays. &lt;/text&gt;&lt;detail&gt;Contrast can be given through a vein (IV) in your hand or forearm. If contrast is used, you may also be asked not to eat or drink anything for 4 to 6 hours before the test.&lt;/detail&gt;&lt;detail&gt;Let your health care provider know if you have ever had a reaction to contrast. You may need to take medicines before the test in order to safely receive this substance.&lt;/detail&gt;&lt;detail&gt;Let your provider know if you have kidney problems. Contrast may not be used if this is the case.&lt;/detail&gt;&lt;detail&gt;Before receiving the contrast, tell your provider if you take the diabetes medicine metformin (Glucophage). You may need to take extra steps to prepare. &lt;/detail&gt;&lt;text&gt;If you weigh more than 300 pounds (135 kilograms), find out if the CT machine has a weight limit. Too much weight can cause damage to the scanner's working parts. &lt;/text&gt;&lt;text&gt;You will be asked to remove jewelry and wear a hospital gown during the scan. &lt;/text&gt;</HowtoPreparefortheTest><WhytheTestisPerformed>&lt;text&gt;CT rapidly creates detailed pictures of the sinuses. The test may diagnose or detect:&lt;/text&gt;&lt;detail&gt;Birth defects in the sinuses&lt;/detail&gt;&lt;detail&gt;Infection in the bones of the sinuses ( osteomyelitis )&lt;/detail&gt;&lt;detail&gt;Injury to the face over the sinuses from trauma&lt;/detail&gt;&lt;detail&gt;Masses and tumors, including cancer&lt;/detail&gt;&lt;detail&gt; Nasal polyps &lt;/detail&gt;&lt;detail&gt;The cause of repeated bloody noses ( epistaxis )&lt;/detail&gt;&lt;detail&gt;Sinus infection ( sinusitis ) &lt;/detail&gt;&lt;text&gt;The results from this test may also help your provider plan for sinus surgery.&lt;/text&gt;</WhytheTestisPerformed><NormalResults>&lt;text&gt;Results are considered normal if no problems are seen in the sinuses.&lt;/text&gt;</NormalResults><WhatAbnormalResultsMean>&lt;text&gt;Abnormal results may be due to:&lt;/text&gt;&lt;detail&gt;Birth defects&lt;/detail&gt;&lt;detail&gt;Bone fractures&lt;/detail&gt;&lt;detail&gt;Cancer&lt;/detail&gt;&lt;detail&gt; Polyps  in the sinuses&lt;/detail&gt;&lt;detail&gt;Sinus infection (sinusitis)&lt;/detail&gt;</WhatAbnormalResultsMean><AlternativeNames>&lt;detail&gt;CAT scan - sinus&lt;/detail&gt;&lt;detail&gt; Computed axial tomography scan - sinus&lt;/detail&gt;&lt;detail&gt; Computed tomography scan - sinus&lt;/detail&gt;&lt;detail&gt; CT scan - sinus&lt;/detail&gt;</AlternativeNames></item>
<item><title>Sigmoidoscopy</title><url>https://medlineplus.gov/ency/article/003885.htm</url><HowtoPreparefortheTest>&lt;text&gt;Your health care provider will tell you how to prepare for the exam. You will use an enema to empty your bowels. This is usually done 1 hour before the sigmoidoscopy. Often, a second enema may be recommended. Or, your provider may recommend a liquid laxative the night before.&lt;/text&gt;&lt;text&gt;On the morning of the procedure, you may be asked to fast with the exception of certain medicines. Be sure to discuss this with your provider well in advance. Sometimes, you are asked to follow a clear liquid diet the day before, and sometimes a regular diet is allowed. Again, discuss this with your provider well in advance of your test date.&lt;/text&gt;</HowtoPreparefortheTest><WhytheTestisPerformed>&lt;text&gt;Your provider may recommend this test to look for the cause of:&lt;/text&gt;&lt;detail&gt;Abdominal pain&lt;/detail&gt;&lt;detail&gt; Diarrhea , constipation, or other changes in bowel habits&lt;/detail&gt;&lt;detail&gt;Blood, mucus, or pus in the stool&lt;/detail&gt;&lt;detail&gt;Weight loss that can't be explained&lt;/detail&gt;&lt;text&gt;This test can also be used to:&lt;/text&gt;&lt;detail&gt;Confirm findings of another test or x-rays&lt;/detail&gt;&lt;detail&gt; Screen for colorectal cancer or polyps &lt;/detail&gt;&lt;detail&gt;Take a biopsy of a growth&lt;/detail&gt;</WhytheTestisPerformed><NormalResults>&lt;text&gt;A normal test result will show no problems with the color, texture, and size of the lining of the sigmoid colon, rectal mucosa, rectum, and anus. &lt;/text&gt;</NormalResults><WhatAbnormalResultsMean>&lt;text&gt;Abnormal results can indicate:&lt;/text&gt;&lt;detail&gt; Anal fissures &lt;/detail&gt;&lt;detail&gt; Anorectal abscess &lt;/detail&gt;&lt;detail&gt;Blockage of the large intestine ( Hirschsprung disease )&lt;/detail&gt;&lt;detail&gt; Cancer &lt;/detail&gt;&lt;detail&gt; Colorectal polyps &lt;/detail&gt;&lt;detail&gt;Diverticulosis (abnormal pouches on the lining of the intestines)&lt;/detail&gt;&lt;detail&gt; Hemorrhoids &lt;/detail&gt;&lt;detail&gt;Inflammatory bowel disease&lt;/detail&gt;&lt;detail&gt;Inflammation or infection ( proctitis  and colitis) &lt;/detail&gt;</WhatAbnormalResultsMean><AlternativeNames>&lt;detail&gt;Flexible sigmoidoscopy&lt;/detail&gt;&lt;detail&gt; Sigmoidoscopy - flexible&lt;/detail&gt;&lt;detail&gt; Proctoscopy&lt;/detail&gt;&lt;detail&gt; Proctosigmoidoscopy&lt;/detail&gt;&lt;detail&gt; Rigid sigmoidoscopy&lt;/detail&gt;&lt;detail&gt; Colon cancer sigmoidoscopy&lt;/detail&gt;&lt;detail&gt; Colorectal sigmoidoscopy&lt;/detail&gt;&lt;detail&gt; Rectal sigmoidoscopy&lt;/detail&gt;&lt;detail&gt; Gastrointestinal bleeding - sigmoidoscopy&lt;/detail&gt;&lt;detail&gt; Rectal bleeding - sigmoidoscopy&lt;/detail&gt;&lt;detail&gt; Melena - sigmoidoscopy&lt;/detail&gt;&lt;detail&gt; Blood in stool - sigmoidoscopy&lt;/detail&gt;&lt;detail&gt; Polyps - sigmoidoscopy&lt;/detail&gt;</AlternativeNames><Images><value><img_name>Colonoscopy</img_name><img_url>https://medlineplus.gov/ency/images/ency/fullsize/1083.jpg</img_url></value><value><img_name>Sigmoid colon cancer, x-ray</img_name><img_url>https://medlineplus.gov/ency/images/ency/fullsize/1198.jpg</img_url></value><value><img_name>Rectal biopsy</img_name><img_url>https://medlineplus.gov/ency/images/ency/fullsize/9545.jpg</img_url></value></Images></item>
<item><title>Sickle cell test</title><url>https://medlineplus.gov/ency/article/003666.htm</url><WhytheTestisPerformed>&lt;text&gt;This test is done to tell if a person has abnormal hemoglobin that causes sickle cell disease and sickle cell trait. Hemoglobin is a protein in red blood cells that carries oxygen.&lt;/text&gt;&lt;text&gt;In sickle cell disease, a person has two abnormal hemoglobin S genes. A person with sickle cell trait has only one of these abnormal genes and no symptoms, or only mild ones.&lt;/text&gt;&lt;text&gt;This test does not tell the difference between these two conditions. Another test, called  hemoglobin electrophoresis , will be done to tell which condition someone has.&lt;/text&gt;</WhytheTestisPerformed><NormalResults>&lt;text&gt;A normal test result is called a negative result.&lt;/text&gt;&lt;text&gt;Normal value ranges may vary slightly among different laboratories. Some labs use different measurements or test different samples. Talk to your health care provider about the meaning of your specific test results.&lt;/text&gt;</NormalResults><WhatAbnormalResultsMean>&lt;text&gt;An abnormal test result indicates the person might have one of these:&lt;/text&gt;&lt;detail&gt;Sickle cell disease&lt;/detail&gt;&lt;detail&gt;Sickle cell trait &lt;/detail&gt;&lt;text&gt;Iron deficiency or blood transfusions within the past 3 months can cause a false negative result. This means the person might have the abnormal hemoglobin for sickle cell, but these other factors are making their test results appear negative (normal).&lt;/text&gt;</WhatAbnormalResultsMean><AlternativeNames>&lt;detail&gt;Sickledex&lt;/detail&gt;&lt;detail&gt; Hgb S test&lt;/detail&gt;</AlternativeNames><Images><value><img_name>Red blood cells, sickle cell</img_name><img_url>https://medlineplus.gov/ency/images/ency/fullsize/1212.jpg</img_url></value><value><img_name>Red blood cells, multiple sickle cells</img_name><img_url>https://medlineplus.gov/ency/images/ency/fullsize/1223.jpg</img_url></value><value><img_name>Red blood cells, sickle cells</img_name><img_url>https://medlineplus.gov/ency/images/ency/fullsize/1494.jpg</img_url></value><value><img_name>Red blood cells, sickle and Pappenheimer</img_name><img_url>https://medlineplus.gov/ency/images/ency/fullsize/1495.jpg</img_url></value></Images></item>
<item><title>Sialogram</title><url>https://medlineplus.gov/ency/article/003812.htm</url><HowtoPreparefortheTest>&lt;text&gt;Tell the health care provider if you are:&lt;/text&gt;&lt;detail&gt;Pregnant&lt;/detail&gt;&lt;detail&gt;Allergic to x-ray contrast material or any iodine substance&lt;/detail&gt;&lt;detail&gt; Allergic to any drugs &lt;/detail&gt;&lt;text&gt;You must sign a consent form. You will need to rinse your mouth with germ-killing (antiseptic) solution before the procedure.&lt;/text&gt;</HowtoPreparefortheTest><WhytheTestisPerformed>&lt;text&gt;A sialogram may be done when your provider thinks you might have a disorder of the salivary ducts or glands.&lt;/text&gt;</WhytheTestisPerformed><WhatAbnormalResultsMean>&lt;text&gt;Abnormal results may suggest: &lt;/text&gt;&lt;detail&gt;Narrowing of the salivary ducts  &lt;/detail&gt;&lt;detail&gt; Salivary gland infection  or inflammation  &lt;/detail&gt;&lt;detail&gt; Salivary duct stones &lt;/detail&gt;&lt;detail&gt; Salivary duct tumor &lt;/detail&gt;</WhatAbnormalResultsMean><AlternativeNames>&lt;detail&gt;Ptyalography&lt;/detail&gt;&lt;detail&gt; Sialography&lt;/detail&gt;</AlternativeNames><Images><value><img_name>Sialography</img_name><img_url>https://medlineplus.gov/ency/images/ency/fullsize/9890.jpg</img_url></value></Images></item>
<item><title>Shoulder MRI scan</title><url>https://medlineplus.gov/ency/article/007359.htm</url><HowtoPreparefortheTest>&lt;text&gt;You may be asked not to eat or drink anything for 4 to 6 hours before the scan.&lt;/text&gt;&lt;text&gt;Tell your doctor if you are afraid of close spaces (have claustrophobia). You may be given a medicine to help you feel sleepy and less anxious (sedative). Your doctor may also suggest an "open" MRI, in which the machine is not as close to the body.&lt;/text&gt;&lt;text&gt;Before the test, tell your health care provider if you have:&lt;/text&gt;&lt;detail&gt;Brain aneurysm clips&lt;/detail&gt;&lt;detail&gt;Certain types of artificial heart valves&lt;/detail&gt;&lt;detail&gt;Heart defibrillator or pacemaker&lt;/detail&gt;&lt;detail&gt;Inner ear (cochlear) implants&lt;/detail&gt;&lt;detail&gt; Kidney disease  or dialysis (you may not be able to receive contrast)&lt;/detail&gt;&lt;detail&gt;Recently placed artificial joints&lt;/detail&gt;&lt;detail&gt;Certain types of vascular  stents &lt;/detail&gt;&lt;detail&gt;Worked with sheet metal in the past (you may need tests to check for metal pieces in your eyes) &lt;/detail&gt;&lt;text&gt;Because the MRI contains strong magnets, metal objects are not allowed in the room with the MRI scanner:&lt;/text&gt;&lt;detail&gt;Pens, pocketknives, and eyeglasses may fly across the room.&lt;/detail&gt;&lt;detail&gt;Items such as jewelry, watches, credit cards, and hearing aids can be damaged.&lt;/detail&gt;&lt;detail&gt;Pins, hairpins, metal zippers, and similar metallic items can distort the images.&lt;/detail&gt;&lt;detail&gt;Removable dental work should be taken out just before the scan. &lt;/detail&gt;</HowtoPreparefortheTest><WhytheTestisPerformed>&lt;text&gt;MRI is useful for diagnosing and evaluating sports injuries. It can provide clear pictures of parts of the shoulder (such as soft tissues) that are hard to see clearly on CT scans.&lt;/text&gt;&lt;text&gt;Your provider may order this test if you have:&lt;/text&gt;&lt;detail&gt;A mass that can be felt during a physical exam&lt;/detail&gt;&lt;detail&gt;An abnormal finding on an x-ray or bone scan&lt;/detail&gt;&lt;detail&gt;Shoulder pain and fever&lt;/detail&gt;&lt;detail&gt;Decreased motion of the shoulder joint&lt;/detail&gt;&lt;detail&gt;Fluid buildup in the shoulder joint&lt;/detail&gt;&lt;detail&gt;Redness or swelling of the shoulder joint&lt;/detail&gt;&lt;detail&gt;Shoulder instability&lt;/detail&gt;&lt;detail&gt;Shoulder weakness&lt;/detail&gt;&lt;detail&gt;Shoulder pain and a history of cancer&lt;/detail&gt;&lt;detail&gt;Shoulder pain that does not get better with treatment &lt;/detail&gt;</WhytheTestisPerformed><NormalResults>&lt;text&gt;A normal result means no problems were seen in your shoulder and surrounding tissue in the images.&lt;/text&gt;</NormalResults><WhatAbnormalResultsMean>&lt;text&gt;Some possible causes of abnormal results may be:&lt;/text&gt;&lt;detail&gt;Abscess&lt;/detail&gt;&lt;detail&gt;Bone infection (osteomyelitis)&lt;/detail&gt;&lt;detail&gt;Broken or fractured shoulder bone&lt;/detail&gt;&lt;detail&gt;Bursitis in the shoulder area&lt;/detail&gt;&lt;detail&gt;Biceps tear&lt;/detail&gt;&lt;detail&gt;Abnormal Osteonecrosis (vascular necrosis)&lt;/detail&gt;&lt;detail&gt;Rotator cuff tear&lt;/detail&gt;&lt;detail&gt;Rotator cuff tendinitis&lt;/detail&gt;&lt;detail&gt;Shoulder inflammation (frozen shoulder)&lt;/detail&gt;&lt;detail&gt;Tumor (including cancer)&lt;/detail&gt;&lt;detail&gt;Labral tear&lt;/detail&gt;&lt;detail&gt;Cyst in the shoulder &lt;/detail&gt;&lt;text&gt;This list does not include all possible problems. Talk to your provider with any questions and concerns.&lt;/text&gt;</WhatAbnormalResultsMean><AlternativeNames>&lt;detail&gt;MRI - shoulder&lt;/detail&gt;&lt;detail&gt; Magnetic resonance imaging - shoulder&lt;/detail&gt;</AlternativeNames></item>
<item><title>Shoulder CT scan</title><url>https://medlineplus.gov/ency/article/007346.htm</url><HowtoPreparefortheTest>&lt;text&gt;Certain exams require a special dye, called contrast, to be delivered into the body before the test starts. Contrast helps certain areas show up better on the x-rays.&lt;/text&gt;&lt;detail&gt;Contrast can be given through a vein (IV) in your hand or forearm. If contrast is used, you may also be asked not to eat or drink anything for 4 to 6 hours before the test.&lt;/detail&gt;&lt;detail&gt;Let your health care provider know if you have ever had a reaction to contrast. You may need to take medicines before the test in order to safely receive this substance.&lt;/detail&gt;&lt;detail&gt;Before receiving the contrast, tell your provider if you take the diabetes medicine metformin (Glucophage) because you may need to take extra precautions. &lt;/detail&gt;&lt;text&gt;If you weigh more than 300 pounds (135 kilograms), find out if the CT machine has a weight limit. Too much weight can cause damage to the scanner's working parts.&lt;/text&gt;&lt;text&gt;You will be asked to remove jewelry and wear a hospital gown during the study.&lt;/text&gt;</HowtoPreparefortheTest><WhytheTestisPerformed>&lt;text&gt;CT rapidly creates detailed pictures of the shoulder. The test may help diagnose or detect:&lt;/text&gt;&lt;detail&gt;A  dislocation ,  fracture , or other shoulder injury&lt;/detail&gt;&lt;detail&gt;Evaluate the soft tissue such as rotator cuff tendons&lt;/detail&gt;&lt;detail&gt; Abscess  or infection&lt;/detail&gt;&lt;detail&gt;The cause of pain or other problems in the shoulder joint when  MRI  cannot be done&lt;/detail&gt;&lt;detail&gt;Masses and tumors, including cancer &lt;/detail&gt;&lt;detail&gt;Healing problems or scar tissue following surgery&lt;/detail&gt;&lt;text&gt;This test may also help guide a surgeon to the right area during a biopsy in the shoulder area.&lt;/text&gt;</WhytheTestisPerformed><NormalResults>&lt;text&gt;Results are considered normal if the shoulder being examined is normal in appearance.&lt;/text&gt;</NormalResults><WhatAbnormalResultsMean>&lt;text&gt;Abnormal results may be due to:&lt;/text&gt;&lt;detail&gt; Abscess  (collection of pus)&lt;/detail&gt;&lt;detail&gt;Bone tumors or cancer&lt;/detail&gt;&lt;detail&gt; Dislocated  shoulder&lt;/detail&gt;&lt;detail&gt;Shoulder fracture&lt;/detail&gt;&lt;detail&gt;Rotator cuff tears&lt;/detail&gt;&lt;detail&gt;Failure to heal or development of scar tissue after surgery&lt;/detail&gt;</WhatAbnormalResultsMean><AlternativeNames>&lt;detail&gt;CAT scan - shoulder&lt;/detail&gt;&lt;detail&gt; Computed axial tomography scan - shoulder&lt;/detail&gt;&lt;detail&gt; Computed tomography scan - shoulder&lt;/detail&gt;&lt;detail&gt; CT scan - shoulder&lt;/detail&gt;</AlternativeNames></item>
<item><title>Serum progesterone</title><url>https://medlineplus.gov/ency/article/003714.htm</url><HowtoPreparefortheTest>&lt;text&gt;Many medicines can interfere with blood test results.&lt;/text&gt;&lt;detail&gt;Your health care provider will tell you if you need to stop taking any medicines before you have this test.&lt;/detail&gt;&lt;detail&gt;DO NOT stop or change your medicines without talking to your provider first. &lt;/detail&gt;</HowtoPreparefortheTest><WhytheTestisPerformed>&lt;text&gt;This test is done to:&lt;/text&gt;&lt;detail&gt;Determine if a woman is ovulating&lt;/detail&gt;&lt;detail&gt;Evaluate a woman with repeated miscarriages (other tests are used more commonly)&lt;/detail&gt;&lt;detail&gt;Determine the risk for miscarriage or ectopic pregnancy early in pregnancy&lt;/detail&gt;</WhytheTestisPerformed><NormalResults>&lt;text&gt;Progesterone levels vary, depending on the timing when the test is done. Blood progesterone levels start to rise midway through the menstrual cycle. It continues to rise for about 6 to 10 days, and then falls if the egg is not fertilized.&lt;/text&gt;&lt;text&gt;Levels continue to rise in early pregnancy.&lt;/text&gt;&lt;text&gt;The following are normal ranges based upon certain phases of the menstrual cycle and pregnancy:&lt;/text&gt;&lt;detail&gt;Female (pre-ovulation): less than 1 nanogram per mililiter (ng/mL) or 3.18 nanomoles per liter (nmol/L)&lt;/detail&gt;&lt;detail&gt;Female (mid-cycle): 5 to 20 ng/mL or 15.90 to 63.60 nmol/L&lt;/detail&gt;&lt;detail&gt;Male: less than 1 ng/mL or 3.18 nmol/L&lt;/detail&gt;&lt;detail&gt;Postmenopausal: less than 1 ng/mL or 3.18 nmol/L&lt;/detail&gt;&lt;detail&gt;Pregnancy 1st trimester: 11.2 to 90.0 ng/mL or 35.62 to 286.20 nmol/L&lt;/detail&gt;&lt;detail&gt;Pregnancy 2nd trimester: 25.6 to 89.4 ng/mL or 81.41 to 284.29 nmol/L&lt;/detail&gt;&lt;detail&gt;Pregnancy 3rd trimester: 48 to 150 to 300 or more ng/mL or 152.64 to 477 to 954 or more nmol/L&lt;/detail&gt;&lt;text&gt;Normal value ranges may vary slightly among different laboratories. Talk to your provider about the meaning of your specific test results.&lt;/text&gt;&lt;text&gt;The examples above show the common measurements for results for these tests. Some laboratories use different measurements.&lt;/text&gt;</NormalResults><WhatAbnormalResultsMean>&lt;text&gt;Higher-than-normal levels may be due to:&lt;/text&gt;&lt;detail&gt;Pregnancy&lt;/detail&gt;&lt;detail&gt;Adrenal cancer&lt;/detail&gt;&lt;detail&gt; Ovarian cancer &lt;/detail&gt;&lt;detail&gt; Congenital adrenal hyperplasia &lt;/detail&gt;&lt;text&gt;Lower-than-normal levels may be due to:&lt;/text&gt;&lt;detail&gt;Amenorrhea (no periods as result of anovulation [ovulation does not occur])&lt;/detail&gt;&lt;detail&gt; Ectopic pregnancy &lt;/detail&gt;&lt;detail&gt;Irregular periods&lt;/detail&gt;&lt;detail&gt; Fetal death &lt;/detail&gt;&lt;detail&gt;Miscarriage&lt;/detail&gt;</WhatAbnormalResultsMean><AlternativeNames>&lt;detail&gt;Progesterone blood test (serum)&lt;/detail&gt;</AlternativeNames></item>
<item><title>Serum phenylalanine screening</title><url>https://medlineplus.gov/ency/article/003362.htm</url><HowtoPreparefortheTest>&lt;text&gt;For help preparing your baby for the test, see  infant test or procedure preparation  (birth to 1 year).&lt;/text&gt;</HowtoPreparefortheTest><WhytheTestisPerformed>&lt;text&gt;This test is done to screen infants for PKU, a fairly rare condition that occurs when the body lacks a substance needed to breakdown the amino acid phenylalanine.&lt;/text&gt;&lt;text&gt;If PKU is not detected early, increasing phenylalanine levels in the baby will cause intellectual disability. When discovered early, changes in the diet can help prevent the severe side effects of PKU.&lt;/text&gt;</WhytheTestisPerformed><NormalResults>&lt;text&gt;A normal test result means that phenylalanine levels are normal and the child does not have PKU.&lt;/text&gt;&lt;text&gt;Normal value ranges may vary slightly among different laboratories. Talk to your health care provider about the meaning of your baby's test results.&lt;/text&gt;</NormalResults><WhatAbnormalResultsMean>&lt;text&gt;If the screening test results are abnormal, PKU is a possibility. Further testing will be done if the phenylalanine levels in your baby's blood are too high.&lt;/text&gt;</WhatAbnormalResultsMean><AlternativeNames>&lt;detail&gt;Phenylalanine - blood test&lt;/detail&gt;&lt;detail&gt; PKU - phenylalanine&lt;/detail&gt;</AlternativeNames></item>
<item><title>Serum iron test</title><url>https://medlineplus.gov/ency/article/003488.htm</url><HowtoPreparefortheTest>&lt;text&gt;Iron level can change, depending on how recently you ingested iron. Your health care provider will likely have you do this test in the morning or after fasting.&lt;/text&gt;&lt;text&gt;Certain medicines may affect the results of this test. Your provider will tell you if you need to stop taking any medicines. DO NOT stop any medicine before talking to your provider.&lt;/text&gt;&lt;text&gt;Medicines that can affect the test result include:&lt;/text&gt;&lt;detail&gt;Antibiotics&lt;/detail&gt;&lt;detail&gt;Birth control pills and estrogens&lt;/detail&gt;&lt;detail&gt;Blood pressure drugs&lt;/detail&gt;&lt;detail&gt;Cholesterol drugs&lt;/detail&gt;&lt;detail&gt;Deferoxamine (removes excess iron from the body)&lt;/detail&gt;&lt;detail&gt;Gout drugs&lt;/detail&gt;&lt;detail&gt;Testosterone &lt;/detail&gt;</HowtoPreparefortheTest><WhytheTestisPerformed>&lt;text&gt;Your provider may recommend this test if you have:&lt;/text&gt;&lt;detail&gt;Signs of low iron (iron deficiency)&lt;/detail&gt;&lt;detail&gt;Signs of too much iron&lt;/detail&gt;&lt;detail&gt;Anemia caused by a chronic disease&lt;/detail&gt;</WhytheTestisPerformed><NormalResults>&lt;text&gt;Normal value range is:&lt;/text&gt;&lt;detail&gt;Iron: 60 to 170 micrograms per deciliter (mcg/dL), or 10.74 to 30.43 micromoles per liter (micromol/L)&lt;/detail&gt;&lt;detail&gt;Total iron binding capacity ( TIBC ): 240 to 450 mcg/dL, or 42.96 to 80.55 micromol/L&lt;/detail&gt;&lt;detail&gt;Transferrin saturation: 20% to 50%&lt;/detail&gt;&lt;text&gt;The numbers above are common measurements for results of these tests. Normal value ranges may vary slightly among different laboratories. Some labs use different measurements or test different samples. Talk to your provider about the meaning of your specific test results.&lt;/text&gt;</NormalResults><WhatAbnormalResultsMean>&lt;text&gt;Higher-than-normal iron level may be a sign of:&lt;/text&gt;&lt;detail&gt;Too much iron in the body ( hemochromatosis )&lt;/detail&gt;&lt;detail&gt;Anemia due to red blood cells being destroyed too quickly ( hemolytic anemia )&lt;/detail&gt;&lt;detail&gt;Liver tissue death&lt;/detail&gt;&lt;detail&gt;Inflammation of the liver ( hepatitis )&lt;/detail&gt;&lt;detail&gt; Iron poisoning &lt;/detail&gt;&lt;detail&gt;Frequent blood transfusions&lt;/detail&gt;&lt;text&gt;Lower-than-normal level may be a sign of:&lt;/text&gt;&lt;detail&gt;Long-term digestive tract bleeding&lt;/detail&gt;&lt;detail&gt;Heavy menstrual bleeding&lt;/detail&gt;&lt;detail&gt;Intestinal conditions that cause poor absorption of iron&lt;/detail&gt;&lt;detail&gt;Not enough iron in the diet&lt;/detail&gt;&lt;detail&gt;Pregnancy&lt;/detail&gt;</WhatAbnormalResultsMean><AlternativeNames>&lt;detail&gt;Fe+2&lt;/detail&gt;&lt;detail&gt; Ferric ion&lt;/detail&gt;&lt;detail&gt; Fe++&lt;/detail&gt;&lt;detail&gt; Ferrous ion&lt;/detail&gt;&lt;detail&gt; Iron - serum&lt;/detail&gt;&lt;detail&gt; Anemia - serum iron&lt;/detail&gt;&lt;detail&gt; Hemochromatosis - serum iron&lt;/detail&gt;</AlternativeNames><Images><value><img_name>Blood test</img_name><img_url>https://medlineplus.gov/ency/images/ency/fullsize/10026.jpg</img_url></value></Images></item>
<item><title>Serum herpes simplex antibodies</title><url>https://medlineplus.gov/ency/article/003352.htm</url><HowtoPreparefortheTest>&lt;text&gt;No special steps are needed to prepare for this test.&lt;/text&gt;</HowtoPreparefortheTest><WhytheTestisPerformed>&lt;text&gt;The test is done to find out whether a person has ever been infected with oral or  genital herpes . It looks for antibodies to herpes simplex virus 1 (HSV-1) and herpes simplex virus 2 (HSV-2). An antibody is a substance made by the body's immune system when it detects harmful substances such as the herpes virus. This test does not detect the virus itself.&lt;/text&gt;</WhytheTestisPerformed><NormalResults>&lt;text&gt;A negative (normal) test most often means you have not been infected with HSV-1 or HSV-2.&lt;/text&gt;&lt;text&gt;If the infection occurred very recently (within a few weeks to 3 months), the test may be negative, but you may still be infected. This is called a false negative. It can take up to 3 months after a possible herpes exposure for this test to be positive.&lt;/text&gt;&lt;text&gt;Normal value ranges may vary slightly among different laboratories. Some labs use different measurements or test different samples. Talk to your doctor about the meaning of your specific test results.&lt;/text&gt;</NormalResults><WhatAbnormalResultsMean>&lt;text&gt;A positive test means you have been infected with HSV recently or at some point in the past.&lt;/text&gt;&lt;text&gt;Tests can be done to help determine if you have a recent infection.&lt;/text&gt;&lt;text&gt;About 70% of adults have been infected by HSV-1 and have antibodies against the virus. About 20 to 50% of adults will have antibodies against the HSV-2 virus, which causes genital herpes.&lt;/text&gt;&lt;text&gt;HSV stays in your system once you have been infected. It may be "asleep" (dormant), and cause no symptoms, or it may flare up and cause symptoms. This test cannot tell whether you are having a flare-up.&lt;/text&gt;</WhatAbnormalResultsMean><AlternativeNames>&lt;detail&gt;Herpes serology&lt;/detail&gt;&lt;detail&gt; HSV blood test&lt;/detail&gt;</AlternativeNames><Images><value><img_name>Herpes biopsy</img_name><img_url>https://medlineplus.gov/ency/images/ency/fullsize/9880.jpg</img_url></value></Images></item>
<item><title>Serum globulin electrophoresis</title><url>https://medlineplus.gov/ency/article/003544.htm</url><HowtoPreparefortheTest>&lt;text&gt;Follow instructions on whether or not you need to fast before this test.&lt;/text&gt;&lt;text&gt;Certain medicines may affect the results of this test. Your health care provider will tell you if you need to stop taking any medicines. Do not stop any medicine before talking to your provider.&lt;/text&gt;</HowtoPreparefortheTest><WhytheTestisPerformed>&lt;text&gt;This test is done to look at globulin proteins in the blood. Identifying the types of globulins can help diagnose certain medical problems.&lt;/text&gt;&lt;text&gt;Globulins are roughly divided into three groups: alpha, beta, and gamma globulins. Gamma globulins include various types of antibodies such as immunoglobulins (Ig) M, G, and A.&lt;/text&gt;&lt;text&gt;Certain diseases are associated with producing too many immunoglobulins. For example,  Waldenstrom macroglobulinemia  is a cancer of certain white blood cells. It is linked with producing too many IgM antibodies.&lt;/text&gt;</WhytheTestisPerformed><NormalResults>&lt;text&gt;Normal value ranges are:&lt;/text&gt;&lt;detail&gt;Serum globulin: 2.0 to 3.5 grams per deciliter (g/dL) or 20 to 35 grams per liter (g/L) &lt;/detail&gt;&lt;detail&gt;IgM component: 75 to 300 milligrams per deciliter (mg/dL) or 750 to 3,000 milligrams per liter (mg/L)&lt;/detail&gt;&lt;detail&gt;IgG component: 650 to 1,850 mg/dL or 6.5 to 18.50 g/L&lt;/detail&gt;&lt;detail&gt;IgA component: 90 to 350 mg/dL or 900 to 3,500 mg/L&lt;/detail&gt;&lt;text&gt;Normal value ranges may vary slightly among different laboratories. Some labs use different measurements or test different samples. Talk to your provider about the meaning of your specific test results.&lt;/text&gt;</NormalResults><WhatAbnormalResultsMean>&lt;text&gt;Increased gamma globulin proteins may indicate:&lt;/text&gt;&lt;detail&gt; Acute  infection&lt;/detail&gt;&lt;detail&gt;Blood and bone marrow cancers including  multiple myeloma , and some lymphomas and leukemias&lt;/detail&gt;&lt;detail&gt;Long-term ( chronic ) inflammatory disease (for example,  rheumatoid arthritis  and  systemic lupus erythematosus )&lt;/detail&gt;&lt;detail&gt; Waldenstrom macroglobulinemia &lt;/detail&gt;</WhatAbnormalResultsMean><AlternativeNames>&lt;detail&gt;Quantitative immunoglobulins&lt;/detail&gt;</AlternativeNames><Images><value><img_name>Blood test</img_name><img_url>https://medlineplus.gov/ency/images/ency/fullsize/10026.jpg</img_url></value></Images></item>
<item><title>Serum free hemoglobin test</title><url>https://medlineplus.gov/ency/article/003677.htm</url><HowtoPreparefortheTest>&lt;text&gt;No preparation is necessary.&lt;/text&gt;</HowtoPreparefortheTest><WhytheTestisPerformed>&lt;text&gt;Hemoglobin (Hb) is the main component of red blood cells. It is a protein that carries oxygen. This test is done to diagnose or monitor how severe  hemolytic anemia  is. This is a disorder in which a low red blood cell count is caused by the abnormal breakdown of red blood cells.&lt;/text&gt;</WhytheTestisPerformed><NormalResults>&lt;text&gt;Plasma or serum in someone who does not have hemolytic anemia may contain up to 5 milligrams per deciliter (mg/dL) or 0.05 grams per liter (g/L) hemoglobin.&lt;/text&gt;&lt;text&gt;Normal value ranges may vary slightly among different laboratories. Some labs use different measurements or may test different samples. Talk to your health care provider about the meaning of your specific test results.&lt;/text&gt;</NormalResults><WhatAbnormalResultsMean>&lt;text&gt;A higher-than-normal level may indicate:&lt;/text&gt;&lt;detail&gt;A  hemolytic anemia  (due to any cause including autoimmune and non-immune causes, such as  thalassemia )&lt;/detail&gt;&lt;detail&gt;Condition in which red blood cells break down when the body is exposed to certain drugs or the stress of infection ( G6PD deficiency )&lt;/detail&gt;&lt;detail&gt;Low red blood cell count due to red blood cells breaking down sooner than normal&lt;/detail&gt;&lt;detail&gt;Blood disorder in which red blood cells are destroyed when they go from cold to warm temperatures ( paroxysmal cold hemoglobinuria )&lt;/detail&gt;&lt;detail&gt; Sickle cell disease &lt;/detail&gt;&lt;detail&gt; Transfusion reaction &lt;/detail&gt;</WhatAbnormalResultsMean><AlternativeNames>&lt;detail&gt;Blood hemoglobin&lt;/detail&gt;&lt;detail&gt; Serum hemoglobin&lt;/detail&gt;&lt;detail&gt; Hemolytic anemia - free hemoglobin&lt;/detail&gt;</AlternativeNames><Images><value><img_name>Hemoglobin</img_name><img_url>https://medlineplus.gov/ency/images/ency/fullsize/19510.jpg</img_url></value></Images></item>
<item><title>Serotonin blood test</title><url>https://medlineplus.gov/ency/article/003562.htm</url><HowtoPreparefortheTest>&lt;text&gt;No special preparation is needed.&lt;/text&gt;</HowtoPreparefortheTest><WhytheTestisPerformed>&lt;text&gt;Serotonin is a chemical produced by nerve cells.&lt;/text&gt;&lt;text&gt;This test may be done to diagnose  carcinoid syndrome . Carcinoid syndrome is a group of symptoms associated with carcinoid tumors. These are tumors of the small intestine, colon, appendix, and bronchial tubes in the lungs. People with carcinoid syndrome often have high levels of serotonin in the blood.&lt;/text&gt;</WhytheTestisPerformed><NormalResults>&lt;text&gt;The normal range is 50 to 200 ng/mL (0.28 to 1.14 µmol/L).&lt;/text&gt;&lt;text&gt;Note: Normal value ranges may vary slightly among different laboratories. Some labs use different measurements or test different samples. Talk to your health care provider about the meaning of your specific test results.&lt;/text&gt;</NormalResults><WhatAbnormalResultsMean>&lt;text&gt;A higher-than-normal level may indicate carcinoid syndrome.&lt;/text&gt;</WhatAbnormalResultsMean><AlternativeNames>&lt;detail&gt;5-HT level&lt;/detail&gt;&lt;detail&gt; 5-hydroxytryptamine level&lt;/detail&gt;&lt;detail&gt; Serotonin test&lt;/detail&gt;</AlternativeNames><Images><value><img_name>Blood test</img_name><img_url>https://medlineplus.gov/ency/images/ency/fullsize/10026.jpg</img_url></value></Images></item>
<item><title>Serology for brucellosis</title><url>https://medlineplus.gov/ency/article/003536.htm</url><HowtoPreparefortheTest>&lt;text&gt;There is no special preparation.&lt;/text&gt;</HowtoPreparefortheTest><WhytheTestisPerformed>&lt;text&gt;Brucellosis is an infection that occurs from coming into contact with animals that carry brucella bacteria.&lt;/text&gt;&lt;text&gt;Your health care provider may order this test if you have signs or symptoms of brucellosis. People working in jobs where they often come in contact with animals or meat, such as slaughterhouse workers, farmers, and veterinarians, are most likely to get this disease.&lt;/text&gt;</WhytheTestisPerformed><NormalResults>&lt;text&gt;A normal (negative) result usually means you have not come in contact with the bacteria that causes brucellosis. However, this test may not detect the disease at an early stage. Your provider may have you come back for another test in 10 days to 3 weeks.&lt;/text&gt;&lt;text&gt;Infection with other bacteria, such as yersinia, francisella, and vibrio, and certain immunizations can cause false-positive results.&lt;/text&gt;&lt;text&gt;Normal value ranges may vary slightly among different laboratories. Some labs use different measurements or test different samples. Talk to your provider about the meaning of your specific test results.&lt;/text&gt;</NormalResults><WhatAbnormalResultsMean>&lt;text&gt;An abnormal (positive) result usually means you have come in contact with the bacteria that causes brucellosis.&lt;/text&gt;&lt;text&gt;However, this positive result does not mean that you have an active infection. Your provider will have you repeat the test after a few weeks to see if the test result increases. This increase is more likely to be a sign of a current infection. &lt;/text&gt;</WhatAbnormalResultsMean><AlternativeNames>&lt;detail&gt;Brucella serology&lt;/detail&gt;&lt;detail&gt; Brucella antibody test or titer&lt;/detail&gt;</AlternativeNames><Images><value><img_name>Blood test</img_name><img_url>https://medlineplus.gov/ency/images/ency/fullsize/10026.jpg</img_url></value><value><img_name>Antibodies</img_name><img_url>https://medlineplus.gov/ency/images/ency/fullsize/9069.jpg</img_url></value></Images></item>
<item><title>Sensitivity analysis</title><url>https://medlineplus.gov/ency/article/003741.htm</url><HowtoPreparefortheTest>&lt;text&gt;Follow your health care provider's instructions on how to prepare for the method used to obtain the culture.&lt;/text&gt;</HowtoPreparefortheTest><WhytheTestisPerformed>&lt;text&gt;The test shows which antibiotic drugs should be used to treat an infection.&lt;/text&gt;&lt;text&gt;Many organisms are resistant to certain antibiotics. Sensitivity tests are important in helping find the right antibiotic for you. Your provider may start you on one antibiotic, but later change you to another because of the results of sensitivity analysis.&lt;/text&gt;</WhytheTestisPerformed><WhatAbnormalResultsMean>&lt;text&gt;If the organism shows resistance to the antibiotics used in the test, those antibiotics will not be effective treatment.&lt;/text&gt;</WhatAbnormalResultsMean><AlternativeNames>&lt;detail&gt;Antibiotic sensitivity testing&lt;/detail&gt;&lt;detail&gt; Antimicrobial susceptibility testing&lt;/detail&gt;</AlternativeNames></item>
<item><title>Semen analysis</title><url>https://medlineplus.gov/ency/article/003627.htm</url><HowtoPreparefortheTest>&lt;text&gt;In order to have an adequate sperm count, do not have any sexual activity that causes ejaculation for 2 to 3 days before the test. However, this time should not be longer than 5 days, after which the quality can diminish. &lt;/text&gt;</HowtoPreparefortheTest><WhytheTestisPerformed>&lt;text&gt;Semen analysis is one of the first tests done to evaluate a man's fertility. It can help determine if a problem in sperm production or quality of the sperm is causing  infertility . About half of couples unable to have children have a male infertility problem.&lt;/text&gt;&lt;text&gt;The test may also be used after a  vasectomy  to make sure there are no sperm in the semen. This can confirm the success of the vasectomy.&lt;/text&gt;&lt;text&gt;The test may also be performed for the following condition:&lt;/text&gt;&lt;detail&gt; Klinefelter syndrome &lt;/detail&gt;</WhytheTestisPerformed><NormalResults>&lt;text&gt;A few of the common normal values are listed below.&lt;/text&gt;&lt;detail&gt;The normal volume varies from 1.5 to 5.0 milliliter per ejaculation.&lt;/detail&gt;&lt;detail&gt;The sperm count varies from 20 to 150 million sperm per milliliter.&lt;/detail&gt;&lt;detail&gt;At least 60% of the sperm should have a normal shape and show normal forward movement (motility). &lt;/detail&gt;&lt;text&gt;Normal value ranges may vary slightly among different laboratories. Talk to your provider about the meaning of your specific test results.&lt;/text&gt;&lt;text&gt;The examples above show the common measurements for results for these tests. Some laboratories use different measurements or may test different specimens.&lt;/text&gt;&lt;text&gt;It is not completely clear how these values and other results from a semen analysis should be interpreted. An abnormal result does not always mean there is a problem with a man's ability to have children.&lt;/text&gt;</NormalResults><WhatAbnormalResultsMean>&lt;text&gt;Abnormal results may suggest a male infertility problem. For example, if the sperm count is very low or very high, a man may be less fertile. The acidity of the semen and the presence of white blood cells (suggesting infection) may affect fertility. Testing may reveal abnormal shapes or abnormal movements of the sperm.&lt;/text&gt;&lt;text&gt;However, there are many unknowns in male infertility. Further testing may be needed if abnormalities are found. &lt;/text&gt;&lt;text&gt;Many of these problems are treatable. &lt;/text&gt;</WhatAbnormalResultsMean><AlternativeNames>&lt;detail&gt;Male fertility test&lt;/detail&gt;&lt;detail&gt; Sperm count&lt;/detail&gt;&lt;detail&gt; Infertility - semen analysis&lt;/detail&gt;</AlternativeNames><Images><value><img_name>Sperm</img_name><img_url>https://medlineplus.gov/ency/images/ency/fullsize/19471.jpg</img_url></value><value><img_name>Semen analysis</img_name><img_url>https://medlineplus.gov/ency/images/ency/fullsize/9875.jpg</img_url></value></Images></item>
<item><title>Secretin stimulation test</title><url>https://medlineplus.gov/ency/article/003892.htm</url><HowtoPreparefortheTest>&lt;text&gt;You will be asked to not eat or drink anything, including water, for 12 hours before the test.&lt;/text&gt;</HowtoPreparefortheTest><WhytheTestisPerformed>&lt;text&gt;Secretin causes the pancreas to release a fluid that contains digestive enzymes. These enzymes break down food and help the body absorb nutrients.&lt;/text&gt;&lt;text&gt;The secretin stimulation test is done to check the digestive function of the pancreas. The following diseases may prevent the pancreas from working properly:&lt;/text&gt;&lt;detail&gt;Chronic pancreatitis&lt;/detail&gt;&lt;detail&gt; Cystic fibrosis &lt;/detail&gt;&lt;detail&gt; Pancreatic cancer &lt;/detail&gt;&lt;text&gt;In these conditions, there may be a lack of digestive enzymes or other chemicals in the fluid that comes from the pancreas. This can reduce the body's ability to digest food and absorb nutrients.&lt;/text&gt;</WhytheTestisPerformed><NormalResults>&lt;text&gt;Normal value ranges may vary slightly depending on the lab doing the test. Talk to your provider about the meaning of your specific test results.&lt;/text&gt;</NormalResults><WhatAbnormalResultsMean>&lt;text&gt;Abnormal values may mean that the pancreas is not working properly.&lt;/text&gt;</WhatAbnormalResultsMean><AlternativeNames>&lt;detail&gt;Pancreatic function test&lt;/detail&gt;</AlternativeNames><Images><value><img_name>Secretin stimulation test</img_name><img_url>https://medlineplus.gov/ency/images/ency/fullsize/8909.jpg</img_url></value></Images></item>
<item><title>Scrotal ultrasound</title><url>https://medlineplus.gov/ency/article/003780.htm</url><HowtoPreparefortheTest>&lt;text&gt;No special preparation is needed for this test.&lt;/text&gt;</HowtoPreparefortheTest><WhytheTestisPerformed>&lt;text&gt;A testicle ultrasound is done to: &lt;/text&gt;&lt;detail&gt;Help determine why one or both testicles have become larger&lt;/detail&gt;&lt;detail&gt;Look at a mass or lump in one or both of the testicles&lt;/detail&gt;&lt;detail&gt;Find the reason for pain in the testicles&lt;/detail&gt;&lt;detail&gt;Show how blood flows through the testicles &lt;/detail&gt;</WhytheTestisPerformed><NormalResults>&lt;text&gt;The testicles and other areas in the scrotum appear normal.&lt;/text&gt;</NormalResults><WhatAbnormalResultsMean>&lt;text&gt;Possible causes of abnormal results include:&lt;/text&gt;&lt;detail&gt;   Collection of very small veins, called a  varicocele &lt;/detail&gt;&lt;detail&gt;   Infection or  abscess &lt;/detail&gt;&lt;detail&gt;  Noncancerous (benign)  cyst &lt;/detail&gt;&lt;detail&gt;   Twisting of the testicle that blocks blood flow, called  testicular torsion &lt;/detail&gt;&lt;detail&gt;   Testicular  tumor &lt;/detail&gt;</WhatAbnormalResultsMean><AlternativeNames>&lt;detail&gt;Testicular ultrasound&lt;/detail&gt;&lt;detail&gt; Testicular sonogram&lt;/detail&gt;</AlternativeNames><Images><value><img_name>Male reproductive anatomy</img_name><img_url>https://medlineplus.gov/ency/images/ency/fullsize/1113.jpg</img_url></value><value><img_name>Testicular ultrasound</img_name><img_url>https://medlineplus.gov/ency/images/ency/fullsize/9963.jpg</img_url></value></Images></item>
<item><title>Screening and diagnosis for HIV</title><url>https://medlineplus.gov/ency/article/003538.htm</url><HowtoPreparefortheTest>&lt;text&gt;No preparation is necessary.&lt;/text&gt;</HowtoPreparefortheTest><WhytheTestisPerformed>&lt;text&gt;Testing for HIV infection is done for many reasons, including for:&lt;/text&gt;&lt;detail&gt;People who want to be tested&lt;/detail&gt;&lt;detail&gt;People in high-risk groups (men who have sex with men, injection drug users and their sexual partners, and commercial sex workers)&lt;/detail&gt;&lt;detail&gt;People with certain conditions and infections (such as  Kaposi sarcoma  or    Pneumocystis jirovecii  pneumonia)&lt;/detail&gt;&lt;detail&gt;Pregnant women, to help prevent them from passing the virus to the baby&lt;/detail&gt;</WhytheTestisPerformed><NormalResults>&lt;text&gt;A negative test result is normal. People with early HIV infection may have a negative test result.&lt;/text&gt;</NormalResults><WhatAbnormalResultsMean>&lt;text&gt;A positive result on a screening test does not confirm that the person has HIV infection. More tests are needed to confirm HIV infection.&lt;/text&gt;&lt;text&gt;A negative test result does not rule out HIV infection. There is a period of time, called the window period, between HIV infection and the appearance of anti-HIV antibodies. During this period, antibodies and antigen may not be measured.&lt;/text&gt;&lt;text&gt;If a person might have acute or primary HIV infection and is in the window period, a negative screening test doesn't rule out HIV infection. Follow-up tests for HIV are needed.&lt;/text&gt;</WhatAbnormalResultsMean><AlternativeNames>&lt;detail&gt;HIV testing&lt;/detail&gt;&lt;detail&gt; HIV screening&lt;/detail&gt;&lt;detail&gt; HIV screening test&lt;/detail&gt;&lt;detail&gt; HIV confirmatory test&lt;/detail&gt;</AlternativeNames><Images><value><img_name>Blood test</img_name><img_url>https://medlineplus.gov/ency/images/ency/fullsize/10026.jpg</img_url></value></Images></item>
<item><title>Schirmer test</title><url>https://medlineplus.gov/ency/article/003501.htm</url><HowtoPreparefortheTest>&lt;text&gt;You will be asked to remove your glasses or contact lenses before the test.&lt;/text&gt;</HowtoPreparefortheTest><WhytheTestisPerformed>&lt;text&gt;This test is used when the eye doctor suspects you have dry eye. Symptoms include dryness of the eyes or excessive watering of the eyes.&lt;/text&gt;</WhytheTestisPerformed><NormalResults>&lt;text&gt;More than 10 mm of moisture on the filter paper after 5 minutes is a sign of normal tear production. Both eyes normally release the same amount of tears.&lt;/text&gt;</NormalResults><WhatAbnormalResultsMean>&lt;text&gt;Dry eyes may result from:&lt;/text&gt;&lt;detail&gt;Aging&lt;/detail&gt;&lt;detail&gt;Swelling or inflammation of the eyelids ( blepharitis )&lt;/detail&gt;&lt;detail&gt;Climate changes&lt;/detail&gt;&lt;detail&gt; Corneal ulcers and infections &lt;/detail&gt;&lt;detail&gt;Eye infections (for example,  conjunctivitis )&lt;/detail&gt;&lt;detail&gt; Laser vision correction &lt;/detail&gt;&lt;detail&gt; Leukemia &lt;/detail&gt;&lt;detail&gt;Lymphoma (cancer of the lymph system)&lt;/detail&gt;&lt;detail&gt; Rheumatoid arthritis &lt;/detail&gt;&lt;detail&gt;Previous eyelid or facial surgery&lt;/detail&gt;&lt;detail&gt; Sjögren syndrome &lt;/detail&gt;&lt;detail&gt; Vitamin A deficiency &lt;/detail&gt;</WhatAbnormalResultsMean><AlternativeNames>&lt;detail&gt;Tear test&lt;/detail&gt;&lt;detail&gt; Tearing test&lt;/detail&gt;&lt;detail&gt; Dry eye test&lt;/detail&gt;&lt;detail&gt; Basal secretion test&lt;/detail&gt;&lt;detail&gt; Sjögren - Schirmer&lt;/detail&gt;&lt;detail&gt; Schirmer's test&lt;/detail&gt;</AlternativeNames><Images><value><img_name>Eye</img_name><img_url>https://medlineplus.gov/ency/images/ency/fullsize/1094.jpg</img_url></value><value><img_name>Schirmer's test</img_name><img_url>https://medlineplus.gov/ency/images/ency/fullsize/9888.jpg</img_url></value></Images></item>
<item><title>Salivary gland biopsy</title><url>https://medlineplus.gov/ency/article/003847.htm</url><HowtoPreparefortheTest>&lt;text&gt;There is no special preparation for a needle biopsy. However, you may be asked not to drink or eat anything for a few hours before the test.&lt;/text&gt;&lt;text&gt;For  surgical removal  of a tumor, preparation is the same as for any major surgery. You will not be able to eat anything for 6 to 8 hours before the surgery.&lt;/text&gt;</HowtoPreparefortheTest><WhytheTestisPerformed>&lt;text&gt;This test is done to find the cause of abnormal lumps or growths of the salivary glands. It is also done to diagnose Sjogren syndrome.&lt;/text&gt;</WhytheTestisPerformed><NormalResults>&lt;text&gt;The salivary gland tissue is normal.&lt;/text&gt;</NormalResults><WhatAbnormalResultsMean>&lt;text&gt;Abnormal results may indicate:&lt;/text&gt;&lt;detail&gt; Salivary gland tumors  or infection&lt;/detail&gt;&lt;detail&gt;Sjogren syndrome &lt;/detail&gt;</WhatAbnormalResultsMean><AlternativeNames>&lt;detail&gt;Biopsy - salivary gland&lt;/detail&gt;</AlternativeNames><Images><value><img_name>Salivary gland biopsy</img_name><img_url>https://medlineplus.gov/ency/images/ency/fullsize/9862.jpg</img_url></value></Images></item>
<item><title>Tympanometry</title><url>https://medlineplus.gov/ency/article/003390.htm</url><HowtoPreparefortheTest>&lt;text&gt;You should not move, speak, or swallow during the test. Such movements can change the pressure in the middle ear and give incorrect test results.&lt;/text&gt;&lt;text&gt;The sounds heard during the test may be loud. This may be startling. You will need to try very hard to stay calm and not get startled during the test. If your child is to have this test done, it may be helpful to show how the test is done using a doll. The more your child knows what to expect and why the test is done, the less nervous your child will be.&lt;/text&gt;</HowtoPreparefortheTest><WhytheTestisPerformed>&lt;text&gt;This test measures how your ear reacts to sound and different pressures.&lt;/text&gt;</WhytheTestisPerformed><NormalResults>&lt;text&gt;The pressure inside the middle ear can vary by a very small amount. The eardrum should look smooth.&lt;/text&gt;</NormalResults><WhatAbnormalResultsMean>&lt;text&gt;Tympanometry may reveal any of the following:&lt;/text&gt;&lt;detail&gt;A  tumor  in the middle ear&lt;/detail&gt;&lt;detail&gt;Fluid in the middle ear&lt;/detail&gt;&lt;detail&gt;Impacted  ear wax &lt;/detail&gt;&lt;detail&gt;Lack of contact between the conduction bones of the middle ear&lt;/detail&gt;&lt;detail&gt;Perforated eardrum&lt;/detail&gt;&lt;detail&gt;Scarring of the eardrum&lt;/detail&gt;</WhatAbnormalResultsMean><AlternativeNames>&lt;detail&gt;Tympanogram&lt;/detail&gt;&lt;detail&gt; Otitis media - tympanometry&lt;/detail&gt;&lt;detail&gt; Effusion - tympanometry&lt;/detail&gt;&lt;detail&gt; Immittance testing&lt;/detail&gt;</AlternativeNames><Images><value><img_name>Ear anatomy</img_name><img_url>https://medlineplus.gov/ency/images/ency/fullsize/1092.jpg</img_url></value><value><img_name>Otoscope examination</img_name><img_url>https://medlineplus.gov/ency/images/ency/fullsize/8771.jpg</img_url></value></Images></item>
<item><title>Tularemia blood test</title><url>https://medlineplus.gov/ency/article/003523.htm</url><HowtoPreparefortheTest>&lt;text&gt;There is no special preparation.&lt;/text&gt;</HowtoPreparefortheTest><WhytheTestisPerformed>&lt;text&gt;This blood test is done when tularemia is suspected.&lt;/text&gt;</WhytheTestisPerformed><NormalResults>&lt;text&gt;A normal result is no antibodies specific for F tularensis are found in the serum.&lt;/text&gt;&lt;text&gt;Normal value ranges may vary slightly among different laboratories. Some labs use different measurements or may test different specimens. Talk to your provider about the meaning of your specific test results.&lt;/text&gt;</NormalResults><WhatAbnormalResultsMean>&lt;text&gt;If antibodies are detected, there has been exposure to F tularensis.&lt;/text&gt;&lt;text&gt;If antibodies are found, it means you either have a current or past infection with F tularensis. In some cases, a single high level of antibodies that are specific to F tularensis means you have an infection.&lt;/text&gt;&lt;text&gt;During the early stage of an illness, few antibodies may be detected. Antibody production increases during the course of an infection. For this reason, this test may be repeated several weeks after the first test.&lt;/text&gt;</WhatAbnormalResultsMean><AlternativeNames>&lt;detail&gt;Tularemia test&lt;/detail&gt;&lt;detail&gt; Serology for Francisella tularensis  &lt;/detail&gt;</AlternativeNames><Images><value><img_name>Blood test</img_name><img_url>https://medlineplus.gov/ency/images/ency/fullsize/10026.jpg</img_url></value></Images></item>
<item><title>TSI test</title><url>https://medlineplus.gov/ency/article/003685.htm</url><HowtoPreparefortheTest>&lt;text&gt;No special preparation is usually necessary.&lt;/text&gt;</HowtoPreparefortheTest><WhytheTestisPerformed>&lt;text&gt;Your health care provider may recommend this test if you have signs or symptoms of an overactive thyroid (hyperthyroidism), including symptoms of:&lt;/text&gt;&lt;detail&gt; Graves disease &lt;/detail&gt;&lt;detail&gt; Toxic multinodular goiter &lt;/detail&gt;&lt;detail&gt;Thyroiditis (swelling of the thyroid gland caused by an overactive immune system) &lt;/detail&gt;&lt;text&gt;The test is also done during the last 3 months of pregnancy to predict Graves disease in the baby.&lt;/text&gt;&lt;text&gt;The TSI test is most commonly done if you have signs or symptoms of hyperthyroidism but are unable to have a test called  thyroid uptake and scan .&lt;/text&gt;&lt;text&gt;This test is not commonly done because it is expensive. Most of the time, another test called TSH receptor antibody test is ordered instead.&lt;/text&gt;</WhytheTestisPerformed><NormalResults>&lt;text&gt;Normal values are less than 130% of basal activity.&lt;/text&gt;&lt;text&gt;Normal value ranges may vary slightly among different laboratories. Some laboratories use different measurements or may test different specimens. Talk to your provider about the meaning of your specific test results.&lt;/text&gt;</NormalResults><WhatAbnormalResultsMean>&lt;text&gt;A higher-than-normal level may indicate:&lt;/text&gt;&lt;detail&gt;Graves disease (most common)&lt;/detail&gt;&lt;detail&gt;Hashitoxicosis (very rare)&lt;/detail&gt;&lt;detail&gt;Neonatal thyrotoxicosis &lt;/detail&gt;</WhatAbnormalResultsMean><AlternativeNames>&lt;detail&gt;TSH receptor stimulating antibody&lt;/detail&gt;&lt;detail&gt; Thyroid stimulating immunoglobulin&lt;/detail&gt;&lt;detail&gt; Hypothyroidism - TSI&lt;/detail&gt;&lt;detail&gt; Hyperthyroidism - TSI&lt;/detail&gt;&lt;detail&gt; Goiter - TSI&lt;/detail&gt;&lt;detail&gt; Thyroiditis - TSI &lt;/detail&gt;</AlternativeNames><Images><value><img_name>Blood test</img_name><img_url>https://medlineplus.gov/ency/images/ency/fullsize/9879.jpg</img_url></value></Images></item>
<item><title>TSH test</title><url>https://medlineplus.gov/ency/article/003684.htm</url><HowtoPreparefortheTest>&lt;text&gt;There is no preparation needed for this test. Ask your health care provider about any medicines you are taking that may affect the test results. DO NOT stop taking any medicines without first asking your provider.&lt;/text&gt;&lt;text&gt;Medicines you may need to stop for a short time include:&lt;/text&gt;&lt;detail&gt;Amiodarone&lt;/detail&gt;&lt;detail&gt;Dopamine&lt;/detail&gt;&lt;detail&gt;Lithium&lt;/detail&gt;&lt;detail&gt;Potassium iodide&lt;/detail&gt;&lt;detail&gt;Prednisone or other glucocorticoid medicines &lt;/detail&gt;&lt;text&gt;The vitamin biotin (B7) can affect the results of the TSH test. If you take biotin, talk to your provider before you have any thyroid function tests.&lt;/text&gt;</HowtoPreparefortheTest><WhytheTestisPerformed>&lt;text&gt;Your provider will order this test if you have symptoms or signs of an  overactive  or  underactive  thyroid gland. It is also used to monitor treatment of these conditions.&lt;/text&gt;&lt;text&gt;Your provider may also check your TSH level if you are planning to get pregnant.&lt;/text&gt;</WhytheTestisPerformed><NormalResults>&lt;text&gt;Normal values range from 0.5 to 5 microunits per milliliter (µU/mL).&lt;/text&gt;&lt;text&gt;TSH values can vary during the day. It is best to have the test early in the morning. Experts do not fully agree on what the upper number should be when diagnosing thyroid disorders.&lt;/text&gt;&lt;text&gt;Normal value ranges may vary slightly among different laboratories. Some labs use different measurements or test different samples. Talk to your provider about the meaning of your specific test results.&lt;/text&gt;&lt;text&gt;If you are being treated for a thyroid disorder, your TSH level will likely be kept between 0.5 and 4.0 µU/mL, except when:&lt;/text&gt;&lt;detail&gt;A pituitary disorder is the cause of the thyroid problem. A low TSH may be expected.&lt;/detail&gt;&lt;detail&gt;You have a history of certain types of thyroid cancer. A TSH value below the normal range may be best to prevent the thyroid cancer from coming back.&lt;/detail&gt;&lt;detail&gt;A woman is pregnant. The normal range for TSH is different for women who are pregnant. Your provider may suggest that you take thyroid hormone, even if your TSH is in the normal range. &lt;/detail&gt;</NormalResults><WhatAbnormalResultsMean>&lt;text&gt;A higher-than-normal TSH level is most often due to an underactive thyroid gland (hypothyroidism). There are many causes of this problem.&lt;/text&gt;&lt;text&gt;A lower-than-normal level may be due to an overactive thyroid gland, which can be caused by:&lt;/text&gt;&lt;detail&gt; Graves disease &lt;/detail&gt;&lt;detail&gt; Toxic nodular goiter  or multinodular goiter&lt;/detail&gt;&lt;detail&gt;Too much iodine in the body (due to receiving iodine contrast used during imaging tests, such as CT scan)&lt;/detail&gt;&lt;detail&gt;Taking too much thyroid hormone medicine or prescribed natural or over-the-counter supplements that contain thyroid hormone &lt;/detail&gt;&lt;text&gt;Use of certain medicines may also cause a lower-than-normal TSH level. These include glucocorticoids/steroids, dopamine, certain chemotherapy drugs, and opioid painkillers such as morphine.&lt;/text&gt;</WhatAbnormalResultsMean><AlternativeNames>&lt;detail&gt;Thyrotropin&lt;/detail&gt;&lt;detail&gt; Thyroid stimulating hormone&lt;/detail&gt;&lt;detail&gt; Hypothyroidism - TSH&lt;/detail&gt;&lt;detail&gt; Hyperthyroidism - TSH&lt;/detail&gt;&lt;detail&gt; Goiter - TSH&lt;/detail&gt;</AlternativeNames><Images><value><img_name>Endocrine glands</img_name><img_url>https://medlineplus.gov/ency/images/ency/fullsize/1093.jpg</img_url></value><value><img_name>Pituitary and TSH</img_name><img_url>https://medlineplus.gov/ency/images/ency/fullsize/9971.jpg</img_url></value></Images></item>
<item><title>Trypsinogen test</title><url>https://medlineplus.gov/ency/article/003560.htm</url><HowtoPreparefortheTest>&lt;text&gt;There are no special preparations.&lt;/text&gt;</HowtoPreparefortheTest><WhytheTestisPerformed>&lt;text&gt;This test is done to detect diseases of the pancreas.&lt;/text&gt;&lt;text&gt;The test is also used to screen newborn babies for cystic fibrosis.&lt;/text&gt;</WhytheTestisPerformed><NormalResults>&lt;text&gt;Normal value ranges may vary slightly among different laboratories. Talk to your health care provider about the meaning of your specific test results.&lt;/text&gt;</NormalResults><WhatAbnormalResultsMean>&lt;text&gt;Increased levels of trypsinogen may be due to:&lt;/text&gt;&lt;detail&gt;Abnormal production of pancreatic enzymes&lt;/detail&gt;&lt;detail&gt;Acute pancreatitis&lt;/detail&gt;&lt;detail&gt;Cystic fibrosis&lt;/detail&gt;&lt;detail&gt; Pancreatic cancer &lt;/detail&gt;&lt;text&gt;Low or normal levels may be seen in  chronic pancreatitis .&lt;/text&gt;</WhatAbnormalResultsMean><AlternativeNames>&lt;detail&gt;Serum trypsin&lt;/detail&gt;&lt;detail&gt; Trypsin-like immunoreactivity&lt;/detail&gt;&lt;detail&gt; Serum trypsinogen&lt;/detail&gt;&lt;detail&gt; Immunoreactive trypsin&lt;/detail&gt;</AlternativeNames><Images><value><img_name>Blood test</img_name><img_url>https://medlineplus.gov/ency/images/ency/fullsize/10026.jpg</img_url></value></Images></item>
<item><title>Trypsin and chymotrypsin in stool</title><url>https://medlineplus.gov/ency/article/003594.htm</url><HowtoPreparefortheTest>&lt;text&gt;Your provider will provide you with the supplies needed to collect the stool.&lt;/text&gt;</HowtoPreparefortheTest><WhytheTestisPerformed>&lt;text&gt;These tests are simple ways of finding out whether you have a decrease in pancreas function. This is most often due to  chronic pancreatitis .&lt;/text&gt;&lt;text&gt;These tests are most often done in young children who are thought to have  cystic fibrosis .&lt;/text&gt;&lt;text&gt;Note: This test is used as a screening tool for cystic fibrosis, but it does not diagnose cystic fibrosis. Other tests are needed to confirm a diagnosis of cystic fibrosis.&lt;/text&gt;</WhytheTestisPerformed><NormalResults>&lt;text&gt;The result is normal if there is a normal amount of trypsin or chymotrypsin in the stool.&lt;/text&gt;</NormalResults><WhatAbnormalResultsMean>&lt;text&gt;An abnormal result means the trypsin or chymotrypsin levels in your stool are below the normal range. This may mean that your pancreas is not working properly. Other tests may be done to confirm that there is a problem with your pancreas.&lt;/text&gt;</WhatAbnormalResultsMean><AlternativeNames>&lt;detail&gt;Stool - trypsin and chymotrypsin&lt;/detail&gt;</AlternativeNames><Images><value><img_name>Digestive system organs</img_name><img_url>https://medlineplus.gov/ency/images/ency/fullsize/8710.jpg</img_url></value><value><img_name>Pancreas</img_name><img_url>https://medlineplus.gov/ency/images/ency/fullsize/17194.jpg</img_url></value></Images></item>
<item><title>Troponin test</title><url>https://medlineplus.gov/ency/article/007452.htm</url><HowtoPreparefortheTest>&lt;text&gt;No special steps are needed to prepare, most of the time. &lt;/text&gt;</HowtoPreparefortheTest><WhytheTestisPerformed>&lt;text&gt;The most common reason to perform this test is to see if a heart attack has occurred. Your health care provider will order this test if you have chest pain and other signs of a heart attack. The test is usually repeated two more times over the next 6 to 24 hours.&lt;/text&gt;&lt;text&gt;Your provider may also order this test if you have  angina  that is getting worse, but no other signs of a heart attack. (Angina is chest pain thought to be from a part of your heart not getting enough blood flow.) &lt;/text&gt;&lt;text&gt;The troponin test may also be done to help detect and evaluate other causes of heart injury.&lt;/text&gt;&lt;text&gt;The test may be done along with other cardiac marker tests, such as  CPK isoenzymes  or  myoglobin .&lt;/text&gt;</WhytheTestisPerformed><NormalResults>&lt;text&gt;Cardiac troponin levels are normally so low they cannot be detected with most blood tests.&lt;/text&gt;&lt;text&gt;Having normal troponin levels 12 hours after chest pain has started means a heart attack is unlikely.&lt;/text&gt;&lt;text&gt;A normal value range may vary slightly among different laboratories. Some labs use different measurements (for example, "high sensitivity troponin test") or test different samples. Also, some labs have different cutoff points for "normal" and "probable myocardial infarction." Talk to your provider about the meaning of your specific test results.&lt;/text&gt;</NormalResults><WhatAbnormalResultsMean>&lt;text&gt;Even a slight increase in the troponin level will often mean there has been some damage to the heart. Very high levels of troponin are a sign that a heart attack has occurred.&lt;/text&gt;&lt;text&gt;Most patients who have had a heart attack have increased troponin levels within 6 hours. After 12 hours, almost everyone who has had a heart attack will have raised levels.&lt;/text&gt;&lt;text&gt;Troponin levels may remain high for 1 to 2 weeks after a heart attack.&lt;/text&gt;&lt;text&gt;Increased troponin levels may also be due to:&lt;/text&gt;&lt;detail&gt;Abnormally fast heartbeat&lt;/detail&gt;&lt;detail&gt;High blood pressure in lung arteries ( pulmonary hypertension )&lt;/detail&gt;&lt;detail&gt;Blockage of a lung artery by a blood clot, fat, or tumor cells ( pulmonary embolus )&lt;/detail&gt;&lt;detail&gt;Congestive heart failure&lt;/detail&gt;&lt;detail&gt; Coronary artery spasm &lt;/detail&gt;&lt;detail&gt;Inflammation of the heart muscle usually due to a virus ( myocarditis )&lt;/detail&gt;&lt;detail&gt;Prolonged exercise (for example, due to marathons or triathlons)&lt;/detail&gt;&lt;detail&gt;Trauma that injures the heart, such as a car accident&lt;/detail&gt;&lt;detail&gt;Weakening of the heart muscle ( cardiomyopathy )&lt;/detail&gt;&lt;detail&gt;Long-term kidney disease &lt;/detail&gt;&lt;text&gt;Increased troponin levels may also result from certain medical procedures such as: &lt;/text&gt;&lt;detail&gt;Cardiac angioplasty/stenting&lt;/detail&gt;&lt;detail&gt;Heart defibrillation or  electrical cardioversion  (purposeful shocking of the heart by medical personnel to correct an abnormal heart rhythm)&lt;/detail&gt;&lt;detail&gt;Open heart surgery&lt;/detail&gt;&lt;detail&gt;Radiofrequency ablation of the heart &lt;/detail&gt;</WhatAbnormalResultsMean><AlternativeNames>&lt;detail&gt;TroponinI&lt;/detail&gt;&lt;detail&gt; TnI&lt;/detail&gt;&lt;detail&gt; TroponinT&lt;/detail&gt;&lt;detail&gt; TnT&lt;/detail&gt;&lt;detail&gt; Cardiac-specific troponin I&lt;/detail&gt;&lt;detail&gt; Cardiac-specific troponin T&lt;/detail&gt;&lt;detail&gt; cTnl&lt;/detail&gt;&lt;detail&gt; cTnT&lt;/detail&gt;</AlternativeNames></item>
<item><title>Triglyceride level</title><url>https://medlineplus.gov/ency/article/003493.htm</url><HowtoPreparefortheTest>&lt;text&gt;You should not eat for 8 to 12 hours before the test.&lt;/text&gt;&lt;text&gt;Alcohol and some medicines can interfere with blood test results.&lt;/text&gt;&lt;detail&gt;Make sure your health care provider knows what medicines you take, including over-the-counter drugs and supplements.&lt;/detail&gt;&lt;detail&gt;Your provider will tell you if you need to stop taking any medicines before you have this test. &lt;/detail&gt;&lt;detail&gt;DO NOT stop or change your medicines without talking to your provider first.&lt;/detail&gt;</HowtoPreparefortheTest><WhytheTestisPerformed>&lt;text&gt;Triglycerides are usually measured together with other blood fats. Often it is done to help determine your risk of developing heart disease. A high triglyceride level may lead to  atherosclerosis , which increases your risk of heart attack and stroke.&lt;/text&gt;&lt;text&gt;A high triglyceride level may also cause swelling of your pancreas (called pancreatitis).&lt;/text&gt;</WhytheTestisPerformed><NormalResults>&lt;text&gt;Results may indicate:&lt;/text&gt;&lt;detail&gt;Normal: Less than 150 mg/dL&lt;/detail&gt;&lt;detail&gt;Borderline high: 150 to 199 mg/dL&lt;/detail&gt;&lt;detail&gt;High: 200 to 499 mg/dL&lt;/detail&gt;&lt;detail&gt;Very high: 500 mg/dL or above&lt;/detail&gt;&lt;text&gt;Normal value ranges may vary slightly among different laboratories. Talk to your provider about the meaning of your specific test results.&lt;/text&gt;&lt;text&gt;The examples above show the common measurements for results for these tests. Some laboratories use different measurements or may test different specimens.&lt;/text&gt;</NormalResults><WhatAbnormalResultsMean>&lt;text&gt;High triglyceride levels may be due to:&lt;/text&gt;&lt;detail&gt; Cirrhosis  or liver damage&lt;/detail&gt;&lt;detail&gt;Diet low in  protein  and high in  carbohydrates &lt;/detail&gt;&lt;detail&gt; Underactive thyroid &lt;/detail&gt;&lt;detail&gt; Nephrotic syndrome  (a kidney disorder)&lt;/detail&gt;&lt;detail&gt;Other medicines such as female hormones&lt;/detail&gt;&lt;detail&gt;Poorly controlled  diabetes &lt;/detail&gt;&lt;detail&gt;Disorder passed down through families in which there are high amounts of cholesterol and triglycerides in the blood. &lt;/detail&gt;&lt;text&gt;Overall, the treatment of elevated triglyceride levels focuses on increased exercise and changes in the diet. Drugs to lower triglyceride levels may be used to prevent pancreatitis for levels above 500 mg/dL.&lt;/text&gt;&lt;text&gt;Low triglyceride levels may be due to:&lt;/text&gt;&lt;detail&gt;Low fat diet&lt;/detail&gt;&lt;detail&gt; Hyperthyroidism  (overactive thyroid)&lt;/detail&gt;&lt;detail&gt; Malabsorption  syndrome (conditions in which the small intestine does not absorb fats well)&lt;/detail&gt;&lt;detail&gt;Malnutrition &lt;/detail&gt;</WhatAbnormalResultsMean><AlternativeNames>&lt;detail&gt;Triacylglycerol test&lt;/detail&gt;</AlternativeNames><Images><value><img_name>Blood test</img_name><img_url>https://medlineplus.gov/ency/images/ency/fullsize/10026.jpg</img_url></value></Images></item>
<item><title>Transvaginal ultrasound</title><url>https://medlineplus.gov/ency/article/003779.htm</url><HowtoPreparefortheTest>&lt;text&gt;You will be asked to undress, usually from the waist down. A transvaginal ultrasound is done with your bladder empty or partly filled.&lt;/text&gt;</HowtoPreparefortheTest><WhytheTestisPerformed>&lt;text&gt;Transvaginal ultrasound may be done for the following problems:&lt;/text&gt;&lt;detail&gt;Abnormal findings on a physical exam, such as cysts,  fibroid  tumors, or other growths&lt;/detail&gt;&lt;detail&gt;Abnormal vaginal bleeding and menstrual problems&lt;/detail&gt;&lt;detail&gt;Certain types of  infertility &lt;/detail&gt;&lt;detail&gt; Ectopic pregnancy &lt;/detail&gt;&lt;detail&gt;Pelvic pain&lt;/detail&gt;&lt;text&gt; Transvaginal ultrasound is also used during pregnancy .&lt;/text&gt; </WhytheTestisPerformed><NormalResults>&lt;text&gt;The pelvic structures or fetus is normal.&lt;/text&gt;</NormalResults><WhatAbnormalResultsMean>&lt;text&gt;An abnormal result may be due to many conditions. Some problems that may be seen include:&lt;/text&gt;&lt;detail&gt;Birth defects&lt;/detail&gt;&lt;detail&gt;Cancers of the uterus, ovaries, vagina, and other pelvic structures&lt;/detail&gt;&lt;detail&gt;Infection, including pelvic inflammatory disease&lt;/detail&gt;&lt;detail&gt;Growths in or around the uterus and ovaries (such as cysts or fibroids)&lt;/detail&gt;&lt;detail&gt;Twisting of the ovaries&lt;/detail&gt;</WhatAbnormalResultsMean><AlternativeNames>&lt;detail&gt;Endovaginal ultrasound&lt;/detail&gt;&lt;detail&gt; Ultrasound - transvaginal&lt;/detail&gt;&lt;detail&gt; Fibroids - transvaginal ultrasound&lt;/detail&gt;&lt;detail&gt; Vaginal bleeding - transvaginal ultrasound&lt;/detail&gt;&lt;detail&gt; Uterine bleeding - transvaginal ultrasound&lt;/detail&gt;&lt;detail&gt; Menstrual bleeding - transvaginal ultrasound&lt;/detail&gt;&lt;detail&gt; Infertility - transvaginal ultrasound&lt;/detail&gt;&lt;detail&gt; Ovarian - transvaginal ultrasound&lt;/detail&gt;&lt;detail&gt; Abscess - transvaginal ultrasound&lt;/detail&gt;</AlternativeNames><Images><value><img_name>Ultrasound in pregnancy</img_name><img_url>https://medlineplus.gov/ency/images/ency/fullsize/1110.jpg</img_url></value><value><img_name>Female reproductive anatomy</img_name><img_url>https://medlineplus.gov/ency/images/ency/fullsize/1112.jpg</img_url></value><value><img_name>Uterus</img_name><img_url>https://medlineplus.gov/ency/images/ency/fullsize/19263.jpg</img_url></value><value><img_name>Transvaginal ultrasound</img_name><img_url>https://medlineplus.gov/ency/images/ency/fullsize/9987.jpg</img_url></value></Images></item>
<item><title>Transillumination</title><url>https://medlineplus.gov/ency/article/003389.htm</url><HowtoPreparefortheTest>&lt;text&gt;No preparation is necessary for this test.&lt;/text&gt;</HowtoPreparefortheTest><WhytheTestisPerformed>&lt;text&gt;This test may be done along with other tests to diagnose:&lt;/text&gt;&lt;detail&gt; Hydrocephalus  in newborns or infants&lt;/detail&gt;&lt;detail&gt;Fluid-filled sac in the scrotum ( hydrocele ) or a tumor in the testicle&lt;/detail&gt;&lt;detail&gt;Breast lesions or cysts in women &lt;/detail&gt;&lt;text&gt;In newborns, a bright halogen light may be used to transilluminate the chest cavity if there are signs of a collapsed lung or air around the heart. (Transillumination through the chest is only possible on small newborns.)&lt;/text&gt;&lt;text&gt;In general, transillumination is not an accurate enough test to rely on. Further tests, such as an x-ray, CT, or ultrasound, are needed to confirm the diagnosis.&lt;/text&gt;</WhytheTestisPerformed><NormalResults>&lt;text&gt;Normal findings depend on the area being evaluated and the normal tissue of that area.&lt;/text&gt;</NormalResults><WhatAbnormalResultsMean>&lt;text&gt;Areas filled with abnormal air or fluid light up when they should not. For example, in a darkened room, the head of a newborn with possible hydrocephalus will light up when this procedure is done.&lt;/text&gt;&lt;text&gt;When done on the breast:&lt;/text&gt;&lt;detail&gt;Internal areas will be dark to black if there is a lesion and bleeding has occurred (because blood does not transilluminate).&lt;/detail&gt;&lt;detail&gt; Benign  tumors tend to appear red.&lt;/detail&gt;&lt;detail&gt;Malignant tumors are brown to black. &lt;/detail&gt;</WhatAbnormalResultsMean><Images><value><img_name>Infant brain test</img_name><img_url>https://medlineplus.gov/ency/images/ency/fullsize/9854.jpg</img_url></value></Images></item>
<item><title>Toxoplasma blood test</title><url>https://medlineplus.gov/ency/article/003514.htm</url><HowtoPreparefortheTest>&lt;text&gt;There is no special preparation for the test.&lt;/text&gt;</HowtoPreparefortheTest><WhytheTestisPerformed>&lt;text&gt;The test is done when the health care provider suspects that you have  toxoplasmosis . The infection is a danger to a developing baby if a pregnant woman gets infected. It is also dangerous in people with  HIV/AIDS .&lt;/text&gt;&lt;text&gt;In pregnant women, the test is done to:&lt;/text&gt;&lt;detail&gt;Check if a woman has a current infection or had an infection in the past.&lt;/detail&gt;&lt;detail&gt;Check if the baby has the infection.&lt;/detail&gt;&lt;text&gt;The presence of antibodies before pregnancy probably protects a developing baby against toxoplasmosis at birth. But antibodies that develop during pregnancy may mean the mother and baby are infected. This infection during pregnancy increases the risk for miscarriage or birth defects.&lt;/text&gt;&lt;text&gt;This test may also be done if you have:&lt;/text&gt;&lt;detail&gt;An unexplained lymph node swelling&lt;/detail&gt;&lt;detail&gt;An unexplained rise in the blood white cell (lymphocyte) count&lt;/detail&gt;&lt;detail&gt;HIV and have symptoms of a toxoplasmosis of the brain (including headache, seizures, weakness, and speech or vision problems)&lt;/detail&gt;&lt;detail&gt;Inflammation of the back part of the eye (chorioretinitis)&lt;/detail&gt;</WhytheTestisPerformed><NormalResults>&lt;text&gt;Normal results mean you have likely never had a toxoplasma infection. &lt;/text&gt;&lt;text&gt;Normal value ranges may vary slightly among different laboratories. Some labs use different measurements or test different samples. Talk to your provider about the meaning of your specific test result.&lt;/text&gt;</NormalResults><WhatAbnormalResultsMean>&lt;text&gt;Abnormal results mean that you have probably been infected with the parasite. Two types of antibodies are measured, IgM and IgG:&lt;/text&gt;&lt;detail&gt;If level of IgM antibodies is raised, you likely became infected in the recent past.&lt;/detail&gt;&lt;detail&gt;If level of IgG antibodies is raised, you became infected sometime in the past.&lt;/detail&gt;</WhatAbnormalResultsMean><AlternativeNames>&lt;detail&gt;Toxoplasma serology&lt;/detail&gt;&lt;detail&gt; Toxoplasma antibody titer&lt;/detail&gt;</AlternativeNames><Images><value><img_name>Blood test</img_name><img_url>https://medlineplus.gov/ency/images/ency/fullsize/10026.jpg</img_url></value></Images></item>
<item><title>Toxicology screen</title><url>https://medlineplus.gov/ency/article/003578.htm</url><HowtoPreparefortheTest>&lt;text&gt;No special preparation is needed. If you are able, tell your health care provider what drugs (including over-the-counter medicines) you have taken, including when you took them and how much you consumed.&lt;/text&gt;&lt;text&gt;This test is sometimes part of an investigation for drug use or abuse. Special consents, handling and labeling of specimens, or other procedures may be required.&lt;/text&gt;</HowtoPreparefortheTest><WhytheTestisPerformed>&lt;text&gt;This test is often done in emergency medical situations. It can be used to evaluate possible accidental or intentional overdose or poisoning. It may help determine the cause of  acute  drug toxicity, monitor drug dependency, and determine the presence of substances in the body for medical or legal purposes.&lt;/text&gt;&lt;text&gt;Additional reasons the test may be performed include:&lt;/text&gt;&lt;detail&gt; Alcoholism &lt;/detail&gt;&lt;detail&gt; Alcohol withdrawal state &lt;/detail&gt;&lt;detail&gt;Altered mental state&lt;/detail&gt;&lt;detail&gt; Analgesic nephropathy  (kidney poisoning)&lt;/detail&gt;&lt;detail&gt; Complicated alcohol abstinence (delirium tremens) &lt;/detail&gt;&lt;detail&gt; Delirium &lt;/detail&gt;&lt;detail&gt; Dementia &lt;/detail&gt;&lt;detail&gt;Drug abuse monitoring&lt;/detail&gt;&lt;detail&gt;Fetal alcohol syndrome&lt;/detail&gt;&lt;detail&gt;Intentional overdose&lt;/detail&gt;&lt;detail&gt;Seizures&lt;/detail&gt;&lt;detail&gt;Stroke caused by cocaine use&lt;/detail&gt;&lt;detail&gt;Suspected sexual assault&lt;/detail&gt;&lt;detail&gt;Unconsciousness &lt;/detail&gt;&lt;text&gt;If the test is used as a drug screen, it must be done within a certain amount of time after the drug was taken, or while forms of the drug can still be detected in the body. Examples are below:&lt;/text&gt;&lt;detail&gt;Alcohol: 3 to 10 hours&lt;/detail&gt;&lt;detail&gt;Amphetamines: 24 to 48 hours&lt;/detail&gt;&lt;detail&gt;Barbiturates: up to 6 weeks&lt;/detail&gt;&lt;detail&gt;Benzodiazepines: up to 6 weeks with high level use&lt;/detail&gt;&lt;detail&gt;Cocaine: 2 to 4 days; up to 10 to 22 days with heavy use&lt;/detail&gt;&lt;detail&gt;Codeine: 1 to 2 days&lt;/detail&gt;&lt;detail&gt;Heroin: 1 to 2 days&lt;/detail&gt;&lt;detail&gt;Hydromorphone: 1 to 2 days&lt;/detail&gt;&lt;detail&gt;Methadone: 2 to 3 days&lt;/detail&gt;&lt;detail&gt;Morphine: 1 to 2 days&lt;/detail&gt;&lt;detail&gt;Phencyclidine (PCP): 1 to 8 days&lt;/detail&gt;&lt;detail&gt;Propoxyphene: 6 to 48 hours&lt;/detail&gt;&lt;detail&gt;Tetrahydrocannabinol (THC): 6 to 11 weeks with heavy use &lt;/detail&gt;</WhytheTestisPerformed><NormalResults>&lt;text&gt;Normal value ranges for over-the-counter or prescription medicines may vary slightly among different laboratories. Talk to your provider about the meaning of your specific test results.&lt;/text&gt;&lt;text&gt;A negative value most often means that alcohol, prescription medicines that have not been prescribed, and illegal drugs have not been detected.&lt;/text&gt;&lt;text&gt;A blood toxicology screen can determine the presence and level (amount) of a drug in your body.&lt;/text&gt;&lt;text&gt;Urine sample results are often reported as positive (substance is found) or negative (no substance is found).&lt;/text&gt;</NormalResults><WhatAbnormalResultsMean>&lt;text&gt;Elevated levels of alcohol or prescription drugs can be a sign of intentional or accidental intoxication or overdose.&lt;/text&gt;&lt;text&gt;The presence of illegal drugs or drugs not prescribed for the person indicates  illicit drug use .&lt;/text&gt;&lt;text&gt;Some legal prescription and over the counter medicines may interact with the testing chemicals and false results in urine tests. Your provider will be aware of this possibility.&lt;/text&gt;</WhatAbnormalResultsMean><AlternativeNames>&lt;detail&gt;Barbiturates - screen&lt;/detail&gt;&lt;detail&gt; Benzodiazepines - screen&lt;/detail&gt;&lt;detail&gt; Amphetamines - screen&lt;/detail&gt;&lt;detail&gt; Analgesics - screen&lt;/detail&gt;&lt;detail&gt; Antidepressants - screen&lt;/detail&gt;&lt;detail&gt; Narcotics - screen&lt;/detail&gt;&lt;detail&gt; Phenothiazines - screen&lt;/detail&gt;&lt;detail&gt; Drug abuse screen&lt;/detail&gt;&lt;detail&gt; Blood alcohol test&lt;/detail&gt;</AlternativeNames><Images><value><img_name>Blood test</img_name><img_url>https://medlineplus.gov/ency/images/ency/fullsize/10026.jpg</img_url></value></Images></item>
<item><title>Total protein</title><url>https://medlineplus.gov/ency/article/003483.htm</url><HowtoPreparefortheTest>&lt;text&gt;Many medicines can interfere with blood test results.&lt;/text&gt;&lt;detail&gt;Your health care provider will tell you if you need to stop taking any medicines before you have this test.&lt;/detail&gt;&lt;detail&gt;DO NOT stop or change your medicines without talking to your provider first. &lt;/detail&gt;</HowtoPreparefortheTest><WhytheTestisPerformed>&lt;text&gt;This test is often done to diagnose nutritional problems, kidney disease or  liver disease .&lt;/text&gt;&lt;text&gt;If total protein is abnormal, you will need to have more tests to look for the exact cause of the problem.&lt;/text&gt;</WhytheTestisPerformed><NormalResults>&lt;text&gt;The normal range is 6.0 to 8.3 grams per deciliter (g/dL) or 60 to 83 g/L.&lt;/text&gt;&lt;text&gt;Normal value ranges may vary slightly among different laboratories. Talk to your provider about the meaning of your specific test results.&lt;/text&gt;&lt;text&gt;The examples above show the common measurements for results for these tests. Some laboratories use different measurements or may test different specimens.&lt;/text&gt;</NormalResults><WhatAbnormalResultsMean>&lt;text&gt;Higher-than-normal levels may be due to:&lt;/text&gt;&lt;detail&gt; Chronic  inflammation or infection, including HIV and hepatitis B or C&lt;/detail&gt;&lt;detail&gt; Multiple myeloma &lt;/detail&gt;&lt;detail&gt; Waldenstrom disease &lt;/detail&gt;&lt;text&gt;Lower-than-normal levels may be due to:&lt;/text&gt;&lt;detail&gt; Agammaglobulinemia &lt;/detail&gt;&lt;detail&gt;Bleeding (hemorrhage)&lt;/detail&gt;&lt;detail&gt; Burns  (extensive)&lt;/detail&gt;&lt;detail&gt; Glomerulonephritis &lt;/detail&gt;&lt;detail&gt; Liver disease &lt;/detail&gt;&lt;detail&gt; Malabsorption &lt;/detail&gt;&lt;detail&gt;Malnutrition&lt;/detail&gt;&lt;detail&gt;Nephrotic syndrome&lt;/detail&gt;&lt;detail&gt;Protein-losing enteropathy &lt;/detail&gt;</WhatAbnormalResultsMean><Images><value><img_name>Blood test</img_name><img_url>https://medlineplus.gov/ency/images/ency/fullsize/10026.jpg</img_url></value></Images></item>
<item><title>Total iron binding capacity</title><url>https://medlineplus.gov/ency/article/003489.htm</url><HowtoPreparefortheTest>&lt;text&gt;You should not eat or drink for 8 hours before the test.&lt;/text&gt;&lt;text&gt;Certain medicines may affect the result of this test. Your provider will tell you if you need to stop taking any medicines. DO NOT stop any medicine before talking to your provider.&lt;/text&gt;&lt;text&gt;Medicines that can affect the test result include:&lt;/text&gt;&lt;detail&gt;Adrenocorticotropic hormone (ACTH)&lt;/detail&gt;&lt;detail&gt;Birth control pills&lt;/detail&gt;&lt;detail&gt;Chloramphenicol&lt;/detail&gt;&lt;detail&gt;Fluorides &lt;/detail&gt;</HowtoPreparefortheTest><WhytheTestisPerformed>&lt;text&gt;Your provider may recommend this test if:&lt;/text&gt;&lt;detail&gt;You have signs or symptoms of  anemia  due to low iron.&lt;/detail&gt;&lt;detail&gt;Other lab tests suggest you have anemia due to low iron levels &lt;/detail&gt;</WhytheTestisPerformed><NormalResults>&lt;text&gt;Normal value range is:&lt;/text&gt;&lt;detail&gt;Iron: 60 to 170 micrograms per deciliter (mcg/dL) or 10.74 to 30.43 micromoles per liter (micromol/L)&lt;/detail&gt;&lt;detail&gt;TIBC: 240 to 450 mcg/dL or 42.96 to 80.55 micromol/L&lt;/detail&gt;&lt;detail&gt;Transferrin saturation: 20% to 50% &lt;/detail&gt;&lt;text&gt;The numbers above are common measurements for results of these tests. Normal value ranges may vary slightly among different laboratories. Some labs use different measurements or test different samples. Talk to your provider about the meaning of your specific test results.&lt;/text&gt;</NormalResults><WhatAbnormalResultsMean>&lt;text&gt;TIBC is usually higher than normal when the body's iron supplies are low. This can occur with:&lt;/text&gt;&lt;detail&gt; Iron deficiency anemia &lt;/detail&gt;&lt;detail&gt;Pregnancy (late)&lt;/detail&gt;&lt;text&gt;Lower-than-normal TIBC may mean:&lt;/text&gt;&lt;detail&gt;Anemia due to red blood cells being destroyed too quickly ( hemolytic anemia )&lt;/detail&gt;&lt;detail&gt;Lower-than-normal level of protein in the blood (hypoproteinemia)&lt;/detail&gt;&lt;detail&gt;Inflammation&lt;/detail&gt;&lt;detail&gt;Liver disease, such as  cirrhosis &lt;/detail&gt;&lt;detail&gt;Malnutrition&lt;/detail&gt;&lt;detail&gt;Decrease in red blood cells from the intestines not properly absorbing vitamin B12 ( pernicious anemia )&lt;/detail&gt;&lt;detail&gt; Sickle cell anemia &lt;/detail&gt;</WhatAbnormalResultsMean><AlternativeNames>&lt;detail&gt;TIBC&lt;/detail&gt;&lt;detail&gt; Anemia -TIBC&lt;/detail&gt;</AlternativeNames><Images><value><img_name>Blood test</img_name><img_url>https://medlineplus.gov/ency/images/ency/fullsize/10026.jpg</img_url></value></Images></item>
<item><title>TORCH screen</title><url>https://medlineplus.gov/ency/article/003350.htm</url><HowtoPreparefortheTest>&lt;text&gt;For more information about how you can prepare your child, see  infant test or procedure preparation .&lt;/text&gt;</HowtoPreparefortheTest><WhytheTestisPerformed>&lt;text&gt;If a woman becomes infected with certain germs during her pregnancy, the baby may also become infected while still in the womb. The baby is more sensitive to harm from infection during the first 3 to 4 months of the pregnancy.&lt;/text&gt;&lt;text&gt;This test is used to screen infants for TORCH infections. These infections may lead to the following problems in the baby:&lt;/text&gt;&lt;detail&gt;Birth defects&lt;/detail&gt;&lt;detail&gt; Growth delay &lt;/detail&gt;&lt;detail&gt;Brain and nervous system problems&lt;/detail&gt;</WhytheTestisPerformed><NormalResults>&lt;text&gt;Normal values mean there is no sign of infection in the newborn.&lt;/text&gt;&lt;text&gt;Normal value ranges may vary slightly among different laboratories. Talk to your provider about the meaning of your test results.&lt;/text&gt;</NormalResults><WhatAbnormalResultsMean>&lt;text&gt;If high levels of antibodies called immunoglobulins (IgM) against a certain germ are found in the infant, there may be an infection. Your provider may order more tests to confirm a diagnosis.&lt;/text&gt;</WhatAbnormalResultsMean></item>
<item><title>Tonometry</title><url>https://medlineplus.gov/ency/article/003447.htm</url><HowtoPreparefortheTest>&lt;text&gt;Remove contact lenses before the exam. The dye can permanently stain contact lenses.&lt;/text&gt;&lt;text&gt;Tell your provider if you have a history of  corneal ulcers or eye infections , or a history of glaucoma in your family. Always tell your provider what medicines you are taking.&lt;/text&gt;</HowtoPreparefortheTest><WhytheTestisPerformed>&lt;text&gt;Tonometry is a test to measure the pressure inside your eyes. The test is used to screen for glaucoma.&lt;/text&gt;&lt;text&gt;People over age 40, especially African Americans, have the highest risk for developing glaucoma. Regular eye exams can help detect glaucoma early. If it is detected early, glaucoma can be treated before too much damage is done.&lt;/text&gt;&lt;text&gt;The test may also be done before and after eye surgery.&lt;/text&gt;</WhytheTestisPerformed><NormalResults>&lt;text&gt;A normal result means your eye pressure is within the normal range. The normal eye pressure range is 10 to 21 mm Hg.&lt;/text&gt;&lt;text&gt;The thickness of your cornea can affect measurements. Normal eyes with thick corneas have higher readings, and normal eyes with thin corneas have lower readings. A thin cornea with a high reading may be very abnormal (the actual eye pressure will be higher than shown on the tonometer).&lt;/text&gt;&lt;text&gt;A corneal thickness measurement (pachymetry) is needed to get a correct pressure measurement.&lt;/text&gt;&lt;text&gt;Talk to your doctor about the meaning of your specific test results.&lt;/text&gt;</NormalResults><WhatAbnormalResultsMean>&lt;text&gt;Abnormal results may be due to:&lt;/text&gt;&lt;detail&gt;Glaucoma&lt;/detail&gt;&lt;detail&gt; Hyphema  (blood in the front chamber of the eye)&lt;/detail&gt;&lt;detail&gt;Inflammation in the eye&lt;/detail&gt;&lt;detail&gt;Injury to the eye or head &lt;/detail&gt;</WhatAbnormalResultsMean><AlternativeNames>&lt;detail&gt;Intraocular pressure (IOP) measurement&lt;/detail&gt;&lt;detail&gt; Glaucoma test&lt;/detail&gt;&lt;detail&gt; Goldmann applanation tonometry (GAT)&lt;/detail&gt;</AlternativeNames><Images><value><img_name>Eye</img_name><img_url>https://medlineplus.gov/ency/images/ency/fullsize/1094.jpg</img_url></value></Images></item>
<item><title>Tongue biopsy</title><url>https://medlineplus.gov/ency/article/003849.htm</url><HowtoPreparefortheTest>&lt;text&gt;You may be told not to eat or drink anything for several hours before the test.&lt;/text&gt;</HowtoPreparefortheTest><WhytheTestisPerformed>&lt;text&gt;The test is done to find the cause of abnormal growths or suspicious-looking areas of the tongue.&lt;/text&gt;</WhytheTestisPerformed><NormalResults>&lt;text&gt;The tongue tissue is normal when examined. &lt;/text&gt;</NormalResults><WhatAbnormalResultsMean>&lt;text&gt;Abnormal results may mean:&lt;/text&gt;&lt;detail&gt;Amyloidosis&lt;/detail&gt;&lt;detail&gt; Tongue (oral) cancer &lt;/detail&gt;&lt;detail&gt;Viral ulcer&lt;/detail&gt;&lt;detail&gt;Benign tumors&lt;/detail&gt;</WhatAbnormalResultsMean><AlternativeNames>&lt;detail&gt;Biopsy - tongue&lt;/detail&gt;</AlternativeNames><Images><value><img_name>Throat anatomy</img_name><img_url>https://medlineplus.gov/ency/images/ency/fullsize/1118.jpg</img_url></value><value><img_name>Tongue biopsy</img_name><img_url>https://medlineplus.gov/ency/images/ency/fullsize/9978.jpg</img_url></value></Images></item>
<item><title>Thyroid ultrasound</title><url>https://medlineplus.gov/ency/article/003776.htm</url><HowtoPreparefortheTest>&lt;text&gt;No special preparation is necessary for this test.&lt;/text&gt;</HowtoPreparefortheTest><WhytheTestisPerformed>&lt;text&gt;A thyroid ultrasound is usually done when physical exam shows any of these findings:&lt;/text&gt;&lt;detail&gt;You have a growth on your thyroid gland, called a  thyroid nodule .&lt;/detail&gt;&lt;detail&gt;The thyroid feels big or irregular, called a  goiter .&lt;/detail&gt;&lt;detail&gt;You have abnormal lymph nodes near your thyroid.&lt;/detail&gt;&lt;text&gt;Ultrasound is also often used to guide the needle in biopsies of:&lt;/text&gt;&lt;detail&gt; Thyroid nodules or the thyroid gland  -- In this test, a needle draws out a small amount of tissue from the nodule or thyroid gland. This is a test to diagnose thyroid disease or thyroid cancer.&lt;/detail&gt;&lt;detail&gt;The parathyroid gland.&lt;/detail&gt;&lt;detail&gt;Lymph nodes in the area of the thyroid.&lt;/detail&gt;</WhytheTestisPerformed><NormalResults>&lt;text&gt;A normal result will show that the thyroid has a normal size, shape, and position.&lt;/text&gt;</NormalResults><WhatAbnormalResultsMean>&lt;text&gt;Abnormal results may be due to:&lt;/text&gt;&lt;detail&gt;Cysts (nodules filled with fluid)&lt;/detail&gt;&lt;detail&gt;Enlargement of the thyroid gland ( goiter )&lt;/detail&gt;&lt;detail&gt;Thyroid  nodules &lt;/detail&gt;&lt;detail&gt;Thyroiditis, or inflammation of the thyroid (if a biopsy is done)&lt;/detail&gt;&lt;detail&gt; Thyroid cancer  (if a biopsy is done) &lt;/detail&gt;&lt;text&gt;Your health care provider can use these results and the results of other tests to direct your care.&lt;/text&gt;</WhatAbnormalResultsMean><AlternativeNames>&lt;detail&gt;Ultrasound - thyroid&lt;/detail&gt;&lt;detail&gt; Thyroid sonogram&lt;/detail&gt;&lt;detail&gt; Thyroid echogram&lt;/detail&gt;&lt;detail&gt; Thyroid nodule - ultrasound&lt;/detail&gt;&lt;detail&gt; Goiter - ultrasound&lt;/detail&gt;</AlternativeNames><Images><value><img_name>Thyroid ultrasound</img_name><img_url>https://medlineplus.gov/ency/images/ency/fullsize/18056.jpg</img_url></value><value><img_name>Thyroid gland</img_name><img_url>https://medlineplus.gov/ency/images/ency/fullsize/8966.jpg</img_url></value></Images></item>
<item><title>Thyroid scan</title><url>https://medlineplus.gov/ency/article/003829.htm</url><HowtoPreparefortheTest>&lt;text&gt;Follow instructions about not eating before the test. You may be told not to eat after the midnight before your scan.&lt;/text&gt;&lt;text&gt;Tell your health care provider if you are taking anything that contains iodine because it may affect your test results. This includes some medicines, including thyroid drugs. Supplements such as kelp also contain iodine.&lt;/text&gt;&lt;text&gt;Also tell your provider if you have:&lt;/text&gt;&lt;detail&gt;Diarrhea (may decrease absorption of the radioactive iodine)&lt;/detail&gt;&lt;detail&gt;Had recent CT scans using intravenous or oral iodine-based contrast (within the past 2 weeks)&lt;/detail&gt;&lt;detail&gt;Too little or too much iodine in your diet &lt;/detail&gt;&lt;text&gt;Remove jewelry, dentures, or other metals because they may interfere with the image.&lt;/text&gt;</HowtoPreparefortheTest><WhytheTestisPerformed>&lt;text&gt;This test is done to:&lt;/text&gt;&lt;detail&gt;Evaluate thyroid nodules or  goiter &lt;/detail&gt;&lt;detail&gt;Find the cause of an  overactive thyroid gland &lt;/detail&gt;&lt;detail&gt;Check for thyroid cancer (rarely, since other tests are more accurate for this) &lt;/detail&gt;</WhytheTestisPerformed><NormalResults>&lt;text&gt;Normal test results will show that the thyroid appears to be the correct size, shape, and in the proper location. It is an even gray color on the computer image without darker or lighter areas.&lt;/text&gt;</NormalResults><WhatAbnormalResultsMean>&lt;text&gt;A thyroid that is enlarged or pushed off to one side could be a sign of a  tumor . &lt;/text&gt;&lt;text&gt;Nodules absorb more or less iodine and this will make them look darker or lighter on the scan. A nodule is usually lighter if it has not taken up the iodine. If part of the thyroid appears lighter, it could be a thyroid problem. Nodules that are darker have taken up more iodine. They can be overactive and may be the cause of an overactive thyroid.&lt;/text&gt;&lt;text&gt;The computer will also show the percentage of iodine that has collected in your thyroid gland (radioiodine uptake). If your gland collects too much iodine, it may be due to an overactive thyroid. If your gland collects too little iodine, it may be due to an inflammation or other damage to the thyroid.&lt;/text&gt;</WhatAbnormalResultsMean><AlternativeNames>&lt;detail&gt;Scan - thyroid&lt;/detail&gt;&lt;detail&gt; Radioactive iodine uptake and scan test - thyroid&lt;/detail&gt;&lt;detail&gt; Nuclear scan - thyroid&lt;/detail&gt;&lt;detail&gt; Thyroid nodule - scan&lt;/detail&gt;&lt;detail&gt; Goiter - scan&lt;/detail&gt;&lt;detail&gt; Hyperthyroidism - scan&lt;/detail&gt;</AlternativeNames><Images><value><img_name>Thyroid enlargement - scintiscan</img_name><img_url>https://medlineplus.gov/ency/images/ency/fullsize/1206.jpg</img_url></value><value><img_name>Thyroid gland</img_name><img_url>https://medlineplus.gov/ency/images/ency/fullsize/8966.jpg</img_url></value></Images></item>
<item><title>Throat swab culture</title><url>https://medlineplus.gov/ency/article/003746.htm</url><HowtoPreparefortheTest>&lt;text&gt;DO NOT use antiseptic mouthwash before this test.&lt;/text&gt;</HowtoPreparefortheTest><WhytheTestisPerformed>&lt;text&gt;This test is done when a throat infection is suspected, particularly strep throat. A throat culture can also help your provider determine which antibiotic will work best for you.&lt;/text&gt;</WhytheTestisPerformed><NormalResults>&lt;text&gt;A normal or negative result means no bacteria or other germs that may cause a sore throat were found.&lt;/text&gt;</NormalResults><WhatAbnormalResultsMean>&lt;text&gt;An abnormal or positive result means bacteria or other germs that can cause a sore throat were seen on the throat swab.&lt;/text&gt;</WhatAbnormalResultsMean><AlternativeNames>&lt;detail&gt;Throat culture and sensitivity&lt;/detail&gt;&lt;detail&gt; Culture - throat&lt;/detail&gt;</AlternativeNames><Images><value><img_name>Throat anatomy</img_name><img_url>https://medlineplus.gov/ency/images/ency/fullsize/1118.jpg</img_url></value><value><img_name>Throat swabs</img_name><img_url>https://medlineplus.gov/ency/images/ency/fullsize/9950.jpg</img_url></value></Images></item>
<item><title>Thoracic spine x-ray</title><url>https://medlineplus.gov/ency/article/003806.htm</url><HowtoPreparefortheTest>&lt;text&gt;Tell the provider if you are pregnant. Also tell the provider if you have had surgery in your chest, abdomen, or pelvis.&lt;/text&gt;&lt;text&gt;Remove all jewelry.&lt;/text&gt;</HowtoPreparefortheTest><WhytheTestisPerformed>&lt;text&gt;The x-ray helps evaluate:&lt;/text&gt;&lt;detail&gt;Bone injuries&lt;/detail&gt;&lt;detail&gt;Cartilage loss&lt;/detail&gt;&lt;detail&gt;Diseases of the bone&lt;/detail&gt;&lt;detail&gt;Tumors of the bone &lt;/detail&gt;</WhytheTestisPerformed><WhatAbnormalResultsMean>&lt;text&gt;The test can detect:&lt;/text&gt;&lt;detail&gt;Bone spurs&lt;/detail&gt;&lt;detail&gt;Deformities of the spine&lt;/detail&gt;&lt;detail&gt;Disk narrowing&lt;/detail&gt;&lt;detail&gt;Dislocations&lt;/detail&gt;&lt;detail&gt; Fractures &lt;/detail&gt;&lt;detail&gt;Thinning of the bone ( osteoporosis )&lt;/detail&gt;&lt;detail&gt;Wearing away (degeneration) of the vertebrae &lt;/detail&gt;</WhatAbnormalResultsMean><AlternativeNames>&lt;detail&gt;Vertebral radiography&lt;/detail&gt;&lt;detail&gt; X-ray - spine&lt;/detail&gt;&lt;detail&gt; Thoracic x-ray&lt;/detail&gt;&lt;detail&gt; Spine x-ray&lt;/detail&gt;&lt;detail&gt; Thoracic spine films&lt;/detail&gt;&lt;detail&gt; Back films&lt;/detail&gt;</AlternativeNames><Images><value><img_name>Skeletal spine</img_name><img_url>https://medlineplus.gov/ency/images/ency/fullsize/1116.jpg</img_url></value><value><img_name>Vertebra, thoracic (mid back)</img_name><img_url>https://medlineplus.gov/ency/images/ency/fullsize/1774.jpg</img_url></value><value><img_name>Vertebral column</img_name><img_url>https://medlineplus.gov/ency/images/ency/fullsize/1775.jpg</img_url></value><value><img_name>Intervertebral disk</img_name><img_url>https://medlineplus.gov/ency/images/ency/fullsize/19469.jpg</img_url></value><value><img_name>Anterior skeletal anatomy</img_name><img_url>https://medlineplus.gov/ency/images/ency/fullsize/9065.jpg</img_url></value></Images></item>
<item><title>Thoracic spine CT scan</title><url>https://medlineplus.gov/ency/article/007442.htm</url><HowtoPreparefortheTest>&lt;text&gt;Certain exams require a special dye, called contrast. Contrast is delivered into the body before the test starts. This helps certain areas show up better on the x-rays.&lt;/text&gt;&lt;text&gt;Contrast can be given in several ways. It may be given as an injection through:&lt;/text&gt;&lt;detail&gt;A vein (IV) in your hand or forearm.&lt;/detail&gt;&lt;detail&gt;Your back into the space surrounding the spinal cord.&lt;/detail&gt;&lt;text&gt;If contrast is used, you may also be asked not to eat or drink anything for 4 to 6 hours before the test.&lt;/text&gt;&lt;text&gt;Before receiving the contrast, tell your health care provider if:&lt;/text&gt;&lt;detail&gt;You have ever had a reaction to contrast. You may need to take medicines before the test to safely receive the dye.&lt;/detail&gt;&lt;detail&gt;You take the diabetes medicine metformin (Glucophage). You may need to take extra steps if you take this medicine.&lt;/detail&gt;&lt;text&gt;Find out if the CT machine has a weight limit if you weigh more than 300 pounds (135 kilograms). Too much weight can cause damage to the scanner.&lt;/text&gt;&lt;text&gt;You will be asked to remove jewelry and wear a hospital gown during the study.&lt;/text&gt;</HowtoPreparefortheTest><WhytheTestisPerformed>&lt;text&gt;CT rapidly creates detailed pictures of the thoracic spine. The test may help diagnose or detect:&lt;/text&gt;&lt;detail&gt;Birth defects of the spine in children&lt;/detail&gt;&lt;detail&gt;Bone fracture in the spine&lt;/detail&gt;&lt;detail&gt;Arthritis of the spine&lt;/detail&gt;&lt;detail&gt;Curvature of the spine&lt;/detail&gt;&lt;detail&gt;Tumor of the spine&lt;/detail&gt;&lt;detail&gt;Other spinal injury &lt;/detail&gt;&lt;text&gt;Thoracic CT scan can also be used during or after:&lt;/text&gt;&lt;detail&gt;Myelography: An x-ray of the spinal cord and spinal nerve roots&lt;/detail&gt;&lt;detail&gt;Discography: An x-ray of the disk&lt;/detail&gt;</WhytheTestisPerformed><NormalResults>&lt;text&gt;Results are normal if the thoracic spine looks normal.&lt;/text&gt;</NormalResults><WhatAbnormalResultsMean>&lt;text&gt;Abnormal results may be due to:&lt;/text&gt;&lt;detail&gt;Birth defects of the spine&lt;/detail&gt;&lt;detail&gt;Bone problems&lt;/detail&gt;&lt;detail&gt;Fracture&lt;/detail&gt;&lt;detail&gt; Herniated (slipped) disk &lt;/detail&gt;&lt;detail&gt;Infection of the spine&lt;/detail&gt;&lt;detail&gt;Narrowing of the spine ( spinal stenosis )&lt;/detail&gt;&lt;detail&gt; Scoliosis &lt;/detail&gt;&lt;detail&gt;Tumor&lt;/detail&gt;</WhatAbnormalResultsMean><AlternativeNames>&lt;detail&gt;CAT scan - thoracic spine&lt;/detail&gt;&lt;detail&gt; Computed axial tomography scan - thoracic spine&lt;/detail&gt;&lt;detail&gt; Computed tomography scan - thoracic spine&lt;/detail&gt;&lt;detail&gt; CT scan - upper back&lt;/detail&gt;</AlternativeNames></item>
<item><title>Thoracentesis</title><url>https://medlineplus.gov/ency/article/003420.htm</url><HowtoPreparefortheTest>&lt;text&gt;No special preparation is needed before the test. A  chest x-ray  or ultrasound will be done before and after the test.&lt;/text&gt;&lt;text&gt;DO NOT cough, breathe deeply, or move during the test to avoid injury to the lung.&lt;/text&gt;</HowtoPreparefortheTest><WhytheTestisPerformed>&lt;text&gt;Normally, very little fluid is in the pleural space. A buildup of too much fluid between the layers of the pleura is called a  pleural effusion .&lt;/text&gt;&lt;text&gt;The test is performed to determine the cause of the extra fluid, or to relieve symptoms from the fluid buildup.&lt;/text&gt;</WhytheTestisPerformed><NormalResults>&lt;text&gt;Normally the pleural cavity contains only a very small amount of fluid.&lt;/text&gt;</NormalResults><WhatAbnormalResultsMean>&lt;text&gt;Testing the fluid will help your provider determine the cause of pleural effusion. Possible causes include:&lt;/text&gt;&lt;detail&gt;Cancer&lt;/detail&gt;&lt;detail&gt;Liver failure&lt;/detail&gt;&lt;detail&gt; Heart failure &lt;/detail&gt;&lt;detail&gt;Low protein levels&lt;/detail&gt;&lt;detail&gt;Kidney disease&lt;/detail&gt;&lt;detail&gt;Trauma or post-surgery&lt;/detail&gt;&lt;detail&gt;Asbestos-related pleural effusion&lt;/detail&gt;&lt;detail&gt;Collagen vascular disease (class of diseases in which the body's immune system attacks its own tissues)&lt;/detail&gt;&lt;detail&gt;Drug reactions&lt;/detail&gt;&lt;detail&gt;Collection of blood in the pleural space (hemothorax)&lt;/detail&gt;&lt;detail&gt; Lung cancer  &lt;/detail&gt;&lt;detail&gt;Swelling and inflammation of the pancreas ( pancreatitis )&lt;/detail&gt;&lt;detail&gt;Pneumonia&lt;/detail&gt;&lt;detail&gt;Blockage of an artery in the lungs (pulmonary embolism)&lt;/detail&gt;&lt;detail&gt;Severely  underactive thyroid gland &lt;/detail&gt;&lt;text&gt;If your provider suspects that you have an infection, a culture of the fluid may be done to test for bacteria.&lt;/text&gt;</WhatAbnormalResultsMean><AlternativeNames>&lt;detail&gt;Pleural fluid aspiration&lt;/detail&gt;&lt;detail&gt; Pleural tap&lt;/detail&gt;</AlternativeNames></item>
<item><title>Therapeutic drug levels</title><url>https://medlineplus.gov/ency/article/003430.htm</url><HowtoPreparefortheTest>&lt;text&gt;You will need to prepare for some drug level tests.&lt;/text&gt;&lt;detail&gt;Your health care provider will tell you if you need to change the times you take any of your medicines.&lt;/detail&gt;&lt;detail&gt;DO NOT stop or change your medicines without talking to your provider first. &lt;/detail&gt;</HowtoPreparefortheTest><WhytheTestisPerformed>&lt;text&gt;With most medicines, you need a certain level of the drug in your blood to get the proper effect. Some medicines are harmful if the level rises too high and do not work if the levels are too low.&lt;/text&gt;&lt;text&gt;Monitoring the amount of the drug found in your blood allows your provider to make sure the drug levels are in the proper range.&lt;/text&gt;&lt;text&gt;Drug level testing is important in people taking drugs such as:&lt;/text&gt;&lt;detail&gt;Flecainide, procainamide or digoxin, which are used to treat abnormal beating of the heart&lt;/detail&gt;&lt;detail&gt;Phenytoin or valproic acid, which are used to treat seizures&lt;/detail&gt;&lt;detail&gt;Gentamicin or amikacin, which are antibiotics used to treat infections&lt;/detail&gt;&lt;text&gt;Testing may also be done to determine how well your body breaks down the drug or how it interacts with other drugs you need.&lt;/text&gt;</WhytheTestisPerformed><NormalResults>&lt;text&gt;Following are some of the drugs that are commonly checked and the normal target levels:&lt;/text&gt;&lt;detail&gt;Acetaminophen: varies with use&lt;/detail&gt;&lt;detail&gt;Amikacin: 15 to 25 mcg/mL (25.62 to 42.70 micromol/L)&lt;/detail&gt;&lt;detail&gt;Aminophylline: 10 to 20 mcg/mL (55.50 to 111.00 micromol/L)&lt;/detail&gt;&lt;detail&gt;Amitriptyline: 120 to 150 ng/mL (432.60 to 540.75 nmol/L)&lt;/detail&gt;&lt;detail&gt;Carbamazepine: 5 to 12 mcg/mL (21.16 to 50.80 micromol/L)&lt;/detail&gt;&lt;detail&gt;Cyclosporine: 100 to 400 ng/mL (83.20 to 332.80 nmol/L) (12 hours after dose)&lt;/detail&gt;&lt;detail&gt;Desipramine: 150 to 300 ng/mL (563.10 to 1126.20 nmol/L)&lt;/detail&gt;&lt;detail&gt;Digoxin: 0.8 to 2.0 ng/mL (1.02 to 2.56 nanomol/L)&lt;/detail&gt;&lt;detail&gt;Disopyramide: 2 to 5 mcg/mL (5.89 to 14.73 micromol/L)&lt;/detail&gt;&lt;detail&gt;Ethosuximide: 40 to 100 mcg/mL (283.36 to 708.40 micromol/L)&lt;/detail&gt;&lt;detail&gt;Flecainide: 0.2 to 1.0 mcg/mL (0.5 to 2.4 micromol/L)&lt;/detail&gt;&lt;detail&gt;Gentamicin: 5 to 10 mcg/mL (10.45 to 20.90 micromol/L)&lt;/detail&gt;&lt;detail&gt;Imipramine: 150 to 300 ng/mL (534.90 to 1069.80 nmol/L)&lt;/detail&gt;&lt;detail&gt;Kanamycin: 20 to 25 mcg/mL (41.60 to 52.00 micromol/L)&lt;/detail&gt;&lt;detail&gt;Lidocaine: 1.5 to 5.0 mcg/mL (6.40 to 21.34 micromol/L)&lt;/detail&gt;&lt;detail&gt;Lithium: 0.8 to 1.2 mEq/L (0.8 to 1.2 mmol/L)&lt;/detail&gt;&lt;detail&gt;Methotrexate: varies with use &lt;/detail&gt;&lt;detail&gt;Nortriptyline: 50 to 150 ng/mL (189.85 to 569.55 nmol/L)&lt;/detail&gt;&lt;detail&gt;Phenobarbital: 10 to 30 mcg/mL (43.10 to 129.30 micromol/L)&lt;/detail&gt;&lt;detail&gt;Phenytoin: 10 to 20 mcg/mL (39.68 to 79.36 micromol/L)&lt;/detail&gt;&lt;detail&gt;Primidone: 5 to 12 mcg/mL (22.91 to 54.98 micromol/L)&lt;/detail&gt;&lt;detail&gt;Procainamide: 4 to 10 mcg/mL (17.00 to 42.50 micomol/L)&lt;/detail&gt;&lt;detail&gt;Quinidine: 2 to 5 mcg/mL (6.16 to 15.41 micromol/L)&lt;/detail&gt;&lt;detail&gt;Salicylate: varies with use&lt;/detail&gt;&lt;detail&gt;Sirolimus: 4 to 20 ng/mL (4 to 22 nmol/L) (12 hours after dose; varies with use)&lt;/detail&gt;&lt;detail&gt;Tacrolimus: 5 to 15 ng/mL (4 to 25 nmol/L) (12 hours after dose)&lt;/detail&gt;&lt;detail&gt;Theophylline: 10 to 20 mcg/mL (55.50 to 111.00 micromol/L)&lt;/detail&gt;&lt;detail&gt;Tobramycin: 5 to 10 mcg/mL (10.69 to 21.39 micromol/L)&lt;/detail&gt;&lt;detail&gt;Valproic acid: 50 to 100 mcg/mL (346.70 to 693.40 micromol/L)&lt;/detail&gt;&lt;text&gt;Normal value ranges may vary slightly among different laboratories. Talk to your provider about the meaning of your specific test results.&lt;/text&gt;&lt;text&gt;The examples above show the common measurements for results for these tests. Some laboratories use different measurements or may test different specimens.&lt;/text&gt;</NormalResults><WhatAbnormalResultsMean>&lt;text&gt;Values outside the target range may be due to minor changes or be a sign that you need to adjust your dosages. Your provider may tell you to skip a dose if the values measured are too high.&lt;/text&gt;&lt;text&gt;Following are toxic levels for some of the drugs that are commonly checked:&lt;/text&gt;&lt;detail&gt;Acetaminophen: greater than 250 mcg/mL (1653.50 micromol/L)&lt;/detail&gt;&lt;detail&gt;Amikacin: greater than 25 mcg/mL (42.70 micromol/L)&lt;/detail&gt;&lt;detail&gt;Aminophylline: greater than 20 mcg/mL (111.00 micromol/L)&lt;/detail&gt;&lt;detail&gt;Amitriptyline: greater than 500 ng/mL (1802.50 nmol/L)&lt;/detail&gt;&lt;detail&gt;Carbamazepine: greater than 12 mcg/mL (50.80 micromol/L)&lt;/detail&gt;&lt;detail&gt;Cyclosporine: greater than 400 ng/mL (332.80 micromol/L)&lt;/detail&gt;&lt;detail&gt;Desipramine: greater than 500 ng/mL (1877.00 nmol/L)&lt;/detail&gt;&lt;detail&gt;Digoxin: greater than 2.4 ng/mL (3.07 nmol/L)&lt;/detail&gt;&lt;detail&gt;Disopyramide: greater than 5 mcg/mL (14.73 micromol/L)&lt;/detail&gt;&lt;detail&gt;Ethosuximide: greater than 100 mcg/mL (708.40 micromol/L)&lt;/detail&gt;&lt;detail&gt;Flecainide: greater than 1.0 mcg/mL (2.4 micromol/L)&lt;/detail&gt;&lt;detail&gt;Gentamicin: greater than 12 mcg/mL (25.08 micromol/L)&lt;/detail&gt;&lt;detail&gt;Imipramine: greater than 500 ng/mL (1783.00 nmol/L)&lt;/detail&gt;&lt;detail&gt;Kanamycin: greater than 35 mcg/mL (72.80 micromol/L)&lt;/detail&gt;&lt;detail&gt;Lidocaine: greater than 5 mcg/mL (21.34 micromol/L)&lt;/detail&gt;&lt;detail&gt;Lithium: greater than 2.0 mEq/L (2.00 millimol/L)&lt;/detail&gt;&lt;detail&gt;Methotrexate: greater than 10 mcmol/L (10,000 nmol/L) over 24-hours&lt;/detail&gt;&lt;detail&gt;Nortriptyline: greater than 500 ng/mL (1898.50 nmol/L)&lt;/detail&gt;&lt;detail&gt;Phenobarbital: greater than 40 mcg/mL (172.40 micromol/L)&lt;/detail&gt;&lt;detail&gt;Phenytoin: greater than 30 mcg/mL (119.04 micromol/L)&lt;/detail&gt;&lt;detail&gt;Primidone: greater than 15 mcg/mL (68.73 micromol/L)&lt;/detail&gt;&lt;detail&gt;Procainamide: greater than 16 mcg/mL (68.00 micromol/L)&lt;/detail&gt;&lt;detail&gt;Quinidine: greater than 10 mcg/mL (30.82 micromol/L)&lt;/detail&gt;&lt;detail&gt;Salicylate: greater than 300 mcg/mL (2172.00 micromol/L)&lt;/detail&gt;&lt;detail&gt;Theophylline: greater than 20 mcg/mL (111.00 micromol/L)&lt;/detail&gt;&lt;detail&gt;Tobramycin: greater than 12 mcg/mL (25.67 micromol/L)&lt;/detail&gt;&lt;detail&gt;Valproic acid: greater than 100 mcg/mL (693.40 micromol/L)&lt;/detail&gt;</WhatAbnormalResultsMean><AlternativeNames>&lt;detail&gt;Therapeutic drug monitoring&lt;/detail&gt;</AlternativeNames></item>
<item><title>Tests for H. pylori</title><url>https://medlineplus.gov/ency/article/007501.htm</url><WhytheTestisPerformed>&lt;text&gt;Testing is most often done to diagnose H. pylori infection:&lt;/text&gt;&lt;detail&gt;If you currently have a stomach or duodenal ulcer&lt;/detail&gt;&lt;detail&gt;If you had a stomach or duodenal ulcer in the past, and were never tested for H. pylori&lt;/detail&gt;&lt;detail&gt;After treatment for H. pylori infection, to make sure there are no more bacteria&lt;/detail&gt;&lt;text&gt;Testing may also be done if you need to take long-term ibuprofen or other NSAID medicines. Your health care provider can tell you more.&lt;/text&gt;&lt;text&gt;The test may also be recommended for a condition called dyspepsia (indigestion). This is upper abdominal discomfort. Symptoms include a feeling of fullness or of heat, burning, or pain in the area between the navel and the lower part of the breastbone during or after eating. Testing for H. pylori without endoscopy is most often done only when the discomfort is new, the person is younger than 55, and there are no other symptoms.&lt;/text&gt;</WhytheTestisPerformed><NormalResults>&lt;text&gt;Normal results mean there is no sign that you have an H. pylori infection.&lt;/text&gt;</NormalResults><WhatAbnormalResultsMean>&lt;text&gt;Abnormal results mean that you have an H. pylori infection. Your provider will discuss treatment with you.&lt;/text&gt;</WhatAbnormalResultsMean><AlternativeNames>&lt;detail&gt;Peptic ulcer disease - H. pylori&lt;/detail&gt;&lt;detail&gt; PUD - H. pylori&lt;/detail&gt;</AlternativeNames></item>
<item><title>Testosterone</title><url>https://medlineplus.gov/ency/article/003707.htm</url><HowtoPreparefortheTest>&lt;text&gt;The health care provider may advise you to stop taking medicines that may affect the test.&lt;/text&gt;</HowtoPreparefortheTest><WhytheTestisPerformed>&lt;text&gt;This test may be done if you have symptoms of abnormal male hormone (androgen) production.&lt;/text&gt;&lt;text&gt;In males, the testicles produce most of the testosterone in the body. Levels are most often checked to evaluate signs of abnormal testosterone such as:&lt;/text&gt;&lt;detail&gt;Early or late puberty (in boys)&lt;/detail&gt;&lt;detail&gt;Infertility,  erectile dysfunction , low level of sexual interest,  thinning of the bones  (in men) &lt;/detail&gt;&lt;text&gt;In females, the ovaries produce most of the testosterone. The adrenal glands can also produce too much of other androgens that are converted to testosterone. Levels are most often checked to evaluate signs of higher testosterone levels, such as:&lt;/text&gt;&lt;detail&gt;Acne, oily skin&lt;/detail&gt;&lt;detail&gt;Change in voice&lt;/detail&gt;&lt;detail&gt;Decreased breast size&lt;/detail&gt;&lt;detail&gt;Excess hair growth (dark, coarse hairs in the area of the moustache, beard, sideburns, chest, buttocks, inner thighs)&lt;/detail&gt;&lt;detail&gt;Increased size of the clitoris&lt;/detail&gt;&lt;detail&gt;Irregular or absent menstrual periods&lt;/detail&gt;&lt;detail&gt;Male-pattern baldness or hair thinning &lt;/detail&gt;</WhytheTestisPerformed><NormalResults>&lt;text&gt;Normal measurements for these tests:&lt;/text&gt;&lt;detail&gt;Male: 300 to 1,000 nanograms per deciliter (ng/dL) or 10.41 to 34.70 nanomoles per liter (nmol/L)&lt;/detail&gt;&lt;detail&gt;Female: 15 to 70 ng/dL or 0.52 to 2.43 nmol/L&lt;/detail&gt;&lt;text&gt;The examples above are common measurements for results for these tests. Normal value ranges may vary slightly among different laboratories. Some labs use different measurements or test different specimens. Talk to your provider about the meaning of your specific test results.&lt;/text&gt;</NormalResults><WhatAbnormalResultsMean>&lt;text&gt;Certain health conditions, medicines, or injury can lead to  low testosterone . Testosterone level also naturally drops with age. Low testosterone can affect sex drive, mood, and the body in men.&lt;/text&gt;&lt;text&gt;Decreased total testosterone may be due to:&lt;/text&gt;&lt;detail&gt;Chronic illness&lt;/detail&gt;&lt;detail&gt; The pituitary gland does not produce  normal amounts of some or all of its hormones&lt;/detail&gt;&lt;detail&gt;Problem with areas of the brain that control hormones&lt;/detail&gt;&lt;detail&gt;Low thyroid function&lt;/detail&gt;&lt;detail&gt;Delayed puberty&lt;/detail&gt;&lt;detail&gt;Diseases of the testicles (trauma, cancer, infection, immune)&lt;/detail&gt;&lt;detail&gt;Benign tumor of the pituitary cells that produce too much of the hormone prolactin&lt;/detail&gt;&lt;detail&gt;Too much body fat (obesity)&lt;/detail&gt;&lt;text&gt;Increased total testosterone level may be due to:&lt;/text&gt;&lt;detail&gt;Resistance to the action of male hormones (androgen resistance)&lt;/detail&gt;&lt;detail&gt;Tumor of the ovaries&lt;/detail&gt;&lt;detail&gt;Cancer of the testes&lt;/detail&gt;&lt;detail&gt; Congenital adrenal hyperplasia &lt;/detail&gt;&lt;detail&gt;Taking medicines or drugs that increase testosterone level&lt;/detail&gt;</WhatAbnormalResultsMean><AlternativeNames>&lt;detail&gt;Serum testosterone&lt;/detail&gt;</AlternativeNames></item>
<item><title>Testicular self-exam</title><url>https://medlineplus.gov/ency/article/003909.htm</url><WhytheTestisPerformed>&lt;text&gt;A testicular self-exam is done to check for  testicular cancer .&lt;/text&gt;&lt;text&gt;Testicles have blood vessels and other structures that can make the exam confusing. If you notice any lumps or changes in a testicle, contact your health care provider right away.&lt;/text&gt;&lt;text&gt;Your provider may recommend that you do a testicular self-exam every month if you have any of the following risk factors:&lt;/text&gt;&lt;detail&gt;Family history of testicular cancer&lt;/detail&gt;&lt;detail&gt;Past testicular tumor&lt;/detail&gt;&lt;detail&gt; Undescended testicle &lt;/detail&gt;&lt;text&gt;However, if a man has no risk factors or symptoms, experts do not know if doing testicular self-exam lowers the chance of dying of this cancer.&lt;/text&gt;</WhytheTestisPerformed><NormalResults>&lt;text&gt;Each testicle should feel firm, but not rock hard. One testicle may be lower or slightly larger than the other.&lt;/text&gt;&lt;text&gt;Talk to your provider if you have questions.&lt;/text&gt;</NormalResults><WhatAbnormalResultsMean>&lt;text&gt;If you find a small, hard lump (like a pea), have an enlarged testicle, or notice any other differences that do not seem normal, see your provider right away.&lt;/text&gt;&lt;text&gt;Call your provider if:&lt;/text&gt;&lt;detail&gt;You cannot find one or both testicles. The testicles may not have descended properly in the scrotum.&lt;/detail&gt;&lt;detail&gt;There is a soft collection of thin tubes above the testicle. This may be a collection of widened veins ( varicocele ).&lt;/detail&gt;&lt;detail&gt;You have pain or swelling in the scrotum. This may be an infection or a fluid-filled sac ( hydrocele ) causing a blockage of blood flow to the area. It may be difficult to feel the testicle if there is fluid in the scrotum.&lt;/detail&gt;&lt;text&gt;Sudden, severe (acute) pain in the scrotum or testicle that lasts for more than a few minutes is an emergency. If you have this type of pain, seek medical attention right away.&lt;/text&gt;&lt;text&gt;A lump in the testicle is often the first sign of testicular cancer. If you find a lump, see a provider right away. Most testicular cancers are very treatable. Keep in mind that some cases of testicular cancer do not show symptoms until they reach an advanced stage.&lt;/text&gt;</WhatAbnormalResultsMean><AlternativeNames>&lt;detail&gt;Screening - testicular cancer - self-exam&lt;/detail&gt;&lt;detail&gt; Testicular cancer - screening - self-exam &lt;/detail&gt;</AlternativeNames><Images><value><img_name>Male reproductive anatomy</img_name><img_url>https://medlineplus.gov/ency/images/ency/fullsize/1113.jpg</img_url></value><value><img_name>Testicular anatomy</img_name><img_url>https://medlineplus.gov/ency/images/ency/fullsize/8962.jpg</img_url></value></Images></item>
<item><title>Testicular biopsy</title><url>https://medlineplus.gov/ency/article/003908.htm</url><HowtoPreparefortheTest>&lt;text&gt;Your provider may tell you not to take aspirin or medicines that contain aspirin for 1 week before the procedure. Always ask your provider before stopping any medicines.&lt;/text&gt;</HowtoPreparefortheTest><WhytheTestisPerformed>&lt;text&gt;The test is most often done to find the cause of male  infertility . It is done when a  semen analysis  suggests that there is abnormal sperm and other tests have not found the cause. In some cases, sperm obtained from a testicular biopsy can be used to fertilize a woman's egg in the lab. This process is called in vitro fertilization.&lt;/text&gt;&lt;text&gt;Testicular biopsy may also be done if you have found a lump during  testicular self-examination . If tests such as testicular ultrasound suggest that the lump may be in the testicle, surgery may be needed to look at the testicle more closely. &lt;/text&gt;&lt;text&gt;A biopsy to determine whether the lump is cancerous or noncancerous (benign) may be done. If cancer is found or suspected, the entire testicle is removed.&lt;/text&gt;</WhytheTestisPerformed><NormalResults>&lt;text&gt;Sperm development appears normal. No cancerous cells are found.&lt;/text&gt;</NormalResults><WhatAbnormalResultsMean>&lt;text&gt;Abnormal results may mean a problem with sperm or hormone function. Biopsy may be able to find the cause of the problem.&lt;/text&gt;&lt;text&gt;In some cases, the sperm development appears normal in the testicle, but semen analysis shows no sperm or reduced sperm. This may indicate a blockage of the tube through which the sperm travel from the testes to the urethra. This blockage can sometimes be repaired with surgery.&lt;/text&gt;&lt;text&gt;Other causes of abnormal results:&lt;/text&gt;&lt;detail&gt;A cyst-like lump filled with fluid and dead sperm cells (spermatocele)&lt;/detail&gt;&lt;detail&gt; Orchitis &lt;/detail&gt;&lt;detail&gt; Testicular cancer &lt;/detail&gt;&lt;text&gt;Your provider will explain and discuss all abnormal results with you.&lt;/text&gt;</WhatAbnormalResultsMean><AlternativeNames>&lt;detail&gt;Biopsy - testicle&lt;/detail&gt;</AlternativeNames><Images><value><img_name>Endocrine glands</img_name><img_url>https://medlineplus.gov/ency/images/ency/fullsize/1093.jpg</img_url></value><value><img_name>Male reproductive anatomy</img_name><img_url>https://medlineplus.gov/ency/images/ency/fullsize/1113.jpg</img_url></value><value><img_name>Testicular biopsy</img_name><img_url>https://medlineplus.gov/ency/images/ency/fullsize/8960.jpg</img_url></value></Images></item>
<item><title>Tensilon test</title><url>https://medlineplus.gov/ency/article/003930.htm</url><HowtoPreparefortheTest>&lt;text&gt;No special preparation is usually necessary. Follow your provider's instructions about how to prepare.&lt;/text&gt;</HowtoPreparefortheTest><WhytheTestisPerformed>&lt;text&gt;The test helps:&lt;/text&gt;&lt;detail&gt;Diagnose myasthenia gravis&lt;/detail&gt;&lt;detail&gt;Tell the difference between myasthenia gravis and other similar brain and nervous system conditions&lt;/detail&gt;&lt;detail&gt;Monitor treatment with oral anticholinesterase drugs &lt;/detail&gt;&lt;text&gt;The test may also be done for conditions such as  Lambert-Eaton syndrome . This is a disorder in which faulty communication between nerves and muscles leads to muscle weakness.&lt;/text&gt;</WhytheTestisPerformed><WhatAbnormalResultsMean>&lt;text&gt;In many people with myasthenia gravis, the muscles will improve right after receiving Tensilon. The improvement lasts only a few minutes. For some types of myasthenia, Tensilon can make the weakness worse.&lt;/text&gt;&lt;text&gt;When the disease gets worse enough to need treatment (myasthenic crisis), there is a brief improvement in muscle strength.&lt;/text&gt;&lt;text&gt;When there is an overdose of anticholinesterase (cholinergic crisis), Tensilon will make the person even weaker.&lt;/text&gt;</WhatAbnormalResultsMean><AlternativeNames>&lt;detail&gt;Myasthenia gravis - tensilon&lt;/detail&gt;</AlternativeNames><Images><value><img_name>Muscle fatigue</img_name><img_url>https://medlineplus.gov/ency/images/ency/fullsize/8959.jpg</img_url></value></Images></item>
<item><title>TBG blood test</title><url>https://medlineplus.gov/ency/article/003374.htm</url><HowtoPreparefortheTest>&lt;text&gt;Certain drugs and medicines can affect test results. Your health care provider may tell you to stop taking a certain medicine for a short time before the test. Never stop taking any medicine without first talking to your provider.&lt;/text&gt;&lt;text&gt;These medicines and drugs can increase TBG level:&lt;/text&gt;&lt;detail&gt;Estrogens, found in birth control pills and estrogen replacement therapy&lt;/detail&gt;&lt;detail&gt;Heroin&lt;/detail&gt;&lt;detail&gt;Methadone&lt;/detail&gt;&lt;detail&gt;Phenothiazines (certain antipsychotic drugs)&lt;/detail&gt;&lt;text&gt;The following medicines can decrease TBG levels:&lt;/text&gt;&lt;detail&gt;Depakote or depakene (also called valproic acid)&lt;/detail&gt;&lt;detail&gt;Dilantin (also called phenytoin)&lt;/detail&gt;&lt;detail&gt;High doses of salicylates, including aspirin&lt;/detail&gt;&lt;detail&gt;Male hormones, including androgens and testosterone&lt;/detail&gt;&lt;detail&gt;Prednisone&lt;/detail&gt;</HowtoPreparefortheTest><WhytheTestisPerformed>&lt;text&gt;This test may be done to diagnose problems with your thyroid.&lt;/text&gt;</WhytheTestisPerformed><NormalResults>&lt;text&gt;Normal range is 13 to 39 micrograms per deciliter (µg/dL), or 150 to 360 nanomoles per liter (nmol/L).&lt;/text&gt;&lt;text&gt;Normal value ranges may vary slightly among different laboratories. Some labs use different measurements or may test different samples. Talk to your provider about the meaning of your specific test results.&lt;/text&gt;</NormalResults><WhatAbnormalResultsMean>&lt;text&gt;An increased TBG level may be due to:&lt;/text&gt;&lt;detail&gt; Acute intermittent porphyria  (a rare metabolic disorder)&lt;/detail&gt;&lt;detail&gt;Hypothyroidism (underactive thyroid)&lt;/detail&gt;&lt;detail&gt; Liver disease &lt;/detail&gt;&lt;detail&gt;Pregnancy (TBG levels normally increased during pregnancy) &lt;/detail&gt;&lt;text&gt;Note: TBG levels are normally high in newborns.&lt;/text&gt;&lt;text&gt;Decreased TBG levels may be due to:&lt;/text&gt;&lt;detail&gt; Acute  illness&lt;/detail&gt;&lt;detail&gt; Acromegaly  (disorder caused by too much growth hormone)&lt;/detail&gt;&lt;detail&gt; Hyperthyroidism  (overactive thyroid)&lt;/detail&gt;&lt;detail&gt;Malnutrition&lt;/detail&gt;&lt;detail&gt; Nephrotic syndrome  (symptoms that show kidney damage is present)&lt;/detail&gt;&lt;detail&gt;Stress from surgery &lt;/detail&gt;</WhatAbnormalResultsMean><AlternativeNames>&lt;detail&gt;Serum thyroxine binding globulin&lt;/detail&gt;&lt;detail&gt; TBG level&lt;/detail&gt;&lt;detail&gt; Serum TBG level&lt;/detail&gt;&lt;detail&gt; Hypothyroidism - TBG&lt;/detail&gt;&lt;detail&gt; Hyperthyroidism - TBG&lt;/detail&gt;&lt;detail&gt; Underactive thyroid - TBG&lt;/detail&gt;&lt;detail&gt; Overactive thyroid - TBG&lt;/detail&gt;</AlternativeNames><Images><value><img_name>Blood test</img_name><img_url>https://medlineplus.gov/ency/images/ency/fullsize/10026.jpg</img_url></value></Images></item>
<item><title>T3RU test</title><url>https://medlineplus.gov/ency/article/003688.htm</url><HowtoPreparefortheTest>&lt;text&gt;Your provider will tell you if you need to stop taking any medicines before the test that may affect your test result. DO NOT stop taking any medicine without first talking to your provider.&lt;/text&gt;&lt;text&gt;Some drugs that can increase T3RU levels include:&lt;/text&gt;&lt;detail&gt;Anabolic steroids&lt;/detail&gt;&lt;detail&gt;Heparin&lt;/detail&gt;&lt;detail&gt;Phenytoin&lt;/detail&gt;&lt;detail&gt;Salicylates (high dose)&lt;/detail&gt;&lt;detail&gt;Warfarin &lt;/detail&gt;&lt;text&gt;Some drugs that can decrease T3RU levels include:&lt;/text&gt;&lt;detail&gt;Antithyroid medicines&lt;/detail&gt;&lt;detail&gt;Birth control pills&lt;/detail&gt;&lt;detail&gt;Clofibrate&lt;/detail&gt;&lt;detail&gt;Estrogen&lt;/detail&gt;&lt;detail&gt;Thiazides &lt;/detail&gt;&lt;text&gt;Pregnancy can also decrease T3RU levels.&lt;/text&gt;&lt;text&gt;These things can increase thyroxin binding globulin (TBG) levels (see below section "Why the Test is Performed" for more about TBG):&lt;/text&gt;&lt;detail&gt;Male hormones (androgens)&lt;/detail&gt;&lt;detail&gt;Serious illness&lt;/detail&gt;&lt;detail&gt;Kidney disease &lt;/detail&gt;&lt;text&gt;Other medicines that bind to protein in the blood can also affect test results&lt;/text&gt;</HowtoPreparefortheTest><WhytheTestisPerformed>&lt;text&gt;This test is done to check your thyroid function. Thyroid function depends on the action of many different hormones, including thyroid-stimulating hormone (TSH), T3, and T4.&lt;/text&gt;&lt;text&gt;This test helps check the amount of T3 that thyroxin binding globulin (TBG) is able to bind. TBG is a protein that carries most of the T3 and T4 in the blood.&lt;/text&gt;&lt;text&gt;Your provider may recommend a T3RU test if you have signs of a thyroid disorder, including:&lt;/text&gt;&lt;detail&gt; Hyperthyroidism  (overactive thyroid)&lt;/detail&gt;&lt;detail&gt; Hypothyroidism  (underactive thyroid)&lt;/detail&gt;&lt;detail&gt; Thyrotoxic periodic paralysis  (muscle weakness caused by high levels of thyroid hormone in the blood) &lt;/detail&gt;</WhytheTestisPerformed><NormalResults>&lt;text&gt;Normal values range from 24% to 37%.&lt;/text&gt;&lt;text&gt;Normal value ranges may vary slightly among different laboratories. Some labs use different measurements or test different samples. Talk to your provider about the meaning of your specific test results.&lt;/text&gt;</NormalResults><WhatAbnormalResultsMean>&lt;text&gt;Higher-than-normal levels may indicate:&lt;/text&gt;&lt;detail&gt; Kidney failure &lt;/detail&gt;&lt;detail&gt;Overactive thyroid (hyperthyroidism)&lt;/detail&gt;&lt;detail&gt; Nephrotic syndrome &lt;/detail&gt;&lt;detail&gt; Protein malnutrition &lt;/detail&gt;&lt;text&gt;Lower-than-normal levels may indicate:&lt;/text&gt;&lt;detail&gt;Acute  hepatitis  (liver disease)&lt;/detail&gt;&lt;detail&gt;Pregnancy&lt;/detail&gt;&lt;detail&gt; Hypothyroidism &lt;/detail&gt;&lt;detail&gt;Use of estrogen &lt;/detail&gt;&lt;text&gt;Abnormal results may also be due to an inherited condition of high TBG levels. Usually thyroid function is normal in people with this condition.&lt;/text&gt;&lt;text&gt;This test may also be done for:&lt;/text&gt;&lt;detail&gt; Chronic thyroiditis  (swelling or inflammation of the thyroid gland, including Hashimoto disease)&lt;/detail&gt;&lt;detail&gt;Drug-induced hypothyroidism&lt;/detail&gt;&lt;detail&gt; Graves disease &lt;/detail&gt;&lt;detail&gt; Subacute thyroiditis &lt;/detail&gt;&lt;detail&gt;Thyrotoxic periodic paralysis&lt;/detail&gt;&lt;detail&gt; Toxic nodular goiter &lt;/detail&gt;</WhatAbnormalResultsMean><AlternativeNames>&lt;detail&gt;Resin T3 uptake&lt;/detail&gt;&lt;detail&gt; T3 resin uptake&lt;/detail&gt;&lt;detail&gt; Thyroid hormone-binding ratio&lt;/detail&gt;</AlternativeNames><Images><value><img_name>Blood test</img_name><img_url>https://medlineplus.gov/ency/images/ency/fullsize/9879.jpg</img_url></value></Images></item>
<item><title>T3 test</title><url>https://medlineplus.gov/ency/article/003687.htm</url><HowtoPreparefortheTest>&lt;text&gt;Your health care provider will tell you if you need to stop taking any medicines before the test that may affect your test result. DO NOT stop taking any medicine without first talking to your provider.&lt;/text&gt;&lt;text&gt;Drugs that can increase T3 measurements include:&lt;/text&gt;&lt;detail&gt;Birth control pills&lt;/detail&gt;&lt;detail&gt;Clofibrate&lt;/detail&gt;&lt;detail&gt;Estrogens&lt;/detail&gt;&lt;detail&gt;Methadone&lt;/detail&gt;&lt;detail&gt;Certain herbal remedies &lt;/detail&gt;&lt;text&gt;Drugs that can decrease T3 measurements include:&lt;/text&gt;&lt;detail&gt;Amiodarone&lt;/detail&gt;&lt;detail&gt;Anabolic steroids&lt;/detail&gt;&lt;detail&gt;Androgens&lt;/detail&gt;&lt;detail&gt;Antithyroid drugs (for example, propylthiouracil and methimazole)&lt;/detail&gt;&lt;detail&gt;Lithium&lt;/detail&gt;&lt;detail&gt;Phenytoin&lt;/detail&gt;&lt;detail&gt;Propranolol &lt;/detail&gt;</HowtoPreparefortheTest><WhytheTestisPerformed>&lt;text&gt;This test is done to check your thyroid function. Thyroid function depends on the action of T3 and other hormones, including thyroid-stimulating hormone (TSH) and T4.&lt;/text&gt;&lt;text&gt;Sometimes it can be useful to measure both T3 and T4 when evaluating thyroid function.&lt;/text&gt;&lt;text&gt;The total T3 test measures the T3 that is both attached to proteins and floating free in the blood.&lt;/text&gt;&lt;text&gt;The free T3 test measures the T3 that is floating free in the blood. The tests for free T3 are generally less accurate than for total T3.&lt;/text&gt;&lt;text&gt;Your provider may recommend this test if you have signs of a thyroid disorder, including:&lt;/text&gt;&lt;detail&gt;   The pituitary gland does not produce normal amounts of some or all of its hormone ( hypopituitarism )&lt;/detail&gt;&lt;detail&gt;   Overactive thyroid gland ( hyperthyroidism )&lt;/detail&gt;&lt;detail&gt;   Underactive thyroid gland ( hypothyroidism )&lt;/detail&gt;&lt;detail&gt;Taking medicines for hypothyroidism&lt;/detail&gt;</WhytheTestisPerformed><NormalResults>&lt;text&gt;The range for normal values are:&lt;/text&gt;&lt;detail&gt;Total T3 -- 60 to 180 nanograms per deciliter (ng/dL), or 0.92 to 2.76 nanomoles per liter (nmol/L)&lt;/detail&gt;&lt;detail&gt;Free T3 -- 130 to 450 picgrams per deciliter (pg/dL), or 2.0 to 7.0 picomoles per liter (pmol/L)&lt;/detail&gt;&lt;text&gt;Normal value ranges may vary slightly among different laboratories. Some labs use different measurements or test different specimens. Talk to your provider about the meaning of your specific test results.&lt;/text&gt;&lt;text&gt;Normal values are age specific for people less than age 20. Check with your provider about your specific results.&lt;/text&gt;</NormalResults><WhatAbnormalResultsMean>&lt;text&gt;A higher-than-normal level of T3 may be a sign of:&lt;/text&gt;&lt;detail&gt;Overactive thyroid gland (for example,  Graves disease )&lt;/detail&gt;&lt;detail&gt;T3  thyrotoxicosis  (rare)&lt;/detail&gt;&lt;detail&gt; Toxic nodular goiter &lt;/detail&gt;&lt;detail&gt;Taking thyroid medicines or certain supplements (common)&lt;/detail&gt;&lt;detail&gt;Liver disease &lt;/detail&gt;&lt;text&gt;A high level of T3 may occur in pregnancy (especially with morning sickness at the end of the first trimester) or with the use of birth control pills or estrogen.&lt;/text&gt;&lt;text&gt;A lower-than-normal level may be due to:&lt;/text&gt;&lt;detail&gt;Severe short-term or some long-term illnesses&lt;/detail&gt;&lt;detail&gt;Thyroiditis (swelling or inflammation of the thyroid gland --  Hashimoto disease  is the most common type)&lt;/detail&gt;&lt;detail&gt;Starvation&lt;/detail&gt;&lt;detail&gt;Underactive thyroid gland &lt;/detail&gt;</WhatAbnormalResultsMean><AlternativeNames>&lt;detail&gt;Triiodothyronine&lt;/detail&gt;&lt;detail&gt; T3 radioimmunoassay&lt;/detail&gt;&lt;detail&gt; Toxic nodular goiter - T3&lt;/detail&gt;&lt;detail&gt; Thyroiditis - T3&lt;/detail&gt;&lt;detail&gt; Thyrotoxicosis - T3&lt;/detail&gt;&lt;detail&gt; Graves disease - T3&lt;/detail&gt;</AlternativeNames><Images><value><img_name>Blood test</img_name><img_url>https://medlineplus.gov/ency/images/ency/fullsize/9879.jpg</img_url></value></Images></item>
<item><title>T-cell count</title><url>https://medlineplus.gov/ency/article/003516.htm</url><HowtoPreparefortheTest>&lt;text&gt;No special preparation is necessary.&lt;/text&gt;</HowtoPreparefortheTest><WhytheTestisPerformed>&lt;text&gt;T cells are a type of lymphocyte. Lymphocytes are white blood cells. They make up part of the immune system. T cells help the body fight diseases or harmful substances, such as bacteria or viruses.&lt;/text&gt;&lt;text&gt;Your health care provider may order this test if you have signs of a weak immune system ( immunodeficiency disorder ). It may also be ordered if you have a disease of the lymph nodes. Lymph nodes are small glands that make white blood cells. The test is also used to monitor how well treatment for these types of diseases is working.&lt;/text&gt;&lt;text&gt;One type of T cell is the CD4 cell, or "helper cell." People with  HIV/AIDS  have regular T-cell tests to check their CD4 cell counts. The results help the provider monitor the disease and its treatment.&lt;/text&gt;</WhytheTestisPerformed><NormalResults>&lt;text&gt;Normal results vary depending on the type of T-cell tested.&lt;/text&gt;&lt;text&gt;In adults, a normal CD4 cell count ranges from 500 to 1,200 cells/mm&lt;sup&gt;3&lt;/sup&gt; (0.64 to 1.18 × 10&lt;sup&gt;9&lt;/sup&gt;/L).&lt;/text&gt;&lt;text&gt;Normal value ranges may vary slightly among different laboratories. Some labs use different measurements or test different samples. Talk to your provider about the meaning of your specific test results.&lt;/text&gt;</NormalResults><WhatAbnormalResultsMean>&lt;text&gt;Higher than normal T-cell levels may be due to:&lt;/text&gt;&lt;detail&gt;Cancer, such as  acute lymphocytic leukemia  or  multiple myeloma &lt;/detail&gt;&lt;detail&gt;Infections, such as hepatitis or  mononucleosis &lt;/detail&gt;&lt;text&gt;Lower than normal T-cell levels may be due to: &lt;/text&gt;&lt;detail&gt; Acute  viral infections&lt;/detail&gt;&lt;detail&gt;Aging&lt;/detail&gt;&lt;detail&gt;Cancer&lt;/detail&gt;&lt;detail&gt;Immune system diseases, such as HIV/AIDS&lt;/detail&gt;&lt;detail&gt; Radiation therapy &lt;/detail&gt;&lt;detail&gt;Steroid treatment &lt;/detail&gt;</WhatAbnormalResultsMean><AlternativeNames>&lt;detail&gt;Thymus derived lymphocyte count&lt;/detail&gt;&lt;detail&gt; T-lymphocyte count&lt;/detail&gt;&lt;detail&gt; T cell count&lt;/detail&gt;</AlternativeNames><Images><value><img_name>Blood test</img_name><img_url>https://medlineplus.gov/ency/images/ency/fullsize/10026.jpg</img_url></value></Images></item>
<item><title>Uroflowmetry</title><url>https://medlineplus.gov/ency/article/003325.htm</url><HowtoPreparefortheTest>&lt;text&gt;Your provider may ask you to temporarily stop taking medicines that can affect the test results.&lt;/text&gt;&lt;text&gt;Uroflowmetry is best done when you have a full bladder. DO NOT urinate for 2 hours before the test. Drink extra fluids so you will have plenty of urine for the test. The test is the most accurate if you urinate at least 5 ounces (150 milliliters) or more.&lt;/text&gt;&lt;text&gt;DO NOT place any toilet tissue in the test machine.&lt;/text&gt;</HowtoPreparefortheTest><WhytheTestisPerformed>&lt;text&gt;This test is useful in evaluating the function of the urinary tract. In most cases, a person having this test will report urination that is too slow.&lt;/text&gt;</WhytheTestisPerformed><NormalResults>&lt;text&gt;Normal values vary depending on age and sex. In men, urine flow declines with age. Women have less change with age.&lt;/text&gt;&lt;detail&gt;Ages 4 to 7 -- The average flow rate for both males and females is 10 mL/sec. &lt;/detail&gt;&lt;detail&gt;Ages 8 to 13 -- The average flow rate for males is 12 mL/sec. The average flow rate for females is 15 mL/sec. &lt;/detail&gt;&lt;detail&gt;Ages 14 to 45 -- The average flow rate for males is 21 mL/sec. The average flow rate for females is 18 mL/sec. &lt;/detail&gt;&lt;detail&gt;Ages 46 to 65 -- The average flow rate for males is 12 mL/sec. The average flow rate for females is 18 mL/sec. &lt;/detail&gt;&lt;detail&gt;Ages 66 to 80 -- The average flow rate for males is 9 mL/sec. The average flow rate for females is 18 mL/sec. &lt;/detail&gt;</NormalResults><WhatAbnormalResultsMean>&lt;text&gt;Results are compared with your symptoms and physical exam. A result that may need treatment in one person may not need treatment in another person.&lt;/text&gt;&lt;text&gt;Several circular muscles around the urethra normally regulate urine flow. If any of these muscles becomes weak or stops working, you may have an increase in urine flow or  urinary incontinence .&lt;/text&gt;&lt;text&gt;If there is a  bladder outlet obstruction  or if the bladder muscle is weak, you may have a decrease in urine flow. The amount of urine that remains in your bladder after urinating can be measured with ultrasound. &lt;/text&gt;&lt;text&gt;Your provider should explain and discuss any abnormal results with you.&lt;/text&gt;</WhatAbnormalResultsMean><AlternativeNames>&lt;detail&gt;Uroflow&lt;/detail&gt;</AlternativeNames><Images><value><img_name>Urine sample</img_name><img_url>https://medlineplus.gov/ency/images/ency/fullsize/10010.jpg</img_url></value></Images></item>
<item><title>Urine specific gravity test</title><url>https://medlineplus.gov/ency/article/003587.htm</url><HowtoPreparefortheTest>&lt;text&gt;Your provider will ask you to temporarily stop taking any medicines that may affect the test results. These may include dextran and sucrose. Be sure to tell your provider about all the medicines you take. DO NOT stop taking any medicine before talking to your provider.&lt;/text&gt;&lt;text&gt;Also tell your provider if you recently received intravenous dye (contrast medium) for an x-ray. Contrast dye can also affect test results.&lt;/text&gt;</HowtoPreparefortheTest><WhytheTestisPerformed>&lt;text&gt;This test helps evaluate your body's water balance and urine concentration.&lt;/text&gt;</WhytheTestisPerformed><NormalResults>&lt;text&gt; Osmolality  is a more specific test for urine concentration. The urine specific gravity test is easier and more convenient, and is usually part of a routine  urinalysis . The osmolality test may not be needed.&lt;/text&gt;&lt;text&gt;Normal value ranges may vary slightly among different laboratories. Some labs use different measurements or test different samples. Talk to your provider about the meaning of your specific test results.&lt;br&gt;&lt;/text&gt;</NormalResults><WhatAbnormalResultsMean>&lt;text&gt;Increased urine specific gravity may be due to conditions such as:&lt;/text&gt;&lt;detail&gt;Loss of body fluids ( dehydration )&lt;/detail&gt;&lt;detail&gt;Diarrhea that causes dehydration&lt;/detail&gt;&lt;detail&gt; Heart failure &lt;/detail&gt;&lt;detail&gt;Sugar (glucose) in the urine&lt;/detail&gt;&lt;detail&gt; Syndrome of inappropriate antidiuretic hormone secretion (SIADH) &lt;/detail&gt;&lt;text&gt;Decreased urine specific gravity may be due to:&lt;/text&gt;&lt;detail&gt;Damage to kidney tubule cells ( renal tubular necrosis )&lt;/detail&gt;&lt;detail&gt; Diabetes insipidus &lt;/detail&gt;&lt;detail&gt;Drinking too much fluid&lt;/detail&gt;&lt;detail&gt; Kidney failure &lt;/detail&gt;</WhatAbnormalResultsMean><AlternativeNames>&lt;detail&gt;Urine density&lt;/detail&gt;</AlternativeNames><Images><value><img_name>Female urinary tract</img_name><img_url>https://medlineplus.gov/ency/images/ency/fullsize/1122.jpg</img_url></value><value><img_name>Male urinary tract</img_name><img_url>https://medlineplus.gov/ency/images/ency/fullsize/1123.jpg</img_url></value></Images></item>
<item><title>Urine protein electrophoresis test</title><url>https://medlineplus.gov/ency/article/003589.htm</url><HowtoPreparefortheTest>&lt;text&gt;Your provider may tell you to stop taking certain medicines that could interfere with the test. Medicines that can affect test results include:&lt;/text&gt;&lt;detail&gt;Chlorpromazine&lt;/detail&gt;&lt;detail&gt;Corticosteroids&lt;/detail&gt;&lt;detail&gt;Isoniazid&lt;/detail&gt;&lt;detail&gt;Neomycin&lt;/detail&gt;&lt;detail&gt;Phenacemide&lt;/detail&gt;&lt;detail&gt;Salicylates&lt;/detail&gt;&lt;detail&gt;Sulfonamides&lt;/detail&gt;&lt;detail&gt;Tolbutamide &lt;/detail&gt;&lt;text&gt;Do not stop taking any medicine without first talking to your provider.&lt;/text&gt;</HowtoPreparefortheTest><WhytheTestisPerformed>&lt;text&gt;Normally there is no protein, or only a small amount of protein in the urine. An abnormally high amount of protein in the urine can be a sign of many different disorders.&lt;/text&gt;&lt;text&gt;UPEP may be recommended to help determine the cause of protein in the urine. Or it may be done as a screening test to measure the various amounts of different types of proteins in urine. UPEP detects 2 types of protein: albumin and globulins.&lt;/text&gt;</WhytheTestisPerformed><NormalResults>&lt;text&gt;No significant amount of globulins are found in the urine. Urine albumin is less than 5 mg/dL.&lt;/text&gt;&lt;text&gt;Normal value ranges may vary slightly among different laboratories. Some labs use different measurements or test different specimens. Talk to your doctor about the meaning of your specific test results.&lt;/text&gt;</NormalResults><WhatAbnormalResultsMean>&lt;text&gt;If the urine sample has a significant amount of globulins or higher than normal level of albumin, it may mean any of the following:&lt;/text&gt;&lt;detail&gt; Acute  inflammation&lt;/detail&gt;&lt;detail&gt;Abnormal protein buildup in tissues and organs ( amyloidosis )&lt;/detail&gt;&lt;detail&gt;Decreased kidney function&lt;/detail&gt;&lt;detail&gt;   Kidney disease due to diabetes ( diabetic nephropathy )&lt;/detail&gt;&lt;detail&gt; Kidney failure &lt;/detail&gt;&lt;detail&gt;   A type of blood cancer called  multiple myeloma &lt;/detail&gt;&lt;detail&gt;   Group of symptoms that include protein in the urine, low protein level in the blood, swelling ( nephrotic syndrome )&lt;/detail&gt;&lt;detail&gt;Acute  urinary tract infection &lt;/detail&gt;</WhatAbnormalResultsMean><AlternativeNames>&lt;detail&gt;Urine protein electrophoresis&lt;/detail&gt;&lt;detail&gt; UPEP&lt;/detail&gt;&lt;detail&gt; Multiple myeloma - UPEP&lt;/detail&gt;&lt;detail&gt; Waldenström macroglobulinemia - UPEP&lt;/detail&gt;&lt;detail&gt; Amyloidosis - UPEP&lt;/detail&gt;</AlternativeNames><Images><value><img_name>Male urinary system</img_name><img_url>https://medlineplus.gov/ency/images/ency/fullsize/10022.jpg</img_url></value></Images></item>
<item><title>Urine pH test</title><url>https://medlineplus.gov/ency/article/003583.htm</url><HowtoPreparefortheTest>&lt;text&gt;Your provider may tell you to stop taking certain medicines that can affect the results of the test. These may include:&lt;/text&gt;&lt;detail&gt;Acetazolamide&lt;/detail&gt;&lt;detail&gt;Ammonium chloride&lt;/detail&gt;&lt;detail&gt;Methenamine mandelate&lt;/detail&gt;&lt;detail&gt;Potassium citrate&lt;/detail&gt;&lt;detail&gt;Sodium bicarbonate&lt;/detail&gt;&lt;detail&gt;Thiazide diuretic &lt;/detail&gt;&lt;text&gt;DO NOT stop taking any medicine before talking to your provider.&lt;/text&gt;&lt;text&gt;Eat a normal, balanced diet for several days before the test. Note that:&lt;/text&gt;&lt;detail&gt;A diet high in fruits, vegetables, or non-cheese dairy products can increase your urine pH.&lt;/detail&gt;&lt;detail&gt;A diet high in fish, meat products, or cheese can decrease your urine pH.&lt;/detail&gt;</HowtoPreparefortheTest><WhytheTestisPerformed>&lt;text&gt;Your provider may order this test to check for changes in your urine acid levels. It may be done to see if you:&lt;/text&gt;&lt;detail&gt;Are at risk of  kidney stones . Different types of stones can form depending on how acidic your urine is.&lt;/detail&gt;&lt;detail&gt;Need to take certain medicines to treat urinary tract infections. Some medicines are more effective when urine is acidic or non-acidic (alkaline).&lt;/detail&gt;</WhytheTestisPerformed><NormalResults>&lt;text&gt;The normal values range from pH 4.6 to 8.0.&lt;/text&gt;&lt;text&gt;The examples above are common measurements for results of these tests. Normal value ranges may vary slightly among different laboratories. Some labs use different measurements or test different samples. Talk to your provider about the meaning of your specific test results.&lt;/text&gt;</NormalResults><WhatAbnormalResultsMean>&lt;text&gt;A high urine pH may be due to:&lt;/text&gt;&lt;detail&gt;Kidneys that do not properly remove acids (kidney tubular acidosis, also known as renal tubular acidosis)&lt;/detail&gt;&lt;detail&gt;Kidney failure&lt;/detail&gt;&lt;detail&gt;Stomach pumping (gastric suction)&lt;/detail&gt;&lt;detail&gt;Urinary tract infection&lt;/detail&gt;&lt;detail&gt;Vomiting&lt;/detail&gt;&lt;text&gt;A low urine pH may be due to:&lt;/text&gt;&lt;detail&gt;Diabetic ketoacidosis&lt;/detail&gt;&lt;detail&gt;Diarrhea&lt;/detail&gt;&lt;detail&gt;Too much acid in the body fluids ( metabolic acidosis ), such as  diabetic ketoacidosis &lt;/detail&gt;&lt;detail&gt;Starvation&lt;/detail&gt;</WhatAbnormalResultsMean><AlternativeNames>&lt;detail&gt;pH - urine&lt;/detail&gt;</AlternativeNames><Images><value><img_name>Female urinary tract</img_name><img_url>https://medlineplus.gov/ency/images/ency/fullsize/1122.jpg</img_url></value><value><img_name>PH urine test</img_name><img_url>https://medlineplus.gov/ency/images/ency/fullsize/8613.jpg</img_url></value><value><img_name>Male urinary tract</img_name><img_url>https://medlineplus.gov/ency/images/ency/fullsize/1123.jpg</img_url></value></Images></item>
<item><title>Urine drug screen</title><url>https://medlineplus.gov/ency/article/003364.htm</url><WhytheTestisPerformed>&lt;text&gt;The test is performed to detect the presence of illegal and some prescription drugs in your urine. Their presence may indicate that you recently used these drugs. Some drugs may remain in your system for several weeks, so the drug test needs to be interpreted carefully.&lt;/text&gt;</WhytheTestisPerformed><NormalResults>&lt;text&gt;No drugs in the urine, unless you are taking medicines prescribed by your provider.&lt;/text&gt;</NormalResults><WhatAbnormalResultsMean>&lt;text&gt;If the test result is positive, another test called gas-chromatography mass spectrometry (GC-MS) may be done to confirm the results. The GC-MS will help tell the difference between a false positive and a true positive. &lt;/text&gt;&lt;text&gt;In some cases, a test will indicate a false positive. This can result from interfering factors such as some foods, prescription medicines, and other drugs. Your provider will be aware of this possibility.&lt;/text&gt;</WhatAbnormalResultsMean><AlternativeNames>&lt;detail&gt;Drug screen - urine&lt;/detail&gt;</AlternativeNames><Images><value><img_name>Urine sample</img_name><img_url>https://medlineplus.gov/ency/images/ency/fullsize/10011.jpg</img_url></value></Images></item>
<item><title>Urine culture - catheterized specimen</title><url>https://medlineplus.gov/ency/article/003752.htm</url><HowtoPreparefortheTest>&lt;text&gt;Do not urinate for at least 1 hour before the test. If you don't have the urge to urinate, you may be instructed to drink a glass of water 15 to 20 minutes before the test. Otherwise, there is no preparation for the test.&lt;/text&gt;</HowtoPreparefortheTest><WhytheTestisPerformed>&lt;text&gt;The test is done:&lt;/text&gt;&lt;detail&gt;To get a sterile urine sample in a person who cannot urinate on their own&lt;/detail&gt;&lt;detail&gt;If you might have a urinary tract infection&lt;/detail&gt;&lt;detail&gt;If you cannot empty your bladder (urinary retention)&lt;/detail&gt;</WhytheTestisPerformed><NormalResults>&lt;text&gt;Normal values depend on the test being performed. Normal results are reported as "no growth" and are a sign that there is no infection.&lt;/text&gt;</NormalResults><WhatAbnormalResultsMean>&lt;text&gt;A "positive" or abnormal test means germs, such as bacteria or yeast, are found in the urine sample. This likely means that you have a urinary tract infection or a bladder infection. If there is only a small amount of germs, your health care provider may not recommend treatment.&lt;/text&gt;&lt;text&gt;Sometimes, bacteria that do not cause urinary tract infections may be found in the culture. This is called a contaminant. You may not need to be treated.&lt;/text&gt;&lt;text&gt;People who have a  urinary catheter in all of the time  may have bacteria in their urine sample, but it does not cause a true infection. This is called being colonized.&lt;/text&gt;</WhatAbnormalResultsMean><AlternativeNames>&lt;detail&gt;Culture - urine - catheterized specimen&lt;/detail&gt;&lt;detail&gt; Urine culture - catheterization&lt;/detail&gt;&lt;detail&gt; Catheterized urine specimen culture&lt;/detail&gt;</AlternativeNames><Images><value><img_name>Female urinary tract</img_name><img_url>https://medlineplus.gov/ency/images/ency/fullsize/1122.jpg</img_url></value><value><img_name>Male urinary tract</img_name><img_url>https://medlineplus.gov/ency/images/ency/fullsize/1123.jpg</img_url></value><value><img_name>Bladder catheterization, male</img_name><img_url>https://medlineplus.gov/ency/images/ency/fullsize/1066.jpg</img_url></value><value><img_name>Bladder catheterization, female</img_name><img_url>https://medlineplus.gov/ency/images/ency/fullsize/1065.jpg</img_url></value></Images></item>
<item><title>Urine culture</title><url>https://medlineplus.gov/ency/article/003751.htm</url><HowtoPreparefortheTest>&lt;text&gt;If possible, collect the sample when urine has been in your bladder for 2 to 3 hours.&lt;/text&gt;</HowtoPreparefortheTest><WhytheTestisPerformed>&lt;text&gt;Your provider may order this test if you have symptoms of a  urinary tract infection  or bladder infection, such as pain or burning when urinating.&lt;/text&gt;&lt;text&gt;You also may have a urine culture after you have been treated for an infection. This is to make sure that all of the bacteria are gone.&lt;/text&gt;</WhytheTestisPerformed><NormalResults>&lt;text&gt;"Normal growth" is a normal result. This means that there is no infection.&lt;/text&gt;&lt;text&gt;Normal value ranges may vary slightly among different laboratories. Some labs use different measurements or test different samples. Talk to your doctor about the meaning of your specific test results. &lt;/text&gt;</NormalResults><WhatAbnormalResultsMean>&lt;text&gt;A "positive" or abnormal test is when bacteria or yeast are found in the culture. This likely means that you have a urinary tract infection or bladder infection.&lt;/text&gt;&lt;text&gt;Other tests may help your provider know which bacteria or yeast are causing the infection and which antibiotics will best treat it.&lt;/text&gt;&lt;text&gt;Sometimes more than one type of bacteria, or only a small amount, may be found in the culture.&lt;/text&gt;</WhatAbnormalResultsMean><AlternativeNames>&lt;detail&gt;Culture and sensitivity - urine &lt;/detail&gt;</AlternativeNames><Images><value><img_name>Urine sample</img_name><img_url>https://medlineplus.gov/ency/images/ency/fullsize/10011.jpg</img_url></value><value><img_name>Female urinary tract</img_name><img_url>https://medlineplus.gov/ency/images/ency/fullsize/1122.jpg</img_url></value><value><img_name>Male urinary tract</img_name><img_url>https://medlineplus.gov/ency/images/ency/fullsize/1123.jpg</img_url></value></Images></item>
<item><title>Urine concentration test</title><url>https://medlineplus.gov/ency/article/003608.htm</url><HowtoPreparefortheTest>&lt;text&gt;Eat a normal, balanced diet for several days before the test. Your provider will give you instructions for water loading or water deprivation.&lt;/text&gt;&lt;text&gt;Your provider will ask you to temporarily stop any medicines that may affect the test results. Be sure to tell your provider about all the medicines you take, including dextran and sucrose. DO NOT stop taking any medicine before talking to your provider.&lt;/text&gt;&lt;text&gt;Also tell your provider if you recently received intravenous dye (contrast medium) for an imaging test such as a CT scan. The dye can also affect test results.&lt;/text&gt;</HowtoPreparefortheTest><WhytheTestisPerformed>&lt;text&gt;This test is most often done if your doctor suspects  central diabetes insipidus . The test can help tell that disease from  nephrogenic diabetes insipidus .&lt;/text&gt;&lt;text&gt;This test may also be done if you have signs of  syndrome of inappropriate ADH  (SIADH).&lt;/text&gt;</WhytheTestisPerformed><NormalResults>&lt;text&gt;In general, normal values for specific gravity are as follows:&lt;/text&gt;&lt;detail&gt;1.005 to 1.030 (normal specific gravity)&lt;/detail&gt;&lt;detail&gt;1.001 after drinking excessive amounts of water&lt;/detail&gt;&lt;detail&gt;More than 1.030 after avoiding fluids&lt;/detail&gt;&lt;detail&gt;Concentrated after receiving ADH &lt;/detail&gt;&lt;text&gt;Normal value ranges may vary slightly among different laboratories. Some labs use different measurements or test different samples. Talk to your provider about the meaning of your specific test results.&lt;/text&gt;</NormalResults><WhatAbnormalResultsMean>&lt;text&gt;Increased urine concentration may be due to different conditions, such as:&lt;/text&gt;&lt;detail&gt; Heart failure &lt;/detail&gt;&lt;detail&gt;Loss of body fluids (dehydration) from diarrhea or excessive sweating&lt;/detail&gt;&lt;detail&gt;Narrowing of the kidney artery (renal arterial stenosis)&lt;/detail&gt;&lt;detail&gt;  Sugar, or glucose, in the urine  &lt;/detail&gt;&lt;detail&gt;Syndrome of inappropriate antidiuretic hormone secretion ( SIADH )&lt;/detail&gt;&lt;detail&gt;Vomiting&lt;/detail&gt;&lt;text&gt;Decreased urine concentration may indicate:&lt;/text&gt;&lt;detail&gt;Diabetes insipidus&lt;/detail&gt;&lt;detail&gt;Drinking too much fluid&lt;/detail&gt;&lt;detail&gt; Kidney failure  (loss of ability to reabsorb water)&lt;/detail&gt;&lt;detail&gt;Severe kidney infection (pyelonephritis)&lt;/detail&gt;</WhatAbnormalResultsMean><AlternativeNames>&lt;detail&gt;Water loading test&lt;/detail&gt;&lt;detail&gt; Water deprivation test&lt;/detail&gt;</AlternativeNames><Images><value><img_name>Urine concentration test</img_name><img_url>https://medlineplus.gov/ency/images/ency/fullsize/10012.jpg</img_url></value><value><img_name>Female urinary tract</img_name><img_url>https://medlineplus.gov/ency/images/ency/fullsize/1122.jpg</img_url></value><value><img_name>Male urinary tract</img_name><img_url>https://medlineplus.gov/ency/images/ency/fullsize/1123.jpg</img_url></value></Images></item>
<item><title>Urine collection - infants</title><url>https://medlineplus.gov/ency/article/003417.htm</url><HowtoPreparefortheTest>&lt;text&gt;There is no preparation for the test. If you collect the urine at home, have some extra collection bags available.&lt;/text&gt;</HowtoPreparefortheTest><WhytheTestisPerformed>&lt;text&gt;The test is performed to get a urine sample from an infant.&lt;/text&gt;</WhytheTestisPerformed><NormalResults>&lt;text&gt;Normal values depend on what tests will be performed on the urine after it is collected.&lt;/text&gt;</NormalResults></item>
<item><title>Urine 24-hour volume</title><url>https://medlineplus.gov/ency/article/003425.htm</url><HowtoPreparefortheTest>&lt;text&gt;Certain drugs can also affect the test results. Your provider may tell you to stop taking certain medicines before the test. Never stop taking medicine without first talking to your provider.&lt;/text&gt;&lt;text&gt;The following may also affect test results:&lt;/text&gt;&lt;detail&gt;Dehydration&lt;/detail&gt;&lt;detail&gt;Any type of x-ray exam with dye (contrast material) within 3 days before the urine test&lt;/detail&gt;&lt;detail&gt;Fluid from the vagina that gets into the urine&lt;/detail&gt;&lt;detail&gt;Emotional stress&lt;/detail&gt;&lt;detail&gt;Heavy exercise&lt;/detail&gt;&lt;detail&gt;Urinary tract infection &lt;/detail&gt;</HowtoPreparefortheTest><WhytheTestisPerformed>&lt;text&gt;You may have this test if there are signs of damage to your kidney function on blood, urine, or imaging tests.&lt;/text&gt;&lt;text&gt;Urine volume is normally measured as part of a test that measures the amount of a substances passed in your urine in a day, such as:&lt;/text&gt;&lt;detail&gt; Creatinine &lt;/detail&gt;&lt;detail&gt; Sodium &lt;/detail&gt;&lt;detail&gt; Potassium &lt;/detail&gt;&lt;detail&gt; Urea nitrogen &lt;/detail&gt;&lt;detail&gt; Protein &lt;/detail&gt;&lt;text&gt;This test may also be done if you have polyuria (abnormally large volumes of urine), such as is seen in people with  diabetes insipidus .&lt;/text&gt;</WhytheTestisPerformed><NormalResults>&lt;text&gt;The normal range for 24-hour urine volume is 800 to 2,000 milliliters per day (with a normal fluid intake of about 2 liters per day). &lt;/text&gt;&lt;text&gt;The examples above are common measurements for results of these tests. Normal value ranges may vary slightly among different laboratories. Some labs use different measurements or test different samples. Talk to your provider about the meaning of your specific test results. &lt;/text&gt;</NormalResults><WhatAbnormalResultsMean>&lt;text&gt;Disorders that cause  reduced urine volume  include dehydration, not enough fluid intake, or some types of chronic kidney disease.&lt;/text&gt;&lt;text&gt;Some of the conditions that cause  increased urine volume  include:&lt;/text&gt;&lt;detail&gt; Diabetes insipidus - renal &lt;/detail&gt;&lt;detail&gt;Diabetes insipidus - central&lt;/detail&gt;&lt;detail&gt; Diabetes &lt;/detail&gt;&lt;detail&gt;High fluid intake&lt;/detail&gt;&lt;detail&gt;Some forms of kidney disease&lt;/detail&gt;&lt;detail&gt;Use of diuretic medicines &lt;/detail&gt;</WhatAbnormalResultsMean><AlternativeNames>&lt;detail&gt;Urine volume&lt;/detail&gt;&lt;detail&gt; 24-hour urine collection&lt;/detail&gt;&lt;detail&gt; Urine protein - 24 hour&lt;/detail&gt;</AlternativeNames><Images><value><img_name>Urine sample</img_name><img_url>https://medlineplus.gov/ency/images/ency/fullsize/10011.jpg</img_url></value><value><img_name>Female urinary tract</img_name><img_url>https://medlineplus.gov/ency/images/ency/fullsize/1122.jpg</img_url></value><value><img_name>Male urinary tract</img_name><img_url>https://medlineplus.gov/ency/images/ency/fullsize/1123.jpg</img_url></value></Images></item>
<item><title>Urinary casts</title><url>https://medlineplus.gov/ency/article/003586.htm</url><HowtoPreparefortheTest>&lt;text&gt;No special preparation is needed.&lt;/text&gt;</HowtoPreparefortheTest><WhytheTestisPerformed>&lt;text&gt;Your provider may order this test to see if your kidneys are working properly. It may also be ordered to check for certain conditions, such as: &lt;/text&gt;&lt;detail&gt; Glomerular disease &lt;/detail&gt;&lt;detail&gt; Interstitial kidney disease &lt;/detail&gt;&lt;detail&gt;Kidney infections &lt;/detail&gt;</WhytheTestisPerformed><NormalResults>&lt;text&gt;The absence of cellular casts or presence of a few hyaline casts is normal. The examples above are common measurements for results of these tests. Normal value ranges may vary slightly among different laboratories. Some labs use different measurements or test different samples. Talk to your provider about the meaning of your specific test results.&lt;/text&gt;</NormalResults><WhatAbnormalResultsMean>&lt;text&gt;Abnormal results may include:&lt;/text&gt;&lt;detail&gt;  Fatty casts are seen in people who have lipids in urine. This is most often a complication of  nephrotic syndrome .&lt;/detail&gt;&lt;detail&gt;  Granular casts are a sign of many types of kidney diseases.&lt;/detail&gt;&lt;detail&gt;  Red blood cell casts mean there is a microscopic amount of bleeding from the kidney. They are seen in many kidney diseases.&lt;/detail&gt;&lt;detail&gt;  Renal tubular epithelial cell casts reflect damage to tubule cells in the kidney. These casts are seen in conditions such as  renal tubular necrosis , viral disease (such as  CMV nephritis ), and kidney  transplant rejection .&lt;/detail&gt;&lt;detail&gt;  Waxy casts can be found in people with advanced kidney disease and  long-term (chronic) kidney failure .&lt;/detail&gt;&lt;detail&gt;  White blood cell (WBC) casts are common with acute kidney infections and interstitial nephritis. &lt;/detail&gt;&lt;text&gt;Your provider will tell you more about your results.&lt;/text&gt;</WhatAbnormalResultsMean><AlternativeNames>&lt;detail&gt;Hyaline casts&lt;/detail&gt;&lt;detail&gt; Granular casts&lt;/detail&gt;&lt;detail&gt; Renal tubular epithelial casts&lt;/detail&gt;&lt;detail&gt; Waxy casts&lt;/detail&gt;&lt;detail&gt; Casts in the urine&lt;/detail&gt;&lt;detail&gt; Fatty casts&lt;/detail&gt;&lt;detail&gt; Red blood cell casts&lt;/detail&gt;&lt;detail&gt; White blood cell casts&lt;/detail&gt;</AlternativeNames><Images><value><img_name>Male urinary system</img_name><img_url>https://medlineplus.gov/ency/images/ency/fullsize/10022.jpg</img_url></value></Images></item>
<item><title>Urinalysis</title><url>https://medlineplus.gov/ency/article/003579.htm</url><HowtoPreparefortheTest>&lt;text&gt;Certain medicines change the color of urine, but this is not a sign of disease. Your provider may tell you to stop taking any medicines that can affect test results.&lt;/text&gt;&lt;text&gt;Medicines that can change your urine color include:&lt;/text&gt;&lt;detail&gt;Chloroquine&lt;/detail&gt;&lt;detail&gt;Iron supplements&lt;/detail&gt;&lt;detail&gt;Levodopa&lt;/detail&gt;&lt;detail&gt;Nitrofurantoin&lt;/detail&gt;&lt;detail&gt;Phenazopyridine&lt;/detail&gt;&lt;detail&gt;Phenothiazine&lt;/detail&gt;&lt;detail&gt;Phenytoin&lt;/detail&gt;&lt;detail&gt;Riboflavin&lt;/detail&gt;&lt;detail&gt;Triamterene &lt;/detail&gt;</HowtoPreparefortheTest><WhytheTestisPerformed>&lt;text&gt;A urinalysis may be done:&lt;/text&gt;&lt;detail&gt;As part of a routine medical exam to screen for early signs of disease&lt;/detail&gt;&lt;detail&gt;If you have signs of  diabetes  or kidney disease, or to monitor you if you are being treated for these conditions&lt;/detail&gt;&lt;detail&gt;To check for  blood in the urine &lt;/detail&gt;&lt;detail&gt;To diagnose a  urinary tract infection &lt;/detail&gt;</WhytheTestisPerformed><NormalResults>&lt;text&gt;Normal urine varies in color from almost colorless to dark yellow. Some foods, such as beets and blackberries, may turn urine red.&lt;/text&gt;&lt;text&gt;Usually, glucose, ketones, protein, and bilirubin are not detectable in urine. The following are not normally found in urine:&lt;/text&gt;&lt;detail&gt;Hemoglobin&lt;/detail&gt;&lt;detail&gt;Nitrites&lt;/detail&gt;&lt;detail&gt;Red blood cells&lt;/detail&gt;&lt;detail&gt;White blood cells &lt;/detail&gt;&lt;text&gt;Normal value ranges may vary slightly among different laboratories. Some labs use different measurements or test different samples. Talk to your provider about the meaning of your specific test results.&lt;/text&gt;</NormalResults><WhatAbnormalResultsMean>&lt;text&gt;Abnormal results may mean you have an illness, such as:&lt;/text&gt;&lt;detail&gt; Urinary tract infection &lt;/detail&gt;&lt;detail&gt; Kidney stones &lt;/detail&gt;&lt;detail&gt;   Poorly controlled diabetes   &lt;/detail&gt;&lt;detail&gt; Bladder  or  kidney cancer &lt;/detail&gt;&lt;text&gt;Your provider can discuss the results with you.&lt;/text&gt;</WhatAbnormalResultsMean><AlternativeNames>&lt;detail&gt;Urine appearance and color&lt;/detail&gt;&lt;detail&gt; Routine urine test&lt;/detail&gt;&lt;detail&gt; Cystitis - urinalysis&lt;/detail&gt;&lt;detail&gt; Bladder infection - urinalysis&lt;/detail&gt;&lt;detail&gt; UTI - urinalysis&lt;/detail&gt;&lt;detail&gt; Urinary tract infection - urinalysis&lt;/detail&gt;&lt;detail&gt; Hematuria - urinalysis&lt;/detail&gt;</AlternativeNames><Images><value><img_name>Female urinary tract</img_name><img_url>https://medlineplus.gov/ency/images/ency/fullsize/1122.jpg</img_url></value><value><img_name>Male urinary tract</img_name><img_url>https://medlineplus.gov/ency/images/ency/fullsize/1123.jpg</img_url></value></Images></item>
<item><title>Uric acid urine test</title><url>https://medlineplus.gov/ency/article/003616.htm</url><HowtoPreparefortheTest>&lt;text&gt;Your provider may ask you to temporarily stop taking medicines that may affect the test results. Be sure to tell your provider about all the medicines you take. These include:&lt;/text&gt;&lt;detail&gt;Aspirin or aspirin-containing medicines&lt;/detail&gt;&lt;detail&gt; Gout  medicines&lt;/detail&gt;&lt;detail&gt;Nonsteroidal anti-inflammatory drugs (NSAIDs, such as ibuprofen)&lt;/detail&gt;&lt;detail&gt;Water pills (diuretics) &lt;/detail&gt;&lt;text&gt;DO NOT stop taking any medicine before talking to your provider.&lt;/text&gt;&lt;text&gt;Be aware that alcoholic drinks, vitamin C, and x-ray dye can also affect test results.&lt;/text&gt;</HowtoPreparefortheTest><WhytheTestisPerformed>&lt;text&gt;This test may be done to help determine the cause of a high uric acid level in the blood. It may also be done to monitor people with gout, and to choose the best medicine to lower the uric acid level in the blood.&lt;/text&gt;&lt;text&gt;Uric acid is a chemical created when the body breaks down substances called purines. Most uric acid dissolves in blood and travels to the kidneys, where it passes out in urine. If your body produces too much uric acid or does not remove enough of it, you may get sick. A high level of uric acid in the body is called hyperuricemia and it can lead to gout or kidney damage.&lt;/text&gt;&lt;text&gt;This test may also be done to check whether a high uric acid level is causing kidney stones.&lt;/text&gt;</WhytheTestisPerformed><NormalResults>&lt;text&gt;Normal values range from 250 to 750 mg/24 hours (1.48 to 4.43 mmol/24 hours).&lt;/text&gt;&lt;text&gt;Normal value ranges may vary slightly among different laboratories. Some labs use different measurements or test different samples. Talk to your doctor about the meaning of your specific test results.&lt;/text&gt;</NormalResults><WhatAbnormalResultsMean>&lt;text&gt;A high uric acid level in the urine may be due to:&lt;/text&gt;&lt;detail&gt;Body not being able to process purine ( Lesch-Nyhan  syndrome)&lt;/detail&gt;&lt;detail&gt;Certain cancers that have spread (metastasized)&lt;/detail&gt;&lt;detail&gt;Disease that results in breakdown of muscle fibers ( rhabdomyolysis )&lt;/detail&gt;&lt;detail&gt;Disorders that affect the bone marrow (myeloproliferative disorder)&lt;/detail&gt;&lt;detail&gt;   Disorder of the kidney tubes in which certain substances normally absorbed into the bloodstream by the kidneys are released into the urine instead ( Fanconi syndrome )&lt;/detail&gt;&lt;detail&gt;Gout&lt;/detail&gt;&lt;detail&gt;High-purine diet &lt;/detail&gt;&lt;text&gt;A low uric acid level in the urine may be due to:&lt;/text&gt;&lt;detail&gt;Kidney that is not able to get rid of uric acid well, which can lead to gout or kidney damage&lt;/detail&gt;&lt;detail&gt;Kidneys that are not able to filter fluids and waste normally (chronic  glomerulonephritis )&lt;/detail&gt;&lt;detail&gt; Lead poisoning &lt;/detail&gt;&lt;detail&gt;Long-term (chronic) alcohol use &lt;/detail&gt;</WhatAbnormalResultsMean><Images><value><img_name>Uric acid test</img_name><img_url>https://medlineplus.gov/ency/images/ency/fullsize/10007.jpg</img_url></value><value><img_name>Uric acid crystals</img_name><img_url>https://medlineplus.gov/ency/images/ency/fullsize/1222.jpg</img_url></value></Images></item>
<item><title>Uric acid  - blood </title><url>https://medlineplus.gov/ency/article/003476.htm</url><HowtoPreparefortheTest>&lt;text&gt;You should not eat or drink anything for 4 hours before the test unless told otherwise. &lt;/text&gt;&lt;text&gt;Many medicines can interfere with blood test results.&lt;/text&gt;&lt;detail&gt;Your health care provider will tell you if you need to stop taking any medicines before you have this test.&lt;/detail&gt;&lt;detail&gt;DO NOT stop or change your medicines without talking to your provider first.&lt;/detail&gt;</HowtoPreparefortheTest><WhytheTestisPerformed>&lt;text&gt;This test is done to see if you have a high level of uric acid in your blood. High levels of uric acid can sometimes cause  gout  or kidney disease.&lt;/text&gt;&lt;text&gt;You may have this test if you have had or are about to have certain types of chemotherapy. Rapid weight loss, which may occur with such treatments, can increase the amount of uric acid in your blood.&lt;/text&gt;</WhytheTestisPerformed><NormalResults>&lt;text&gt;Normal values range between 3.5 to 7.2 milligrams per deciliter (mg/dL).&lt;/text&gt;&lt;text&gt;Normal value ranges may vary slightly among different laboratories. Talk to your provider about the meaning of your specific test results.&lt;/text&gt;&lt;text&gt;The example above shows the common measurement range for results for these tests. Some laboratories use different measurements or may test different specimens.&lt;/text&gt;</NormalResults><WhatAbnormalResultsMean>&lt;text&gt;Greater-than-normal levels of uric acid (hyperuricemia) may be due to:&lt;/text&gt;&lt;detail&gt; Acidosis &lt;/detail&gt;&lt;detail&gt; Alcoholism &lt;/detail&gt;&lt;detail&gt;Chemotherapy-related side effects&lt;/detail&gt;&lt;detail&gt; Diabetes &lt;/detail&gt;&lt;detail&gt;Excessive exercise&lt;/detail&gt;&lt;detail&gt;Gout&lt;/detail&gt;&lt;detail&gt; Hypoparathyroidism &lt;/detail&gt;&lt;detail&gt; Lead poisoning &lt;/detail&gt;&lt;detail&gt;Leukemia&lt;/detail&gt;&lt;detail&gt;Medullary cystic kidney disease&lt;/detail&gt;&lt;detail&gt; Nephrolithiasis &lt;/detail&gt;&lt;detail&gt; Polycythemia vera &lt;/detail&gt;&lt;detail&gt;Purine-rich diet&lt;/detail&gt;&lt;detail&gt; Renal failure &lt;/detail&gt;&lt;detail&gt; Toxemia of pregnancy &lt;/detail&gt;&lt;text&gt;Lower-than-normal levels of uric acid may be due to:&lt;/text&gt;&lt;detail&gt; Fanconi syndrome &lt;/detail&gt;&lt;detail&gt;Low purine diet&lt;/detail&gt;&lt;detail&gt; Syndrome of inappropriate antidiuretic hormone (SIADH) secretion &lt;/detail&gt;&lt;detail&gt; Wilson disease &lt;/detail&gt;&lt;text&gt;Other reasons this test may be performed include:&lt;/text&gt;&lt;detail&gt; Chronic gouty arthritis &lt;/detail&gt;&lt;detail&gt;Chronic kidney disease&lt;/detail&gt;&lt;detail&gt; Injury of the kidney and ureter &lt;/detail&gt;</WhatAbnormalResultsMean><AlternativeNames>&lt;detail&gt;Gout - uric acid in blood&lt;/detail&gt;&lt;detail&gt; Hyperuricemia - uric acid in blood&lt;/detail&gt;</AlternativeNames><Images><value><img_name>Blood test</img_name><img_url>https://medlineplus.gov/ency/images/ency/fullsize/10026.jpg</img_url></value><value><img_name>Uric acid crystals</img_name><img_url>https://medlineplus.gov/ency/images/ency/fullsize/1222.jpg</img_url></value></Images></item>
<item><title>Urethral discharge culture</title><url>https://medlineplus.gov/ency/article/003750.htm</url><HowtoPreparefortheTest>&lt;text&gt;DO NOT urinate for 1 hour before the test. Urinating washes away some of the germs needed for accurate test results.&lt;/text&gt;</HowtoPreparefortheTest><WhytheTestisPerformed>&lt;text&gt;The provider often orders the test when there is a discharge from the urethra. This test can detect sexually transmitted infections (STIs), such as  gonorrhea  and  chlamydia .&lt;/text&gt;</WhytheTestisPerformed><NormalResults>&lt;text&gt;A negative culture, or no growth appearing in the culture, is normal.&lt;/text&gt;</NormalResults><WhatAbnormalResultsMean>&lt;text&gt;Abnormal results can be a sign of infection in the genital tract. These infections can include gonorrhea or chlamydia.&lt;/text&gt;</WhatAbnormalResultsMean><AlternativeNames>&lt;detail&gt;Culture of urethral discharge&lt;/detail&gt;&lt;detail&gt; Genital exudate culture&lt;/detail&gt;&lt;detail&gt; Culture - genital discharge or exudate&lt;/detail&gt;&lt;detail&gt; Urethritis - culture&lt;/detail&gt;</AlternativeNames><Images><value><img_name>Male bladder anatomy</img_name><img_url>https://medlineplus.gov/ency/images/ency/fullsize/9109.jpg</img_url></value></Images></item>
<item><title>Ureteral retrograde brush biopsy</title><url>https://medlineplus.gov/ency/article/003906.htm</url><HowtoPreparefortheTest>&lt;text&gt;You may not be able to eat or drink anything for about 6 hours before the test. Your health care provider will tell you how you need to prepare.&lt;/text&gt;</HowtoPreparefortheTest><WhytheTestisPerformed>&lt;text&gt;This test is used to take a sample of tissue from the kidney or ureter. It is performed when an  x-ray  or other test has shown a suspicious area (lesion). This can also be done if there is blood or abnormal cells in the urine.&lt;/text&gt;</WhytheTestisPerformed><NormalResults>&lt;text&gt;The tissue appears normal.&lt;/text&gt;</NormalResults><WhatAbnormalResultsMean>&lt;text&gt;Abnormal results may show cancer cells ( carcinoma ). This test is often used to tell the difference between cancerous (malignant) and noncancerous ( benign ) lesions.&lt;/text&gt;</WhatAbnormalResultsMean><AlternativeNames>&lt;detail&gt;Biopsy - brush - urinary tract&lt;/detail&gt;&lt;detail&gt; Retrograde ureteral brush biopsy cytology&lt;/detail&gt;&lt;detail&gt; Cytology - ureteral retrograde brush biopsy&lt;/detail&gt;</AlternativeNames><Images><value><img_name>Kidney anatomy</img_name><img_url>https://medlineplus.gov/ency/images/ency/fullsize/1101.jpg</img_url></value><value><img_name>Kidney - blood and urine flow</img_name><img_url>https://medlineplus.gov/ency/images/ency/fullsize/1704.jpg</img_url></value><value><img_name>Ureteral biopsy</img_name><img_url>https://medlineplus.gov/ency/images/ency/fullsize/9644.jpg</img_url></value></Images></item>
<item><title>Urea nitrogen urine test</title><url>https://medlineplus.gov/ency/article/003605.htm</url><HowtoPreparefortheTest>&lt;text&gt;No special preparation is needed.&lt;/text&gt;</HowtoPreparefortheTest><WhytheTestisPerformed>&lt;text&gt;This test is mainly used to check a person's protein balance and the amount of food protein needed by severely ill people. It is also used to determine how much protein a person takes in.&lt;/text&gt;&lt;text&gt;Urea is excreted by the kidneys. The test measures the amount of urea the kidneys excrete. The result can show how well the kidneys are working.&lt;/text&gt;</WhytheTestisPerformed><NormalResults>&lt;text&gt;Normal values range from 12 to 20 grams per 24 hours (428.4 to 714 mmol/day).&lt;/text&gt;&lt;text&gt;Normal value ranges may vary slightly among different laboratories. Some labs use different measurements or test different samples. Talk to your provider about the meaning of your specific test results.&lt;/text&gt;</NormalResults><WhatAbnormalResultsMean>&lt;text&gt;Low levels usually indicate:&lt;/text&gt;&lt;detail&gt;Kidney problems&lt;/detail&gt;&lt;detail&gt;Malnutrition (inadequate  protein in diet ) &lt;/detail&gt;&lt;text&gt;High levels usually indicate:&lt;/text&gt;&lt;detail&gt;Increased protein breakdown in the body&lt;/detail&gt;&lt;detail&gt;Too much protein intake&lt;/detail&gt;</WhatAbnormalResultsMean><AlternativeNames>&lt;detail&gt;Urine urea nitrogen&lt;/detail&gt;</AlternativeNames><Images><value><img_name>Female urinary tract</img_name><img_url>https://medlineplus.gov/ency/images/ency/fullsize/1122.jpg</img_url></value><value><img_name>Male urinary tract</img_name><img_url>https://medlineplus.gov/ency/images/ency/fullsize/1123.jpg</img_url></value></Images></item>
<item><title>Upper GI and small bowel series</title><url>https://medlineplus.gov/ency/article/003816.htm</url><HowtoPreparefortheTest>&lt;text&gt;You may have to change your diet for 2 or 3 days before the test. In most cases, you will not be able to eat for a period of time before the test.&lt;/text&gt;&lt;text&gt;Be sure to ask your health care provider if you need to change how you take any of your medicines. Often you can continue taking the medicines you take by mouth. Never make any changes in your medicines without first talking to your provider.&lt;/text&gt;&lt;text&gt;You will be asked to remove all jewelry on your neck, chest, or abdomen before the test.&lt;/text&gt;</HowtoPreparefortheTest><WhytheTestisPerformed>&lt;text&gt;This test is done to look for a problem in the structure or function of your esophagus, stomach, or small intestine.&lt;/text&gt;</WhytheTestisPerformed><NormalResults>&lt;text&gt;A normal result shows that the esophagus, stomach, and small intestine are normal in size, shape, and movement.&lt;/text&gt;&lt;text&gt;Normal value ranges may vary depending on the lab doing the test. Talk to your provider about the meaning of your specific test results.&lt;/text&gt;</NormalResults><WhatAbnormalResultsMean>&lt;text&gt;Abnormal results in the esophagus may indicate the following problems:&lt;/text&gt;&lt;detail&gt; Achalasia &lt;/detail&gt;&lt;detail&gt; Diverticula &lt;/detail&gt;&lt;detail&gt; Esophageal cancer &lt;/detail&gt;&lt;detail&gt; Esophageal narrowing (stricture) - benign &lt;/detail&gt;&lt;detail&gt; Hiatal hernia &lt;/detail&gt;&lt;detail&gt; Ulcers &lt;/detail&gt;&lt;text&gt;Abnormal results in the stomach may indicate the following problems:&lt;/text&gt;&lt;detail&gt; Gastric cancer &lt;/detail&gt;&lt;detail&gt; Gastric ulcer  - benign&lt;/detail&gt;&lt;detail&gt; Gastritis &lt;/detail&gt;&lt;detail&gt;Polyps (a tumor that is usually noncancerous and grows on the  mucus membrane )&lt;/detail&gt;&lt;detail&gt; Pyloric stenosis  (narrowing)&lt;/detail&gt;&lt;text&gt;Abnormal results in the small intestine may indicate the following problems:&lt;/text&gt;&lt;detail&gt; Malabsorption  syndrome&lt;/detail&gt;&lt;detail&gt;Swelling and irritation of the small intestines&lt;/detail&gt;&lt;detail&gt;Tumors&lt;/detail&gt;&lt;detail&gt;Ulcers&lt;/detail&gt;&lt;text&gt;The test may also be done for the following conditons:&lt;/text&gt;&lt;detail&gt; Annular pancreas &lt;/detail&gt;&lt;detail&gt; Duodenal ulcer &lt;/detail&gt;&lt;detail&gt; Gastroesophageal reflux disease &lt;/detail&gt;&lt;detail&gt; Gastroparesis &lt;/detail&gt;&lt;detail&gt; Intestinal obstruction &lt;/detail&gt;&lt;detail&gt; Lower esophageal ring &lt;/detail&gt;&lt;detail&gt; Primary or idiopathic intestinal pseudo-obstruction &lt;/detail&gt;</WhatAbnormalResultsMean><AlternativeNames>&lt;detail&gt;GI series&lt;/detail&gt;&lt;detail&gt; Barium swallow x-ray&lt;/detail&gt;&lt;detail&gt; Upper GI series&lt;/detail&gt;</AlternativeNames><Images><value><img_name>Barium ingestion</img_name><img_url>https://medlineplus.gov/ency/images/ency/fullsize/10002.jpg</img_url></value><value><img_name>Stomach cancer, x-ray</img_name><img_url>https://medlineplus.gov/ency/images/ency/fullsize/1202.jpg</img_url></value><value><img_name>Stomach ulcer, x-ray</img_name><img_url>https://medlineplus.gov/ency/images/ency/fullsize/1207.jpg</img_url></value><value><img_name>Volvulus - x-ray</img_name><img_url>https://medlineplus.gov/ency/images/ency/fullsize/1208.jpg</img_url></value><value><img_name>Small intestine</img_name><img_url>https://medlineplus.gov/ency/images/ency/fullsize/19221.jpg</img_url></value></Images></item>
<item><title>Upper airway biopsy</title><url>https://medlineplus.gov/ency/article/003856.htm</url><HowtoPreparefortheTest>&lt;text&gt;DO NOT eat for 6 to 12 hours before the test. &lt;/text&gt;&lt;text&gt;Tell your provider if you take a blood thinner, such as aspirin, plavix or coumadin, when you schedule the biopsy. You may need to stop taking them for a little while. Never stop taking any medicines without first talking to your provider. &lt;/text&gt;</HowtoPreparefortheTest><WhytheTestisPerformed>&lt;text&gt;This test may be done if your provider thinks there is a problem with your upper airway. It may also be done with a  bronchoscopy .&lt;/text&gt;</WhytheTestisPerformed><NormalResults>&lt;text&gt;The upper airway tissues are normal, with no abnormal growths.&lt;/text&gt;</NormalResults><WhatAbnormalResultsMean>&lt;text&gt;Disorders or conditions that may be discovered include:&lt;/text&gt;&lt;detail&gt;Benign (noncancerous) cysts or masses&lt;/detail&gt;&lt;detail&gt; Cancer &lt;/detail&gt;&lt;detail&gt;Certain infections&lt;/detail&gt;&lt;detail&gt; Granulomas  and related inflammation (may be caused by  tuberculosis )&lt;/detail&gt;&lt;detail&gt;Autoimmune disorders, such as  granulomatosis with polyangiitis &lt;/detail&gt;&lt;detail&gt; Necrotizing vasculitis &lt;/detail&gt;</WhatAbnormalResultsMean><AlternativeNames>&lt;detail&gt;Biopsy - upper airway&lt;/detail&gt;</AlternativeNames><Images><value><img_name>Upper airway test</img_name><img_url>https://medlineplus.gov/ency/images/ency/fullsize/10003.jpg</img_url></value><value><img_name>Bronchoscopy</img_name><img_url>https://medlineplus.gov/ency/images/ency/fullsize/23232.jpg</img_url></value><value><img_name>Throat anatomy</img_name><img_url>https://medlineplus.gov/ency/images/ency/fullsize/1118.jpg</img_url></value></Images></item>
<item><title>Voiding cystourethrogram</title><url>https://medlineplus.gov/ency/article/003784.htm</url><HowtoPreparefortheTest>&lt;text&gt;You must sign a consent form. You will be given a gown to wear.&lt;/text&gt;&lt;text&gt;Remove all jewelry before the test. Inform the provider if you are:&lt;/text&gt;&lt;detail&gt;Allergic to any medicines&lt;/detail&gt;&lt;detail&gt;Allergic to x-ray contrast material&lt;/detail&gt;&lt;detail&gt;Pregnant&lt;/detail&gt;</HowtoPreparefortheTest><WhytheTestisPerformed>&lt;text&gt;This test may be done to diagnose the cause of urinary tract infections, especially in children who have had more than one urinary tract or bladder infection.&lt;/text&gt;&lt;text&gt;It is also used to diagnose and evaluate:&lt;/text&gt;&lt;detail&gt;Difficulty emptying the bladder&lt;/detail&gt;&lt;detail&gt;Birth defects with the bladder or urethra&lt;/detail&gt;&lt;detail&gt;Narrowing of the tube that carries urine out of the bladder   ( urethral stricture ) in males&lt;/detail&gt;&lt;detail&gt;Urinary reflux from the bladder up into the kidney&lt;/detail&gt;</WhytheTestisPerformed><NormalResults>&lt;text&gt;The bladder and urethra will be normal in size and function.&lt;/text&gt;</NormalResults><WhatAbnormalResultsMean>&lt;text&gt;Abnormal results may indicate the following:&lt;/text&gt;&lt;detail&gt;Bladder does not empty properly because of a brain or nerve problem   (neurogenic bladder) &lt;/detail&gt;&lt;detail&gt; Large prostate gland &lt;/detail&gt;&lt;detail&gt;Narrowing or scarring of the urethra&lt;/detail&gt;&lt;detail&gt;Pouch-like sacs (diverticula) on the walls of the bladder or urethra&lt;/detail&gt;&lt;detail&gt; Ureterocele &lt;/detail&gt;&lt;detail&gt; Urinary reflux nephropathy &lt;/detail&gt;</WhatAbnormalResultsMean><AlternativeNames>&lt;detail&gt;Cystourethrogram - voiding&lt;/detail&gt;</AlternativeNames><Images><value><img_name>Voiding cystourethrogram</img_name><img_url>https://medlineplus.gov/ency/images/ency/fullsize/1144.jpg</img_url></value><value><img_name>Cystography</img_name><img_url>https://medlineplus.gov/ency/images/ency/fullsize/9252.jpg</img_url></value></Images></item>
<item><title>VLDL test</title><url>https://medlineplus.gov/ency/article/003494.htm</url><WhytheTestisPerformed>&lt;text&gt;You may have this test to help assess your risk for heart disease. Increased levels of VLDL are linked to  atherosclerosis . This condition can lead to  coronary heart disease .&lt;/text&gt;&lt;text&gt;This test may be included in a coronary risk profile.&lt;/text&gt;</WhytheTestisPerformed><NormalResults>&lt;text&gt;Normal VLDL cholesterol level is between 2 and 30 mg/dL.&lt;/text&gt;&lt;text&gt;Normal value ranges may vary slightly among different laboratories. Talk to your doctor about the meaning of your specific test results.&lt;/text&gt;&lt;text&gt;The examples above show the common measurements for results for these tests. Some laboratories use different measurements or may test different specimens.&lt;/text&gt;</NormalResults><WhatAbnormalResultsMean>&lt;text&gt;A high VLDL cholesterol level may be associated with a higher risk for heart disease and stroke. However, VLDL cholesterol level is rarely targeted when treatment for high cholesterol is done. Instead,  LDL cholesterol level  is more often the main target of therapy.&lt;/text&gt;</WhatAbnormalResultsMean><AlternativeNames>&lt;detail&gt;Very low density lipoprotein test&lt;/detail&gt;</AlternativeNames><Images><value><img_name>Blood test</img_name><img_url>https://medlineplus.gov/ency/images/ency/fullsize/10026.jpg</img_url></value></Images></item>
<item><title>Vitamin B12 level</title><url>https://medlineplus.gov/ency/article/003705.htm</url><HowtoPreparefortheTest>&lt;text&gt;You should not eat or drink for about 6 to 8 hours before the test.&lt;/text&gt;&lt;text&gt;Certain medicines may affect the results of this test. Your health care provider will tell you if you need to stop taking any medicines. DO NOT stop any medicine before talking to your provider.&lt;/text&gt;&lt;text&gt;Medicines that can affect the test result include:&lt;/text&gt;&lt;detail&gt;Colchicine&lt;/detail&gt;&lt;detail&gt;Neomycin&lt;/detail&gt;&lt;detail&gt;Para-aminosalicylic acid&lt;/detail&gt;&lt;detail&gt;Phenytoin&lt;/detail&gt;</HowtoPreparefortheTest><WhytheTestisPerformed>&lt;text&gt;This test is most often done when other blood tests suggest a condition called megaloblastic anemia.  Pernicious anemia  is a form of megaloblastic anemia caused by poor vitamin B12 absorption. This can occur when the stomach makes less of the substance the body needs to properly absorb vitamin B12.&lt;/text&gt;&lt;text&gt;Your provider may also recommend a vitamin B12 test if you have certain nervous system symptoms. A low level of B12 can cause numbness or tingling in the arms and legs, weakness, and loss of balance.&lt;/text&gt;&lt;text&gt;Other conditions for which the test may be done include:&lt;/text&gt;&lt;detail&gt;Sudden severe confusion ( delirium )&lt;/detail&gt;&lt;detail&gt;Loss of brain function ( dementia )&lt;/detail&gt;&lt;detail&gt; Dementia due to metabolic causes &lt;/detail&gt;&lt;detail&gt;Nerve abnormalities, such as peripheral neuropathy &lt;/detail&gt;</WhytheTestisPerformed><NormalResults>&lt;text&gt;Normal values are 160 to 950 picograms per milliliter (pg/mL), or 118 to 701 picomole per liter (pmol/L).&lt;/text&gt;&lt;text&gt;Normal value ranges may vary slightly among different laboratories. Some labs use different measurements or may test different samples. Talk to your provider about what your specific test results mean.&lt;/text&gt;</NormalResults><WhatAbnormalResultsMean>&lt;text&gt;Values of less than 160 pg/mL (118 pmol/L) are a possible sign of a vitamin B12 deficiency. People with this deficiency are likely to have or develop symptoms. &lt;/text&gt;&lt;text&gt;Older adults with a vitamin B12 level less than 100 pg/mL (74 pmol/L) may also have symptoms. Deficiency should be confirmed by checking the level of a substance in the blood called methylmalonic acid. A high level indicates a true B12 deficiency.&lt;/text&gt;&lt;text&gt;Causes of vitamin B12 deficiency include:&lt;/text&gt;&lt;detail&gt;Not enough vitamin B12 in diet (rare, except with a strict vegetarian diet)&lt;/detail&gt;&lt;detail&gt;Diseases that cause  malabsorption  (for example,  celiac disease  and  Crohn disease )&lt;/detail&gt;&lt;detail&gt;Lack of  intrinsic factor , a protein that helps the intestine absorb vitamin B12&lt;/detail&gt;&lt;detail&gt;Above normal heat production (for example, with  hyperthyroidism )&lt;/detail&gt;&lt;detail&gt;Pregnancy &lt;/detail&gt;&lt;text&gt;An increased vitamin B12 level is uncommon. Usually, excess vitamin B12 is removed in the urine.&lt;/text&gt;&lt;text&gt;Conditions that can increase B12 level include:&lt;/text&gt;&lt;detail&gt;Liver disease (such as  cirrhosis  or  hepatitis )&lt;/detail&gt;&lt;detail&gt; Myeloproliferative disorders  (for example, polycythemia vera and chronic  myelogenous leukemia ) &lt;/detail&gt;</WhatAbnormalResultsMean><AlternativeNames>&lt;detail&gt;Cobalamin test&lt;/detail&gt;&lt;detail&gt; Pernicious anemia - vitamin B12 level&lt;/detail&gt;</AlternativeNames></item>
<item><title>Vitamin A blood test</title><url>https://medlineplus.gov/ency/article/003570.htm</url><HowtoPreparefortheTest>&lt;text&gt;Follow your health care provider's instructions about not eating or drinking anything for up to 24 hours before the test.&lt;/text&gt;</HowtoPreparefortheTest><WhytheTestisPerformed>&lt;text&gt;This test is done to check if you have too much or too little vitamin A in your blood. (These conditions are uncommon in the United States.)&lt;/text&gt;</WhytheTestisPerformed><NormalResults>&lt;text&gt;Normal values range from 15 to 60 micrograms per deciliter (mcg/dL) or 0.52 to 2.09 micromoles per liter (micromol/L).&lt;/text&gt;&lt;text&gt;Normal value ranges may vary slightly among different laboratories. Some labs use different measurements or test different samples. Talk to your doctor about the meaning of your specific test results.&lt;/text&gt;</NormalResults><WhatAbnormalResultsMean>&lt;text&gt;A lower than normal value means you do not have enough vitamin A in your blood. This may cause:&lt;/text&gt;&lt;detail&gt;Bone or teeth problems in young children&lt;/detail&gt;&lt;detail&gt;Dry or inflamed eyes&lt;/detail&gt;&lt;detail&gt; Night blindness &lt;/detail&gt;&lt;detail&gt;Recurring infections&lt;/detail&gt;&lt;detail&gt;Skin rashes&lt;/detail&gt;&lt;detail&gt;Reduced growth&lt;/detail&gt;&lt;detail&gt;Dry skin &lt;/detail&gt;&lt;text&gt;A higher than normal value means you have excess vitamin A in your blood (toxic levels). This may cause:&lt;/text&gt;&lt;detail&gt;Hair loss&lt;/detail&gt;&lt;detail&gt;Loss of appetite&lt;/detail&gt;&lt;detail&gt;Bone and muscle pain&lt;/detail&gt;&lt;detail&gt;Increased pressure in the brain (pseudotumor cerebri)&lt;/detail&gt;&lt;detail&gt;Anemia&lt;/detail&gt;&lt;detail&gt;Double vision&lt;/detail&gt;&lt;detail&gt;Liver and spleen enlargement&lt;/detail&gt;&lt;detail&gt;Nausea&lt;/detail&gt;&lt;detail&gt;Diarrhrea&lt;/detail&gt;&lt;detail&gt;Lack of muscle coordination (ataxia) &lt;/detail&gt;&lt;text&gt;Vitamin A deficiency may occur if your body has trouble absorbing fats through the digestive tract. This may occur if you have:&lt;/text&gt;&lt;detail&gt;Chronic lung disease called  cystic fibrosis &lt;/detail&gt;&lt;detail&gt;Pancreas problems, such as swelling and inflammation ( pancreatitis ) or the organ not producing enough enzymes (pancreatic insufficiency)&lt;/detail&gt;&lt;detail&gt;Small intestine disorder called  celiac disease &lt;/detail&gt;</WhatAbnormalResultsMean><AlternativeNames>&lt;detail&gt;Retinol test&lt;/detail&gt;</AlternativeNames><Images><value><img_name>Blood test</img_name><img_url>https://medlineplus.gov/ency/images/ency/fullsize/10026.jpg</img_url></value></Images></item>
<item><title>Visual field</title><url>https://medlineplus.gov/ency/article/003879.htm</url><HowtoPreparefortheTest>&lt;text&gt;No special preparation is necessary.&lt;/text&gt;</HowtoPreparefortheTest><WhytheTestisPerformed>&lt;text&gt;This eye exam will show whether you have a loss of vision anywhere in your visual field. The pattern of vision loss will help your provider diagnose the cause.&lt;/text&gt;</WhytheTestisPerformed><NormalResults>&lt;text&gt;The peripheral vision is normal.&lt;/text&gt;</NormalResults><WhatAbnormalResultsMean>&lt;text&gt;Abnormal results may be due to diseases or  central nervous system  (CNS) disorders, such as tumors that damage or press on (compress) the parts of the brain that deal with vision.&lt;/text&gt;&lt;text&gt;Other diseases that may affect the visual field of the eye include:&lt;/text&gt;&lt;detail&gt; Diabetes &lt;/detail&gt;&lt;detail&gt; Glaucoma  (increased eye pressure)&lt;/detail&gt;&lt;detail&gt;High blood pressure&lt;/detail&gt;&lt;detail&gt; Macular degeneration  (eye disorder that slowly destroys sharp, central vision)&lt;/detail&gt;&lt;detail&gt; Multiple sclerosis  (disorder that affects the CNS)&lt;/detail&gt;&lt;detail&gt; Optic glioma  (tumor of the optic nerve)&lt;/detail&gt;&lt;detail&gt; Overactive thyroid  (hyperthyroidism)&lt;/detail&gt;&lt;detail&gt;Pituitary gland disorders&lt;/detail&gt;&lt;detail&gt; Retinal detachment  (separation of the retina in the back of the eye from its supporting layers)&lt;/detail&gt;&lt;detail&gt; Stroke &lt;/detail&gt;&lt;detail&gt; Temporal arteritis  (inflammation and damage to the blood vessels that supply blood to the head) &lt;/detail&gt;</WhatAbnormalResultsMean><AlternativeNames>&lt;detail&gt;Perimetry&lt;/detail&gt;&lt;detail&gt; Tangent screen exam&lt;/detail&gt;&lt;detail&gt; Automated perimetry exam&lt;/detail&gt;&lt;detail&gt; Goldmann visual field exam&lt;/detail&gt;&lt;detail&gt; Humphrey visual field exam&lt;/detail&gt;</AlternativeNames><Images><value><img_name>Eye</img_name><img_url>https://medlineplus.gov/ency/images/ency/fullsize/1094.jpg</img_url></value><value><img_name>Visual field test</img_name><img_url>https://medlineplus.gov/ency/images/ency/fullsize/1143.jpg</img_url></value></Images></item>
<item><title>Visual acuity test</title><url>https://medlineplus.gov/ency/article/003396.htm</url><HowtoPreparefortheTest>&lt;text&gt;No special preparation is necessary for this test.&lt;/text&gt;</HowtoPreparefortheTest><WhytheTestisPerformed>&lt;text&gt;The visual acuity test is a routine part of an eye examination or general physical examination, particularly if there is a  change in vision  or a problem with vision.&lt;/text&gt;&lt;text&gt;In children, the test is performed to screen for vision problems. Vision problems in young children can often be corrected or improved. Undetected or untreated problems may lead to permanent vision damage.&lt;/text&gt;&lt;text&gt;There are other ways to check vision in very young children, or in people who do not know their letters or numbers.&lt;/text&gt;</WhytheTestisPerformed><NormalResults>&lt;text&gt;Visual acuity is expressed as a fraction.&lt;/text&gt;&lt;detail&gt;The top number refers to the distance you stand from the chart. This is often 20 feet (6 meters).&lt;/detail&gt;&lt;detail&gt;The bottom number indicates the distance at which a person with normal eyesight could read the same line you correctly read.&lt;/detail&gt;&lt;text&gt;For example, 20/20 is considered normal. 20/40 indicates that the line you correctly read at 20 feet (6 meters) away can be read by a person with normal vision from 40 feet (12 meters) away. Outside of the United States, the visual acuity is expressed as a decimal number. For example, 20/20 is 1.0, 20/40 is 0.5, 20/80 is 0.25, 20/100 is 0.2, and so on.&lt;/text&gt;&lt;text&gt;Even if you miss one or two letters on the smallest line you can read, you are still considered to have vision equal to that line.&lt;/text&gt;</NormalResults><WhatAbnormalResultsMean>&lt;text&gt;Abnormal results may be a sign that you need glasses or contacts. Or it may mean that you have an eye condition that needs further evaluation by a provider.&lt;/text&gt;</WhatAbnormalResultsMean><AlternativeNames>&lt;detail&gt;Eye test - acuity&lt;/detail&gt;&lt;detail&gt; Vision test - acuity&lt;/detail&gt;&lt;detail&gt; Snellen test&lt;/detail&gt;</AlternativeNames><Images><value><img_name>Eye</img_name><img_url>https://medlineplus.gov/ency/images/ency/fullsize/1094.jpg</img_url></value><value><img_name>Visual acuity test</img_name><img_url>https://medlineplus.gov/ency/images/ency/fullsize/1124.jpg</img_url></value><value><img_name>Normal, nearsightedness, and farsightedness</img_name><img_url>https://medlineplus.gov/ency/images/ency/fullsize/19511.jpg</img_url></value></Images></item>
<item><title>Virtual colonoscopy</title><url>https://medlineplus.gov/ency/article/007253.htm</url><HowtoPreparefortheTest>&lt;text&gt;Your bowels need to be completely empty and clean for the exam. A problem in your large intestine that needs to be treated may be missed if your intestines are not cleaned out. &lt;/text&gt;&lt;text&gt;Your health care provider will give you the steps for cleansing your bowel. This is called bowel preparation. Steps may include: &lt;/text&gt;&lt;detail&gt;Using enemas&lt;/detail&gt;&lt;detail&gt;Not eating solid foods for 1 to 3 days before the test&lt;/detail&gt;&lt;detail&gt;Taking laxatives &lt;/detail&gt;&lt;text&gt;You need to drink plenty of clear liquids for 1 to 3 days before the test. Examples of clear liquids are:&lt;/text&gt;&lt;detail&gt;Clear coffee or tea&lt;/detail&gt;&lt;detail&gt;Fat-free bouillon or broth&lt;/detail&gt;&lt;detail&gt;Gelatin&lt;/detail&gt;&lt;detail&gt;Sports drinks without added color&lt;/detail&gt;&lt;detail&gt;Strained fruit juices&lt;/detail&gt;&lt;detail&gt;Water &lt;/detail&gt;&lt;text&gt;You will likely be told to stop taking aspirin, ibuprofen, naproxen, or other blood-thinning medicines for several days before the test. Keep taking your other medicines unless your doctor tells you otherwise. &lt;/text&gt;&lt;text&gt;You will ask your provider if you need to stop taking iron pills or liquids a few days before the test, unless your provider tells you it is OK to continue. Iron can make your stool dark black. This makes it harder for the doctor to view inside your bowel. &lt;/text&gt;&lt;text&gt;CT and MRI scanners are very sensitive to metals. Do not wear jewelry the day of your exam. You will be asked to change out of your street clothes and wear a hospital gown for the procedure.&lt;/text&gt;</HowtoPreparefortheTest><WhytheTestisPerformed>&lt;text&gt;VC may be done for the following reasons:&lt;/text&gt;&lt;detail&gt;Follow-up on  colon cancer  or polyps&lt;/detail&gt;&lt;detail&gt;Abdominal pain, changes in bowel movements, or weight loss&lt;/detail&gt;&lt;detail&gt; Anemia  due to low iron&lt;/detail&gt;&lt;detail&gt;Blood in the stool or black, tarry stools&lt;/detail&gt;&lt;detail&gt;Screen for cancer of the colon or rectum (should be done every 5 years) &lt;/detail&gt;&lt;text&gt;Your doctor may want to do a regular colonoscopy instead of a VC. The reason is that VC does not allow the doctor to remove tissue samples or polyps.&lt;/text&gt;&lt;text&gt;Other times, a VC is done if your doctor was not able to move the flexible tube all the way through the colon during a regular colonoscopy.&lt;/text&gt;</WhytheTestisPerformed><NormalResults>&lt;text&gt;Normal findings are images of a healthy intestinal tract.&lt;/text&gt;</NormalResults><WhatAbnormalResultsMean>&lt;text&gt;Abnormal test results may mean any of the following:&lt;/text&gt;&lt;detail&gt;Colorectal cancer&lt;/detail&gt;&lt;detail&gt;Abnormal pouches on the lining of the intestines, called  diverticulosis &lt;/detail&gt;&lt;detail&gt;Colitis (a swollen and inflamed intestine) due to  Crohn disease ,  ulcerative colitis , infection, or lack of blood flow&lt;/detail&gt;&lt;detail&gt;Lower gastrointestinal (GI) bleeding&lt;/detail&gt;&lt;detail&gt; Polyps &lt;/detail&gt;&lt;detail&gt;Tumor &lt;/detail&gt;&lt;text&gt;Regular colonoscopy may be done (on a different day) after a VC if:&lt;/text&gt;&lt;detail&gt;No cause for bleeding or other symptoms were found. VC can miss some smaller problems in the colon.&lt;/detail&gt;&lt;detail&gt;Problems that need a biopsy were seen on a VC. &lt;/detail&gt;</WhatAbnormalResultsMean><AlternativeNames>&lt;detail&gt;Colonoscopy - virtual&lt;/detail&gt;&lt;detail&gt; CT colonography&lt;/detail&gt;&lt;detail&gt; Computed tomographic colonography&lt;/detail&gt;&lt;detail&gt; Colography - virtual&lt;/detail&gt;</AlternativeNames></item>
<item><title>Venogram - leg</title><url>https://medlineplus.gov/ency/article/003773.htm</url><HowtoPreparefortheTest>&lt;text&gt;You will wear hospital clothing during this procedure. You will be asked to sign a consent form for the procedure. Remove all jewelry from the area being imaged.&lt;/text&gt;&lt;text&gt;Tell the provider:&lt;/text&gt;&lt;detail&gt;If you are pregnant&lt;/detail&gt;&lt;detail&gt;If you have  allergies to any medicines &lt;/detail&gt;&lt;detail&gt;Which medicines you are taking (including any herbal preparations)&lt;/detail&gt;&lt;detail&gt;If you have ever had any  allergic reactions  to x-ray contrast material or iodine substance&lt;/detail&gt;</HowtoPreparefortheTest><WhytheTestisPerformed>&lt;text&gt;This test is used to identify and locate  blood clots  in the veins of the legs.&lt;/text&gt;</WhytheTestisPerformed><NormalResults>&lt;text&gt;Free flow of the blood through the vein is normal.&lt;/text&gt;</NormalResults><WhatAbnormalResultsMean>&lt;text&gt;Abnormal results may be due to a blockage. The blockage can be caused by:&lt;/text&gt;&lt;detail&gt; Blood clot &lt;/detail&gt;&lt;detail&gt;Tumor&lt;/detail&gt;&lt;detail&gt;Inflammation&lt;/detail&gt;</WhatAbnormalResultsMean><AlternativeNames>&lt;detail&gt;Phlebogram - leg&lt;/detail&gt;&lt;detail&gt; Venography - leg&lt;/detail&gt;&lt;detail&gt; Angiogram - leg&lt;/detail&gt;</AlternativeNames><Images><value><img_name>Leg venography</img_name><img_url>https://medlineplus.gov/ency/images/ency/fullsize/9584.jpg</img_url></value></Images></item>
<item><title>Venipuncture</title><url>https://medlineplus.gov/ency/article/003423.htm</url><HowtoPreparefortheTest>&lt;text&gt;The steps you need to take before the test will depend on the kind of blood test you are having. Many tests do not require special steps.&lt;/text&gt;&lt;text&gt;In some cases, your health care provider will tell you if you need to stop taking any medicines before you have this test or if you need to be fasting. Do not stop or change your medicines without talking to your provider first.&lt;/text&gt;</HowtoPreparefortheTest><WhytheTestisPerformed>&lt;text&gt;Blood is made up of two parts:&lt;/text&gt;&lt;detail&gt;Fluid (plasma or serum)&lt;/detail&gt;&lt;detail&gt;Cells&lt;/detail&gt;&lt;text&gt;Plasma is the fluid part that contains substances such as glucose, electrolytes, proteins, and water. Serum is the fluid part that remains after the blood is allowed to clot in a test tube.&lt;/text&gt;&lt;text&gt;Cells in the blood include red blood cells, white blood cells, and  platelets .&lt;/text&gt;&lt;text&gt;Blood helps move oxygen, nutrients, waste products, and other materials through the body. It helps control body temperature, fluid balance, and the body's acid-base balance.&lt;/text&gt;&lt;text&gt;Tests on blood or parts of blood may give your provider important clues about your health.&lt;/text&gt;</WhytheTestisPerformed><NormalResults>&lt;text&gt;Normal results vary with the specific test.&lt;/text&gt;</NormalResults><WhatAbnormalResultsMean>&lt;text&gt;Abnormal results vary with the specific test.&lt;/text&gt;</WhatAbnormalResultsMean><AlternativeNames>&lt;detail&gt;Blood-draw&lt;/detail&gt;&lt;detail&gt; Phlebotomy&lt;/detail&gt;</AlternativeNames><Images><value><img_name>Blood test</img_name><img_url>https://medlineplus.gov/ency/images/ency/fullsize/10026.jpg</img_url></value></Images></item>
<item><title>VDRL test</title><url>https://medlineplus.gov/ency/article/003515.htm</url><WhytheTestisPerformed>&lt;text&gt;This test is used to screen for syphilis. The bacteria that cause syphilis is called Treponema pallidum.&lt;/text&gt;&lt;text&gt;Your health care provider may order this test if you have signs and symptoms of a sexually transmitted illness (STI).&lt;/text&gt;&lt;text&gt;Syphilis screening is a routine part of prenatal care during pregnancy. Several states also require screening for syphilis prior to obtaining a marriage license.&lt;/text&gt;&lt;text&gt;This test is similar to the newer rapid plasma reagin ( RPR ) test.&lt;/text&gt;</WhytheTestisPerformed><NormalResults>&lt;text&gt;A negative test is normal. It means that no antibodies to syphilis have been seen in your blood sample.&lt;/text&gt;&lt;text&gt;The screening test is most likely to be positive in the secondary and latent stages of syphilis. This test may give a false-negative result during early- and late-stage syphilis. This test must be confirmed with another blood test to make the diagnosis of syphilis.&lt;/text&gt;&lt;text&gt;Normal value ranges may vary slightly among different laboratories. Some labs use different measurements or test different samples. Talk to your provider about the meaning of your specific test results.&lt;/text&gt;</NormalResults><WhatAbnormalResultsMean>&lt;text&gt;A positive test result means you may have syphilis. If the test is positive, the next step is to confirm the results with an  FTA-ABS  test, which is a more specific syphilis test.&lt;/text&gt;&lt;text&gt;The VDRL test's ability to detect syphilis depends on the stage of the disease. The test's sensitivity to detect syphilis nears 100% during the middle stages; it is less sensitive during the earlier and later stages.&lt;/text&gt;&lt;text&gt;Some conditions may cause a false-positive test, including:&lt;/text&gt;&lt;detail&gt;HIV/AIDS&lt;/detail&gt;&lt;detail&gt;Lyme disease&lt;/detail&gt;&lt;detail&gt;Certain types of pneumonia&lt;/detail&gt;&lt;detail&gt;Malaria&lt;/detail&gt;&lt;detail&gt;Systemic lupus erythematosus&lt;/detail&gt;&lt;text&gt;The body does not always produce antibodies specifically in response to the syphilis bacteria, so this test is not always accurate.&lt;/text&gt;</WhatAbnormalResultsMean><AlternativeNames>&lt;detail&gt;Venereal disease research laboratory test&lt;/detail&gt;&lt;detail&gt; Syphilis - VDRL&lt;/detail&gt;</AlternativeNames><Images><value><img_name>Blood test</img_name><img_url>https://medlineplus.gov/ency/images/ency/fullsize/10026.jpg</img_url></value></Images></item>
<item><title>Vasoactive intestinal peptide test</title><url>https://medlineplus.gov/ency/article/003508.htm</url><HowtoPreparefortheTest>&lt;text&gt;You should not eat or drink anything for 4 hours before the test.&lt;/text&gt;</HowtoPreparefortheTest><WhytheTestisPerformed>&lt;text&gt;This test is used to measure VIP level in the blood. A very high level is usually caused by a  VIPoma . This is an extremely rare tumor that releases VIP.&lt;/text&gt;&lt;text&gt;VIP is a substance found in cells throughout the body. The highest levels are normally found in cells in the nervous system and gut. VIP has many functions, including relaxing certain muscles, triggering release of hormones from the pancreas, gut, and hypothalamus, and increasing the amount of water and electrolytes secreted from the pancreas and gut.&lt;/text&gt;&lt;text&gt;VIPomas produce and release VIP into the blood. This blood test checks the amount of VIP in the blood to see if a person has a VIPoma.&lt;/text&gt;</WhytheTestisPerformed><NormalResults>&lt;text&gt;Normal values range from less than 70 pg/mL (20.7 pmol/L).&lt;/text&gt;&lt;text&gt;Normal value ranges may vary slightly among different laboratories. Some labs use different measurements or test different samples. Talk to your doctor about the meaning of your specific test results.&lt;/text&gt;</NormalResults><WhatAbnormalResultsMean>&lt;text&gt;A higher-than-normal level, along with symptoms of watery diarrhea and flushing, may be a sign of a VIPoma.&lt;/text&gt;</WhatAbnormalResultsMean><AlternativeNames>&lt;detail&gt;VIPoma - vasoactive intestinal polypeptide test&lt;/detail&gt;</AlternativeNames><Images><value><img_name>Blood test</img_name><img_url>https://medlineplus.gov/ency/images/ency/fullsize/10026.jpg</img_url></value></Images></item>
<item><title>Vaginitis test - wet mount</title><url>https://medlineplus.gov/ency/article/003916.htm</url><HowtoPreparefortheTest>&lt;text&gt;Follow any instructions from your provider on preparing for the test. This may include:&lt;/text&gt;&lt;detail&gt;In the 2 days before the test, DO NOT use creams or other medicines in the vagina.&lt;/detail&gt;&lt;detail&gt;DO NOT douche. (You should never douche. Douching can cause infection of the vagina or uterus.) &lt;/detail&gt;</HowtoPreparefortheTest><WhytheTestisPerformed>&lt;text&gt;The test looks for the cause of vaginal irritation and discharge.&lt;/text&gt;</WhytheTestisPerformed><NormalResults>&lt;text&gt;A normal test result means there are no signs of an infection.&lt;/text&gt;&lt;text&gt;Normal value ranges may vary slightly among different laboratories. Some labs use different measurements or test different samples. Talk to your provider about the meaning of your specific test results.&lt;/text&gt;</NormalResults><WhatAbnormalResultsMean>&lt;text&gt;Abnormal results mean there is an infection. The most common infections are due to one or a combination of the following:&lt;/text&gt;&lt;detail&gt;Bacterial vaginosis. Bacteria that normally live in the vagina overgrow, causing a heavy, white, fishy-smelling discharge and possibly a rash, painful intercourse, or odor after intercourse.&lt;/detail&gt;&lt;detail&gt; Trichomoniasis , a sexually transmitted disease.&lt;/detail&gt;&lt;detail&gt; Vaginal yeast infection . &lt;/detail&gt;</WhatAbnormalResultsMean><AlternativeNames>&lt;detail&gt;Wet prep - vaginitis&lt;/detail&gt;&lt;detail&gt; Vaginosis - wet mount&lt;/detail&gt;&lt;detail&gt; Trichomoniasis - wet mount&lt;/detail&gt;&lt;detail&gt; Vaginal candida - wet mount&lt;/detail&gt;</AlternativeNames><Images><value><img_name>Female reproductive anatomy</img_name><img_url>https://medlineplus.gov/ency/images/ency/fullsize/1112.jpg</img_url></value><value><img_name>The wet mount vaginitis test</img_name><img_url>https://medlineplus.gov/ency/images/ency/fullsize/17140.jpg</img_url></value><value><img_name>Uterus</img_name><img_url>https://medlineplus.gov/ency/images/ency/fullsize/19263.jpg</img_url></value><value><img_name>Pap smear</img_name><img_url>https://medlineplus.gov/ency/images/ency/fullsize/9642.jpg</img_url></value></Images></item>
<item><title>X-ray - skeleton</title><url>https://medlineplus.gov/ency/article/003381.htm</url><HowtoPreparefortheTest>&lt;text&gt;Tell the health care provider if you are pregnant. You must remove all jewelry before the x-ray.&lt;/text&gt;</HowtoPreparefortheTest><WhytheTestisPerformed>&lt;text&gt;This test is used to look for:&lt;/text&gt;&lt;detail&gt;Fractures or broken bone&lt;/detail&gt;&lt;detail&gt;Cancer that has spread to other areas of the body&lt;/detail&gt;&lt;detail&gt; Osteomyelitis  (inflammation of the bone caused by an infection)&lt;/detail&gt;&lt;detail&gt;Bone damage due to trauma (such as an auto accident) or degenerative conditions&lt;/detail&gt;&lt;detail&gt;Abnormalities in the soft tissue around the bone&lt;/detail&gt;</WhytheTestisPerformed><WhatAbnormalResultsMean>&lt;text&gt;Abnormal findings include:&lt;/text&gt;&lt;detail&gt;Fractures&lt;/detail&gt;&lt;detail&gt; Bone tumors &lt;/detail&gt;&lt;detail&gt;Degenerative bone conditions&lt;/detail&gt;&lt;detail&gt;Osteomyelitis&lt;/detail&gt;</WhatAbnormalResultsMean><AlternativeNames>&lt;detail&gt;Skeletal survey&lt;/detail&gt;</AlternativeNames><Images><value><img_name>X-ray</img_name><img_url>https://medlineplus.gov/ency/images/ency/fullsize/1057.jpg</img_url></value><value><img_name>Skeleton</img_name><img_url>https://medlineplus.gov/ency/images/ency/fullsize/1115.jpg</img_url></value><value><img_name>Skeletal spine</img_name><img_url>https://medlineplus.gov/ency/images/ency/fullsize/1116.jpg</img_url></value><value><img_name>Hand x-ray</img_name><img_url>https://medlineplus.gov/ency/images/ency/fullsize/8987.jpg</img_url></value><value><img_name>Skeleton (posterior view)</img_name><img_url>https://medlineplus.gov/ency/images/ency/fullsize/9771.jpg</img_url></value><value><img_name>The skeleton (lateral view)</img_name><img_url>https://medlineplus.gov/ency/images/ency/fullsize/9506.jpg</img_url></value></Images></item>
<item><title>X-ray</title><url>https://medlineplus.gov/ency/article/003337.htm</url><HowtoPreparefortheTest>&lt;text&gt;Before the x-ray, tell your health care team if you are pregnant, may be pregnant, or if you have an IUD inserted.&lt;/text&gt;&lt;text&gt;You will need to remove all jewelry. Metal can cause unclear images. You may need to wear a hospital gown.&lt;/text&gt;</HowtoPreparefortheTest><AlternativeNames>&lt;detail&gt;Radiography&lt;/detail&gt;</AlternativeNames><Images><value><img_name>X-ray</img_name><img_url>https://medlineplus.gov/ency/images/ency/fullsize/1057.jpg</img_url></value><value><img_name>X-ray</img_name><img_url>https://medlineplus.gov/ency/images/ency/fullsize/8988.jpg</img_url></value></Images></item>
<item><title>5'-nucleotidase </title><url>https://medlineplus.gov/ency/article/003575.htm</url><HowtoPreparefortheTest>&lt;text&gt;Your provider may tell you to stop taking some medicines that could interfere with the test. Drugs that may affect results include:&lt;/text&gt;&lt;detail&gt;Acetaminophen (Tylenol)&lt;/detail&gt;&lt;detail&gt;Halothane&lt;/detail&gt;&lt;detail&gt;Isoniazid&lt;/detail&gt;&lt;detail&gt;Methyldopa&lt;/detail&gt;&lt;detail&gt;Nitrofurantoin &lt;/detail&gt;</HowtoPreparefortheTest><WhytheTestisPerformed>&lt;text&gt;Your provider may order this test if you have signs of a liver problem. It is used mostly to tell if the high protein level is due to liver damage or skeletal muscle damage.&lt;/text&gt;</WhytheTestisPerformed><NormalResults>&lt;text&gt;The normal value is 2 to 17 units per liter.&lt;/text&gt;&lt;text&gt;Note: Normal value ranges may vary slightly among different laboratories. Talk to your provider about the meaning of your specific test results.&lt;/text&gt;&lt;text&gt;The examples above show the common measurements for results for these tests. Some laboratories use different measurements or may test different specimens.&lt;/text&gt;</NormalResults><WhatAbnormalResultsMean>&lt;text&gt;Greater than normal levels may indicate:&lt;/text&gt;&lt;detail&gt; Cholestasis  (when bile, which is made by the liver to help digest fats, is blocked from flowing out of the liver&lt;/detail&gt;&lt;detail&gt;Destruction of liver cells&lt;/detail&gt;&lt;detail&gt; Hepatitis  (liver inflammation)&lt;/detail&gt;&lt;detail&gt; Liver ischemia  (loss of blood and oxygen to the liver)&lt;/detail&gt;&lt;detail&gt; Liver tumor &lt;/detail&gt;&lt;detail&gt;Use of a liver-damaging drug &lt;/detail&gt;</WhatAbnormalResultsMean><AlternativeNames>&lt;detail&gt;5'-NT&lt;/detail&gt;</AlternativeNames><Images><value><img_name>Blood test</img_name><img_url>https://medlineplus.gov/ency/images/ency/fullsize/10026.jpg</img_url></value></Images></item>
<item><title>25-hydroxy vitamin D test</title><url>https://medlineplus.gov/ency/article/003569.htm</url><HowtoPreparefortheTest>&lt;text&gt;Usually, you will not need to fast. But, this depends on the laboratory and the testing method used. So, follow any instructions for not eating before the test.&lt;/text&gt;</HowtoPreparefortheTest><WhytheTestisPerformed>&lt;text&gt;This test is done to determine if you have too much or too little vitamin D in your blood. Screening of all adults, even when pregnant, for low vitamin D levels, is generally not recommended.&lt;/text&gt;&lt;text&gt;However, screening may be done on people who are at high risk for vitamin D deficiency, such as those who:&lt;/text&gt;&lt;detail&gt;Are obese&lt;/detail&gt;&lt;detail&gt;Are taking certain medicines, such as phenytoin&lt;/detail&gt;&lt;detail&gt;Have osteoporosis or thin bones&lt;/detail&gt;&lt;detail&gt;Have limited sun exposure&lt;/detail&gt;&lt;detail&gt;Have problems absorbing vitamins and nutrients in their intestines, such as those with ulcerative colitis, Crohn disease, or celiac disease&lt;/detail&gt;</WhytheTestisPerformed><NormalResults>&lt;text&gt;The normal range of vitamin D is measured as nanograms per milliliter (ng/mL). Many experts recommend a level between 20 and 40 ng/mL. Others recommend a level between 30 and 50 ng/mL.&lt;/text&gt;&lt;text&gt;The examples above are common measurements for results of these tests. Normal value ranges may vary slightly among different laboratories. Some laboratories use different measurements or test different samples. Talk to your doctor about the meaning of your specific test results, and whether you may need vitamin D supplements.&lt;/text&gt;</NormalResults><WhatAbnormalResultsMean>&lt;text&gt;A lower-than-normal level can be due to a vitamin D deficiency, which can result from:&lt;/text&gt;&lt;detail&gt;Lack of skin exposure to sunlight, dark skin, or constant use of high SPF sunscreen&lt;/detail&gt;&lt;detail&gt;Lack of enough vitamin D in the diet&lt;/detail&gt;&lt;detail&gt;Liver and kidney diseases&lt;/detail&gt;&lt;detail&gt;Poor food absorption&lt;/detail&gt;&lt;detail&gt;Use of certain medicines, including phenytoin, phenobarbital, and rifampin &lt;/detail&gt;&lt;detail&gt;Poor vitamin D absorption due to advanced age, weight-loss surgery, or conditions in which fat is not absorbed well&lt;/detail&gt;&lt;text&gt;A low vitamin D level is more common in African American children (especially in the winter), as well as in infants who are breastfed only.&lt;/text&gt;&lt;text&gt;A higher-than-normal level may be due to excess vitamin D, a condition called  hypervitaminosis D . This is most commonly caused by taking too much vitamin D. It can result in too much calcium in the body ( hypercalcemia ). This leads to many symptoms and kidney damage.&lt;/text&gt;</WhatAbnormalResultsMean><AlternativeNames>&lt;detail&gt;25-OH vitamin D test&lt;/detail&gt;&lt;detail&gt; Calcidiol&lt;/detail&gt;&lt;detail&gt; 25-hydroxycholecalciferol test&lt;/detail&gt;</AlternativeNames><Images><value><img_name>Blood test</img_name><img_url>https://medlineplus.gov/ency/images/ency/fullsize/10026.jpg</img_url></value></Images></item>
<item><title>24-hour urine protein</title><url>https://medlineplus.gov/ency/article/003622.htm</url><HowtoPreparefortheTest>&lt;text&gt;Your provider will tell you, if needed, to stop taking any medicines that may interfere with the test results. &lt;/text&gt;&lt;text&gt;A number of medicines can change the test results. Make sure your provider knows about all medicines, herbs, vitamins, and supplements you are taking.&lt;/text&gt;&lt;text&gt;The following may also affect test results:&lt;/text&gt;&lt;detail&gt;A lack of fluid (dehydration)&lt;/detail&gt;&lt;detail&gt;Any type of x-ray exam with dye (contrast material) within 3 days before the urine test&lt;/detail&gt;&lt;detail&gt;Fluid from the vagina that gets into the urine&lt;/detail&gt;&lt;detail&gt;Severe emotional stress&lt;/detail&gt;&lt;detail&gt;Strenuous exercise&lt;/detail&gt;&lt;detail&gt;Urinary tract infection &lt;/detail&gt;</HowtoPreparefortheTest><WhytheTestisPerformed>&lt;text&gt;Your provider may order this test if blood, urine, or imaging tests find signs of damage to kidney function.&lt;/text&gt;&lt;text&gt;To avoid a 24-hour urine collection, your provider may be able to order a test that is done on just one urine sample (protein-to-creatinine ratio). &lt;/text&gt;</WhytheTestisPerformed><NormalResults>&lt;text&gt;The normal value is less than 100 milligrams per day or less than 10 milligrams per deciliter of urine.&lt;/text&gt;&lt;text&gt;The examples above are common measurements for results of these tests. Normal value ranges may vary slightly among different laboratories. Some labs use different measurements or test different samples. Talk to your provider about the meaning of your specific test results.&lt;/text&gt;</NormalResults><WhatAbnormalResultsMean>&lt;text&gt;Abnormal results may be due to:&lt;/text&gt;&lt;detail&gt;A group of diseases in which a protein called amyloid builds up in the organs and tissues ( amyloidosis )&lt;/detail&gt;&lt;detail&gt;Bladder tumor&lt;/detail&gt;&lt;detail&gt; Heart failure &lt;/detail&gt;&lt;detail&gt;High blood pressure during pregnancy ( preeclampsia )&lt;/detail&gt;&lt;detail&gt;Kidney disease caused by diabetes, high blood pressure, autoimmune disorders, a blockage in the kidney system, certain medicines, toxins, a blockage of blood vessels, or other causes&lt;/detail&gt;&lt;detail&gt; Multiple myeloma &lt;/detail&gt;&lt;text&gt;Healthy people may have higher than normal urine protein level after strenuous exercise or when they are dehydrated. Some foods may affect urine protein levels.&lt;/text&gt;</WhatAbnormalResultsMean><AlternativeNames>&lt;detail&gt;Urine protein - 24 hour&lt;/detail&gt;&lt;detail&gt; Chronic kidney disease - urine protein&lt;/detail&gt;&lt;detail&gt; Kidney failure - urine protein&lt;/detail&gt;</AlternativeNames></item>
<item><title>24-hour urine copper test</title><url>https://medlineplus.gov/ency/article/003604.htm</url><HowtoPreparefortheTest>&lt;text&gt;No special preparation is necessary for this test. Extra collection bags may be needed if the sample is being taken from an infant.&lt;/text&gt;</HowtoPreparefortheTest><WhytheTestisPerformed>&lt;text&gt;Your provider may order this test if you have signs of  Wilson disease , a genetic disorder that affects how the body processes copper.&lt;/text&gt;</WhytheTestisPerformed><NormalResults>&lt;text&gt;The normal range is 10 to 30 micrograms per 24 hours.&lt;/text&gt;&lt;text&gt;Note: Normal value ranges may vary slightly among different laboratories. Talk to your provider about the meaning of your specific test results.&lt;/text&gt;&lt;text&gt;The examples above show the common measurements for results for these tests. Some laboratories use different measurements or may test different specimens.&lt;/text&gt;</NormalResults><WhatAbnormalResultsMean>&lt;text&gt;An abnormal result means you have a higher than normal level of copper. This may be due to:&lt;/text&gt;&lt;detail&gt;Biliary  cirrhosis &lt;/detail&gt;&lt;detail&gt;Chronic active hepatitis&lt;/detail&gt;&lt;detail&gt;Wilson disease&lt;/detail&gt;</WhatAbnormalResultsMean><AlternativeNames>&lt;detail&gt;Quantitative urinary copper&lt;/detail&gt;</AlternativeNames><Images><value><img_name>Copper urine test</img_name><img_url>https://medlineplus.gov/ency/images/ency/fullsize/9222.jpg</img_url></value></Images></item>
<item><title>24-hour urinary aldosterone excretion test</title><url>https://medlineplus.gov/ency/article/003621.htm</url><HowtoPreparefortheTest>&lt;text&gt;Your provider may ask you to stop taking certain medicines a few days before the test so that they don't affect the test results. Be sure to tell your provider about all the medicines you take. These include:&lt;/text&gt;&lt;detail&gt;High blood pressure medicines&lt;/detail&gt;&lt;detail&gt;Heart medicines&lt;/detail&gt;&lt;detail&gt;Nonsteroidal anti-inflammatory drugs (NSAIDs)&lt;/detail&gt;&lt;detail&gt;Antacid and ulcer medicines&lt;/detail&gt;&lt;detail&gt;Water pills (diuretics) &lt;/detail&gt;&lt;text&gt;Do not stop taking any medicine before talking to your doctor.&lt;/text&gt;&lt;text&gt;Be aware that other factors can affect aldosterone measurements, including:&lt;/text&gt;&lt;detail&gt;Pregnancy&lt;/detail&gt;&lt;detail&gt;High- or low-sodium diet&lt;/detail&gt;&lt;detail&gt;Eating large amounts of black licorice&lt;/detail&gt;&lt;detail&gt;Strenuous exercise&lt;/detail&gt;&lt;detail&gt;Stress &lt;/detail&gt;&lt;text&gt;Do not drink coffee, tea, or cola during the day the urine is collected. Your provider will likely recommend that you eat no more than 3 grams of salt (sodium) per day for at least 2 weeks before the test.&lt;/text&gt;</HowtoPreparefortheTest><WhytheTestisPerformed>&lt;text&gt;The test is done to see how much aldosterone is released into your urine. Aldosterone is a hormone released by the  adrenal gland  that helps the kidney control salt, water, and potassium balance.&lt;/text&gt;</WhytheTestisPerformed><NormalResults>&lt;text&gt;Results depend on:&lt;/text&gt;&lt;detail&gt;How much sodium is in your diet&lt;/detail&gt;&lt;detail&gt;Whether your kidneys work properly&lt;/detail&gt;&lt;detail&gt;The condition being diagnosed&lt;/detail&gt;&lt;text&gt;Normal value ranges may vary slightly among different laboratories. Some labs use different measurements or test different samples. Talk to your doctor about the meaning of your specific test results.&lt;/text&gt;</NormalResults><WhatAbnormalResultsMean>&lt;text&gt;A higher than normal level of aldosterone may be due to:&lt;/text&gt;&lt;detail&gt;Abuse of diuretics&lt;/detail&gt;&lt;detail&gt;Liver  cirrhosis &lt;/detail&gt;&lt;detail&gt;Adrenal gland problems, including adrenal tumors that produce aldosterone&lt;/detail&gt;&lt;detail&gt; Heart failure &lt;/detail&gt;&lt;detail&gt;Laxative abuse &lt;/detail&gt;&lt;text&gt;Lower than normal levels may indicate  Addison disease , a disorder in which the adrenal glands do not produce enough hormones.&lt;/text&gt;</WhatAbnormalResultsMean><AlternativeNames>&lt;detail&gt;Aldosterone - urine&lt;/detail&gt;&lt;detail&gt; Addison disease - urine aldosterone&lt;/detail&gt;&lt;detail&gt; Cirrhosis - serum aldosterone&lt;/detail&gt;</AlternativeNames></item>
<item><title>17-OH progesterone</title><url>https://medlineplus.gov/ency/article/003713.htm</url><HowtoPreparefortheTest>&lt;text&gt;Many medicines can interfere with blood test results.&lt;/text&gt;&lt;detail&gt;Your health care provider will tell you if you need to stop taking any medicines before you have this test.&lt;/detail&gt;&lt;detail&gt;Do not stop or change your medicines without talking to your provider first.&lt;/detail&gt;</HowtoPreparefortheTest><WhytheTestisPerformed>&lt;text&gt;The main use of this test is to check infants for an inherited disorder that affects the adrenal gland, called  congenital adrenal hyperplasia  (CAH). It is often done on infants who are born with outer genitals that do not clearly look like those of a boy or a girl.&lt;/text&gt;&lt;text&gt;This test is also used to identify people who develop symptoms of CAH later in life, a condition called nonclassical adrenal hyperplasia. &lt;/text&gt;&lt;text&gt;A provider may recommend this test for women or girls who have male traits such as:&lt;/text&gt;&lt;detail&gt;Excess hair growth in places where adult men grow hair&lt;/detail&gt;&lt;detail&gt;Deep voice or an increase in muscle mass&lt;/detail&gt;&lt;detail&gt;Absence of menses&lt;/detail&gt;&lt;detail&gt;Infertility&lt;/detail&gt;</WhytheTestisPerformed><NormalResults>&lt;text&gt;Normal and abnormal values differ for babies born with low birth weight. In general, normal results are as follows:&lt;/text&gt;&lt;detail&gt;Babies more than 24 hours old - less than 400 to 600 nanograms per deciliter (ng/dL) or 12.12 to 18.18 nanomoles per liter (nmol/L)&lt;/detail&gt;&lt;detail&gt;Children before puberty around 100 ng/dL or 3.03 nmol/L&lt;/detail&gt;&lt;detail&gt;Adults - less than 200 ng/dL or 6.06 nmol/L&lt;/detail&gt;&lt;text&gt;Normal value ranges may vary slightly among different laboratories. Talk to your provider about the meaning of your specific test results.&lt;/text&gt;&lt;text&gt;The examples above show the common measurements for results of these tests. Some laboratories use different measurements or may test different specimens.&lt;/text&gt;</NormalResults><WhatAbnormalResultsMean>&lt;text&gt;A high level of 17-OH progesterone may be due to:&lt;/text&gt;&lt;detail&gt; Tumors of the adrenal gland &lt;/detail&gt;&lt;detail&gt; Congenital adrenal hyperplasia  (CAH)&lt;/detail&gt;&lt;text&gt;In infants with CAH, the 17-OHP level ranges from 2,000 to 40,000 ng/dL or 60.6 to 1212 nmol/L. In adults, a level greater than 200 ng/dL or 6.06 nmol/L may be due to nonclassical adrenal hyperplasia.&lt;/text&gt;</WhatAbnormalResultsMean><AlternativeNames>&lt;detail&gt;17-hydroxyprogesterone&lt;/detail&gt;&lt;detail&gt; Progesterone - 17-OH&lt;/detail&gt;</AlternativeNames></item>
<item><title>17-Ketosteroids urine test</title><url>https://medlineplus.gov/ency/article/003460.htm</url><HowtoPreparefortheTest>&lt;text&gt;Your provider will ask you to temporarily stop any medicines that may affect the test results. Be sure to tell your provider about all the medicines you take. These include:&lt;/text&gt;&lt;detail&gt;Antibiotics&lt;/detail&gt;&lt;detail&gt;Aspirin (if you are on long-term aspirin)&lt;/detail&gt;&lt;detail&gt;Birth control pills&lt;/detail&gt;&lt;detail&gt;Diuretics (water pills)&lt;/detail&gt;&lt;detail&gt;Estrogen &lt;/detail&gt;&lt;text&gt;DO NOT stop taking any medicine before talking to your provider.&lt;/text&gt;</HowtoPreparefortheTest><WhytheTestisPerformed>&lt;text&gt;Your provider may order this test if you have signs of a disorder associated with abnormal levels of androgens.&lt;/text&gt;</WhytheTestisPerformed><NormalResults>&lt;text&gt;Normal values are as follows:&lt;/text&gt;&lt;detail&gt;Male: 7 to 20 mg per 24 hours&lt;/detail&gt;&lt;detail&gt;Female: 5 to 15 mg per 24 hours&lt;/detail&gt;&lt;text&gt;Normal value ranges may vary slightly among different laboratories. Some labs use different measurements or test different samples. Talk to your doctor about the meaning of your specific test results.&lt;/text&gt;</NormalResults><WhatAbnormalResultsMean>&lt;text&gt;Increased levels of 17-ketosteroids may be due to:&lt;/text&gt;&lt;detail&gt;Adrenal gland problems such as tumor,  Cushing syndrome &lt;/detail&gt;&lt;detail&gt;Imbalance of sex hormones in females ( polycystic ovary syndrome )&lt;/detail&gt;&lt;detail&gt; Ovarian cancer &lt;/detail&gt;&lt;detail&gt; Testicular cancer &lt;/detail&gt;&lt;detail&gt;Overactive thyroid&lt;/detail&gt;&lt;detail&gt;Obesity&lt;/detail&gt;&lt;detail&gt;Stress&lt;/detail&gt;&lt;text&gt;Decreased levels of 17-ketosteroids may be due to:&lt;/text&gt;&lt;detail&gt;Adrenal glands not making enough of their hormones ( Addison disease )&lt;/detail&gt;&lt;detail&gt;Kidney damage&lt;/detail&gt;&lt;detail&gt;Pituitary gland not making enough of its hormones ( hypopituitarism )&lt;/detail&gt;&lt;detail&gt;Removal of the testicles (castration) &lt;/detail&gt;</WhatAbnormalResultsMean><Images><value><img_name>Urine sample</img_name><img_url>https://medlineplus.gov/ency/images/ency/fullsize/10011.jpg</img_url></value></Images></item>
<item><title>17-hydroxycorticosteroids urine test</title><url>https://medlineplus.gov/ency/article/003459.htm</url><HowtoPreparefortheTest>&lt;text&gt;The provider will instruct you, if necessary, to stop medicines that may interfere with the test. These may include:&lt;/text&gt;&lt;detail&gt;Birth control pills that contain estrogen&lt;/detail&gt;&lt;detail&gt;Certain antibiotics&lt;/detail&gt;&lt;detail&gt;Glucocorticoids&lt;/detail&gt;</HowtoPreparefortheTest><WhytheTestisPerformed>&lt;text&gt;17-OHCS is a product formed when the liver and other body tissues break down the steroid hormone cortisol.&lt;/text&gt;&lt;text&gt;This test can help determine if the body is producing too much cortisol. The test may be used to diagnose  Cushing syndrome . This is a disorder that occurs when the body has a high level of cortisol.&lt;/text&gt;&lt;text&gt;The urine volume and urine creatinine are often done with 17-OHCS test at the same time. This helps the provider interpret the test.&lt;/text&gt;&lt;text&gt;This test is not done often now. The  cortisol urine test  is a better screening test.&lt;/text&gt;</WhytheTestisPerformed><NormalResults>&lt;text&gt;Normal values:&lt;/text&gt;&lt;detail&gt;Male: 3 to 9 mg/24 hours (8.3 to 25 µmol/24 hours)&lt;/detail&gt;&lt;detail&gt;Female: 2 to 8 mg/24 hours (5.5 to 22 µmol/24 hours)&lt;/detail&gt;&lt;text&gt;Normal value ranges may vary slightly among different laboratories. Some labs use different measurements or test different samples. Talk to your provider about the meaning of your specific test results.&lt;/text&gt;</NormalResults><WhatAbnormalResultsMean>&lt;text&gt;A higher than normal level of 17-OHCS may indicate:&lt;/text&gt;&lt;detail&gt;A type of  Cushing syndrome  caused by a tumor in the adrenal gland that produces cortisol&lt;/detail&gt;&lt;detail&gt;Depression&lt;/detail&gt;&lt;detail&gt;Hydrocortisone therapy&lt;/detail&gt;&lt;detail&gt; Malnutrition &lt;/detail&gt;&lt;detail&gt; Obesity &lt;/detail&gt;&lt;detail&gt;Pregnancy&lt;/detail&gt;&lt;detail&gt;Severe  high blood pressure &lt;/detail&gt;&lt;detail&gt;Severe physical or emotional stress&lt;/detail&gt;&lt;detail&gt; Tumor in the pituitary gland  or elsewhere in the body that releases a hormone called adrenocorticotropic hormone (ACTH) &lt;/detail&gt;&lt;text&gt;A lower than normal level of 17-OHCS may indicate:&lt;/text&gt;&lt;detail&gt; Adrenal glands are not producing enough of their hormones &lt;/detail&gt;&lt;detail&gt; Pituitary gland is not producing enough of its hormones &lt;/detail&gt;&lt;detail&gt;Hereditary enzyme deficiency&lt;/detail&gt;&lt;detail&gt;Previous surgery to remove the adrenal gland &lt;/detail&gt;</WhatAbnormalResultsMean><AlternativeNames>&lt;detail&gt;17-OH corticosteroids&lt;/detail&gt;&lt;detail&gt; 17-OHCS&lt;/detail&gt;</AlternativeNames></item>
<item><title>Joint fluid Gram stain</title><url>https://medlineplus.gov/ency/article/003743.htm</url><HowtoPreparefortheTest>&lt;text&gt;Your provider will tell you how to prepare for the procedure. No special preparation is needed. But, tell your provider if you're taking a blood thinner, such as aspirin, warfarin (Coumadin) or clopidogrel (Plavix). These medicines can affect test results or your ability to take the test.&lt;/text&gt;</HowtoPreparefortheTest><WhytheTestisPerformed>&lt;text&gt;The test is performed when there is unexplained swelling,  joint pain , and inflammation of a joint, or to check for suspected joint infection.&lt;/text&gt;</WhytheTestisPerformed><NormalResults>&lt;text&gt;A normal result means no bacteria are present on the Gram stain.&lt;/text&gt;</NormalResults><WhatAbnormalResultsMean>&lt;text&gt;Abnormal results mean bacteria were seen on the Gram stain. This may be a sign of a joint infection, for example,  gonococcal arthritis  or arthritis due to bacteria called Staphylococcus aureus. &lt;/text&gt;</WhatAbnormalResultsMean><AlternativeNames>&lt;detail&gt;Gram stain of joint fluid&lt;/detail&gt;</AlternativeNames></item>
<item><title>Audiometry</title><url>https://medlineplus.gov/ency/article/003341.htm</url><HowtoPreparefortheTest>&lt;text&gt;No special steps are needed.&lt;/text&gt;</HowtoPreparefortheTest><WhytheTestisPerformed>&lt;text&gt;This test can detect  hearing loss  at an early stage. It may also be used when you have hearing problems from any cause.&lt;/text&gt;</WhytheTestisPerformed><NormalResults>&lt;text&gt;Normal results include:&lt;/text&gt;&lt;detail&gt;The ability to hear a whisper, normal speech, and a ticking watch is normal.&lt;/detail&gt;&lt;detail&gt;The ability to hear a tuning fork through air and bone is normal.&lt;/detail&gt;&lt;detail&gt;In detailed audiometry, hearing is normal if you can hear tones from 250 to 8,000 Hz at 25 dB or lower.&lt;/detail&gt;</NormalResults><WhatAbnormalResultsMean>&lt;text&gt;There are many kinds and degrees of hearing loss. In some types, you only lose the ability to hear high or low tones, or you lose only air or bone conduction. The inability to hear pure tones below 25 dB indicates some hearing loss.&lt;/text&gt;&lt;text&gt;The amount and type of hearing loss may give clues to the cause, and chances of recovering your hearing.&lt;/text&gt;&lt;text&gt;The following conditions may affect test results:&lt;/text&gt;&lt;detail&gt; Acoustic neuroma &lt;/detail&gt;&lt;detail&gt;Acoustic trauma from a very loud or intense blast sound&lt;/detail&gt;&lt;detail&gt; Age-related hearing loss &lt;/detail&gt;&lt;detail&gt; Alport syndrome &lt;/detail&gt;&lt;detail&gt;Chronic ear infections&lt;/detail&gt;&lt;detail&gt; Labyrinthitis &lt;/detail&gt;&lt;detail&gt; Ménière disease &lt;/detail&gt;&lt;detail&gt;Ongoing exposure to loud noise, such as at  work  or from  music &lt;/detail&gt;&lt;detail&gt;  Abnormal bone growth in the middle ear, called  otosclerosis &lt;/detail&gt;&lt;detail&gt;Ruptured or perforated eardrum &lt;/detail&gt;</WhatAbnormalResultsMean><AlternativeNames>&lt;detail&gt;Audiometry&lt;/detail&gt;&lt;detail&gt; Hearing test&lt;/detail&gt;&lt;detail&gt; Audiography (audiogram)&lt;/detail&gt;</AlternativeNames><Images><value><img_name>Ear anatomy</img_name><img_url>https://medlineplus.gov/ency/images/ency/fullsize/1092.jpg</img_url></value></Images></item>
<item><title>Aspergillosis precipitin</title><url>https://medlineplus.gov/ency/article/003532.htm</url><HowtoPreparefortheTest>&lt;text&gt;There is no special preparation.&lt;/text&gt;</HowtoPreparefortheTest><WhytheTestisPerformed>&lt;text&gt;Your health care provider may order this test if you have signs of an aspergillosis infection.&lt;/text&gt;</WhytheTestisPerformed><NormalResults>&lt;text&gt;A normal test result means you do not have aspergillus antibodies.&lt;/text&gt;&lt;text&gt;Normal value ranges may vary slightly among different laboratories. Some labs use different measurements or test different samples. Talk to your provider about the meaning of your specific test results.&lt;/text&gt;</NormalResults><WhatAbnormalResultsMean>&lt;text&gt;A positive result means antibodies to the fungus have been detected. This result means you have been exposed to the fungus at some point, but it does not necessarily mean you have an active infection.&lt;/text&gt;&lt;text&gt;False-negative results are possible. For example, invasive aspergillosis often does not produce a positive result, even though aspergillus is present.&lt;/text&gt;</WhatAbnormalResultsMean><AlternativeNames>&lt;detail&gt;Aspergillus immunodiffusion test&lt;/detail&gt;&lt;detail&gt; Test for precipitating antibodies&lt;/detail&gt;</AlternativeNames><Images><value><img_name>Blood test</img_name><img_url>https://medlineplus.gov/ency/images/ency/fullsize/10026.jpg</img_url></value></Images></item>
<item><title>Aspartate aminotransferase (AST) blood test</title><url>https://medlineplus.gov/ency/article/003472.htm</url><HowtoPreparefortheTest>&lt;text&gt;No special preparation is needed.&lt;/text&gt;</HowtoPreparefortheTest><WhytheTestisPerformed>&lt;text&gt;AST is an enzyme found in high levels in the liver, heart, and muscles. It is also found in lesser amounts in other tissues. An enzyme is a protein that causes a specific chemical change in the body.&lt;/text&gt;&lt;text&gt;This test is mainly done along with other tests (such as  ALT ,  ALP , and  bilirubin ) to diagnose and monitor  liver disease .&lt;/text&gt;</WhytheTestisPerformed><NormalResults>&lt;text&gt;The normal range is 10 to 34 U/L (0.17 to 0.57 µkat/L).&lt;/text&gt;&lt;text&gt;Normal value ranges may vary slightly among different laboratories. Some labs use different measurements or may test different samples. Talk to your health care provider about the meaning of your specific test results.&lt;/text&gt;</NormalResults><WhatAbnormalResultsMean>&lt;text&gt;An increased AST level is often a sign of liver disease. Liver disease is even more likely when the levels of substances checked by other liver blood tests have also increased. &lt;/text&gt;&lt;text&gt;An increased AST level may be due to any of the following:&lt;/text&gt;&lt;detail&gt;Scarring of the liver ( cirrhosis ) &lt;/detail&gt;&lt;detail&gt;Death of liver tissue&lt;/detail&gt;&lt;detail&gt; Heart attack &lt;/detail&gt;&lt;detail&gt;Too much iron in the body ( hemochromatosis )&lt;/detail&gt;&lt;detail&gt;Swollen and inflamed liver ( hepatitis )&lt;/detail&gt;&lt;detail&gt;Lack of blood flow to the liver (liver ischemia)&lt;/detail&gt;&lt;detail&gt;Liver cancer or tumor&lt;/detail&gt;&lt;detail&gt;Use of drugs that are toxic to the liver&lt;/detail&gt;&lt;detail&gt; Mononucleosis  ("mono")&lt;/detail&gt;&lt;detail&gt;Muscle disease or trauma&lt;/detail&gt;&lt;detail&gt;Swollen and inflamed pancreas ( pancreatitis ) &lt;/detail&gt;&lt;text&gt;AST level may also increase after:&lt;/text&gt;&lt;detail&gt;Burns (deep)&lt;/detail&gt;&lt;detail&gt;Heart procedures&lt;/detail&gt;&lt;detail&gt;Seizure&lt;/detail&gt;&lt;detail&gt;Surgery&lt;/detail&gt;&lt;text&gt;Pregnancy and exercise may also cause an increased AST level.&lt;/text&gt;</WhatAbnormalResultsMean><AlternativeNames>&lt;detail&gt;Aspartate aminotransferase&lt;/detail&gt;&lt;detail&gt; Serum glutamic-oxaloacetic transaminase&lt;/detail&gt;&lt;detail&gt; SGOT&lt;/detail&gt;</AlternativeNames></item>
<item><title>Arteriogram</title><url>https://medlineplus.gov/ency/article/003327.htm</url><HowtoPreparefortheTest>&lt;text&gt;How you should prepare depends on the part of the body being examined. Your health care provider may tell you to stop taking certain drugs that could affect the test, or blood thinning medicines. In most cases, you may not be able to eat or drink anything for a few hours before the test.&lt;/text&gt;</HowtoPreparefortheTest><WhytheTestisPerformed>&lt;text&gt;An arteriogram is done to see how blood moves through the arteries. It is also used to check for blocked or damaged arteries. It can be used to visualize tumors or find a source of bleeding. Usually, an arteriogram is performed at the same time as a treatment. If no treatment is planned, in many areas of the body it has been replaced with CT arteriography.&lt;/text&gt;&lt;img title="Cardiac arteriogram" alt="Cardiac arteriogram" src="//medlineplus.gov/ency/images/ency/fullsize/9077.jpg" class="img-e" itemprop="image"&gt;</WhytheTestisPerformed><AlternativeNames>&lt;detail&gt;Angiogram&lt;/detail&gt;&lt;detail&gt; Angiography&lt;/detail&gt;</AlternativeNames><Images><value><img_name>Cardiac arteriogram</img_name><img_url>https://medlineplus.gov/ency/images/ency/fullsize/9077.jpg</img_url></value></Images></item>
<item><title>Arm MRI scan</title><url>https://medlineplus.gov/ency/article/007358.htm</url><HowtoPreparefortheTest>&lt;text&gt;You may be asked not to eat or drink anything for 4 to 6 hours before the scan.&lt;/text&gt;&lt;text&gt;Tell your health care provider if you are afraid of closed spaces (have claustrophobia). You may be given a medicine to help you feel sleepy and less anxious. Your provider may suggest an "open" MRI, in which the machine is not as close to the body.&lt;/text&gt;&lt;text&gt;Before the test, tell your provider if you have:&lt;/text&gt;&lt;detail&gt;Brain aneurysm clips&lt;/detail&gt;&lt;detail&gt;Certain types of artificial heart valves&lt;/detail&gt;&lt;detail&gt;Heart defibrillator or pacemaker&lt;/detail&gt;&lt;detail&gt;Inner ear (cochlear) implants&lt;/detail&gt;&lt;detail&gt;Kidney disease or dialysis (you may not be able to receive contrast)&lt;/detail&gt;&lt;detail&gt;Recently placed artificial joints&lt;/detail&gt;&lt;detail&gt;Certain types of vascular  stents &lt;/detail&gt;&lt;detail&gt;Worked with sheet metal in the past (you may need tests to check for metal pieces in your eyes) &lt;/detail&gt;&lt;text&gt;Because the MRI contains strong magnets, metal objects are not allowed into the room with the MRI scanner:&lt;/text&gt;&lt;detail&gt;Pens, pocketknives, and eyeglasses may fly across the room.&lt;/detail&gt;&lt;detail&gt;Items such as jewelry, watches, credit cards, and hearing aids can be damaged.&lt;/detail&gt;&lt;detail&gt;Pins, hairpins, metal zippers, and similar metallic items can distort the images.&lt;/detail&gt;&lt;detail&gt;Removable dental work should be taken out just before the scan. &lt;/detail&gt;</HowtoPreparefortheTest><WhytheTestisPerformed>&lt;text&gt;This test provides clear pictures of parts of the arm that are hard to see clearly on CT scans.&lt;/text&gt;&lt;text&gt;Your provider may order this test if you have:&lt;/text&gt;&lt;detail&gt;A mass that can be felt on a physical exam&lt;/detail&gt;&lt;detail&gt;An abnormal finding on an x-ray or bone scan&lt;/detail&gt;&lt;detail&gt;Arm pain and a history of cancer&lt;/detail&gt;&lt;detail&gt;Arm or wrist pain that does not get better with treatment&lt;/detail&gt;&lt;detail&gt;Bone infection (osteomyelitis)&lt;/detail&gt;&lt;detail&gt;Bone pain and fever&lt;/detail&gt;&lt;detail&gt;Broken bone&lt;/detail&gt;&lt;detail&gt;Decreased motion or "locking up" of the wrist or elbow joint&lt;/detail&gt;&lt;detail&gt;Redness or swelling of the wrist or elbow joints &lt;/detail&gt;&lt;detail&gt;Injuries to the cartilage and ligaments&lt;/detail&gt;</WhytheTestisPerformed><NormalResults>&lt;text&gt;A normal result means your arm looks OK.&lt;/text&gt;</NormalResults><WhatAbnormalResultsMean>&lt;text&gt;Abnormal results may be due to:&lt;/text&gt;&lt;detail&gt;Abscess&lt;/detail&gt;&lt;detail&gt; Bursitis  of the elbow or wrist&lt;/detail&gt;&lt;detail&gt; Broken bone  or fracture&lt;/detail&gt;&lt;detail&gt;Ganglion cyst in the wrist&lt;/detail&gt;&lt;detail&gt;Infection in the bone&lt;/detail&gt;&lt;detail&gt;Ligament, tendon, or cartilage injury in the wrist or elbow&lt;/detail&gt;&lt;detail&gt;Muscle damage&lt;/detail&gt;&lt;detail&gt;Osteonecrosis (avascular necrosis)&lt;/detail&gt;&lt;detail&gt;Tumor or cancer in the bone, muscle, or soft tissue &lt;/detail&gt;&lt;text&gt;Talk to your provider if you have questions and concerns.&lt;/text&gt;</WhatAbnormalResultsMean><AlternativeNames>&lt;detail&gt;MRI - arm&lt;/detail&gt;&lt;detail&gt; Wrist MRI&lt;/detail&gt;&lt;detail&gt; MRI - wrist&lt;/detail&gt;&lt;detail&gt; Elbow MRI&lt;/detail&gt;&lt;detail&gt; MRI - elbow&lt;/detail&gt;</AlternativeNames></item>
<item><title>Arm CT scan</title><url>https://medlineplus.gov/ency/article/007347.htm</url><HowtoPreparefortheTest>&lt;text&gt;For some tests, you will need to have a special dye, called contrast, to be delivered into the body before the test starts. Contrast helps certain areas show up better on the x-rays.&lt;/text&gt;&lt;detail&gt;Contrast can be given through a vein (IV) in your hand or forearm. If contrast is used, you may also be asked not to eat or drink anything for 4 to 6 hours before the test.&lt;/detail&gt;&lt;detail&gt;Let your health care provider know if you have ever had a reaction to contrast. You may need to take medicines before the test in order to safely receive this substance.&lt;/detail&gt;&lt;detail&gt;Before receiving the contrast, tell your provider if you take the diabetes drug metformin (Glucophage). You may need to take special steps if you are on this medicine. &lt;/detail&gt;&lt;text&gt;If you weigh more than 300 pounds (135 kilograms), find out if the CT machine has a weight limit. Too much weight can cause damage to the scanner's working parts.&lt;/text&gt;&lt;text&gt;You will be asked to remove jewelry and wear a hospital gown during the study.&lt;/text&gt;</HowtoPreparefortheTest><WhytheTestisPerformed>&lt;text&gt;CT rapidly creates detailed pictures of the body, including the arms. The test may help detect or diagnose:&lt;/text&gt;&lt;detail&gt;An  abscess  or infection&lt;/detail&gt;&lt;detail&gt;The cause of pain or other problems in the wrist, shoulder or elbow joints (usually when  MRI  cannot be done)&lt;/detail&gt;&lt;detail&gt;A broken bone&lt;/detail&gt;&lt;detail&gt;Masses and tumors, including cancer &lt;/detail&gt;&lt;detail&gt;Healing problems or scar tissue following surgery&lt;/detail&gt;&lt;text&gt;A CT scan may also be used to guide a surgeon to the right area during a  biopsy .&lt;/text&gt;</WhytheTestisPerformed><NormalResults>&lt;text&gt;Results are considered normal if no problems are seen in the images.&lt;/text&gt;</NormalResults><WhatAbnormalResultsMean>&lt;text&gt;Abnormal results may be due to:&lt;/text&gt;&lt;detail&gt;Abscess (collection of pus)&lt;/detail&gt;&lt;detail&gt;Blood clot in the arm (deep venous thrombosis)&lt;/detail&gt;&lt;detail&gt;Bone tumors&lt;/detail&gt;&lt;detail&gt;Cancer&lt;/detail&gt;&lt;detail&gt; Broken  or fractured bone&lt;/detail&gt;&lt;detail&gt;Damage to the hand, wrist, or elbow joints&lt;/detail&gt;&lt;detail&gt;Cyst &lt;/detail&gt;&lt;detail&gt;Healing problems or development of scar tissue after surgery&lt;/detail&gt;</WhatAbnormalResultsMean><AlternativeNames>&lt;detail&gt;CAT scan - arm&lt;/detail&gt;&lt;detail&gt; Computed axial tomography scan - arm&lt;/detail&gt;&lt;detail&gt; Computed tomography scan - arm&lt;/detail&gt;&lt;detail&gt; CT scan - arm&lt;/detail&gt;</AlternativeNames></item>
<item><title>Apolipoprotein CII</title><url>https://medlineplus.gov/ency/article/003505.htm</url><HowtoPreparefortheTest>&lt;text&gt;You may be told not to eat or drink anything for 4 to 6 hours before the test.&lt;/text&gt;</HowtoPreparefortheTest><WhytheTestisPerformed>&lt;text&gt;ApoCII measurements can help determine the type or cause of high blood fats. It is not clear whether the test results improve treatment. Because of this, most health insurance companies will not pay for the test. If you DO NOT have high cholesterol or heart disease or a family history of these conditions, this test may not be recommended for you.&lt;/text&gt;</WhytheTestisPerformed><NormalResults>&lt;text&gt;The normal range is 3 to 5 mg/dL. However, apoCII results are usually reported as present or absent.&lt;/text&gt;&lt;text&gt;The examples above are common measurements for results of these tests. Normal value ranges may vary slightly among different laboratories. Some labs use different measurements or test different samples. Talk to your doctor about the meaning of your specific test results. &lt;/text&gt;</NormalResults><WhatAbnormalResultsMean>&lt;text&gt;High levels of apoCII may be due to a family history of  lipoprotein lipase deficiency . This is a condition in which the body does not break down fats normally.&lt;/text&gt;&lt;text&gt;ApoCII levels are also seen in people with a rare condition called familial apoprotein CII deficiency. This causes  chylomicronemia syndrome , another condition in which the body does not break down fats normally.&lt;/text&gt;</WhatAbnormalResultsMean><AlternativeNames>&lt;detail&gt;ApoCII&lt;/detail&gt;&lt;detail&gt; Apoprotein CII&lt;/detail&gt;&lt;detail&gt; ApoC2&lt;/detail&gt;&lt;detail&gt; Lipoprotein lipase deficiency - apolipoprotein CII&lt;/detail&gt;&lt;detail&gt; Chylomicronemia syndrome - apolipoprotein CII&lt;/detail&gt;</AlternativeNames><Images><value><img_name>Blood test</img_name><img_url>https://medlineplus.gov/ency/images/ency/fullsize/10026.jpg</img_url></value></Images></item>
<item><title>Apolipoprotein B100</title><url>https://medlineplus.gov/ency/article/003502.htm</url><HowtoPreparefortheTest>&lt;text&gt;Your health care provider may tell you not to eat or drink anything for 4 to 6 hours before the test.&lt;/text&gt;</HowtoPreparefortheTest><WhytheTestisPerformed>&lt;text&gt;Most often, this test is done to help determine the cause or specific type of high blood cholesterol. It is not clear whether the information helps improve treatment. Because of this, most health insurance companies DO NOT pay for the test. If you DO NOT have a diagnosis of high cholesterol or heart disease, this test may not be recommended for you.&lt;/text&gt;</WhytheTestisPerformed><NormalResults>&lt;text&gt;The normal range is about 50 to 150 mg/dL.&lt;/text&gt;&lt;text&gt;Normal value ranges may vary slightly among different laboratories. Some laboratories use different measurements or may test different specimens. Talk to your provider about the meaning of your specific test results.&lt;/text&gt;</NormalResults><WhatAbnormalResultsMean>&lt;text&gt;An abnormal result may mean you have high lipid (fat) levels in your blood. A medical term for this is  hyperlipidemia .&lt;/text&gt;&lt;text&gt;Other disorders that may be associated with high apoB100 levels include atherosclerotic vascular disease such as  angina pectoris  (chest pain that occurs with activity or stress) and  heart attack .&lt;/text&gt;</WhatAbnormalResultsMean><AlternativeNames>&lt;detail&gt;ApoB100&lt;/detail&gt;&lt;detail&gt; Apoprotein B100&lt;/detail&gt;&lt;detail&gt; Hypercholesterolemia - apolipoprotein B100&lt;/detail&gt;</AlternativeNames><Images><value><img_name>Blood test</img_name><img_url>https://medlineplus.gov/ency/images/ency/fullsize/10026.jpg</img_url></value></Images></item>
<item><title>Apgar score</title><url>https://medlineplus.gov/ency/article/003402.htm</url><WhytheTestisPerformed>&lt;text&gt;This test is done to determine whether a newborn needs help breathing or is having heart trouble. &lt;/text&gt;</WhytheTestisPerformed><NormalResults>&lt;text&gt;The Apgar score is based on a total score of 1 to 10. The higher the score, the better the baby is doing after birth. &lt;/text&gt;&lt;text&gt;A score of 7, 8, or 9 is normal and is a sign that the newborn is in good health. A score of 10 is very unusual, since almost all newborns lose 1 point for blue hands and feet, which is normal for after birth.&lt;/text&gt;</NormalResults><WhatAbnormalResultsMean>&lt;text&gt;Any score lower than 7 is a sign that the baby needs medical attention. The lower the score, the more help the baby needs to adjust outside the mother's womb. &lt;/text&gt;&lt;text&gt;Most of the time a low Apgar score is caused by:&lt;/text&gt;&lt;detail&gt;Difficult birth&lt;/detail&gt;&lt;detail&gt;C-section&lt;/detail&gt;&lt;detail&gt;Fluid in the baby's airway &lt;/detail&gt;&lt;text&gt;A baby with a low Apgar score may need:&lt;/text&gt;&lt;detail&gt;Oxygen and clearing out the airway to help with breathing&lt;/detail&gt;&lt;detail&gt;Physical stimulation to get the heart beating at a healthy rate &lt;/detail&gt;&lt;text&gt;Most of the time, a low score at 1 minute is near-normal by 5 minutes. &lt;/text&gt;&lt;text&gt;A lower Apgar score does not mean a child will have serious or long-term health problems. The Apgar score is not designed to predict the future health of the child. &lt;/text&gt;</WhatAbnormalResultsMean><AlternativeNames>&lt;detail&gt;Newborn scoring&lt;/detail&gt;&lt;detail&gt; Delivery - Apgar&lt;/detail&gt;</AlternativeNames><Images><value><img_name>Infant care following delivery</img_name><img_url>https://medlineplus.gov/ency/images/ency/fullsize/2924.jpg</img_url></value><value><img_name>Newborn test</img_name><img_url>https://medlineplus.gov/ency/images/ency/fullsize/9074.jpg</img_url></value></Images></item>
<item><title>Aortic angiography</title><url>https://medlineplus.gov/ency/article/003814.htm</url><HowtoPreparefortheTest>&lt;text&gt;You may be asked not to eat or drink anything for 6 to 8 hours before the test.&lt;/text&gt;&lt;text&gt;You will wear a hospital gown and sign a consent form for the procedure. Remove jewelry from the area being studied.&lt;/text&gt;&lt;text&gt;Tell your health care provider:&lt;/text&gt;&lt;detail&gt;If you are pregnant&lt;/detail&gt;&lt;detail&gt;If you have ever had any allergic reactions to x-ray contrast material, shellfish, or iodine substances&lt;/detail&gt;&lt;detail&gt;If you are allergic to any medicines&lt;/detail&gt;&lt;detail&gt;Which medicines you are taking (including any herbal preparations)&lt;/detail&gt;&lt;detail&gt;If you have ever had any bleeding problems &lt;/detail&gt;&lt;text&gt;You will be awake during the test. You may feel a sting as the numbing medicine is given and some pressure as the catheter is inserted. You may feel a warm flushing when the contrast dye flows through the catheter. This is normal and most often goes away in a few seconds.&lt;/text&gt;&lt;text&gt;You may have some discomfort from lying on the hospital table and staying still for a long time.&lt;/text&gt;&lt;text&gt;In most cases, you can resume normal activity the day after the procedure.&lt;/text&gt;</HowtoPreparefortheTest><WhytheTestisPerformed>&lt;text&gt;Your provider may ask for this test if there are signs or symptoms of a problem with the aorta or its branches, including:&lt;/text&gt;&lt;detail&gt;Aortic aneurysm&lt;/detail&gt;&lt;detail&gt; Aortic dissection &lt;/detail&gt;&lt;detail&gt;Congenital (present from birth) problems&lt;/detail&gt;&lt;detail&gt;AV malformation&lt;/detail&gt;&lt;detail&gt; Double aortic arch &lt;/detail&gt;&lt;detail&gt; Coarctation of the aorta &lt;/detail&gt;&lt;detail&gt; Vascular ring &lt;/detail&gt;&lt;detail&gt;Injury to the aorta&lt;/detail&gt;&lt;detail&gt; Takayasu arteritis &lt;/detail&gt;</WhytheTestisPerformed><WhatAbnormalResultsMean>&lt;text&gt;Abnormal results may be due to:&lt;/text&gt;&lt;detail&gt; Abdominal aortic aneurysm &lt;/detail&gt;&lt;detail&gt;Aortic dissection&lt;/detail&gt;&lt;detail&gt; Aortic regurgitation &lt;/detail&gt;&lt;detail&gt;Congenital (present from birth) problems&lt;/detail&gt;&lt;detail&gt;Double aortic arch&lt;/detail&gt;&lt;detail&gt;Coarctation of the aorta&lt;/detail&gt;&lt;detail&gt;Vascular ring&lt;/detail&gt;&lt;detail&gt;Injury to the aorta&lt;/detail&gt;&lt;detail&gt; Mesenteric ischemia &lt;/detail&gt;&lt;detail&gt;Peripheral artery disease&lt;/detail&gt;&lt;detail&gt; Renal artery stenosis &lt;/detail&gt;&lt;detail&gt; Takayasu arteritis &lt;/detail&gt;</WhatAbnormalResultsMean><AlternativeNames>&lt;detail&gt;Angiography - aorta&lt;/detail&gt;&lt;detail&gt; Aortography&lt;/detail&gt;&lt;detail&gt; Abdominal aorta angiogram&lt;/detail&gt;&lt;detail&gt; Aortic arteriogram&lt;/detail&gt;&lt;detail&gt; Aneurysm - aortic arteriogram&lt;/detail&gt;</AlternativeNames><Images><value><img_name>Cardiac arteriogram</img_name><img_url>https://medlineplus.gov/ency/images/ency/fullsize/9077.jpg</img_url></value></Images></item>
<item><title>Antithyroid microsomal antibody</title><url>https://medlineplus.gov/ency/article/003556.htm</url><WhytheTestisPerformed>&lt;text&gt;This test is done to confirm the cause of thyroid problems, including  Hashimoto thyroiditis .&lt;/text&gt;&lt;text&gt;The test is also used to find out if an immune or  autoimmune disorder  is damaging the thyroid.&lt;/text&gt;</WhytheTestisPerformed><NormalResults>&lt;text&gt;A negative test means the result is normal.&lt;/text&gt;&lt;text&gt;Normal value ranges may vary slightly among different laboratories. Some labs use different measurements or may test different specimens. Talk to your health care provider about the meaning of your specific test results.&lt;/text&gt;</NormalResults><WhatAbnormalResultsMean>&lt;text&gt;A positive test may be due to:&lt;/text&gt;&lt;detail&gt; Granulomatous thyroiditis  (an immune reaction of the thyroid gland that often follows an upper respiratory infection)&lt;/detail&gt;&lt;detail&gt;   Hashimoto thyroiditis (a reaction of the immune system against the thyroid gland)&lt;/detail&gt;&lt;text&gt;High levels of these antibodies have also been linked with an increased risk of:&lt;/text&gt;&lt;detail&gt;Miscarriage&lt;/detail&gt;&lt;detail&gt; Preeclampsia  (high blood pressure and protein in the urine after the 20th week of pregnancy)&lt;/detail&gt;&lt;detail&gt;Premature birth&lt;/detail&gt;&lt;detail&gt; In vitro fertilization  failure &lt;/detail&gt;&lt;text&gt;Important: A positive result does not always mean that you have a thyroid condition or that you need treatment for your thyroid. A positive result may mean that you have a higher chance of developing thyroid disease in the future. This is often associated with a family history of thyroid disease.&lt;/text&gt;&lt;text&gt;Antithyroid microsomal antibodies may be seen in your blood if you have other autoimmune conditions, including:&lt;/text&gt;&lt;detail&gt; Autoimmune hemolytic anemia &lt;/detail&gt;&lt;detail&gt; Autoimmune hepatitis &lt;/detail&gt;&lt;detail&gt;Autoimmune adrenal disease&lt;/detail&gt;&lt;detail&gt; Rheumatoid arthritis &lt;/detail&gt;&lt;detail&gt; Sjögren syndrome &lt;/detail&gt;&lt;detail&gt; Systemic lupus erythematosus &lt;/detail&gt;</WhatAbnormalResultsMean><AlternativeNames>&lt;detail&gt;Thyroid antimicrosomal antibody&lt;/detail&gt;&lt;detail&gt; Antimicrosomal antibody&lt;/detail&gt;&lt;detail&gt; Microsomal antibody&lt;/detail&gt;&lt;detail&gt; Thyroid peroxidase antibody&lt;/detail&gt;&lt;detail&gt; TPOAb&lt;/detail&gt;&lt;detail&gt; Anti-TPO antibody&lt;/detail&gt;</AlternativeNames><Images><value><img_name>Blood test</img_name><img_url>https://medlineplus.gov/ency/images/ency/fullsize/10026.jpg</img_url></value></Images></item>
<item><title>Antithyroglobulin antibody test</title><url>https://medlineplus.gov/ency/article/003557.htm</url><HowtoPreparefortheTest>&lt;text&gt;You may be told not to eat or drink anything for several hours (usually overnight). Your health care provider may monitor you or tell you to stop taking certain medicines for a short time before the test because they may affect the test results. DO NOT stop taking any medicine without first talking to your provider.&lt;/text&gt;</HowtoPreparefortheTest><WhytheTestisPerformed>&lt;text&gt;This test helps detect possible thyroid problems. &lt;/text&gt;&lt;text&gt;Antithyroglobulin antibodies can be a sign of thyroid gland damage caused by the immune system. They may be measured if  thyroiditis  is suspected.&lt;/text&gt;&lt;text&gt;Measuring thyroglobulin antibody levels after treatment for thyroid cancer can help your provider decide what the best test is to monitor you for a recurrence of the cancer.&lt;/text&gt;</WhytheTestisPerformed><NormalResults>&lt;text&gt;A negative test result is a normal result. It means no antibodies to thyroglobulin are found in your blood.&lt;/text&gt;&lt;text&gt;Normal value ranges may vary slightly among different laboratories. Some labs use different measurements or test different samples. Talk to your provider about the meaning of your specific test results.&lt;/text&gt;</NormalResults><WhatAbnormalResultsMean>&lt;text&gt;A positive test means antithyroglobulin antibodies are found in your blood. They may be present with:&lt;/text&gt;&lt;detail&gt; Graves disease  or  overactive thyroid &lt;/detail&gt;&lt;detail&gt; Hashimoto thyroiditis &lt;/detail&gt;&lt;detail&gt; Subacute thyroiditis &lt;/detail&gt;&lt;detail&gt; Underactive thyroid &lt;/detail&gt;&lt;detail&gt; Systemic lupus erythematosus &lt;/detail&gt;&lt;detail&gt; Type 1 diabetes &lt;/detail&gt;&lt;text&gt;Pregnant women and relatives of those with autoimmune thyroiditis may also test positive for these antibodies.&lt;/text&gt;&lt;text&gt;If you have a positive test for antithyroglobulin antibodies, this may make it harder to measure your thyroglobulin level accurately. Thyroglobulin level is an important blood test to determine risk that thyroid cancer will recur.&lt;/text&gt;</WhatAbnormalResultsMean><AlternativeNames>&lt;detail&gt;Thyroglobulin antibody&lt;/detail&gt;&lt;detail&gt; Thyroiditis - thyroglobulin antibody&lt;/detail&gt;&lt;detail&gt; Hypothyroidism - thyroglobulin antibody&lt;/detail&gt;&lt;detail&gt; Thyroiditis - thyroglobulin antibody&lt;/detail&gt;&lt;detail&gt; Graves disease - thyroglobulin antibody&lt;/detail&gt;&lt;detail&gt; Underactive thyroid - thyroglobulin antibody&lt;/detail&gt;</AlternativeNames><Images><value><img_name>Blood test</img_name><img_url>https://medlineplus.gov/ency/images/ency/fullsize/10026.jpg</img_url></value></Images></item>
<item><title>Antithrombin III blood test</title><url>https://medlineplus.gov/ency/article/003661.htm</url><HowtoPreparefortheTest>&lt;text&gt;Certain medicines may affect the results of the test. Your health care provider may tell you to stop taking certain medicines or reduce their dose before the test. Do not stop taking any medicine before speaking with your provider.&lt;/text&gt;</HowtoPreparefortheTest><WhytheTestisPerformed>&lt;text&gt;Your provider may order this test if you have repeated  blood clots  or if blood thinning medicine does not work.&lt;/text&gt;</WhytheTestisPerformed><NormalResults>&lt;text&gt;Normal value ranges may vary slightly among different laboratories. Talk to your provider about the meaning of your specific test results.&lt;/text&gt;</NormalResults><WhatAbnormalResultsMean>&lt;text&gt;Lower-than-normal AT III may mean you have an increased risk for blood clotting. This can occur when there is not enough AT III in your blood, or when there is enough AT III in your blood, but the AT III does not function properly and is less active. &lt;/text&gt;&lt;text&gt;Abnormal results may not appear until you are an adult.&lt;/text&gt;&lt;text&gt;Examples of complications associated with increased blood clotting are:&lt;/text&gt;&lt;detail&gt; Deep venous thrombosis &lt;/detail&gt;&lt;detail&gt; Phlebitis  (vein inflammation)&lt;/detail&gt;&lt;detail&gt; Pulmonary embolus  (blood clot traveling to lung)&lt;/detail&gt;&lt;detail&gt;Thrombophlebitis (vein inflammation with clot formation) &lt;/detail&gt;&lt;text&gt;Lower than normal AT III may be due to:&lt;/text&gt;&lt;detail&gt;Bone marrow transplant&lt;/detail&gt;&lt;detail&gt; Disseminated intravascular coagulation (DIC) &lt;/detail&gt;&lt;detail&gt;AT III deficiency, an inherited condition&lt;/detail&gt;&lt;detail&gt;Liver cirrhosis&lt;/detail&gt;&lt;detail&gt;Nephrotic syndrome &lt;/detail&gt;&lt;text&gt;Higher than normal AT III may be due to:&lt;/text&gt;&lt;detail&gt;Use of anabolic steroids &lt;/detail&gt;&lt;detail&gt;Bleeding disorder ( hemophilia )&lt;/detail&gt;&lt;detail&gt;Kidney transplant&lt;/detail&gt;&lt;detail&gt;Low level of vitamin K&lt;/detail&gt;</WhatAbnormalResultsMean><AlternativeNames>&lt;detail&gt;Antithrombin&lt;/detail&gt;&lt;detail&gt; AT III&lt;/detail&gt;&lt;detail&gt; AT 3&lt;/detail&gt;&lt;detail&gt; Functional antithrombin III&lt;/detail&gt;&lt;detail&gt; Clotting disorder - AT III&lt;/detail&gt;&lt;detail&gt; DVT - AT III&lt;/detail&gt;&lt;detail&gt; Deep vein thrombosis - AT III&lt;/detail&gt;</AlternativeNames></item>
<item><title>Antistreptolysin O titer</title><url>https://medlineplus.gov/ency/article/003522.htm</url><HowtoPreparefortheTest>&lt;text&gt;DO NOT eat for 6 hours before the test.&lt;/text&gt;</HowtoPreparefortheTest><WhytheTestisPerformed>&lt;text&gt;You will need the test if you have symptoms of a previous infection by group A streptococcus. Some illnesses caused by this bacteria are:&lt;/text&gt;&lt;detail&gt;Bacterial endocarditis, an infection of the inner lining of your heart&lt;/detail&gt;&lt;detail&gt;A kidney problem called  glomerulonephritis &lt;/detail&gt;&lt;detail&gt; Rheumatic fever , which can affect the heart, joints, or bones&lt;/detail&gt;&lt;detail&gt; Scarlet fever &lt;/detail&gt;&lt;detail&gt;Strep throat&lt;/detail&gt;&lt;text&gt;The ASO antibody may be found in the blood weeks or months after the strep infection has gone away.&lt;/text&gt;</WhytheTestisPerformed><NormalResults>&lt;text&gt;A negative test result means that you do not have strep infection. Your health care provider may do the test again in 2 to 4 weeks. At times, a test that was negative the first time may be positive (meaning it finds ASO antibodies) when done again.&lt;/text&gt;&lt;text&gt;Normal value ranges may vary slightly. Talk to your provider about the meaning of your test results.&lt;/text&gt;</NormalResults><WhatAbnormalResultsMean>&lt;text&gt; An abnormal or positive test result means you recently had a strep infection, even if you had no symptoms.&lt;/text&gt;</WhatAbnormalResultsMean><AlternativeNames>&lt;detail&gt;ASO titer&lt;/detail&gt;&lt;detail&gt; ASLO&lt;/detail&gt;</AlternativeNames><Images><value><img_name>Blood test</img_name><img_url>https://medlineplus.gov/ency/images/ency/fullsize/10026.jpg</img_url></value></Images></item>
<item><title>Antiparietal cell antibody test</title><url>https://medlineplus.gov/ency/article/003351.htm</url><HowtoPreparefortheTest>&lt;text&gt;No special preparation is necessary.&lt;/text&gt;</HowtoPreparefortheTest><WhytheTestisPerformed>&lt;text&gt;Your health care provider may use this test to help diagnose pernicious anemia.  Pernicious anemia  is a decrease in red blood cells that occurs when your intestines cannot properly absorb vitamin B12. Other tests are also used to help with the diagnosis.&lt;/text&gt;</WhytheTestisPerformed><NormalResults>&lt;text&gt;A normal result is called a negative result.&lt;/text&gt;&lt;text&gt;Normal value ranges may vary slightly among different laboratories. Some labs use different measurements or test different samples. Talk to your provider about the meaning of your specific test results.&lt;/text&gt;</NormalResults><WhatAbnormalResultsMean>&lt;text&gt;An abnormal result is called a positive result. This may be due to:&lt;/text&gt;&lt;detail&gt;Atrophic  gastritis  (inflammation of the stomach lining)&lt;/detail&gt;&lt;detail&gt; Diabetes &lt;/detail&gt;&lt;detail&gt; Gastric ulcer &lt;/detail&gt;&lt;detail&gt;Pernicious anemia&lt;/detail&gt;&lt;detail&gt;Thyroid disease&lt;/detail&gt;</WhatAbnormalResultsMean><AlternativeNames>&lt;detail&gt;APCA&lt;/detail&gt;&lt;detail&gt; Anti-gastric parietal cell antibody&lt;/detail&gt;&lt;detail&gt; Atrophic gastritis - anti-gastric parietal cell antibody&lt;/detail&gt;&lt;detail&gt; Gastric ulcer - anti-gastric parietal cell antibody&lt;/detail&gt;&lt;detail&gt; Pernicious anemia - anti-gastric parietal cell antibody&lt;/detail&gt;&lt;detail&gt; Vitamin B12 - anti-gastric parietal cell antibody&lt;/detail&gt;</AlternativeNames><Images><value><img_name>Antiparietal cell antibodies</img_name><img_url>https://medlineplus.gov/ency/images/ency/fullsize/9072.jpg</img_url></value></Images></item>
<item><title>Antinuclear antibody panel</title><url>https://medlineplus.gov/ency/article/003535.htm</url><HowtoPreparefortheTest>&lt;text&gt;No special preparation is needed. However, certain drugs, including birth control pills, procainamide, and thiazide diurectics, affect the accuracy of this test. Make sure your provider knows about all the medicines you take.&lt;/text&gt;</HowtoPreparefortheTest><WhytheTestisPerformed>&lt;text&gt;You may need this test if you have signs of an autoimmune disorder, particularly  systemic lupus erythematosus . This test may be done if you have unexplained symptoms such as  arthritis , rashes, or chest pain.&lt;/text&gt;</WhytheTestisPerformed><NormalResults>&lt;text&gt;Some normal people have a low level of ANA. Thus, the presence of a low level of ANA is not always abnormal.&lt;/text&gt;&lt;text&gt;ANA is reported as a "titer". Low titers are in the range of 1:40 to 1:60. A positive ANA test is of much more importance if you also have antibodies against the double-stranded form of DNA.&lt;/text&gt;&lt;text&gt;The presence of ANA does not confirm a diagnosis of systemic lupus erythematosus (SLE). However, a lack of ANA makes that diagnosis much less likely.&lt;/text&gt;&lt;text&gt;Although ANA are most often identified with SLE, a positive ANA test can also be a sign of other autoimmune diseases.&lt;/text&gt;&lt;text&gt;Normal value ranges may vary slightly among different laboratories. Talk to your provider about the meaning of your specific test results.&lt;/text&gt;&lt;text&gt;The examples above show the common measurements for results for these tests. Some laboratories use different measurements or may test different specimens.&lt;/text&gt;&lt;text&gt;Further tests can be run on blood with a positive ANA test to get more information.&lt;/text&gt;</NormalResults><WhatAbnormalResultsMean>&lt;text&gt;To make the diagnosis of SLE, certain clinical features as well as ANA must be present. In addition, certain specific ANA antibodies help to confirm the diagnosis.&lt;/text&gt;&lt;text&gt;The presence of ANA in the blood may be due to several other disorders besides SLE. These include:&lt;/text&gt;&lt;detail&gt;Chronic  liver disease &lt;/detail&gt;&lt;detail&gt; Collagen vascular disease &lt;/detail&gt;&lt;detail&gt; Drug-induced lupus erythematosus &lt;/detail&gt;&lt;detail&gt; Myositis  (inflammatory muscle disease)&lt;/detail&gt;&lt;detail&gt; Rheumatoid arthritis &lt;/detail&gt;&lt;detail&gt; Sjögren syndrome &lt;/detail&gt;&lt;detail&gt; Systemic sclerosis (scleroderma) &lt;/detail&gt;&lt;detail&gt;Thyroid disease&lt;/detail&gt;</WhatAbnormalResultsMean><AlternativeNames>&lt;detail&gt;ANA&lt;/detail&gt;&lt;detail&gt; ANA panel&lt;/detail&gt;&lt;detail&gt; ANA reflexive panel&lt;/detail&gt;&lt;detail&gt; SLE - ANA&lt;/detail&gt;&lt;detail&gt; Systemic lupus erythematosus - ANA&lt;/detail&gt;</AlternativeNames><Images><value><img_name>Blood test</img_name><img_url>https://medlineplus.gov/ency/images/ency/fullsize/10026.jpg</img_url></value></Images></item>
<item><title>Antimitochondrial antibody</title><url>https://medlineplus.gov/ency/article/003529.htm</url><HowtoPreparefortheTest>&lt;text&gt;Your health care provider may tell you not to eat or drink anything for up to 6 hours before the test (most often overnight).&lt;/text&gt;</HowtoPreparefortheTest><WhytheTestisPerformed>&lt;text&gt;You may need this test if you have signs of liver damage. This test is most often used to diagnose primary biliary cholangitis, formerly called  primary biliary cirrhosis  (PBC).&lt;/text&gt;&lt;text&gt;The test may also be used to tell the difference between  bile  system-related cirrhosis and liver problems due to other causes such as a blockage, viral  hepatitis , or alcoholic cirrhosis.&lt;/text&gt;</WhytheTestisPerformed><NormalResults>&lt;text&gt;Normally, there are no antibodies present.&lt;/text&gt;</NormalResults><WhatAbnormalResultsMean>&lt;text&gt;This test is important for diagnosing PBC. Almost all people with the condition will test positive. It is rare that a person without the condition will have a positive result.&lt;/text&gt;&lt;text&gt;Rarely, abnormal results may also be found. This may occur due to other kinds of liver disease and some autoimmune diseases.&lt;/text&gt;</WhatAbnormalResultsMean><Images><value><img_name>Blood test</img_name><img_url>https://medlineplus.gov/ency/images/ency/fullsize/10026.jpg</img_url></value></Images></item>
<item><title>Antidiuretic hormone blood test</title><url>https://medlineplus.gov/ency/article/003702.htm</url><HowtoPreparefortheTest>&lt;text&gt;Talk to your health care provider about your medicines before the test. Many drugs can affect ADH level, including:&lt;/text&gt;&lt;detail&gt;Alcohol&lt;/detail&gt;&lt;detail&gt;Diuretics (water pills)&lt;/detail&gt;&lt;detail&gt;Blood pressure medicines&lt;/detail&gt;&lt;detail&gt;Insulin&lt;/detail&gt;&lt;detail&gt;Medicines for mental disorders&lt;/detail&gt;&lt;detail&gt;Nicotine&lt;/detail&gt;&lt;detail&gt;Steroids &lt;/detail&gt;</HowtoPreparefortheTest><WhytheTestisPerformed>&lt;text&gt;ADH is a hormone that is produced in a part of the brain called the  hypothalamus . It is then stored and released from the pituitary, a small gland at the base of the brain. ADH acts on the kidneys to control the amount of water excreted in the urine.&lt;/text&gt;&lt;text&gt;ADH blood test is ordered when your provider suspects you have a disorder that affects your ADH level such as:&lt;/text&gt;&lt;detail&gt;Buildup of fluids in your body that are causing swelling or puffiness ( edema )&lt;/detail&gt;&lt;detail&gt;Excessive amounts of urine&lt;/detail&gt;&lt;detail&gt;Low sodium (salt) level in your blood&lt;/detail&gt;&lt;detail&gt;Thirst that is intense or uncontrollable &lt;/detail&gt;&lt;text&gt;Certain diseases affect the normal release of ADH. The blood level of ADH must be tested to determine the cause of the disease. ADH may be measured as part of a water restriction test to find the cause of a disease.&lt;/text&gt;</WhytheTestisPerformed><NormalResults>&lt;text&gt;Normal values for ADH can range from 1 to 5 pg/mL (0.9 to 4.6 pmol/L).&lt;/text&gt;&lt;text&gt;Normal value ranges may vary slightly among different laboratories. Some labs use different measurements or may test different specimens. Talk to your provider about the meaning of your specific test results.&lt;/text&gt;</NormalResults><WhatAbnormalResultsMean>&lt;text&gt;A higher-than-normal level may occur when too much ADH is released, either from the brain where it is made, or from somewhere else in the body. This is called  syndrome of inappropriate ADH (SIADH). &lt;/text&gt;&lt;text&gt;Causes of SIADH include:&lt;/text&gt;&lt;detail&gt;Brain injury or trauma&lt;/detail&gt;&lt;detail&gt;Brain tumors&lt;/detail&gt;&lt;detail&gt;Fluid imbalance after surgery&lt;/detail&gt;&lt;detail&gt; Infection in the brain  or  the tissue that surrounds the brain &lt;/detail&gt;&lt;detail&gt; Infection in the lungs &lt;/detail&gt;&lt;detail&gt;Certain medicines, such as some seizure drugs and antidepressants&lt;/detail&gt;&lt;detail&gt; Small cell carcinoma lung cancer &lt;/detail&gt;&lt;detail&gt; Stroke &lt;/detail&gt;&lt;text&gt;A lower-than-normal level may indicate:&lt;/text&gt;&lt;detail&gt;Damage to the hypothalamus or pituitary gland&lt;/detail&gt;&lt;detail&gt;  Central  diabetes insipidus  (condition in which the kidneys are not able to conserve water)&lt;/detail&gt;&lt;detail&gt;Excessive thirst ( polydipsia )&lt;/detail&gt;&lt;detail&gt;Too much fluid in the blood vessels (volume overload) &lt;/detail&gt;</WhatAbnormalResultsMean><AlternativeNames>&lt;detail&gt;Arginine vasopressin&lt;/detail&gt;&lt;detail&gt; Antidiuretic hormone&lt;/detail&gt;&lt;detail&gt; AVP&lt;/detail&gt;&lt;detail&gt; Vasopressin&lt;/detail&gt;</AlternativeNames></item>
<item><title>Antibody titer blood test</title><url>https://medlineplus.gov/ency/article/003333.htm</url><HowtoPreparefortheTest>&lt;text&gt;No special preparation is necessary for this test.&lt;/text&gt;</HowtoPreparefortheTest><WhytheTestisPerformed>&lt;text&gt;The antibody level (titer) in the blood tells your health care provider whether or not you have been exposed to an  antigen , or something that the body thinks is foreign. The body uses antibodies to attack and remove foreign substances.&lt;/text&gt;&lt;text&gt;In some situations, your provider may check your antibody titer to see if you had an infection in the past (for example, chickenpox) or to decide which vaccines you need.&lt;/text&gt;&lt;text&gt;The antibody titer is also used to determine:&lt;/text&gt;&lt;detail&gt;The strength of an immune response to the body's own tissue in diseases such as systemic lupus erythematosus ( SLE ) and other  autoimmune disorders &lt;/detail&gt;&lt;detail&gt;If you need a booster vaccine&lt;/detail&gt;&lt;detail&gt;Whether a vaccine you had before helped your immune system protect you against the specific disease&lt;/detail&gt;&lt;detail&gt;If you have had a recent or past infection, such as  mononucleosis  or  viral hepatitis &lt;/detail&gt;</WhytheTestisPerformed><NormalResults>&lt;text&gt;Normal values depend on the antibody being tested.&lt;/text&gt;&lt;text&gt;If the test is being done to look for antibodies against your own body tissues, the normal value would be zero or negative. In some cases, a normal level is below a specific number.&lt;/text&gt;&lt;text&gt;If the test is being done to see if a vaccine fully protects you against a disease, the normal result depends on the specific value for that immunization.&lt;/text&gt;&lt;text&gt;Negative antibody tests can help rule out certain infections.&lt;/text&gt;&lt;text&gt;Normal value ranges may vary slightly among different laboratories. Talk to your provider about the meaning of your specific test results.&lt;/text&gt;</NormalResults><WhatAbnormalResultsMean>&lt;text&gt;Abnormal results depend on which antibodies are being measured. &lt;/text&gt;&lt;text&gt;Abnormal results may be due to:&lt;/text&gt;&lt;detail&gt;Autoimmune disease&lt;/detail&gt;&lt;detail&gt;Failure of a vaccine to fully protect you against a certain disease&lt;/detail&gt;&lt;detail&gt;Immune deficiency&lt;/detail&gt;&lt;detail&gt;Viral infections&lt;/detail&gt;</WhatAbnormalResultsMean><AlternativeNames>&lt;detail&gt;Titer - antibodies&lt;/detail&gt;&lt;detail&gt; Serum antibodies&lt;/detail&gt;</AlternativeNames><Images><value><img_name>Antibody titer</img_name><img_url>https://medlineplus.gov/ency/images/ency/fullsize/9070.jpg</img_url></value></Images></item>
<item><title>Anti-insulin antibody test</title><url>https://medlineplus.gov/ency/article/003375.htm</url><HowtoPreparefortheTest>&lt;text&gt;No special preparation is necessary.&lt;/text&gt;</HowtoPreparefortheTest><WhytheTestisPerformed>&lt;text&gt;This test may be performed if:&lt;/text&gt;&lt;detail&gt;You have or are at risk for  type 1 diabetes &lt;/detail&gt;&lt;detail&gt;You appear to have an allergic response to insulin&lt;/detail&gt;&lt;detail&gt;Insulin no longer seems to control your diabetes&lt;/detail&gt;&lt;detail&gt;Your blood sugar level varies a lot, with both high and low numbers that can't be explained&lt;/detail&gt;</WhytheTestisPerformed><NormalResults>&lt;text&gt;Normally, there are no antibodies against insulin in your blood if you have not been treated with insulin for diabetes.&lt;/text&gt;&lt;text&gt;Normal value ranges may vary slightly among different laboratories. Some labs use different measurements or test different samples. Talk to your health care provider about the meaning of your specific test results.&lt;/text&gt;</NormalResults><WhatAbnormalResultsMean>&lt;text&gt;If you have IgG and IgM antibodies against insulin, your body reacts as if the insulin in your body is a foreign protein that needs to be removed. This may make insulin less effective, or not effective at all. This is because the antibody prevents the insulin from working the right way in your cells. As a result, your blood sugar can be unusually high. Many people who are on insulin have detectable antibodies, but these antibodies do not cause symptoms.&lt;/text&gt;&lt;text&gt;The antibodies can also prolong the effect of insulin by releasing some insulin long after your meal has been absorbed. This can put you at risk for low blood sugar. &lt;/text&gt;&lt;text&gt;If the test shows a high level of IgE antibody against insulin, your body has developed an allergic response to the insulin. This could put you at risk for skin reactions where you inject insulin. You can also develop more severe reactions that affect your blood pressure or breathing. &lt;/text&gt;&lt;text&gt;Other medicines, such as antihistamines or low-dose injectable steroids, may help to lessen the reaction. If reactions have been severe, you may need a treatment process called desensitization or another treatment to remove the antibodies from your blood.&lt;/text&gt;</WhatAbnormalResultsMean><AlternativeNames>&lt;detail&gt;Insulin antibodies - serum&lt;/detail&gt;&lt;detail&gt; Insulin Ab test&lt;/detail&gt;&lt;detail&gt; Insulin resistance - insulin antibodies&lt;/detail&gt;&lt;detail&gt; Diabetes - insulin antibodies&lt;/detail&gt;</AlternativeNames><Images><value><img_name>Blood test</img_name><img_url>https://medlineplus.gov/ency/images/ency/fullsize/10026.jpg</img_url></value></Images></item>
<item><title>Anti-glomerular basement membrane blood test</title><url>https://medlineplus.gov/ency/article/003524.htm</url><HowtoPreparefortheTest>&lt;text&gt;No special preparation is necessary.&lt;/text&gt;</HowtoPreparefortheTest><WhytheTestisPerformed>&lt;text&gt;This test is used to diagnose certain kidney diseases, such as  Goodpasture syndrome  and anti-glomerular basement membrane disease.&lt;/text&gt;</WhytheTestisPerformed><NormalResults>&lt;text&gt;Normally, there are none of these antibodies in the blood. Normal value ranges may vary slightly among different laboratories. Some labs use different measurements or test different samples. Talk to your doctor about the meaning of your specific test results.&lt;/text&gt;</NormalResults><WhatAbnormalResultsMean>&lt;text&gt;Antibodies in the blood may mean any of the following:&lt;/text&gt;&lt;detail&gt;Anti-glomerular basement membrane disease&lt;/detail&gt;&lt;detail&gt; Goodpasture syndrome &lt;/detail&gt;</WhatAbnormalResultsMean><AlternativeNames>&lt;detail&gt;GBM antibody test&lt;/detail&gt;&lt;detail&gt; Antibody to human glomerular basement membrane&lt;/detail&gt;&lt;detail&gt; Anti-GBM antibodies&lt;/detail&gt;</AlternativeNames><Images><value><img_name>Blood test</img_name><img_url>https://medlineplus.gov/ency/images/ency/fullsize/10026.jpg</img_url></value></Images></item>
<item><title>Anti-DNase B blood test</title><url>https://medlineplus.gov/ency/article/003537.htm</url><HowtoPreparefortheTest>&lt;text&gt;No special preparation is necessary.&lt;/text&gt;</HowtoPreparefortheTest><WhytheTestisPerformed>&lt;text&gt;This test is most often done to tell if you have previously had a strep infection and if you might have  rheumatic fever  or kidney problems ( glomerulonephritis ) due to that infection.&lt;/text&gt;</WhytheTestisPerformed><NormalResults>&lt;text&gt;A negative test is normal. Some people have low concentrations of antibodies, but they have not had a recent strep infection. Therefore, normal values in different age groups are:&lt;/text&gt;&lt;detail&gt;Adults: less than 85 units/milliliter (mL)&lt;/detail&gt;&lt;detail&gt;School-age children: less than 170 units/mL&lt;/detail&gt;&lt;detail&gt;Preschool children: less than 60 units/mL&lt;/detail&gt;&lt;text&gt;Normal value ranges may vary slightly among different laboratories. Some labs use different measurements or test different specimens. Talk to your health care provider about the meaning of your specific test results.&lt;/text&gt;</NormalResults><WhatAbnormalResultsMean>&lt;text&gt;Increased levels of DNase B levels indicate exposure to group A streptococcus.&lt;/text&gt;</WhatAbnormalResultsMean><AlternativeNames>&lt;detail&gt;Strep throat - anti-DNase B test&lt;/detail&gt;&lt;detail&gt; Antideoxyribonuclease B titer&lt;/detail&gt;&lt;detail&gt; ADN-B test&lt;/detail&gt;</AlternativeNames><Images><value><img_name>Blood test</img_name><img_url>https://medlineplus.gov/ency/images/ency/fullsize/10026.jpg</img_url></value></Images></item>
<item><title>Anoscopy</title><url>https://medlineplus.gov/ency/article/003890.htm</url><HowtoPreparefortheTest>&lt;text&gt;Often, there is no preparation needed. Or, you may receive a laxative, enema, or other preparation to empty your bowel. You should empty your bladder before the procedure.&lt;/text&gt;</HowtoPreparefortheTest><WhytheTestisPerformed>&lt;text&gt;This test may be used to determine whether you have:&lt;/text&gt;&lt;detail&gt;Anal fissures&lt;/detail&gt;&lt;detail&gt; Anal polyps &lt;/detail&gt;&lt;detail&gt;Foreign object in the anus&lt;/detail&gt;&lt;detail&gt; Hemorrhoids &lt;/detail&gt;&lt;detail&gt;Infection&lt;/detail&gt;&lt;detail&gt;Inflammation&lt;/detail&gt;&lt;detail&gt;Tumors &lt;/detail&gt;</WhytheTestisPerformed><NormalResults>&lt;text&gt;The anal canal appears normal in size, color, and tone. There is no sign of: &lt;/text&gt;&lt;detail&gt;Bleeding&lt;/detail&gt;&lt;detail&gt;Polyps&lt;/detail&gt;&lt;detail&gt;Hemorrhoids&lt;/detail&gt;&lt;detail&gt;Other abnormal tissue&lt;/detail&gt;</NormalResults><WhatAbnormalResultsMean>&lt;text&gt;Abnormal results may include:&lt;/text&gt;&lt;detail&gt; Abscess &lt;/detail&gt;&lt;detail&gt; Fissures &lt;/detail&gt;&lt;detail&gt;Foreign object in the anus&lt;br&gt;&lt;/detail&gt;&lt;detail&gt;Hemorrhoids&lt;/detail&gt;&lt;detail&gt;Infection&lt;/detail&gt;&lt;detail&gt;Inflammation&lt;/detail&gt;&lt;detail&gt;Polyps (non-cancerous or cancerous)&lt;/detail&gt;&lt;detail&gt;Tumors &lt;/detail&gt;</WhatAbnormalResultsMean><AlternativeNames>&lt;detail&gt;Anal fissures - anoscopy&lt;/detail&gt;&lt;detail&gt; Anal polyps - anoscopy&lt;/detail&gt;&lt;detail&gt; Foreign object in the anus - anoscopy&lt;/detail&gt;&lt;detail&gt; Hemorrhoids - anoscopy&lt;/detail&gt;&lt;detail&gt; Anal warts - anoscopy&lt;/detail&gt;</AlternativeNames><Images><value><img_name>Rectal biopsy</img_name><img_url>https://medlineplus.gov/ency/images/ency/fullsize/9545.jpg</img_url></value></Images></item>
<item><title>Amylase - urine</title><url>https://medlineplus.gov/ency/article/003607.htm</url><HowtoPreparefortheTest>&lt;text&gt;Many medicines can interfere with test results.&lt;/text&gt;&lt;detail&gt;Your health care provider will tell you if you need to stop taking any medicines before you have this test.&lt;/detail&gt;&lt;detail&gt;DO NOT stop or change your medicines without talking to your provider first. &lt;/detail&gt;</HowtoPreparefortheTest><WhytheTestisPerformed>&lt;text&gt;This test is done to diagnose pancreatitis and other diseases that affect the pancreas.&lt;/text&gt;</WhytheTestisPerformed><NormalResults>&lt;text&gt;The normal range is 2.6 to 21.2 international units per hour (IU/h).&lt;/text&gt;&lt;text&gt;Normal value ranges may vary slightly among different laboratories. Talk to your provider about the meaning of your specific test results.&lt;/text&gt;&lt;text&gt;The example above shows the common measurement range for results for these tests. Some laboratories use different measurements or may test different specimens.&lt;/text&gt;</NormalResults><WhatAbnormalResultsMean>&lt;text&gt;An increased amount of amylase in the urine is called amylasuria. Increased urine amylase levels may be a sign of:&lt;/text&gt;&lt;detail&gt; Acute pancreatitis &lt;/detail&gt;&lt;detail&gt; Alcohol consumption &lt;/detail&gt;&lt;detail&gt; Cancer of the pancreas , ovaries, or lungs&lt;/detail&gt;&lt;detail&gt; Cholecystitis &lt;/detail&gt;&lt;detail&gt;Ectopic or ruptured  tubal pregnancy &lt;/detail&gt;&lt;detail&gt;Gallbladder disease&lt;/detail&gt;&lt;detail&gt;Infection of the salivary glands (called sialoadenitis, may be caused by  mumps  or a blockage)&lt;/detail&gt;&lt;detail&gt; Intestinal obstruction &lt;/detail&gt;&lt;detail&gt; Pancreatic duct obstruction &lt;/detail&gt;&lt;detail&gt; Pelvic inflammatory disease &lt;/detail&gt;&lt;detail&gt; Perforated ulcer &lt;/detail&gt;&lt;text&gt;Decreased amylase levels may be due to:&lt;/text&gt;&lt;detail&gt;Damage to the pancreas&lt;/detail&gt;&lt;detail&gt;Kidney disease&lt;/detail&gt;&lt;detail&gt; Pancreatic cancer &lt;/detail&gt;&lt;detail&gt; Toxemia of pregnancy &lt;/detail&gt;</WhatAbnormalResultsMean><Images><value><img_name>Female urinary tract</img_name><img_url>https://medlineplus.gov/ency/images/ency/fullsize/1122.jpg</img_url></value><value><img_name>Male urinary tract</img_name><img_url>https://medlineplus.gov/ency/images/ency/fullsize/1123.jpg</img_url></value><value><img_name>Amylase urine test</img_name><img_url>https://medlineplus.gov/ency/images/ency/fullsize/9060.jpg</img_url></value></Images></item>
<item><title>Amylase - blood</title><url>https://medlineplus.gov/ency/article/003464.htm</url><HowtoPreparefortheTest>&lt;text&gt;No special preparation is needed. However, you should avoid alcohol before the test. The health care provider may ask you to stop taking drugs that may affect the test. DO NOT stop taking any medicines without first talking to your provider.&lt;/text&gt;&lt;text&gt;Drugs that can increase amylase measurements include:&lt;/text&gt;&lt;detail&gt;Asparaginase&lt;/detail&gt;&lt;detail&gt;Aspirin&lt;/detail&gt;&lt;detail&gt;Birth control pills&lt;/detail&gt;&lt;detail&gt;Cholinergic medicines&lt;/detail&gt;&lt;detail&gt;Ethacrynic acid&lt;/detail&gt;&lt;detail&gt;Methyldopa&lt;/detail&gt;&lt;detail&gt;Opiates (codeine, meperidine, and morphine)&lt;/detail&gt;&lt;detail&gt;Thiazide diuretics&lt;/detail&gt;</HowtoPreparefortheTest><WhytheTestisPerformed>&lt;text&gt;This test is most often used to diagnose or monitor  acute pancreatitis . It may also detect some digestive tract problems.&lt;/text&gt;&lt;text&gt;The test may also be done for the following conditions:&lt;/text&gt;&lt;detail&gt; Chronic pancreatitis &lt;/detail&gt;&lt;detail&gt; Pancreatic pseudocyst &lt;/detail&gt;</WhytheTestisPerformed><NormalResults>&lt;text&gt;The normal range is 40 to 140 units per liter (U/L) or 0.38 to 1.42 microkat/L (µkat/L).&lt;/text&gt;&lt;text&gt;Note: Normal value ranges may vary slightly among different laboratories. Talk to your provider about the meaning of your specific test results.&lt;/text&gt;&lt;text&gt;The examples above show the common measurements for results for these tests. Some laboratories use different measurements or may test different specimens.&lt;/text&gt;</NormalResults><WhatAbnormalResultsMean>&lt;text&gt;Increased blood amylase levels may occur due to:&lt;/text&gt;&lt;detail&gt; Acute pancreatitis &lt;/detail&gt;&lt;detail&gt; Cancer of the pancreas , ovaries, or lungs&lt;/detail&gt;&lt;detail&gt; Cholecystitis &lt;/detail&gt;&lt;detail&gt;Gallbladder attack caused by disease&lt;/detail&gt;&lt;detail&gt;Gastroenteritis (severe)&lt;/detail&gt;&lt;detail&gt;Infection of the salivary glands (such as  mumps ) or a blockage&lt;/detail&gt;&lt;detail&gt; Intestinal blockage &lt;/detail&gt;&lt;detail&gt; Macroamylasemia &lt;/detail&gt;&lt;detail&gt;Pancreatic or  bile duct blockage &lt;/detail&gt;&lt;detail&gt; Perforated ulcer &lt;/detail&gt;&lt;detail&gt; Tubal pregnancy  (may have burst open)&lt;/detail&gt;&lt;text&gt;Decreased amylase levels may occur due to:&lt;/text&gt;&lt;detail&gt;Cancer of the pancreas&lt;/detail&gt;&lt;detail&gt;Damage to the pancreas&lt;/detail&gt;&lt;detail&gt;Kidney disease&lt;/detail&gt;&lt;detail&gt; Toxemia of pregnancy &lt;/detail&gt;</WhatAbnormalResultsMean><AlternativeNames>&lt;detail&gt;Pancreatitis - blood amylase&lt;/detail&gt;</AlternativeNames><Images><value><img_name>Blood test</img_name><img_url>https://medlineplus.gov/ency/images/ency/fullsize/10026.jpg</img_url></value></Images></item>
<item><title>Amniocentesis</title><url>https://medlineplus.gov/ency/article/003921.htm</url><HowtoPreparefortheTest>&lt;text&gt;Your bladder may need to be full for the ultrasound. Check with your provider about this.&lt;/text&gt;&lt;text&gt;Before the test, blood may be taken to find out your  blood type  and Rh factor. You may get a shot of medicine called Rho(D) Immune Globulin (RhoGAM and other brands) if you are Rh negative.&lt;/text&gt;</HowtoPreparefortheTest><WhytheTestisPerformed>&lt;text&gt;Amniocentesis is usually offered to women who are at increased risk of having a child with birth defects. This includes women who:&lt;/text&gt;&lt;detail&gt;Will be 35 or older when they give birth&lt;/detail&gt;&lt;detail&gt;Had a screening test that shows there may be a birth defect or other problem&lt;/detail&gt;&lt;detail&gt;Have had babies with birth defects in other pregnancies&lt;/detail&gt;&lt;detail&gt;Have a family history of genetic disorders &lt;/detail&gt;&lt;text&gt;Genetic counseling is recommended before the procedure. This will allow you to:&lt;/text&gt;&lt;detail&gt;Learn about other prenatal tests&lt;/detail&gt;&lt;detail&gt;Make an informed decision about options for prenatal diagnosis &lt;/detail&gt;&lt;text&gt;This test:&lt;/text&gt;&lt;detail&gt;Is a diagnostic test, not a screening test&lt;/detail&gt;&lt;detail&gt;Is greater than 99% accurate for diagnosing Down syndrome&lt;/detail&gt;&lt;detail&gt;Is most often done between 15 to 20 weeks, but can be performed at any time between 15 to 40 weeks&lt;/detail&gt;&lt;text&gt;Amniocentesis can be used to diagnose many different gene and chromosome problems in the baby, including:&lt;/text&gt;&lt;detail&gt; Anencephaly  (when the baby is missing a large portion of the brain)&lt;/detail&gt;&lt;detail&gt;Down syndrome&lt;/detail&gt;&lt;detail&gt;Rare metabolic disorders that are passed down through families&lt;/detail&gt;&lt;detail&gt;Other genetic problems, like trisomy 18 &lt;/detail&gt;&lt;detail&gt;Infections in the amniotic fluid&lt;/detail&gt;</WhytheTestisPerformed><NormalResults>&lt;text&gt;A normal result means:&lt;/text&gt;&lt;detail&gt;No genetic or chromosome problems were found in your baby.&lt;/detail&gt;&lt;detail&gt;Bilirubin and alpha-fetoprotein levels appear normal. &lt;/detail&gt;&lt;detail&gt;No signs of infection were found.&lt;/detail&gt;&lt;text&gt;Note: Amniocentesis typically is the most accurate test for genetic conditions and malformation, Although rare, a baby may still have genetic or other types of birth defects, even if amniocentesis results are normal.&lt;/text&gt;</NormalResults><WhatAbnormalResultsMean>&lt;text&gt;An abnormal result may mean your baby has:&lt;/text&gt;&lt;detail&gt;A gene or chromosome problem, such as  Down syndrome &lt;/detail&gt;&lt;detail&gt;Birth defects that involve the spine or brain, such as  spina bifida &lt;/detail&gt;&lt;text&gt;Talk to your provider about the meaning of your specific test results. Ask your provider:&lt;/text&gt;&lt;detail&gt;How the condition or defect may be treated during or after your pregnancy&lt;/detail&gt;&lt;detail&gt;What special needs your child may have after birth&lt;/detail&gt;&lt;detail&gt;What other options you have about maintaining or ending your pregnancy&lt;/detail&gt;</WhatAbnormalResultsMean><AlternativeNames>&lt;detail&gt;Culture - amniotic fluid&lt;/detail&gt;&lt;detail&gt; Culture - amniotic cells&lt;/detail&gt;&lt;detail&gt; Alpha-fetoprotein - amniocentesis&lt;/detail&gt;</AlternativeNames><Images><value><img_name>Amniocentesis</img_name><img_url>https://medlineplus.gov/ency/images/ency/fullsize/1062.jpg</img_url></value><value><img_name>Amniocentesis</img_name><img_url>https://medlineplus.gov/ency/images/ency/fullsize/9631.jpg</img_url></value><value><img_name>Amniocentesis - series</img_name><img_url>https://medlineplus.gov/ency/images/ency/fullsize/19152.jpg</img_url></value></Images></item>
<item><title>Ammonia blood test</title><url>https://medlineplus.gov/ency/article/003506.htm</url><HowtoPreparefortheTest>&lt;text&gt;Your health care provider may ask you to stop taking certain drugs that may affect test results. These include:&lt;/text&gt;&lt;detail&gt;Alcohol&lt;/detail&gt;&lt;detail&gt;Acetazolomide&lt;/detail&gt;&lt;detail&gt;Narcotics&lt;/detail&gt;&lt;detail&gt;Valproic acid &lt;/detail&gt;&lt;text&gt;You should not smoke before your blood is drawn.&lt;/text&gt;</HowtoPreparefortheTest><WhytheTestisPerformed>&lt;text&gt;Ammonia (NH3) is produced by cells throughout the body, especially the intestines, liver, and kidneys. Most of the ammonia produced in the body is used by the liver to produce urea. Urea is also a waste product, but it is much less toxic than ammonia. Ammonia is especially toxic to the brain. It can cause confusion, low energy, and sometimes coma.&lt;/text&gt;&lt;text&gt;This test may be done if you have, or your provider thinks you have, a condition that may cause a toxic buildup of ammonia. It is most commonly used to diagnose and monitor  hepatic encephalopathy , a severe liver disease.&lt;/text&gt;</WhytheTestisPerformed><NormalResults>&lt;text&gt;The normal range is 15 to 45 µ/dL (11 to 32 µmol/L).&lt;/text&gt;&lt;text&gt;Normal value ranges may vary slightly among different laboratories. Some labs use different measurements or may test different samples. Talk to your provider about the meaning of your specific test results.&lt;/text&gt;</NormalResults><WhatAbnormalResultsMean>&lt;text&gt;Abnormal results may mean you have increased ammonia levels in your blood. This may be due to any of the following:&lt;/text&gt;&lt;detail&gt; Heart failure &lt;/detail&gt;&lt;detail&gt; Gastrointestinal (GI) bleeding , usually in the upper GI tract&lt;/detail&gt;&lt;detail&gt;Genetic diseases of the urea cycle&lt;/detail&gt;&lt;detail&gt;High body temperature (hyperthermia)&lt;/detail&gt;&lt;detail&gt;Leukemia&lt;/detail&gt;&lt;detail&gt;Liver failure&lt;/detail&gt;&lt;detail&gt; Low blood potassium level &lt;/detail&gt;&lt;detail&gt;Severe muscle exertion &lt;/detail&gt;&lt;text&gt;A high-protein diet can also raise the blood ammonia level.&lt;/text&gt;</WhatAbnormalResultsMean><AlternativeNames>&lt;detail&gt;Serum ammonia&lt;/detail&gt;&lt;detail&gt; Encephalopathy - ammonia&lt;/detail&gt;&lt;detail&gt; Cirrhosis - ammonia&lt;/detail&gt;&lt;detail&gt; Liver failure - ammonia&lt;/detail&gt;</AlternativeNames><Images><value><img_name>Blood test</img_name><img_url>https://medlineplus.gov/ency/images/ency/fullsize/10026.jpg</img_url></value></Images></item>
<item><title>Aminoaciduria</title><url>https://medlineplus.gov/ency/article/003366.htm</url><HowtoPreparefortheTest>&lt;text&gt;Most of the time, you do not need to take special steps before this test. Make sure your provider knows all of the medicines you recently used. If this test is being done on an infant who is breast-feeding, make sure the provider knows what medicines the nursing mother is taking.&lt;/text&gt;</HowtoPreparefortheTest><WhytheTestisPerformed>&lt;text&gt;This test is done to measure amino acid levels in the urine. There are many different types of amino acids. It is common for some of each kind to be found in the urine. Increased levels of individual amino acids can be a sign of a problem with metabolism.&lt;/text&gt;</WhytheTestisPerformed><NormalResults>&lt;text&gt;The specific value is measured in mmol/mol creatinine. The values below represent normal ranges in 24 hours urine for adults.&lt;/text&gt;&lt;text&gt;Alanine: 9 to 98&lt;/text&gt;&lt;text&gt;Arginine: 0 to 8&lt;/text&gt;&lt;text&gt;Asparagine: 10 to 65&lt;/text&gt;&lt;text&gt; Aspartic acid : 5 to 50&lt;/text&gt;&lt;text&gt;Citrulline: 1 to 22&lt;/text&gt;&lt;text&gt;Cystine: 2 to 12&lt;/text&gt;&lt;text&gt;Glutamic acid: 0 to 21&lt;/text&gt;&lt;text&gt;Glutamine: 11 to 42&lt;/text&gt;&lt;text&gt;Glycine: 17 to 146&lt;/text&gt;&lt;text&gt;Histidine: 49 to 413&lt;/text&gt;&lt;text&gt;Isoleucine: 30 to 186&lt;/text&gt;&lt;text&gt;Leucine: 1 to 9&lt;/text&gt;&lt;text&gt;Lysine: 2 to 16&lt;/text&gt;&lt;text&gt;Methionine: 2 to 53&lt;/text&gt;&lt;text&gt;Ornithine: 1 to 5&lt;/text&gt;&lt;text&gt; Phenylalanine : 1 to 5&lt;/text&gt;&lt;text&gt;Proline: 3 to 13&lt;/text&gt;&lt;text&gt;Serine: 0 to 9&lt;/text&gt;&lt;text&gt;Taurine: 18 to 89&lt;/text&gt;&lt;text&gt;Threonine: 13 to 587&lt;/text&gt;&lt;text&gt;Tyrosine: 3 to 14&lt;/text&gt;&lt;text&gt;Valine: 3 to 36&lt;/text&gt;&lt;text&gt;Normal value ranges may vary slightly among different laboratories. Talk to your provider about the meaning of your specific test results.&lt;/text&gt;&lt;text&gt;The examples above show the common measurements for results for these tests. Some laboratories use different measurements or may test different specimens.&lt;/text&gt;</NormalResults><WhatAbnormalResultsMean>&lt;text&gt;Increased total urine amino acids may be due to:&lt;/text&gt;&lt;detail&gt;Alkaptonuria&lt;/detail&gt;&lt;detail&gt;Canavan disease&lt;/detail&gt;&lt;detail&gt;Cystinosis&lt;/detail&gt;&lt;detail&gt;Cystathioninuria&lt;/detail&gt;&lt;detail&gt;Fructose intolerance&lt;/detail&gt;&lt;detail&gt; Galactosemia &lt;/detail&gt;&lt;detail&gt;Hartnup disease&lt;/detail&gt;&lt;detail&gt;Homocystinuria&lt;/detail&gt;&lt;detail&gt;Hyperammonemia&lt;/detail&gt;&lt;detail&gt; Hyperparathyroidism &lt;/detail&gt;&lt;detail&gt;Maple syrup urine disease&lt;/detail&gt;&lt;detail&gt; Methylmalonic acidemia &lt;/detail&gt;&lt;detail&gt; Multiple myeloma &lt;/detail&gt;&lt;detail&gt;Ornithine transcarbamylase deficiency&lt;/detail&gt;&lt;detail&gt; Osteomalacia &lt;/detail&gt;&lt;detail&gt;Propionic acidemia&lt;/detail&gt;&lt;detail&gt; Rickets &lt;/detail&gt;&lt;detail&gt;Tyrosinemia type 1&lt;/detail&gt;&lt;detail&gt;Tyrosinemia type 2&lt;/detail&gt;&lt;detail&gt;Viral  hepatitis &lt;/detail&gt;&lt;detail&gt; Wilson disease &lt;/detail&gt;</WhatAbnormalResultsMean><AlternativeNames>&lt;detail&gt;Amino acids - urine&lt;/detail&gt;&lt;detail&gt; Urine amino acids&lt;/detail&gt;</AlternativeNames><Images><value><img_name>Urine sample</img_name><img_url>https://medlineplus.gov/ency/images/ency/fullsize/10011.jpg</img_url></value><value><img_name>Aminoaciduria urine test</img_name><img_url>https://medlineplus.gov/ency/images/ency/fullsize/8603.jpg</img_url></value></Images></item>
<item><title>Alpha-1 antitrypsin blood test</title><url>https://medlineplus.gov/ency/article/003715.htm</url><HowtoPreparefortheTest>&lt;text&gt;There is no special preparation.&lt;/text&gt;</HowtoPreparefortheTest><WhytheTestisPerformed>&lt;text&gt;This test is helpful in identifying a rare form of emphysema in adults and a rare form of liver disease (cirrhosis) in children and adults caused by an  A1AT deficiency . A1AT deficiency is passed down through families. The condition causes the liver to make too little of a protein that protects the lungs and liver from damage.&lt;/text&gt;&lt;text&gt;Everyone has two copies of the gene that makes A1AT. Most people with a lower-than-normal level of A1AT have one normal gene for A1AT, and one abnormal gene. People with two abnormal copies of the gene have more severe disease.&lt;/text&gt;</WhytheTestisPerformed><NormalResults>&lt;text&gt;Normal value ranges may vary slightly among different laboratories. Talk to your health care provider about the meaning of your specific test results.&lt;/text&gt;</NormalResults><WhatAbnormalResultsMean>&lt;text&gt;A lower-than-normal level of A1AT may be associated with:&lt;/text&gt;&lt;detail&gt;   Damage of the large airways in the lungs ( bronchiectasis )&lt;/detail&gt;&lt;detail&gt;   Scarring of the liver ( cirrhosis )&lt;/detail&gt;&lt;detail&gt; Chronic obstructive pulmonary disease  (COPD)&lt;/detail&gt;&lt;detail&gt; Liver tumors &lt;/detail&gt;&lt;detail&gt;   Yellowing of the skin and eyes due to blocked bile flow ( obstructive jaundice )&lt;/detail&gt;&lt;detail&gt;High blood pressure in the large vein leads to the liver (portal  hypertension )&lt;/detail&gt;</WhatAbnormalResultsMean><AlternativeNames>&lt;detail&gt;A1AT test&lt;/detail&gt;</AlternativeNames></item>
<item><title>ALP isoenzyme test</title><url>https://medlineplus.gov/ency/article/003497.htm</url><HowtoPreparefortheTest>&lt;text&gt;You should not eat or drink anything for 10 to 12 hours before the test, unless your health care provider tells you to do so.&lt;/text&gt;&lt;text&gt;Many medicines can interfere with blood test results.&lt;/text&gt;&lt;detail&gt;Your provider will tell you if you need to stop taking any medicines before you have this test.&lt;/detail&gt;&lt;detail&gt;DO NOT stop or change your medicines without talking to your provider first.&lt;/detail&gt;</HowtoPreparefortheTest><WhytheTestisPerformed>&lt;text&gt;When the ALP test result is high, you may need to have the ALP isoenzyme test. This test will help determine what part of the body is causing higher ALP levels.&lt;/text&gt;&lt;text&gt;This test may be used to diagnose or monitor:&lt;/text&gt;&lt;detail&gt;Bone disease&lt;/detail&gt;&lt;detail&gt; Liver , gallbladder, or bile duct disease&lt;/detail&gt;&lt;detail&gt;Pain in the abdomen&lt;/detail&gt;&lt;detail&gt;Parathyroid gland disease&lt;/detail&gt;&lt;detail&gt; Vitamin D deficiency &lt;/detail&gt;&lt;text&gt;It may also be done to check liver function and to see how medicines you take may affect your liver.&lt;/text&gt;</WhytheTestisPerformed><NormalResults>&lt;text&gt;The normal value is 20 to 140 international units per liter (IU/L) or 33.400 to 233.800 microkat per liter (µKat/L).&lt;/text&gt;&lt;text&gt;Adults have lower levels of  ALP  than children. Bones that are still growing produce higher levels of ALP. During some growth spurts, levels can be as high as 500 IU/L or 835 µKat/L. For this reason, the test is usually not done in children, and abnormal results refer to adults.&lt;/text&gt;&lt;text&gt;The isoenzyme test results can reveal whether the increase is in "bone" ALP or "liver" ALP.&lt;/text&gt;&lt;text&gt;Normal value ranges may vary slightly among different laboratories. Talk to your provider about the meaning of your specific test results.&lt;/text&gt;&lt;text&gt;The example above shows the common measurement range for results for these tests. Some laboratories use different measurements or may test different specimens.&lt;/text&gt;</NormalResults><WhatAbnormalResultsMean>&lt;text&gt;Higher-than-normal ALP levels:&lt;/text&gt;&lt;detail&gt;Biliary obstruction&lt;/detail&gt;&lt;detail&gt;Bone disease&lt;/detail&gt;&lt;detail&gt;Eating a fatty meal if you have blood type O or B&lt;/detail&gt;&lt;detail&gt;Healing fracture&lt;/detail&gt;&lt;detail&gt; Hepatitis &lt;/detail&gt;&lt;detail&gt; Hyperparathyroidism &lt;/detail&gt;&lt;detail&gt;Leukemia&lt;/detail&gt;&lt;detail&gt;Liver disease&lt;/detail&gt;&lt;detail&gt;Lymphoma&lt;/detail&gt;&lt;detail&gt;Osteoblastic bone tumors&lt;/detail&gt;&lt;detail&gt;Osteomalacia&lt;/detail&gt;&lt;detail&gt; Paget disease &lt;/detail&gt;&lt;detail&gt;Rickets&lt;/detail&gt;&lt;detail&gt;Sarcoidosis &lt;/detail&gt;&lt;text&gt;Lower-than-normal levels of ALP:&lt;/text&gt;&lt;detail&gt;Hypophosphatasia&lt;/detail&gt;&lt;detail&gt; Malnutrition &lt;/detail&gt;&lt;detail&gt; Protein  deficiency&lt;/detail&gt;&lt;detail&gt; Wilson disease &lt;/detail&gt;&lt;text&gt;Levels that are only slightly higher than normal may not be a problem unless there are other signs of a disease or medical problem.&lt;/text&gt;</WhatAbnormalResultsMean><AlternativeNames>&lt;detail&gt;Alkaline phosphatase isoenzyme test&lt;/detail&gt;</AlternativeNames><Images><value><img_name>Blood test</img_name><img_url>https://medlineplus.gov/ency/images/ency/fullsize/10026.jpg</img_url></value></Images></item>
<item><title>ALP - blood test</title><url>https://medlineplus.gov/ency/article/003470.htm</url><HowtoPreparefortheTest>&lt;text&gt;You should not to eat or drink anything for 6 hours before the test, unless your health care provider tells you otherwise. &lt;/text&gt;&lt;text&gt;Many medicines can interfere with blood test results.&lt;/text&gt;&lt;detail&gt;Your provider will tell you if you need to stop taking any medicines before you have this test.&lt;/detail&gt;&lt;detail&gt;DO NOT stop or change your medicines without talking to your provider first. &lt;/detail&gt;</HowtoPreparefortheTest><WhytheTestisPerformed>&lt;text&gt;Reasons the test may be done include:&lt;/text&gt;&lt;detail&gt;To diagnose liver or bone disease&lt;/detail&gt;&lt;detail&gt;To check, if treatments for those diseases are working&lt;/detail&gt;&lt;detail&gt;As part of a routine liver function test &lt;/detail&gt;</WhytheTestisPerformed><NormalResults>&lt;text&gt;The normal range is 44 to 147 international units per liter (IU/L) or 0.73 to 2.45 microkatal per liter (µkat/L).&lt;/text&gt;&lt;text&gt;Normal values may vary slightly from laboratory to laboratory. They also can vary with age and gender. High levels of ALP are normally seen in children undergoing growth spurts and in pregnant women.&lt;/text&gt;&lt;text&gt;The examples above show the common measurements for results for these tests. Some laboratories use different measurements or may test different specimens.&lt;/text&gt;</NormalResults><WhatAbnormalResultsMean>&lt;text&gt;Abnormal results may be due to the following conditions:&lt;/text&gt;&lt;text&gt;Higher-than-normal ALP levels&lt;/text&gt;&lt;detail&gt; Biliary obstruction &lt;/detail&gt;&lt;detail&gt;Bone conditions&lt;/detail&gt;&lt;detail&gt; Osteoblastic bone tumors ,  osteomalacia , a fracture that is healing&lt;/detail&gt;&lt;detail&gt;Liver disease or  hepatitis &lt;/detail&gt;&lt;detail&gt;Eating a fatty meal if you have blood type O or B&lt;/detail&gt;&lt;detail&gt; Hyperparathyroidism &lt;/detail&gt;&lt;detail&gt;Leukemia&lt;/detail&gt;&lt;detail&gt;Lymphoma&lt;/detail&gt;&lt;detail&gt; Paget disease &lt;/detail&gt;&lt;detail&gt; Rickets &lt;/detail&gt;&lt;detail&gt;Sarcoidosis &lt;/detail&gt;&lt;text&gt;Lower-than-normal ALP levels&lt;/text&gt;&lt;detail&gt;Hypophosphatasia&lt;/detail&gt;&lt;detail&gt;Malnutrition&lt;/detail&gt;&lt;detail&gt; Protein  deficiency&lt;/detail&gt;&lt;detail&gt;Wilson disease &lt;/detail&gt;&lt;text&gt;Other conditions for which the test may be done:&lt;/text&gt;&lt;detail&gt; Alcoholic liver disease (hepatitis/cirrhosis) &lt;/detail&gt;&lt;detail&gt; Alcoholism &lt;/detail&gt;&lt;detail&gt; Biliary stricture &lt;/detail&gt;&lt;detail&gt;Gallstones&lt;/detail&gt;&lt;detail&gt; Giant cell (temporal, cranial) arteritis &lt;/detail&gt;&lt;detail&gt; Multiple endocrine neoplasia (MEN) II &lt;/detail&gt;&lt;detail&gt;Pancreatitis&lt;/detail&gt;&lt;detail&gt; Renal cell carcinoma &lt;/detail&gt;</WhatAbnormalResultsMean><AlternativeNames>&lt;detail&gt;Alkaline phosphatase&lt;/detail&gt;</AlternativeNames></item>
<item><title>Allergy testing - skin</title><url>https://medlineplus.gov/ency/article/003519.htm</url><HowtoPreparefortheTest>&lt;text&gt;Before any allergy testing, the provider will ask about: &lt;/text&gt;&lt;detail&gt;Illnesses&lt;/detail&gt;&lt;detail&gt;Where you live and work&lt;/detail&gt;&lt;detail&gt;Lifestyle&lt;/detail&gt;&lt;detail&gt;Foods and eating habits&lt;/detail&gt;&lt;text&gt;Allergy medicines can change the results of skin tests. Your provider will tell you which medicines to avoid and when to stop taking them before the test.&lt;/text&gt;</HowtoPreparefortheTest><WhytheTestisPerformed>&lt;text&gt;Allergy tests are done to find out which substances are causing your allergy symptoms.&lt;/text&gt;&lt;text&gt;Your provider may order allergy skin tests if you have:&lt;/text&gt;&lt;detail&gt;Hay fever ( allergic rhinitis ) and asthma symptoms that are not well controlled with medicine&lt;/detail&gt;&lt;detail&gt;Hives and  angioedema &lt;/detail&gt;&lt;detail&gt; Food allergies &lt;/detail&gt;&lt;detail&gt;Skin rashes ( dermatitis ), in which the skin becomes red, sore, or swollen after contact with the substance&lt;/detail&gt;&lt;detail&gt;Penicillin allergy&lt;/detail&gt;&lt;detail&gt;Venom allergy&lt;/detail&gt;&lt;text&gt;Allergies to penicillin and related medicines are the only drug allergies that can be tested using skin tests. Skin tests for allergies to other drugs can be dangerous.&lt;/text&gt;&lt;text&gt;The skin prick test may also be used to diagnose food allergies. Intradermal tests are not used to test for food allergies because of high false-positive results and the danger of causing a severe allergic reaction.&lt;/text&gt;</WhytheTestisPerformed><NormalResults>&lt;text&gt;A negative test result means there were no skin changes in response to the allergen. This negative reaction most often means that you are not allergic to the substance.&lt;/text&gt;&lt;text&gt;In rare cases, a person may have a negative allergy test and still be allergic to the substance.&lt;/text&gt;</NormalResults><WhatAbnormalResultsMean>&lt;text&gt;A positive result means you reacted to a substance. Your provider will see a red, raised area called a wheal.&lt;/text&gt;&lt;text&gt;Often, a positive result means the symptoms you're having are due to exposure to that substance. A stronger response means you are likely more sensitive to the substance.&lt;/text&gt;&lt;text&gt;People can have a positive response to a substance with allergy skin testing, but not have any problems with that substance in everyday life.&lt;/text&gt;&lt;text&gt;Skin tests are usually accurate. But, if the dose of allergen is large, even people who are not allergic will have a positive reaction.&lt;/text&gt;&lt;text&gt;Your provider will consider your symptoms and the results of your skin test to suggest lifestyle changes you can make to avoid substances that may be causing your symptoms.&lt;/text&gt;</WhatAbnormalResultsMean><AlternativeNames>&lt;detail&gt;Patch tests - allergy&lt;/detail&gt;&lt;detail&gt; Scratch tests - allergy&lt;/detail&gt;&lt;detail&gt; Skin tests - allergy&lt;/detail&gt;&lt;detail&gt; RAST test&lt;/detail&gt;&lt;detail&gt; Allergic rhinitis - allergy testing&lt;/detail&gt;&lt;detail&gt; Asthma - allergy testing&lt;/detail&gt;&lt;detail&gt; Eczema - allergy testing&lt;/detail&gt;&lt;detail&gt; Hayfever - allergy testing&lt;/detail&gt;&lt;detail&gt; Dermatitis - allergy testing&lt;/detail&gt;&lt;detail&gt; Allergy testing&lt;/detail&gt;&lt;detail&gt; Intradermal allergy testing&lt;/detail&gt;</AlternativeNames><Images><value><img_name>RAST test</img_name><img_url>https://medlineplus.gov/ency/images/ency/fullsize/19334.jpg</img_url></value><value><img_name>Allergy skin prick or scratch test</img_name><img_url>https://medlineplus.gov/ency/images/ency/fullsize/19344.jpg</img_url></value><value><img_name>Intradermal allergy test reactions</img_name><img_url>https://medlineplus.gov/ency/images/ency/fullsize/19345.jpg</img_url></value><value><img_name>Skin testing, PPD (R arm) and Candida (L)</img_name><img_url>https://medlineplus.gov/ency/images/ency/fullsize/2823.jpg</img_url></value></Images></item>
<item><title>Aldosterone blood test</title><url>https://medlineplus.gov/ency/article/003704.htm</url><HowtoPreparefortheTest>&lt;text&gt;Your health care provider may ask you to stop taking certain medicines a few days before the test so that they don't affect the test results. Be sure to tell your provider about all the medicines you take. These include:&lt;/text&gt;&lt;detail&gt;High blood pressure medicines&lt;/detail&gt;&lt;detail&gt;Heart medicines&lt;/detail&gt;&lt;detail&gt;Nonsteroidal anti-inflammatory drugs (NSAIDs)&lt;/detail&gt;&lt;detail&gt;Antacid and ulcer medicines&lt;/detail&gt;&lt;detail&gt;Water pills (diuretics)&lt;/detail&gt;&lt;text&gt;Do not stop taking any medicine before talking to your doctor. Your provider may recommend that you eat no more than 3 grams of salt (sodium) per day for at least 2 weeks before the test.&lt;/text&gt;&lt;text&gt;Or, your provider will recommend that you eat your usual amount of salt and also test the amount of  sodium in your urine .&lt;/text&gt;&lt;text&gt;At other times, the aldosterone blood test is done right before and after you receive a salt solution (saline) through the vein (IV) for 2 hours. Be aware that other factors can affect aldosterone measurements, including:&lt;/text&gt;&lt;detail&gt;Pregnancy&lt;/detail&gt;&lt;detail&gt;High- or low-sodium diet&lt;/detail&gt;&lt;detail&gt;Strenuous exercise&lt;/detail&gt;&lt;detail&gt;Stress&lt;/detail&gt;</HowtoPreparefortheTest><WhytheTestisPerformed>&lt;text&gt;This test is ordered for the following conditions:&lt;/text&gt;&lt;detail&gt;Certain fluid and  electrolyte  disorders, most often low or high blood sodium or low potassium &lt;/detail&gt;&lt;detail&gt;Hard to control blood pressure&lt;/detail&gt;&lt;detail&gt; Low blood pressure  upon standing (orthostatic hypotension) &lt;/detail&gt;&lt;text&gt;Aldosterone is a hormone released by the  adrenal glands . It helps the body regulate blood pressure. Aldosterone increases the reabsorption of sodium and water and the release of potassium in the kidneys. This action raises blood pressure.&lt;/text&gt;&lt;text&gt;Aldosterone blood test is often combined with other tests, such as the  renin hormone test , to diagnose over- or under-production of aldosterone.&lt;/text&gt;</WhytheTestisPerformed><NormalResults>&lt;text&gt;Normal levels vary:&lt;/text&gt;&lt;detail&gt;Between children, teens, and adults&lt;/detail&gt;&lt;detail&gt;Depending on whether you were standing, sitting, or lying down when the blood was drawn &lt;/detail&gt;&lt;text&gt;Normal value ranges may vary slightly among different laboratories. Some labs use different measurements or test different samples. Talk to your provider about the meaning of your specific test results.&lt;/text&gt;</NormalResults><WhatAbnormalResultsMean>&lt;text&gt;A higher than normal level of aldosterone may be due to&lt;/text&gt;&lt;detail&gt; Bartter syndrome  (group of rare conditions that affect the kidneys)&lt;/detail&gt;&lt;detail&gt;Adrenal glands release too much aldosterone hormone ( primary hyperaldosteronism  - usually due to a benign nodule in the adrenal gland)&lt;/detail&gt;&lt;detail&gt;Very low-sodium diet &lt;/detail&gt;&lt;text&gt;A lower than normal level of aldosterone may be due to:&lt;/text&gt;&lt;detail&gt;Adrenal gland disorders, including not releasing enough aldosterone, and a condition called primary adrenal insufficiency ( Addison disease )&lt;/detail&gt;&lt;detail&gt;Very high-sodium diet &lt;/detail&gt;</WhatAbnormalResultsMean><AlternativeNames>&lt;detail&gt;Aldosterone - serum&lt;/detail&gt;&lt;detail&gt; Addison disease - serum aldosterone&lt;/detail&gt;&lt;detail&gt; Primary hyperaldosteronism - serum aldosterone&lt;/detail&gt;&lt;detail&gt; Bartter syndrome - serum aldosterone &lt;/detail&gt;</AlternativeNames></item>
<item><title>Aldolase blood test</title><url>https://medlineplus.gov/ency/article/003566.htm</url><HowtoPreparefortheTest>&lt;text&gt;You may be told not to eat or drink anything for 6 to 12 hours before the test. You may be also told to avoid vigorous exercise for 12 hours before the test. Your health care provider will tell you if it is necessary to stop taking any medicines that may interfere with this test. Tell your provider about all the medicines you are taking, both prescription and nonprescription.&lt;/text&gt;</HowtoPreparefortheTest><WhytheTestisPerformed>&lt;text&gt;This test is done to diagnose or monitor muscle or liver damage.&lt;/text&gt;&lt;text&gt;Other tests that may be ordered to check for liver damage include:&lt;/text&gt;&lt;detail&gt; ALT (alanine aminotransferase) test &lt;/detail&gt;&lt;detail&gt; AST (aspartate aminotransferase) test &lt;/detail&gt;&lt;text&gt;Other tests that may be ordered to check for muscle cell damage include:&lt;/text&gt;&lt;detail&gt; CPK (creatine phosphokinase) test &lt;/detail&gt;&lt;detail&gt; LDH (lactate dehydrogenase) test &lt;/detail&gt;</WhytheTestisPerformed><NormalResults>&lt;text&gt;Normal results range between 1.0 to 7.5 units per liter (0.02 to 0.13 microkat/L). There is a slight difference between men and women.&lt;/text&gt;&lt;text&gt;Normal value ranges may vary slightly among different laboratories. Some labs use different measurements or test different samples. Talk to your provider about the meaning of your specific test results.&lt;/text&gt;</NormalResults><WhatAbnormalResultsMean>&lt;text&gt;A higher than normal level may be due to:&lt;/text&gt;&lt;detail&gt;Damage to skeletal muscles&lt;/detail&gt;&lt;detail&gt; Heart attack &lt;/detail&gt;&lt;detail&gt;Liver, pancreatic, or prostate cancer&lt;/detail&gt;&lt;detail&gt;Muscle disease such as  dermatomyositis ,  muscular dystrophy ,  polymyositis &lt;/detail&gt;&lt;detail&gt;Swelling and inflammation of the liver ( hepatitis )&lt;/detail&gt;&lt;detail&gt;Viral infection called  mononucleosis &lt;/detail&gt;</WhatAbnormalResultsMean><Images><value><img_name>Blood test</img_name><img_url>https://medlineplus.gov/ency/images/ency/fullsize/10026.jpg</img_url></value></Images></item>
<item><title>Albumin - blood (serum)</title><url>https://medlineplus.gov/ency/article/003480.htm</url><HowtoPreparefortheTest>&lt;text&gt;The health care provider may tell you to temporarily stop taking certain medicines that can affect the test. Drugs that can increase albumin levels include:&lt;/text&gt;&lt;detail&gt;Anabolic steroids &lt;/detail&gt;&lt;detail&gt;Androgens &lt;/detail&gt;&lt;detail&gt; Growth hormone &lt;/detail&gt;&lt;detail&gt;Insulin&lt;/detail&gt;&lt;text&gt;Do not stop taking any of your medicines without talking to your provider first.&lt;/text&gt;</HowtoPreparefortheTest><WhytheTestisPerformed>&lt;text&gt;Albumin helps move many small molecules through the blood, including  bilirubin , calcium, progesterone, and medicines. It plays an important role in keeping the fluid in the blood from leaking into the tissues.&lt;/text&gt;&lt;text&gt;This test can help determine if you have  liver disease  or kidney disease, or if your body is not absorbing enough  protein .&lt;/text&gt;</WhytheTestisPerformed><NormalResults>&lt;text&gt;The normal range is 3.4 to 5.4 g/dL (34 to 54 g/L).&lt;/text&gt;&lt;text&gt;Normal value ranges may vary slightly among different laboratories. Some labs use different measurements or test different samples. Talk to your provider about the meaning of your specific test results.&lt;/text&gt;</NormalResults><WhatAbnormalResultsMean>&lt;text&gt;Lower-than-normal level of serum albumin may be a sign of:&lt;/text&gt;&lt;detail&gt;Kidney diseases&lt;/detail&gt;&lt;detail&gt;Liver disease (for example,  hepatitis , or  cirrhosis  that may cause  ascites )&lt;/detail&gt;&lt;text&gt;Decreased blood albumin may occur when your body does not get or absorb enough nutrients, such as with:&lt;/text&gt;&lt;detail&gt;After weight-loss surgery&lt;/detail&gt;&lt;detail&gt; Crohn disease  (inflammation of the digestive tract)&lt;/detail&gt;&lt;detail&gt;Low-protein diets&lt;/detail&gt;&lt;detail&gt; Celiac disease  (damage of the lining of the small intestine due to eating gluten)&lt;/detail&gt;&lt;detail&gt; Whipple disease  (condition that prevents the small intestine from allowing nutrients to pass into the rest of the body)&lt;/detail&gt;&lt;text&gt;Increased blood albumin may be due to:&lt;/text&gt;&lt;detail&gt;Dehydration&lt;/detail&gt;&lt;detail&gt;High protein diet&lt;/detail&gt;&lt;detail&gt;Having a tourniquet on for a long time when giving a blood sample&lt;/detail&gt;&lt;text&gt;Drinking too much water (water intoxication) may also cause abnormal albumin results. &lt;/text&gt;&lt;text&gt;Other conditions for which the test may be performed:&lt;/text&gt;&lt;detail&gt;Burns (widespread)&lt;/detail&gt;&lt;detail&gt; Wilson disease  (condition in which there is too much copper in the body)&lt;/detail&gt;</WhatAbnormalResultsMean><Images><value><img_name>Blood test</img_name><img_url>https://medlineplus.gov/ency/images/ency/fullsize/10026.jpg</img_url></value></Images></item>
<item><title>Alanine transaminase (ALT) blood test</title><url>https://medlineplus.gov/ency/article/003473.htm</url><HowtoPreparefortheTest>&lt;text&gt;No special preparation is needed.&lt;/text&gt;</HowtoPreparefortheTest><WhytheTestisPerformed>&lt;text&gt;ALT is an enzyme found in a high level in the liver. Injury to the liver results in release of ALT into the blood.&lt;/text&gt;&lt;text&gt;This test is used to determine if a person has liver damage.&lt;/text&gt;</WhytheTestisPerformed><NormalResults>&lt;text&gt;The normal range is:&lt;/text&gt;&lt;detail&gt;Male: 10 to 40 U/L (0.17 to 0.67 µkat/L)&lt;/detail&gt;&lt;detail&gt;Female: 4 to 19 U/L (0.07 to 0.32 µkat/L)&lt;/detail&gt;&lt;text&gt;Normal value ranges may vary slightly among different laboratories. Some labs use different measurements or may test different samples. Talk to your health care provider about the meaning of your specific test results.&lt;/text&gt;</NormalResults><WhatAbnormalResultsMean>&lt;text&gt;An increased ALT level is often a sign of liver disease. Liver disease is even more likely when the levels of substances checked by other  liver blood tests  have also increased.&lt;/text&gt;&lt;text&gt;An increased ALT level may be due to any of the following:&lt;/text&gt;&lt;detail&gt;Scarring of the liver ( cirrhosis )&lt;/detail&gt;&lt;detail&gt;Death of liver tissue &lt;/detail&gt;&lt;detail&gt;Swollen and inflamed liver ( hepatitis )&lt;/detail&gt;&lt;detail&gt;Too much iron in the body ( hemochromatosis )&lt;/detail&gt;&lt;detail&gt;Too much fat in the liver (fatty liver)&lt;/detail&gt;&lt;detail&gt;Lack of blood flow to the liver (liver ischemia)&lt;/detail&gt;&lt;detail&gt;Liver tumor or cancer&lt;/detail&gt;&lt;detail&gt;Use of drugs that are toxic to the liver&lt;/detail&gt;&lt;detail&gt; Mononucleosis  ("mono")&lt;/detail&gt;&lt;detail&gt;Swollen and inflamed pancreas (pancreatitis)&lt;/detail&gt;</WhatAbnormalResultsMean><AlternativeNames>&lt;detail&gt;SGPT&lt;/detail&gt;&lt;detail&gt; Serum glutamate pyruvate transaminase&lt;/detail&gt;&lt;detail&gt; Alanine transaminase&lt;/detail&gt;&lt;detail&gt; Alanine aminotransferase&lt;/detail&gt;</AlternativeNames></item>
<item><title>ACTH stimulation test</title><url>https://medlineplus.gov/ency/article/003696.htm</url><HowtoPreparefortheTest>&lt;text&gt;You may need to limit activities and eat foods that are high in carbohydrates 12 to 24 hours before the test. You may be asked to fast for 6 hours before the test. Sometimes, no special preparation is needed. You may be asked to temporarily stop taking medicines, such as hydrocortisone, which can interfere with the cortisol blood test. &lt;/text&gt;</HowtoPreparefortheTest><WhytheTestisPerformed>&lt;text&gt;This test can help determine whether your adrenal and pituitary glands are normal. It is most often used when your health care provider thinks you have an adrenal gland problem, such as  Addison disease  or  pituitary insufficiency . It is also used to see if your pituitary and adrenal glands have recovered from prolonged use of glucocorticoid medicines, such as prednisone.&lt;/text&gt;</WhytheTestisPerformed><NormalResults>&lt;text&gt;An increase in cortisol after stimulation by ACTH is expected. Cortisol level after ACTH stimulation should be higher than 18 to 20 mcg/dL or 497 to 552 nmol/L, depending on the dose of ACTH used.&lt;/text&gt;&lt;text&gt;Normal value ranges may vary slightly among different laboratories. Some labs use different measurements or may test different specimens. Talk to your provider about the meaning of your specific test results.&lt;/text&gt;</NormalResults><WhatAbnormalResultsMean>&lt;text&gt;This test is helpful in finding out if you have:&lt;/text&gt;&lt;detail&gt; Acute adrenal crisis  (life-threatening condition that occurs when there is not enough cortisol)&lt;/detail&gt;&lt;detail&gt;Addison disease (adrenal glands do not produce enough cortisol)&lt;/detail&gt;&lt;detail&gt; Hypopituitarism  (pituitary gland is not producing enough hormones such as ACTH) &lt;/detail&gt;</WhatAbnormalResultsMean><AlternativeNames>&lt;detail&gt;Test of adrenal reserve&lt;/detail&gt;&lt;detail&gt; Cosyntropin stimulation test&lt;/detail&gt;&lt;detail&gt; Cortrosyn stimulation test&lt;/detail&gt;&lt;detail&gt; Synacthen stimulation test&lt;/detail&gt;&lt;detail&gt; Tetracosactide stimulation test&lt;/detail&gt;</AlternativeNames></item>
<item><title>ACTH blood test</title><url>https://medlineplus.gov/ency/article/003695.htm</url><HowtoPreparefortheTest>&lt;text&gt;Your doctor will likely ask you to have the test done early in the morning. This is important, because cortisol level varies throughout the day.&lt;/text&gt;&lt;text&gt;You may also be told to stop taking medicines that can affect the test results. These medicines include glucocorticoids such as prednisone, hydrocortisone, or dexamethasone.&lt;/text&gt;</HowtoPreparefortheTest><WhytheTestisPerformed>&lt;text&gt;The main function of ACTH is to regulate the glucocorticoid (steroid) hormone cortisol. Cortisol is released by the  adrenal gland . It regulates blood pressure and blood sugar.&lt;/text&gt;&lt;text&gt;This test can help find the causes of certain hormone problems.&lt;/text&gt;</WhytheTestisPerformed><NormalResults>&lt;text&gt;Normal values for a blood sample taken early in the morning are 9 to 52 pg/mL (2 to 11 pmol/L).&lt;/text&gt;&lt;text&gt;Normal value ranges may vary slightly among different laboratories. Some labs use different measurements or may test different specimens. Talk to your doctor about the meaning of your specific test results.&lt;/text&gt;</NormalResults><WhatAbnormalResultsMean>&lt;text&gt;A higher-than-normal level of ACTH may indicate:&lt;/text&gt;&lt;detail&gt;Adrenal glands not producing enough cortisol ( Addison disease )&lt;/detail&gt;&lt;detail&gt;Adrenal glands not producing enough hormones ( congenital adrenal hyperplasia )&lt;/detail&gt;&lt;detail&gt;One or more of the endocrine glands are overactive or have formed a tumor ( multiple endocrine neoplasia type I )&lt;/detail&gt;&lt;detail&gt;Pituitary is making too much ACTH ( Cushing disease ), which is usually caused by a non-cancerous tumor of the pituitary gland&lt;/detail&gt;&lt;detail&gt;Rare type of tumor (lung, thyroid, or pancreas) making too much ACTH ( ectopic Cushing syndrome ) &lt;/detail&gt;&lt;text&gt;A lower-than-normal level of ACTH may indicate:&lt;/text&gt;&lt;detail&gt;Pituitary gland not producing enough hormones, such as ACTH ( hypopituitarism )&lt;/detail&gt;&lt;detail&gt; Tumor of the adrenal gland  that produces too much cortisol&lt;/detail&gt;&lt;detail&gt;Glucocorticoid medicines are suppressing ACTH production &lt;/detail&gt;</WhatAbnormalResultsMean><AlternativeNames>&lt;detail&gt;Serum adrenocorticotropic hormone&lt;/detail&gt;&lt;detail&gt; Adrenocorticotropic hormone&lt;/detail&gt;&lt;detail&gt; Highly-sensitive ACTH&lt;/detail&gt;</AlternativeNames><Images><value><img_name>Endocrine glands</img_name><img_url>https://medlineplus.gov/ency/images/ency/fullsize/1093.jpg</img_url></value></Images></item>
<item><title>Acid-fast stain</title><url>https://medlineplus.gov/ency/article/003766.htm</url><HowtoPreparefortheTest>&lt;text&gt;Preparation depends on how the sample is collected. Your provider will tell you how to prepare.&lt;/text&gt;</HowtoPreparefortheTest><WhytheTestisPerformed>&lt;text&gt;The test can tell if you are likely infected with the bacteria that cause TB and related infections. &lt;/text&gt;</WhytheTestisPerformed><NormalResults>&lt;text&gt;A normal result means no acid-fast bacteria were found on the stained sample.&lt;/text&gt;&lt;text&gt;Normal value ranges may vary slightly among different laboratories. Some labs use different measurements or test different samples. Talk to your doctor about the meaning of your specific test result.&lt;/text&gt;</NormalResults><WhatAbnormalResultsMean>&lt;text&gt;Abnormal results may be due to: &lt;/text&gt;&lt;detail&gt;TB&lt;/detail&gt;&lt;detail&gt; Leprosy &lt;/detail&gt;&lt;detail&gt; Nocardia infections  (also caused by a bacteria) &lt;/detail&gt;</WhatAbnormalResultsMean></item>
<item><title>Acid mucopolysaccharides</title><url>https://medlineplus.gov/ency/article/003368.htm</url><HowtoPreparefortheTest>&lt;text&gt;There is no special preparation needed.&lt;/text&gt;</HowtoPreparefortheTest><WhytheTestisPerformed>&lt;text&gt;This test is done to diagnose a rare group of genetic disorders called mucopolysaccharidoses (MPS). These include, Hurler, Scheie, and Hurler/Scheie syndromes (MPS I), Hunter syndrome (MPS II), Sanfilippo syndrome (MPS III), Morquio syndrome (MPS IV), Maroteaux-Lamy syndrome (MPS VI), and Sly syndrome (MPS VII).&lt;/text&gt;&lt;text&gt;Most of the time, this test is done in infants who may have a symptom or family history of one of these disorders.&lt;/text&gt;</WhytheTestisPerformed><NormalResults>&lt;text&gt;Normal levels vary with age and from lab to lab. Talk to your provider about the meaning of your specific test results.&lt;/text&gt;</NormalResults><WhatAbnormalResultsMean>&lt;text&gt;Abnormally high levels could be consistent with a type of mucopolysaccharidosis. Further tests are needed to determine the specific type of mucopolysaccharidosis.&lt;/text&gt;</WhatAbnormalResultsMean><AlternativeNames>&lt;detail&gt;AMP&lt;/detail&gt;&lt;detail&gt; Dermatan sulfate - urine&lt;/detail&gt;&lt;detail&gt; Urine heparan sulfate&lt;/detail&gt;&lt;detail&gt; Urine dermatan sulfate&lt;/detail&gt;&lt;detail&gt; Heparan sulfate - urine&lt;/detail&gt;</AlternativeNames></item>
<item><title>Acid loading test (pH)</title><url>https://medlineplus.gov/ency/article/003615.htm</url><HowtoPreparefortheTest>&lt;text&gt;Your health care provider will tell you to take ammonium chloride capsules by mouth for 3 days before the test.&lt;/text&gt;</HowtoPreparefortheTest><WhytheTestisPerformed>&lt;text&gt;This test is done to see how well your kidneys control the body's acid-base balance.&lt;/text&gt;</WhytheTestisPerformed><NormalResults>&lt;text&gt;Urine with a pH less than 5.3 is normal.&lt;/text&gt;&lt;text&gt;Normal value ranges may vary slightly among different laboratories. Some labs use different measurements or test different samples. Talk to your provider about the meaning of your specific test results.&lt;/text&gt;</NormalResults><WhatAbnormalResultsMean>&lt;text&gt;The most common disorder associated with an abnormal result is  renal tubular acidosis .&lt;/text&gt;</WhatAbnormalResultsMean><AlternativeNames>&lt;detail&gt;Renal tubular acidosis - acid loading test&lt;/detail&gt;</AlternativeNames><Images><value><img_name>Female urinary tract</img_name><img_url>https://medlineplus.gov/ency/images/ency/fullsize/1122.jpg</img_url></value><value><img_name>Male urinary tract</img_name><img_url>https://medlineplus.gov/ency/images/ency/fullsize/1123.jpg</img_url></value></Images></item>
<item><title>Acetylcholine receptor antibody</title><url>https://medlineplus.gov/ency/article/003576.htm</url><HowtoPreparefortheTest>&lt;text&gt;Most of the time you do not need to take special steps before this test.&lt;/text&gt;</HowtoPreparefortheTest><WhytheTestisPerformed>&lt;text&gt;This test is used to help diagnose  myasthenia gravis .&lt;/text&gt;</WhytheTestisPerformed><NormalResults>&lt;text&gt;Normally, there is no acetylcholine receptor antibody (or less than 0.05 nmol/L) in the bloodstream.&lt;/text&gt;&lt;text&gt;Note: nmol = nanomole&lt;/text&gt;&lt;text&gt;Note: Normal value ranges may vary slightly among different laboratories. Talk to your doctor about the meaning of your specific test results.&lt;/text&gt;&lt;text&gt;The example above shows the common measurement for results for these tests. Some laboratories use different measurements or may test different specimens.&lt;/text&gt;</NormalResults><WhatAbnormalResultsMean>&lt;text&gt;An abnormal result means acetylcholine receptor antibody has been detected in your blood. It confirms the diagnosis of myasthenia gravis in people who have symptoms. Nearly one half of people with myasthenia gravis that is limited to their eye muscles (ocular myasthenia gravis) have this antibody in their blood.&lt;/text&gt;&lt;text&gt;However, the lack of this antibody does not rule out myasthenia gravis. About 1 in 5 people with myasthenia gravis do not have signs of this antibody in their blood. Your provider may also consider testing you for the muscle specific kinase (MuSK) antibody.&lt;/text&gt;</WhatAbnormalResultsMean><Images><value><img_name>Blood test</img_name><img_url>https://medlineplus.gov/ency/images/ency/fullsize/10026.jpg</img_url></value><value><img_name>Central nervous system and peripheral nervous system</img_name><img_url>https://medlineplus.gov/ency/images/ency/fullsize/8679.jpg</img_url></value></Images></item>
<item><title>ACE blood test</title><url>https://medlineplus.gov/ency/article/003567.htm</url><HowtoPreparefortheTest>&lt;text&gt;Follow your health care provider's instructions for not eating or drinking for up to 12 hours before the test. If you are on steroid medicine, ask your provider if you need to stop the medicine before the test, because steroids can decrease ACE levels. DO NOT stop any medicine before talking to your provider.&lt;/text&gt;</HowtoPreparefortheTest><WhytheTestisPerformed>&lt;text&gt;This test may be commonly ordered to help diagnose and monitor a disorder called  sarcoidosis . People with sarcoidosis may have their ACE level tested regularly to check how severe the disease is and how well treatment is working. &lt;/text&gt;&lt;text&gt;This test also helps confirm  Gaucher disease  and  leprosy .&lt;/text&gt;</WhytheTestisPerformed><NormalResults>&lt;text&gt;Normal values vary based on your age and the test method used. Adults have an ACE level less than 40 micrograms/L.&lt;/text&gt;&lt;text&gt;Normal value ranges may vary slightly among different laboratories. Some labs use different measurements or test different samples. Talk to your doctor about the meaning of your specific test results.&lt;/text&gt;</NormalResults><WhatAbnormalResultsMean>&lt;text&gt;Higher than normal ACE level may be a sign of sarcoidosis. ACE levels may rise or fall as sarcoidosis worsens or improves.&lt;/text&gt;&lt;text&gt;A higher than normal ACE level may also be seen in several other diseases and disorders, including:&lt;/text&gt;&lt;detail&gt;Cancer of the lymph tissue ( Hodgkin disease )&lt;/detail&gt;&lt;detail&gt; Diabetes  mellitus&lt;/detail&gt;&lt;detail&gt;Liver swelling and inflammation ( hepatitis ) due to alcohol use&lt;/detail&gt;&lt;detail&gt;Lung disease such as  asthma , cancer,  chronic obstructive pulmonary disease , or  tuberculosis &lt;/detail&gt;&lt;detail&gt;Kidney disorder called  nephrotic syndrome &lt;/detail&gt;&lt;detail&gt;Multiple sclerosis&lt;/detail&gt;&lt;detail&gt;Adrenal glands do not make enough hormones ( Addison disease )&lt;/detail&gt;&lt;detail&gt;Stomach ulcer&lt;/detail&gt;&lt;detail&gt;Overactive thyroid ( hyperthyroidism ) &lt;/detail&gt;&lt;detail&gt;Overactive parathyroid glands ( hyperparathyroidism )&lt;/detail&gt;&lt;text&gt;Lower than normal ACE level may indicate:&lt;/text&gt;&lt;detail&gt;Chronic liver disease&lt;/detail&gt;&lt;detail&gt;Chronic kidney failure&lt;/detail&gt;&lt;detail&gt;Eating disorder called  anorexia nervosa &lt;/detail&gt;&lt;detail&gt;Steroid therapy (usually prednisone)&lt;/detail&gt;&lt;detail&gt;Therapy for sarcoidosis&lt;/detail&gt;&lt;detail&gt;Underactive thyroid ( hypothyroidism ) &lt;/detail&gt;</WhatAbnormalResultsMean><AlternativeNames>&lt;detail&gt;Serum angiotensin-converting enzyme&lt;/detail&gt;&lt;detail&gt; SACE&lt;/detail&gt;</AlternativeNames><Images><value><img_name>Blood test</img_name><img_url>https://medlineplus.gov/ency/images/ency/fullsize/10026.jpg</img_url></value></Images></item>
<item><title>Abdominal x-ray</title><url>https://medlineplus.gov/ency/article/003815.htm</url><HowtoPreparefortheTest>&lt;text&gt;Before having the x-ray, tell your provider the following:&lt;/text&gt;&lt;detail&gt;If you are pregnant or think you could be pregnant&lt;/detail&gt;&lt;detail&gt;Have an IUD inserted&lt;/detail&gt;&lt;detail&gt;Have had a barium contrast x-ray in the last 4 days&lt;/detail&gt;&lt;detail&gt;If you have taken any medicines such as Pepto Bismol in the last 4 days (this type of medicine can interfere with the x-ray) &lt;/detail&gt;&lt;text&gt;You wear a hospital gown during the x-ray procedure. You must remove all jewelry.&lt;/text&gt;</HowtoPreparefortheTest><WhytheTestisPerformed>&lt;text&gt;Your provider may order this test to:&lt;/text&gt;&lt;detail&gt;Diagnose a  pain in the abdomen  or unexplained  nausea &lt;/detail&gt;&lt;detail&gt;Identify suspected problems in the urinary system, such as a  kidney stone &lt;/detail&gt;&lt;detail&gt;Identify  blockage in the intestine &lt;/detail&gt;&lt;detail&gt;Locate an object that has been swallowed&lt;/detail&gt;&lt;detail&gt;Help diagnose diseases, such as tumors or other conditions &lt;/detail&gt;</WhytheTestisPerformed><NormalResults>&lt;text&gt;The x-ray will show normal structures for a person your age.&lt;/text&gt;</NormalResults><WhatAbnormalResultsMean>&lt;text&gt;Abnormal findings include:&lt;/text&gt;&lt;detail&gt;Abdominal masses&lt;/detail&gt;&lt;detail&gt; Buildup of fluid  in the abdomen&lt;/detail&gt;&lt;detail&gt;Certain types of  gallstones &lt;/detail&gt;&lt;detail&gt;Foreign object in the intestines&lt;/detail&gt;&lt;detail&gt;Hole in the stomach or intestines&lt;/detail&gt;&lt;detail&gt;Injury to the abdominal tissue&lt;/detail&gt;&lt;detail&gt;Intestinal blockage&lt;/detail&gt;&lt;detail&gt;Kidney stones&lt;/detail&gt;</WhatAbnormalResultsMean><AlternativeNames>&lt;detail&gt;Abdominal film&lt;/detail&gt;&lt;detail&gt; X-ray - abdomen&lt;/detail&gt;&lt;detail&gt; Flat plate&lt;/detail&gt;&lt;detail&gt; KUB x-ray&lt;/detail&gt;</AlternativeNames><Images><value><img_name>X-ray</img_name><img_url>https://medlineplus.gov/ency/images/ency/fullsize/1057.jpg</img_url></value><value><img_name>Digestive system</img_name><img_url>https://medlineplus.gov/ency/images/ency/fullsize/1090.jpg</img_url></value></Images></item>
<item><title>Abdominal wall fat pad biopsy</title><url>https://medlineplus.gov/ency/article/003841.htm</url><HowtoPreparefortheTest>&lt;text&gt;No special preparation is usually necessary. However, follow any specific instructions your provider gives you.&lt;/text&gt;</HowtoPreparefortheTest><WhytheTestisPerformed>&lt;text&gt;The procedure is done most often to test for amyloidosis. Diagnosing the disease in this way may avoid the need for a biopsy of an organ, which is a more difficult procedure.&lt;/text&gt;</WhytheTestisPerformed><NormalResults>&lt;text&gt;The fat pad tissues are normal.&lt;/text&gt;</NormalResults><WhatAbnormalResultsMean>&lt;text&gt;In the case of amyloidosis, abnormal results mean there is amyloid. This is a protein that collects in tissues and impairs organ and tissue function.&lt;/text&gt;</WhatAbnormalResultsMean><AlternativeNames>&lt;detail&gt;Amyloidosis - abdominal wall fat pad biopsy&lt;/detail&gt;&lt;detail&gt; Abdominal wall biopsy&lt;/detail&gt;&lt;detail&gt; Biopsy - abdominal wall fat pad&lt;/detail&gt;</AlternativeNames><Images><value><img_name>Digestive system</img_name><img_url>https://medlineplus.gov/ency/images/ency/fullsize/1090.jpg</img_url></value><value><img_name>Fat tissue biopsy</img_name><img_url>https://medlineplus.gov/ency/images/ency/fullsize/8605.jpg</img_url></value></Images></item>
<item><title>Abdominal ultrasound</title><url>https://medlineplus.gov/ency/article/003777.htm</url><HowtoPreparefortheTest>&lt;text&gt;How you will prepare for the test depends on the problem. You will likely be asked not to eat or drink for several hours before the exam. Your provider will go over what you need to do. &lt;/text&gt;</HowtoPreparefortheTest><WhytheTestisPerformed>&lt;text&gt;You may have this test to: &lt;/text&gt;&lt;detail&gt;Find the cause of abdominal pain&lt;/detail&gt;&lt;detail&gt;Find the cause of kidney infections&lt;/detail&gt;&lt;detail&gt;Diagnose and monitor tumors and cancers&lt;/detail&gt;&lt;detail&gt;Diagnose or treat  ascites &lt;/detail&gt;&lt;detail&gt;Learn why there is swelling of an abdominal organ&lt;/detail&gt;&lt;detail&gt;Look for damage after an injury&lt;/detail&gt;&lt;detail&gt;Look for stones in the gallbladder or kidney&lt;/detail&gt;&lt;detail&gt;Look for the cause of abnormal blood tests such as  liver function tests  or kidney tests&lt;/detail&gt;&lt;detail&gt;Look for the cause of a fever &lt;/detail&gt;&lt;text&gt;The reason for the test will depend on your symptoms.&lt;/text&gt;</WhytheTestisPerformed><NormalResults>&lt;text&gt;The organs examined appear normal.&lt;/text&gt;</NormalResults><WhatAbnormalResultsMean>&lt;text&gt;The meaning of abnormal results depends on the organ being examined and the type of problem. Talk to your provider if you have any questions or concerns.&lt;/text&gt;&lt;text&gt;An abdominal ultrasound can indicate conditions such as:&lt;/text&gt;&lt;detail&gt; Abdominal aortic aneurysm &lt;/detail&gt;&lt;detail&gt; Abscess &lt;/detail&gt;&lt;detail&gt; Appendicitis &lt;/detail&gt;&lt;detail&gt; Cholecystitis &lt;/detail&gt;&lt;detail&gt; Gallstones &lt;/detail&gt;&lt;detail&gt; Hydronephrosis &lt;/detail&gt;&lt;detail&gt; Kidney stones &lt;/detail&gt;&lt;detail&gt;Pancreatitis (inflammation in pancreas)&lt;/detail&gt;&lt;detail&gt;Spleen enlargement ( splenomegaly )&lt;/detail&gt;&lt;detail&gt;Portal hypertension&lt;/detail&gt;&lt;detail&gt;Liver tumors&lt;/detail&gt;&lt;detail&gt;Obstruction of bile ducts&lt;/detail&gt;&lt;detail&gt; Cirrhosis &lt;/detail&gt;</WhatAbnormalResultsMean><AlternativeNames>&lt;detail&gt;Ultrasound - abdomen&lt;/detail&gt;&lt;detail&gt; Abdominal sonogram&lt;/detail&gt;&lt;detail&gt; Right upper quadrant sonogram&lt;/detail&gt;</AlternativeNames><Images><value><img_name>Abdominal ultrasound</img_name><img_url>https://medlineplus.gov/ency/images/ency/fullsize/1058.jpg</img_url></value><value><img_name>Digestive system</img_name><img_url>https://medlineplus.gov/ency/images/ency/fullsize/1090.jpg</img_url></value><value><img_name>Kidney anatomy</img_name><img_url>https://medlineplus.gov/ency/images/ency/fullsize/1101.jpg</img_url></value><value><img_name>Ultrasound in pregnancy</img_name><img_url>https://medlineplus.gov/ency/images/ency/fullsize/1110.jpg</img_url></value><value><img_name>Kidney - blood and urine flow</img_name><img_url>https://medlineplus.gov/ency/images/ency/fullsize/1704.jpg</img_url></value><value><img_name>Abdominal ultrasound</img_name><img_url>https://medlineplus.gov/ency/images/ency/fullsize/8607.jpg</img_url></value></Images></item>
<item><title>Abdominal tap </title><url>https://medlineplus.gov/ency/article/003896.htm</url><HowtoPreparefortheTest>&lt;text&gt;Let your provider know if you:&lt;/text&gt;&lt;detail&gt;Have any allergies to medicines or numbing medicine&lt;/detail&gt;&lt;detail&gt;Are taking any medicines (including herbal remedies)&lt;/detail&gt;&lt;detail&gt;Have any bleeding problems&lt;/detail&gt;&lt;detail&gt;Might be pregnant &lt;/detail&gt;</HowtoPreparefortheTest><WhytheTestisPerformed>&lt;text&gt;Normally, the abdominal cavity contains only a small amount of fluid. In certain conditions, large amounts of fluid can build up in this space.&lt;/text&gt;&lt;text&gt;An abdominal tap can help diagnose the cause of fluid buildup or the presence of an infection. It may also be done to remove a large amount of fluid to reduce belly pain.&lt;/text&gt;</WhytheTestisPerformed><NormalResults>&lt;text&gt;Normally, there should be little or no fluid in the abdominal space.&lt;/text&gt;</NormalResults><WhatAbnormalResultsMean>&lt;text&gt;An exam of abdominal fluid may show:&lt;/text&gt;&lt;detail&gt;Cancer that has spread to the abdominal cavity ( most often cancer of the ovaries )&lt;/detail&gt;&lt;detail&gt; Cirrhosis of the liver &lt;/detail&gt;&lt;detail&gt;Damaged bowel&lt;/detail&gt;&lt;detail&gt; Heart disease &lt;/detail&gt;&lt;detail&gt;Infection&lt;/detail&gt;&lt;detail&gt;Kidney disease&lt;/detail&gt;&lt;detail&gt;Pancreatic disease &lt;/detail&gt;</WhatAbnormalResultsMean><AlternativeNames>&lt;detail&gt;Peritoneal tap&lt;/detail&gt;&lt;detail&gt; Paracentesis&lt;/detail&gt;&lt;detail&gt; Ascites - abdominal tap&lt;/detail&gt;&lt;detail&gt; Cirrhosis - abdominal tap&lt;/detail&gt;&lt;detail&gt; Malignant ascites - abdominal tap&lt;/detail&gt;</AlternativeNames><Images><value><img_name>Digestive system</img_name><img_url>https://medlineplus.gov/ency/images/ency/fullsize/1090.jpg</img_url></value><value><img_name>Peritoneal sample</img_name><img_url>https://medlineplus.gov/ency/images/ency/fullsize/8715.jpg</img_url></value></Images></item>
<item><title>Abdominal MRI scan</title><url>https://medlineplus.gov/ency/article/003796.htm</url><HowtoPreparefortheTest>&lt;text&gt;You may be asked not to eat or drink anything for 4 to 6 hours before the scan.&lt;/text&gt;&lt;text&gt;Tell your health care provider if you are afraid of close spaces (have claustrophobia). You may be given a medicine to help you feel sleepy and less anxious. Your provider may also suggest an open MRI, in which the machine is not as close to your body.&lt;/text&gt;&lt;text&gt;Before the test, tell your provider if you have:&lt;/text&gt;&lt;detail&gt;Artificial heart valves&lt;/detail&gt;&lt;detail&gt;Brain aneurysm clips&lt;/detail&gt;&lt;detail&gt;Heart defibrillator or pacemaker&lt;/detail&gt;&lt;detail&gt;Inner ear (cochlear) implants&lt;/detail&gt;&lt;detail&gt;Kidney disease or dialysis (you may not be able to receive contrast)&lt;/detail&gt;&lt;detail&gt;Recently placed artificial joints&lt;/detail&gt;&lt;detail&gt;Certain types of vascular  stents &lt;/detail&gt;&lt;detail&gt;Worked with sheet metal in the past (you may need tests to check for metal pieces in your eyes) &lt;/detail&gt;&lt;text&gt;Because the MRI contains strong magnets, metal objects are not allowed into the room with the MRI scanner. Avoid carrying items such as:&lt;/text&gt;&lt;detail&gt;Pocketknives, pens, and eyeglasses&lt;/detail&gt;&lt;detail&gt;Watches, credit cards, jewelry, and hearing aids&lt;/detail&gt;&lt;detail&gt;Hairpins, metal zippers, pins, and similar items&lt;/detail&gt;&lt;detail&gt;Removable dental implants &lt;/detail&gt;</HowtoPreparefortheTest><WhytheTestisPerformed>&lt;text&gt;An abdominal MRI provides detailed pictures of the belly area from many views. It is often used to clarify findings from earlier x-rays or  CT  scans.&lt;/text&gt;&lt;text&gt;This test may be used to look at:&lt;/text&gt;&lt;detail&gt;Blood flow in the abdomen&lt;/detail&gt;&lt;detail&gt;Blood vessels in the abdomen&lt;/detail&gt;&lt;detail&gt;The cause of abdominal pain or swelling&lt;/detail&gt;&lt;detail&gt;The cause of abnormal blood test results, such as liver or kidney problems&lt;/detail&gt;&lt;detail&gt;Lymph nodes in the abdomen&lt;/detail&gt;&lt;detail&gt;Masses in the liver, kidneys, adrenals, pancreas, or spleen &lt;/detail&gt;&lt;text&gt;MRI can distinguish tumors from normal tissues. This can help the doctor know more about the tumor such as size, severity, and spread. This is called staging.&lt;/text&gt;&lt;text&gt;In some cases it can give better information about masses in the abdomen than CT.&lt;/text&gt;</WhytheTestisPerformed><WhatAbnormalResultsMean>&lt;text&gt;An abnormal result may be due to:&lt;/text&gt;&lt;detail&gt;Abdominal aortic aneurysm&lt;/detail&gt;&lt;detail&gt; Abscess &lt;/detail&gt;&lt;detail&gt; Cancer  or tumors that involves the adrenal glands, liver, gallbladder,  pancreas , kidneys, ureters, intestines&lt;/detail&gt;&lt;detail&gt; Enlarged spleen  or liver&lt;/detail&gt;&lt;detail&gt;Gallbladder or  bile  duct problems&lt;/detail&gt;&lt;detail&gt; Hemangiomas &lt;/detail&gt;&lt;detail&gt; Hydronephrosis  (kidney swelling from the backflow of urine)&lt;/detail&gt;&lt;detail&gt;Kidney infection&lt;/detail&gt;&lt;detail&gt;Kidney damage or diseases&lt;/detail&gt;&lt;detail&gt;Kidney stones&lt;/detail&gt;&lt;detail&gt;Enlarged lymph nodes&lt;/detail&gt;&lt;detail&gt; Obstructed vena cava &lt;/detail&gt;&lt;detail&gt;Portal vein obstruction (liver)&lt;/detail&gt;&lt;detail&gt;Blockage or narrowing of the arteries that supply the kidneys&lt;/detail&gt;&lt;detail&gt; Renal vein thrombosis &lt;/detail&gt;&lt;detail&gt;Kidney or liver  transplant rejection &lt;/detail&gt;&lt;detail&gt; Cirrhosis of the liver &lt;/detail&gt;&lt;detail&gt;Spread of cancers that began outside the belly &lt;/detail&gt;</WhatAbnormalResultsMean><AlternativeNames>&lt;detail&gt;Nuclear magnetic resonance - abdomen&lt;/detail&gt;&lt;detail&gt; NMR - abdomen&lt;/detail&gt;&lt;detail&gt; Magnetic resonance imaging - abdomen&lt;/detail&gt;&lt;detail&gt; MRI of the abdomen&lt;/detail&gt;</AlternativeNames><Images><value><img_name>Digestive system</img_name><img_url>https://medlineplus.gov/ency/images/ency/fullsize/1090.jpg</img_url></value><value><img_name>MRI scans</img_name><img_url>https://medlineplus.gov/ency/images/ency/fullsize/23212.jpg</img_url></value></Images></item>
<item><title>Abdominal CT scan</title><url>https://medlineplus.gov/ency/article/003789.htm</url><HowtoPreparefortheTest>&lt;text&gt;You need to have a special dye, called contrast, put into your body before some exams. Contrast helps certain areas show up better on the x-rays. Contrast can be administered in various ways. Such as:&lt;/text&gt;&lt;detail&gt;Contrast can be given through a vein (IV) in your hand or forearm. If contrast is used, you may also be asked not to eat or drink anything for 4 to 6 hours before the test.&lt;/detail&gt;&lt;detail&gt;You may have to drink the contrast before the exam. When you drink it will depend on the type of exam being done. Contrast has a chalky taste, although some are flavored so they taste a little better. The contrast you drink will pass out of your body through your stools and is harmless. &lt;/detail&gt;&lt;text&gt;Let your health care provider know if you have ever had a reaction to contrast. You may need to take medicines before the test to safely receive this substance. &lt;/text&gt;&lt;text&gt;Before receiving the contrast, tell your provider if you take the diabetes medicine metformin. People taking this medicine may have to stop taking it for a while before the test. &lt;/text&gt;&lt;text&gt;Let your provider know if you have any kidney problems. The IV contrast can worsen kidney function. &lt;/text&gt;&lt;text&gt;Too much weight can damage the scanner. Find out if the CT machine has a weight limit if you weigh more than 300 pounds (135 kg). &lt;/text&gt;&lt;text&gt;You will need to take off your jewelry and wear a hospital gown during the study.&lt;/text&gt;</HowtoPreparefortheTest><WhytheTestisPerformed>&lt;text&gt;An abdominal CT scan makes detailed pictures of the structures inside your belly very quickly.&lt;/text&gt;&lt;text&gt;This test may be used to look for:&lt;/text&gt;&lt;detail&gt;Blood in the urine&lt;/detail&gt;&lt;detail&gt;Cause of abdominal pain or swelling&lt;/detail&gt;&lt;detail&gt;Cause of abnormal blood test results such as liver or kidney problems&lt;/detail&gt;&lt;detail&gt;Hernia&lt;/detail&gt;&lt;detail&gt;Cause of a fever&lt;/detail&gt;&lt;detail&gt;Masses and tumors, including cancer&lt;/detail&gt;&lt;detail&gt;Infections or injury&lt;/detail&gt;&lt;detail&gt; Kidney stones &lt;/detail&gt;&lt;detail&gt; Appendicitis &lt;/detail&gt;</WhytheTestisPerformed><WhatAbnormalResultsMean>&lt;text&gt;The abdominal CT scan may show some cancers, including:&lt;/text&gt;&lt;detail&gt; Cancer of the renal pelvis or ureter &lt;/detail&gt;&lt;detail&gt;Colon cancer&lt;/detail&gt;&lt;detail&gt; Hepatocellular carcinoma &lt;/detail&gt;&lt;detail&gt;   Lymphoma   &lt;/detail&gt;&lt;detail&gt;Melanoma&lt;/detail&gt;&lt;detail&gt;Ovarian cancer&lt;/detail&gt;&lt;detail&gt; Pancreatic cancer &lt;/detail&gt;&lt;detail&gt; Pheochromocytoma &lt;/detail&gt;&lt;detail&gt; Renal cell carcinoma  (kidney cancer)&lt;/detail&gt;&lt;detail&gt;Spread of cancers that began outside the belly &lt;/detail&gt;&lt;text&gt;The abdominal CT scan may show problems with the gallbladder, liver, or pancreas, including:&lt;/text&gt;&lt;detail&gt; Acute cholecystitis &lt;/detail&gt;&lt;detail&gt;Alcoholic liver disease&lt;/detail&gt;&lt;detail&gt; Cholelithiasis &lt;/detail&gt;&lt;detail&gt; Pancreatic abscess &lt;/detail&gt;&lt;detail&gt; Pancreatic pseudocyst &lt;/detail&gt;&lt;detail&gt;Pancreatitis&lt;/detail&gt;&lt;detail&gt;Blockage of bile ducts &lt;/detail&gt;&lt;text&gt;The abdominal CT scan may reveal the following kidney problems:&lt;/text&gt;&lt;detail&gt;Blockage of the kidneys&lt;/detail&gt;&lt;detail&gt; Hydronephrosis  (kidney swelling from the backflow of urine)&lt;/detail&gt;&lt;detail&gt;Kidney infection&lt;/detail&gt;&lt;detail&gt;Kidney stones&lt;/detail&gt;&lt;detail&gt;Kidney or ureter damage&lt;/detail&gt;&lt;detail&gt; Polycystic kidney disease &lt;/detail&gt;&lt;text&gt;Abnormal results may also be due to:&lt;/text&gt;&lt;detail&gt; Abdominal aortic aneurysm &lt;/detail&gt;&lt;detail&gt; Abscesses &lt;/detail&gt;&lt;detail&gt; Appendicitis &lt;/detail&gt;&lt;detail&gt; Bowel wall thickening &lt;/detail&gt;&lt;detail&gt;Crohn disease&lt;/detail&gt;&lt;detail&gt;Renal artery stenosis&lt;/detail&gt;&lt;detail&gt; Renal vein thrombosis &lt;/detail&gt;</WhatAbnormalResultsMean><AlternativeNames>&lt;detail&gt;Computed tomography scan - abdomen&lt;/detail&gt;&lt;detail&gt; CT scan - abdomen&lt;/detail&gt;&lt;detail&gt; CT abdomen and pelvis&lt;/detail&gt;</AlternativeNames><Images><value><img_name>CT scan</img_name><img_url>https://medlineplus.gov/ency/images/ency/fullsize/23213.jpg</img_url></value><value><img_name>Digestive system</img_name><img_url>https://medlineplus.gov/ency/images/ency/fullsize/1090.jpg</img_url></value><value><img_name>Liver cirrhosis, CT scan</img_name><img_url>https://medlineplus.gov/ency/images/ency/fullsize/1176.jpg</img_url></value><value><img_name>Liver metastases, CT scan</img_name><img_url>https://medlineplus.gov/ency/images/ency/fullsize/1180.jpg</img_url></value><value><img_name>Lymph node metastases, CT scan</img_name><img_url>https://medlineplus.gov/ency/images/ency/fullsize/1184.jpg</img_url></value><value><img_name>Lymphoma, malignant - CT scan</img_name><img_url>https://medlineplus.gov/ency/images/ency/fullsize/1186.jpg</img_url></value><value><img_name>Neuroblastoma in the liver - CT scan</img_name><img_url>https://medlineplus.gov/ency/images/ency/fullsize/1190.jpg</img_url></value><value><img_name>Pancreatic, cystic adenoma - CT scan</img_name><img_url>https://medlineplus.gov/ency/images/ency/fullsize/1191.jpg</img_url></value><value><img_name>Pancreatic cancer, CT scan</img_name><img_url>https://medlineplus.gov/ency/images/ency/fullsize/1192.jpg</img_url></value><value><img_name>Pancreatic pseudocyst, CT scan</img_name><img_url>https://medlineplus.gov/ency/images/ency/fullsize/1193.jpg</img_url></value><value><img_name>Peritoneal and ovarian cancer, CT scan</img_name><img_url>https://medlineplus.gov/ency/images/ency/fullsize/1195.jpg</img_url></value><value><img_name>Spleen metastasis - CT scan</img_name><img_url>https://medlineplus.gov/ency/images/ency/fullsize/1200.jpg</img_url></value><value><img_name>Normal external abdomen</img_name><img_url>https://medlineplus.gov/ency/images/ency/fullsize/8704.jpg</img_url></value></Images></item>
<item><title>A1C test</title><url>https://medlineplus.gov/ency/article/003640.htm</url><HowtoPreparefortheTest>&lt;text&gt;No special preparation is needed. The food you have recently eaten does not affect the A1C test, so you do not need to fast to prepare for this blood test.&lt;/text&gt;</HowtoPreparefortheTest><WhytheTestisPerformed>&lt;text&gt;Your provider may order this test if you have  diabetes . It shows how well you are controlling your diabetes. &lt;/text&gt;&lt;text&gt;The test may also be used to screen for diabetes.&lt;/text&gt;&lt;text&gt;Ask your provider how often you should have your A1C level tested. Usually, testing every 3 or 6 months is recommended.&lt;/text&gt;</WhytheTestisPerformed><NormalResults>&lt;text&gt;The following are the results when A1C is being used to diagnose diabetes:&lt;/text&gt;&lt;detail&gt;Normal (no diabetes): Less than 5.7%&lt;/detail&gt;&lt;detail&gt;Pre-diabetes: 5.7% to 6.4%&lt;/detail&gt;&lt;detail&gt;Diabetes: 6.5% or higher &lt;/detail&gt;&lt;text&gt;If you have diabetes, you and your provider will discuss the correct range for you. For many people, the goal is to keep the level below 7%. &lt;/text&gt;&lt;text&gt;The test result may be incorrect in people with anemia, kidney disease, or certain blood disorders ( thalassemia ). Talk to your provider if you have any of these conditions. Certain medicines can also result in a false A1C level.&lt;/text&gt;&lt;text&gt;The examples above are common measurements for results of these tests. Normal value ranges may vary slightly among different laboratories. Talk to your provider about the meaning of your specific test results.&lt;/text&gt;</NormalResults><WhatAbnormalResultsMean>&lt;text&gt;An abnormal result means that you have had a high blood sugar level over a period of weeks to months.&lt;/text&gt;&lt;text&gt;If your A1C is above 6.5% and you do not already have diabetes, you may be diagnosed with diabetes.&lt;/text&gt;&lt;text&gt;If your level is above 7% and you have diabetes, it often means that your blood sugar is not well controlled. You and your provider should determine your target A1C.&lt;/text&gt;&lt;text&gt;The higher your A1C, the higher the risk that you will develop problems such as:&lt;/text&gt;&lt;detail&gt; Eye disease &lt;/detail&gt;&lt;detail&gt;Heart disease&lt;/detail&gt;&lt;detail&gt; Kidney disease &lt;/detail&gt;&lt;detail&gt; Nerve damage &lt;/detail&gt;&lt;detail&gt;Stroke &lt;/detail&gt;&lt;text&gt;If your A1C stays high, talk to your provider about  how to best manage your blood sugar .&lt;/text&gt;</WhatAbnormalResultsMean><AlternativeNames>&lt;detail&gt;HbA1C test&lt;/detail&gt;&lt;detail&gt; Glycated hemoglobin test&lt;/detail&gt;&lt;detail&gt; Glycohemoglobin test&lt;/detail&gt;&lt;detail&gt; Hemoglobin A1C&lt;/detail&gt;&lt;detail&gt; Diabetes - A1C&lt;/detail&gt;&lt;detail&gt; Diabetic - A1C&lt;/detail&gt;</AlternativeNames><Images><value><img_name>Blood test</img_name><img_url>https://medlineplus.gov/ency/images/ency/fullsize/10026.jpg</img_url></value></Images></item>
<item><title>BUN - blood test</title><url>https://medlineplus.gov/ency/article/003474.htm</url><HowtoPreparefortheTest>&lt;text&gt;Many medicines can interfere with blood test results.&lt;/text&gt;&lt;detail&gt;Your health care provider will tell you if you need to stop taking any medicines before you have this test.&lt;/detail&gt;&lt;detail&gt;DO NOT stop or change your medicines without talking to your provider first. &lt;/detail&gt;</HowtoPreparefortheTest><WhytheTestisPerformed>&lt;text&gt;The BUN test is often done to check kidney function.&lt;/text&gt;</WhytheTestisPerformed><NormalResults>&lt;text&gt;The normal result is generally 6 to 20 mg/dL.&lt;/text&gt;&lt;text&gt;Note: Normal values may vary among different labs. Talk to your provider about your specific test results.&lt;/text&gt;&lt;text&gt;The examples above show the common measurements for results for these tests. Some laboratories use different measurements or may test different specimens.&lt;/text&gt;</NormalResults><WhatAbnormalResultsMean>&lt;text&gt;Higher-than-normal level may be due to:&lt;/text&gt;&lt;detail&gt; Congestive heart failure &lt;/detail&gt;&lt;detail&gt;Excessive protein level in the gastrointestinal tract&lt;/detail&gt;&lt;detail&gt; Gastrointestinal bleeding &lt;/detail&gt;&lt;detail&gt; Hypovolemia  (dehydration)&lt;/detail&gt;&lt;detail&gt;Heart attack&lt;/detail&gt;&lt;detail&gt;Kidney disease, including  glomerulonephritis , pyelonephritis, and  acute tubular necrosis &lt;/detail&gt;&lt;detail&gt; Kidney failure &lt;/detail&gt;&lt;detail&gt; Shock &lt;/detail&gt;&lt;detail&gt; Urinary tract obstruction &lt;/detail&gt;&lt;text&gt;Lower-than-normal level may be due to:&lt;/text&gt;&lt;detail&gt;Liver failure&lt;/detail&gt;&lt;detail&gt;Low protein diet&lt;/detail&gt;&lt;detail&gt;Malnutrition&lt;/detail&gt;&lt;detail&gt;Over-hydration&lt;/detail&gt;</WhatAbnormalResultsMean><AlternativeNames>&lt;detail&gt;Blood urea nitrogen&lt;/detail&gt;&lt;detail&gt; Renal insufficiency - BUN&lt;/detail&gt;&lt;detail&gt; Renal failure - BUN&lt;/detail&gt;&lt;detail&gt; Renal disease - BUN&lt;/detail&gt;</AlternativeNames></item>
<item><title>Buccal smear</title><url>https://medlineplus.gov/ency/article/003414.htm</url><HowtoPreparefortheTest>&lt;text&gt;Rinse and wash the mouth as instructed.&lt;/text&gt;</HowtoPreparefortheTest><WhytheTestisPerformed>&lt;text&gt;This test is done to get cells for chromosome or DNA analysis, most often for genetic testing.&lt;/text&gt;&lt;text&gt;This test may also help establish sexual identity. When the test is used in this way, it's called the sex chromatin test.&lt;/text&gt;</WhytheTestisPerformed><AlternativeNames>&lt;detail&gt;Sex chromatin test&lt;/detail&gt;&lt;detail&gt; Buccal swab&lt;/detail&gt;</AlternativeNames><Images><value><img_name>Throat anatomy</img_name><img_url>https://medlineplus.gov/ency/images/ency/fullsize/1118.jpg</img_url></value><value><img_name>Buccal  smear - illustration</img_name><img_url>https://medlineplus.gov/ency/images/ency/fullsize/9140.jpg</img_url></value></Images></item>
<item><title>Bronchoscopy</title><url>https://medlineplus.gov/ency/article/003857.htm</url><HowtoPreparefortheTest>&lt;text&gt;Follow instructions on how to prepare for the test. You will likely be told:&lt;/text&gt;&lt;detail&gt;Not to eat or drink anything for 6 to 12 hours before your test.&lt;/detail&gt;&lt;detail&gt;Not to take aspirin, ibuprofen, or other blood-thinning drugs before your procedure. Ask the provider who will do your bronchoscopy when to stop taking these drugs.&lt;/detail&gt;&lt;detail&gt;Arrange for a ride to and from the hospital.&lt;/detail&gt;&lt;detail&gt;Arrange for help with work, child care, or other tasks, as you will likely need to rest the next day. &lt;/detail&gt;&lt;text&gt;Usually, the test is done as an outpatient procedure and you will go home the same day. Some people may need to stay overnight in the hospital.&lt;/text&gt;</HowtoPreparefortheTest><WhytheTestisPerformed>&lt;text&gt;You may have a bronchoscopy to help your provider diagnose lung problems. Your provider will be able to inspect your airways or take a  biopsy sample .&lt;/text&gt;&lt;text&gt;Common reasons to do a bronchoscopy for diagnosis are:&lt;/text&gt;&lt;detail&gt;An imaging test showed abnormal changes of your lung, such as a growth or tumor, changes or scarring of lung tissue, or collapse of one area of your lung.&lt;/detail&gt;&lt;detail&gt;To biopsy lymph nodes near your lungs.&lt;/detail&gt;&lt;detail&gt;To see why you are coughing up blood.&lt;/detail&gt;&lt;detail&gt;To explain shortness of breath or low oxygen levels.&lt;/detail&gt;&lt;detail&gt;To see if there is a foreign object in your airway.&lt;/detail&gt;&lt;detail&gt;You have a cough that has lasted more than 3 months without any clear cause.&lt;/detail&gt;&lt;detail&gt;You have an infection in your lungs and major airways (bronchi) that cannot be diagnosed any other way or need a certain type of diagnosis.&lt;/detail&gt;&lt;detail&gt;You inhaled a toxic gas or chemical.&lt;/detail&gt;&lt;detail&gt;To see if a lung rejection after a lung transplant is occurring. &lt;/detail&gt;&lt;text&gt;You may also have a bronchoscopy to treat a lung or airway problem. For example, it may be done to:&lt;/text&gt;&lt;detail&gt;Remove fluid or mucus plugs from your airways&lt;/detail&gt;&lt;detail&gt;Remove a foreign object from your airways&lt;/detail&gt;&lt;detail&gt;Widen (dilate) an airway that is blocked or narrowed&lt;/detail&gt;&lt;detail&gt;Drain an  abscess &lt;/detail&gt;&lt;detail&gt;Treat cancer using a number of different techniques&lt;/detail&gt;&lt;detail&gt;Wash out an airway &lt;/detail&gt;</WhytheTestisPerformed><NormalResults>&lt;text&gt;Normal results mean normal cells and fluids are found. No foreign substances or blockages are seen.&lt;/text&gt;</NormalResults><WhatAbnormalResultsMean>&lt;text&gt;Many disorders can be diagnosed with bronchoscopy, including:&lt;/text&gt;&lt;detail&gt;Infections from bacteria, viruses, fungi, parasites, or tuberculosis.&lt;/detail&gt;&lt;detail&gt; Lung damage related to allergic-type reactions .   &lt;/detail&gt;&lt;detail&gt;   Lung  disorders  in which the deep lung tissues become inflamed due to the immune system response, and then damaged. For example, changes from sarcoidosis or rheumatoid arthritis may be found.&lt;/detail&gt;&lt;detail&gt; Lung cancer , or cancer in the area between the lungs.&lt;/detail&gt;&lt;detail&gt;Narrowing (stenosis) of the trachea or bronchi.&lt;/detail&gt;&lt;detail&gt;Acute rejection after a lung transplant. &lt;/detail&gt;</WhatAbnormalResultsMean><AlternativeNames>&lt;detail&gt;Fiberoptic bronchoscopy&lt;/detail&gt;&lt;detail&gt; Lung cancer - bronchoscopy&lt;/detail&gt;&lt;detail&gt; Pneumonia - bronchoscopy&lt;/detail&gt;&lt;detail&gt; Chronic lung disease - bronchoscopy&lt;/detail&gt;</AlternativeNames><Images><value><img_name>Bronchoscopy</img_name><img_url>https://medlineplus.gov/ency/images/ency/fullsize/23232.jpg</img_url></value><value><img_name>Bronchoscopy</img_name><img_url>https://medlineplus.gov/ency/images/ency/fullsize/9138.jpg</img_url></value></Images></item>
<item><title>Bronchoscopic culture</title><url>https://medlineplus.gov/ency/article/003748.htm</url><HowtoPreparefortheTest>&lt;text&gt; Follow your health care provider's instructions on how to prepare for bronchoscopy.&lt;/text&gt;</HowtoPreparefortheTest><WhytheTestisPerformed>&lt;text&gt;A bronchoscopic culture is done to find infection in the lung that cannot be accurately detected by a  sputum culture . The procedure may find the following things, such as:&lt;/text&gt;&lt;detail&gt;Abnormal secretions&lt;/detail&gt;&lt;detail&gt;Abnormal lung tissue&lt;/detail&gt;&lt;detail&gt; Abscesses &lt;/detail&gt;&lt;detail&gt;Inflammation&lt;/detail&gt;&lt;detail&gt;Obstructive lesions, such as cancer or foreign bodies&lt;/detail&gt;</WhytheTestisPerformed><NormalResults>&lt;text&gt;No organisms are seen on the culture.&lt;/text&gt;</NormalResults><WhatAbnormalResultsMean>&lt;text&gt;Abnormal culture results usually indicate a respiratory infection. The infection may be caused by bacteria, viruses, parasites, mycobacteria, or fungi. The results of the culture will help determine the best treatment.&lt;/text&gt;&lt;text&gt;Not all organisms found with bronchoscopic culture need to be treated. Your provider will tell you more about this if needed.&lt;/text&gt;</WhatAbnormalResultsMean><AlternativeNames>&lt;detail&gt;Culture - bronchoscopic&lt;/detail&gt;</AlternativeNames><Images><value><img_name>Bronchoscopy</img_name><img_url>https://medlineplus.gov/ency/images/ency/fullsize/23232.jpg</img_url></value><value><img_name>Bronchoscopic culture</img_name><img_url>https://medlineplus.gov/ency/images/ency/fullsize/9137.jpg</img_url></value></Images></item>
<item><title>Breath alcohol test</title><url>https://medlineplus.gov/ency/article/003632.htm</url><HowtoPreparefortheTest>&lt;text&gt;Wait 15 minutes after drinking an alcoholic beverage and 1 minute after smoking before starting the test.&lt;/text&gt;</HowtoPreparefortheTest><WhytheTestisPerformed>&lt;text&gt;When you drink alcohol, the amount of alcohol in your blood goes up. This is called your blood-alcohol level. &lt;/text&gt;&lt;text&gt;When the amount of alcohol in the blood reaches 0.02% to 0.03%, you may feel a relaxing "high."&lt;/text&gt;&lt;text&gt;When that percentage reaches 0.05% to 0.10%, you have: &lt;/text&gt;&lt;detail&gt;Reduced muscle coordination&lt;/detail&gt;&lt;detail&gt;A longer reaction time&lt;/detail&gt;&lt;detail&gt;Impaired judgment and responses&lt;/detail&gt;&lt;text&gt;Driving and operating machinery when you're "high" or drunk (intoxicated) is dangerous. A person with an alcohol level of 0.08% and above is considered legally drunk in most states. (Some states have lower levels than others.)&lt;/text&gt;&lt;text&gt;The alcohol content of exhaled air accurately reflects the alcohol content of the blood.&lt;/text&gt;</WhytheTestisPerformed><NormalResults>&lt;text&gt;Normal is when the blood alcohol level is not elevated.&lt;/text&gt;</NormalResults><WhatAbnormalResultsMean>&lt;text&gt;With the balloon method:&lt;/text&gt;&lt;detail&gt;1 green band means that the blood-alcohol level is 0.05% or lower&lt;/detail&gt;&lt;detail&gt;2 green bands mean a level between 0.05% and 0.10%&lt;/detail&gt;&lt;detail&gt;3 green bands mean a level between 0.10% and 0.15%&lt;/detail&gt;</WhatAbnormalResultsMean><AlternativeNames>&lt;detail&gt;Alcohol test - breath&lt;/detail&gt;</AlternativeNames><Images><value><img_name>Breath alcohol test</img_name><img_url>https://medlineplus.gov/ency/images/ency/fullsize/9134.jpg</img_url></value></Images></item>
<item><title>Breast ultrasound</title><url>https://medlineplus.gov/ency/article/003379.htm</url><HowtoPreparefortheTest>&lt;text&gt;You may want to wear a two-piece outfit, so you do not have to completely undress. &lt;/text&gt;&lt;text&gt;On the day of your test, DO NOT use any lotion or powder on your breasts. DO NOT use deodorant under your arms. Remove jewelry from your neck and chest area.&lt;/text&gt;</HowtoPreparefortheTest><WhytheTestisPerformed>&lt;text&gt;Breast ultrasound is usually ordered when more information is needed after other tests are done or as a stand-alone test. These tests may include  mammogram  or  breast MRI .&lt;/text&gt;&lt;text&gt;Your provider may order this test if you have:&lt;/text&gt;&lt;detail&gt;A  breast lump  found during a breast exam&lt;/detail&gt;&lt;detail&gt;An abnormal mammogram&lt;/detail&gt;&lt;detail&gt;Clear or bloody  nipple discharge &lt;/detail&gt;&lt;text&gt;A breast ultrasound can:&lt;/text&gt;&lt;detail&gt;Help tell the difference between a solid mass or a  cyst &lt;/detail&gt;&lt;detail&gt;Help look for a growth if you have clear or bloody fluid coming from your nipple&lt;/detail&gt;&lt;detail&gt;Guide a needle during a  breast biopsy &lt;/detail&gt;</WhytheTestisPerformed><NormalResults>&lt;text&gt;A normal result means the breast tissue appears normal. &lt;/text&gt;</NormalResults><WhatAbnormalResultsMean>&lt;text&gt;Ultrasound can help show noncancerous growths such as:&lt;/text&gt;&lt;detail&gt;Cysts, which are, fluid-filled sacs&lt;/detail&gt;&lt;detail&gt; Fibroadenomas , which are, noncancerous solid growths&lt;/detail&gt;&lt;detail&gt;Lipomas, which are, noncancerous fatty lumps that can occur anywhere in the body, including the breasts &lt;/detail&gt;&lt;text&gt; Breast cancers  can also be seen with ultrasound. &lt;/text&gt;&lt;text&gt;Follow-up tests to determine whether treatment may be needed include:&lt;/text&gt;&lt;detail&gt; Breast lump removal  (excisional breast biopsy)&lt;/detail&gt;&lt;detail&gt;Open (surgical) breast biopsy&lt;/detail&gt;&lt;detail&gt; Stereotactic breast biopsy  (needle biopsy performed using a machine like a mammogram)&lt;/detail&gt;&lt;detail&gt; Ultrasound-guided breast biopsy  (needle biopsy performed using ultrasound)&lt;/detail&gt;</WhatAbnormalResultsMean><AlternativeNames>&lt;detail&gt;Ultrasonography of the breast&lt;/detail&gt;&lt;detail&gt; Sonogram of the breast&lt;/detail&gt;&lt;detail&gt; Breast lump - ultrasound&lt;/detail&gt;</AlternativeNames><Images><value><img_name>Female breast</img_name><img_url>https://medlineplus.gov/ency/images/ency/fullsize/1075.jpg</img_url></value></Images></item>
<item><title>Breast MRI scan</title><url>https://medlineplus.gov/ency/article/007360.htm</url><HowtoPreparefortheTest>&lt;text&gt;You may be asked not to eat or drink anything for 4 to 6 hours before the scan.&lt;/text&gt;&lt;text&gt;Tell your health care provider if you are afraid of tight spaces (have claustrophobia). You may be given a medicine to help you feel sleepy and less anxious. Also, your provider may suggest an "open" MRI. The machine is not as close to the body in this type of test.&lt;/text&gt;&lt;text&gt;Before the test, tell your provider if you have:&lt;/text&gt;&lt;detail&gt;Brain aneurysm clips&lt;/detail&gt;&lt;detail&gt;Certain types of artificial heart valves&lt;/detail&gt;&lt;detail&gt;Heart defibrillator or pacemaker&lt;/detail&gt;&lt;detail&gt;Inner ear (cochlear) implants&lt;/detail&gt;&lt;detail&gt; Kidney disease  or dialysis (you may not be able to receive the IV contrast)&lt;/detail&gt;&lt;detail&gt;Recently placed artificial joints&lt;/detail&gt;&lt;detail&gt;Certain types of vascular  stents &lt;/detail&gt;&lt;detail&gt;Worked with sheet metal in the past (you may need tests to check for metal pieces in your eyes) &lt;/detail&gt;&lt;text&gt;Because the MRI contains strong magnets, metal objects are not allowed into the room with the MRI scanner:&lt;/text&gt;&lt;detail&gt;Pens, pocketknives, and eyeglasses may fly across the room.&lt;/detail&gt;&lt;detail&gt;Items such as jewelry, watches, credit cards, and hearing aids can be damaged.&lt;/detail&gt;&lt;detail&gt;Pins, hairpins, metal zippers, and similar metallic items can distort the images.&lt;/detail&gt;&lt;detail&gt;Removable dental work should be taken out just before the scan. &lt;/detail&gt;</HowtoPreparefortheTest><WhytheTestisPerformed>&lt;text&gt;MRI provides detailed pictures of the breast. It also provides clear pictures of parts of the breast that are hard to see clearly on an ultrasound or mammogram.&lt;/text&gt;&lt;text&gt;Breast MRI may also be performed to:&lt;/text&gt;&lt;detail&gt;Check for more cancer in the same breast or the other breast after breast cancer has been diagnosed&lt;/detail&gt;&lt;detail&gt;Distinguish between scar tissue and tumors in the breast&lt;/detail&gt;&lt;detail&gt;Evaluate a breast lump (most often after a biopsy)&lt;/detail&gt;&lt;detail&gt;Evaluate an abnormal result on a mammogram or breast ultrasound&lt;/detail&gt;&lt;detail&gt;Evaluate for possible rupture of breast implants&lt;/detail&gt;&lt;detail&gt;Find any cancer that remains after surgery or  chemotherapy &lt;/detail&gt;&lt;detail&gt;Show blood flow through the breast area&lt;/detail&gt;&lt;detail&gt;Guide a  biopsy  (not usually done)&lt;/detail&gt;&lt;text&gt;An MRI of the breast may also be done after a mammogram to screen for breast cancer in women who:&lt;/text&gt;&lt;detail&gt;Are at very high risk for breast cancer (those with a strong family history or genetic markers for breast cancer)&lt;/detail&gt;&lt;detail&gt;Have very dense breast tissue&lt;/detail&gt;&lt;text&gt;Before having a breast MRI, talk to your provider about the pros and cons of having the test. Ask about:&lt;/text&gt;&lt;detail&gt;Your  risk for breast cancer &lt;/detail&gt;&lt;detail&gt;Whether screening decreases your chance of dying from breast cancer&lt;/detail&gt;&lt;detail&gt;Whether there is any harm from breast cancer screening, such as side effects from testing or overtreatment of cancer when discovered&lt;/detail&gt;</WhytheTestisPerformed><WhatAbnormalResultsMean>&lt;text&gt;Abnormal results may be due to:&lt;/text&gt;&lt;detail&gt;   Breast cancer   &lt;/detail&gt;&lt;detail&gt; Cysts &lt;/detail&gt;&lt;detail&gt;Leaking or ruptured breast implants&lt;/detail&gt;&lt;detail&gt;Abnormal breast tissue that is not cancer&lt;/detail&gt;&lt;detail&gt;Scar tissue &lt;/detail&gt;&lt;text&gt;Consult your provider if you have any questions and concerns.&lt;/text&gt;</WhatAbnormalResultsMean><AlternativeNames>&lt;detail&gt;MRI - breast&lt;/detail&gt;&lt;detail&gt; Magnetic resonance imaging - breast&lt;/detail&gt;&lt;detail&gt; Breast cancer - MRI&lt;/detail&gt;&lt;detail&gt; Breast cancer screening - MRI&lt;/detail&gt;</AlternativeNames></item>
<item><title>Breast biopsy - ultrasound</title><url>https://medlineplus.gov/ency/article/007432.htm</url><HowtoPreparefortheTest>&lt;text&gt;The provider will ask about your medical history and perform a manual breast exam.&lt;/text&gt;&lt;text&gt;If you take blood thinning medicines (including aspirin, supplements, or herbs), ask your doctor whether you need to stop taking these before the biopsy.&lt;/text&gt;&lt;text&gt;Tell your doctor if you may be pregnant.&lt;/text&gt;&lt;text&gt;DO NOT use lotion, perfume, powder, or deodorant underneath your arms or on your breasts.&lt;/text&gt;</HowtoPreparefortheTest><WhytheTestisPerformed>&lt;text&gt;An ultrasound-guided breast biopsy may be done to evaluate abnormal findings on a  mammogram ,  breast ultrasound , or MRI.&lt;/text&gt;&lt;text&gt;To determine whether someone has breast cancer, a biopsy must be done. Tissue from the abnormal area is removed and examined under a microscope.&lt;/text&gt;</WhytheTestisPerformed><NormalResults>&lt;text&gt;A normal result means there is no sign of cancer or other breast problems.&lt;/text&gt;&lt;text&gt;Your provider will let you know if and when you need a follow-up ultrasound, mammogram or other tests.&lt;/text&gt;</NormalResults><WhatAbnormalResultsMean>&lt;text&gt;A biopsy can identify a number of breast conditions that are not cancer or precancer, including:&lt;/text&gt;&lt;detail&gt; Fibroadenoma  (breast lump that usually isn't cancer)&lt;/detail&gt;&lt;detail&gt;Fat  necrosis &lt;/detail&gt;&lt;text&gt;Biopsy results may show conditions such as:&lt;/text&gt;&lt;detail&gt;Atypical ductal hyperplasia&lt;/detail&gt;&lt;detail&gt;Atypical lobular hyperplasia&lt;/detail&gt;&lt;detail&gt;Flat epithelial atypia&lt;/detail&gt;&lt;detail&gt; Intraductal papilloma &lt;/detail&gt;&lt;detail&gt;Lobular carcinoma-in-situ&lt;/detail&gt;&lt;detail&gt;Radial scar &lt;/detail&gt;&lt;text&gt;Abnormal results may mean that you have breast cancer. Two main types of breast cancer may be found:&lt;/text&gt;&lt;detail&gt;Ductal carcinoma starts in the tubes (ducts) that move milk from the breast to the nipple. Most breast cancers are of this type.&lt;/detail&gt;&lt;detail&gt;Lobular carcinoma starts in parts of the breast called lobules, which produce milk. &lt;/detail&gt;&lt;text&gt;Depending on the biopsy results, you may need further surgery or treatment.&lt;/text&gt;&lt;text&gt;Your provider will discuss the meaning of the biopsy results with you.&lt;/text&gt;</WhatAbnormalResultsMean><AlternativeNames>&lt;detail&gt;Biopsy - breast - ultrasound&lt;/detail&gt;&lt;detail&gt; Ultrasound-guided breast biopsy&lt;/detail&gt;&lt;detail&gt; Core needle breast biopsy - ultrasound&lt;/detail&gt;&lt;detail&gt; Breast cancer-breast biopsy - ultrasound&lt;/detail&gt;&lt;detail&gt; Abnormal mammogram - breast biopsy - ultrasound&lt;/detail&gt;</AlternativeNames></item>
<item><title>Breast biopsy - stereotactic</title><url>https://medlineplus.gov/ency/article/007433.htm</url><HowtoPreparefortheTest>&lt;text&gt;The provider will ask about your medical history. A breast exam may be done.&lt;/text&gt;&lt;text&gt;If you take medicines (including aspirin, supplements, or herbs), ask your doctor whether you need to stop taking these before the biopsy.&lt;/text&gt;&lt;text&gt;Tell your doctor if you may be pregnant.&lt;/text&gt;&lt;text&gt;DO NOT use lotion, perfume, powder, or deodorant underneath your arms or on your breasts.&lt;/text&gt;</HowtoPreparefortheTest><WhytheTestisPerformed>&lt;text&gt;Stereotactic breast biopsy is used when a small growth or an area of  calcifications  is seen on a mammogram, but cannot be seen using an  ultrasound of the breast .&lt;/text&gt;&lt;text&gt;The tissue samples are sent to a pathologist to be examined.&lt;/text&gt;</WhytheTestisPerformed><NormalResults>&lt;text&gt;A normal result means there is no sign of cancer.&lt;/text&gt;&lt;text&gt;Your provider will let you know when you need a follow-up mammogram or other tests.&lt;/text&gt;</NormalResults><WhatAbnormalResultsMean>&lt;text&gt;If the biopsy shows benign breast tissue without cancer, you will likely not need surgery.&lt;/text&gt;&lt;text&gt;Sometimes the biopsy results show abnormal signs that are not cancer. In this case, a surgical biopsy might be recommended to remove the whole abnormal area for examination. &lt;/text&gt;&lt;text&gt;Biopsy results may show conditions such as:&lt;/text&gt;&lt;detail&gt;Atypical ductal hyperplasia&lt;/detail&gt;&lt;detail&gt;Atypical lobular hyperplasia&lt;/detail&gt;&lt;detail&gt; Intraductal papilloma &lt;/detail&gt;&lt;detail&gt;Flat epithelial atypia&lt;/detail&gt;&lt;detail&gt;Radial scar&lt;/detail&gt;&lt;detail&gt;Lobular carcinoma-in-situ &lt;/detail&gt;&lt;text&gt;Abnormal results may mean that you have breast cancer. Two main types of breast cancer may be found:&lt;/text&gt;&lt;detail&gt;Ductal carcinoma starts in the tubes (ducts) that move milk from the breast to the nipple. Most breast cancers are of this type.&lt;/detail&gt;&lt;detail&gt;Lobular carcinoma starts in parts of the breast called lobules, which produce milk. &lt;/detail&gt;&lt;text&gt;Depending on the biopsy results, you may need further surgery or treatment.&lt;/text&gt;&lt;text&gt;Your provider will discuss the meaning of the biopsy results with you.&lt;/text&gt;</WhatAbnormalResultsMean><AlternativeNames>&lt;detail&gt;Biopsy - breast - stereotactic&lt;/detail&gt;&lt;detail&gt; Core needle breast biopsy - stereotactic&lt;/detail&gt;&lt;detail&gt; Stereotactic breast biopsy&lt;/detail&gt;&lt;detail&gt; Abnormal mammogram - stereotactic breast biopsy&lt;/detail&gt;&lt;detail&gt; Breast cancer - stereotactic breast biopsy&lt;/detail&gt;</AlternativeNames></item>
<item><title>Brain PET scan </title><url>https://medlineplus.gov/ency/article/007341.htm</url><HowtoPreparefortheTest>&lt;text&gt;You may be asked not to eat anything for 4 to 6 hours before the scan. You will be able to drink water.&lt;/text&gt;&lt;text&gt;Tell your provider if:&lt;/text&gt;&lt;detail&gt;You are afraid of close spaces (have claustrophobia). You may be given a medicine to help you feel sleepy and less anxious.&lt;/detail&gt;&lt;detail&gt;You are pregnant or think you might be pregnant.&lt;/detail&gt;&lt;detail&gt;You have any allergies to injected dye (contrast).&lt;/detail&gt;&lt;detail&gt;You have taken insulin for diabetes. You will need special preparation. &lt;/detail&gt;&lt;text&gt;Always tell your provider about the medicines you are taking, including those bought without a prescription. Sometimes, medicines interfere with the test results.&lt;/text&gt;</HowtoPreparefortheTest><WhytheTestisPerformed>&lt;text&gt;A PET scan can show the size, shape, and function of the brain, so your doctor can make sure it is working as well as it should. It is most often used when other tests, such as MRI scan or CT scan, do not provide enough information.&lt;/text&gt;&lt;text&gt;This test can be used to:&lt;/text&gt;&lt;detail&gt;Diagnose cancer&lt;/detail&gt;&lt;detail&gt;Prepare for epilepsy surgery&lt;/detail&gt;&lt;detail&gt;Help diagnose dementia if other tests and exams do not provide enough information&lt;/detail&gt;&lt;detail&gt;Tell the difference between Parkinson disease and other movement disorders &lt;/detail&gt;&lt;text&gt;Several PET scans may be taken to determine how well you are responding to treatment for cancer or another illness.&lt;/text&gt;</WhytheTestisPerformed><NormalResults>&lt;text&gt;There are no problems detected in the size, shape, or function of the brain. There are no areas in which the tracer has abnormally collected.&lt;/text&gt;</NormalResults><WhatAbnormalResultsMean>&lt;text&gt;Abnormal results may be due to:&lt;/text&gt;&lt;detail&gt; Alzheimer disease  or  dementia &lt;/detail&gt;&lt;detail&gt; Brain tumor &lt;/detail&gt;&lt;detail&gt; Epilepsy , and may identify where the seizures start in your brain&lt;/detail&gt;&lt;detail&gt;Movement disorders (such as  Parkinson disease ) &lt;/detail&gt;</WhatAbnormalResultsMean><AlternativeNames>&lt;detail&gt;Brain positron emission tomography&lt;/detail&gt;&lt;detail&gt; PET scan - brain&lt;/detail&gt;</AlternativeNames></item>
<item><title>Brain natriuretic peptide test</title><url>https://medlineplus.gov/ency/article/007509.htm</url><WhytheTestisPerformed>&lt;text&gt;You may need this test if you have signs of heart failure. Symptoms include shortness of breath and swelling of your legs or abdomen. The test helps make sure the problems are due to your heart and not your lungs, kidneys, or liver. &lt;/text&gt;&lt;text&gt;It is unclear if repeated BNP tests are helpful in guiding treatment in those already diagnosed with heart failure.&lt;/text&gt;</WhytheTestisPerformed><NormalResults>&lt;text&gt;In general, results of less than 100 picograms/milliliter (pg/mL) are a sign a person does not have heart failure.&lt;/text&gt;&lt;text&gt;Normal value ranges may vary slightly among different laboratories. Some labs use different measurements or test different samples. Talk to your health care provider about the meaning of your specific test results.&lt;/text&gt;</NormalResults><WhatAbnormalResultsMean>&lt;text&gt;BNP levels go up when the heart cannot pump the way it should.&lt;/text&gt;&lt;text&gt;A result greater than 100 pg/mL is abnormal. The higher the number, the more likely heart failure is present and the more severe it is.&lt;/text&gt;&lt;text&gt;Sometimes other conditions can cause high BNP levels. These include: &lt;/text&gt;&lt;detail&gt;Kidney failure&lt;/detail&gt;&lt;detail&gt;Pulmonary embolism&lt;/detail&gt;&lt;detail&gt;Pulmonary hypertension&lt;/detail&gt;&lt;detail&gt;Severe infection (sepsis) &lt;/detail&gt;&lt;detail&gt;Lung problems&lt;/detail&gt;</WhatAbnormalResultsMean></item>
<item><title>Bowel transit time</title><url>https://medlineplus.gov/ency/article/003887.htm</url><HowtoPreparefortheTest>&lt;text&gt;In most cases, you DO NOT need to prepare for this test. However, you should follow any diet or other directions from the health care provider.&lt;/text&gt;</HowtoPreparefortheTest><WhytheTestisPerformed>&lt;text&gt;The test helps determine bowel function.&lt;/text&gt;&lt;text&gt;Your provider may ask you to record transit times as you introduce fiber into your diet. Your diet affects the bowel transit time. For example, if you eat a lot of foods rich in  fiber  (whole grains, vegetables, and fruits), you will have a more rapid transit time and a heavier, bulkier stool.&lt;/text&gt;</WhytheTestisPerformed><NormalResults>&lt;text&gt;The bowel transit time varies, even in the same person. The color should first appear in the stool about 12 to 14 hours after it is taken. The last of the color will appear within 36 to 48 hours.&lt;/text&gt;</NormalResults><WhatAbnormalResultsMean>&lt;text&gt;If the transit time is 72 hours or more, you may have slowed bowel function.&lt;/text&gt;</WhatAbnormalResultsMean><Images><value><img_name>Lower digestive anatomy</img_name><img_url>https://medlineplus.gov/ency/images/ency/fullsize/8735.jpg</img_url></value></Images></item>
<item><title>Bone x-ray</title><url>https://medlineplus.gov/ency/article/003808.htm</url><HowtoPreparefortheTest>&lt;text&gt;Tell the health care provider if you are pregnant. You must remove all jewelry for the x-ray.&lt;/text&gt;</HowtoPreparefortheTest><WhytheTestisPerformed>&lt;text&gt;A bone x-ray is used to look for injuries or  conditions affecting the bone.&lt;/text&gt;</WhytheTestisPerformed><WhatAbnormalResultsMean>&lt;text&gt;Abnormal findings include:&lt;/text&gt;&lt;detail&gt;Fractures or broken bone&lt;/detail&gt;&lt;detail&gt; Bone tumors &lt;/detail&gt;&lt;detail&gt;Degenerative bone conditions&lt;/detail&gt;&lt;detail&gt; Osteomyelitis  (inflammation of the bone caused by an infection)&lt;/detail&gt;&lt;text&gt;Additional conditions under which the test may be performed:&lt;/text&gt;&lt;detail&gt; Cystic fibrosis &lt;/detail&gt;&lt;detail&gt; Multiple endocrine neoplasia (MEN) II &lt;/detail&gt;&lt;detail&gt; Multiple myeloma &lt;/detail&gt;&lt;detail&gt; Osgood-Schlatter disease &lt;/detail&gt;&lt;detail&gt; Osteogenesis imperfecta &lt;/detail&gt;&lt;detail&gt; Osteomalacia &lt;/detail&gt;&lt;detail&gt; Paget's disease &lt;/detail&gt;&lt;detail&gt;Primary hyperparathyroidism&lt;/detail&gt;&lt;detail&gt; Rickets &lt;/detail&gt;</WhatAbnormalResultsMean><AlternativeNames>&lt;detail&gt;X-ray - bone&lt;/detail&gt;</AlternativeNames><Images><value><img_name>Skeleton</img_name><img_url>https://medlineplus.gov/ency/images/ency/fullsize/1115.jpg</img_url></value><value><img_name>Skeletal spine</img_name><img_url>https://medlineplus.gov/ency/images/ency/fullsize/1116.jpg</img_url></value><value><img_name>Osteogenic sarcoma - x-ray</img_name><img_url>https://medlineplus.gov/ency/images/ency/fullsize/1232.jpg</img_url></value></Images></item>
<item><title>Bone scan</title><url>https://medlineplus.gov/ency/article/003833.htm</url><HowtoPreparefortheTest>&lt;text&gt;You must remove jewelry and other metal objects. You may be asked to wear a hospital gown.&lt;/text&gt;&lt;text&gt;Tell your health care provider if you are or may be pregnant.&lt;/text&gt;&lt;text&gt;DO NOT take any medicine with bismuth in it, such as Pepto-Bismol, for 4 days before the test.&lt;/text&gt;&lt;text&gt;Follow any other instructions you are given.&lt;/text&gt;</HowtoPreparefortheTest><WhytheTestisPerformed>&lt;text&gt;A bone scan is used to:&lt;/text&gt;&lt;detail&gt;Diagnose a bone tumor or cancer.&lt;/detail&gt;&lt;detail&gt;Determine if a cancer that began elsewhere in your body has spread to the bones. Common cancers that spread to the bones include breast, lung, prostate, thyroid, and kidney.&lt;/detail&gt;&lt;detail&gt;Diagnose a fracture, when it cannot be seen on a regular x-ray (most commonly hip fractures, stress fractures in the feet or legs, or spine fractures).&lt;/detail&gt;&lt;detail&gt;Diagnose a  bone infection (osteomyelitis) .&lt;/detail&gt;&lt;detail&gt;Diagnose or determine the cause of bone pain, when no other cause has been identified.&lt;/detail&gt;&lt;detail&gt;Evaluate metabolic disorders, such as  osteomalacia ,  primary hyperparathyroidism ,  osteoporosis ,  complex regional pain syndrome , and  Paget disease .&lt;/detail&gt;</WhytheTestisPerformed><NormalResults>&lt;text&gt;Test results are considered normal if the radiotracer is present evenly throughout all the bones.&lt;/text&gt;</NormalResults><WhatAbnormalResultsMean>&lt;text&gt;An abnormal scan will show "hot spots" and/or "cold spots" as compared to surrounding bone. Hot spots are areas where there is an increased collection of the radioactive material. Cold spots are areas that have taken up less of the radioactive material.&lt;/text&gt;&lt;text&gt;Bone scan findings must be compared with other imaging studies, in addition to clinical information. Your provider will discuss any abnormal findings with you.&lt;/text&gt;</WhatAbnormalResultsMean><AlternativeNames>&lt;detail&gt;Scintigraphy - bone&lt;/detail&gt;</AlternativeNames><Images><value><img_name>Nuclear scan</img_name><img_url>https://medlineplus.gov/ency/images/ency/fullsize/19100.jpg</img_url></value></Images></item>
<item><title>Bone mineral density test</title><url>https://medlineplus.gov/ency/article/007197.htm</url><HowtoPreparefortheTest>&lt;text&gt;If you are or could be pregnant, tell your provider before this test is done.&lt;/text&gt;&lt;text&gt;DO NOT take calcium supplements for 24 hours before the test.&lt;/text&gt;&lt;text&gt;You'll be told to remove all metal items from your body, such as jewelry and buckles.&lt;/text&gt;</HowtoPreparefortheTest><WhytheTestisPerformed>&lt;text&gt;Bone mineral density (BMD) tests are used to:&lt;/text&gt;&lt;detail&gt;Diagnose bone loss and osteoporosis&lt;/detail&gt;&lt;detail&gt;See how well osteoporosis medicine is working&lt;/detail&gt;&lt;detail&gt;Predict your risk for future bone fractures &lt;/detail&gt;&lt;text&gt;Bone density testing is recommended for all women age 65 and older.&lt;/text&gt;&lt;text&gt;There is not full agreement on whether men should undergo this type of testing. Some groups recommend testing of men at age 70, while others state that the evidence is not clear enough to say whether men at this age benefit from screening.&lt;/text&gt;&lt;text&gt;Younger women, as well as men of any age, may also need bone density testing if they have risk factors for osteoporosis. These risk factors include:&lt;/text&gt;&lt;detail&gt;Fracturing a bone after age 50&lt;/detail&gt;&lt;detail&gt;Strong family history of osteoporosis&lt;/detail&gt;&lt;detail&gt;History of treatment for prostate cancer or breast cancer&lt;/detail&gt;&lt;detail&gt;History of medical conditions such as  rheumatoid arthritis , diabetes, thyroid imbalances, or anorexia nervosa&lt;/detail&gt;&lt;detail&gt;Early  menopause  (either from natural causes or hysterectomy)&lt;/detail&gt;&lt;detail&gt;Long-term use of medications such as corticosteroids, thyroid hormone, or aromatase inhibitors&lt;/detail&gt;&lt;detail&gt;Low body weight (less than 127 pounds) or low body mass index (less than 21)&lt;/detail&gt;&lt;detail&gt;Significant loss of height&lt;/detail&gt;&lt;detail&gt;Long-term tobacco or excessive alcohol use &lt;/detail&gt;</WhytheTestisPerformed><NormalResults>&lt;text&gt;The results of your test are usually reported as a T-score and Z-score:&lt;/text&gt;&lt;detail&gt;T-score compares your bone density with that of a healthy young woman.&lt;/detail&gt;&lt;detail&gt;Z-score compares your bone density with that of other people of your age, gender, and race.&lt;/detail&gt;&lt;text&gt;With either score, a negative number means you have thinner bones than average. The more negative the number, the higher your risk for a bone fracture.&lt;/text&gt;&lt;text&gt;A T-score is within the normal range if it is -1.0 or above.&lt;/text&gt;</NormalResults><WhatAbnormalResultsMean>&lt;text&gt;Bone mineral density testing does not diagnose fractures. Along with other risk factors you may have, it helps predict your risk for having a bone fracture in the future. Your provider will help you understand the results.&lt;/text&gt;&lt;text&gt;If your T-score is:&lt;/text&gt;&lt;detail&gt;Between -1 and -2.5, you may have early bone loss (osteopenia)&lt;/detail&gt;&lt;detail&gt;Below -2.5, you likely have osteoporosis &lt;/detail&gt;&lt;text&gt;Treatment recommendation depends on your total fracture risk. This risk can be calculated using the FRAX score. Your provider can tell you more about this. You can also find information about FRAX online.&lt;/text&gt;</WhatAbnormalResultsMean><AlternativeNames>&lt;detail&gt;BMD test&lt;/detail&gt;&lt;detail&gt; Bone density test&lt;/detail&gt;&lt;detail&gt; Bone densitometry&lt;/detail&gt;&lt;detail&gt; DEXA scan&lt;/detail&gt;&lt;detail&gt; DXA&lt;/detail&gt;&lt;detail&gt; Dual-energy x-ray absorptiometry&lt;/detail&gt;&lt;detail&gt; p-DEXA&lt;/detail&gt;&lt;detail&gt; Osteoporosis - BMD&lt;/detail&gt;</AlternativeNames><Images><value><img_name>Bone density scan</img_name><img_url>https://medlineplus.gov/ency/images/ency/fullsize/1073.jpg</img_url></value><value><img_name>Osteoporosis</img_name><img_url>https://medlineplus.gov/ency/images/ency/fullsize/17285.jpg</img_url></value><value><img_name>Osteoporosis</img_name><img_url>https://medlineplus.gov/ency/images/ency/fullsize/17287.jpg</img_url></value></Images></item>
<item><title>Bone marrow culture</title><url>https://medlineplus.gov/ency/article/003682.htm</url><WhytheTestisPerformed>&lt;text&gt;You may have this test if you have an unexplained fever or if your health care provider thinks you have an infection of the bone marrow.&lt;/text&gt;</WhytheTestisPerformed><NormalResults>&lt;text&gt;No growth of bacteria, viruses, or fungi in the culture is normal.&lt;/text&gt;</NormalResults><WhatAbnormalResultsMean>&lt;text&gt;Abnormal results suggest that you have an infection of the bone marrow. The infection may be from bacteria, viruses, or fungi.&lt;/text&gt;</WhatAbnormalResultsMean><AlternativeNames>&lt;detail&gt;Culture - bone marrow&lt;/detail&gt;</AlternativeNames><Images><value><img_name>Bone marrow aspiration</img_name><img_url>https://medlineplus.gov/ency/images/ency/fullsize/1129.jpg</img_url></value></Images></item>
<item><title>Bone marrow biopsy</title><url>https://medlineplus.gov/ency/article/003934.htm</url><HowtoPreparefortheTest>&lt;text&gt;Tell the provider:&lt;/text&gt;&lt;detail&gt;   If you are allergic to any medicines   &lt;/detail&gt;&lt;detail&gt;   What medicines you are taking   &lt;/detail&gt;&lt;detail&gt;   If you have bleeding problems   &lt;/detail&gt;&lt;detail&gt;   If you are pregnant   &lt;/detail&gt;</HowtoPreparefortheTest><WhytheTestisPerformed>&lt;text&gt;Your provider may order this test if you have abnormal types or numbers of red or white blood cells or platelets on a  complete blood count  (CBC).&lt;/text&gt;&lt;text&gt;This test is used to diagnose leukemia, infections, some types of anemia, and other blood disorders. It may also be used to help determine if a cancer has spread or responded to treatment.&lt;/text&gt;</WhytheTestisPerformed><NormalResults>&lt;text&gt;A normal result means the bone marrow contains the proper number and types of blood-forming (hematopoietic) cells, fat cells, and connective tissues.&lt;/text&gt;</NormalResults><WhatAbnormalResultsMean>&lt;text&gt;Abnormal results may be due to cancers of the bone marrow (leukemia, lymphoma, multiple myeloma, or other cancers).&lt;/text&gt;&lt;text&gt;The results may detect the cause of anemia (too few red blood cells), abnormal white blood cells, or  thrombocytopenia  (too few platelets).&lt;/text&gt;&lt;text&gt;Specific conditions for which the test may be performed:&lt;/text&gt;&lt;detail&gt;A body-wide fungal infection ( disseminated coccidioidomycosis )&lt;/detail&gt;&lt;detail&gt;A white blood cell cancer called  hairy cell leukemia &lt;/detail&gt;&lt;detail&gt;Cancer of the lymph tissue ( Hodgkin  or  non-Hodgkin lymphoma )&lt;/detail&gt;&lt;detail&gt;Bone marrow doesn't make enough blood cells ( aplastic anemia )&lt;/detail&gt;&lt;detail&gt;Blood cancer called  multiple myeloma &lt;/detail&gt;&lt;detail&gt;Group of disorders in which not enough healthy blood cells are made (myelodysplastic syndrome; MDS)&lt;/detail&gt;&lt;detail&gt;A nerve tissue tumor called  neuroblastoma &lt;/detail&gt;&lt;detail&gt;Bone marrow disease that leads to an abnormal increase in blood cells ( polycythemia vera )&lt;/detail&gt;&lt;detail&gt;Abnormal protein buildup in tissues and organs ( amyloidosis )&lt;/detail&gt;&lt;detail&gt;Bone marrow disorder in which the marrow is replaced by fibrous scar tissue ( myelofibrosis )&lt;/detail&gt;&lt;detail&gt;Bone marrow produces too many platelets ( thrombocythemia )&lt;/detail&gt;&lt;detail&gt;White blood cell cancer called  Waldenström macroglobulinemia &lt;/detail&gt;&lt;detail&gt;Unexplained anemia, thrombocytopenia (low platelet count) or leukopenia (low WBC count)  &lt;/detail&gt;</WhatAbnormalResultsMean><AlternativeNames>&lt;detail&gt;Biopsy - bone marrow&lt;/detail&gt;</AlternativeNames><Images><value><img_name>Bone marrow aspiration</img_name><img_url>https://medlineplus.gov/ency/images/ency/fullsize/1129.jpg</img_url></value><value><img_name>Bone biopsy</img_name><img_url>https://medlineplus.gov/ency/images/ency/fullsize/9754.jpg</img_url></value></Images></item>
<item><title>Bone marrow aspiration</title><url>https://medlineplus.gov/ency/article/003658.htm</url><HowtoPreparefortheTest>&lt;text&gt;Tell the provider:&lt;/text&gt;&lt;detail&gt;If you are allergic to any medicines&lt;/detail&gt;&lt;detail&gt;If you are pregnant&lt;/detail&gt;&lt;detail&gt;If you have bleeding problems&lt;/detail&gt;&lt;detail&gt;What medicines you are taking&lt;/detail&gt;</HowtoPreparefortheTest><WhytheTestisPerformed>&lt;text&gt;Your doctor may order this test if you have abnormal types or numbers of red or white blood cells or platelets on a complete blood count. &lt;/text&gt;&lt;text&gt;This test is used to diagnose:&lt;/text&gt;&lt;detail&gt; Anemia  (some types)&lt;/detail&gt;&lt;detail&gt;Infections&lt;/detail&gt;&lt;detail&gt;Leukemia&lt;/detail&gt;&lt;detail&gt;Other blood cancers and disorders &lt;/detail&gt;&lt;text&gt;It may help determine whether cancers have spread or responded to treatment.&lt;/text&gt;</WhytheTestisPerformed><NormalResults>&lt;text&gt;The bone marrow should contain the proper number and types of:&lt;/text&gt;&lt;detail&gt;Blood-forming cells&lt;/detail&gt;&lt;detail&gt;Connective tissues&lt;/detail&gt;&lt;detail&gt;Fat cells&lt;/detail&gt;</NormalResults><WhatAbnormalResultsMean>&lt;text&gt;Abnormal results may be due to cancers of the bone marrow, including:&lt;/text&gt;&lt;detail&gt; Acute lymphocytic leukemia  (ALL)&lt;/detail&gt;&lt;detail&gt; Acute myelogenous leukemia  (AML)&lt;/detail&gt;&lt;detail&gt; Chronic lymphocytic leukemia  (CLL)&lt;/detail&gt;&lt;detail&gt; Chronic myelogenous leukemia  (CML) &lt;/detail&gt;&lt;text&gt;Abnormal results may also be due to other causes, such as:&lt;/text&gt;&lt;detail&gt;Bone marrow doesn't make enough blood cells (aplastic anemia)&lt;/detail&gt;&lt;detail&gt;Bacterial or fungal infections that have spread throughout the body&lt;/detail&gt;&lt;detail&gt;Cancer of the lymph tissue (Hodgkin or non-Hodgkin  lymphoma )&lt;/detail&gt;&lt;detail&gt;A bleeding disorder called  idiopathic thrombocytopenic purpura  (ITP)&lt;/detail&gt;&lt;detail&gt;Blood cancer called ( multiple myeloma )&lt;/detail&gt;&lt;detail&gt;Disorder in which the bone marrow is replaced by scar tissue ( myelofibrosis )&lt;/detail&gt;&lt;detail&gt;Disorder in which not enough healthy blood cells are made (myelodysplastic syndrome; MDS)&lt;/detail&gt;&lt;detail&gt;Abnormally low amount of platelets, which help blood to clot (primary  thrombocytopenia )&lt;/detail&gt;&lt;detail&gt;White blood cell cancer called  Waldenström macroglobulinemia &lt;/detail&gt;</WhatAbnormalResultsMean><AlternativeNames>&lt;detail&gt;Iliac crest tap&lt;/detail&gt;&lt;detail&gt; Sternal tap&lt;/detail&gt;&lt;detail&gt; Leukemia - bone marrow aspiration&lt;/detail&gt;&lt;detail&gt; Aplastic anemia - bone marrow aspiration&lt;/detail&gt;&lt;detail&gt; Myelodysplastic syndrome - bone marrow aspiration&lt;/detail&gt;&lt;detail&gt; Thrombocytopenia - bone marrow aspiration&lt;/detail&gt;&lt;detail&gt; Myelofibrosis - bone marrow aspiration &lt;/detail&gt;</AlternativeNames><Images><value><img_name>Bone marrow aspiration</img_name><img_url>https://medlineplus.gov/ency/images/ency/fullsize/1129.jpg</img_url></value><value><img_name>Sternum - view of the outside (anterior)</img_name><img_url>https://medlineplus.gov/ency/images/ency/fullsize/1740.jpg</img_url></value></Images></item>
<item><title>Bone lesion biopsy</title><url>https://medlineplus.gov/ency/article/003923.htm</url><HowtoPreparefortheTest>&lt;text&gt;Follow your provider's instructions on how to prepare. This may include not eating and drinking for several hours before the procedure.&lt;/text&gt;</HowtoPreparefortheTest><WhytheTestisPerformed>&lt;text&gt;The most common reasons for bone lesion biopsy are to tell the difference between cancerous and noncancerous bone tumors and to identify other bone problems. It may be performed on people with  bone pain  and tenderness, particularly if  x-ray ,  CT  scan, or other testing reveals a problem.&lt;/text&gt;</WhytheTestisPerformed><NormalResults>&lt;text&gt;No abnormal bone tissue is found.&lt;/text&gt;</NormalResults><WhatAbnormalResultsMean>&lt;text&gt;An abnormal result may be any of the following problems.&lt;/text&gt;&lt;text&gt;Benign (noncancerous) bone tumors, such as:&lt;/text&gt;&lt;detail&gt;Bone  cyst &lt;/detail&gt;&lt;detail&gt;Fibroma&lt;/detail&gt;&lt;detail&gt; Osteoblastoma &lt;/detail&gt;&lt;detail&gt; Osteoid osteoma &lt;/detail&gt;&lt;text&gt;Cancerous tumors, such as:&lt;/text&gt;&lt;detail&gt; Ewing sarcoma &lt;/detail&gt;&lt;detail&gt; Multiple myeloma &lt;/detail&gt;&lt;detail&gt; Osteosarcoma &lt;/detail&gt;&lt;detail&gt;Other types of cancer that may have spread to the bone &lt;/detail&gt;&lt;text&gt;Abnormal results may also be due to:&lt;/text&gt;&lt;detail&gt; Osteitis fibrosa  (weak and deformed bone)&lt;/detail&gt;&lt;detail&gt; Osteomalacia  (softening of the bones)&lt;/detail&gt;&lt;detail&gt; Osteomyelitis  (bone infection)  &lt;/detail&gt;</WhatAbnormalResultsMean><AlternativeNames>&lt;detail&gt;Bone biopsy&lt;/detail&gt;&lt;detail&gt; Biopsy - bone&lt;/detail&gt;</AlternativeNames><Images><value><img_name>Bone biopsy</img_name><img_url>https://medlineplus.gov/ency/images/ency/fullsize/9754.jpg</img_url></value></Images></item>
<item><title>Blood sugar test</title><url>https://medlineplus.gov/ency/article/003482.htm</url><HowtoPreparefortheTest>&lt;text&gt;The test may be done in the following ways: &lt;/text&gt;&lt;detail&gt;After you have not eaten anything for at least 8 hours (fasting)&lt;/detail&gt;&lt;detail&gt;At any time of the day (random)&lt;/detail&gt;&lt;detail&gt;Two hours after you drink a certain amount of glucose ( oral glucose tolerance test ) &lt;/detail&gt;</HowtoPreparefortheTest><WhytheTestisPerformed>&lt;text&gt;Your doctor may order this test if you have signs of  diabetes . More than likely, the doctor will order a fasting blood sugar test.&lt;/text&gt;&lt;text&gt;The blood glucose test is also used to monitor people who already have diabetes. &lt;/text&gt;&lt;text&gt;The test may also be done if you have:&lt;/text&gt;&lt;detail&gt;An increase in how often you need to urinate&lt;/detail&gt;&lt;detail&gt;Recently gained a lot of weight&lt;/detail&gt;&lt;detail&gt;Blurred vision&lt;/detail&gt;&lt;detail&gt;Confusion or a change in the way you normally talk or behave&lt;/detail&gt;&lt;detail&gt;Fainting spells&lt;/detail&gt;&lt;detail&gt;Seizures (for the first time) &lt;/detail&gt;&lt;detail&gt;Unconsciousness or coma&lt;/detail&gt;&lt;text&gt;SCREENING FOR DIABETES&lt;/text&gt;&lt;text&gt;This test may also be used to screen a person for diabetes.&lt;/text&gt;&lt;text&gt;High blood sugar and diabetes may not cause symptoms in the early stages. A fasting blood sugar test is almost always done to screen for diabetes.&lt;/text&gt;&lt;text&gt;If you are over age 45, you should be tested every 3 years.&lt;/text&gt;&lt;text&gt;If you're overweight (body mass index, or BMI, of 25 or higher) and have any of the risk factors below, ask your health care provider about getting tested at an earlier age and more often:&lt;/text&gt;&lt;detail&gt;High blood sugar level on a previous test&lt;/detail&gt;&lt;detail&gt;Blood pressure of 140/90 mm Hg or higher, or unhealthy cholesterol levels&lt;/detail&gt;&lt;detail&gt;History of heart disease&lt;/detail&gt;&lt;detail&gt;Member of a high-risk ethnic group (African American, Latino, Native American, Asian American, or Pacific Islander)&lt;/detail&gt;&lt;detail&gt;Woman who has been diagnosed with gestational diabetes&lt;/detail&gt;&lt;detail&gt;Polycystic ovary disease (condition in which a woman has an imbalance of female sex hormones causing cysts in the ovaries)&lt;/detail&gt;&lt;detail&gt;Close relative with diabetes (such as a parent, brother, or sister)&lt;/detail&gt;&lt;detail&gt;Not physically active &lt;/detail&gt;&lt;text&gt;Children age 10 and older who are overweight and have at least two of the risk factors listed above should be tested for type 2 diabetes every 3 years, even if they have no symptoms.&lt;/text&gt;</WhytheTestisPerformed><NormalResults>&lt;text&gt;If you had a fasting blood glucose test, a level between 70 and 100 mg/dL (3.9 and 5.6 mmol/L) is considered normal.&lt;/text&gt;&lt;text&gt;If you had a random blood glucose test, a normal result depends on when you last ate. Most of the time, the blood glucose level will be below 125 mg/dL (6.9 mmol/L).&lt;/text&gt;&lt;text&gt;The examples above show the common measurements for results of these tests. Normal value ranges may vary slightly among different laboratories. Some labs use different measurements or may test different specimens. Talk to your doctor about the meaning of your specific test results.&lt;/text&gt;</NormalResults><WhatAbnormalResultsMean>&lt;text&gt;If you had a fasting blood glucose test: &lt;/text&gt;&lt;detail&gt;A level of 100 to 125 mg/dL (5.6 to 6.9 mmol/L) means you have impaired fasting glucose, a type of prediabetes. This increases your risk of developing type 2 diabetes.&lt;/detail&gt;&lt;detail&gt;A level of 126 mg/dL (7 mmol/L) and higher usually means you have diabetes. &lt;/detail&gt;&lt;text&gt;If you had a random blood glucose test:&lt;/text&gt;&lt;detail&gt;A level of 200 mg/dL (11 mmol/L) or higher often means you have diabetes.&lt;/detail&gt;&lt;detail&gt;Your provider will order a fasting blood glucose,  A1C test , or  glucose tolerance test , depending on your random blood glucose test result.&lt;/detail&gt;&lt;detail&gt;In someone who has diabetes, an abnormal result on the random blood glucose test may mean that the diabetes is not well controlled. &lt;/detail&gt;&lt;text&gt;Other medical problems can also cause a higher-than-normal blood glucose level, including:&lt;/text&gt;&lt;detail&gt; Overactive thyroid gland &lt;/detail&gt;&lt;detail&gt; Pancreatic cancer &lt;/detail&gt;&lt;detail&gt;Swelling and inflammation of the pancreas ( pancreatitis )&lt;/detail&gt;&lt;detail&gt;Stress due to trauma, stroke, heart attack, or surgery&lt;/detail&gt;&lt;detail&gt;Rare tumors, including  pheochromocytoma ,  acromegaly ,  Cushing syndrome , or  glucagonoma &lt;/detail&gt;&lt;text&gt;A lower-than-normal blood glucose level ( hypoglycemia ) may be due to:&lt;/text&gt;&lt;detail&gt; Hypopituitarism  (a pituitary gland disorder)&lt;/detail&gt;&lt;detail&gt; Underactive thyroid gland  or adrenal gland&lt;/detail&gt;&lt;detail&gt;Tumor in the pancreas ( insulinoma  - very rare)&lt;/detail&gt;&lt;detail&gt;Too little food&lt;/detail&gt;&lt;detail&gt;Too much insulin or other diabetes medicines&lt;/detail&gt;&lt;detail&gt;Liver or kidney disease&lt;/detail&gt;&lt;detail&gt;Weight loss after weight loss surgery&lt;/detail&gt;&lt;detail&gt;Vigorous exercise &lt;/detail&gt;&lt;text&gt;Some medicines can raise or lower your blood glucose level. Before having the test, tell your provider about all the medicines you are taking.&lt;/text&gt;&lt;text&gt;For some thin young women, a fasting blood sugar level below 70 mg/dL (3.9 mmol/L) may be normal.&lt;/text&gt;</WhatAbnormalResultsMean><AlternativeNames>&lt;detail&gt;Random blood sugar&lt;/detail&gt;&lt;detail&gt; Blood sugar level&lt;/detail&gt;&lt;detail&gt; Fasting blood sugar&lt;/detail&gt;&lt;detail&gt; Glucose test&lt;/detail&gt;&lt;detail&gt; Diabetic screening - blood sugar test&lt;/detail&gt;&lt;detail&gt; Diabetes - blood sugar test&lt;/detail&gt;</AlternativeNames><Images><value><img_name>Blood test</img_name><img_url>https://medlineplus.gov/ency/images/ency/fullsize/10026.jpg</img_url></value></Images></item>
<item><title>Blood smear</title><url>https://medlineplus.gov/ency/article/003665.htm</url><HowtoPreparefortheTest>&lt;text&gt;No special preparation is necessary.&lt;/text&gt;</HowtoPreparefortheTest><WhytheTestisPerformed>&lt;text&gt;This test may be done as part of a general health exam to help diagnose many illnesses. Or, your health care provider may recommend this test if you have signs of:&lt;/text&gt;&lt;detail&gt;Any known or suspected blood disorder&lt;/detail&gt;&lt;detail&gt;Cancer&lt;/detail&gt;&lt;detail&gt;Leukemia&lt;/detail&gt;&lt;text&gt;A blood smear may also be done to monitor the side effects of chemotherapy or to help diagnose an infection, such as malaria.&lt;/text&gt;</WhytheTestisPerformed><NormalResults>&lt;text&gt;Red blood cells normally are the same size and color and are a lighter color in the center. The blood smear is considered normal if there is:&lt;/text&gt;&lt;detail&gt;Normal appearance of cells&lt;/detail&gt;&lt;detail&gt;Normal white blood cell differential &lt;/detail&gt;&lt;text&gt;Normal value ranges may vary slightly among different laboratories. Some labs use different measurements or test different samples. Talk to your health care provider about the meaning of your specific test results.&lt;/text&gt;</NormalResults><WhatAbnormalResultsMean>&lt;text&gt;Abnormal results mean the size, shape, color, or coating of the red blood cells (RBCs) is not normal.&lt;/text&gt;&lt;text&gt;Some abnormalities may be graded on a 4-point scale:&lt;/text&gt;&lt;detail&gt;1+ means one quarter of cells are affected&lt;/detail&gt;&lt;detail&gt;2+ means one half of cells are affected&lt;/detail&gt;&lt;detail&gt;3+ means three quarters of cells are affected&lt;/detail&gt;&lt;detail&gt;4+ means all of the cells are affected &lt;/detail&gt;&lt;text&gt;Presence of cells called target cells may be due to:&lt;/text&gt;&lt;detail&gt;Deficiency of an enzyme called lecithin cholesterol acyl transferase&lt;/detail&gt;&lt;detail&gt;Abnormal  hemoglobin , the protein in red blood cells that carries oxygen (hemoglobinopathies)&lt;/detail&gt;&lt;detail&gt;Iron deficiency&lt;/detail&gt;&lt;detail&gt; Liver disease &lt;/detail&gt;&lt;detail&gt;Spleen removal &lt;/detail&gt;&lt;text&gt;Presence of sphere-shaped cells may be due to:&lt;/text&gt;&lt;detail&gt;Low number of RBCs due to the body destroying them ( immune hemolytic anemia )&lt;/detail&gt;&lt;detail&gt;Low number of RBCs due to some red blood cells shaped like spheres ( hereditary spherocytosis )&lt;/detail&gt;&lt;detail&gt;Increased breakdown of RBCs &lt;/detail&gt;&lt;text&gt;Presence of RBCs with an oval shape may be a sign of  hereditary elliptocytosis  or  hereditary ovalocytosis . These are conditions in which RBCs are abnormally shaped.&lt;/text&gt;&lt;text&gt;Presence of fragmented cells may be due to:&lt;/text&gt;&lt;detail&gt;Artificial heart valve&lt;/detail&gt;&lt;detail&gt;Disorder in which the proteins that control blood clotting become overactive ( disseminated intravascular coagulation )&lt;/detail&gt;&lt;detail&gt;Infection in the digestive system producing toxic substances that destroy red blood cells, causing kidney injury ( hemolytic uremic syndrome )&lt;/detail&gt;&lt;detail&gt;Blood disorder that causes blood clots to form in small blood vessels around the body and leads to a low platelet count ( thrombotic thrombocytopenic purpura ) &lt;/detail&gt;&lt;text&gt;Presence of a type of immature red blood cells called normoblasts may be due to:&lt;/text&gt;&lt;detail&gt;Cancer that has spread to bone marrow&lt;/detail&gt;&lt;detail&gt;Blood disorder called  erythroblastosis fetalis  that affects a fetus or newborn&lt;/detail&gt;&lt;detail&gt;Tuberculosis that has spread from the lungs to other parts of the body through the blood ( miliary tuberculosis )&lt;/detail&gt;&lt;detail&gt;Disorder of the bone marrow in which the marrow is replaced by fibrous scar tissue ( myelofibrosis )&lt;/detail&gt;&lt;detail&gt;Removal of spleen&lt;/detail&gt;&lt;detail&gt;Severe breakdown of RBCs ( hemolysis )&lt;/detail&gt;&lt;detail&gt;Disorder in which there is excessive breakdown of hemoglobin ( thalassemia ) &lt;/detail&gt;&lt;text&gt;The presence of cells called burr cells may indicate:&lt;/text&gt;&lt;detail&gt;Abnormally high level of nitrogen waste products in the blood ( uremia ) &lt;/detail&gt;&lt;text&gt;The presence of cells called spur cells may indicate:&lt;/text&gt;&lt;detail&gt;Inability to fully absorb dietary fats through the intestines ( abetalipoproteinemia )&lt;/detail&gt;&lt;detail&gt;Severe liver disease &lt;/detail&gt;&lt;text&gt;The presence of teardrop-shaped cells may indicate:&lt;/text&gt;&lt;detail&gt;Myelofibrosis&lt;/detail&gt;&lt;detail&gt;Severe iron deficiency&lt;/detail&gt;&lt;detail&gt;Thalassemia major&lt;/detail&gt;&lt;detail&gt;Cancer in the bone marrow&lt;/detail&gt;&lt;detail&gt;Anemia caused by bone marrow not producing normal blood cells due to toxins or tumor cells (myelophthisic process)  &lt;/detail&gt;&lt;text&gt;The presence of Howell-Jolly bodies (a type of granule) may indicate:&lt;/text&gt;&lt;detail&gt;Bone marrow does not produce enough healthy blood cells (myelodysplasia)&lt;/detail&gt;&lt;detail&gt; Spleen has been removed &lt;/detail&gt;&lt;detail&gt; Sickle cell anemia &lt;/detail&gt;&lt;text&gt;The presence of Heinz bodies (bits of altered hemoglobin) may indicate:&lt;/text&gt;&lt;detail&gt;Alpha thalassemia&lt;/detail&gt;&lt;detail&gt;Congenital hemolytic anemia&lt;/detail&gt;&lt;detail&gt;Disorder in which red blood cells break down when the body is exposed to certain drugs or is stressed because of infection ( G6PD deficiency )&lt;/detail&gt;&lt;detail&gt;Unstable form of hemoglobin &lt;/detail&gt;&lt;text&gt;The presence of slightly immature red blood cells may indicate:&lt;/text&gt;&lt;detail&gt;Anemia with bone marrow recovery&lt;/detail&gt;&lt;detail&gt;Hemolytic anemia&lt;/detail&gt;&lt;detail&gt;Hemorrhage &lt;/detail&gt;&lt;text&gt;The presence of basophilic stippling (a spotted appearance) may indicate:&lt;/text&gt;&lt;detail&gt; Lead poisoning &lt;/detail&gt;&lt;detail&gt;Disorder of the bone marrow in which the marrow is replaced by fibrous scar tissue (myelofibrosis) &lt;/detail&gt;&lt;text&gt;The presence of sickle cells may indicate sickle cell anemia.&lt;/text&gt;</WhatAbnormalResultsMean><AlternativeNames>&lt;detail&gt;Peripheral smear&lt;/detail&gt;&lt;detail&gt; Complete blood count - peripheral&lt;/detail&gt;&lt;detail&gt; CBC - peripheral &lt;/detail&gt;</AlternativeNames><Images><value><img_name>Red blood cells, sickle cell</img_name><img_url>https://medlineplus.gov/ency/images/ency/fullsize/1212.jpg</img_url></value><value><img_name>Red blood cells, tear-drop shape</img_name><img_url>https://medlineplus.gov/ency/images/ency/fullsize/1217.jpg</img_url></value><value><img_name>Red blood cells, normal</img_name><img_url>https://medlineplus.gov/ency/images/ency/fullsize/1218.jpg</img_url></value><value><img_name>Red blood cells, elliptocytosis</img_name><img_url>https://medlineplus.gov/ency/images/ency/fullsize/1219.jpg</img_url></value><value><img_name>Red blood cells, spherocytosis</img_name><img_url>https://medlineplus.gov/ency/images/ency/fullsize/1220.jpg</img_url></value><value><img_name>Acute lymphocytic leukemia - photomicrograph</img_name><img_url>https://medlineplus.gov/ency/images/ency/fullsize/1221.jpg</img_url></value><value><img_name>Red blood cells, multiple sickle cells</img_name><img_url>https://medlineplus.gov/ency/images/ency/fullsize/1223.jpg</img_url></value><value><img_name>Malaria, microscopic view of cellular parasites</img_name><img_url>https://medlineplus.gov/ency/images/ency/fullsize/1464.jpg</img_url></value><value><img_name>Malaria, photomicrograph of cellular parasites</img_name><img_url>https://medlineplus.gov/ency/images/ency/fullsize/1466.jpg</img_url></value><value><img_name>Red blood cells, sickle cells</img_name><img_url>https://medlineplus.gov/ency/images/ency/fullsize/1494.jpg</img_url></value><value><img_name>Red blood cells, sickle and Pappenheimer</img_name><img_url>https://medlineplus.gov/ency/images/ency/fullsize/1495.jpg</img_url></value><value><img_name>Red blood cells, target cells</img_name><img_url>https://medlineplus.gov/ency/images/ency/fullsize/1497.jpg</img_url></value><value><img_name>Formed elements of blood</img_name><img_url>https://medlineplus.gov/ency/images/ency/fullsize/19192.jpg</img_url></value></Images></item>
<item><title>Blood pressure measurement</title><url>https://medlineplus.gov/ency/article/007490.htm</url><HowtoPreparefortheTest>&lt;text&gt;Before you measure your blood pressure:&lt;/text&gt;&lt;detail&gt;Rest for at least 5 minutes, 10 minutes is better, before blood pressure is taken.&lt;/detail&gt;&lt;detail&gt;DO NOT take your blood pressure when you are under stress, have had caffeine or used tobacco in the past 30 minutes, or have exercised recently.&lt;/detail&gt;&lt;text&gt;Take 2 or 3 readings at a sitting. Take the readings 1 minute apart. Remain seated. When checking your blood pressure on your own, note the time of the readings. Your provider may suggest that you do your readings at certain times of the day.&lt;/text&gt;&lt;detail&gt;You may want to take your blood pressure in the morning and at night for a week.&lt;/detail&gt;&lt;detail&gt;This will give you at least 14 readings and will help your provider make decisions about your blood pressure treatment.&lt;/detail&gt;</HowtoPreparefortheTest><WhytheTestisPerformed>&lt;text&gt;High blood pressure has no symptoms so you may not know if you have this problem. High blood pressure is often discovered during a visit to the provider for another reason (such as a routine physical exam).&lt;/text&gt;&lt;text&gt;Finding high blood pressure and treating it early can help prevent heart disease, stroke, eye problems, or  chronic kidney disease . &lt;/text&gt;&lt;text&gt;All adults over the age of 18 should have their blood pressure checked every year . More frequent measurement may be needed for those with a history of high blood pressure readings or those with risk factors for high blood pressure.&lt;/text&gt;&lt;text&gt;Your provider may recommend more frequent screenings based on your blood pressure levels and other health conditions.&lt;/text&gt;</WhytheTestisPerformed><NormalResults>&lt;text&gt;Blood pressure readings are usually given as two numbers. For example, your provider might tell you that your blood pressure is 120 over 80 (written as 120/80 mm Hg). One or both of these numbers can be too high.&lt;/text&gt;&lt;text&gt;Normal blood pressure is when the top number (systolic blood pressure) is below 120 most of the time, and the bottom number (diastolic blood pressure) is below 80 most of the time (written as 120/80 mm Hg).&lt;/text&gt;</NormalResults><WhatAbnormalResultsMean>&lt;text&gt;If your blood pressure is between 120/80 and 130/80 mm Hg, you have elevated blood pressure. &lt;/text&gt;&lt;text&gt;If your blood pressure is higher than 130/80 but lower than 140/90 mm Hg, you have Stage 1 high blood pressure. &lt;/text&gt;&lt;text&gt;If your blood pressure is higher than 140/90 mm Hg, you have Stage 2 high blood pressure. &lt;/text&gt;&lt;text&gt;If you have diabetes, heart disease, or kidney problems, or if you had a stroke, your provider may want your blood pressure to be lower.&lt;/text&gt;&lt;text&gt;The most commonly used blood pressure targets for people with these medical problems are below 130 to 140/80 mm Hg.&lt;/text&gt;&lt;text&gt;Most of the time, high blood pressure does not cause symptoms.&lt;/text&gt;</WhatAbnormalResultsMean><AlternativeNames>&lt;detail&gt;Diastolic blood pressure&lt;/detail&gt;&lt;detail&gt; Systolic blood pressure&lt;/detail&gt;&lt;detail&gt; Blood pressure reading&lt;/detail&gt;&lt;detail&gt; Measuring blood pressure&lt;/detail&gt;&lt;detail&gt; Hypertension - blood pressure measurement&lt;/detail&gt;&lt;detail&gt; High blood pressure - blood pressure measurement&lt;/detail&gt;&lt;detail&gt; Sphygmomanometry&lt;/detail&gt;</AlternativeNames></item>
<item><title>Blood gases</title><url>https://medlineplus.gov/ency/article/003855.htm</url><HowtoPreparefortheTest>&lt;text&gt;There is no special preparation. If you are on oxygen therapy, the oxygen concentration must remain constant for 20 minutes before the test.&lt;/text&gt;&lt;text&gt;Tell your provider if you are taking any blood-thinning medicines (anticoagulants), including aspirin.&lt;/text&gt;</HowtoPreparefortheTest><WhytheTestisPerformed>&lt;text&gt;The test is used to evaluate respiratory diseases and conditions that affect the lungs. It helps determine the effectiveness of oxygen therapy. The test also provides information about the body's acid/base balance, which can reveal important clues about lung and kidney function and the body's general  metabolic state .&lt;/text&gt;</WhytheTestisPerformed><NormalResults>&lt;text&gt;Values at sea level:&lt;/text&gt;&lt;detail&gt;Partial pressure of oxygen (PaO2): 75 to 100 mm Hg (10.5 to 13.5 kPa)&lt;/detail&gt;&lt;detail&gt;Partial pressure of carbon dioxide (PaCO2): 38 to 42 mm Hg (5.1 to 5.6 kPa)&lt;/detail&gt;&lt;detail&gt;Arterial blood pH: 7.38 to 7.42&lt;/detail&gt;&lt;detail&gt;Oxygen saturation (SaO2): 94% to 100%&lt;/detail&gt;&lt;detail&gt;Bicarbonate - (HCO3): 22 to 28 mEq/L&lt;/detail&gt;&lt;text&gt;Note: mEq/L = milliequivalents per liter; mmHg = millimeters of mercury&lt;/text&gt;&lt;text&gt;At altitudes of 3,000 feet (900 meters) and higher, the oxygen value is lower.&lt;/text&gt;&lt;text&gt;Normal value ranges may vary slightly among different laboratories. Some laboratories use different measurements or may test different specimens. Talk to your doctor about the meaning of your specific test results.&lt;/text&gt;</NormalResults><WhatAbnormalResultsMean>&lt;text&gt;Abnormal results may be due to lung, kidney, or metabolic diseases. Head or neck injuries or other injuries that affect breathing can also lead to abnormal results.&lt;/text&gt;</WhatAbnormalResultsMean><AlternativeNames>&lt;detail&gt;Arterial blood gas analysis&lt;/detail&gt;&lt;detail&gt; ABG&lt;/detail&gt;&lt;detail&gt; Hypoxia - ABG&lt;/detail&gt;&lt;detail&gt; Respiratory failure - ABG&lt;/detail&gt;</AlternativeNames><Images><value><img_name>Blood gases test</img_name><img_url>https://medlineplus.gov/ency/images/ency/fullsize/9126.jpg</img_url></value></Images></item>
<item><title>Blood differential test</title><url>https://medlineplus.gov/ency/article/003657.htm</url><HowtoPreparefortheTest>&lt;text&gt;No special preparation is necessary.&lt;/text&gt;</HowtoPreparefortheTest><WhytheTestisPerformed>&lt;text&gt;This test is done to diagnose an infection,  anemia , or  leukemia . It may also be used to monitor one of these conditions, or to see if treatment is working.&lt;/text&gt;</WhytheTestisPerformed><NormalResults>&lt;text&gt;The different types of white blood cells are given as a percentage: &lt;/text&gt;&lt;detail&gt;Neutrophils: 40% to 60%&lt;/detail&gt;&lt;detail&gt;Lymphocytes: 20% to 40%&lt;/detail&gt;&lt;detail&gt;Monocytes: 2% to 8%&lt;/detail&gt;&lt;detail&gt;Eosinophils: 1% to 4%&lt;/detail&gt;&lt;detail&gt;Basophils: 0.5% to 1%&lt;/detail&gt;&lt;detail&gt;Band (young neutrophil): 0% to 3% &lt;/detail&gt;</NormalResults><WhatAbnormalResultsMean>&lt;text&gt;Any infection or  acute  stress increases your number of white blood cells. High white blood cell counts may be due to inflammation, an  immune response,  or blood diseases such as leukemia.&lt;/text&gt;&lt;text&gt;It is important to realize that an abnormal increase in one type of white blood cell can cause a decrease in the percentage of other types of white blood cells.&lt;/text&gt;&lt;text&gt;An increased percentage of neutrophils may be due to:&lt;/text&gt;&lt;detail&gt;Acute infection&lt;/detail&gt;&lt;detail&gt;Acute stress&lt;/detail&gt;&lt;detail&gt; Eclampsia  (seizures or coma in a pregnant woman)&lt;/detail&gt;&lt;detail&gt; Gout  (type of arthritis due to uric acid buildup in the blood)&lt;/detail&gt;&lt;detail&gt; Myelocytic leukemia  (a bone marrow cancer)&lt;/detail&gt;&lt;detail&gt; Rheumatoid arthritis &lt;/detail&gt;&lt;detail&gt; Rheumatic fever  (disease due to an infection with group A streptococcus bacteria)&lt;/detail&gt;&lt;detail&gt; Thyroiditis  (a thyroid disease)&lt;/detail&gt;&lt;detail&gt;Trauma &lt;/detail&gt;&lt;text&gt;A decreased percentage of neutrophils may be due to:&lt;/text&gt;&lt;detail&gt; Aplastic anemia &lt;/detail&gt;&lt;detail&gt; Chemotherapy &lt;/detail&gt;&lt;detail&gt; Influenza  (flu)&lt;/detail&gt;&lt;detail&gt; Radiation therapy  or exposure&lt;/detail&gt;&lt;detail&gt;Viral infection&lt;/detail&gt;&lt;detail&gt;Widespread severe bacterial infection &lt;/detail&gt;&lt;text&gt;An increased percentage of lymphocytes may be due to:&lt;/text&gt;&lt;detail&gt; Chronic  bacterial infection&lt;/detail&gt;&lt;detail&gt; Infectious hepatitis  (liver swelling and inflammation from bacteria or viruses)&lt;/detail&gt;&lt;detail&gt; Infectious mononucleosis , or mono (viral infection that causes fever, sore throat, and swollen lymph glands)&lt;/detail&gt;&lt;detail&gt; Lymphocytic leukemia  (a type of blood cancer)&lt;/detail&gt;&lt;detail&gt; Multiple myeloma  (a type of blood cancer)&lt;/detail&gt;&lt;detail&gt;Viral infection (such as  mumps  or  measles ) &lt;/detail&gt;&lt;text&gt;A decreased percentage of lymphocytes may be due to:&lt;/text&gt;&lt;detail&gt;Chemotherapy&lt;/detail&gt;&lt;detail&gt;HIV/AIDS infection&lt;/detail&gt;&lt;detail&gt;Leukemia&lt;/detail&gt;&lt;detail&gt;Radiation therapy or exposure&lt;/detail&gt;&lt;detail&gt; Sepsis  (severe, inflammatory response to bacteria or other germs)&lt;/detail&gt;&lt;detail&gt;Steroid use &lt;/detail&gt;&lt;text&gt;An increased percentage of monocytes may be due to:&lt;/text&gt;&lt;detail&gt;Chronic inflammatory disease&lt;/detail&gt;&lt;detail&gt;Leukemia&lt;/detail&gt;&lt;detail&gt;Parasitic infection&lt;/detail&gt;&lt;detail&gt; Tuberculosis , or TB (bacterial infection that involves the lungs)&lt;/detail&gt;&lt;detail&gt;Viral infection (for example, infectious mononucleosis, mumps, measles) &lt;/detail&gt;&lt;text&gt;An increased percentage of eosinophils may be due to:&lt;/text&gt;&lt;detail&gt; Addison disease  (adrenal glands do not produce enough hormones)&lt;/detail&gt;&lt;detail&gt; Allergic reaction &lt;/detail&gt;&lt;detail&gt;Cancer&lt;/detail&gt;&lt;detail&gt; Chronic myelogenous leukemia &lt;/detail&gt;&lt;detail&gt;Collagen vascular disease&lt;/detail&gt;&lt;detail&gt;Hypereosinophilic syndromes&lt;/detail&gt;&lt;detail&gt;Parasitic infection &lt;/detail&gt;&lt;text&gt;An increased percentage of basophils may be due to:&lt;/text&gt;&lt;detail&gt;After splenectomy&lt;/detail&gt;&lt;detail&gt;Allergic reaction&lt;/detail&gt;&lt;detail&gt; Chronic myelogenous leukemia  (a type of bone marrow cancer)&lt;/detail&gt;&lt;detail&gt; Collagen vascular disease &lt;/detail&gt;&lt;detail&gt;Myeloproliferative diseases (group of bone marrow diseases)&lt;/detail&gt;&lt;detail&gt;Chickenpox &lt;/detail&gt;&lt;text&gt;A decreased percentage of basophils may be due to:&lt;/text&gt;&lt;detail&gt;Acute infection&lt;/detail&gt;&lt;detail&gt;Cancer&lt;/detail&gt;&lt;detail&gt;Severe injury &lt;/detail&gt;</WhatAbnormalResultsMean><AlternativeNames>&lt;detail&gt;Differential&lt;/detail&gt;&lt;detail&gt; Diff&lt;/detail&gt;&lt;detail&gt; White blood cell differential count&lt;/detail&gt;</AlternativeNames><Images><value><img_name>Basophil (close-up)</img_name><img_url>https://medlineplus.gov/ency/images/ency/fullsize/1442.jpg</img_url></value><value><img_name>Formed elements of blood</img_name><img_url>https://medlineplus.gov/ency/images/ency/fullsize/19192.jpg</img_url></value></Images></item>
<item><title>Blood culture</title><url>https://medlineplus.gov/ency/article/003744.htm</url><HowtoPreparefortheTest>&lt;text&gt;There is no special preparation.&lt;/text&gt;</HowtoPreparefortheTest><WhytheTestisPerformed>&lt;text&gt;Your health care provider may order this test if you have symptoms of a serious infection, also known as  sepsis . Symptoms of sepsis can include high fever, chills, rapid breathing and heart rate, confusion, and low blood pressure.&lt;/text&gt;&lt;text&gt;The blood culture helps identify the type of bacteria causing the infection. This helps your provider determine how best to treat the infection.&lt;br&gt;&lt;/text&gt;</WhytheTestisPerformed><NormalResults>&lt;text&gt;A normal value means that no bacteria or other germs were seen in your blood sample.&lt;/text&gt;</NormalResults><WhatAbnormalResultsMean>&lt;text&gt;An abnormal (positive) result means that germs were identified in your blood. The medical term for this is bacteremia. This can be the result of sepsis. Sepsis is a medical emergency and you will be admitted to a hospital for treatment.&lt;/text&gt;&lt;text&gt;Other types of germs, such as a fungus or a virus, may also be found in a blood culture.&lt;/text&gt;&lt;text&gt;Sometimes, an abnormal result can be due to contamination. This means bacteria may be found, but it came from your skin or from the lab equipment, instead of your blood. This is called a false-positive result. It means you do not have a true infection.&lt;/text&gt;</WhatAbnormalResultsMean><AlternativeNames>&lt;detail&gt;Culture - blood &lt;/detail&gt;</AlternativeNames></item>
<item><title>Bleeding time</title><url>https://medlineplus.gov/ency/article/003656.htm</url><HowtoPreparefortheTest>&lt;text&gt;Certain medicines can change blood test results.&lt;/text&gt;&lt;detail&gt;Tell your health care provider about all the medicines you take.&lt;/detail&gt;&lt;detail&gt;Your provider will tell you if you need to temporarily stop taking any medicines before you have this test. This may include dextran and aspirin or other nonsteroidal anti-inflammatory drugs (NSAIDs).&lt;/detail&gt;&lt;detail&gt;DO NOT stop or change your medicines without talking to your doctor first. &lt;/detail&gt;</HowtoPreparefortheTest><WhytheTestisPerformed>&lt;text&gt;This test helps diagnose  bleeding problems .&lt;/text&gt;</WhytheTestisPerformed><NormalResults>&lt;text&gt;Bleeding normally stops within 1 to 9 minutes. However, values may vary from lab to lab. &lt;/text&gt;</NormalResults><WhatAbnormalResultsMean>&lt;text&gt;Longer-than-normal bleeding time may be due to:&lt;/text&gt;&lt;detail&gt;Blood vessel defect&lt;/detail&gt;&lt;detail&gt; Platelet aggregation defect &lt;/detail&gt;&lt;detail&gt; Thrombocytopenia  (low platelet count)&lt;/detail&gt;</WhatAbnormalResultsMean><Images><value><img_name>Blood clot test</img_name><img_url>https://medlineplus.gov/ency/images/ency/fullsize/9119.jpg</img_url></value></Images></item>
<item><title>Bladder biopsy</title><url>https://medlineplus.gov/ency/article/003902.htm</url><HowtoPreparefortheTest>&lt;text&gt;You must sign an informed consent form before you have a bladder biopsy. In most cases, you are asked to urinate just before the procedure. You may also be asked to take an antibiotic before the procedure.&lt;/text&gt;&lt;text&gt;For infants and children, the preparation you can provide for this test depends on your child's age, previous experiences, and level of trust. For general information regarding how you can prepare your child, see the following topics:&lt;/text&gt;&lt;detail&gt; Infant test or procedure preparation  (birth to 1 year)&lt;/detail&gt;&lt;detail&gt; Toddler test or procedure preparation  (1 to 3 years)&lt;/detail&gt;&lt;detail&gt; Preschooler test or procedure preparation  (3 to 6 years)&lt;/detail&gt;&lt;detail&gt; School age test or procedure preparation  (6 to 12 years)&lt;/detail&gt;&lt;detail&gt; Adolescent test or procedure preparation  (12 to 18 years) &lt;/detail&gt;</HowtoPreparefortheTest><WhytheTestisPerformed>&lt;text&gt;This test is most often done to check for  cancer of the bladder  or urethra.&lt;/text&gt;</WhytheTestisPerformed><NormalResults>&lt;text&gt;The bladder wall is smooth. The bladder is of a normal size, shape, and position. There are no  blockages , growths, or  stones .&lt;/text&gt;</NormalResults><WhatAbnormalResultsMean>&lt;text&gt;The presence of cancer cells indicates bladder cancer. The type of cancer can be determined from the biopsy sample.&lt;/text&gt;&lt;text&gt;Other abnormalities may include:&lt;/text&gt;&lt;detail&gt;Bladder  diverticula &lt;/detail&gt;&lt;detail&gt; Cysts &lt;/detail&gt;&lt;detail&gt;Inflammation&lt;/detail&gt;&lt;detail&gt;Infection&lt;/detail&gt;&lt;detail&gt; Ulcers &lt;/detail&gt;</WhatAbnormalResultsMean><AlternativeNames>&lt;detail&gt;Biopsy - bladder&lt;/detail&gt;</AlternativeNames><Images><value><img_name>Bladder catheterization, female</img_name><img_url>https://medlineplus.gov/ency/images/ency/fullsize/1065.jpg</img_url></value><value><img_name>Bladder catheterization, male</img_name><img_url>https://medlineplus.gov/ency/images/ency/fullsize/1066.jpg</img_url></value><value><img_name>Female urinary tract</img_name><img_url>https://medlineplus.gov/ency/images/ency/fullsize/1122.jpg</img_url></value><value><img_name>Male urinary tract</img_name><img_url>https://medlineplus.gov/ency/images/ency/fullsize/1123.jpg</img_url></value><value><img_name>Bladder biopsy</img_name><img_url>https://medlineplus.gov/ency/images/ency/fullsize/9546.jpg</img_url></value></Images></item>
<item><title>Biopsy - polyps</title><url>https://medlineplus.gov/ency/article/003415.htm</url><HowtoPreparefortheTest>&lt;text&gt;If the biopsy is in the nose or another surface that is open or can be seen, no special preparation is needed. Your health care provider will tell you if you need to not eat or drink anything (fast) before the biopsy.&lt;/text&gt;&lt;text&gt;More preparation is needed for biopsies inside the body. For example, if you have a biopsy of the stomach, you should not eat anything for several hours before the procedure. If you are having a colonoscopy, a solution to clean your bowels is needed before the procedure.&lt;/text&gt;&lt;text&gt;Follow your provider's preparation instructions exactly. &lt;/text&gt;</HowtoPreparefortheTest><WhytheTestisPerformed>&lt;text&gt;The test is done to determine if the growth is cancerous (malignant). The procedure may also be done to relieve symptoms, such as with the removal of nasal polyps.&lt;/text&gt;</WhytheTestisPerformed><NormalResults>&lt;text&gt;Examination of the biopsy sample shows the polyp to be benign (not cancerous).&lt;/text&gt;</NormalResults><WhatAbnormalResultsMean>&lt;text&gt;Cancer cells are present and may be a sign of a cancerous  tumor . Further tests may be needed. Often, the polyp may need more treatment to ensure it is completely removed.&lt;/text&gt;</WhatAbnormalResultsMean><AlternativeNames>&lt;detail&gt;Polyp biopsy&lt;/detail&gt;</AlternativeNames></item>
<item><title>Biopsy - biliary tract</title><url>https://medlineplus.gov/ency/article/003894.htm</url><HowtoPreparefortheTest>&lt;text&gt;You may not be able to eat or drink 8 to 12 hours or more before the test. Your health care provider will tell you ahead of time what you need to do.&lt;/text&gt;&lt;text&gt;Make sure you have someone to drive you home.&lt;/text&gt;</HowtoPreparefortheTest><WhytheTestisPerformed>&lt;text&gt;A biliary tract biopsy can determine if a tumor started in the liver or spread from another location. It also can determine if the tumor is cancerous.&lt;/text&gt;&lt;text&gt;This test may be done:&lt;/text&gt;&lt;detail&gt;After a physical exam,  x-ray ,  MRI ,  CT scan , or  ultrasound  shows abnormal growths in your biliary tract&lt;/detail&gt;&lt;detail&gt;To test for diseases or infection &lt;/detail&gt;</WhytheTestisPerformed><NormalResults>&lt;text&gt;A normal result means there are no signs of cancer, disease, or infection in the biopsy sample.&lt;/text&gt;</NormalResults><WhatAbnormalResultsMean>&lt;text&gt;Abnormal results may be due to:&lt;/text&gt;&lt;detail&gt;Cancer of the bile ducts ( cholangiocarcinoma )&lt;/detail&gt;&lt;detail&gt;Cysts in the liver&lt;/detail&gt;&lt;detail&gt;Liver cancer&lt;/detail&gt;&lt;detail&gt; Pancreatic cancer &lt;/detail&gt;&lt;detail&gt;Swelling and scarring of the bile ducts ( primary sclerosing cholangitis )&lt;/detail&gt;</WhatAbnormalResultsMean><AlternativeNames>&lt;detail&gt;Cytology analysis - biliary tract&lt;/detail&gt;&lt;detail&gt; Biliary tract biopsy&lt;/detail&gt;</AlternativeNames><Images><value><img_name>Gallbladder endoscopy</img_name><img_url>https://medlineplus.gov/ency/images/ency/fullsize/8775.jpg</img_url></value><value><img_name>Bile culture</img_name><img_url>https://medlineplus.gov/ency/images/ency/fullsize/9105.jpg</img_url></value></Images></item>
<item><title>Biopsy</title><url>https://medlineplus.gov/ency/article/003416.htm</url><HowtoPreparefortheTest>&lt;text&gt;Before scheduling the biopsy, tell your health care provider about any medicines you are taking, including herbs and supplements. You may be asked to stop taking some for a while, particularly those that can make you bleed. Such medicines include aspirin, warfarin (Coumadin), clopidogrel (Plavix), and NSAIDs.&lt;/text&gt;&lt;text&gt;DO NOT stop or change your medicines without first talking to your provider.&lt;/text&gt;</HowtoPreparefortheTest><WhytheTestisPerformed>&lt;text&gt;A biopsy is most often done to examine tissue for disease. &lt;/text&gt;</WhytheTestisPerformed><NormalResults>&lt;text&gt;The tissue removed is normal.&lt;/text&gt;</NormalResults><WhatAbnormalResultsMean>&lt;text&gt;An abnormal biopsy means that the tissue or cells have an unusual structure, shape, size, or condition.&lt;/text&gt;&lt;text&gt;This may mean you have a disease, such as cancer, but it depends on your biopsy.&lt;/text&gt;</WhatAbnormalResultsMean><AlternativeNames>&lt;detail&gt;Tissue sampling&lt;/detail&gt;</AlternativeNames></item>
<item><title>Bilirubin blood test</title><url>https://medlineplus.gov/ency/article/003479.htm</url><HowtoPreparefortheTest>&lt;text&gt;You should not eat or drink for at least 4 hours before the test. Your health care provider may instruct you to stop taking medicines that affect the test.&lt;/text&gt;&lt;text&gt;Many drugs may change the bilirubin level in your blood. Make sure your provider knows which medicines you are taking.&lt;/text&gt;</HowtoPreparefortheTest><WhytheTestisPerformed>&lt;text&gt;A small amount of older red blood cells are replaced by new blood cells every day. Bilirubin is left after these older blood cells are removed. The liver helps break down bilirubin so that it can be removed from the body in the stool.&lt;/text&gt;&lt;text&gt;A high level of bilirubin in the blood can lead to  jaundice . Jaundice is a yellow color in the skin, mucus membranes, or eyes.&lt;/text&gt;&lt;text&gt;Jaundice is the most common reason to check bilirubin level. The test will likely be ordered when:&lt;/text&gt;&lt;detail&gt;The provider is concerned about a newborn's jaundice (most newborns have some jaundice)&lt;/detail&gt;&lt;detail&gt;Jaundice develops in older infants, children, and adults&lt;/detail&gt;&lt;text&gt;A bilirubin test is also ordered when the provider suspects a person has liver or gallbladder problems.&lt;/text&gt;</WhytheTestisPerformed><NormalResults>&lt;text&gt;It is normal to have some bilirubin in the blood. A normal level is:&lt;/text&gt;&lt;detail&gt;Direct (also called conjugated) bilirubin: less than 0.3 mg/dL (less than 5.1 µmol/L)&lt;/detail&gt;&lt;detail&gt;Total bilirubin: 0.1 to 1.2 mg/dL (1.71 to 20.5 µmol/L)&lt;/detail&gt;&lt;text&gt;Normal value ranges may vary slightly among different laboratories. Some labs use different measurements or may test different samples. Talk to your provider about the meaning of your specific test results.&lt;/text&gt;</NormalResults><WhatAbnormalResultsMean>&lt;text&gt;In newborns, bilirubin level is higher for the first few days of life. Your child's provider must consider the following when deciding whether your baby's bilirubin level is too high:&lt;/text&gt;&lt;detail&gt;How fast the level has been rising&lt;/detail&gt;&lt;detail&gt;Whether the baby was born early&lt;/detail&gt;&lt;detail&gt;The baby's age&lt;/detail&gt;&lt;text&gt;Jaundice can also occur when more red blood cells than normal are broken down. This can be caused by:&lt;/text&gt;&lt;detail&gt;A blood disorder called  erythroblastosis fetalis &lt;/detail&gt;&lt;detail&gt;A red blood cell disorder called  hemolytic anemia &lt;/detail&gt;&lt;detail&gt; Transfusion reaction  in which red blood cells that were given in a transfusion are destroyed by the person's immune system&lt;/detail&gt;&lt;text&gt;The following liver problems may also cause jaundice or a high bilirubin level:&lt;/text&gt;&lt;detail&gt;Scarring of the liver ( cirrhosis )&lt;/detail&gt;&lt;detail&gt;Swollen and inflamed liver ( hepatitis )&lt;/detail&gt;&lt;detail&gt;Other liver disease&lt;/detail&gt;&lt;detail&gt;Disorder in which bilirubin is not processed normally by the liver ( Gilbert disease )&lt;/detail&gt;&lt;text&gt;The following problems with gallbladder or bile ducts may cause higher bilirubin levels:&lt;/text&gt;&lt;detail&gt;Abnormal narrowing of the common bile duct ( biliary stricture )&lt;/detail&gt;&lt;detail&gt; Cancer of the pancreas  or gallbladder&lt;/detail&gt;&lt;detail&gt;Gallstones&lt;/detail&gt;</WhatAbnormalResultsMean><AlternativeNames>&lt;detail&gt;Total bilirubin - blood&lt;/detail&gt;&lt;detail&gt; Unconjugated bilirubin - blood&lt;/detail&gt;&lt;detail&gt; Indirect bilirubin - blood&lt;/detail&gt;&lt;detail&gt; Conjugated bilirubin - blood&lt;/detail&gt;&lt;detail&gt; Direct bilirubin - blood&lt;/detail&gt;</AlternativeNames><Images><value><img_name>Blood test</img_name><img_url>https://medlineplus.gov/ency/images/ency/fullsize/10026.jpg</img_url></value></Images></item>
<item><title>Bilirubin - urine</title><url>https://medlineplus.gov/ency/article/003595.htm</url><HowtoPreparefortheTest>&lt;text&gt;Many medicines can interfere with blood test results.&lt;/text&gt;&lt;detail&gt;Your provider will tell you if you need to stop taking any medicines before you have this test.&lt;/detail&gt;&lt;detail&gt;DO NOT stop or change your medicines without first talking to your provider. &lt;/detail&gt;</HowtoPreparefortheTest><WhytheTestisPerformed>&lt;text&gt;This test may be done to diagnose liver or gallbladder problems.&lt;/text&gt;</WhytheTestisPerformed><NormalResults>&lt;text&gt;Bilirubin is not normally found in the urine.&lt;/text&gt;</NormalResults><WhatAbnormalResultsMean>&lt;text&gt;Increased levels of bilirubin in the urine may be due to:&lt;/text&gt;&lt;detail&gt;Biliary tract disease&lt;/detail&gt;&lt;detail&gt; Cirrhosis &lt;/detail&gt;&lt;detail&gt; Gallstones  in the  biliary tract &lt;/detail&gt;&lt;detail&gt; Hepatitis &lt;/detail&gt;&lt;detail&gt;Liver disease&lt;/detail&gt;&lt;detail&gt; Tumors of the liver  or gallbladder &lt;/detail&gt;</WhatAbnormalResultsMean><AlternativeNames>&lt;detail&gt;Conjugated bilirubin - urine&lt;/detail&gt;&lt;detail&gt; Direct bilirubin - urine&lt;/detail&gt;</AlternativeNames><Images><value><img_name>Male urinary system</img_name><img_url>https://medlineplus.gov/ency/images/ency/fullsize/10022.jpg</img_url></value></Images></item>
<item><title>Bile culture</title><url>https://medlineplus.gov/ency/article/003734.htm</url><HowtoPreparefortheTest>&lt;text&gt;Preparation depends on the specific method used to obtain the bile sample. Follow your health care provider's instructions exactly.&lt;/text&gt;</HowtoPreparefortheTest><WhytheTestisPerformed>&lt;text&gt;This test is done to detect infection within the  biliary system . The biliary system creates, moves, stores, and releases bile to help in digestion.&lt;/text&gt;</WhytheTestisPerformed><NormalResults>&lt;text&gt;The test result is normal if no bacteria, virus, or fungus grew in the laboratory dish.&lt;/text&gt;&lt;text&gt;Normal value ranges may vary slightly among different laboratories. Some labs use different measurements or may test different specimens. Talk to your doctor about the meaning of your specific test results.&lt;/text&gt;</NormalResults><WhatAbnormalResultsMean>&lt;text&gt;An abnormal result means bacteria, fungus, or a virus grew in the laboratory dish. This may be a sign of infection.&lt;/text&gt;</WhatAbnormalResultsMean><AlternativeNames>&lt;detail&gt;Culture - bile&lt;/detail&gt;</AlternativeNames><Images><value><img_name>Bile culture</img_name><img_url>https://medlineplus.gov/ency/images/ency/fullsize/9105.jpg</img_url></value></Images></item>
<item><title>Beta-carotene blood test</title><url>https://medlineplus.gov/ency/article/003571.htm</url><HowtoPreparefortheTest>&lt;text&gt;Follow your health care provider's instructions about not eating or drinking anything for up to 8 hours before the test. You may also be asked not to eat anything with vitamin A (carotene) for 48 hours before the test.&lt;/text&gt;&lt;text&gt;Your provider may also tell you to temporarily stop taking medicines, such as retinol, which may interfere with test results.&lt;/text&gt;</HowtoPreparefortheTest><WhytheTestisPerformed>&lt;text&gt;Beta-carotene is found in certain foods. It breaks down to become vitamin A in the body. &lt;/text&gt;&lt;text&gt;Your provider may order this test if you have signs that your vitamin A level may be too low, such as:&lt;/text&gt;&lt;detail&gt;Bones or teeth that do not develop correctly&lt;/detail&gt;&lt;detail&gt;Dry or inflamed eyes&lt;/detail&gt;&lt;detail&gt;Feeling more irritable&lt;/detail&gt;&lt;detail&gt;Hair loss&lt;/detail&gt;&lt;detail&gt;Loss of appetite&lt;/detail&gt;&lt;detail&gt;Recurring infections&lt;/detail&gt;&lt;detail&gt;Skin rashes&lt;/detail&gt;&lt;detail&gt;Problems seeing at night &lt;/detail&gt;&lt;text&gt;The test can also be used to help measure how well your body absorbs fats.&lt;/text&gt;</WhytheTestisPerformed><NormalResults>&lt;text&gt;The normal range is 50 to 300 mcg/dL or 0.93 to 5.59 micromol/L.&lt;/text&gt;&lt;text&gt;Normal value ranges may vary slightly among different laboratories. Some labs use different measurements or test different samples. Talk to your provider about the meaning of your specific test results.&lt;/text&gt;</NormalResults><WhatAbnormalResultsMean>&lt;text&gt;A higher than normal level may be due to taking too much vitamin A ( hypervitaminosis A ).&lt;/text&gt;&lt;text&gt;Beta-carotene deficiency may occur if you are malnourished. It can also occur if your body has trouble absorbing fats through the digestive tract such as with:&lt;/text&gt;&lt;detail&gt;Long-term (chronic) lung disease called  cystic fibrosis &lt;/detail&gt;&lt;detail&gt;Pancreas problems such as swelling and inflammation ( pancreatitis ) or the organ not producing enough enzymes (pancreatic insufficiency)&lt;/detail&gt;&lt;detail&gt;Small intestine disorder called  celiac disease &lt;/detail&gt;&lt;text&gt;This test plays a valuable role in diagnosing vitamin A deficiency. But the test results must be evaluated along with other clinical findings.&lt;/text&gt;</WhatAbnormalResultsMean><AlternativeNames>&lt;detail&gt;Carotene test&lt;/detail&gt;</AlternativeNames><Images><value><img_name>Blood test</img_name><img_url>https://medlineplus.gov/ency/images/ency/fullsize/10026.jpg</img_url></value></Images></item>
<item><title>Bernstein test</title><url>https://medlineplus.gov/ency/article/003897.htm</url><HowtoPreparefortheTest>&lt;text&gt;You will be asked not to eat or drink anything for 8 hours before the test.&lt;/text&gt;</HowtoPreparefortheTest><WhytheTestisPerformed>&lt;text&gt;The test tries to reproduce symptoms of  gastroesophageal reflux  (stomach acids coming back up into the esophagus). It is done to see if you have the condition. &lt;/text&gt;</WhytheTestisPerformed><NormalResults>&lt;text&gt;The test results will be negative.&lt;/text&gt;</NormalResults><WhatAbnormalResultsMean>&lt;text&gt;A positive test shows that your symptoms are caused by esophageal reflux of acid from the stomach.&lt;/text&gt;</WhatAbnormalResultsMean><AlternativeNames>&lt;detail&gt;Acid perfusion test&lt;/detail&gt;</AlternativeNames><Images><value><img_name>Stomach and stomach lining</img_name><img_url>https://medlineplus.gov/ency/images/ency/fullsize/8731.jpg</img_url></value></Images></item>
<item><title>Basic metabolic panel</title><url>https://medlineplus.gov/ency/article/003462.htm</url><HowtoPreparefortheTest>&lt;text&gt;You should not eat or drink for 8 hours before the test.&lt;/text&gt;</HowtoPreparefortheTest><WhytheTestisPerformed>&lt;text&gt;This test is done to evaluate:&lt;/text&gt;&lt;detail&gt;Kidney function&lt;/detail&gt;&lt;detail&gt;Blood acid/base balance&lt;/detail&gt;&lt;detail&gt;Blood sugar levels&lt;/detail&gt;&lt;text&gt;In some cases, the test also is used to check blood levels of calcium and a protein called albumin.&lt;/text&gt;</WhytheTestisPerformed><NormalResults>&lt;text&gt;The following are normal ranges for the blood chemicals tested:&lt;/text&gt;&lt;detail&gt; BUN : 7 to 20 mg/dL (2.50 to 7.14 mmol/L)&lt;/detail&gt;&lt;detail&gt; CO2 (carbon dioxide) : 20 to 29 mmol/L&lt;/detail&gt;&lt;detail&gt; Creatinine : 0.8 to 1.2 mg/dL (70.72 to 106.08 micromol/L)&lt;/detail&gt;&lt;detail&gt; Glucose : 64 to 100 mg/dL (3.55 to 5.55 mmol/L)&lt;/detail&gt;&lt;detail&gt; Serum chloride : 101 to 111 mmol/L&lt;/detail&gt;&lt;detail&gt; Serum potassium : 3.7 to 5.2 mEq/L (3.7 to 5.2 mmol/L)&lt;/detail&gt;&lt;detail&gt; Serum sodium : 136 to 144 mEq/L (136 to 144 mmol/L)&lt;/detail&gt;&lt;text&gt;Key to abbreviations:&lt;/text&gt;&lt;detail&gt;L = liter&lt;/detail&gt;&lt;detail&gt;dL = deciliter = 0.1 liter&lt;/detail&gt;&lt;detail&gt;mg = milligram&lt;/detail&gt;&lt;detail&gt;mmol = millimole&lt;/detail&gt;&lt;detail&gt;mEq = milliequivalents &lt;/detail&gt;&lt;text&gt;Normal value ranges may vary slightly among different laboratories. Talk to your health care provider about the meaning of your specific test results.&lt;/text&gt;&lt;text&gt;The examples above show the common measurements for results for these tests. Some laboratories use different measurements or may test different specimens.&lt;/text&gt;</NormalResults><WhatAbnormalResultsMean>&lt;text&gt;Abnormal results can be due to a variety of different medical conditions, including kidney failure, breathing problems, diabetes or diabetes-related complications, and medicine side effects. Talk to your provider about the meaning of your results from each test.&lt;/text&gt;&lt;text&gt;The basic metatabolic panel typically measures these substances in a sample of blood:&lt;/text&gt;&lt;detail&gt; BUN  (blood urea nitrogen)&lt;/detail&gt;&lt;detail&gt; Creatinine &lt;/detail&gt;&lt;detail&gt; CO2  (carbon dioxide)&lt;/detail&gt;&lt;detail&gt; Glucose &lt;/detail&gt;&lt;detail&gt; Serum chloride &lt;/detail&gt;&lt;detail&gt; Serum potassium &lt;/detail&gt;&lt;detail&gt; Serum sodium &lt;/detail&gt;</WhatAbnormalResultsMean><AlternativeNames>&lt;detail&gt;SMAC7&lt;/detail&gt;&lt;detail&gt; Sequential multi-channel analysis with computer-7&lt;/detail&gt;&lt;detail&gt; SMA7&lt;/detail&gt;&lt;detail&gt; Metabolic panel 7&lt;/detail&gt;&lt;detail&gt; CHEM-7&lt;/detail&gt;</AlternativeNames></item>
<item><title>Barium enema</title><url>https://medlineplus.gov/ency/article/003817.htm</url><HowtoPreparefortheTest>&lt;text&gt;Your bowels need to be completely empty for the exam. If they are not empty, the test may miss a problem in your large intestine.&lt;/text&gt;&lt;text&gt;You will be given instructions for cleansing your bowel using an enema or laxatives. This is also called bowel preparation. Follow the instructions exactly.&lt;/text&gt;&lt;text&gt;For 1 to 3 days before the test, you need to be on a clear liquid diet. Examples of clear liquids are:&lt;/text&gt;&lt;detail&gt;Clear coffee or tea&lt;/detail&gt;&lt;detail&gt;Fat-free bouillon or broth&lt;/detail&gt;&lt;detail&gt;Gelatin&lt;/detail&gt;&lt;detail&gt;Sports drinks without added color&lt;/detail&gt;&lt;detail&gt;Strained fruit juices&lt;/detail&gt;&lt;detail&gt;Water &lt;/detail&gt;</HowtoPreparefortheTest><WhytheTestisPerformed>&lt;text&gt;Barium enema is used to: &lt;/text&gt;&lt;detail&gt;Detect or screen for  colon cancer &lt;/detail&gt;&lt;detail&gt;Diagnose or monitor  ulcerative colitis  or  Crohn disease &lt;/detail&gt;&lt;detail&gt;Diagnose the cause of blood in stools, diarrhea, or very hard stools (constipation) &lt;/detail&gt;&lt;text&gt;The barium enema test is used much less often than in the past.  Colonoscopy  is done more often now.&lt;/text&gt;</WhytheTestisPerformed><NormalResults>&lt;text&gt;Barium should fill the colon evenly, showing normal bowel shape and position and no blockages.&lt;/text&gt;</NormalResults><WhatAbnormalResultsMean>&lt;text&gt;Abnormal test results may be a sign of:&lt;/text&gt;&lt;detail&gt;Blockage of the large intestine&lt;/detail&gt;&lt;detail&gt;Narrowing of the colon above the rectum ( Hirschsprung disease  in infants)&lt;/detail&gt;&lt;detail&gt;Crohn disease or ulcerative colitis&lt;/detail&gt;&lt;detail&gt;Cancer in the colon or rectum&lt;/detail&gt;&lt;detail&gt;Sliding of one part of the intestine into another ( intussusception )&lt;/detail&gt;&lt;detail&gt;Small growths that stick out of the lining of the colon, called  polyps &lt;/detail&gt;&lt;detail&gt;Small, bulging sacs or pouches of the inner lining of the intestine, called  diverticula &lt;/detail&gt;&lt;detail&gt;Twisted loop of the bowel ( volvulus ) &lt;/detail&gt;</WhatAbnormalResultsMean><AlternativeNames>&lt;detail&gt;Lower gastrointestinal series&lt;/detail&gt;&lt;detail&gt; Lower GI series&lt;/detail&gt;&lt;detail&gt; Colorectal cancer - lower GI series&lt;/detail&gt;&lt;detail&gt; Colorectal cancer - barium enema&lt;/detail&gt;&lt;detail&gt; Crohn disease - lower GI series&lt;/detail&gt;&lt;detail&gt; Crohn disease - barium enema&lt;/detail&gt;&lt;detail&gt; Intestinal blockage - lower GI series&lt;/detail&gt;&lt;detail&gt; Intestinal blockage - barium enema&lt;/detail&gt;</AlternativeNames><Images><value><img_name>Barium enema</img_name><img_url>https://medlineplus.gov/ency/images/ency/fullsize/1064.jpg</img_url></value><value><img_name>Rectal cancer, x-ray</img_name><img_url>https://medlineplus.gov/ency/images/ency/fullsize/1196.jpg</img_url></value><value><img_name>Sigmoid colon cancer, x-ray</img_name><img_url>https://medlineplus.gov/ency/images/ency/fullsize/1198.jpg</img_url></value><value><img_name>Barium enema</img_name><img_url>https://medlineplus.gov/ency/images/ency/fullsize/9098.jpg</img_url></value></Images></item>
<item><title>BAER - brainstem auditory evoked response</title><url>https://medlineplus.gov/ency/article/003926.htm</url><HowtoPreparefortheTest>&lt;text&gt;You may be asked to wash your hair the night before the test.&lt;/text&gt;&lt;text&gt;Young children often need medicine to help them relax (sedation) so they can stay still during the procedure.&lt;/text&gt;</HowtoPreparefortheTest><WhytheTestisPerformed>&lt;text&gt;The test is done to:&lt;/text&gt;&lt;detail&gt;Help diagnose nervous system problems and hearing loss (especially in newborns and children)&lt;/detail&gt;&lt;detail&gt;Find out how well the nervous system works&lt;/detail&gt;&lt;detail&gt;Check hearing ability in people who cannot do other hearing tests&lt;/detail&gt;&lt;text&gt;This test may also be performed during surgery to decrease the risk for injury to the hearing nerve and brain.&lt;/text&gt;</WhytheTestisPerformed><NormalResults>&lt;text&gt;Normal results vary. Results will depend on the person and the instruments used to perform the test.&lt;/text&gt;</NormalResults><WhatAbnormalResultsMean>&lt;text&gt;Abnormal test results may be a sign of  hearing loss ,  multiple sclerosis ,  acoustic neuroma , or stroke.&lt;/text&gt;&lt;text&gt;Abnormal results may also be due to:&lt;/text&gt;&lt;detail&gt;Brain injury&lt;/detail&gt;&lt;detail&gt;Brain malformation&lt;/detail&gt;&lt;detail&gt;Brain tumor&lt;/detail&gt;&lt;detail&gt; Central pontine myelinolysis &lt;/detail&gt;&lt;detail&gt;Speech disorders&lt;/detail&gt;</WhatAbnormalResultsMean><AlternativeNames>&lt;detail&gt;Evoked auditory potentials&lt;/detail&gt;&lt;detail&gt; Brainstem auditory evoked potentials&lt;/detail&gt;&lt;detail&gt; Evoked response audiometry&lt;/detail&gt;&lt;detail&gt; Auditory brainstem response&lt;/detail&gt;&lt;detail&gt; ABR&lt;/detail&gt;&lt;detail&gt; BAEP&lt;/detail&gt;</AlternativeNames><Images><value><img_name>Brain</img_name><img_url>https://medlineplus.gov/ency/images/ency/fullsize/1074.jpg</img_url></value><value><img_name>Brain wave monitor</img_name><img_url>https://medlineplus.gov/ency/images/ency/fullsize/8730.jpg</img_url></value></Images></item>
<item><title>B and T cell screen</title><url>https://medlineplus.gov/ency/article/003329.htm</url><HowtoPreparefortheTest>&lt;text&gt;Tell your health care provider if you have had any of the following, which might affect your T and B cell count:&lt;/text&gt;&lt;detail&gt; Chemotherapy &lt;/detail&gt;&lt;detail&gt;HIV/AIDS&lt;/detail&gt;&lt;detail&gt;Radiation therapy&lt;/detail&gt;&lt;detail&gt;Recent or current infection&lt;/detail&gt;&lt;detail&gt;Steroid therapy&lt;/detail&gt;&lt;detail&gt; Stress &lt;/detail&gt;&lt;detail&gt;Surgery&lt;/detail&gt;</HowtoPreparefortheTest><WhytheTestisPerformed>&lt;text&gt;Your provider may order this test if you have signs of certain diseases that weaken the immune system. It may also be used to distinguish between cancerous and noncancerous disease, particularly cancers that involve the blood and bone marrow.&lt;/text&gt;&lt;text&gt;The test may also be used to determine how well treatment for certain conditions is working.&lt;/text&gt;</WhytheTestisPerformed><NormalResults>&lt;text&gt;Normal value ranges may vary slightly among different laboratories. Some labs use different measurements or test different samples. Talk to your provider about the meaning of your specific test results.&lt;/text&gt;</NormalResults><WhatAbnormalResultsMean>&lt;text&gt;Abnormal T and B cell counts suggest a possible disease. Further testing is needed to confirm a diagnosis.&lt;/text&gt;&lt;text&gt;An increased T cell count may be due to:&lt;/text&gt;&lt;detail&gt;   Cancer of white blood cell called a lymphoblast ( acute lymphoblastic leukemia )&lt;/detail&gt;&lt;detail&gt;   Cancer of white blood cells called lymphocytes ( chronic lymphocytic leukemia )&lt;/detail&gt;&lt;detail&gt;   A viral infection called  infectious mononucleosis &lt;/detail&gt;&lt;detail&gt;   Blood cancer that starts in the plasma cells in the bone marrow ( multiple myeloma )&lt;/detail&gt;&lt;detail&gt;Syphilis, an STD&lt;/detail&gt;&lt;detail&gt;Toxoplasmosis, an infection due to a parasite&lt;/detail&gt;&lt;detail&gt;Tuberculosis &lt;/detail&gt;&lt;text&gt;An increased B cell count may be due to:&lt;/text&gt;&lt;detail&gt;Chronic lymphocytic leukemia&lt;/detail&gt;&lt;detail&gt;DiGeorge syndrome&lt;/detail&gt;&lt;detail&gt;Multiple myeloma&lt;/detail&gt;&lt;detail&gt; Waldenstrom macroglobulinemia &lt;/detail&gt;&lt;text&gt;A decreased T cell count may be due to:&lt;/text&gt;&lt;detail&gt;Congenital T-cell deficiency disease, such as Nezelof syndrome, DiGeorge syndrome, or Wiskott-Aldrich syndrome&lt;/detail&gt;&lt;detail&gt;Acquired T-cell deficiency states, such as HIV infection or HTLV-1 infection&lt;/detail&gt;&lt;detail&gt;B cell proliferative disorders, such as chronic lymphocytic leukemia or Waldenstrom macroglobulinemia &lt;/detail&gt;&lt;text&gt;A decreased B cell count may be due to:&lt;/text&gt;&lt;detail&gt; HIV/AIDS &lt;/detail&gt;&lt;detail&gt;Acute lymphoblastic leukemia&lt;/detail&gt;&lt;detail&gt; Immunodeficiency disorders &lt;/detail&gt;</WhatAbnormalResultsMean><AlternativeNames>&lt;detail&gt;E-rosetting&lt;/detail&gt;&lt;detail&gt; T and B lymphocyte assays&lt;/detail&gt;&lt;detail&gt; B and T lymphocyte assays&lt;/detail&gt;</AlternativeNames></item>
<item><title>Cytology exam of urine</title><url>https://medlineplus.gov/ency/article/003905.htm</url><HowtoPreparefortheTest>&lt;text&gt;No special preparation is needed.&lt;/text&gt;</HowtoPreparefortheTest><WhytheTestisPerformed>&lt;text&gt;The test is done to detect cancer of the urinary tract. It is often done when blood is seen in the urine.&lt;/text&gt;&lt;text&gt;It is also useful for monitoring people who have a history of urinary tract cancer. The test may sometimes be ordered for people who are at high risk for bladder cancer.&lt;/text&gt;&lt;text&gt;This test can also detect cytomegalovirus and other viral diseases.&lt;/text&gt;</WhytheTestisPerformed><NormalResults>&lt;text&gt;The urine shows normal cells.&lt;/text&gt;</NormalResults><WhatAbnormalResultsMean>&lt;text&gt;Abnormal cells in the urine may be a sign of inflammation of the urinary tract or  cancer of the kidney , ureters, bladder, or urethra.&lt;/text&gt;&lt;text&gt;Be aware that cancer or inflammatory disease cannot be diagnosed with this test alone. The results need to be confirmed with other tests or procedures.&lt;/text&gt;</WhatAbnormalResultsMean><AlternativeNames>&lt;detail&gt;Urine cytology&lt;/detail&gt;&lt;detail&gt; Bladder cancer - cytology&lt;/detail&gt;&lt;detail&gt; Urethral cancer - cytology&lt;/detail&gt;&lt;detail&gt; Renal cancer - cytology&lt;/detail&gt;</AlternativeNames><Images><value><img_name>Bladder catheterization, female</img_name><img_url>https://medlineplus.gov/ency/images/ency/fullsize/1065.jpg</img_url></value><value><img_name>Bladder catheterization, male</img_name><img_url>https://medlineplus.gov/ency/images/ency/fullsize/1066.jpg</img_url></value></Images></item>
<item><title>Cytology exam of pleural fluid</title><url>https://medlineplus.gov/ency/article/003866.htm</url><HowtoPreparefortheTest>&lt;text&gt;No special preparation is needed before the test. A chest x-ray will likely be done before and after the test.&lt;/text&gt;&lt;text&gt;DO NOT cough, breathe deeply, or move during the test to avoid injury to the lung.&lt;/text&gt;</HowtoPreparefortheTest><WhytheTestisPerformed>&lt;text&gt;A cytology exam is used to look for cancer and precancerous cells. It may also be done for other conditions, such as identifying  systemic lupus erythematosus  cells.&lt;/text&gt;&lt;text&gt;Your doctor may order this test if you have signs of fluid buildup in the pleural space. This condition is called  pleural effusion . The test may also be done if you have signs of lung cancer.&lt;/text&gt;</WhytheTestisPerformed><NormalResults>&lt;text&gt;Normal cells are seen.&lt;/text&gt;</NormalResults><WhatAbnormalResultsMean>&lt;text&gt;In an abnormal test, there are cancerous (malignant) cells. This may mean there is a cancerous  tumor . This test most often detects:&lt;/text&gt;&lt;detail&gt; Breast cancer &lt;/detail&gt;&lt;detail&gt; Lymphoma &lt;/detail&gt;&lt;detail&gt; Lung cancer &lt;/detail&gt;&lt;detail&gt;Ovarian cancer&lt;/detail&gt;&lt;detail&gt;Stomach cancer&lt;/detail&gt;</WhatAbnormalResultsMean><AlternativeNames>&lt;detail&gt;Pleural fluid cytology&lt;/detail&gt;&lt;detail&gt; Lung cancer - pleural fluid&lt;/detail&gt;</AlternativeNames></item>
<item><title>Cystoscopy</title><url>https://medlineplus.gov/ency/article/003903.htm</url><HowtoPreparefortheTest>&lt;text&gt;Ask your provider if you should stop taking any medicines that could thin your blood.&lt;/text&gt;&lt;text&gt;The procedure may be done in a hospital or surgery center. In that case, you will need to have someone take you home afterward.&lt;/text&gt;</HowtoPreparefortheTest><WhytheTestisPerformed>&lt;text&gt;The test is done to:&lt;/text&gt;&lt;detail&gt;Check for  cancer  of the bladder or urethra&lt;/detail&gt;&lt;detail&gt;Diagnose the cause of blood in the urine&lt;/detail&gt;&lt;detail&gt;Diagnose the cause of problems passing urine&lt;/detail&gt;&lt;detail&gt;Diagnose the cause of repeated bladder infections&lt;/detail&gt;&lt;detail&gt;Help determine the cause of  pain during urination &lt;/detail&gt;</WhytheTestisPerformed><NormalResults>&lt;text&gt;The bladder wall should look smooth. The bladder should be of normal size, shape, and position. There should be no blockages, growths, or stones.&lt;/text&gt;</NormalResults><WhatAbnormalResultsMean>&lt;text&gt;The abnormal results could indicate:&lt;/text&gt;&lt;detail&gt; Bladder cancer &lt;/detail&gt;&lt;detail&gt; Bladder stones  (calculi)&lt;/detail&gt;&lt;detail&gt;Bladder wall decompression&lt;/detail&gt;&lt;detail&gt;Chronic  urethritis  or cystitis&lt;/detail&gt;&lt;detail&gt;Scarring of the urethra (called a stricture)&lt;/detail&gt;&lt;detail&gt;Congenital (present at birth) abnormality&lt;/detail&gt;&lt;detail&gt; Cysts &lt;/detail&gt;&lt;detail&gt; Diverticula  of the bladder or urethra&lt;/detail&gt;&lt;detail&gt;Foreign material in the bladder or urethra &lt;/detail&gt;&lt;text&gt;Some other possible diagnoses may be:&lt;/text&gt;&lt;detail&gt; Irritable bladder &lt;/detail&gt;&lt;detail&gt;Polyps&lt;/detail&gt;&lt;detail&gt;Prostate problems, such as bleeding,  enlargement , or blockage&lt;/detail&gt;&lt;detail&gt; Traumatic injury of the bladder and urethra &lt;/detail&gt;&lt;detail&gt; Ulcer &lt;/detail&gt;&lt;detail&gt; Urethral strictures &lt;/detail&gt;</WhatAbnormalResultsMean><AlternativeNames>&lt;detail&gt;Cystourethroscopy&lt;/detail&gt;&lt;detail&gt; Endoscopy of the bladder&lt;/detail&gt;</AlternativeNames><Images><value><img_name>Cystoscopy</img_name><img_url>https://medlineplus.gov/ency/images/ency/fullsize/1089.jpg</img_url></value></Images></item>
<item><title>Cystometric study</title><url>https://medlineplus.gov/ency/article/003904.htm</url><HowtoPreparefortheTest>&lt;text&gt;No special preparations are needed for this test.&lt;/text&gt;&lt;text&gt;For infants and children, preparation depends on the child's age, past experiences, and level of trust. For general information regarding how you can prepare your child, see the following topics:&lt;/text&gt;&lt;detail&gt; Preschooler test or procedure preparation  (3 to 6 years)&lt;/detail&gt;&lt;detail&gt; School age test or procedure preparation  (6 to 12 years)&lt;/detail&gt;&lt;detail&gt; Adolescent test or procedure preparation  (12 to 18 years)&lt;/detail&gt;</HowtoPreparefortheTest><WhytheTestisPerformed>&lt;text&gt;The test will help determine the cause of bladder voiding dysfunction.&lt;/text&gt;</WhytheTestisPerformed><NormalResults>&lt;text&gt;Normal results vary and should be discussed with your provider.&lt;/text&gt;</NormalResults><WhatAbnormalResultsMean>&lt;text&gt;Abnormal results may be due to:&lt;/text&gt;&lt;detail&gt; Enlarged prostate &lt;/detail&gt;&lt;detail&gt; Multiple sclerosis &lt;/detail&gt;&lt;detail&gt;Overactive bladder&lt;/detail&gt;&lt;detail&gt;Reduced bladder capacity&lt;/detail&gt;&lt;detail&gt; Spinal cord injury &lt;/detail&gt;&lt;detail&gt; Stroke &lt;/detail&gt;&lt;detail&gt; Urinary tract infection &lt;/detail&gt;</WhatAbnormalResultsMean><AlternativeNames>&lt;detail&gt;CMG&lt;/detail&gt;&lt;detail&gt; Cystometrogram&lt;/detail&gt;</AlternativeNames><Images><value><img_name>Male reproductive anatomy</img_name><img_url>https://medlineplus.gov/ency/images/ency/fullsize/1113.jpg</img_url></value></Images></item>
<item><title>Culture - joint fluid</title><url>https://medlineplus.gov/ency/article/003742.htm</url><HowtoPreparefortheTest>&lt;text&gt;Your health care provider will tell you how to prepare for the procedure. No special preparation is needed. But, tell your provider if you're taking a blood thinner, such as aspirin, warfarin (Coumadin) or clopidogrel (Plavix). These medicines can affect test results or your ability to take the test.&lt;/text&gt;</HowtoPreparefortheTest><WhytheTestisPerformed>&lt;text&gt;Your provider may order this test if you have unexplained pain and inflammation of a joint or a suspected joint infection.&lt;/text&gt;</WhytheTestisPerformed><NormalResults>&lt;text&gt;The test result is considered normal if no organisms (bacteria, fungi, or viruses) grow in the laboratory dish.&lt;/text&gt;</NormalResults><WhatAbnormalResultsMean>&lt;text&gt;Abnormal results are a sign of infection in the joint. Infections may include:&lt;/text&gt;&lt;detail&gt; Bacterial arthritis &lt;/detail&gt;&lt;detail&gt; Fungal arthritis &lt;/detail&gt;&lt;detail&gt; Gonococcal arthritis &lt;/detail&gt;&lt;detail&gt;Turberculous arthritis&lt;/detail&gt;</WhatAbnormalResultsMean><AlternativeNames>&lt;detail&gt;Joint fluid culture&lt;/detail&gt;</AlternativeNames><Images><value><img_name>Joint aspiration</img_name><img_url>https://medlineplus.gov/ency/images/ency/fullsize/9245.jpg</img_url></value></Images></item>
<item><title>Culture - duodenal tissue</title><url>https://medlineplus.gov/ency/article/003730.htm</url><HowtoPreparefortheTest>&lt;text&gt;This is a test done in a lab. The sample is collected during an upper endoscopy and biopsy procedure (esophagogastroduodenoscopy). Ask your health care provider how to prepare for this procedure.&lt;/text&gt;</HowtoPreparefortheTest><WhytheTestisPerformed>&lt;text&gt;A culture of duodenal tissue is done to check for bacteria or viruses that may lead to certain illnesses and conditions.&lt;/text&gt;</WhytheTestisPerformed><NormalResults>&lt;text&gt;No harmful bacteria or viruses are found.&lt;/text&gt;</NormalResults><WhatAbnormalResultsMean>&lt;text&gt;An abnormal finding means that harmful bacteria or a virus has been found in the tissue sample. Bacteria may include: &lt;/text&gt;&lt;detail&gt;Campylobacter&lt;/detail&gt;&lt;detail&gt;Helicobacter pylori (H pylori)&lt;/detail&gt;&lt;detail&gt;Salmonella &lt;/detail&gt;</WhatAbnormalResultsMean><AlternativeNames>&lt;detail&gt;Duodenal tissue culture&lt;/detail&gt;</AlternativeNames><Images><value><img_name>Duodenal tissue culture</img_name><img_url>https://medlineplus.gov/ency/images/ency/fullsize/9280.jpg</img_url></value></Images></item>
<item><title>Culture - colonic tissue </title><url>https://medlineplus.gov/ency/article/003733.htm</url><HowtoPreparefortheTest>&lt;text&gt;There is no specific preparation needed for a culture.&lt;/text&gt;</HowtoPreparefortheTest><WhytheTestisPerformed>&lt;text&gt;Your provider may order this test if you have signs or symptoms of a large intestine infection. A culture is often done when other tests such as a  stool culture  could not identify the cause of infection.&lt;/text&gt;</WhytheTestisPerformed><NormalResults>&lt;text&gt;A normal result means that no disease-causing organisms have grown in the lab dish.&lt;/text&gt;&lt;text&gt;Some "healthy" bacteria, called bowel flora, are normally found in the gut. The growth of such bacteria during this test does not mean there is an infection.&lt;/text&gt;&lt;text&gt;Normal value ranges may vary slightly among different laboratories. Talk to your provider about your test results.&lt;/text&gt;</NormalResults><WhatAbnormalResultsMean>&lt;text&gt;An abnormal result means that disease-causing organisms have grown in the lab dish. These organisms may include:&lt;/text&gt;&lt;detail&gt;Clostridium difficile bacteria&lt;/detail&gt;&lt;detail&gt;Cytomegalovirus &lt;/detail&gt;&lt;detail&gt;Mycobacterium tuberculosis bacteria&lt;/detail&gt;&lt;detail&gt; Salmonella bacteria &lt;/detail&gt;&lt;detail&gt;Shigella bacteria &lt;/detail&gt;&lt;text&gt;These organisms may lead to  diarrhea  or colon infections.&lt;/text&gt;</WhatAbnormalResultsMean><AlternativeNames>&lt;detail&gt;Colonic tissue culture&lt;/detail&gt;</AlternativeNames><Images><value><img_name>Colonoscopy</img_name><img_url>https://medlineplus.gov/ency/images/ency/fullsize/8751.jpg</img_url></value><value><img_name>Colon polyps</img_name><img_url>https://medlineplus.gov/ency/images/ency/fullsize/9246.jpg</img_url></value></Images></item>
<item><title>Culdocentesis</title><url>https://medlineplus.gov/ency/article/003919.htm</url><HowtoPreparefortheTest>&lt;text&gt;You may be asked to walk or sit for a short time before the test is done.&lt;/text&gt;</HowtoPreparefortheTest><WhytheTestisPerformed>&lt;text&gt;This procedure is rarely done today because a transvaginal ultrasound can show fluid behind the uterus. &lt;/text&gt;&lt;text&gt;It may be done when:&lt;/text&gt;&lt;detail&gt;You have pain in the lower abdomen and pelvis, and other tests suggest there is fluid in the area.&lt;/detail&gt;&lt;detail&gt;You may have a ruptured  ectopic pregnancy  or  ovarian cyst . &lt;/detail&gt;</WhytheTestisPerformed><NormalResults>&lt;text&gt;No fluid in the cul-de-sac, or a very small amount of clear fluid, is normal.&lt;/text&gt;</NormalResults><WhatAbnormalResultsMean>&lt;text&gt;Fluid may still be present, even if not seen with this test. You may need other tests. &lt;/text&gt;&lt;text&gt;A sample of fluid may be taken and tested for infection. &lt;/text&gt;&lt;text&gt;If blood is found in the fluid sample, you may need emergency surgery. &lt;/text&gt;</WhatAbnormalResultsMean><Images><value><img_name>Female reproductive anatomy</img_name><img_url>https://medlineplus.gov/ency/images/ency/fullsize/1112.jpg</img_url></value><value><img_name>Culdocentesis</img_name><img_url>https://medlineplus.gov/ency/images/ency/fullsize/17045.jpg</img_url></value><value><img_name>Cervix needle sample</img_name><img_url>https://medlineplus.gov/ency/images/ency/fullsize/9634.jpg</img_url></value></Images></item>
<item><title>CT scan</title><url>https://medlineplus.gov/ency/article/003330.htm</url><HowtoPreparefortheTest>&lt;text&gt;Certain exams require a special dye, called contrast, to be delivered into your body before the test starts. Contrast helps certain areas show up better on the x-rays.&lt;/text&gt;&lt;text&gt;Let your health care provider know if you have ever had a reaction to contrast. You may need to take medicines before the test in order to avoid another reaction.&lt;/text&gt;&lt;text&gt;Contrast can be given several ways, depending on the type of CT being performed.&lt;/text&gt;&lt;detail&gt;It may be delivered through a vein (IV) in your hand or forearm.&lt;/detail&gt;&lt;detail&gt;You might drink the contrast before your scan. When you drink the contrast depends on the type of exam being done. The contrast liquid may taste chalky, although some are flavored. The contrast passes out of your body through your stools.&lt;/detail&gt;&lt;detail&gt;Rarely, the contrast may be given into your rectum using an enema.&lt;/detail&gt;&lt;text&gt;If contrast is used, you may also be asked not to eat or drink anything for 4 to 6 hours before the test.&lt;/text&gt;&lt;text&gt;Before receiving IV contrast, tell your health care provider if you take the diabetes medication metformin (Glucophage). People taking this medicine may need to stop temporarily. Also let your provider know if you have any problems with your kidneys. The IV contrast can worsen kidney function.&lt;/text&gt;&lt;text&gt;Find out if the CT machine has a weight limit if you weigh more than 300 pounds (135 kilograms). Too much weight can damage the scanner.&lt;/text&gt;&lt;text&gt;You will need to remove jewelry and wear a hospital gown during the study.&lt;/text&gt;</HowtoPreparefortheTest><WhytheTestisPerformed>&lt;text&gt;A CT scan creates detailed pictures of the body, including the brain, chest, spine, and abdomen. The test may be used to:&lt;/text&gt;&lt;detail&gt;Diagnose an infection&lt;/detail&gt;&lt;detail&gt;Guide a surgeon to the right area during a biopsy&lt;/detail&gt;&lt;detail&gt;Identify masses and tumors, including cancer&lt;/detail&gt;&lt;detail&gt;Study blood vessels &lt;/detail&gt;</WhytheTestisPerformed><NormalResults>&lt;text&gt;Results are considered normal if the organs and structures being examined are normal in appearance.&lt;/text&gt;</NormalResults><WhatAbnormalResultsMean>&lt;text&gt;Abnormal results depend on the part of the body being studied. Talk to your provider about questions and concerns.&lt;/text&gt;</WhatAbnormalResultsMean><AlternativeNames>&lt;detail&gt;CAT scan&lt;/detail&gt;&lt;detail&gt; Computed axial tomography scan&lt;/detail&gt;&lt;detail&gt; Computed tomography scan&lt;/detail&gt;</AlternativeNames><Images><value><img_name>CT scan</img_name><img_url>https://medlineplus.gov/ency/images/ency/fullsize/23213.jpg</img_url></value></Images></item>
<item><title>CT angiography - head and neck</title><url>https://medlineplus.gov/ency/article/007677.htm</url><HowtoPreparefortheTest>&lt;text&gt;Certain exams require a special dye, called contrast, to be delivered into the body before the test starts. Contrast helps certain areas show up better on x-rays.&lt;/text&gt;&lt;detail&gt;Contrast can be given through a vein (IV) in your hand or forearm. If contrast is used, you may also be asked not to eat or drink anything for 4 to 6 hours before the test.&lt;/detail&gt;&lt;detail&gt;Let your health care provider know if you have ever had a reaction to contrast. You may need to take medicines before the test in order to safely receive it.&lt;/detail&gt;&lt;detail&gt;Before receiving the contrast, tell your provider if you take the diabetes medicine metformin (Glucophage). You may need to take extra precautions.&lt;/detail&gt;&lt;text&gt;The contrast can worsen kidney function problems in people with poorly functioning kidneys. Talk to your provider if you have a history of kidney problems.&lt;/text&gt;&lt;text&gt;Too much weight can damage the scanner. If you weigh more than 300 pounds (135 kilograms), talk to your provider about the weight limit before the test.&lt;/text&gt;&lt;text&gt;You will be asked to remove jewelry and wear a hospital gown during the study.&lt;/text&gt;</HowtoPreparefortheTest><WhytheTestisPerformed>&lt;text&gt; CTA of the head may be done to look for the cause of:&lt;/text&gt;&lt;detail&gt;Changes in thinking or behavior&lt;/detail&gt;&lt;detail&gt;Difficulty pronouncing words&lt;/detail&gt;&lt;detail&gt; Dizziness or vertigo &lt;/detail&gt;&lt;detail&gt;Double vision or vision loss&lt;/detail&gt;&lt;detail&gt; Fainting &lt;/detail&gt;&lt;detail&gt;Headache, when you have certain other signs or symptoms&lt;/detail&gt;&lt;detail&gt;Hearing loss (in some people)&lt;/detail&gt;&lt;detail&gt;Numbness or tingling, most often on the face or scalp&lt;/detail&gt;&lt;detail&gt;Swallowing problems&lt;/detail&gt;&lt;detail&gt;Stroke&lt;/detail&gt;&lt;detail&gt;Transient ischemic attack (TIA)&lt;/detail&gt;&lt;detail&gt;Weakness in one part of your body&lt;/detail&gt;&lt;text&gt;CTA of the neck may also be done: &lt;/text&gt;&lt;detail&gt;After trauma to the neck to look for damage to blood vessels&lt;/detail&gt;&lt;detail&gt;For planning before  carotid artery surgery &lt;/detail&gt;&lt;detail&gt;For planning for brain tumor surgery &lt;/detail&gt;&lt;detail&gt;For suspected vasculitis (inflammation of the blood vessel walls)&lt;/detail&gt;&lt;detail&gt;For suspected  abnormal blood vessels in the brain &lt;/detail&gt;</WhytheTestisPerformed><NormalResults>&lt;text&gt;Results are considered normal if no problems are seen.&lt;/text&gt;</NormalResults><WhatAbnormalResultsMean>&lt;text&gt;Abnormal results may be due to:&lt;/text&gt;&lt;detail&gt;Abnormal blood vessels (arteriovenous malformation).&lt;/detail&gt;&lt;detail&gt;Bleeding in the brain (for example,  subdural hematoma  or an area of bleeding).&lt;/detail&gt;&lt;detail&gt;Brain tumor or other growth (mass).&lt;/detail&gt;&lt;detail&gt; Stroke . &lt;/detail&gt;&lt;detail&gt; Narrowed or blocked carotid arteries . (The carotid arteries provide the main blood supply to your brain. They are located on each side of your neck.)&lt;/detail&gt;&lt;detail&gt; Narrowed or blocked vertebral artery in the neck . (The vertebral arteries provide blood flow to the back of the brain.)&lt;/detail&gt;&lt;detail&gt;A tear in the wall of an artery (dissection).&lt;/detail&gt;&lt;detail&gt;A weak area in the wall of a blood vessel that causes the blood vessel to bulge or balloon out ( aneurysm ).&lt;/detail&gt;</WhatAbnormalResultsMean><AlternativeNames>&lt;detail&gt;Computed tomography angiography - brain&lt;/detail&gt;&lt;detail&gt; CTA - skull&lt;/detail&gt;&lt;detail&gt; CTA - cranial&lt;/detail&gt;&lt;detail&gt; TIA-CTA head&lt;/detail&gt;&lt;detail&gt; Stroke-CTA head&lt;/detail&gt;&lt;detail&gt; Computed tomography angiography - neck&lt;/detail&gt;&lt;detail&gt; CTA - neck&lt;/detail&gt;&lt;detail&gt; Vertebral artery - CTA&lt;/detail&gt;&lt;detail&gt; Carotid artery stenosis - CTA&lt;/detail&gt;&lt;detail&gt; Vertebrobasilar - CTA&lt;/detail&gt;&lt;detail&gt; Posterior circulation ischemia - CTA&lt;/detail&gt;&lt;detail&gt; TIA - CTA neck&lt;/detail&gt;&lt;detail&gt; Stroke - CTA neck&lt;/detail&gt;</AlternativeNames></item>
<item><title>CT angiography - chest</title><url>https://medlineplus.gov/ency/article/007676.htm</url><HowtoPreparefortheTest>&lt;text&gt;Certain exams require a special dye, called contrast, to be delivered into the body before the test starts. Contrast helps certain areas show up better on x-rays.&lt;/text&gt;&lt;detail&gt;Contrast can be given through a vein (IV) in your hand or forearm. If contrast is used, you may also be asked not to eat or drink anything for 4 to 6 hours before the test.&lt;/detail&gt;&lt;detail&gt;Let your health care provider know if you have ever had a reaction to contrast. You may need to take medications before the test in order to safely receive it.&lt;/detail&gt;&lt;detail&gt;Before receiving the contrast, tell your provider if you take the diabetes medication metformin (Glucophage). You may need to take extra precautions.&lt;/detail&gt;&lt;text&gt;The contrast can worsen kidney function problems in people with poorly functioning kidneys.  Talk to your provider if you have a history of kidney problems.&lt;/text&gt;&lt;text&gt;Too much weight can damage the scanner. If you weigh more than 300 pounds (135 kilograms), talk to your provider about the weight limit before the test.&lt;/text&gt;&lt;text&gt;You will be asked to remove jewelry and wear a hospital gown during the study.&lt;/text&gt;</HowtoPreparefortheTest><WhytheTestisPerformed>&lt;text&gt;A chest CT angiogram may be done:&lt;/text&gt;&lt;detail&gt;For symptoms that suggest blood clots in the lungs, such as chest pain, rapid breathing, or shortness of breath&lt;/detail&gt;&lt;detail&gt;After a chest injury or trauma&lt;/detail&gt;&lt;detail&gt;Before surgery in the lung or chest&lt;/detail&gt;&lt;detail&gt;To look for a possible site to insert a catheter for hemodialysis&lt;/detail&gt;&lt;detail&gt;For swelling of the face or upper arms that cannot be explained&lt;/detail&gt;&lt;detail&gt;To look for a suspected birth defect of the aorta or other blood vessels in the chest&lt;/detail&gt;&lt;detail&gt;To look for a balloon dilation of an artery (aneurysm)&lt;/detail&gt;&lt;detail&gt;To look for a tear in an artery (dissection)&lt;/detail&gt;</WhytheTestisPerformed><NormalResults>&lt;text&gt;Results are considered normal if no problems are seen.&lt;/text&gt;</NormalResults><WhatAbnormalResultsMean>&lt;text&gt;A chest CT may show many disorders of the heart, lungs, or chest area, including:&lt;/text&gt;&lt;detail&gt;Suspected  blockage of the superior vena cava : This large vein moves blood from the upper half of the body to the heart.&lt;/detail&gt;&lt;detail&gt; Blood clot(s) in the lungs .&lt;/detail&gt;&lt;detail&gt;Abnormalities of the blood vessels in the lungs or chest, such as  aortic arch syndrome .&lt;/detail&gt;&lt;detail&gt; Aortic aneurysm (in the chest area) .&lt;/detail&gt;&lt;detail&gt;Narrowing of part of the  major artery leading out of the heart (aorta). &lt;/detail&gt;&lt;detail&gt;Tear in the wall of an artery (dissection).&lt;/detail&gt;&lt;detail&gt;Inflammation of the blood vessel walls (vasculitis).&lt;/detail&gt;</WhatAbnormalResultsMean><AlternativeNames>&lt;detail&gt;Computed tomography angiography - thorax&lt;/detail&gt;&lt;detail&gt; CTA - lungs&lt;/detail&gt;&lt;detail&gt; Pulmonary embolism - CTA chest&lt;/detail&gt;&lt;detail&gt; Thoracic aortic aneurysm - CTA chest&lt;/detail&gt;&lt;detail&gt; Venous thromboembolism - CTA lung&lt;/detail&gt;&lt;detail&gt; Blood clot - CTA lung&lt;/detail&gt;&lt;detail&gt; Embolus - CTA lung&lt;/detail&gt;&lt;detail&gt;  CT pulmonary angiogram&lt;/detail&gt;</AlternativeNames></item>
<item><title>CT angiography - arms and legs</title><url>https://medlineplus.gov/ency/article/007675.htm</url><HowtoPreparefortheTest>&lt;text&gt;Some exams require a special dye, called contrast, to be injected into your body before the test. Contrast helps certain areas show up better on the x-rays.&lt;/text&gt;&lt;detail&gt;Contrast can be given through a vein (IV) in your hand or forearm. If contrast is used, you also may be asked not to eat or drink anything for 4 to 6 hours before the test.&lt;/detail&gt;&lt;detail&gt;Let your health care provider know if you have ever had a reaction to contrast. You may need to take medicines before the test to avoid this problem.&lt;/detail&gt;&lt;detail&gt;Before receiving the contrast, tell your provider if you take the diabetes medicine metformin (Glucophage). You may need to take extra steps if you are taking this medicine.&lt;/detail&gt;&lt;text&gt;The contrast can worsen kidney function problems in people with poorly functioning kidneys.  Talk to your provider if you have a history of kidney problems.&lt;/text&gt;&lt;text&gt;Too much weight can cause damage to the scanner's working parts. If you weigh more than 300 pounds (135 kilograms), talk to your doctor about the weight limit before the test.&lt;/text&gt;&lt;text&gt;You will need to remove jewelry and wear a hospital gown during the CT exam.&lt;/text&gt;</HowtoPreparefortheTest><WhytheTestisPerformed>&lt;text&gt;You may need this test if you have symptoms of a  narrowed or blocked blood vessel  in the arms, hands, legs, or feet.&lt;/text&gt;&lt;text&gt;The test may also be done to diagnose:&lt;/text&gt;&lt;detail&gt;Abnormal widening or ballooning of part of an artery (aneurysm)&lt;/detail&gt;&lt;detail&gt;Bleeding&lt;/detail&gt;&lt;detail&gt;Swelling or inflammation of the blood vessels (vasculitis)&lt;/detail&gt;&lt;detail&gt;Leg pain during walking or exercise (claudication)&lt;/detail&gt;</WhytheTestisPerformed><NormalResults>&lt;text&gt;Results are considered normal if no problems are seen.&lt;/text&gt;</NormalResults><WhatAbnormalResultsMean>&lt;text&gt; An abnormal result is commonly due to narrowing and hardening of the arteries in the arms or legs from  plaque buildup in the artery walls .&lt;/text&gt;&lt;text&gt;The x-ray may show a blockage in the vessels caused by:&lt;/text&gt;&lt;detail&gt;Abnormal widening or ballooning of part of an artery ( aneurysm ) &lt;/detail&gt;&lt;detail&gt; Blood clots &lt;/detail&gt;&lt;detail&gt;Other diseases of the arteries&lt;/detail&gt;&lt;text&gt;Abnormal results may also be due to:&lt;/text&gt;&lt;detail&gt;Inflammation of the blood vessels&lt;/detail&gt;&lt;detail&gt;Injury to the blood vessels&lt;/detail&gt;&lt;detail&gt; Buerger disease (thromboangiitis obliterans) , a rare disease in which blood vessels of the hands and feet become blocked &lt;br&gt;&lt;/detail&gt;</WhatAbnormalResultsMean><AlternativeNames>&lt;detail&gt;Computed tomography angiography - peripheral&lt;/detail&gt;&lt;detail&gt; CTA - peripheral&lt;/detail&gt;&lt;detail&gt; CTA - Runoff&lt;/detail&gt;</AlternativeNames><Images><value><img_name>CT scan</img_name><img_url>https://medlineplus.gov/ency/images/ency/fullsize/23213.jpg</img_url></value></Images></item>
<item><title>CT angiography - abdomen and pelvis</title><url>https://medlineplus.gov/ency/article/007674.htm</url><HowtoPreparefortheTest>&lt;text&gt;You need to have a special dye, called contrast, put into your body before some exams. Contrast helps certain areas show up better on the x-rays.&lt;/text&gt;&lt;detail&gt;Contrast can be given through a vein (IV) in your hand or forearm. If contrast is used, you also may be asked not to eat or drink anything for 4 to 6 hours before the test.&lt;/detail&gt;&lt;detail&gt;You may also have to drink a different contrast before the exam. When you drink it will depend on the type of exam being done.Contrast has a chalky taste, although some have flavors so that they taste a little better. The contrast will pass out of your body through your stools.&lt;/detail&gt;&lt;detail&gt;Let your health care provider know if you have ever had a reaction to contrast. You may need to take medicines before the test in order to safely receive this substance.&lt;/detail&gt;&lt;detail&gt;Before receiving the contrast, tell your provider if you take the diabetes medication metformin (Glucophage). People taking this medicine may have to stop taking it for a while before the test.&lt;/detail&gt;&lt;text&gt;The contrast can worsen kidney function problems in patients with poorly functioning kidneys. Talk to your provider if you have a history of kidney problems.&lt;/text&gt;&lt;text&gt;Too much weight can damage the scanner. If you weigh more than 300 pounds (135 kilograms), talk to your provider about the weight limit before the test.&lt;/text&gt;&lt;text&gt;You will need to take off your jewelry and wear a hospital gown during the study.&lt;/text&gt;</HowtoPreparefortheTest><WhytheTestisPerformed>&lt;text&gt;A CT angiography scan quickly makes detailed pictures of the blood vessels inside your belly or pelvis.&lt;/text&gt;&lt;text&gt;This test may be used to look for: &lt;/text&gt;&lt;detail&gt;Abnormal widening or ballooning of part of an artery (aneurysm)&lt;/detail&gt;&lt;detail&gt;The source of  bleeding that starts in the intestines  or elsewhere in the belly or pelvis&lt;/detail&gt;&lt;detail&gt;Masses and tumors in the abdomen or pelvis, including cancer, when needed to help plan treatment&lt;/detail&gt;&lt;detail&gt;Cause of pain in the abdomen thought to be due to narrowing or blockage of one or more of the  arteries that supply the small and large intestines &lt;/detail&gt;&lt;detail&gt;Pain in the legs thought to be due to  narrowing of blood vessels that supply the legs and feet &lt;/detail&gt;&lt;detail&gt;High blood pressure due to narrowing of the  arteries that carry blood to the kidneys &lt;/detail&gt;&lt;text&gt;The test also may be used before:&lt;/text&gt;&lt;detail&gt;Surgery on blood vessels of liver&lt;/detail&gt;&lt;detail&gt; Kidney transplant &lt;/detail&gt;</WhytheTestisPerformed><NormalResults>&lt;text&gt;Results are considered normal if no problems are seen.&lt;/text&gt;</NormalResults><WhatAbnormalResultsMean>&lt;text&gt;The abdominal results may show:&lt;/text&gt;&lt;detail&gt;The source of bleeding inside the belly or pelvis&lt;/detail&gt;&lt;detail&gt;Narrowing of the artery that supplies the kidneys&lt;/detail&gt;&lt;detail&gt;Narrowing of arteries that supply the intestines&lt;/detail&gt;&lt;detail&gt;Narrowing of arteries that supply the legs &lt;/detail&gt;&lt;detail&gt;Ballooning or swelling of an artery (aneurysm), including the  aorta &lt;/detail&gt;&lt;detail&gt;A tear in the wall of the  major artery carrying blood out of the heart (aorta) &lt;/detail&gt;</WhatAbnormalResultsMean><AlternativeNames>&lt;detail&gt;Computed tomography angiography - abdomen and pelvis&lt;/detail&gt;&lt;detail&gt; CTA - abdomen and pelvis&lt;/detail&gt;&lt;detail&gt; Renal artery - CTA&lt;/detail&gt;&lt;detail&gt; Aortic - CTA&lt;/detail&gt;&lt;detail&gt; Mesenteric CTA&lt;/detail&gt;</AlternativeNames><Images><value><img_name>CT scan</img_name><img_url>https://medlineplus.gov/ency/images/ency/fullsize/23213.jpg</img_url></value></Images></item>
<item><title>CSF-VDRL test</title><url>https://medlineplus.gov/ency/article/003623.htm</url><HowtoPreparefortheTest>&lt;text&gt;Follow the health care provider's instructions on how to prepare for this test.&lt;/text&gt;</HowtoPreparefortheTest><WhytheTestisPerformed>&lt;text&gt;The CSF-VDRL test is done to diagnose syphilis in the brain or spinal cord. Brain and spinal cord involvement is often a sign of late-stage syphilis.&lt;/text&gt;&lt;text&gt;Blood screening tests ( VDRL  and  RPR ) are better at detecting middle-stage (secondary) syphilis.&lt;/text&gt;</WhytheTestisPerformed><NormalResults>&lt;text&gt;A negative result is normal.&lt;/text&gt;&lt;text&gt;False-negatives can occur. This means you can have syphilis even if this test is normal. Therefore, a negative test does not always rule out the infection. Other signs and tests may be used to diagnose neurosyphilis.&lt;/text&gt;</NormalResults><WhatAbnormalResultsMean>&lt;text&gt;A positive result is abnormal and is a sign of neurosyphilis.&lt;/text&gt;</WhatAbnormalResultsMean><AlternativeNames>&lt;detail&gt;Venereal disease research laboratory slide test - CSF&lt;/detail&gt;&lt;detail&gt; Neurosyphilis - VDRL&lt;/detail&gt;</AlternativeNames><Images><value><img_name>CSF test for syphilis</img_name><img_url>https://medlineplus.gov/ency/images/ency/fullsize/9243.jpg</img_url></value></Images></item>
<item><title>CSF total protein</title><url>https://medlineplus.gov/ency/article/003628.htm</url><WhytheTestisPerformed>&lt;text&gt;You may have this test to help diagnose:&lt;/text&gt;&lt;detail&gt;Tumors&lt;/detail&gt;&lt;detail&gt;Infection&lt;/detail&gt;&lt;detail&gt;Inflammation of several groups of nerve cells&lt;/detail&gt;&lt;detail&gt;Vasculitis &lt;/detail&gt;&lt;detail&gt;Blood in the spinal fluid&lt;/detail&gt;&lt;detail&gt;Multiple sclerosis (MS)&lt;/detail&gt;</WhytheTestisPerformed><NormalResults>&lt;text&gt;The normal protein range varies from lab to lab, but is typically about 15 to 60 milligrams per deciliter (mg/dL) or 0.15 to 0.6 milligrams per milliliter (mg/mL).&lt;/text&gt;&lt;text&gt;Normal value ranges may vary slightly among different laboratories. Talk to your health care provider about the meaning of your specific test results.&lt;/text&gt;&lt;text&gt;The examples above show the common measurements for results for these tests. Some laboratories use different measurements or may test different specimens.&lt;/text&gt;</NormalResults><WhatAbnormalResultsMean>&lt;text&gt;An abnormal protein level in the CSF suggests a problem in the central nervous system.&lt;/text&gt;&lt;text&gt;Increased protein level may be a sign of a tumor, bleeding, nerve inflammation, or injury. A blockage in the flow of spinal fluid can cause the rapid buildup of protein in the lower spinal area.&lt;/text&gt;&lt;text&gt;A decrease in protein level can mean your body is rapidly producing spinal fluid.&lt;/text&gt;</WhatAbnormalResultsMean><Images><value><img_name>CSF protein test</img_name><img_url>https://medlineplus.gov/ency/images/ency/fullsize/9241.jpg</img_url></value></Images></item>
<item><title>CSF smear</title><url>https://medlineplus.gov/ency/article/003768.htm</url><HowtoPreparefortheTest>&lt;text&gt;Follow instructions on how to prepare for a  spinal tap .&lt;/text&gt;</HowtoPreparefortheTest><WhytheTestisPerformed>&lt;text&gt;Your health care provider may order this test if you have signs of an infection that affects the brain or nervous system. The test helps identify what is causing the infection. This will help your provider decide on the best treatment&lt;/text&gt;</WhytheTestisPerformed><NormalResults>&lt;text&gt;A normal test result means there are no signs of an infection. This is also called a negative result. However, a normal result doesn't mean that there is no infection. The spinal tap and CSF smear may need to be done again.&lt;/text&gt;</NormalResults><WhatAbnormalResultsMean>&lt;text&gt;Bacteria or other germs found in the sample may be a sign of meningitis. This is an infection of the membranes covering the brain and spinal cord. The infection can be caused by  bacteria , fungi, or viruses.&lt;/text&gt;</WhatAbnormalResultsMean><AlternativeNames>&lt;detail&gt;Spinal fluid smear&lt;/detail&gt;&lt;detail&gt; Cerebrospinal fluid smear&lt;/detail&gt;</AlternativeNames><Images><value><img_name>CSF smear</img_name><img_url>https://medlineplus.gov/ency/images/ency/fullsize/9242.jpg</img_url></value></Images></item>
<item><title>CSF oligoclonal banding</title><url>https://medlineplus.gov/ency/article/003631.htm</url><WhytheTestisPerformed>&lt;text&gt;This test helps support the diagnosis of  multiple sclerosis  (MS). However, it does not confirm the diagnosis. Oligoclonal bands in the CSF can also be seen in other illnesses.&lt;/text&gt;</WhytheTestisPerformed><NormalResults>&lt;text&gt;Normally, one or no bands should be found in the CSF.&lt;/text&gt;&lt;text&gt;Note: Normal value ranges may vary slightly among different laboratories. Talk to your health care provider about the meaning of your specific test results.&lt;/text&gt;&lt;text&gt;The examples above show the common measurements for results for these tests. Some laboratories use different measurements or may test different specimens.&lt;/text&gt;</NormalResults><WhatAbnormalResultsMean>&lt;text&gt;There are two or more bandings found in the CSF and not in the blood. This may be a sign of multiple sclerosis or other inflammation.&lt;/text&gt;</WhatAbnormalResultsMean><AlternativeNames>&lt;detail&gt;Cerebrospinal fluid - immunofixation&lt;/detail&gt;</AlternativeNames><Images><value><img_name>CSF oligoclonal banding  - series</img_name><img_url>https://medlineplus.gov/ency/images/ency/fullsize/15166.jpg</img_url></value><value><img_name>Lumbar puncture (spinal tap)</img_name><img_url>https://medlineplus.gov/ency/images/ency/fullsize/19078.jpg</img_url></value></Images></item>
<item><title>CSF myelin basic protein</title><url>https://medlineplus.gov/ency/article/003370.htm</url><WhytheTestisPerformed>&lt;text&gt;This test is done to see if myelin is breaking down.  Multiple sclerosis  is the most common cause for this, but other causes may include:&lt;/text&gt;&lt;detail&gt;Bleeding of the central nervous system&lt;/detail&gt;&lt;detail&gt; Central nervous system trauma &lt;/detail&gt;&lt;detail&gt;Certain brain diseases (encephalopathies)&lt;/detail&gt;&lt;detail&gt;Infection of the central nervous system&lt;/detail&gt;&lt;detail&gt; Stroke &lt;/detail&gt;</WhytheTestisPerformed><NormalResults>&lt;text&gt;In general, there should be less than 4 ng/mL of myelin basic protein in the CSF.&lt;/text&gt;&lt;text&gt;Normal value ranges may vary slightly among different laboratories. Talk to your health care provider about the meaning of your specific test results.&lt;/text&gt;&lt;text&gt;The example above shows the common measurement result for this test. Some laboratories use different measurements or may test different specimens.&lt;/text&gt;</NormalResults><WhatAbnormalResultsMean>&lt;text&gt;Myelin basic protein levels between 4 and 8 ng/mL may be a sign of a long-term ( chronic ) breakdown of myelin. It may also indicate recovery from an  acute  episode of myelin breakdown.&lt;/text&gt;&lt;text&gt;If the myelin basic protein level is greater than 9 ng/mL, myelin is actively breaking down.&lt;/text&gt;</WhatAbnormalResultsMean><Images><value><img_name>Lumbar puncture (spinal tap)</img_name><img_url>https://medlineplus.gov/ency/images/ency/fullsize/19078.jpg</img_url></value></Images></item>
<item><title>CSF glucose test</title><url>https://medlineplus.gov/ency/article/003633.htm</url><WhytheTestisPerformed>&lt;text&gt;This test may be done to diagnose:&lt;/text&gt;&lt;detail&gt;Tumors&lt;/detail&gt;&lt;detail&gt;Infections&lt;/detail&gt;&lt;detail&gt;Inflammation of the central nervous system&lt;/detail&gt;&lt;detail&gt;Delirium&lt;/detail&gt;&lt;detail&gt;Other neurological and medical conditions&lt;/detail&gt;</WhytheTestisPerformed><NormalResults>&lt;text&gt;The glucose level in the CSF should be 50 to 80 mg/100 mL (or greater than 2/3 of the blood sugar level).&lt;/text&gt;&lt;text&gt;Note: Normal value ranges may vary slightly among different laboratories. Talk to your health care provider about the meaning of your specific test results.&lt;/text&gt;&lt;text&gt;The examples above show the common measurements for results for these tests. Some laboratories use different measurements or may test different specimens.&lt;/text&gt;</NormalResults><WhatAbnormalResultsMean>&lt;text&gt;Abnormal results include higher and lower glucose levels. Abnormal results may be due to:&lt;/text&gt;&lt;detail&gt;Infection (bacterial or fungus)&lt;/detail&gt;&lt;detail&gt;Inflammation of the central nervous system&lt;/detail&gt;&lt;detail&gt;Tumor &lt;/detail&gt;</WhatAbnormalResultsMean><AlternativeNames>&lt;detail&gt;Glucose test - CSF&lt;/detail&gt;&lt;detail&gt; Cerebrospinal fluid glucose test&lt;/detail&gt;</AlternativeNames><Images><value><img_name>Lumbar puncture (spinal tap)</img_name><img_url>https://medlineplus.gov/ency/images/ency/fullsize/19078.jpg</img_url></value></Images></item>
<item><title>CSF coccidioides complement fixation test</title><url>https://medlineplus.gov/ency/article/003526.htm</url><HowtoPreparefortheTest>&lt;text&gt;Follow your health care provider's instructions on how to prepare for the test. Expect to be in the hospital for several hours afterward.&lt;/text&gt;</HowtoPreparefortheTest><WhytheTestisPerformed>&lt;text&gt;This test checks if your central nervous system has an active infection from coccidioides.&lt;/text&gt;</WhytheTestisPerformed><NormalResults>&lt;text&gt;The absence of fungus (a negative test) is normal.&lt;/text&gt;</NormalResults><WhatAbnormalResultsMean>&lt;text&gt;If the test is positive for fungus, there may be an active infection in the central nervous system.&lt;/text&gt;&lt;text&gt;An abnormal spinal fluid test means that the central nervous system is infected. During the early stage of an illness, few antibodies may be detected. Antibody production increases during the course of an infection. For this reason, this test may be repeated several weeks after the first test.&lt;/text&gt;</WhatAbnormalResultsMean><AlternativeNames>&lt;detail&gt;Coccidioides antibody test - spinal fluid&lt;/detail&gt;</AlternativeNames></item>
<item><title>CSF cell count</title><url>https://medlineplus.gov/ency/article/003625.htm</url><WhytheTestisPerformed>&lt;text&gt;The CSF cell count may help detect:&lt;/text&gt;&lt;detail&gt; Meningitis  and infection of the brain or spinal cord&lt;/detail&gt;&lt;detail&gt; Tumor ,  abscess , or area of tissue death (infarct)&lt;/detail&gt;&lt;detail&gt;Inflammation&lt;/detail&gt;&lt;detail&gt;Bleeding into the spinal fluid (secondary to subarachnoid hemorrhage)&lt;/detail&gt;</WhytheTestisPerformed><NormalResults>&lt;text&gt;The normal white blood cell count is between 0 and 5. The normal red blood cell count is 0.&lt;/text&gt;&lt;text&gt;Note: Normal value ranges may vary slightly among different laboratories. Talk to your doctor about the meaning of your specific test results.&lt;/text&gt;&lt;text&gt;The examples above show the common measurements for results for these tests. Some laboratories use different measurements or may test different specimens.&lt;/text&gt;</NormalResults><WhatAbnormalResultsMean>&lt;text&gt;An increase of white blood cells indicates infection, inflammation, or bleeding into the cerebrospinal fluid. Some causes include:&lt;/text&gt;&lt;detail&gt;Abscess&lt;/detail&gt;&lt;detail&gt;Encephalitis&lt;/detail&gt;&lt;detail&gt;Hemorrhage&lt;/detail&gt;&lt;detail&gt;Meningitis&lt;/detail&gt;&lt;detail&gt; Multiple sclerosis &lt;/detail&gt;&lt;detail&gt;Other infections&lt;/detail&gt;&lt;detail&gt;Stroke&lt;/detail&gt;&lt;detail&gt;Tumor &lt;/detail&gt;&lt;text&gt;Finding red blood cells in the CSF may be a sign of bleeding. However, red blood cells in the CSF may also be due to the spinal tap needle hitting a blood vessel.&lt;/text&gt;&lt;text&gt;Additional conditions which this test may help diagnose include:&lt;/text&gt;&lt;detail&gt; Arteriovenous malformation (cerebral) &lt;/detail&gt;&lt;detail&gt; Cerebral aneurysm &lt;/detail&gt;&lt;detail&gt; Delirium &lt;/detail&gt;&lt;detail&gt; Guillain-Barre syndrome &lt;/detail&gt;&lt;detail&gt;Stroke&lt;/detail&gt;&lt;detail&gt; Neurosyphilis &lt;/detail&gt;&lt;detail&gt; Primary lymphoma of the brain &lt;/detail&gt;&lt;detail&gt;Seizure disorders, including epilepsy&lt;/detail&gt;&lt;detail&gt; Spinal tumor &lt;/detail&gt;</WhatAbnormalResultsMean><Images><value><img_name>CSF cell count</img_name><img_url>https://medlineplus.gov/ency/images/ency/fullsize/9238.jpg</img_url></value></Images></item>
<item><title>CSF analysis</title><url>https://medlineplus.gov/ency/article/003369.htm</url><HowtoPreparefortheTest>&lt;text&gt;Your health care provider will tell you how to prepare for  lumbar puncture . &lt;/text&gt;</HowtoPreparefortheTest><WhytheTestisPerformed>&lt;text&gt;Analysis of CSF can help detect certain conditions and diseases. All of the following can be, but are not always, measured in a sample of CSF:&lt;/text&gt;&lt;detail&gt;Antibodies and DNA of common viruses&lt;/detail&gt;&lt;detail&gt;Bacteria (including that which causes syphilis, using a  VDRL test )&lt;/detail&gt;&lt;detail&gt; Cell count &lt;/detail&gt;&lt;detail&gt;Chloride&lt;/detail&gt;&lt;detail&gt; Cryptococcal  antigen&lt;/detail&gt;&lt;detail&gt; Glucose &lt;/detail&gt;&lt;detail&gt;Glutamine&lt;/detail&gt;&lt;detail&gt; Lactate dehydrogenase &lt;/detail&gt;&lt;detail&gt; Oligoclonal banding  to look for specific proteins&lt;/detail&gt;&lt;detail&gt;Myelin basic protein &lt;br&gt;&lt;/detail&gt;&lt;detail&gt; Total protein &lt;/detail&gt;&lt;detail&gt;Whether there are cancerous cells present&lt;/detail&gt;&lt;detail&gt;Opening pressure &lt;br&gt;&lt;/detail&gt;</WhytheTestisPerformed><NormalResults>&lt;text&gt;Normal results include:&lt;/text&gt;&lt;detail&gt;Antibodies and DNA of common viruses: None&lt;/detail&gt;&lt;detail&gt;Bacteria: No bacteria grows in a lab culture&lt;/detail&gt;&lt;detail&gt;Cancerous cells: No cancerous cells present&lt;/detail&gt;&lt;detail&gt;Cell count: less than 5 white blood cells (all mononuclear) and 0 red blood cells&lt;/detail&gt;&lt;detail&gt;Chloride: 110 to 125 mEq/L (110 to 125 mmol/L)&lt;/detail&gt;&lt;detail&gt;Fungus: None&lt;/detail&gt;&lt;detail&gt;Glucose: 50 to 80 mg/dL or 2.77 to 4.44 mmol/L (or greater than two-thirds of blood sugar level)&lt;/detail&gt;&lt;detail&gt;Glutamine: 6 to 15 mg/dL (410.5 to 1,026 micromol/L)&lt;/detail&gt;&lt;detail&gt;Lactate dehydrogenase: less than 2.0 to 7.2 U/mL (0.3 to 0.12 microkat/L)&lt;/detail&gt;&lt;detail&gt;Oligoclonal bands: 0 or 1 bands that are not present in a matched serum sample&lt;/detail&gt;&lt;detail&gt; Protein : 15 to 60 mg/dL (0.15 to 0.6 g/L)&lt;/detail&gt;&lt;detail&gt;Opening pressure: 10 to 25 cm of CSF&lt;/detail&gt;&lt;detail&gt;Myelin basic protein: Less than 4ng/mL&lt;/detail&gt;&lt;text&gt;Normal value ranges may vary slightly among different laboratories. Talk to your provider about the meaning of your specific test results.&lt;/text&gt;&lt;text&gt;The examples above show the common measurements for results for these tests. Some laboratories use different measurements or may test different specimens.&lt;/text&gt;</NormalResults><WhatAbnormalResultsMean>&lt;text&gt;An abnormal CSF analysis result may be due to many different causes, including:&lt;/text&gt;&lt;detail&gt;Cancer&lt;/detail&gt;&lt;detail&gt; Encephalitis  (such as West Nile and Eastern Equine)&lt;/detail&gt;&lt;detail&gt; Hepatic encephalopathy &lt;/detail&gt;&lt;detail&gt;Infection&lt;/detail&gt;&lt;detail&gt;Inflammation&lt;/detail&gt;&lt;detail&gt; Reye syndrome &lt;/detail&gt;&lt;detail&gt; Meningitis  due to bacteria, fungus, tuberculosis, or a virus&lt;/detail&gt;&lt;detail&gt;Multiple sclerosis (MS)&lt;/detail&gt;&lt;detail&gt;Alzheimer disease&lt;/detail&gt;&lt;detail&gt;Amyotrophic lateral sclerosis (ALS)&lt;/detail&gt;</WhatAbnormalResultsMean><AlternativeNames>&lt;detail&gt;Cerebrospinal fluid analysis&lt;/detail&gt;</AlternativeNames><Images><value><img_name>CSF chemistry</img_name><img_url>https://medlineplus.gov/ency/images/ency/fullsize/9239.jpg</img_url></value></Images></item>
<item><title>Cryoglobulins</title><url>https://medlineplus.gov/ency/article/003555.htm</url><HowtoPreparefortheTest>&lt;text&gt;You may want to call ahead to ask to have your blood drawn by a lab technician who has experience collecting blood for this test.&lt;/text&gt;</HowtoPreparefortheTest><WhytheTestisPerformed>&lt;text&gt;This test is most often done when a person has symptoms of a condition associated with cryoglobulins. Cryoglobulins are associated with cryoglobulinemia. They also occur in other conditions that affect the skin, joints, kidneys, and nervous system.&lt;/text&gt;</WhytheTestisPerformed><NormalResults>&lt;text&gt;Normally, there are no cryoglobulins.&lt;/text&gt;&lt;text&gt;Note: Normal value ranges may vary slightly among different laboratories. Talk to your provider about the meaning of your specific test results.&lt;/text&gt;&lt;text&gt;The example above shows the common measurement for results for these tests. Some laboratories use different measurements or may test different specimens.&lt;/text&gt;</NormalResults><WhatAbnormalResultsMean>&lt;text&gt;A positive test may indicate:&lt;/text&gt;&lt;detail&gt;Hepatitis (especially hepatitis C)&lt;/detail&gt;&lt;detail&gt; Infectious mononucleosis &lt;/detail&gt;&lt;detail&gt;Leukemia&lt;/detail&gt;&lt;detail&gt; Lymphoma &lt;/detail&gt;&lt;detail&gt; Macroglobulinemia -- primary &lt;/detail&gt;&lt;detail&gt; Multiple myeloma &lt;/detail&gt;&lt;detail&gt; Rheumatoid arthritis &lt;/detail&gt;&lt;detail&gt; Systemic lupus erythematosus &lt;/detail&gt;&lt;text&gt;Additional conditions under which the test may be performed includes  nephrotic syndrome .&lt;/text&gt;</WhatAbnormalResultsMean><Images><value><img_name>Blood test</img_name><img_url>https://medlineplus.gov/ency/images/ency/fullsize/10026.jpg</img_url></value><value><img_name>Cryoglobulinemia of the fingers</img_name><img_url>https://medlineplus.gov/ency/images/ency/fullsize/1518.jpg</img_url></value></Images></item>
<item><title>Creatinine urine test</title><url>https://medlineplus.gov/ency/article/003610.htm</url><HowtoPreparefortheTest>&lt;text&gt;Your health care provider may tell you to temporarily stop taking certain medicines that may affect test results. Be sure to tell your provider about all the medicines you take. These include:&lt;/text&gt;&lt;detail&gt;Antibiotics such as cefoxitin or trimethoprim&lt;/detail&gt;&lt;detail&gt;Cimetidine &lt;/detail&gt;&lt;text&gt;DO NOT stop taking any medicine before talking to your provider.&lt;/text&gt;</HowtoPreparefortheTest><WhytheTestisPerformed>&lt;text&gt;Creatinine is a chemical waste product of creatine. Creatine is a chemical the body makes to supply energy, mainly to muscles.&lt;/text&gt;&lt;text&gt;This test is done to see how well your kidneys work. Creatinine is removed by the body entirely by the kidneys. If kidney function is not normal, creatinine level in your urine decreases.&lt;/text&gt;&lt;text&gt;This test can be used for the following:&lt;/text&gt;&lt;detail&gt;To evaluate how well the kidneys are working&lt;/detail&gt;&lt;detail&gt;As part of the  creatinine clearance  test&lt;/detail&gt;&lt;detail&gt;To provide information on other chemicals in the urine, such as albumin or protein &lt;/detail&gt;</WhytheTestisPerformed><NormalResults>&lt;text&gt;Urine creatinine (24-hour sample) values can range from 500 to 2000 mg/day (4420 to 17680 mmol/day). Results depend on your age and amount of lean body mass.&lt;/text&gt;&lt;text&gt;Another way of expressing the normal range for test results is: &lt;/text&gt;&lt;detail&gt;14 to 26 mg per kg of body mass per day for men ( 123.8 to 229.8 µmol/kg/day)&lt;/detail&gt;&lt;detail&gt;11 to 20 mg per kg of body mass per day for women (97.2 to 176.8 µmol/kg/day) &lt;/detail&gt;&lt;text&gt;Normal value ranges may vary slightly among different laboratories. Some labs use different measurements or test different samples. Talk to your doctor about the meaning of your specific test results.&lt;/text&gt;</NormalResults><WhatAbnormalResultsMean>&lt;text&gt;Abnormal results of urine creatinine may be due to any of the following: &lt;/text&gt;&lt;detail&gt;High meat diet&lt;/detail&gt;&lt;detail&gt;Kidney problems, such as  damage to the tubule cells &lt;/detail&gt;&lt;detail&gt; Kidney failure &lt;/detail&gt;&lt;detail&gt;Too little blood flow to the kidneys,  damage to filtering units &lt;/detail&gt;&lt;detail&gt;Kidney infection (pyelonephritis)&lt;/detail&gt;&lt;detail&gt;Muscle breakdown ( rhabdomyolysis ), or loss of muscle tissue ( myasthenia gravis )&lt;/detail&gt;&lt;detail&gt; Urinary tract obstruction &lt;/detail&gt;</WhatAbnormalResultsMean><AlternativeNames>&lt;detail&gt;Urine creatinine test&lt;/detail&gt;</AlternativeNames><Images><value><img_name>Female urinary tract</img_name><img_url>https://medlineplus.gov/ency/images/ency/fullsize/1122.jpg</img_url></value><value><img_name>Male urinary tract</img_name><img_url>https://medlineplus.gov/ency/images/ency/fullsize/1123.jpg</img_url></value><value><img_name>Creatinine tests</img_name><img_url>https://medlineplus.gov/ency/images/ency/fullsize/9229.jpg</img_url></value><value><img_name>Creatinine urine test</img_name><img_url>https://medlineplus.gov/ency/images/ency/fullsize/9230.jpg</img_url></value></Images></item>
<item><title>Creatinine clearance test</title><url>https://medlineplus.gov/ency/article/003611.htm</url><HowtoPreparefortheTest>&lt;text&gt;Your health care provider may ask you to temporarily stop any medicines that may affect the test results. These include some antibiotics and stomach acid medicines. Be sure to tell your provider about all the medicines you take. &lt;/text&gt;&lt;text&gt;DO NOT stop taking any medicine before talking to your provider.&lt;/text&gt;</HowtoPreparefortheTest><WhytheTestisPerformed>&lt;text&gt;Creatinine is a chemical waste product of creatine. Creatine is a chemical the body makes to supply energy, mainly to muscles.&lt;/text&gt;&lt;text&gt;By comparing the  creatinine level in urine  with the  creatinine level in blood , this test estimates the  glomerular filtration rate (GFR) . GFR is a measure of how well the kidneys are working, especially the kidneys' filtering units. These filtering units are called glomeruli.&lt;/text&gt;&lt;text&gt;Creatinine is removed, or cleared, from the body entirely by the kidneys. If kidney function is abnormal, creatinine level increases in the blood because less creatinine is released through the urine. &lt;/text&gt;</WhytheTestisPerformed><NormalResults>&lt;text&gt;Clearance is often measured as milliliters per minute (mL/min) or milliliters per second (mL/s). Normal values are:&lt;/text&gt;&lt;detail&gt;Male: 97 to 137 mL/min (1.65 to 2.33 mL/s).&lt;/detail&gt;&lt;detail&gt;Female: 88 to 128 mL/min (14.96 to 2.18 mL/s). &lt;/detail&gt;&lt;text&gt;Normal value ranges may vary slightly among different laboratories. Some labs use different measurements or test different samples. Talk to your doctor to know about the meaning of your specific test results. &lt;/text&gt;</NormalResults><WhatAbnormalResultsMean>&lt;text&gt;Abnormal results (lower than normal creatinine clearance) may indicate:&lt;/text&gt;&lt;detail&gt;  Kidney problems, such as  damage to the tubule cells &lt;/detail&gt;&lt;detail&gt; Kidney failure &lt;/detail&gt;&lt;detail&gt;Too little blood flow to the kidneys&lt;/detail&gt;&lt;detail&gt; Damage to the filtering units of the kidneys &lt;/detail&gt;&lt;detail&gt;Loss of body fluids (dehydration)&lt;/detail&gt;&lt;detail&gt;Bladder outlet obstruction&lt;/detail&gt;&lt;detail&gt;  Heart failure  &lt;/detail&gt;</WhatAbnormalResultsMean><AlternativeNames>&lt;detail&gt;Serum creatinine clearance&lt;/detail&gt;&lt;detail&gt; Kidney function - creatinine clearance&lt;/detail&gt;&lt;detail&gt; Renal function - creatinine clearance&lt;/detail&gt;</AlternativeNames><Images><value><img_name>Creatinine tests</img_name><img_url>https://medlineplus.gov/ency/images/ency/fullsize/9229.jpg</img_url></value></Images></item>
<item><title>Creatinine blood test</title><url>https://medlineplus.gov/ency/article/003475.htm</url><HowtoPreparefortheTest>&lt;text&gt;The health care provider may tell you to temporarily stop taking certain medicines that can affect the test. These medicines include:&lt;/text&gt;&lt;detail&gt;Cimetidine, famotidine, and ranitidine&lt;/detail&gt;&lt;detail&gt;Certain antibiotics, such as trimethoprim &lt;/detail&gt;&lt;text&gt;Tell your provider about all the medicines you take.&lt;/text&gt;</HowtoPreparefortheTest><WhytheTestisPerformed>&lt;text&gt;Creatinine is a chemical waste product of creatine. Creatine is a chemical made by the body and is used to supply energy mainly to muscles.&lt;/text&gt;&lt;text&gt;This test is done to see how well your kidneys work. Creatinine is removed from the body entirely by the kidneys. If kidney function is not normal, the creatinine level in your blood will increase. This is because less creatinine is released through your urine.&lt;/text&gt;</WhytheTestisPerformed><NormalResults>&lt;text&gt;A normal result is 0.7 to 1.3 mg/dL (61.9 to 114.9 µmol/L) for men and 0.6 to 1.1 mg/dL (53 to 97.2 µmol/L) for women.&lt;/text&gt;&lt;text&gt;Women usually have a lower creatinine level than men. This is because women usually have less muscle mass than men. Creatinine level varies based on a person's size and muscle mass.&lt;/text&gt;&lt;text&gt;The examples above are common measurements for results of these tests. Normal value ranges may vary slightly among different laboratories. Some labs use different measurements or test different samples. Talk to your doctor about the meaning of your specific test results.&lt;/text&gt;</NormalResults><WhatAbnormalResultsMean>&lt;text&gt;A higher than normal level may be due to:&lt;/text&gt;&lt;detail&gt;Blocked urinary tract&lt;/detail&gt;&lt;detail&gt;Kidney problems, such as kidney damage or failure, infection, or reduced blood flow&lt;/detail&gt;&lt;detail&gt;Loss of body fluid (dehydration)&lt;/detail&gt;&lt;detail&gt;Muscle problems, such as breakdown of muscle fibers ( rhabdomyolysis )  &lt;/detail&gt;&lt;detail&gt;Problems during pregnancy, such as seizures caused by  eclampsia  or high blood pressure caused by  preeclampsia &lt;/detail&gt;&lt;text&gt;A lower than normal level may be due to:&lt;/text&gt;&lt;detail&gt;Conditions involving the muscles and nerves that lead to decreased muscle mass&lt;/detail&gt;&lt;detail&gt; Malnutrition &lt;/detail&gt;&lt;text&gt;There are many other conditions for which the test may be ordered, such as high blood pressure, diabetes, or medicine overdose. Your provider will tell you more, if needed. &lt;/text&gt;</WhatAbnormalResultsMean><AlternativeNames>&lt;detail&gt;Serum creatinine&lt;/detail&gt;&lt;detail&gt; Kidney function - creatinine&lt;/detail&gt;&lt;detail&gt; Renal function - creatinine&lt;/detail&gt;</AlternativeNames><Images><value><img_name>Creatinine tests</img_name><img_url>https://medlineplus.gov/ency/images/ency/fullsize/9229.jpg</img_url></value></Images></item>
<item><title>Creatine phosphokinase test</title><url>https://medlineplus.gov/ency/article/003503.htm</url><HowtoPreparefortheTest>&lt;text&gt;No special preparation is needed most of the time.&lt;/text&gt;&lt;text&gt;Tell your health care provider about any medicines you are taking. Drugs that can increase CPK measurements include amphotericin B, certain anesthetics, statins, fibrates, dexamethasone, alcohol, and cocaine.&lt;/text&gt;</HowtoPreparefortheTest><WhytheTestisPerformed>&lt;text&gt;When the total CPK level is very high, it most often means there has been injury or stress to muscle tissue, the heart, or the brain. &lt;/text&gt;&lt;text&gt;Muscle tissue injury is most likely. When a muscle is damaged, CPK leaks into the bloodstream. Finding which specific form of CPK is high helps determine which tissue has been damaged.&lt;/text&gt;&lt;text&gt;This test may be used to:&lt;/text&gt;&lt;detail&gt;Diagnose  heart attack &lt;/detail&gt;&lt;detail&gt;Evaluate cause of  chest pain &lt;/detail&gt;&lt;detail&gt;Determine if or how badly a muscle is damaged&lt;/detail&gt;&lt;detail&gt;Detect  dermatomyositis ,  polymyositis , and other muscle diseases&lt;/detail&gt;&lt;detail&gt;Tell the difference between  malignant hyperthermia  and postoperative infection &lt;/detail&gt;&lt;text&gt;The pattern and timing of a rise or fall in CPK levels can be significant in making a diagnosis. This is particularly true if a heart attack is suspected. &lt;/text&gt;&lt;text&gt;In most cases other tests are used instead of or with this test to diagnose a heart attack. &lt;/text&gt;</WhytheTestisPerformed><NormalResults>&lt;text&gt;Total CPK normal values: &lt;/text&gt;&lt;detail&gt;10 to 120 micrograms per liter (mcg/L) &lt;/detail&gt;&lt;text&gt;Normal value ranges may vary slightly among different laboratories. Some labs use different measurements or test different samples. Talk to your provider about the meaning of your specific test results. &lt;/text&gt;</NormalResults><WhatAbnormalResultsMean>&lt;text&gt;High CPK levels may be seen in people who have:&lt;/text&gt;&lt;detail&gt;Brain injury or stroke&lt;/detail&gt;&lt;detail&gt; Convulsions &lt;/detail&gt;&lt;detail&gt;Delirium tremens&lt;/detail&gt;&lt;detail&gt;Dermatomyositis or polymyositis&lt;/detail&gt;&lt;detail&gt; Electric shock &lt;/detail&gt;&lt;detail&gt;Heart attack&lt;/detail&gt;&lt;detail&gt;Inflammation of the heart muscle (myocarditis)&lt;/detail&gt;&lt;detail&gt;Lung tissue death (pulmonary infarction)&lt;/detail&gt;&lt;detail&gt;Muscular dystrophies&lt;/detail&gt;&lt;detail&gt;Myopathy&lt;/detail&gt;&lt;detail&gt; Rhabdomyolysis &lt;/detail&gt;&lt;text&gt;Other conditions that may give positive test results include:&lt;/text&gt;&lt;detail&gt; Hypothyroidism &lt;/detail&gt;&lt;detail&gt;Hyperthyroidism&lt;/detail&gt;&lt;detail&gt; Pericarditis following a heart attack &lt;/detail&gt;</WhatAbnormalResultsMean><AlternativeNames>&lt;detail&gt;CPK test&lt;/detail&gt;</AlternativeNames><Images><value><img_name>Blood test</img_name><img_url>https://medlineplus.gov/ency/images/ency/fullsize/10026.jpg</img_url></value></Images></item>
<item><title>CPK isoenzymes test</title><url>https://medlineplus.gov/ency/article/003504.htm</url><HowtoPreparefortheTest>&lt;text&gt;No special preparation is needed in most cases.&lt;/text&gt;&lt;text&gt;Tell your provider about all the medicines you are taking. Some drugs can interfere with test results. Drugs that can increase CPK measurements include the following:&lt;/text&gt;&lt;detail&gt;Alcohol&lt;/detail&gt;&lt;detail&gt;Amphotericin B&lt;/detail&gt;&lt;detail&gt;Certain anesthetics&lt;/detail&gt;&lt;detail&gt;Cocaine&lt;/detail&gt;&lt;detail&gt;Fibrate drugs&lt;/detail&gt;&lt;detail&gt;Statins&lt;/detail&gt;&lt;detail&gt;Steroids, such as dexamethasone &lt;/detail&gt;&lt;text&gt;This list is not all-inclusive.&lt;/text&gt;</HowtoPreparefortheTest><WhytheTestisPerformed>&lt;text&gt;This test is done if a  CPK test  shows that your total CPK level is elevated. CPK isoenzyme testing can help find the exact source of the damaged tissue.&lt;/text&gt;&lt;text&gt;CPK is made of three slightly different substances:&lt;/text&gt;&lt;detail&gt;CPK-1 (also called CPK-BB) is found mostly in the brain and lungs&lt;/detail&gt;&lt;detail&gt;CPK-2 (also called CPK-MB) is found mostly in the heart&lt;/detail&gt;&lt;detail&gt;CPK-3 (also called CPK-MM) is found mostly in skeletal muscle &lt;/detail&gt;</WhytheTestisPerformed><WhatAbnormalResultsMean>&lt;text&gt;Higher-than-normal CPK-1 levels:&lt;/text&gt;&lt;text&gt;Because CPK-1 is found mostly in the brain and lungs, injury to either of these areas can increase CPK-1 levels. Increased CPK-1 levels may be due to:&lt;/text&gt;&lt;detail&gt; Brain cancer &lt;/detail&gt;&lt;detail&gt; Brain injury  (due to any type of injury including, stroke, or bleeding in the brain)&lt;/detail&gt;&lt;detail&gt;Electroconvulsive therapy&lt;/detail&gt;&lt;detail&gt;Pulmonary infarction&lt;/detail&gt;&lt;detail&gt; Seizure &lt;/detail&gt;&lt;text&gt;Higher-than-normal CPK-2 levels:&lt;/text&gt;&lt;text&gt;CPK-2 levels rise 3 to 6 hours after a  heart attack . If there is no further heart muscle damage, the level peaks at 12 to 24 hours and returns to normal 12 to 48 hours after tissue death.&lt;/text&gt;&lt;text&gt;Increased CPK-2 levels may also be due to:&lt;/text&gt;&lt;detail&gt;Electrical injuries&lt;/detail&gt;&lt;detail&gt;Heart  defibrillation  (purposeful shocking of the heart by medical personnel)&lt;/detail&gt;&lt;detail&gt;Heart injury (for instance, from a car accident)&lt;/detail&gt;&lt;detail&gt;Inflammation of the heart muscle usually due to a virus (myocarditis)&lt;/detail&gt;&lt;detail&gt;Open heart surgery &lt;/detail&gt;&lt;text&gt;Higher-than-normal CPK-3 levels are most often a sign of muscle injury or muscle stress. They may be due to:&lt;/text&gt;&lt;detail&gt; Crush injuries &lt;/detail&gt;&lt;detail&gt;Muscle damage due to drugs or being immobile for a long time ( rhabdomyolysis )&lt;/detail&gt;&lt;detail&gt; Muscular dystrophy &lt;/detail&gt;&lt;detail&gt; Myositis  (skeletal muscle inflammation)&lt;/detail&gt;&lt;detail&gt;Receiving many intramuscular injections&lt;/detail&gt;&lt;detail&gt;Recent nerve and muscle function testing (electromyography)&lt;/detail&gt;&lt;detail&gt;Recent seizures&lt;/detail&gt;&lt;detail&gt;Recent surgery&lt;/detail&gt;&lt;detail&gt;Strenuous exercise &lt;/detail&gt;</WhatAbnormalResultsMean><AlternativeNames>&lt;detail&gt;Creatine phosphokinase - isoenzymes&lt;/detail&gt;&lt;detail&gt; Creatine kinase - isoenzymes&lt;/detail&gt;&lt;detail&gt; CK - isoenzymes&lt;/detail&gt;&lt;detail&gt; Heart attack - CPK&lt;/detail&gt;&lt;detail&gt; Crush - CPK&lt;/detail&gt;</AlternativeNames><Images><value><img_name>Blood test</img_name><img_url>https://medlineplus.gov/ency/images/ency/fullsize/10026.jpg</img_url></value></Images></item>
<item><title>Cortisol urine test</title><url>https://medlineplus.gov/ency/article/003703.htm</url><HowtoPreparefortheTest>&lt;text&gt;You may be asked not to do any vigorous exercising the day before the test.&lt;/text&gt;&lt;text&gt;You may also be told to temporarily stop taking medicines that can affect the test, including:&lt;/text&gt;&lt;detail&gt;Anti-seizure drugs&lt;/detail&gt;&lt;detail&gt;Estrogen&lt;/detail&gt;&lt;detail&gt;Human-made (synthetic) glucocorticoids, such as hydrocortisone, prednisone and prednisolone&lt;/detail&gt;&lt;detail&gt;Androgens &lt;/detail&gt;</HowtoPreparefortheTest><WhytheTestisPerformed>&lt;text&gt;The test is done to check for increased or decreased cortisol production. Cortisol is a glucocorticoid (steroid) hormone released from the adrenal gland in response to adrenocorticotropic hormone ( ACTH ). This is a hormone released from the pituitary gland in the brain. Cortisol affects many different body systems. It plays a role in:&lt;/text&gt;&lt;detail&gt;Bone growth&lt;/detail&gt;&lt;detail&gt;Blood pressure control&lt;/detail&gt;&lt;detail&gt;Immune system function&lt;/detail&gt;&lt;detail&gt;Metabolism of fats, carbohydrates, and protein&lt;/detail&gt;&lt;detail&gt;Nervous system function&lt;/detail&gt;&lt;detail&gt;Stress response&lt;/detail&gt;&lt;text&gt;Different diseases, such as  Cushing syndrome  and  Addison disease , can lead to either too much or too little production of cortisol. Measuring urine cortisol level can help diagnose these conditions.&lt;/text&gt;</WhytheTestisPerformed><NormalResults>&lt;text&gt;Normal range is 4 to 40 mcg/24 hours or 11 to 110 nmol/day.&lt;/text&gt;&lt;text&gt;Normal value ranges may vary slightly among different laboratories. Some labs use different measurements or may test different specimens. Talk to your provider about the meaning of your specific test results.&lt;/text&gt;</NormalResults><WhatAbnormalResultsMean>&lt;text&gt;A higher than normal level may indicate:&lt;/text&gt;&lt;detail&gt; Cushing disease , in which the pituitary gland makes too much ACTH because of excess growth of the pituitary gland or a tumor in the pituitary gland&lt;/detail&gt;&lt;detail&gt; Ectopic Cushing syndrome , in which a tumor outside the pituitary or adrenal glands makes too much ACTH&lt;/detail&gt;&lt;detail&gt;Severe depression&lt;/detail&gt;&lt;detail&gt; Tumor of the adrenal gland  that is producing too much cortisol &lt;/detail&gt;&lt;detail&gt;Severe stress&lt;/detail&gt;&lt;detail&gt;Rare genetic disorders&lt;/detail&gt;&lt;text&gt;A lower than normal level may indicate:&lt;/text&gt;&lt;detail&gt;Addison disease in which the adrenal glands do not produce enough cortisol&lt;/detail&gt;&lt;detail&gt; Hypopituitarism  in which the pituitary gland does not signal the adrenal gland to produce enough cortisol&lt;/detail&gt;&lt;detail&gt;Suppression of normal pituitary or adrenal function by glucocorticoid medicines including pills, skin creams, eyedrops, inhalers, joint injections, chemotherapy &lt;/detail&gt;</WhatAbnormalResultsMean><AlternativeNames>&lt;detail&gt;24-hour urinary free cortisol (UFC)&lt;/detail&gt;</AlternativeNames><Images><value><img_name>Female urinary tract</img_name><img_url>https://medlineplus.gov/ency/images/ency/fullsize/1122.jpg</img_url></value><value><img_name>Male urinary tract</img_name><img_url>https://medlineplus.gov/ency/images/ency/fullsize/1123.jpg</img_url></value></Images></item>
<item><title>Cortisol blood test</title><url>https://medlineplus.gov/ency/article/003693.htm</url><HowtoPreparefortheTest>&lt;text&gt;Your doctor will likely have you do the test early in the morning. This is important, because cortisol level varies throughout the day.&lt;/text&gt;&lt;text&gt;You may be asked not to do any vigorous exercising the day before the test.&lt;/text&gt;&lt;text&gt;You may also be told to temporarily stop taking medicines that can affect the test, including:&lt;/text&gt;&lt;detail&gt;Anti-seizure drugs&lt;/detail&gt;&lt;detail&gt;Estrogen&lt;/detail&gt;&lt;detail&gt;Human-made (synthetic) glucocorticoids, such as hydrocortisone, prednisone and prednisolone&lt;/detail&gt;&lt;detail&gt;Androgens&lt;/detail&gt;</HowtoPreparefortheTest><WhytheTestisPerformed>&lt;text&gt;The test is done to check for increased or decreased cortisol production. Cortisol is a glucocorticoid (steroid) hormone released from the adrenal gland in response to adrenocorticotropic hormone (ACTH). ACTH is a hormone released from the pituitary gland in the brain.&lt;/text&gt;&lt;text&gt;Cortisol affects many different body systems. It plays a role in:&lt;/text&gt;&lt;detail&gt;Bone growth&lt;/detail&gt;&lt;detail&gt;Blood pressure control&lt;/detail&gt;&lt;detail&gt;Immune system function&lt;/detail&gt;&lt;detail&gt;Metabolism of fats, carbohydrates, and protein&lt;/detail&gt;&lt;detail&gt;Nervous system function&lt;/detail&gt;&lt;detail&gt;Stress response &lt;/detail&gt;&lt;text&gt;Different diseases, such as  Cushing syndrome  and  Addison disease , can lead to either too much or too little production of cortisol. Measuring blood cortisol level can help diagnose these conditions. It is also measured to evaluate how well the pituitary and adrenal glands are working.&lt;/text&gt;&lt;text&gt;The test is often done before and 1 hour after injection of a medicine called ACTH. This part of the test is called an  ACTH stimulation test . It is an additional test that helps check the function of the pituitary and adrenal glands.&lt;/text&gt;&lt;text&gt;Other conditions for which the test may be ordered include:&lt;/text&gt;&lt;detail&gt; Acute adrenal crisis , a life-threatening condition that occurs when there is not enough cortisol&lt;/detail&gt;&lt;detail&gt; Sepsis , an illness in which the body has a severe response to bacteria or other germs&lt;/detail&gt;&lt;detail&gt; Low blood pressure &lt;/detail&gt;</WhytheTestisPerformed><NormalResults>&lt;text&gt;Normal values for a blood sample taken at 8 in the morning are 5 to 25 mcg/dL or 140 to 690 nmol/L.&lt;/text&gt;&lt;text&gt;Normal values depend on the time of day and the clinical context. Normal ranges may vary slightly among different laboratories. Some labs use different measurements or may test different specimens. Talk to your doctor about the meaning of your specific test results.&lt;/text&gt;</NormalResults><WhatAbnormalResultsMean>&lt;text&gt;A higher than normal level may indicate:&lt;/text&gt;&lt;detail&gt; Cushing disease , in which the pituitary gland makes too much ACTH because of excess growth of the pituitary gland or a tumor in the pituitary gland&lt;/detail&gt;&lt;detail&gt; Ectopic Cushing syndrome , in which a tumor outside the pituitary or adrenal glands makes too much ACTH&lt;/detail&gt;&lt;detail&gt;Tumor of the adrenal gland that is producing too much cortisol &lt;/detail&gt;&lt;text&gt;A lower than normal level may indicate:&lt;/text&gt;&lt;detail&gt;Addison disease, in which the adrenal glands do not produce enough cortisol&lt;/detail&gt;&lt;detail&gt; Hypopituitarism , in which the pituitary gland does not signal the adrenal gland to produce enough cortisol&lt;/detail&gt;&lt;detail&gt;Suppression of normal pituitary or adrenal function by glucocorticoid medicines including pills, skin creams, eyedrops, inhalers, joint injections, chemotherapy &lt;/detail&gt;</WhatAbnormalResultsMean><AlternativeNames>&lt;detail&gt;Serum cortisol&lt;/detail&gt;</AlternativeNames></item>
<item><title>Coronary angiography</title><url>https://medlineplus.gov/ency/article/003876.htm</url><HowtoPreparefortheTest>&lt;text&gt;You should not eat or drink anything for 8 hours before the test starts. You may need to stay in the hospital the night before the test. Otherwise, you will check in to the hospital the morning of the test.&lt;/text&gt;&lt;text&gt;You will wear a hospital gown. You must sign a consent form before the test. Your health care provider will explain the procedure and its risks.&lt;/text&gt;&lt;text&gt;Tell your provider if you: &lt;/text&gt;&lt;detail&gt;Are allergic to any medicines or if you have had a bad reaction to contrast material in the past&lt;/detail&gt;&lt;detail&gt;Are taking Viagra&lt;/detail&gt;&lt;detail&gt;Might be pregnant &lt;/detail&gt;</HowtoPreparefortheTest><WhytheTestisPerformed>&lt;text&gt;Coronary angiography may be done if: &lt;/text&gt;&lt;detail&gt;You have angina for the first time.&lt;/detail&gt;&lt;detail&gt;Your angina that is becoming worse, not going away, occurring more often, or happening at rest (called  unstable angina ).&lt;/detail&gt;&lt;detail&gt;You have  aortic stenosis  or another valve problem.&lt;/detail&gt;&lt;detail&gt;You have atypical chest pain, when other tests are normal.&lt;/detail&gt;&lt;detail&gt;You had an abnormal heart stress test.&lt;/detail&gt;&lt;detail&gt;You are going to have surgery on your heart and you are at high risk for coronary artery disease.&lt;/detail&gt;&lt;detail&gt;You have  heart failure .&lt;/detail&gt;&lt;detail&gt;You have been diagnosed as having a heart attack.&lt;/detail&gt;</WhytheTestisPerformed><NormalResults>&lt;text&gt;There is a normal supply of blood to the heart and no blockages.&lt;/text&gt;</NormalResults><WhatAbnormalResultsMean>&lt;text&gt;An abnormal result may mean you have a blocked artery. The test can show how many coronary arteries are blocked, where they are blocked, and the severity of the blockages.&lt;/text&gt;</WhatAbnormalResultsMean><AlternativeNames>&lt;detail&gt;Cardiac angiography&lt;/detail&gt;&lt;detail&gt; Angiography - heart&lt;/detail&gt;&lt;detail&gt; Angiogram - coronary&lt;/detail&gt;&lt;detail&gt; Coronary artery disease - angiography&lt;/detail&gt;&lt;detail&gt; CAD - angiography&lt;/detail&gt;&lt;detail&gt; Angina - angiography&lt;/detail&gt;&lt;detail&gt; Heart disease - angiography&lt;/detail&gt;</AlternativeNames><Images><value><img_name>Coronary angiography</img_name><img_url>https://medlineplus.gov/ency/images/ency/fullsize/18129.jpg</img_url></value></Images></item>
<item><title>Cord blood testing</title><url>https://medlineplus.gov/ency/article/003403.htm</url><HowtoPreparefortheTest>&lt;text&gt;No special steps are needed to prepare for this test.&lt;/text&gt;</HowtoPreparefortheTest><WhytheTestisPerformed>&lt;text&gt;Cord blood testing is done to measure the following in your baby's blood:&lt;/text&gt;&lt;detail&gt; Bilirubin  level&lt;/detail&gt;&lt;detail&gt; Blood culture  (if an infection is suspected)&lt;/detail&gt;&lt;detail&gt;Blood gases (including oxygen, carbon dioxide, and pH levels)&lt;/detail&gt;&lt;detail&gt;Blood sugar level&lt;/detail&gt;&lt;detail&gt; Blood type  and Rh&lt;/detail&gt;&lt;detail&gt;Complete blood count ( CBC )&lt;/detail&gt;&lt;detail&gt;Platelet count &lt;/detail&gt;</WhytheTestisPerformed><NormalResults>&lt;text&gt;Normal values mean that all items checked are within normal range.&lt;/text&gt;</NormalResults><WhatAbnormalResultsMean>&lt;text&gt;A low pH (less than 7.04 to 7.10) means there are higher levels of acids in the baby's blood. This might occur when the baby does not get enough oxygen during labor. One reason for this could be that the umbilical cord was compressed during labor or delivery.&lt;/text&gt;&lt;text&gt;A blood culture that is positive for bacteria means your baby has a blood infection.&lt;/text&gt;&lt;text&gt;High level of blood sugar (glucose) in the cord blood may be found if the mother has diabetes. The newborn will be watched for hypoglycemia (low blood sugar) after delivery.&lt;/text&gt;&lt;text&gt; High level of bilirubin in the newborn  has many causes, which could be due to infections the baby gets.&lt;/text&gt;&lt;text&gt;  Note: Normal value ranges may vary slightly among different laboratories. Talk to your doctor about the meaning of your specific test results.&lt;/text&gt;</WhatAbnormalResultsMean></item>
<item><title>Coombs test</title><url>https://medlineplus.gov/ency/article/003344.htm</url><HowtoPreparefortheTest>&lt;text&gt;No special preparation is necessary for this test.&lt;/text&gt;</HowtoPreparefortheTest><WhytheTestisPerformed>&lt;text&gt;There are two types of the Coombs test:&lt;/text&gt;&lt;detail&gt;Direct&lt;/detail&gt;&lt;detail&gt;Indirect&lt;/detail&gt;&lt;text&gt;The direct Coombs test is used to detect antibodies that are stuck to the surface of red blood cells. Many diseases and drugs can cause this to happen. These antibodies sometimes destroy red blood cells and cause  anemia . Your health care provider may recommend this test if you have signs or symptoms of anemia or jaundice (yellowing of the skin or eyes).&lt;/text&gt;&lt;text&gt;The indirect Coombs test looks for antibodies that are floating in the blood. These antibodies could act against certain red blood cells. This test is most often done to determine if you may have a reaction to a blood transfusion.&lt;/text&gt;</WhytheTestisPerformed><NormalResults>&lt;text&gt;A normal result is called a negative result. It means there was no clumping of cells and you have no antibodies to red blood cells.&lt;/text&gt;&lt;text&gt;Normal value ranges may vary slightly among different laboratories. Some labs use different measurements or test different samples. Talk to your provider about the meaning of your specific test results.&lt;/text&gt;</NormalResults><WhatAbnormalResultsMean>&lt;text&gt;An abnormal (positive) direct Coombs test means you have antibodies that act against your red blood cells. This may be due to:&lt;/text&gt;&lt;detail&gt;  Autoimmune  hemolytic anemia &lt;/detail&gt;&lt;detail&gt; Chronic lymphocytic leukemia  or similar disorder&lt;/detail&gt;&lt;detail&gt;  Blood disease in newborns called  erythroblastosis fetalis  (also called hemolytic disease of the newborn)&lt;/detail&gt;&lt;detail&gt; Infectious mononucleosis &lt;/detail&gt;&lt;detail&gt;Mycoplasma infection&lt;/detail&gt;&lt;detail&gt;Syphilis&lt;/detail&gt;&lt;detail&gt; Systemic lupus erythematosus &lt;/detail&gt;&lt;detail&gt; Transfusion reaction , such as one due to improperly matched units of blood &lt;/detail&gt;&lt;text&gt;The test result may also be abnormal without any clear cause, especially among the older people.&lt;/text&gt;&lt;text&gt;An abnormal (positive) indirect Coombs test means you have antibodies that will act against red blood cells that your body views as foreign. This may suggest:&lt;/text&gt;&lt;detail&gt;Erythroblastosis fetalis&lt;/detail&gt;&lt;detail&gt;Incompatible blood match (when used in blood banks) &lt;/detail&gt;</WhatAbnormalResultsMean><AlternativeNames>&lt;detail&gt;Direct antiglobulin test&lt;/detail&gt;&lt;detail&gt; Indirect antiglobulin test&lt;/detail&gt;&lt;detail&gt; Anemia - hemolytic&lt;/detail&gt;</AlternativeNames></item>
<item><title>Cone biopsy</title><url>https://medlineplus.gov/ency/article/003910.htm</url><HowtoPreparefortheTest>&lt;text&gt;You may be asked to not eat or drink for 6 to 8 hours before the test. &lt;/text&gt;</HowtoPreparefortheTest><WhytheTestisPerformed>&lt;text&gt;Cone biopsy is done to detect cervical cancer or early changes that lead to cancer. A cone biopsy is done if a test called  colposcopy  cannot find the cause of an abnormal Pap smear.&lt;/text&gt;&lt;text&gt;Cone biopsy may also be used to treat:&lt;/text&gt;&lt;detail&gt;Moderate to severe types of abnormal cell changes (called CIN II or CIN III)&lt;/detail&gt;&lt;detail&gt;Very early stage  cervical cancer  (stage 0 or IA1) &lt;/detail&gt;</WhytheTestisPerformed><NormalResults>&lt;text&gt;A normal result means there are no precancerous or cancerous cells in the cervix.&lt;/text&gt;</NormalResults><WhatAbnormalResultsMean>&lt;text&gt;Most often, abnormal results mean that there are precancerous or cancerous cells in the cervix. These changes are called cervical intraepithelial neoplasia (CIN). The changes are divided into 3 groups:&lt;/text&gt;&lt;detail&gt;CIN I -- mild dysplasia&lt;/detail&gt;&lt;detail&gt;CIN II -- moderate to marked dysplasia&lt;/detail&gt;&lt;detail&gt;CIN III -- severe dysplasia to carcinoma in situ &lt;/detail&gt;&lt;text&gt;Abnormal results may also be due to cervical cancer. &lt;/text&gt;</WhatAbnormalResultsMean><AlternativeNames>&lt;detail&gt;Biopsy - cone&lt;/detail&gt;&lt;detail&gt; Cervical conization&lt;/detail&gt;&lt;detail&gt; CKC&lt;/detail&gt;&lt;detail&gt; Cervical intraepithelial neoplasia - cone biopsy&lt;/detail&gt;&lt;detail&gt; CIN - cone biopsy&lt;/detail&gt;&lt;detail&gt; Precancerous changes of the cervix - cone biopsy&lt;/detail&gt;&lt;detail&gt; Cervical cancer - cone biopsy&lt;/detail&gt;&lt;detail&gt; Squamous intraepithelial lesion - cone biopsy&lt;/detail&gt;&lt;detail&gt; LSIL - cone biopsy&lt;/detail&gt;&lt;detail&gt; HSIL - cone biopsy&lt;/detail&gt;&lt;detail&gt; Low-grade cone biopsy&lt;/detail&gt;&lt;detail&gt; High-grade cone biopsy&lt;/detail&gt;&lt;detail&gt; Carcinoma in situ-cone biopsy&lt;/detail&gt;&lt;detail&gt; CIS - cone biopsy&lt;/detail&gt;&lt;detail&gt; ASCUS - cone biopsy&lt;/detail&gt;&lt;detail&gt; Atypical glandular cells - cone biopsy&lt;/detail&gt;&lt;detail&gt; AGUS - cone biopsy&lt;/detail&gt;&lt;detail&gt; Atypical squamous cells - cone biopsy&lt;/detail&gt;&lt;detail&gt; Pap smear - cone biopsy&lt;/detail&gt;&lt;detail&gt; HPV - cone biopsy&lt;/detail&gt;&lt;detail&gt; Human papilloma virus - cone biopsy&lt;/detail&gt;&lt;detail&gt; Cervix - cone biopsy&lt;/detail&gt;&lt;detail&gt; Colposcopy - cone biopsy&lt;/detail&gt;</AlternativeNames><Images><value><img_name>Female reproductive anatomy</img_name><img_url>https://medlineplus.gov/ency/images/ency/fullsize/1112.jpg</img_url></value><value><img_name>Cold cone biopsy</img_name><img_url>https://medlineplus.gov/ency/images/ency/fullsize/17040.jpg</img_url></value><value><img_name>Cold cone removal</img_name><img_url>https://medlineplus.gov/ency/images/ency/fullsize/9633.jpg</img_url></value></Images></item>
<item><title>Comprehensive metabolic panel</title><url>https://medlineplus.gov/ency/article/003468.htm</url><HowtoPreparefortheTest>&lt;text&gt;You should not eat or drink for 8 hours before the test.&lt;/text&gt;</HowtoPreparefortheTest><WhytheTestisPerformed>&lt;text&gt;This test gives your health care provider information about:&lt;/text&gt;&lt;detail&gt;How your kidneys and liver are working&lt;/detail&gt;&lt;detail&gt;Blood sugar, cholesterol, and calcium levels&lt;/detail&gt;&lt;detail&gt;Sodium, potassium, and chloride levels (called  electrolytes )&lt;/detail&gt;&lt;detail&gt;Protein levels &lt;/detail&gt;&lt;text&gt;Your provider may order this test during a yearly exam or routine checkup.&lt;/text&gt;</WhytheTestisPerformed><NormalResults>&lt;text&gt;Normal values for the panel tests are:&lt;/text&gt;&lt;detail&gt; Albumin : 3.4 to 5.4 g/dL (34 to 54 g/L)&lt;/detail&gt;&lt;detail&gt; Alkaline phosphatase : 44 to 147 IU/L (0.73 to 2.45 µkat/L)&lt;/detail&gt;&lt;detail&gt; ALT  (alanine aminotransferase): 7 to 40 IU/L (0.12 to 0.67 µkat/L)&lt;/detail&gt;&lt;detail&gt; AST  (aspartate aminotransferase): 10 to 34 IU/L (0.17 to 0.57 µkat/L)&lt;/detail&gt;&lt;detail&gt; BUN  (blood urea nitrogen): 6 to 20 mg/dL (2.14 to 7.14 mmol/L)&lt;/detail&gt;&lt;detail&gt; Calcium : 8.5 to 10.2 mg/dL (2.13 to 2.55 mmol/L)&lt;/detail&gt;&lt;detail&gt; Chloride : 96 to 106 mEq/L (96 to 106 mmol/L)&lt;/detail&gt;&lt;detail&gt; CO2  (carbon dioxide): 23 to 29 mEq/L (23 to 29 mmol/L)&lt;/detail&gt;&lt;detail&gt; Creatinine : 0.6 to 1.3 mg/dL (53 to 114.9 µmol/L)&lt;/detail&gt;&lt;detail&gt; Glucose : 70 to 100 mg/dL (3.9 to 5.6 mmol/L)&lt;/detail&gt;&lt;detail&gt; Potassium : 3.7 to 5.2 mEq/L (3.70 to 5.20 mmol/L)&lt;/detail&gt;&lt;detail&gt; Sodium : 135 to 145 mEq/L (135 to 145 mmol/L)&lt;/detail&gt;&lt;detail&gt; Total bilirubin : 0.3 to 1.9 mg/dL (5.0 to 32.5 µmol/L)&lt;/detail&gt;&lt;detail&gt; Total protein : 6.0 to 8.3 g/dL (60 to 83 g/L)&lt;/detail&gt;&lt;text&gt;Normal values for creatinine can vary with age.&lt;/text&gt;&lt;text&gt;Normal value ranges for all tests may vary slightly among different laboratories. Some labs use different measurements or may test different specimens. Talk to your provider about the meaning of your specific test results.&lt;/text&gt;</NormalResults><WhatAbnormalResultsMean>&lt;text&gt;Abnormal results can be due to a variety of different medical conditions. These may include kidney failure, liver disease, breathing problems, and diabetes complications.&lt;/text&gt;</WhatAbnormalResultsMean><AlternativeNames>&lt;detail&gt;Metabolic panel - comprehensive&lt;/detail&gt;&lt;detail&gt; Chem-20&lt;/detail&gt;&lt;detail&gt; SMA20&lt;/detail&gt;&lt;detail&gt; Sequential multi-channel analysis with computer-20&lt;/detail&gt;&lt;detail&gt; SMAC20&lt;/detail&gt;&lt;detail&gt; Metabolic panel 20&lt;/detail&gt;</AlternativeNames></item>
<item><title>Complement fixation test to C burnetii</title><url>https://medlineplus.gov/ency/article/003520.htm</url><HowtoPreparefortheTest>&lt;text&gt;No special preparation is necessary for this test.&lt;/text&gt;</HowtoPreparefortheTest><WhytheTestisPerformed>&lt;text&gt;This test is done to detect Q fever.&lt;/text&gt;</WhytheTestisPerformed><NormalResults>&lt;text&gt;Absence of antibodies to C burnetii is normal. It means you do not have Q fever now or in the past.&lt;/text&gt;</NormalResults><WhatAbnormalResultsMean>&lt;text&gt;An abnormal result means you have a current infection with C burnetii, or that you have been exposed to the bacteria in the past. People with past exposure may have antibodies, even if they are not aware that they were exposed. Further testing may be needed to distinguish between current, previous, and long-term (chronic) infection.&lt;/text&gt;&lt;text&gt;During the early stage of an illness, few antibodies may be detected. Antibody production increases during the course of an infection. For this reason, this test may be repeated several weeks after the first test.&lt;/text&gt;</WhatAbnormalResultsMean><AlternativeNames>&lt;detail&gt;Q fever - complement fixation test&lt;/detail&gt;&lt;detail&gt; Coxiella burnetii - complement fixation test&lt;/detail&gt;&lt;detail&gt; C burnetii - complement fixation test&lt;/detail&gt;</AlternativeNames><Images><value><img_name>Blood test</img_name><img_url>https://medlineplus.gov/ency/images/ency/fullsize/10026.jpg</img_url></value></Images></item>
<item><title>Complement component 4</title><url>https://medlineplus.gov/ency/article/003354.htm</url><HowtoPreparefortheTest>&lt;text&gt;No special preparation is needed.&lt;/text&gt;</HowtoPreparefortheTest><WhytheTestisPerformed>&lt;text&gt;C3 and C4 are the most commonly measured complement components. When the complement system is turned on during inflammation, levels of complement proteins may go down. Complement activity may be measured to determine how severe a disease is or if treatment is working.&lt;/text&gt;&lt;text&gt;A complement test may be used to monitor people with an  autoimmune disorder . For example, people with active systemic  lupus erythematosus  may have lower-than-normal levels of the complement proteins  C3  and  C4 .&lt;/text&gt;&lt;text&gt;Complement activity varies throughout the body. In people with  rheumatoid arthritis , complement activity may be normal or higher-than-normal in the blood, but much lower-than-normal in the joint fluid.&lt;/text&gt;</WhytheTestisPerformed><NormalResults>&lt;text&gt;Normal ranges for C4 is 15 to 45 milligrams per deciliter (mg/dL) (0.15 to 0.45 g/L).&lt;/text&gt;&lt;text&gt;Normal value ranges may vary slightly among different laboratories. Talk to your provider about the meaning of your specific test results.&lt;/text&gt;&lt;text&gt;The examples above show the common measurements for results for these tests. Some laboratories use different measurements or may test different specimens.&lt;/text&gt;</NormalResults><WhatAbnormalResultsMean>&lt;text&gt;Increased complement activity may be seen in:&lt;/text&gt;&lt;detail&gt;Cancer&lt;/detail&gt;&lt;detail&gt; Ulcerative colitis &lt;/detail&gt;&lt;text&gt;Decreased complement activity may be seen in:&lt;/text&gt;&lt;detail&gt;Bacterial infections (especially Neisseria)&lt;/detail&gt;&lt;detail&gt; Cirrhosis &lt;/detail&gt;&lt;detail&gt; Glomerulonephritis &lt;/detail&gt;&lt;detail&gt; Hepatitis &lt;/detail&gt;&lt;detail&gt; Hereditary angioedema &lt;/detail&gt;&lt;detail&gt; Kidney transplant  rejection&lt;/detail&gt;&lt;detail&gt; Lupus nephritis &lt;/detail&gt;&lt;detail&gt;Malnutrition&lt;/detail&gt;&lt;detail&gt; Systemic lupus erythematosus &lt;/detail&gt;&lt;detail&gt;Rare inherited complement deficiencies&lt;/detail&gt;</WhatAbnormalResultsMean><AlternativeNames>&lt;detail&gt;C4&lt;/detail&gt;</AlternativeNames><Images><value><img_name>Blood test</img_name><img_url>https://medlineplus.gov/ency/images/ency/fullsize/10026.jpg</img_url></value></Images></item>
<item><title>Complement component 3 (C3)</title><url>https://medlineplus.gov/ency/article/003539.htm</url><HowtoPreparefortheTest>&lt;text&gt;There is no special preparation needed.&lt;/text&gt;</HowtoPreparefortheTest><WhytheTestisPerformed>&lt;text&gt;C3 and C4 are the most commonly measured complement components.&lt;/text&gt;&lt;text&gt;A complement test may be used to monitor people with an  autoimmune disorder . It is done to see if treatment for their condition is working. When the complement system is turned on during inflammation, levels of complement proteins may go down. For example, people with active  lupus erythematosus  may have lower-than-normal levels of the complement proteins  C3  and  C4 .&lt;/text&gt;&lt;text&gt;Complement activity varies throughout the body. For example, in people with  rheumatoid arthritis , complement activity in the blood may be normal or higher-than-normal, but much lower-than-normal in the joint fluid.&lt;/text&gt;&lt;text&gt;The test may also be done for the following conditions: &lt;/text&gt;&lt;detail&gt;Fungal infections&lt;/detail&gt;&lt;detail&gt;Gram negative  septicemia &lt;/detail&gt;&lt;detail&gt;Parasitic infections, such as  malaria &lt;/detail&gt;&lt;detail&gt; Paroxysmal nocturnal hemoglobinuria (PNH) &lt;/detail&gt;&lt;detail&gt; Shock &lt;/detail&gt;</WhytheTestisPerformed><NormalResults>&lt;text&gt;The normal range is 88 to 201 milligrams per deciliter (mg/dL) (0.88 to 2.01 g/L).&lt;/text&gt;&lt;text&gt;Note: Normal value ranges may vary slightly among different laboratories. Talk to your provider about the meaning of your specific test results.&lt;/text&gt;&lt;text&gt;The examples above show the common measurements for results for these tests. Some laboratories use different measurements or may test different specimens.&lt;/text&gt;</NormalResults><WhatAbnormalResultsMean>&lt;text&gt;Increased complement activity may be seen in:&lt;/text&gt;&lt;detail&gt;Cancer&lt;/detail&gt;&lt;detail&gt; Ulcerative colitis &lt;/detail&gt;&lt;text&gt;Decreased complement activity may be seen in:&lt;/text&gt;&lt;detail&gt;Bacterial infections (especially Neisseria)&lt;/detail&gt;&lt;detail&gt; Cirrhosis &lt;/detail&gt;&lt;detail&gt; Glomerulonephritis &lt;/detail&gt;&lt;detail&gt; Hepatitis &lt;/detail&gt;&lt;detail&gt; Hereditary angioedema &lt;/detail&gt;&lt;detail&gt; Kidney transplant  rejection&lt;/detail&gt;&lt;detail&gt; Lupus nephritis &lt;/detail&gt;&lt;detail&gt;Malnutrition&lt;/detail&gt;&lt;detail&gt;Systemic lupus erythematosus&lt;/detail&gt;&lt;detail&gt;Rare inherited complement deficiencies&lt;br&gt;&lt;br&gt;&lt;/detail&gt;</WhatAbnormalResultsMean><AlternativeNames>&lt;detail&gt;C3&lt;/detail&gt;</AlternativeNames><Images><value><img_name>Blood test</img_name><img_url>https://medlineplus.gov/ency/images/ency/fullsize/10026.jpg</img_url></value></Images></item>
<item><title>Complement</title><url>https://medlineplus.gov/ency/article/003456.htm</url><HowtoPreparefortheTest>&lt;text&gt;There is no special preparation.&lt;/text&gt;</HowtoPreparefortheTest><WhytheTestisPerformed>&lt;text&gt;Total complement activity (CH50, CH100) looks at the overall activity of the complement system. In most cases, other tests that are more specific for the suspected disease are done first. C3 and C4 are the complement components measured most often.&lt;/text&gt;&lt;text&gt;A complement test may be used to monitor people with an  autoimmune disorder . It is also used to see if treatment for their condition is working. For example, people with active  lupus erythematosus  may have lower-than-normal levels of the complement proteins  C3  and  C4 .&lt;/text&gt;&lt;text&gt;Complement activity varies throughout the body. For example, in people with  rheumatoid arthritis , complement activity in the blood may be normal or higher-than-normal, but much lower-than-normal in the joint fluid.&lt;/text&gt;&lt;text&gt;People with gram negative  septicemia  and  shock  often have very low C3 and components of what's known as the alternative pathway. C3 is often also low in fungal infections and some parasitic infections such as  malaria .&lt;/text&gt;</WhytheTestisPerformed><NormalResults>&lt;text&gt;The normal results for this test are:&lt;/text&gt;&lt;detail&gt;Total blood complement level: 41 to 90 hemolytic units&lt;/detail&gt;&lt;detail&gt;C1 level: 14.9 to 22.1 mg/dL&lt;/detail&gt;&lt;detail&gt;C3 levels: 88 to 201 mg/dL&lt;/detail&gt;&lt;detail&gt;C4 levels: 15 to 45 mg/dL&lt;/detail&gt;&lt;text&gt;Note: mg/dL = milligrams per deciliter.&lt;/text&gt;&lt;text&gt;Note: Normal value ranges may vary slightly among different laboratories. Talk to your health care provider about the meaning of your specific test results.&lt;/text&gt;&lt;text&gt;The examples above show the common measurements for results for these tests. Some laboratories use different measurements or may test different specimens.&lt;/text&gt;</NormalResults><WhatAbnormalResultsMean>&lt;text&gt;Increased complement activity may be seen in:&lt;/text&gt;&lt;detail&gt;Cancer&lt;/detail&gt;&lt;detail&gt;Certain infections&lt;/detail&gt;&lt;detail&gt; Ulcerative colitis &lt;/detail&gt;&lt;text&gt;Decreased complement activity may be seen in:&lt;/text&gt;&lt;detail&gt; Cirrhosis &lt;/detail&gt;&lt;detail&gt; Glomerulonephritis &lt;/detail&gt;&lt;detail&gt; Hereditary angioedema &lt;/detail&gt;&lt;detail&gt; Hepatitis &lt;/detail&gt;&lt;detail&gt; Kidney transplant  rejection&lt;/detail&gt;&lt;detail&gt; Lupus nephritis &lt;/detail&gt;&lt;detail&gt;Malnutrition&lt;/detail&gt;&lt;detail&gt;Systemic lupus erythematosus&lt;/detail&gt;&lt;detail&gt;Rare inherited complement deficiencies&lt;/detail&gt;</WhatAbnormalResultsMean><AlternativeNames>&lt;detail&gt;Complement assay&lt;/detail&gt;&lt;detail&gt; Complement proteins&lt;/detail&gt;</AlternativeNames><Images><value><img_name>Blood test</img_name><img_url>https://medlineplus.gov/ency/images/ency/fullsize/10026.jpg</img_url></value></Images></item>
<item><title>Colposcopy - directed biopsy</title><url>https://medlineplus.gov/ency/article/003913.htm</url><HowtoPreparefortheTest>&lt;text&gt;There is no special preparation. You may be more comfortable if you empty your bladder and bowel before the procedure.&lt;/text&gt;&lt;text&gt;Before the exam:&lt;/text&gt;&lt;detail&gt;DO NOT douche (this is never recommended).&lt;/detail&gt;&lt;detail&gt;DO NOT place any products into the vagina.&lt;/detail&gt;&lt;detail&gt;DO NOT have sex for 24 hours before the exam.&lt;/detail&gt;&lt;detail&gt;Tell your provider if you are pregnant or could be pregnant.&lt;/detail&gt;&lt;text&gt;This test should not be done during a heavy period, unless it is abnormal. Keep your appointment if you are:&lt;/text&gt;&lt;detail&gt;At the very end or beginning of your regular period&lt;/detail&gt;&lt;detail&gt;Having abnormal bleeding &lt;/detail&gt;&lt;text&gt;You may be able to take ibuprofen or acetaminophen (Tylenol) before the colposcopy. Ask your provider if this is OK, and when and how much you should take.&lt;/text&gt;</HowtoPreparefortheTest><WhytheTestisPerformed>&lt;text&gt;Colposcopy is done to detect cervical cancer and changes that may lead to cervical cancer.&lt;/text&gt;&lt;text&gt;It is most often done when you have had an abnormal Pap smear or HPV test. It may also be recommended if you have bleeding after sexual intercourse.&lt;/text&gt;&lt;text&gt;Colposcopy may also be done when your provider sees abnormal areas on your cervix during a pelvic exam. These may include:&lt;/text&gt;&lt;detail&gt;Any abnormal growth on the cervix, or elsewhere in the vagina&lt;/detail&gt;&lt;detail&gt; Genital warts  or HPV&lt;/detail&gt;&lt;detail&gt;Irritation or inflammation of the cervix ( cervicitis )&lt;/detail&gt;&lt;text&gt;The colposcopy may be used to keep track of HPV, and to look for abnormal changes that can come back after treatment.&lt;/text&gt;</WhytheTestisPerformed><NormalResults>&lt;text&gt;A smooth, pink surface of the cervix is normal.&lt;/text&gt;&lt;text&gt;If the colposcopy or biopsy does not show why the Pap smear was abnormal, your provider may suggest that you have a cold knife cone biopsy.&lt;/text&gt;&lt;text&gt;A specialist called a pathologist will examine the tissue sample from the cervical biopsy and send a report to your doctor. Biopsy results most often take 1 to 2 weeks. A normal result means there is no cancer and no abnormal changes were seen.&lt;/text&gt;</NormalResults><WhatAbnormalResultsMean>&lt;text&gt;Your provider should be able to tell you if anything abnormal was seen during the test, including:&lt;/text&gt;&lt;detail&gt;Abnormal patterns in the blood vessels&lt;/detail&gt;&lt;detail&gt;Areas that are swollen, worn away, or wasted away (atrophic)&lt;/detail&gt;&lt;detail&gt; Cervical polyps &lt;/detail&gt;&lt;detail&gt;Genital warts&lt;/detail&gt;&lt;detail&gt;Whitish patches on the cervix &lt;/detail&gt;&lt;text&gt;Abnormal biopsy results may be due to changes that can lead to cervical cancer. These changes are called dysplasia, or cervical intraepithelial neoplasia (CIN). &lt;/text&gt;&lt;detail&gt;CIN I is mild&lt;/detail&gt;&lt;detail&gt;CIN II is moderate&lt;/detail&gt;&lt;detail&gt;CIN III is severe dysplasia or very early cervical cancer called carcinoma in situ &lt;/detail&gt;&lt;text&gt;Abnormal biopsy results may be due to:&lt;/text&gt;&lt;detail&gt;Cervical cancer&lt;/detail&gt;&lt;detail&gt; Cervical intraepithelial neoplasia  (precancerous tissue changes that are also called cervical dysplasia)&lt;/detail&gt;&lt;detail&gt;Cervical warts (infection with  human papilloma virus , or HPV) &lt;/detail&gt;&lt;text&gt;If the biopsy does not determine the cause of abnormal results, you may need a procedure called a cold knife cone biopsy.&lt;/text&gt;</WhatAbnormalResultsMean><AlternativeNames>&lt;detail&gt;Biopsy - colposcopy - directed&lt;/detail&gt;&lt;detail&gt; Biopsy - cervix - colposcopy&lt;/detail&gt;&lt;detail&gt; Endocervical curettage&lt;/detail&gt;&lt;detail&gt; ECC&lt;/detail&gt;&lt;detail&gt; Cervical punch biopsy&lt;/detail&gt;&lt;detail&gt; Biopsy - cervical punch&lt;/detail&gt;&lt;detail&gt; Cervical biopsy&lt;/detail&gt;&lt;detail&gt; Cervical intraepithelial neoplasia - colposcopy&lt;/detail&gt;&lt;detail&gt; CIN - colposcopy&lt;/detail&gt;&lt;detail&gt; Precancerous changes of the cervix - colposcopy&lt;/detail&gt;&lt;detail&gt; Cervical cancer - colposcopy&lt;/detail&gt;&lt;detail&gt; Squamous intraepithelial lesion - colposcopy&lt;/detail&gt;&lt;detail&gt; LSIL - colposcopy&lt;/detail&gt;&lt;detail&gt; HSIL - colposcopy&lt;/detail&gt;&lt;detail&gt; Low-grade colposcopy&lt;/detail&gt;&lt;detail&gt; High-grade colposcopy&lt;/detail&gt;&lt;detail&gt; Carcinoma in situ - colposcopy&lt;/detail&gt;&lt;detail&gt; CIS - colposcopy&lt;/detail&gt;&lt;detail&gt; ASCUS - colposcopy&lt;/detail&gt;&lt;detail&gt; Atypical glandular cells - colposcopy&lt;/detail&gt;&lt;detail&gt; AGUS - colposcopy&lt;/detail&gt;&lt;detail&gt; Atypical squamous cells - colposcopy&lt;/detail&gt;&lt;detail&gt; Pap smear - colposcopy&lt;/detail&gt;&lt;detail&gt; HPV - colposcopy&lt;/detail&gt;&lt;detail&gt; Human papilloma virus - colposcopy&lt;/detail&gt;&lt;detail&gt; Cervix - colposcopy&lt;/detail&gt;&lt;detail&gt; Colposcopy&lt;/detail&gt;</AlternativeNames><Images><value><img_name>Female reproductive anatomy</img_name><img_url>https://medlineplus.gov/ency/images/ency/fullsize/1112.jpg</img_url></value><value><img_name>Colposcopy-directed biopsy</img_name><img_url>https://medlineplus.gov/ency/images/ency/fullsize/17041.jpg</img_url></value><value><img_name>Uterus</img_name><img_url>https://medlineplus.gov/ency/images/ency/fullsize/19263.jpg</img_url></value></Images></item>
<item><title>Color vision test</title><url>https://medlineplus.gov/ency/article/003387.htm</url><HowtoPreparefortheTest>&lt;text&gt;If your child is having this test performed, it may be helpful to explain how the test will feel, and to practice or demonstrate on a doll. Your child will feel less anxious about the test if you explain what will happen and why.&lt;/text&gt;&lt;text&gt;Usually there is a sample card of multicolored dots that almost everyone can identify, even people with color vision problems.&lt;/text&gt;&lt;text&gt;If you or your child normally wears glasses, wear them during the test.&lt;/text&gt;&lt;text&gt;Small children may be asked to tell the difference between a red bottle cap and caps of a different color.&lt;/text&gt;</HowtoPreparefortheTest><WhytheTestisPerformed>&lt;text&gt;This test is done to determine whether you have any problems with your color vision.&lt;/text&gt;&lt;text&gt;Color vision problems often fall into two categories:&lt;/text&gt;&lt;detail&gt;Present from birth (congenital) problems in the light-sensitive cells (cones) of the  retina  (the light-sensitive layer at the back of the eye) -- the color cards are used in this case.&lt;/detail&gt;&lt;detail&gt;Diseases of the optic nerve (the nerve that carries visual information from the eye to the brain) -- the bottle caps are used in this case. &lt;/detail&gt;</WhytheTestisPerformed><NormalResults>&lt;text&gt;Normally, you will be able to distinguish all colors.&lt;/text&gt;</NormalResults><WhatAbnormalResultsMean>&lt;text&gt;This test can determine the following congenital (present from birth) color vision problems:&lt;/text&gt;&lt;detail&gt;Achromatopsia -- complete  color blindness , seeing only shades of gray&lt;/detail&gt;&lt;detail&gt;Deuteranopia -- difficulty telling the difference between red/purple and green/purple&lt;/detail&gt;&lt;detail&gt;Protanopia -- difficulty telling the difference between blue/green and red/green&lt;/detail&gt;&lt;detail&gt;Tritanopia -- difficulty telling the difference between yellow/green and blue/green &lt;/detail&gt;&lt;text&gt;Problems in the optic nerve can show up as a loss of color intensity, although the color card test may be normal.&lt;/text&gt;</WhatAbnormalResultsMean><AlternativeNames>&lt;detail&gt;Eye test - color&lt;/detail&gt;&lt;detail&gt; Vision test - color&lt;/detail&gt;&lt;detail&gt; Ishihara color vision test&lt;/detail&gt;</AlternativeNames><Images><value><img_name>Color blindness tests</img_name><img_url>https://medlineplus.gov/ency/images/ency/fullsize/9962.jpg</img_url></value></Images></item>
<item><title>Colonoscopy</title><url>https://medlineplus.gov/ency/article/003886.htm</url><HowtoPreparefortheTest>&lt;text&gt;Your bowel needs to be completely empty and clean for the exam. A problem in your large intestine that needs to be treated may be missed if your intestines are not cleaned out. &lt;/text&gt;&lt;text&gt;Your health care provider will give you the steps for cleansing your bowel. This is called bowel preparation. Steps may include: &lt;/text&gt;&lt;detail&gt;Using enemas&lt;/detail&gt;&lt;detail&gt;Not eating solid foods for 1 to 3 days before the test&lt;/detail&gt;&lt;detail&gt;Taking laxatives &lt;/detail&gt;&lt;text&gt;You need to drink plenty of clear liquids for 1 to 3 days before the test. Examples of clear liquids are:&lt;/text&gt;&lt;detail&gt;Clear coffee or tea&lt;/detail&gt;&lt;detail&gt;Fat-free bouillon or broth&lt;/detail&gt;&lt;detail&gt;Gelatin&lt;/detail&gt;&lt;detail&gt;Sports drinks without added color&lt;/detail&gt;&lt;detail&gt;Strained fruit juices&lt;/detail&gt;&lt;detail&gt;Water &lt;/detail&gt;&lt;text&gt;You will likely be told to stop taking aspirin, ibuprofen, naproxen, or other blood-thinning medicines for several days before the test. Keep taking your other medicines unless your doctor tells you otherwise. &lt;/text&gt;&lt;text&gt;You will need to stop taking iron pills or liquids a few days before the test, unless your provider tells you it is OK to continue. Iron can make your stool dark black. This makes it harder for the doctor to view inside your bowel. &lt;/text&gt;</HowtoPreparefortheTest><WhytheTestisPerformed>&lt;text&gt;Colonoscopy may be done for the following reasons:&lt;/text&gt;&lt;detail&gt;Abdominal pain, changes in bowel movements, or weight loss&lt;/detail&gt;&lt;detail&gt;Abnormal changes (polyps) found on  sigmoidoscopy  or x-ray tests ( CT scan  or  barium enema )&lt;/detail&gt;&lt;detail&gt; Anemia  due to low iron (usually when no other cause has been found)&lt;/detail&gt;&lt;detail&gt; Blood in the stool , or black, tarry stools&lt;/detail&gt;&lt;detail&gt;Follow-up of a past finding, such as polyps or  colon cancer &lt;/detail&gt;&lt;detail&gt;Inflammatory bowel disease ( ulcerative colitis  and  Crohn disease )&lt;/detail&gt;&lt;detail&gt; Screening for colorectal cancer &lt;/detail&gt;</WhytheTestisPerformed><NormalResults>&lt;text&gt;Normal findings are healthy intestinal tissues.&lt;/text&gt;</NormalResults><WhatAbnormalResultsMean>&lt;text&gt;Abnormal test results may mean any of the following:&lt;/text&gt;&lt;detail&gt;Abnormal pouches on the lining of the intestines, called  diverticulosis &lt;/detail&gt;&lt;detail&gt;Areas of bleeding&lt;/detail&gt;&lt;detail&gt;Cancer in the colon or rectum&lt;/detail&gt;&lt;detail&gt;Colitis (a swollen and inflamed intestine) due to Crohn disease, ulcerative colitis, infection, or  lack of blood flow &lt;/detail&gt;&lt;detail&gt;Small growths called polyps on the lining of your colon (which can be removed through the colonoscope during the exam) &lt;/detail&gt;</WhatAbnormalResultsMean><AlternativeNames>&lt;detail&gt;Colon cancer - colonoscopy&lt;/detail&gt;&lt;detail&gt; Colorectal cancer - colonoscopy&lt;/detail&gt;&lt;detail&gt; Colonoscopy - screening&lt;/detail&gt;&lt;detail&gt; Colon polyps - colonoscopy&lt;/detail&gt;&lt;detail&gt; Ulcerative colitis - colonoscopy&lt;/detail&gt;&lt;detail&gt; Crohn disease - colonoscopy&lt;/detail&gt;&lt;detail&gt; Diverticulitis - colonoscopy&lt;/detail&gt;&lt;detail&gt; Diarrhea - colonoscopy&lt;/detail&gt;&lt;detail&gt; Anemia - colonoscopy&lt;/detail&gt;&lt;detail&gt; Blood in stool - colonoscopy&lt;/detail&gt;</AlternativeNames><Images><value><img_name>Colonoscopy</img_name><img_url>https://medlineplus.gov/ency/images/ency/fullsize/1083.jpg</img_url></value><value><img_name>Colonoscopy</img_name><img_url>https://medlineplus.gov/ency/images/ency/fullsize/8751.jpg</img_url></value></Images></item>
<item><title>Coccidioides precipitin test</title><url>https://medlineplus.gov/ency/article/003525.htm</url><HowtoPreparefortheTest>&lt;text&gt;There is no special preparation for the test.&lt;/text&gt;</HowtoPreparefortheTest><WhytheTestisPerformed>&lt;text&gt;The precipitin test is one of several tests that can be done to determine if you are infected with coccidioides, which causes the disease coccidioidomycosis.&lt;/text&gt;&lt;text&gt;Antibodies are specialized proteins that defend the body against bacteria, viruses, and fungi. These and other foreign substances are called  antigens . When you are exposed to antigens, your body produces antibodies.&lt;/text&gt;&lt;text&gt;The precipitin test helps check if the body has produced antibodies to a specific antigen, in this case, the coccidioides fungus.&lt;/text&gt;</WhytheTestisPerformed><NormalResults>&lt;text&gt;A normal result is when no precipitins are formed. This means the blood test did not detect the antibody to coccidioides.&lt;/text&gt;</NormalResults><WhatAbnormalResultsMean>&lt;text&gt;An abnormal (positive) result means the antibody to coccidioides has been detected.&lt;/text&gt;&lt;text&gt;In this case, another test is done to confirm that you have an infection. Your doctor can tell you more.&lt;/text&gt;&lt;text&gt;During the early stage of an illness, few antibodies may be detected. Antibody production increases during the course of an infection. For this reason, this test may be repeated several weeks after the first test.&lt;/text&gt;</WhatAbnormalResultsMean><AlternativeNames>&lt;detail&gt;Coccidioidomycosis antibody test&lt;/detail&gt;&lt;detail&gt; Coccidioides blood test&lt;/detail&gt;&lt;detail&gt; Valley fever blood test&lt;/detail&gt;</AlternativeNames><Images><value><img_name>Blood test</img_name><img_url>https://medlineplus.gov/ency/images/ency/fullsize/10026.jpg</img_url></value></Images></item>
<item><title>Coccidioides complement fixation</title><url>https://medlineplus.gov/ency/article/003547.htm</url><HowtoPreparefortheTest>&lt;text&gt;There is no special preparation for the test.&lt;/text&gt;</HowtoPreparefortheTest><WhytheTestisPerformed>&lt;text&gt;This test is used to detect infection with the fungus that causes coccidioidomycosis, or valley fever. This condition can cause lung or widespread (disseminated) infection.&lt;/text&gt;</WhytheTestisPerformed><NormalResults>&lt;text&gt;A normal result means no Coccidioides immitis   antibodies are detected in the blood sample.&lt;/text&gt;&lt;text&gt;Normal value ranges may vary slightly among different laboratories. Some labs use different measurements or test different samples. Talk to your health care provider about the meaning of your specific test results.&lt;/text&gt;</NormalResults><WhatAbnormalResultsMean>&lt;text&gt;Abnormal results mean that Coccidioides immitis antibodies are present. This can mean that you have a current or past infection.&lt;/text&gt;&lt;text&gt;The test may be repeated after several weeks to detect a rise in  titer  (antibody concentration), which confirms an active infection.&lt;/text&gt;&lt;text&gt;In general, the worse the infection, the higher is the titer, except in people with a weakened immune system.&lt;/text&gt;&lt;text&gt;There can be false positive tests in people with other fungal diseases such as  histoplasmosis  and  blastomycosis , and false negative tests in people with single lung masses from coccidioidomycosis.&lt;/text&gt;</WhatAbnormalResultsMean><AlternativeNames>&lt;detail&gt;Coccidioides antibody test&lt;/detail&gt;&lt;detail&gt; Coccidioidomycosis blood test &lt;/detail&gt;</AlternativeNames><Images><value><img_name>Blood test</img_name><img_url>https://medlineplus.gov/ency/images/ency/fullsize/10026.jpg</img_url></value></Images></item>
<item><title>CO2 blood test</title><url>https://medlineplus.gov/ency/article/003469.htm</url><HowtoPreparefortheTest>&lt;text&gt;Many medicines can interfere with blood test results.&lt;/text&gt;&lt;detail&gt;Your health care provider will tell you if you need to stop taking any medicines before you have this test.&lt;/detail&gt;&lt;detail&gt;DO NOT stop or change your medicines without talking to your provider first. &lt;/detail&gt;</HowtoPreparefortheTest><WhytheTestisPerformed>&lt;text&gt;The CO2 test is most often done as part of an  electrolyte  or basic metabolic panel. Changes in your CO2 level may suggest that you are losing or retaining fluid. This may cause an imbalance in your body's electrolytes.&lt;/text&gt;&lt;text&gt;CO2 levels in the blood are affected by kidney and lung function. The kidneys help maintain the normal bicarbonate levels.&lt;/text&gt;</WhytheTestisPerformed><NormalResults>&lt;text&gt;The normal range is 23 to 29 milliequivalents per liter (mEq/L) or 23 to 29 millimoles per liter (mmol/L).&lt;/text&gt;&lt;text&gt;Normal value ranges may vary slightly among different laboratories. Talk to your provider about the meaning of your specific test results.&lt;/text&gt;&lt;text&gt;The example above shows the common measurement range of results for these tests. Some laboratories use different measurements or may test different specimens.&lt;/text&gt;</NormalResults><WhatAbnormalResultsMean>&lt;text&gt;Abnormal levels may be due to the following problems:&lt;/text&gt;&lt;text&gt;Lower-than-normal levels&lt;/text&gt;&lt;detail&gt; Addison disease &lt;/detail&gt;&lt;detail&gt; Diarrhea &lt;/detail&gt;&lt;detail&gt;Ethylene glycol poisoning&lt;/detail&gt;&lt;detail&gt; Ketoacidosis &lt;/detail&gt;&lt;detail&gt;Kidney disease&lt;/detail&gt;&lt;detail&gt;Lactic  acidosis &lt;/detail&gt;&lt;detail&gt; Metabolic acidosis &lt;/detail&gt;&lt;detail&gt;Methanol poisoning&lt;/detail&gt;&lt;detail&gt;Salicylate toxicity (such as aspirin overdose) &lt;/detail&gt;&lt;text&gt;Higher-than-normal levels&lt;/text&gt;&lt;detail&gt;Breathing disorders&lt;/detail&gt;&lt;detail&gt; Cushing syndrome &lt;/detail&gt;&lt;detail&gt; Hyperaldosteronism &lt;/detail&gt;&lt;detail&gt;Vomiting &lt;/detail&gt;&lt;text&gt;The following conditions may also alter bicarbonate levels:&lt;/text&gt;&lt;detail&gt; Alkalosis &lt;/detail&gt;&lt;detail&gt; Delirium &lt;/detail&gt;&lt;detail&gt; Dementia &lt;/detail&gt;&lt;detail&gt; Renal tubular acidosis; distal &lt;/detail&gt;&lt;detail&gt; Renal tubular acidosis; proximal &lt;/detail&gt;</WhatAbnormalResultsMean><AlternativeNames>&lt;detail&gt;Bicarbonate test&lt;/detail&gt;&lt;detail&gt; HCO3-&lt;/detail&gt;&lt;detail&gt; Carbon dioxide test&lt;/detail&gt;&lt;detail&gt; TCO2&lt;/detail&gt;&lt;detail&gt; Total CO2&lt;/detail&gt;&lt;detail&gt; CO2 test - serum&lt;/detail&gt;&lt;detail&gt; Acidosis - CO2&lt;/detail&gt;&lt;detail&gt; Alkalosis - CO2&lt;/detail&gt;</AlternativeNames></item>
<item><title>CMV blood test</title><url>https://medlineplus.gov/ency/article/003546.htm</url><HowtoPreparefortheTest>&lt;text&gt;There is no special preparation for the test.&lt;/text&gt;</HowtoPreparefortheTest><WhytheTestisPerformed>&lt;text&gt;The test is performed to detect current active  CMV infection , or past CMV infection in people who are at risk of reactivation of infection (such as organ transplant recipients and people with a suppressed immune system). The test may also be performed to detect  CMV infection in newborns .&lt;/text&gt;</WhytheTestisPerformed><NormalResults>&lt;text&gt;People who have never been infected with CMV have no detectable antibodies to CMV.&lt;/text&gt;&lt;text&gt;Normal value ranges may vary slightly among different laboratories. Some labs use different measurements or test different samples. Talk to your health care provider about the meaning of your specific test results.&lt;/text&gt;</NormalResults><WhatAbnormalResultsMean>&lt;text&gt;The presence of antibodies to CMV indicates a current or past infection with CMV. If the number of antibodies (called the antibody titer) rises over a few weeks, it may mean that you have a current or recent infection.&lt;/text&gt;&lt;text&gt;Long-term (chronic) CMV infection (in which the antibody count stays about the same over time) can reactivate in a person with a suppressed immune system.&lt;/text&gt;</WhatAbnormalResultsMean><AlternativeNames>&lt;detail&gt;CMV antibody tests&lt;/detail&gt;</AlternativeNames><Images><value><img_name>Blood test</img_name><img_url>https://medlineplus.gov/ency/images/ency/fullsize/10026.jpg</img_url></value></Images></item>
<item><title>Clean catch urine sample</title><url>https://medlineplus.gov/ency/article/007487.htm</url><AlternativeNames>&lt;detail&gt;Urine culture - clean catch&lt;/detail&gt;&lt;detail&gt; Urinalysis - clean catch&lt;/detail&gt;&lt;detail&gt; Clean catch urine specimen&lt;/detail&gt;&lt;detail&gt; Urine collection - clean catch&lt;/detail&gt;&lt;detail&gt; UTI - clean catch&lt;/detail&gt;&lt;detail&gt; Urinary tract infection - clean catch&lt;/detail&gt;&lt;detail&gt; Cystitis - clean catch&lt;/detail&gt;</AlternativeNames></item>
<item><title>Citric acid urine test</title><url>https://medlineplus.gov/ency/article/003618.htm</url><HowtoPreparefortheTest>&lt;text&gt;No special preparation is necessary for this test. But the results are affected by your diet, and this test is usually done while you are on a normal diet. Ask your provider for more information.&lt;/text&gt;</HowtoPreparefortheTest><WhytheTestisPerformed>&lt;text&gt;The test is used to diagnose  renal tubular acidosis  and evaluate  kidney  stone disease.&lt;/text&gt;</WhytheTestisPerformed><NormalResults>&lt;text&gt;The normal range is 320 to 1,240 mg per 24 hours.&lt;/text&gt;&lt;text&gt;Normal value ranges may vary slightly among different laboratories. Some labs use different measurements or test different samples. Talk to your provider about the meaning of your specific test results.&lt;/text&gt;</NormalResults><WhatAbnormalResultsMean>&lt;text&gt;A low level of citric acid may mean renal tubular acidosis and a tendency to form calcium kidney stones.&lt;/text&gt;&lt;text&gt;The following may decrease urine citric acid levels:&lt;/text&gt;&lt;detail&gt;Long-term (chronic) kidney failure&lt;/detail&gt;&lt;detail&gt; Diabetes &lt;/detail&gt;&lt;detail&gt;Excessive muscle activity&lt;/detail&gt;&lt;detail&gt;Medicines called angiotensin converting enzyme (ACE) inhibitors&lt;/detail&gt;&lt;detail&gt;Parathyroid glands do not produce enough of its hormone ( hypoparathyroidism )&lt;/detail&gt;&lt;detail&gt;Too much acid in the body fluids ( acidosis )&lt;/detail&gt;&lt;text&gt;The following may increase urine citric acid levels:&lt;/text&gt;&lt;detail&gt;A high  carbohydrate  diet&lt;/detail&gt;&lt;detail&gt;Estrogen therapy&lt;/detail&gt;&lt;detail&gt; Vitamin D &lt;/detail&gt;</WhatAbnormalResultsMean><AlternativeNames>&lt;detail&gt;Urine - citric acid test&lt;/detail&gt;&lt;detail&gt; Renal tubular acidosis - citric acid test&lt;/detail&gt;&lt;detail&gt; Kidney stones - citric acid test&lt;/detail&gt;&lt;detail&gt; Urolithiasis - citric acid test&lt;/detail&gt;</AlternativeNames><Images><value><img_name>Citric acid urine test</img_name><img_url>https://medlineplus.gov/ency/images/ency/fullsize/9194.jpg</img_url></value></Images></item>
<item><title>Chromium - blood test</title><url>https://medlineplus.gov/ency/article/003359.htm</url><HowtoPreparefortheTest>&lt;text&gt;You should stop taking mineral supplements and multivitamins for at least several days before the test. Ask your health care provider if there are other medicines you should stop taking before testing. Also, let your provider know if you have recently had contrast agents containing gadolinium or iodine as part of an imaging study. These substances can interfere with testing. &lt;/text&gt;</HowtoPreparefortheTest><WhytheTestisPerformed>&lt;text&gt;This test may be done to diagnose chromium poisoning or deficiency.&lt;/text&gt;</WhytheTestisPerformed><NormalResults>&lt;text&gt;Serum chromium level normally is less than or equal to 1.4 micrograms/milliliter (µg/mL) or 26924.80 nanomoles/L (nmol/L).&lt;/text&gt;&lt;text&gt;Normal value ranges may vary slightly among different laboratories. Talk to your provider about the meaning of your specific test result.&lt;/text&gt;</NormalResults><WhatAbnormalResultsMean>&lt;text&gt;Increased chromium level may result if you are overexposed to the substance. This may happen if you work in the following industries:&lt;/text&gt;&lt;detail&gt;Leather tanning&lt;/detail&gt;&lt;detail&gt;Electroplating&lt;/detail&gt;&lt;detail&gt;Steel manufacturing &lt;/detail&gt;&lt;text&gt;Decreased chromium level only occurs in people who receive all of their nutrition by vein (total parenteral nutrition or TPN) and do not get enough chromium.&lt;/text&gt;</WhatAbnormalResultsMean><AlternativeNames>&lt;detail&gt;Serum chromium&lt;/detail&gt;</AlternativeNames><Images><value><img_name>Blood test</img_name><img_url>https://medlineplus.gov/ency/images/ency/fullsize/9879.jpg</img_url></value></Images></item>
<item><title>Chorionic villus sampling</title><url>https://medlineplus.gov/ency/article/003406.htm</url><HowtoPreparefortheTest>&lt;text&gt;Your provider will explain the procedure, its risks, and alternative procedures such as  amniocentesis .&lt;/text&gt;&lt;text&gt;You will be asked to sign a consent form before this procedure. You may be asked to wear a hospital gown.&lt;/text&gt;&lt;text&gt;The morning of the procedure, you may be asked to drink fluids and refrain from urinating. Doing so fills your bladder, which helps your provider see where to best guide the needle.&lt;/text&gt;&lt;text&gt;Tell your provider if you are allergic to iodine or shellfish, or if you have any other allergies.&lt;/text&gt;</HowtoPreparefortheTest><WhytheTestisPerformed>&lt;text&gt;The test is used to identify any genetic disease in your unborn baby. It is very accurate, and it can be done very early in a pregnancy.&lt;/text&gt;&lt;text&gt;Genetic problems can occur in any pregnancy. However, the following factors increase the risk:&lt;/text&gt;&lt;detail&gt;An older mother&lt;/detail&gt;&lt;detail&gt;Past pregnancies with genetic problems&lt;/detail&gt;&lt;detail&gt;Family history of genetic disorders &lt;/detail&gt;&lt;text&gt; Genetic counseling  is recommended before the procedure. This will allow you to make an unhurried, informed decision about options for prenatal diagnosis.&lt;/text&gt;&lt;text&gt;CVS can be done sooner in pregnancy than amniocentesis, most often at about 10 to 12 weeks. &lt;/text&gt;&lt;text&gt;CVS does not detect:&lt;/text&gt;&lt;detail&gt;Neural tube defects (these involve the spinal column or brain)&lt;/detail&gt;&lt;detail&gt; Rh incompatibility  (this occurs when a pregnant woman has Rh-negative blood and her unborn baby has Rh-positive blood)&lt;/detail&gt;&lt;detail&gt;Birth defects &lt;/detail&gt;</WhytheTestisPerformed><NormalResults>&lt;text&gt;A normal result means there are no signs of genetic defects in the developing baby. Even though the test results are very accurate, no test is 100% accurate at testing for genetic problems in a pregnancy.&lt;/text&gt;</NormalResults><WhatAbnormalResultsMean>&lt;text&gt;This test can help detect hundreds of genetic disorders. Abnormal results may be due to many different genetic conditions, including:&lt;/text&gt;&lt;detail&gt; Down syndrome &lt;/detail&gt;&lt;detail&gt; Hemoglobinopathies &lt;/detail&gt;&lt;detail&gt; Tay-Sachs disease &lt;/detail&gt;&lt;text&gt;Talk to your provider about the meaning of your specific test results. Ask your provider:&lt;/text&gt;&lt;detail&gt;How the condition or defect may be treated either during or after the pregnancy&lt;/detail&gt;&lt;detail&gt;What special needs your child may have after birth&lt;/detail&gt;&lt;detail&gt;What other options you have about maintaining or ending your pregnancy&lt;/detail&gt;</WhatAbnormalResultsMean><AlternativeNames>&lt;detail&gt;CVS&lt;/detail&gt;&lt;detail&gt; Pregnancy - CVS&lt;/detail&gt;&lt;detail&gt; Genetic counseling - CVS&lt;/detail&gt;</AlternativeNames><Images><value><img_name>Chorionic villus sampling</img_name><img_url>https://medlineplus.gov/ency/images/ency/fullsize/9181.jpg</img_url></value><value><img_name>Chorionic villus sampling - series</img_name><img_url>https://medlineplus.gov/ency/images/ency/fullsize/19163.jpg</img_url></value></Images></item>
<item><title>Cholinesterase - blood</title><url>https://medlineplus.gov/ency/article/003358.htm</url><HowtoPreparefortheTest>&lt;text&gt;No special steps are needed to prepare for this test.&lt;/text&gt;</HowtoPreparefortheTest><WhytheTestisPerformed>&lt;text&gt;Your health care provider may order this test if you may have been exposed to chemicals called organophosphates. These chemicals are used in pesticides. This test can help determine your risk of poisoning.&lt;/text&gt;&lt;text&gt;Less often, this test may be done:&lt;/text&gt;&lt;detail&gt;To diagnose  liver disease &lt;/detail&gt;&lt;detail&gt;Before you receive anesthesia with succinylcholine, which may be given before certain procedures or treatments, including electroconvulsive therapy (ECT)&lt;/detail&gt;</WhytheTestisPerformed><NormalResults>&lt;text&gt;Typically, normal pseudocholinesterase values range between 8 and 18 units per milliliter (U/mL) or 8 and 18 kilounits per liter (kU/L).&lt;/text&gt;&lt;text&gt;Note: Normal value ranges may vary slightly among different laboratories. Talk to your provider about the meaning of your specific test results.&lt;/text&gt;</NormalResults><WhatAbnormalResultsMean>&lt;text&gt;Decreased pseudocholinesterase levels may be due to:&lt;/text&gt;&lt;detail&gt; Acute  infection&lt;/detail&gt;&lt;detail&gt; Chronic  malnutrition&lt;/detail&gt;&lt;detail&gt;Heart attack&lt;/detail&gt;&lt;detail&gt;Liver damage&lt;/detail&gt;&lt;detail&gt; Metastasis &lt;/detail&gt;&lt;detail&gt;Obstructive jaundice&lt;/detail&gt;&lt;detail&gt;Poisoning from organophosphates (chemicals found in some pesticides)&lt;/detail&gt;&lt;detail&gt;Inflammation that accompanies some diseases&lt;/detail&gt;&lt;text&gt;Smaller decreases may be due to:&lt;/text&gt;&lt;detail&gt;Pregnancy&lt;/detail&gt;&lt;detail&gt;Use of birth control pills &lt;/detail&gt;</WhatAbnormalResultsMean><AlternativeNames>&lt;detail&gt;Acetylcholinesterase&lt;/detail&gt;&lt;detail&gt; RBC (or erythrocyte) cholinesterase&lt;/detail&gt;&lt;detail&gt; Pseudocholinesterase&lt;/detail&gt;&lt;detail&gt; Plasma cholinesterase&lt;/detail&gt;&lt;detail&gt; Butyrylcholinesterase&lt;/detail&gt;&lt;detail&gt; Serum cholinesterase&lt;/detail&gt;</AlternativeNames><Images><value><img_name>Cholinestrase test</img_name><img_url>https://medlineplus.gov/ency/images/ency/fullsize/9878.jpg</img_url></value></Images></item>
<item><title>Chloride test - blood</title><url>https://medlineplus.gov/ency/article/003485.htm</url><HowtoPreparefortheTest>&lt;text&gt;Many medicines can interfere with blood test results.&lt;/text&gt;&lt;detail&gt;Your health care provider will tell you if you need to stop taking any medicines before you have this test.&lt;/detail&gt;&lt;detail&gt;DO NOT stop or change your medicines without talking to your provider first. &lt;/detail&gt;</HowtoPreparefortheTest><WhytheTestisPerformed>&lt;text&gt;You may have this test if you have signs that your body's fluid level or acid-base balance is disturbed.&lt;/text&gt;&lt;text&gt;This test is most often ordered with other blood tests, such as a basic or comprehensive metabolic panel.&lt;/text&gt;</WhytheTestisPerformed><NormalResults>&lt;text&gt;A typical normal range is 96 to 106 milliequivalents per liter (mEq/L) or 96 to 106 millimoles per liter (millimol/L).&lt;/text&gt;&lt;text&gt;Normal value ranges may vary slightly among different laboratories. Talk to your provider about the meaning of your specific test results.&lt;/text&gt;&lt;text&gt;The example above shows the common measurement range for results for these tests. Some laboratories use different measurements or may test different specimens.&lt;/text&gt;</NormalResults><WhatAbnormalResultsMean>&lt;text&gt;A greater-than-normal level of chloride is called hyperchloremia. It may be due to:&lt;/text&gt;&lt;detail&gt;Carbonic anhydrase inhibitors (used to treat glaucoma)&lt;/detail&gt;&lt;detail&gt;Diarrhea&lt;/detail&gt;&lt;detail&gt; Metabolic acidosis &lt;/detail&gt;&lt;detail&gt; Respiratory alkalosis  (compensated)&lt;/detail&gt;&lt;detail&gt; Renal tubular acidosis &lt;/detail&gt;&lt;text&gt;A lower-than-normal level of chloride is called hypochloremia. It may be due to:&lt;/text&gt;&lt;detail&gt; Addison disease &lt;/detail&gt;&lt;detail&gt; Bartter syndrome &lt;/detail&gt;&lt;detail&gt;Burns&lt;/detail&gt;&lt;detail&gt; Congestive heart failure &lt;/detail&gt;&lt;detail&gt;Dehydration&lt;/detail&gt;&lt;detail&gt;Excessive sweating&lt;/detail&gt;&lt;detail&gt; Hyperaldosteronism &lt;/detail&gt;&lt;detail&gt;Metabolic alkalosis&lt;/detail&gt;&lt;detail&gt; Respiratory acidosis  (compensated)&lt;/detail&gt;&lt;detail&gt;Syndrome of inappropriate diuretic hormone secretion ( SIADH )&lt;/detail&gt;&lt;detail&gt;Vomiting &lt;/detail&gt;&lt;text&gt;This test may also be done to help rule out or diagnose:&lt;/text&gt;&lt;detail&gt; Multiple endocrine neoplasia (MEN) II &lt;/detail&gt;&lt;detail&gt;Primary hyperparathyroidism &lt;/detail&gt;</WhatAbnormalResultsMean><AlternativeNames>&lt;detail&gt;Serum chloride test&lt;/detail&gt;</AlternativeNames><Images><value><img_name>Blood test</img_name><img_url>https://medlineplus.gov/ency/images/ency/fullsize/10026.jpg</img_url></value></Images></item>
<item><title>Chloride - urine test</title><url>https://medlineplus.gov/ency/article/003601.htm</url><HowtoPreparefortheTest>&lt;text&gt;Your provider will ask you to temporarily stop taking any medicines that may affect the test result. Tell your provider about all the medicines you take, including:&lt;/text&gt;&lt;detail&gt;Acetazolamide&lt;/detail&gt;&lt;detail&gt;Corticosteroids&lt;/detail&gt;&lt;detail&gt;Nonsteroidal anti-inflammatory drugs (NSAIDs)&lt;/detail&gt;&lt;detail&gt;Water pills (diuretic medicines) &lt;/detail&gt;&lt;text&gt;DO NOT stop taking any medicine before talking to your provider.&lt;/text&gt;</HowtoPreparefortheTest><WhytheTestisPerformed>&lt;text&gt;Your provider may order this test if you have signs of a condition that affects body fluids or acid-base balance.&lt;/text&gt;</WhytheTestisPerformed><NormalResults>&lt;text&gt;The normal range is 110 to 250 mEq/L per day. This range depends on the amount of salt and fluid you take in.&lt;/text&gt;&lt;text&gt;The examples above are common measurements for results of these tests. Normal value ranges may vary slightly among different laboratories. Some labs use different measurements or test different samples. Talk to your provider about the meaning of your specific test result.&lt;/text&gt;</NormalResults><WhatAbnormalResultsMean>&lt;text&gt;A higher than normal urine chloride level may be due to:&lt;/text&gt;&lt;detail&gt;Low function of the  adrenal glands &lt;/detail&gt;&lt;detail&gt;Inflammation of the kidney that results in salt loss (salt-losing nephropathy)&lt;/detail&gt;&lt;detail&gt;Production of an unusually large amount of urine (polyuria)&lt;/detail&gt;&lt;detail&gt;Too much salt in the diet &lt;/detail&gt;&lt;text&gt;Decreased urine chloride level may be due to:&lt;/text&gt;&lt;detail&gt;Body holding in too much salt (sodium retention)&lt;/detail&gt;&lt;detail&gt;Cushing syndrome&lt;/detail&gt;&lt;detail&gt;Decreased salt intake&lt;/detail&gt;&lt;detail&gt;Fluid loss that occurs with diarrhea, vomiting, sweating, and  gastric suction &lt;/detail&gt;</WhatAbnormalResultsMean><AlternativeNames>&lt;detail&gt;Urinary chloride&lt;/detail&gt;</AlternativeNames><Images><value><img_name>Male urinary system</img_name><img_url>https://medlineplus.gov/ency/images/ency/fullsize/10022.jpg</img_url></value></Images></item>
<item><title>Chest x-ray</title><url>https://medlineplus.gov/ency/article/003804.htm</url><HowtoPreparefortheTest>&lt;text&gt;Tell the health care provider if you are pregnant. Chest x-rays are generally not done during the first 6 months of pregnancy. &lt;/text&gt;</HowtoPreparefortheTest><WhytheTestisPerformed>&lt;text&gt;Your doctor may order a chest x-ray if you have any of the following symptoms:&lt;/text&gt;&lt;detail&gt;A persistent cough&lt;/detail&gt;&lt;detail&gt; Chest pain  from a chest injury (with a possible rib fracture or lung complication) or from heart problems&lt;/detail&gt;&lt;detail&gt; Coughing up blood &lt;/detail&gt;&lt;detail&gt;Difficulty breathing&lt;/detail&gt;&lt;detail&gt;Fever&lt;/detail&gt;&lt;text&gt;It may also be done if you have signs of  tuberculosis ,  lung cancer , or other chest or  lung diseases .&lt;/text&gt;&lt;text&gt;A serial chest x-ray is one that is repeated. It may be done to monitor changes found on a past chest x-ray.&lt;/text&gt;</WhytheTestisPerformed><WhatAbnormalResultsMean>&lt;text&gt;Abnormal results may be due to many things, including:&lt;/text&gt;&lt;text&gt;In the lungs:&lt;/text&gt;&lt;detail&gt; Collapsed lung &lt;/detail&gt;&lt;detail&gt; Collection of fluid around the lung &lt;/detail&gt;&lt;detail&gt;Lung tumor (noncancerous or cancerous) &lt;/detail&gt;&lt;detail&gt; Malformation of the blood vessels &lt;/detail&gt;&lt;detail&gt; Pneumonia &lt;/detail&gt;&lt;detail&gt;Scarring of lung tissue&lt;/detail&gt;&lt;detail&gt;Tuberculosis &lt;/detail&gt;&lt;text&gt;In the heart:&lt;/text&gt;&lt;detail&gt;Problems with the size or shape of the heart&lt;/detail&gt;&lt;detail&gt;Problems with the position and shape of the large arteries &lt;/detail&gt;&lt;detail&gt;Evidence of heart failure&lt;/detail&gt;&lt;text&gt;In the bones:&lt;/text&gt;&lt;detail&gt; Fractures  or other problems of the ribs and spine&lt;/detail&gt;&lt;detail&gt; Osteoporosis &lt;/detail&gt;</WhatAbnormalResultsMean><AlternativeNames>&lt;detail&gt;Chest radiography&lt;/detail&gt;&lt;detail&gt; Serial chest x-ray&lt;/detail&gt;&lt;detail&gt; X-ray - chest&lt;/detail&gt;</AlternativeNames><Images><value><img_name>Aortic rupture, chest x-ray</img_name><img_url>https://medlineplus.gov/ency/images/ency/fullsize/1149.jpg</img_url></value><value><img_name>Lung cancer, frontal chest x-ray</img_name><img_url>https://medlineplus.gov/ency/images/ency/fullsize/1183.jpg</img_url></value><value><img_name>Adenocarcinoma - chest x-ray</img_name><img_url>https://medlineplus.gov/ency/images/ency/fullsize/1597.jpg</img_url></value><value><img_name>Coal worker's lungs - chest x-ray</img_name><img_url>https://medlineplus.gov/ency/images/ency/fullsize/1599.jpg</img_url></value><value><img_name>Coccidioidomycosis - chest x-ray</img_name><img_url>https://medlineplus.gov/ency/images/ency/fullsize/1600.jpg</img_url></value><value><img_name>Coal workers pneumoconiosis - stage II</img_name><img_url>https://medlineplus.gov/ency/images/ency/fullsize/1601.jpg</img_url></value><value><img_name>Coal workers pneumoconiosis - stage II</img_name><img_url>https://medlineplus.gov/ency/images/ency/fullsize/1602.jpg</img_url></value><value><img_name>Coal workers pneumoconiosis, complicated</img_name><img_url>https://medlineplus.gov/ency/images/ency/fullsize/1603.jpg</img_url></value><value><img_name>Coal workers pneumoconiosis, complicated</img_name><img_url>https://medlineplus.gov/ency/images/ency/fullsize/1604.jpg</img_url></value><value><img_name>Tuberculosis, advanced - chest x-rays</img_name><img_url>https://medlineplus.gov/ency/images/ency/fullsize/1607.jpg</img_url></value><value><img_name>Pulmonary nodule - front view chest x-ray</img_name><img_url>https://medlineplus.gov/ency/images/ency/fullsize/1610.jpg</img_url></value><value><img_name>Sarcoid, stage II - chest x-ray</img_name><img_url>https://medlineplus.gov/ency/images/ency/fullsize/1614.jpg</img_url></value><value><img_name>Sarcoid, stage IV - chest x-ray</img_name><img_url>https://medlineplus.gov/ency/images/ency/fullsize/1615.jpg</img_url></value><value><img_name>Pulmonary mass - side view chest x-ray</img_name><img_url>https://medlineplus.gov/ency/images/ency/fullsize/1624.jpg</img_url></value><value><img_name>Bronchial cancer - chest x-ray</img_name><img_url>https://medlineplus.gov/ency/images/ency/fullsize/1628.jpg</img_url></value><value><img_name>Lung nodule, right middle lobe - chest x-ray</img_name><img_url>https://medlineplus.gov/ency/images/ency/fullsize/1630.jpg</img_url></value><value><img_name>Lung mass, right upper lung - chest x-ray</img_name><img_url>https://medlineplus.gov/ency/images/ency/fullsize/1632.jpg</img_url></value><value><img_name>Lung nodule - front view chest x-ray</img_name><img_url>https://medlineplus.gov/ency/images/ency/fullsize/1633.jpg</img_url></value></Images></item>
<item><title>Cervical spine CT scan</title><url>https://medlineplus.gov/ency/article/007351.htm</url><HowtoPreparefortheTest>&lt;text&gt;Some exams use a special dye, called contrast that is put into your body before the test starts. Contrast helps certain areas show up better on the x-rays.&lt;/text&gt;&lt;text&gt;Contrast can be given in different ways:&lt;/text&gt;&lt;detail&gt;It may be given through a vein (IV) in your hand or forearm.&lt;/detail&gt;&lt;detail&gt;It may be given as an injection into the space around the spinal cord.&lt;/detail&gt;&lt;text&gt;If contrast is used, you may also be asked not to eat or drink anything for 4 to 6 hours before the test.&lt;/text&gt;&lt;text&gt;Let your health care provider know if you have ever had a reaction to contrast. You may need to take medicines before the test to avoid this problem.&lt;/text&gt;&lt;text&gt;Before having the contrast, tell your provider if you take the diabetes medicine metformin (Glucophage). You may need to take extra steps before the test if you take this drug.&lt;/text&gt;&lt;text&gt;Too much weight can cause damage to the scanner's working parts. Find out if the CT machine has a weight limit if you weigh more than 300 pounds (135 kilograms).&lt;/text&gt;&lt;text&gt;You will wear a hospital gown during the study. You will need to take off all jewelry.&lt;/text&gt;</HowtoPreparefortheTest><WhytheTestisPerformed>&lt;text&gt;CT makes detailed pictures of the body very quickly. The test may help look for:&lt;/text&gt;&lt;detail&gt;Birth defects of the cervical spine in children&lt;/detail&gt;&lt;detail&gt;Spine problems, when a  spine MRI  cannot be used&lt;/detail&gt;&lt;detail&gt;Injury to the upper spine&lt;/detail&gt;&lt;detail&gt;Bone tumors and cancers&lt;/detail&gt;&lt;detail&gt;Broken bone&lt;/detail&gt;&lt;detail&gt;Disk herniations and compression of the spinal cord&lt;/detail&gt;&lt;detail&gt;Healing problems or scar tissue following surgery&lt;/detail&gt;</WhytheTestisPerformed><NormalResults>&lt;text&gt;Results are considered normal if the cervical spine looks OK.&lt;/text&gt;</NormalResults><WhatAbnormalResultsMean>&lt;text&gt;Abnormal results may be due to:&lt;/text&gt;&lt;detail&gt;Birth defects of the cervical spine&lt;/detail&gt;&lt;detail&gt;Bone problems&lt;/detail&gt;&lt;detail&gt;Fracture&lt;/detail&gt;&lt;detail&gt;Osteoarthritis&lt;/detail&gt;&lt;detail&gt;Disk herniation&lt;/detail&gt;&lt;detail&gt;Healing problems or growth of scar tissue after surgery&lt;/detail&gt;</WhatAbnormalResultsMean><AlternativeNames>&lt;detail&gt;CAT scan of cervical spine&lt;/detail&gt;&lt;detail&gt; Computed axial tomography scan of cervical spine&lt;/detail&gt;&lt;detail&gt; Computed tomography scan of cervical spine&lt;/detail&gt;&lt;detail&gt; CT scan of cervical spine&lt;/detail&gt;&lt;detail&gt; Neck CT scan&lt;/detail&gt;</AlternativeNames></item>
<item><title>Cervical MRI scan</title><url>https://medlineplus.gov/ency/article/007354.htm</url><HowtoPreparefortheTest>&lt;text&gt;You may be asked not to eat or drink anything for 4 to 6 hours before the scan.&lt;/text&gt;&lt;text&gt;Tell your health care provider if you are afraid of closed spaces (have claustrophobia). You may be given a medicine to help you feel sleepy and less anxious. Your provider may suggest an "open" MRI, in which the machine is not as close to the body.&lt;/text&gt;&lt;text&gt;Before the test, tell your provider if you have:&lt;/text&gt;&lt;detail&gt;Brain aneurysm clips&lt;/detail&gt;&lt;detail&gt;Certain types of artificial heart valves&lt;/detail&gt;&lt;detail&gt;Heart defibrillator or pacemaker&lt;/detail&gt;&lt;detail&gt;Inner ear (cochlear) implants&lt;/detail&gt;&lt;detail&gt;Kidney disease or dialysis (you may not be able to receive contrast)&lt;/detail&gt;&lt;detail&gt;Recently placed artificial joints&lt;/detail&gt;&lt;detail&gt;Certain types of vascular  stents &lt;/detail&gt;&lt;detail&gt;Worked with sheet metal in the past (you may need tests to check for metal pieces in your eyes) &lt;/detail&gt;&lt;text&gt;Because the MRI contains strong magnets, metal objects are not allowed into the room with the MRI scanner:&lt;/text&gt;&lt;detail&gt;Pens, pocketknives, and eyeglasses may fly across the room.&lt;/detail&gt;&lt;detail&gt;Items such as jewelry, watches, credit cards, and hearing aids can be damaged.&lt;/detail&gt;&lt;detail&gt;Pins, hairpins, metal zippers, and similar metallic items can distort the images.&lt;/detail&gt;&lt;detail&gt;Removable dental work should be taken out just before the scan. &lt;/detail&gt;</HowtoPreparefortheTest><WhytheTestisPerformed>&lt;text&gt;The most common reasons for this test are:&lt;/text&gt;&lt;detail&gt;Severe neck, shoulder, or arm pain that does not get better after treatment&lt;/detail&gt;&lt;detail&gt;Neck pain along with leg weakness, numbness, or other symptoms &lt;/detail&gt;&lt;text&gt;A cervical MRI scan may also be done for:&lt;/text&gt;&lt;detail&gt;Birth defects of the spine&lt;/detail&gt;&lt;detail&gt;Infection that involves your spine&lt;/detail&gt;&lt;detail&gt;Injury or trauma to the spine&lt;/detail&gt;&lt;detail&gt;Multiple sclerosis&lt;/detail&gt;&lt;detail&gt;Severe scoliosis&lt;/detail&gt;&lt;detail&gt;Tumor or cancer in the spine&lt;/detail&gt;&lt;detail&gt;Arthritis in the spine &lt;/detail&gt;&lt;text&gt;MRI works better than CT scan in diagnosing these problems most of the time.&lt;/text&gt;&lt;text&gt;A cervical MRI may also be done before spinal surgery.&lt;/text&gt;</WhytheTestisPerformed><NormalResults>&lt;text&gt;A normal result means the part of the spine that runs through your neck and nearby nerves appears normal.&lt;/text&gt;</NormalResults><WhatAbnormalResultsMean>&lt;text&gt;The most common reasons for an abnormal result are:&lt;/text&gt;&lt;detail&gt; Herniated or "slipped" disk  (cervical radiculopathy)&lt;/detail&gt;&lt;detail&gt;Narrowing of the cervical spine ( spinal stenosis )&lt;/detail&gt;&lt;detail&gt;Abnormal wear of the bones and cartilage in the neck ( cervical spondylosis ) &lt;/detail&gt;&lt;text&gt;Abnormal results may also be due to:&lt;/text&gt;&lt;detail&gt;Bone infection ( osteomyelitis )&lt;/detail&gt;&lt;detail&gt;Disk inflammation ( diskitis )&lt;/detail&gt;&lt;detail&gt;Infection of the spine&lt;/detail&gt;&lt;detail&gt; Multiple sclerosis &lt;/detail&gt;&lt;detail&gt; Spinal cord injury or compression &lt;/detail&gt;&lt;detail&gt;Spinal fracture&lt;/detail&gt;&lt;detail&gt; Spinal tumor &lt;/detail&gt;&lt;text&gt;Talk to your provider about your questions and concerns.&lt;/text&gt;</WhatAbnormalResultsMean><AlternativeNames>&lt;detail&gt;MRI - cervical spine&lt;/detail&gt;&lt;detail&gt; MRI - neck&lt;/detail&gt;</AlternativeNames></item>
<item><title>Ceruloplasmin blood test</title><url>https://medlineplus.gov/ency/article/003662.htm</url><HowtoPreparefortheTest>&lt;text&gt;No special preparation is needed.&lt;/text&gt;</HowtoPreparefortheTest><WhytheTestisPerformed>&lt;text&gt;Ceruloplasmin is made in the liver. Ceruloplasmin stores and transports copper in the blood to parts of the body that need it.&lt;/text&gt;&lt;text&gt;Your health care provider may order this test if you have signs or symptoms of a copper  metabolism  or copper storage disorder.&lt;/text&gt;</WhytheTestisPerformed><NormalResults>&lt;text&gt;The normal range for adults is 14 to 40 mg/dL (0.93 to 2.65 µmol/L).&lt;/text&gt;&lt;text&gt;Normal value ranges may vary slightly among different laboratories. Some labs use different measurements or may test different samples. Talk to your provider about the meaning of your specific test results.&lt;/text&gt;</NormalResults><WhatAbnormalResultsMean>&lt;text&gt;A lower-than-normal ceruloplasmin levels may be due to:&lt;/text&gt;&lt;detail&gt;Long-term liver disease&lt;/detail&gt;&lt;detail&gt;Problem absorbing nutrients from food ( intestinal malabsorption )&lt;/detail&gt;&lt;detail&gt; Malnutrition &lt;/detail&gt;&lt;detail&gt;Disorder in which cells in the body can absorb copper, but are unable to release it ( Menkes syndrome )&lt;/detail&gt;&lt;detail&gt;Group of disorders that damage the kidneys ( nephrotic syndrome )&lt;/detail&gt;&lt;detail&gt;Inherited disorder in which there is too much copper in the body's tissues ( Wilson disease )&lt;/detail&gt;&lt;text&gt;A higher-than-normal ceruloplasmin levels may be due to:&lt;/text&gt;&lt;detail&gt; Acute  and  chronic  infections&lt;/detail&gt;&lt;detail&gt;   Cancer (breast or  lymphoma )&lt;/detail&gt;&lt;detail&gt;Heart disease, including heart attack&lt;br&gt;&lt;/detail&gt;&lt;detail&gt; Overactive thyroid  &lt;br&gt;&lt;/detail&gt;&lt;detail&gt;Pregnancy&lt;/detail&gt;&lt;detail&gt; Rheumatoid arthritis &lt;/detail&gt;&lt;detail&gt;Use of birth control pills&lt;/detail&gt;</WhatAbnormalResultsMean><AlternativeNames>&lt;detail&gt;CP - serum&lt;/detail&gt;</AlternativeNames></item>
<item><title>Cerebrospinal fluid (CSF) culture</title><url>https://medlineplus.gov/ency/article/003769.htm</url><HowtoPreparefortheTest>&lt;text&gt;Follow instructions on how to prepare for a  spinal tap .&lt;/text&gt;</HowtoPreparefortheTest><WhytheTestisPerformed>&lt;text&gt;Your health care provider may order this test if you have signs of an infection that affects the brain or nervous system. The test helps identify what is causing the infection. This will help your provider decide on the best treatment.&lt;/text&gt;</WhytheTestisPerformed><NormalResults>&lt;text&gt;A normal result means no bacteria, viruses, or fungi grew in the laboratory dish. This is called a negative result. However, a normal result doesn't mean that there is no infection. The spinal tap and CSF smear may need to be done again.&lt;/text&gt;</NormalResults><WhatAbnormalResultsMean>&lt;text&gt;Bacteria or other germs found in the sample may be a sign of meningitis. This is an infection of the membranes covering the brain and spinal cord. The infection can be caused by  bacteria , fungi, or viruses.&lt;/text&gt;</WhatAbnormalResultsMean><AlternativeNames>&lt;detail&gt;Culture - CSF&lt;/detail&gt;&lt;detail&gt; Spinal fluid culture&lt;/detail&gt;&lt;detail&gt; CSF culture&lt;/detail&gt;</AlternativeNames><Images><value><img_name>Pneumococci organism</img_name><img_url>https://medlineplus.gov/ency/images/ency/fullsize/1054.jpg</img_url></value><value><img_name>CSF smear</img_name><img_url>https://medlineplus.gov/ency/images/ency/fullsize/9242.jpg</img_url></value></Images></item>
<item><title>Cerebral spinal fluid (CSF) collection</title><url>https://medlineplus.gov/ency/article/003428.htm</url><HowtoPreparefortheTest>&lt;text&gt;You will need to give the health care team your consent before the test. Tell your provider if you are on any blood-thinning medicines such as warfarin (Coumadin), Lovenox, aspirin, or Plavix.&lt;/text&gt;&lt;text&gt;Afterward, you should plan to rest for several hours, even if you feel fine. This is to prevent fluid from leaking around the site of the puncture. You will not need to lie flat on your back the entire time.&lt;/text&gt;</HowtoPreparefortheTest><WhytheTestisPerformed>&lt;text&gt;This test is done to measure pressures within the CSF and to collect a sample of the fluid for further testing.&lt;/text&gt;&lt;text&gt;CSF analysis can be used to diagnose certain neurologic disorders. These may include infections (such as meningitis) and brain or spinal cord damage. A spinal tap may also be done to establish the diagnosis of  normal pressure hydrocephalus. &lt;/text&gt;</WhytheTestisPerformed><NormalResults>&lt;text&gt;Normal values typically range as follows:&lt;/text&gt;&lt;detail&gt;Pressure: 70 to 180 mm H&lt;sub&gt;2&lt;/sub&gt;O&lt;/detail&gt;&lt;detail&gt;Appearance: clear, colorless&lt;/detail&gt;&lt;detail&gt; CSF total protein : 15 to 60 mg/100 mL&lt;/detail&gt;&lt;detail&gt;Gamma globulin: 3% to 12% of the  total protein &lt;/detail&gt;&lt;detail&gt; CSF glucose : 50 to 80 mg/100 mL (or greater than two thirds of blood sugar level)&lt;/detail&gt;&lt;detail&gt; CSF cell count : 0 to 5 white blood cells (all mononuclear), and no red blood cells&lt;/detail&gt;&lt;detail&gt;Chloride: 110 to 125 mEq/L&lt;/detail&gt;&lt;text&gt;Normal value ranges may vary slightly among different laboratories. Talk to your provider about the meaning of your specific test results.&lt;/text&gt;&lt;text&gt;The examples above show the common measurements for results for these tests. Some laboratories use different measurements or may test different specimens.&lt;/text&gt;</NormalResults><WhatAbnormalResultsMean>&lt;text&gt;If the CSF looks cloudy, it could mean there is an infection or a buildup of white blood cells or protein.&lt;/text&gt;&lt;text&gt;If the CSF looks bloody or red, it may be a sign of bleeding or spinal cord obstruction. If it is brown, orange, or yellow, it may be a sign of increased CSF protein or previous bleeding (more than 3 days ago). There may be blood in the sample that came from the spinal tap itself. This makes it harder to interpret the test results.&lt;/text&gt;&lt;text&gt;CSF PRESSURE&lt;/text&gt;&lt;detail&gt;Increased CSF pressure may be due to  increased intracranial pressure  (pressure within the skull).&lt;/detail&gt;&lt;detail&gt;Decreased CSF pressure may be due to spinal cord tumor, shock, fainting, or  diabetic coma .&lt;/detail&gt;&lt;text&gt;CSF PROTEIN&lt;/text&gt;&lt;detail&gt;Increased CSF protein may be due to blood in the CSF,  diabetes , polyneuritis, tumor, injury, or any inflammatory or infectious condition.&lt;/detail&gt;&lt;detail&gt;Decreased protein is a sign of rapid CSF production.&lt;/detail&gt;&lt;text&gt;CSF GLUCOSE&lt;/text&gt;&lt;detail&gt;Increased CSF glucose is a sign of high blood sugar.&lt;/detail&gt;&lt;detail&gt;Decreased CSF glucose may be due to  hypoglycemia  (low blood sugar), bacterial or fungal infection (such as  meningitis ), tuberculosis, or certain other types of meningitis.&lt;/detail&gt;&lt;text&gt;BLOOD CELLS IN CSF&lt;/text&gt;&lt;detail&gt;Increased white blood cells in the CSF may be a sign of meningitis,  acute  infection, beginning of a long-term (chronic) illness, tumor,  abscess ,  stroke , or demyelinating disease (such as multiple sclerosis).&lt;/detail&gt;&lt;detail&gt;Red blood cells in the CSF sample may be a sign of bleeding into the spinal fluid or the result of a traumatic lumbar puncture.&lt;/detail&gt;&lt;text&gt;OTHER CSF RESULTS&lt;/text&gt;&lt;detail&gt;Increased CSF gamma globulin levels may be due to diseases such as  multiple sclerosis ,  neurosyphilis , or  Guillain-Barré syndrome .&lt;/detail&gt;&lt;text&gt;Additional conditions under which the test may be performed:&lt;/text&gt;&lt;detail&gt; Chronic inflammatory polyneuropathy &lt;/detail&gt;&lt;detail&gt; Dementia due to metabolic causes &lt;/detail&gt;&lt;detail&gt; Encephalitis &lt;/detail&gt;&lt;detail&gt; Epilepsy &lt;/detail&gt;&lt;detail&gt; Febrile seizure (children) &lt;/detail&gt;&lt;detail&gt; Generalized tonic-clonic seizure &lt;/detail&gt;&lt;detail&gt; Hydrocephalus &lt;/detail&gt;&lt;detail&gt;Inhalation anthrax&lt;/detail&gt;&lt;detail&gt; Normal pressure hydrocephalus (NPH) &lt;/detail&gt;&lt;detail&gt; Pituitary tumor &lt;/detail&gt;&lt;detail&gt; Reye syndrome &lt;/detail&gt;</WhatAbnormalResultsMean><AlternativeNames>&lt;detail&gt;Spinal tap&lt;/detail&gt;&lt;detail&gt; Ventricular puncture&lt;/detail&gt;&lt;detail&gt; Lumbar puncture&lt;/detail&gt;&lt;detail&gt; Cisternal puncture&lt;/detail&gt;&lt;detail&gt; Cerebrospinal fluid culture&lt;/detail&gt;</AlternativeNames><Images><value><img_name>CSF chemistry</img_name><img_url>https://medlineplus.gov/ency/images/ency/fullsize/9239.jpg</img_url></value><value><img_name>Lumbar vertebrae</img_name><img_url>https://medlineplus.gov/ency/images/ency/fullsize/9507.jpg</img_url></value></Images></item>
<item><title>Cerebral angiography</title><url>https://medlineplus.gov/ency/article/003799.htm</url><HowtoPreparefortheTest>&lt;text&gt;Before the procedure, your provider will examine you and order blood tests. &lt;/text&gt;&lt;text&gt;Tell the provider if you:&lt;/text&gt;&lt;detail&gt;Have a history of bleeding problems or take medicines that are blood thinners&lt;/detail&gt;&lt;detail&gt;Have had an allergic reaction to x-ray contrast dye or any iodine substance&lt;/detail&gt;&lt;detail&gt;May be pregnant&lt;/detail&gt;&lt;detail&gt;Have kidney function problems &lt;/detail&gt;&lt;text&gt;You may be told not to eat or drink anything for 4 to 8 hours before the test.&lt;/text&gt;&lt;text&gt;When you arrive at the testing site, you will be given a hospital gown to wear. You must remove all jewelry.&lt;/text&gt;</HowtoPreparefortheTest><WhytheTestisPerformed>&lt;text&gt;Cerebral angiography is most often used to identify or confirm problems with the blood vessels in the brain.&lt;/text&gt;&lt;text&gt;Your provider may order this test if you have symptoms or signs of:&lt;/text&gt;&lt;detail&gt;Abnormal blood vessels (vascular malformation)&lt;/detail&gt;&lt;detail&gt; Aneurysm &lt;/detail&gt;&lt;detail&gt;Narrowing of the arteries in the brain&lt;/detail&gt;&lt;detail&gt;Vasculitis &lt;/detail&gt;&lt;text&gt;It is sometimes used to:&lt;/text&gt;&lt;detail&gt;Look at blood flow to a tumor&lt;/detail&gt;&lt;detail&gt;Evaluate the arteries of the head and neck before surgery&lt;/detail&gt;&lt;detail&gt;Find a clot that may have caused a  stroke &lt;/detail&gt;&lt;text&gt;In some cases, this procedure may be used to get more detailed information after something abnormal has been detected by an MRI or  CT scan of the head .&lt;/text&gt;&lt;text&gt;This test may also be done in preparation for medical treatment ( interventional radiology procedures ) by way of certain blood vessels.&lt;/text&gt;</WhytheTestisPerformed><WhatAbnormalResultsMean>&lt;text&gt;Contrast dye flowing out of the blood vessel may be a sign of bleeding.&lt;/text&gt;&lt;text&gt;Narrowed arteries may suggest: &lt;/text&gt;&lt;detail&gt;Cholesterol deposits&lt;/detail&gt;&lt;detail&gt;A spasm of a brain artery&lt;/detail&gt;&lt;detail&gt;Inherited disorders &lt;/detail&gt;&lt;text&gt;Out of place blood vessels may be due to: &lt;/text&gt;&lt;detail&gt;Brain tumors&lt;/detail&gt;&lt;detail&gt;Bleeding within the skull&lt;/detail&gt;&lt;detail&gt;Bulging of a blood vessel in the brain ( aneurysm )&lt;/detail&gt;&lt;detail&gt;Abnormal connection between the arteries and veins in the brain ( arteriovenous malformation ) &lt;/detail&gt;&lt;text&gt;Abnormal results may also be due to:&lt;/text&gt;&lt;detail&gt;Cancer that started in another part of the body and has spread to the brain ( metastatic brain tumor )&lt;/detail&gt;&lt;detail&gt;Syphilis infection of the brain ( neurosyphilis ) &lt;/detail&gt;</WhatAbnormalResultsMean><AlternativeNames>&lt;detail&gt;Vertebral angiogram&lt;/detail&gt;&lt;detail&gt; Angiography - head&lt;/detail&gt;&lt;detail&gt; Carotid angiogram&lt;/detail&gt;&lt;detail&gt; Cervicocerebral catheter-based angiography&lt;/detail&gt;&lt;detail&gt; Intra-arterial digital subtraction angiography&lt;/detail&gt;&lt;detail&gt; IADSA&lt;/detail&gt;</AlternativeNames><Images><value><img_name>Brain</img_name><img_url>https://medlineplus.gov/ency/images/ency/fullsize/1074.jpg</img_url></value><value><img_name>Carotid stenosis, x-ray of the left artery</img_name><img_url>https://medlineplus.gov/ency/images/ency/fullsize/1152.jpg</img_url></value><value><img_name>Carotid stenosis, x-ray of the right artery</img_name><img_url>https://medlineplus.gov/ency/images/ency/fullsize/1153.jpg</img_url></value></Images></item>
<item><title>CEA blood test</title><url>https://medlineplus.gov/ency/article/003574.htm</url><HowtoPreparefortheTest>&lt;text&gt;Smoking may increase the CEA level. If you smoke, your doctor may tell you to avoid doing so for a short time before the test.&lt;/text&gt;</HowtoPreparefortheTest><WhytheTestisPerformed>&lt;text&gt;This test is done to monitor the response to treatment and then to check for the return of colon and other cancers such as medullary thyroid cancer and cancers of the rectum, lung, breast, liver, pancreas, stomach, and ovaries.&lt;/text&gt;&lt;text&gt;It is not used as a screening test for cancer and should not be done unless a diagnosis of cancer has been made.&lt;/text&gt;</WhytheTestisPerformed><NormalResults>&lt;text&gt;The normal range is 0 to 2.5 ng/mL (0 to 2.5 µg/L). &lt;/text&gt;&lt;text&gt;In smokers, slightly higher values may be considered normal (0 to 5 ng/mL, or 0 to 5 µg/L).&lt;/text&gt;</NormalResults><WhatAbnormalResultsMean>&lt;text&gt;A high CEA level in a person recently treated for certain cancers may mean the cancer has returned. A higher than normal level may be due to the following cancers:&lt;/text&gt;&lt;detail&gt; Breast cancer &lt;/detail&gt;&lt;detail&gt;Cancers of the reproductive and urinary tracts&lt;/detail&gt;&lt;detail&gt; Colon cancer &lt;/detail&gt;&lt;detail&gt; Lung cancer &lt;/detail&gt;&lt;detail&gt; Pancreatic cancer &lt;/detail&gt;&lt;detail&gt; Thyroid cancer &lt;/detail&gt;&lt;text&gt;Higher than normal CEA level alone cannot diagnose a new cancer. Further testing is needed.&lt;/text&gt;&lt;text&gt;An increased CEA level may also be due to:&lt;/text&gt;&lt;detail&gt;Liver and gallbladder problems, such as scarring of the liver ( cirrhosis ), or gallbladder inflammation ( cholecystitis )&lt;/detail&gt;&lt;detail&gt;Heavy smoking&lt;/detail&gt;&lt;detail&gt;Inflammatory bowel diseases (such as  ulcerative colitis  or  diverticulitis )&lt;/detail&gt;&lt;detail&gt;Lung infection&lt;/detail&gt;&lt;detail&gt;Inflammation of the pancreas (pancreatitis)&lt;/detail&gt;&lt;detail&gt;Stomach ulcer &lt;/detail&gt;</WhatAbnormalResultsMean><AlternativeNames>&lt;detail&gt;Carcinoembryonic antigen blood test&lt;/detail&gt;</AlternativeNames><Images><value><img_name>Blood test</img_name><img_url>https://medlineplus.gov/ency/images/ency/fullsize/10026.jpg</img_url></value></Images></item>
<item><title>CBC blood test</title><url>https://medlineplus.gov/ency/article/003642.htm</url><HowtoPreparefortheTest>&lt;text&gt;There is no special preparation needed.&lt;/text&gt;</HowtoPreparefortheTest><WhytheTestisPerformed>&lt;text&gt;A CBC is a commonly performed lab test. It can be used to detect or monitor many different health conditions. Your health care provider may order this test:&lt;/text&gt;&lt;detail&gt;As part of a routine check-up&lt;/detail&gt;&lt;detail&gt;If you are having symptoms, such as fatigue, weight loss, fever or other signs of an infection, weakness, bruising, bleeding, or any signs of cancer&lt;/detail&gt;&lt;detail&gt;When you are receiving treatments (medicines or radiation) that may change your blood count results&lt;/detail&gt;&lt;detail&gt;To monitor a long-term (chronic) health problem that may change your blood count results, such as chronic kidney disease &lt;/detail&gt;</WhytheTestisPerformed><NormalResults>&lt;text&gt;Blood counts may vary with altitude. In general, normal results are: &lt;/text&gt;&lt;text&gt;RBC count:&lt;/text&gt;&lt;detail&gt;Male: 4.7 to 6.1 million cells/mcL &lt;/detail&gt;&lt;detail&gt;Female: 4.2 to 5.4 million cells/mcL &lt;/detail&gt;&lt;text&gt;WBC count: &lt;/text&gt;&lt;detail&gt;4,500 to 10,000 cells/mcL &lt;/detail&gt;&lt;text&gt;Hematocrit: &lt;/text&gt;&lt;detail&gt;Male: 40.7% to 50.3% &lt;/detail&gt;&lt;detail&gt;Female: 36.1% to 44.3% &lt;/detail&gt;&lt;text&gt;Hemoglobin: &lt;/text&gt;&lt;detail&gt;Male: 13.8 to 17.2 gm/dL &lt;/detail&gt;&lt;detail&gt;Female: 12.1 to 15.1 gm/dL &lt;/detail&gt;&lt;text&gt;Red blood cell indices:&lt;/text&gt;&lt;detail&gt;MCV: 80 to 95 femtoliter&lt;/detail&gt;&lt;detail&gt;MCH: 27 to 31 pg/cell&lt;/detail&gt;&lt;detail&gt;MCHC: 32 to 36 gm/dL &lt;/detail&gt;&lt;text&gt;Platelet count:&lt;/text&gt;&lt;detail&gt;150,000 to 450,000/dL &lt;/detail&gt;&lt;text&gt;The examples above are common measurements for results of these tests. Normal value ranges may vary slightly among different laboratories. Some labs use different measurements or test different samples. Talk to your doctor about the meaning of your specific test results. &lt;/text&gt;</NormalResults><WhatAbnormalResultsMean>&lt;text&gt;High RBC, hemoglobin, or hematocrit may be due to:&lt;/text&gt;&lt;detail&gt;A lack of enough water and fluids, such as from severe diarrhea, excessive sweating, or water pills used to treat high blood pressure&lt;/detail&gt;&lt;detail&gt;Kidney disease with high  erythropoietin  production&lt;/detail&gt;&lt;detail&gt;Low oxygen level in the blood for a long time, most often due to heart or lung disease&lt;/detail&gt;&lt;detail&gt; Polycythemia vera &lt;/detail&gt;&lt;detail&gt;Smoking&lt;/detail&gt;&lt;text&gt;Low RBC, hemoglobin, or hematacrit is a sign of anemia, which can result from:&lt;/text&gt;&lt;detail&gt; Blood loss  (either sudden, or from problems such as heavy menstrual periods over a long time)&lt;/detail&gt;&lt;detail&gt;Bone marrow failure (for example, from radiation, infection, or tumor)&lt;/detail&gt;&lt;detail&gt;Breakdown of red blood cells ( hemolysis )&lt;/detail&gt;&lt;detail&gt;Cancer and cancer treatment&lt;/detail&gt;&lt;detail&gt;Certain long-term (chronic) medical conditions, such as chronic kidney disease, ulcerative colitis, or rheumatoid arthritis&lt;/detail&gt;&lt;detail&gt;Leukemia&lt;/detail&gt;&lt;detail&gt;Long-term infections such as  hepatitis &lt;/detail&gt;&lt;detail&gt;Poor diet and nutrition, causing too little iron,  folate ,  vitamin B12 , or  vitamin B6 &lt;/detail&gt;&lt;detail&gt; Multiple myeloma &lt;/detail&gt;&lt;text&gt;A lower than normal white blood cell count is called leukopenia. A decreased WBC count may be due to:&lt;/text&gt;&lt;detail&gt;Alcohol abuse and liver damage&lt;/detail&gt;&lt;detail&gt;Autoimmune diseases (such as  systemic lupus erythematosus )&lt;/detail&gt;&lt;detail&gt;Bone marrow failure (for example, due to infection, tumor, radiation, or fibrosis)&lt;/detail&gt;&lt;detail&gt;Chemotherapy medicines used to treat cancer&lt;/detail&gt;&lt;detail&gt;Disease of the liver or spleen&lt;/detail&gt;&lt;detail&gt;Enlarged spleen&lt;/detail&gt;&lt;detail&gt;Infections caused by viruses, such as mono or AIDS&lt;/detail&gt;&lt;detail&gt;Medicines&lt;/detail&gt;&lt;text&gt;A high WBC count is called leukocytosis. It can result from:&lt;/text&gt;&lt;detail&gt;Certain medicines, such as corticosteroids&lt;/detail&gt;&lt;detail&gt;Infections&lt;/detail&gt;&lt;detail&gt;Diseases such as lupus,  rheumatoid arthritis , or  allergy &lt;/detail&gt;&lt;detail&gt;Leukemia&lt;/detail&gt;&lt;detail&gt;Severe emotional or physical stress&lt;/detail&gt;&lt;detail&gt;Tissue damage (such as from burns or a heart attack)&lt;/detail&gt;&lt;text&gt;A high platelet count may be due to:&lt;/text&gt;&lt;detail&gt;Bleeding&lt;/detail&gt;&lt;detail&gt;Diseases such as cancer&lt;/detail&gt;&lt;detail&gt;Iron deficiency&lt;/detail&gt;&lt;detail&gt;Problems with the bone marrow&lt;/detail&gt;&lt;text&gt;A low platelet count may be due to:&lt;/text&gt;&lt;detail&gt;Disorders where platelets are destroyed&lt;/detail&gt;&lt;detail&gt;Pregnancy&lt;/detail&gt;&lt;detail&gt;Enlarged spleen&lt;/detail&gt;&lt;detail&gt;Bone marrow failure (for example, due to infection, tumor, radiation, or fibrosis)&lt;/detail&gt;&lt;detail&gt;Chemotherapy medicines used to treat cancer&lt;/detail&gt;</WhatAbnormalResultsMean><AlternativeNames>&lt;detail&gt;Complete blood count&lt;/detail&gt;&lt;detail&gt; Anemia - CBC&lt;/detail&gt;</AlternativeNames><Images><value><img_name>Red blood cells, sickle cell</img_name><img_url>https://medlineplus.gov/ency/images/ency/fullsize/1212.jpg</img_url></value><value><img_name>Megaloblastic anemia - view of red blood cells</img_name><img_url>https://medlineplus.gov/ency/images/ency/fullsize/1214.jpg</img_url></value><value><img_name>Red blood cells, tear-drop shape</img_name><img_url>https://medlineplus.gov/ency/images/ency/fullsize/1217.jpg</img_url></value><value><img_name>Red blood cells, normal</img_name><img_url>https://medlineplus.gov/ency/images/ency/fullsize/1218.jpg</img_url></value><value><img_name>Red blood cells, elliptocytosis</img_name><img_url>https://medlineplus.gov/ency/images/ency/fullsize/1219.jpg</img_url></value><value><img_name>Red blood cells, spherocytosis</img_name><img_url>https://medlineplus.gov/ency/images/ency/fullsize/1220.jpg</img_url></value><value><img_name>Red blood cells, multiple sickle cells</img_name><img_url>https://medlineplus.gov/ency/images/ency/fullsize/1223.jpg</img_url></value><value><img_name>Basophil (close-up)</img_name><img_url>https://medlineplus.gov/ency/images/ency/fullsize/1442.jpg</img_url></value><value><img_name>Malaria, microscopic view of cellular parasites</img_name><img_url>https://medlineplus.gov/ency/images/ency/fullsize/1464.jpg</img_url></value><value><img_name>Malaria, photomicrograph of cellular parasites</img_name><img_url>https://medlineplus.gov/ency/images/ency/fullsize/1466.jpg</img_url></value><value><img_name>Red blood cells, sickle cells</img_name><img_url>https://medlineplus.gov/ency/images/ency/fullsize/1494.jpg</img_url></value><value><img_name>Red blood cells, sickle and Pappenheimer</img_name><img_url>https://medlineplus.gov/ency/images/ency/fullsize/1495.jpg</img_url></value><value><img_name>Red blood cells, target cells</img_name><img_url>https://medlineplus.gov/ency/images/ency/fullsize/1497.jpg</img_url></value><value><img_name>Formed elements of blood</img_name><img_url>https://medlineplus.gov/ency/images/ency/fullsize/19192.jpg</img_url></value><value><img_name>Complete blood count - series</img_name><img_url>https://medlineplus.gov/ency/images/ency/fullsize/15329.jpg</img_url></value></Images></item>
<item><title>Catecholamines - urine</title><url>https://medlineplus.gov/ency/article/003613.htm</url><HowtoPreparefortheTest>&lt;text&gt; Stress  and heavy exercise may affect the test results.&lt;/text&gt;&lt;text&gt;Some foods can increase catecholamines in your urine. You may need to avoid the following foods and beverages for several days before the test:&lt;/text&gt;&lt;detail&gt;Coffee&lt;/detail&gt;&lt;detail&gt;Tea&lt;/detail&gt;&lt;detail&gt;Bananas&lt;/detail&gt;&lt;detail&gt;Chocolate&lt;/detail&gt;&lt;detail&gt;Cocoa&lt;/detail&gt;&lt;detail&gt;Citrus fruits&lt;/detail&gt;&lt;detail&gt;Vanilla &lt;/detail&gt;&lt;text&gt;Many medicines can interfere with test results.&lt;/text&gt;&lt;detail&gt;Your provider will tell you if you need to stop taking any medicines before you have this test.&lt;/detail&gt;&lt;detail&gt;DO NOT stop or change your medicines without talking to your provider first.&lt;/detail&gt;</HowtoPreparefortheTest><WhytheTestisPerformed>&lt;text&gt;The test is usually done to diagnose an adrenal gland tumor called  pheochromocytoma . It may also be used to diagnose  neuroblastoma . Urine catecholamine levels are increased in most people with neuroblastoma.&lt;/text&gt;&lt;text&gt;The urine test for catecholamines may also be used to monitor those who are receiving treatment for these conditions.&lt;/text&gt;</WhytheTestisPerformed><NormalResults>&lt;text&gt;All of the catecholamines are broken down into inactive substances that appear in the urine:&lt;/text&gt;&lt;detail&gt;Dopamine becomes homovanillic acid (HVA)&lt;/detail&gt;&lt;detail&gt;Norepinephrine becomes normetanephrine and vanillylmandelic acid (VMA)&lt;/detail&gt;&lt;detail&gt;Epinephrine becomes metanephrine and VMA &lt;/detail&gt;&lt;text&gt;The following normal values are the amount of the substance found in the urine over a 24-hour period:&lt;/text&gt;&lt;detail&gt;Dopamine: 65 to 400 micrograms (mcg)/24 hours (425 to 2610 nmol/24 hours)&lt;/detail&gt;&lt;detail&gt;Epinephrine: 0.5 to 20 mcg/24 hours&lt;/detail&gt;&lt;detail&gt;Metanephrine: 24 to 96 mcg/24 hours (some laboratories give the range as 140 to 785 mcg/24 hours)&lt;/detail&gt;&lt;detail&gt;Norepinephrine: 15 to 80 mcg/24 hours (89 to 473 nmol/24 hours)&lt;/detail&gt;&lt;detail&gt;Normetanephrine: 75 to 375 mcg/24 hours&lt;/detail&gt;&lt;detail&gt;Total urine catecholamines: 14 to 110 mcg/24 hours&lt;/detail&gt;&lt;detail&gt;VMA: 2 to 7 milligrams (mg)/24 hours (10.09 mcmol/24 hours)&lt;/detail&gt;&lt;text&gt;Normal value ranges may vary slightly among different laboratories. Talk to your provider about the meaning of your specific test results.&lt;/text&gt;&lt;text&gt;The examples above show the common measurements for results for these tests. Some laboratories use different measurements or may test different specimens.&lt;/text&gt;</NormalResults><WhatAbnormalResultsMean>&lt;text&gt;Elevated levels of urinary catecholamines may indicate:&lt;/text&gt;&lt;detail&gt;Acute  anxiety &lt;/detail&gt;&lt;detail&gt; Ganglioneuroblastoma  (very rare)&lt;/detail&gt;&lt;detail&gt; Ganglioneuroma  (very rare)&lt;/detail&gt;&lt;detail&gt;Neuroblastoma (rare)&lt;/detail&gt;&lt;detail&gt;Pheochromocytoma (rare)&lt;/detail&gt;&lt;detail&gt;Severe stress &lt;/detail&gt;&lt;text&gt;The test may also be performed for:&lt;/text&gt;&lt;detail&gt; Multiple endocrine neoplasia (MEN) II &lt;/detail&gt;</WhatAbnormalResultsMean><AlternativeNames>&lt;detail&gt;Dopamine - urine test&lt;/detail&gt;&lt;detail&gt; Epinephrine - urine test&lt;/detail&gt;&lt;detail&gt; Adrenalin - urine test&lt;/detail&gt;&lt;detail&gt; Urine metanephrine&lt;/detail&gt;&lt;detail&gt; Normetanephrine&lt;/detail&gt;&lt;detail&gt; Norepinephrine - urine test&lt;/detail&gt;&lt;detail&gt; Urine catecholamines&lt;/detail&gt;&lt;detail&gt; VMA&lt;/detail&gt;&lt;detail&gt; HVA&lt;/detail&gt;&lt;detail&gt; Metanephrine&lt;/detail&gt;&lt;detail&gt; Homovanillic acid (HVA)&lt;/detail&gt;</AlternativeNames><Images><value><img_name>Female urinary tract</img_name><img_url>https://medlineplus.gov/ency/images/ency/fullsize/1122.jpg</img_url></value><value><img_name>Male urinary tract</img_name><img_url>https://medlineplus.gov/ency/images/ency/fullsize/1123.jpg</img_url></value><value><img_name>Catecholamine urine test</img_name><img_url>https://medlineplus.gov/ency/images/ency/fullsize/9160.jpg</img_url></value></Images></item>
<item><title>Catecholamine blood test</title><url>https://medlineplus.gov/ency/article/003561.htm</url><HowtoPreparefortheTest>&lt;text&gt;You will likely be told not to eat anything (fast) for 10 hours before the test. You may be allowed to drink water during this time.&lt;/text&gt;&lt;text&gt;The accuracy of the test can be affected by certain foods and medicines. Foods that can increase catecholamine levels include:&lt;/text&gt;&lt;detail&gt;Coffee&lt;/detail&gt;&lt;detail&gt;Tea&lt;/detail&gt;&lt;detail&gt;Bananas&lt;/detail&gt;&lt;detail&gt;Chocolate&lt;/detail&gt;&lt;detail&gt;Cocoa&lt;/detail&gt;&lt;detail&gt;Citrus fruits&lt;/detail&gt;&lt;detail&gt;Vanilla &lt;/detail&gt;&lt;text&gt;You should not eat these foods for several days before the test. This is especially true if both blood and urine catecholamines are to be measured.&lt;/text&gt;&lt;text&gt;You should also avoid stressful situations and vigorous exercise. Both can affect the accuracy of the test results. &lt;/text&gt;&lt;text&gt;Medicines and substances that can increase catecholamine measurements include:&lt;/text&gt;&lt;detail&gt;Acetaminophen&lt;/detail&gt;&lt;detail&gt;Albuterol&lt;/detail&gt;&lt;detail&gt;Aminophylline&lt;/detail&gt;&lt;detail&gt;Amphetamines&lt;/detail&gt;&lt;detail&gt;Buspirone&lt;/detail&gt;&lt;detail&gt;Caffeine&lt;/detail&gt;&lt;detail&gt;Calcium channel blockers&lt;/detail&gt;&lt;detail&gt;Cocaine&lt;/detail&gt;&lt;detail&gt;Cyclobenzaprine&lt;/detail&gt;&lt;detail&gt;Levodopa&lt;/detail&gt;&lt;detail&gt;Methyldopa&lt;/detail&gt;&lt;detail&gt; Nicotinic acid  (large doses)&lt;/detail&gt;&lt;detail&gt;Phenoxybenzamine&lt;/detail&gt;&lt;detail&gt;Phenothiazines&lt;/detail&gt;&lt;detail&gt;Pseudoephedrine&lt;/detail&gt;&lt;detail&gt;Reserpine&lt;/detail&gt;&lt;detail&gt;Tricyclic antidepressants &lt;/detail&gt;&lt;text&gt;Medicines that can decrease catecholamine measurements include:&lt;/text&gt;&lt;detail&gt;Clonidine&lt;/detail&gt;&lt;detail&gt;Guanethidine&lt;/detail&gt;&lt;detail&gt;MAO inhibitors &lt;/detail&gt;&lt;text&gt;If you take any of the above medicines, check with your health care provider before the blood test about whether you should stop taking your medicine.&lt;/text&gt;</HowtoPreparefortheTest><WhytheTestisPerformed>&lt;text&gt;Catecholamines are released into the blood when a person is under physical or emotional stress. The main catecholamines are dopamine, norepinephrine, and epinephrine (which used to be called adrenalin).&lt;/text&gt;&lt;text&gt;This test is used to diagnose or rule out certain rare tumors, such as  pheochromocytoma  or  neuroblastoma . It may also be done in patients with those conditions to determine if treatment is working.&lt;/text&gt;</WhytheTestisPerformed><NormalResults>&lt;text&gt;The normal range for epinephrine is 0 to 140 pg/mL (764.3 pmol/L).&lt;/text&gt;&lt;text&gt;The normal range for norepinephrine is 70 to 1700 pg/mL (413.8 to 10048.7 pmol/L).&lt;/text&gt;&lt;text&gt;The normal range for dopamine is 0 to 30 pg/mL (195.8 pmol/L). &lt;/text&gt;&lt;text&gt;Note: Normal value ranges may vary slightly among different laboratories. Some labs use different measurements or test different samples. Talk to your provider about the meaning of your specific test results.&lt;/text&gt;</NormalResults><WhatAbnormalResultsMean>&lt;text&gt;Higher-than-normal levels of blood catecholamines may suggest:&lt;/text&gt;&lt;detail&gt;Acute anxiety&lt;/detail&gt;&lt;detail&gt; Ganglioblastoma  (very rare tumor)&lt;/detail&gt;&lt;detail&gt; Ganglioneuroma  (very rare tumor)&lt;/detail&gt;&lt;detail&gt; Neuroblastoma  (rare tumor)&lt;/detail&gt;&lt;detail&gt; Pheochromocytoma  (rare tumor)&lt;/detail&gt;&lt;detail&gt;Severe stress &lt;/detail&gt;&lt;text&gt;Additional conditions under which the test may be performed include  multiple system atrophy .&lt;/text&gt;</WhatAbnormalResultsMean><AlternativeNames>&lt;detail&gt;Norepinephrine - blood&lt;/detail&gt;&lt;detail&gt; Epinephrine - blood&lt;/detail&gt;&lt;detail&gt; Adrenalin - blood&lt;/detail&gt;&lt;detail&gt; Dopamine - blood&lt;/detail&gt;</AlternativeNames><Images><value><img_name>Blood test</img_name><img_url>https://medlineplus.gov/ency/images/ency/fullsize/10026.jpg</img_url></value></Images></item>
<item><title>Carpal tunnel biopsy</title><url>https://medlineplus.gov/ency/article/003925.htm</url><HowtoPreparefortheTest>&lt;text&gt;Follow instructions for not eating or drinking anything for a few hours before the test.&lt;/text&gt;</HowtoPreparefortheTest><WhytheTestisPerformed>&lt;text&gt;This test is often done to see if you have a condition called  amyloidosis . It is not usually done to diagnose  carpal tunnel syndrome . However, a person with amyloidosis can have carpal tunnel syndrome.&lt;/text&gt;&lt;text&gt;Carpal tunnel syndrome is a condition in which there is excessive pressure on the median nerve. This is the nerve in the wrist that allows feeling and movement to parts of the hand. Carpal tunnel syndrome can lead to numbness, tingling, weakness, or muscle damage in the hand and fingers.&lt;/text&gt;</WhytheTestisPerformed><NormalResults>&lt;text&gt;No abnormal tissues are found.&lt;/text&gt;</NormalResults><WhatAbnormalResultsMean>&lt;text&gt;An abnormal result means that you have amyloidosis.&lt;/text&gt;</WhatAbnormalResultsMean><AlternativeNames>&lt;detail&gt;Biopsy - carpal tunnel&lt;/detail&gt;</AlternativeNames><Images><value><img_name>Carpal tunnel syndrome</img_name><img_url>https://medlineplus.gov/ency/images/ency/fullsize/1081.jpg</img_url></value><value><img_name>Surface anatomy - normal palm</img_name><img_url>https://medlineplus.gov/ency/images/ency/fullsize/1759.jpg</img_url></value><value><img_name>Surface anatomy - normal wrist</img_name><img_url>https://medlineplus.gov/ency/images/ency/fullsize/1762.jpg</img_url></value><value><img_name>Carpal biopsy</img_name><img_url>https://medlineplus.gov/ency/images/ency/fullsize/8635.jpg</img_url></value></Images></item>
<item><title>Carotid duplex</title><url>https://medlineplus.gov/ency/article/003774.htm</url><HowtoPreparefortheTest>&lt;text&gt;No preparation is necessary.&lt;/text&gt;</HowtoPreparefortheTest><WhytheTestisPerformed>&lt;text&gt;This test checks blood flow in the carotid arteries. It can detect:&lt;/text&gt;&lt;detail&gt;Blood clotting (thrombosis)&lt;/detail&gt;&lt;detail&gt;Narrowing in the arteries (stenosis)&lt;/detail&gt;&lt;detail&gt;Other causes of blockage in the carotid arteries &lt;/detail&gt;&lt;text&gt;Your doctor may order this test if:&lt;/text&gt;&lt;detail&gt;You have had a  stroke  or  transient ischemic attack  (TIA)&lt;/detail&gt;&lt;detail&gt;You need a follow-up test because your carotid artery was found to be narrowed in the past or you have had surgery on the artery&lt;/detail&gt;&lt;detail&gt;Your doctor hears an abnormal sound called a bruit over the carotid neck arteries. This may mean the artery is narrowed. &lt;/detail&gt;</WhytheTestisPerformed><NormalResults>&lt;text&gt;The results will tell your doctor how open or narrowed your carotid arteries are. For example, the arteries may be 10% narrowed, 50% narrowed, or 75% narrowed.&lt;/text&gt;&lt;text&gt;A normal result means there is no problem with the blood flow in the carotid arteries. The artery is free of any significant blockage, narrowing, or other problem.&lt;/text&gt;</NormalResults><WhatAbnormalResultsMean>&lt;text&gt;An abnormal result means the artery may be narrowed, or something is changing the blood flow in the carotid arteries. This is a sign of  atherosclerosis  or other blood vessel conditions.&lt;/text&gt;&lt;text&gt;In general, the more narrowed the artery is, the higher your risk of stroke.&lt;/text&gt;&lt;text&gt;Depending on the results, your doctor may want you to:&lt;/text&gt;&lt;detail&gt;Consider  surgery &lt;/detail&gt;&lt;detail&gt;Have additional tests (such as  cerebral angiography , CT angiography, and  magnetic resonance angiography )&lt;/detail&gt;&lt;detail&gt;Follow a healthy diet and lifestyle to prevent  hardening of the arteries &lt;/detail&gt;&lt;detail&gt;Repeat the test again in the future &lt;/detail&gt;</WhatAbnormalResultsMean><AlternativeNames>&lt;detail&gt;Scan - carotid duplex&lt;/detail&gt;&lt;detail&gt; Carotid ultrasound&lt;/detail&gt;&lt;detail&gt; Carotid artery ultrasound&lt;/detail&gt;&lt;detail&gt; Ultrasound - carotid&lt;/detail&gt;&lt;detail&gt; Vascular ultrasound - carotid&lt;/detail&gt;&lt;detail&gt; Ultrasound - vascular - carotid&lt;/detail&gt;&lt;detail&gt; Stroke - carotid duplex&lt;/detail&gt;&lt;detail&gt; TIA - carotid duplex&lt;/detail&gt;&lt;detail&gt; Transient ischemic attack - carotid duplex&lt;/detail&gt;</AlternativeNames><Images><value><img_name>Carotid stenosis, x-ray of the left artery</img_name><img_url>https://medlineplus.gov/ency/images/ency/fullsize/1152.jpg</img_url></value><value><img_name>Carotid stenosis, x-ray of the right artery</img_name><img_url>https://medlineplus.gov/ency/images/ency/fullsize/1153.jpg</img_url></value><value><img_name>Carotid duplex</img_name><img_url>https://medlineplus.gov/ency/images/ency/fullsize/18051.jpg</img_url></value></Images></item>
<item><title>Cardiac event monitors</title><url>https://medlineplus.gov/ency/article/007700.htm</url><HowtoPreparefortheTest>&lt;text&gt;Tell your provider if you are allergic to any tape or other adhesives.&lt;/text&gt;</HowtoPreparefortheTest><WhytheTestisPerformed>&lt;text&gt;Most often, in people with frequent symptoms, a test called  Holter monitoring , which lasts 1 to 2 days, will be performed before using a cardiac event monitor. The event monitor is ordered only if no diagnosis is reached. The event monitor is also used for people who have symptoms that occur less often, such as weekly to monthly.&lt;/text&gt;&lt;text&gt;Cardiac event monitoring may be used: &lt;/text&gt;&lt;detail&gt;To assess someone with  palpitations . Palpitations are feelings that your heart is pounding or racing or beating irregularly. They can be felt in your chest, throat, or neck.&lt;/detail&gt;&lt;detail&gt;To identify the reason for a  fainting or near fainting episode .&lt;/detail&gt;&lt;detail&gt;To diagnose  heartbeats  in patients with risk factors for arrhythmias.&lt;/detail&gt;&lt;detail&gt;To monitor your heart after a  heart attack  or when starting or stopping a heart medicine.&lt;/detail&gt;&lt;detail&gt;To check if a  pacemaker  or an implantable  cardioverter-defibrillator  is working properly.&lt;/detail&gt;&lt;detail&gt;To look for the cause of a stroke when the cause cannot be easily found with other tests. &lt;/detail&gt;</WhytheTestisPerformed><NormalResults>&lt;text&gt;Normal variations in  heart rate  occur with activities. A normal result is no significant changes in heart rhythms or pattern.&lt;/text&gt;</NormalResults><WhatAbnormalResultsMean>&lt;text&gt;Abnormal results may include various arrhythmias. Changes may mean that the heart is not getting enough oxygen.&lt;/text&gt;&lt;text&gt;It may be used to diagnose:&lt;/text&gt;&lt;detail&gt; Atrial fibrillation or flutter &lt;/detail&gt;&lt;detail&gt; Multifocal atrial tachycardia &lt;/detail&gt;&lt;detail&gt; Paroxysmal supraventricular tachycardia &lt;/detail&gt;&lt;detail&gt; Ventricular tachycardia &lt;/detail&gt;&lt;detail&gt;Slow heart rate (bradycardia)&lt;/detail&gt;&lt;detail&gt; Heart block &lt;/detail&gt;</WhatAbnormalResultsMean><AlternativeNames>&lt;detail&gt;Ambulatory electrocardiography&lt;/detail&gt;&lt;detail&gt; Electrocardiography (ECG) - ambulatory&lt;/detail&gt;&lt;detail&gt; Continuous electrocardiograms (EKGs)&lt;/detail&gt;&lt;detail&gt; Holter monitors&lt;/detail&gt;&lt;detail&gt; Transtelephonic event monitors&lt;/detail&gt;</AlternativeNames></item>
<item><title>Cardiac catheterization</title><url>https://medlineplus.gov/ency/article/003419.htm</url><HowtoPreparefortheTest>&lt;text&gt;You should not eat or drink for 6 to 8 hours before the test. The test takes place in a hospital and you will be asked to wear a hospital gown. Sometimes, you will need to spend the night before the test in the hospital. Otherwise, you will come to the hospital the morning of the procedure.&lt;/text&gt;&lt;text&gt;Your provider will explain the procedure and its risks. A witnessed, signed consent form for the procedure is required.&lt;/text&gt;&lt;text&gt;Tell your provider if you:&lt;/text&gt;&lt;detail&gt;Are allergic to seafood or any medicines&lt;/detail&gt;&lt;detail&gt;Have had a bad reaction to contrast dye or iodine in the past&lt;/detail&gt;&lt;detail&gt;Take any medicines, including Viagra or other drugs for  erectile dysfunction &lt;/detail&gt;&lt;detail&gt;Might be pregnant &lt;/detail&gt;</HowtoPreparefortheTest><WhytheTestisPerformed>&lt;text&gt;This procedure is most often done to get information about the heart or its blood vessels. It may also be done to treat some types of heart conditions, or to find out if you need heart surgery.&lt;/text&gt;&lt;text&gt;Your doctor may perform cardiac catheterization to diagnose or evaluate:&lt;/text&gt;&lt;detail&gt;Causes of  congestive heart failure  or  cardiomyopathy &lt;/detail&gt;&lt;detail&gt; Coronary artery disease &lt;/detail&gt;&lt;detail&gt; Heart defects  that are present at birth (congenital)&lt;/detail&gt;&lt;detail&gt;High blood pressure in the lungs ( pulmonary hypertension )&lt;/detail&gt;&lt;detail&gt;Problems with the heart valves &lt;/detail&gt;&lt;text&gt;The following procedures may also be done using cardiac catheterization:&lt;/text&gt;&lt;detail&gt;Repair certain types of heart defects&lt;/detail&gt;&lt;detail&gt;Open a narrowed (stenotic) heart valve&lt;/detail&gt;&lt;detail&gt;Open blocked arteries or grafts in the heart ( angioplasty  with or without stenting) &lt;/detail&gt;</WhytheTestisPerformed><AlternativeNames>&lt;detail&gt;Catheterization - cardiac&lt;/detail&gt;&lt;detail&gt; Heart catheterization&lt;/detail&gt;&lt;detail&gt; Angina - cardiac catheterization&lt;/detail&gt;&lt;detail&gt; CAD - cardiac catheterization&lt;/detail&gt;&lt;detail&gt; Coronary artery disease - cardiac catheterization&lt;/detail&gt;&lt;detail&gt; Heart valve - cardiac catheterization&lt;/detail&gt;&lt;detail&gt; Heart failure - cardiac catheterization&lt;/detail&gt;</AlternativeNames><Images><value><img_name>Cardiac catheterization</img_name><img_url>https://medlineplus.gov/ency/images/ency/fullsize/1080.jpg</img_url></value><value><img_name>Cardiac catheterization</img_name><img_url>https://medlineplus.gov/ency/images/ency/fullsize/9156.jpg</img_url></value></Images></item>
<item><title>Capsule endoscopy</title><url>https://medlineplus.gov/ency/article/007642.htm</url><HowtoPreparefortheTest>&lt;text&gt;Follow your provider's instructions. If you do not follow instructions carefully, the test may have to be done a different day.&lt;/text&gt;&lt;text&gt;Your provider may ask you to: &lt;/text&gt;&lt;detail&gt;Take medicine to clear your bowels before this test&lt;/detail&gt;&lt;detail&gt;Have only clear liquids for 24 hours before this test&lt;/detail&gt;&lt;detail&gt;Have nothing to eat or drink, including water, for about 12 hours before you swallow the capsule &lt;/detail&gt;&lt;text&gt;DO NOT smoke for 24 hours before this test.&lt;/text&gt;&lt;text&gt;Be sure to tell your doctor:&lt;/text&gt;&lt;detail&gt;About all the medicine and drugs you take, including prescription medicine, over-the-counter (OTC) medicine, vitamins, minerals, supplements, and herbs. You may be asked to not take some medicines during this test, because they could interfere with the camera.&lt;/detail&gt;&lt;detail&gt;If you are allergic to any medicine.&lt;/detail&gt;&lt;detail&gt;If you have ever had any blockages of the bowel.&lt;/detail&gt;&lt;detail&gt;About any medical conditions, such as problems swallowing or heart or lung disease.&lt;/detail&gt;&lt;detail&gt;If you have a pacemaker, defibrillator, or other implanted device.&lt;/detail&gt;&lt;detail&gt;If you have had abdominal surgery or any problems with your bowel. &lt;/detail&gt;&lt;text&gt;On the day of the test, go to the provider's office wearing loose fitting, two-piece clothing. &lt;/text&gt;&lt;text&gt;While the capsule is in your body you should not have an MRI.&lt;/text&gt;</HowtoPreparefortheTest><WhytheTestisPerformed>&lt;text&gt;Capsule endoscopy is a way for the doctor to see inside your digestive system.&lt;/text&gt;&lt;text&gt;There are many problems it can look for, including:&lt;/text&gt;&lt;detail&gt;Bleeding&lt;/detail&gt;&lt;detail&gt;Ulcers&lt;/detail&gt;&lt;detail&gt;Polyps&lt;/detail&gt;&lt;detail&gt;Tumors or cancer&lt;/detail&gt;&lt;detail&gt;Inflammatory bowel disease&lt;/detail&gt;&lt;detail&gt;Crohn disease&lt;/detail&gt;&lt;detail&gt;Celiac disease &lt;/detail&gt;</WhytheTestisPerformed><NormalResults>&lt;text&gt;The camera takes thousands of color photos of your digestive tract during this test. These pictures are downloaded to a computer and software turns them into a video. Your provider watches the video to look for problems. It may take up to a week for you to learn the results. If no problems are found, your results are normal.&lt;/text&gt;</NormalResults><WhatAbnormalResultsMean>&lt;text&gt;Your provider will tell you if they find a problem with your digestive tract, what it means, and how it can be treated.&lt;/text&gt;</WhatAbnormalResultsMean><AlternativeNames>&lt;detail&gt;Capsule enteroscopy&lt;/detail&gt;&lt;detail&gt; Wireless capsule endoscopy&lt;/detail&gt;&lt;detail&gt; Video capsule endoscopy (VCE)&lt;/detail&gt;&lt;detail&gt; Small bowel capsule endoscopy (SBCE)&lt;/detail&gt;</AlternativeNames></item>
<item><title>Capillary sample</title><url>https://medlineplus.gov/ency/article/003427.htm</url><WhytheTestisPerformed>&lt;text&gt;Blood transports oxygen, food, waste products, and other materials within the body. It also helps regulate body temperature. Blood is made up of cells and a fluid called plasma. Plasma contains various dissolved substances. The cells are mainly red blood cells, white blood cells and  platelets .&lt;/text&gt;&lt;text&gt;Because blood has many functions, tests on the blood or its components provide valuable clues in the diagnosis of medical conditions.&lt;/text&gt;&lt;text&gt;Capillary blood sampling has several advantages over drawing blood from a vein:&lt;/text&gt;&lt;detail&gt;It is easy to obtain (it can be difficult to obtain blood from the veins, especially in infants).&lt;/detail&gt;&lt;detail&gt;There are several collection sites on the body, and these sites can be rotated.&lt;/detail&gt;&lt;detail&gt;Testing can be done at home and with little training. For example, persons with diabetes must check their blood sugar several times a day using capillary blood sampling. &lt;/detail&gt;&lt;text&gt;Disadvantages to capillary blood sampling include:&lt;/text&gt;&lt;detail&gt;Only a limited amount of blood can be drawn using this method.&lt;/detail&gt;&lt;detail&gt;The procedure has some risks (see below).&lt;/detail&gt;&lt;detail&gt;Capillary blood sampling may result in inaccurate results, such as falsely elevated sugar, electrolyte, and blood count values. &lt;/detail&gt;</WhytheTestisPerformed><WhatAbnormalResultsMean>&lt;text&gt;Results vary depending on the test done. Your health care provider can tell you more.&lt;/text&gt;</WhatAbnormalResultsMean><AlternativeNames>&lt;detail&gt;Blood sample - capillary&lt;/detail&gt;&lt;detail&gt; Fingerstick&lt;/detail&gt;&lt;detail&gt; Heelstick&lt;/detail&gt;</AlternativeNames><Images><value><img_name>Phenylketonuria test</img_name><img_url>https://medlineplus.gov/ency/images/ency/fullsize/2961.jpg</img_url></value><value><img_name>Phenylketonuria test</img_name><img_url>https://medlineplus.gov/ency/images/ency/fullsize/2962.jpg</img_url></value><value><img_name>Capillary sample</img_name><img_url>https://medlineplus.gov/ency/images/ency/fullsize/9155.jpg</img_url></value></Images></item>
<item><title>Capillary nail refill test</title><url>https://medlineplus.gov/ency/article/003394.htm</url><HowtoPreparefortheTest>&lt;text&gt;Remove colored nail polish before this test.&lt;/text&gt;</HowtoPreparefortheTest><WhytheTestisPerformed>&lt;text&gt;Tissues need oxygen to survive. Oxygen is carried to various parts of the body by the blood (vascular) system.&lt;/text&gt;&lt;text&gt;This test measures how well the vascular system works in your hands and feet -- the parts of your body that are farthest from the heart. &lt;/text&gt;</WhytheTestisPerformed><NormalResults>&lt;text&gt;If there is good blood flow to the nail bed, a pink color should return in less than 2 seconds after pressure is removed.&lt;/text&gt;</NormalResults><WhatAbnormalResultsMean>&lt;text&gt;Blanch times that are greater than 2 seconds may indicate:&lt;/text&gt;&lt;detail&gt;Dehydration&lt;/detail&gt;&lt;detail&gt; Shock &lt;/detail&gt;&lt;detail&gt; Peripheral vascular disease  (PVD)&lt;/detail&gt;&lt;detail&gt; Hypothermia &lt;/detail&gt;</WhatAbnormalResultsMean><AlternativeNames>&lt;detail&gt;Nail blanch test&lt;/detail&gt;&lt;detail&gt; Capillary refill time&lt;/detail&gt;</AlternativeNames><Images><value><img_name>Nail blanch test</img_name><img_url>https://medlineplus.gov/ency/images/ency/fullsize/9154.jpg</img_url></value></Images></item>
<item><title>Campylobacter serology test</title><url>https://medlineplus.gov/ency/article/003530.htm</url><HowtoPreparefortheTest>&lt;text&gt;There is no special preparation.&lt;/text&gt;</HowtoPreparefortheTest><WhytheTestisPerformed>&lt;text&gt;This test detects the presence of antibodies to campylobacter in the blood.  Campylobacter infection  can cause diarrheal illness. A blood test is rarely done to diagnose campylobacter diarrheal illness. It is used if your health care provider thinks you are having complications from this infection, such as  reactive arthritis  or  Guillain-Barré syndrome .&lt;/text&gt;</WhytheTestisPerformed><NormalResults>&lt;text&gt;A normal test result means no antibodies to campylobacter are present. This is called a negative result. &lt;/text&gt;&lt;text&gt;Normal value ranges may vary slightly among different laboratories. Talk to your provider about the meaning of your specific test results.&lt;/text&gt;</NormalResults><WhatAbnormalResultsMean>&lt;text&gt;An abnormal (positive) result means that antibodies against campylobacter have been detected. This means you have come in contact with the bacteria.&lt;/text&gt;&lt;text&gt;Tests are often repeated during the course of an illness to detect a rise in antibody levels. This rise helps to confirm an active infection. A low level may be a sign of a previous infection rather than current disease.&lt;/text&gt;</WhatAbnormalResultsMean><Images><value><img_name>Blood test</img_name><img_url>https://medlineplus.gov/ency/images/ency/fullsize/10026.jpg</img_url></value><value><img_name>Campylobacter jejuni organism</img_name><img_url>https://medlineplus.gov/ency/images/ency/fullsize/1050.jpg</img_url></value></Images></item>
<item><title>Caloric stimulation</title><url>https://medlineplus.gov/ency/article/003429.htm</url><HowtoPreparefortheTest>&lt;text&gt;DO NOT eat a heavy meal before the test. Avoid the following at least 24 hours before the test, because they can affect the results:&lt;/text&gt;&lt;detail&gt;Alcohol&lt;/detail&gt;&lt;detail&gt;Allergy medicines&lt;/detail&gt;&lt;detail&gt;Caffeine&lt;/detail&gt;&lt;detail&gt;Sedatives &lt;/detail&gt;&lt;text&gt;DO NOT stop taking your regular medicines without first talking to your provider.&lt;/text&gt;</HowtoPreparefortheTest><WhytheTestisPerformed>&lt;text&gt;This test may be used to find the cause of:&lt;/text&gt;&lt;detail&gt;Dizziness or vertigo&lt;/detail&gt;&lt;detail&gt;   Hearing loss that may be due to certain antibiotics or other drugs   &lt;/detail&gt;&lt;text&gt;It may also be done to look for brain damage in people who are in a  coma .&lt;/text&gt;</WhytheTestisPerformed><NormalResults>&lt;text&gt;Rapid, side-to-side eye movements should occur when cold or warm water is placed into the ear. The eye movements should be similar on both sides.&lt;/text&gt;</NormalResults><WhatAbnormalResultsMean>&lt;text&gt;If the rapid, side-to-side eye movements do not occur even after ice cold water is given, there may be damage to the:&lt;/text&gt;&lt;detail&gt;Nerve of the inner ear&lt;/detail&gt;&lt;detail&gt;Balance sensors of the inner ear&lt;/detail&gt;&lt;detail&gt;Brain &lt;/detail&gt;&lt;text&gt;Abnormal results may be due to:&lt;/text&gt;&lt;detail&gt;Poor blood supply to the ear&lt;/detail&gt;&lt;detail&gt;Bleeding (hemorrhage)&lt;/detail&gt;&lt;detail&gt;Blood clot&lt;/detail&gt;&lt;detail&gt;Brain or brain stem damage&lt;/detail&gt;&lt;detail&gt; Cholesteatoma  (a type of skin cyst in the middle ear and mastoid bone in the skull)&lt;/detail&gt;&lt;detail&gt;Birth defects of the ear structure or brain&lt;/detail&gt;&lt;detail&gt;Damage to the ear nerves&lt;/detail&gt;&lt;detail&gt;Poisoning&lt;/detail&gt;&lt;detail&gt; Rubella  that damages the acoustic nerve&lt;/detail&gt;&lt;detail&gt;Trauma &lt;/detail&gt;&lt;text&gt;The test may also be done to diagnose or rule out:&lt;/text&gt;&lt;detail&gt; Acoustic neuroma  (tumor of the acoustic nerve)&lt;/detail&gt;&lt;detail&gt; Benign positional vertigo  (a type of dizziness)&lt;/detail&gt;&lt;detail&gt; Labyrinthitis  (irritation and swelling of the inner ear)&lt;/detail&gt;&lt;detail&gt; Meniere disease  (inner ear disorder that affects balance and hearing)&lt;/detail&gt;</WhatAbnormalResultsMean><AlternativeNames>&lt;detail&gt;Caloric test&lt;/detail&gt;&lt;detail&gt; Bithermal caloric testing&lt;/detail&gt;&lt;detail&gt; Cold water calorics&lt;/detail&gt;&lt;detail&gt; Warm water calorics&lt;/detail&gt;&lt;detail&gt; Air caloric testing&lt;/detail&gt;</AlternativeNames></item>
<item><title>Calcium blood test</title><url>https://medlineplus.gov/ency/article/003477.htm</url><HowtoPreparefortheTest>&lt;text&gt;Your health care provider may tell you to temporarily stop taking certain medicines that can affect the test. These medicines may include:&lt;/text&gt;&lt;detail&gt;Calcium salts (may be found in nutritional supplements or antacids)&lt;/detail&gt;&lt;detail&gt;Lithium&lt;/detail&gt;&lt;detail&gt;Thiazide diuretics (water pills)&lt;/detail&gt;&lt;detail&gt;Thyroxine&lt;/detail&gt;&lt;detail&gt;Vitamin D &lt;/detail&gt;&lt;text&gt;Drinking too much milk (2 or more quarts or 2 liters a day or a large amount of other dairy products) or taking too much vitamin D as a dietary supplement can also increase blood calcium levels.&lt;/text&gt;</HowtoPreparefortheTest><WhytheTestisPerformed>&lt;text&gt;All cells need calcium in order to work. Calcium helps build strong bones and teeth. It is important for heart function, and helps with muscle contraction, nerve signaling, and blood clotting.&lt;/text&gt;&lt;text&gt;Your doctor may order this test if you have signs or symptoms of: &lt;/text&gt;&lt;detail&gt;Certain bone diseases&lt;/detail&gt;&lt;detail&gt;Certain cancers, such as multiple myeloma, a cancer of the breast, lung, neck, and kidney&lt;/detail&gt;&lt;detail&gt; Chronic kidney disease &lt;/detail&gt;&lt;detail&gt; Chronic liver disease &lt;/detail&gt;&lt;detail&gt;Disorders of the parathyroid glands (hormone made by these glands controls calcium and vitamin D levels in the blood)&lt;/detail&gt;&lt;detail&gt;Disorders that affect how your intestines absorb nutrients&lt;/detail&gt;&lt;detail&gt;Overactive thyroid gland or taking too much thyroid hormone medicine&lt;/detail&gt;&lt;detail&gt;Abnormal vitamin D level &lt;/detail&gt;&lt;text&gt;Your doctor may also order this test if you have been on bed rest for a long time. &lt;/text&gt;</WhytheTestisPerformed><NormalResults>&lt;text&gt;Normal values range from 8.5 to 10.2 mg/dL (2.13 to 2.55 millimol/L).&lt;/text&gt;&lt;text&gt;Normal value ranges may vary slightly among different laboratories. Some laboratories use different measurements or may test different specimens. Talk to your doctor about the meaning of your specific test results.&lt;/text&gt;</NormalResults><WhatAbnormalResultsMean>&lt;text&gt;A higher than normal level may be due to a number of health conditions. Common causes include:&lt;/text&gt;&lt;detail&gt;Being on bed rest for a long time.&lt;/detail&gt;&lt;detail&gt;Consuming too much calcium or vitamin D.&lt;/detail&gt;&lt;detail&gt; Hyperparathyroidism  (parathyroid glands make too much of their hormone; often associated with a low vitamin D level).&lt;/detail&gt;&lt;detail&gt;Infections that cause granulomas such as tuberculosis and certain fungal and mycobacterial infections.&lt;/detail&gt;&lt;detail&gt; Multiple myeloma , T cell lymphoma and certain other cancers.&lt;/detail&gt;&lt;detail&gt; Metastatic bone tumor  (bone cancer that has spread).&lt;/detail&gt;&lt;detail&gt;Overactive thyroid gland (hyperthyroidism) or too much thyroid hormone replacement medicine.&lt;/detail&gt;&lt;detail&gt; Paget disease . Abnormal bone destruction and regrowth, causing deformity of the affected bones.&lt;/detail&gt;&lt;detail&gt; Sarcoidosis . Lymph nodes, lungs, liver, eyes, skin, or other tissues become swollen or inflamed.&lt;/detail&gt;&lt;detail&gt;Tumors producing a parathyroid hormone-like substance.&lt;/detail&gt;&lt;detail&gt;Use of certain medicines such as lithium, tamoxifen, and thiazides. &lt;/detail&gt;&lt;text&gt;A lower than normal levels may be due to:&lt;/text&gt;&lt;detail&gt;Disorders that affect absorption of nutrients from the intestines&lt;/detail&gt;&lt;detail&gt; Hypoparathyroidism  (parathyroid glands do not make enough of their hormone)&lt;/detail&gt;&lt;detail&gt;Kidney failure&lt;/detail&gt;&lt;detail&gt;Low blood level of albumin&lt;/detail&gt;&lt;detail&gt;Liver disease&lt;/detail&gt;&lt;detail&gt;Magnesium deficiency&lt;/detail&gt;&lt;detail&gt;Pancreatitis&lt;/detail&gt;&lt;detail&gt;Vitamin D deficiency &lt;/detail&gt;</WhatAbnormalResultsMean><AlternativeNames>&lt;detail&gt;Ca+2&lt;/detail&gt;&lt;detail&gt; Serum calcium&lt;/detail&gt;&lt;detail&gt; Ca++&lt;/detail&gt;&lt;detail&gt; Hyperparathyroidism - calcium level&lt;/detail&gt;&lt;detail&gt; Osteoporosis - calcium level&lt;/detail&gt;&lt;detail&gt; Hypercalcemia - calcium level&lt;/detail&gt;&lt;detail&gt; Hypocalcemia - calcium level&lt;/detail&gt;</AlternativeNames></item>
<item><title>Calcium - urine</title><url>https://medlineplus.gov/ency/article/003603.htm</url><HowtoPreparefortheTest>&lt;text&gt;Many medicines can interfere with blood test results.&lt;/text&gt;&lt;detail&gt;Your provider will tell you if you need to stop taking any medicines before you have this test.&lt;/detail&gt;&lt;detail&gt;DO NOT stop or change your medicines without first talking to your provider. &lt;/detail&gt;</HowtoPreparefortheTest><WhytheTestisPerformed>&lt;text&gt;Urine calcium level can help your provider:&lt;/text&gt;&lt;detail&gt;Decide on the best treatment for the most common type of  kidney stone , which is made of calcium. This type of stone may occur when the kidney leaks too much calcium into the urine.&lt;/detail&gt;&lt;detail&gt;Monitor someone who has a problem with the  parathyroid gland , which helps control calcium level in the blood and urine.&lt;/detail&gt;&lt;detail&gt;Diagnose the cause of problems with your blood calcium level or bones.&lt;/detail&gt;</WhytheTestisPerformed><NormalResults>&lt;text&gt;If you are eating a normal diet, the expected amount of calcium in the urine is 100 to 300 milligrams per day (mg/day) or 2.50 to 7.50 millimoles per 24 hours (mmol/24 hours). If you are eating a diet low in calcium, the amount of calcium in the urine will be 50 to 150 mg/day or 1.25 to 3.75 mmol/24 hours.&lt;/text&gt;&lt;text&gt;Normal value ranges may vary slightly among different laboratories. Talk to your provider about the meaning of your specific test results.&lt;/text&gt;&lt;text&gt;The examples above show the common measurements for results for these tests. Some laboratories use different measurements or may test different specimens.&lt;/text&gt;</NormalResults><WhatAbnormalResultsMean>&lt;text&gt;A high level of urine calcium (above 300 mg/day) may be due to:&lt;/text&gt;&lt;detail&gt;Chronic kidney disease&lt;/detail&gt;&lt;detail&gt;High  vitamin D  level&lt;/detail&gt;&lt;detail&gt;Leaking of calcium from the kidneys into the urine, which causes calcium kidney stones&lt;/detail&gt;&lt;detail&gt; Sarcoidosis &lt;/detail&gt;&lt;detail&gt;Taking too much calcium&lt;/detail&gt;&lt;detail&gt;Too much production of parathyroid hormone (PTH) by the parathyroid glands in the neck (hyperparathyroidism)&lt;/detail&gt;&lt;detail&gt;Use of loop diuretics &lt;/detail&gt;&lt;text&gt;A low level of urine calcium may be due to:&lt;/text&gt;&lt;detail&gt;Disorders in which the body does not absorb nutrients from food well&lt;/detail&gt;&lt;detail&gt;Disorders in which the kidney handles calcium abnormally&lt;/detail&gt;&lt;detail&gt;Parathyroid glands in the neck do not produce enough PTH (hypoparathyroidism)&lt;/detail&gt;&lt;detail&gt;Use of a thiazide diuretic&lt;/detail&gt;&lt;detail&gt;Very low level of  vitamin D &lt;/detail&gt;</WhatAbnormalResultsMean><AlternativeNames>&lt;detail&gt;Urinary Ca+2&lt;/detail&gt;&lt;detail&gt; Kidney stones - calcium in urine&lt;/detail&gt;&lt;detail&gt; Renal calculi - calcium in your urine&lt;/detail&gt;&lt;detail&gt; Parathyroid - calcium in urine&lt;/detail&gt;</AlternativeNames><Images><value><img_name>Female urinary tract</img_name><img_url>https://medlineplus.gov/ency/images/ency/fullsize/1122.jpg</img_url></value><value><img_name>Male urinary tract</img_name><img_url>https://medlineplus.gov/ency/images/ency/fullsize/1123.jpg</img_url></value><value><img_name>Calcium urine test</img_name><img_url>https://medlineplus.gov/ency/images/ency/fullsize/9151.jpg</img_url></value></Images></item>
<item><title>Calcium - ionized</title><url>https://medlineplus.gov/ency/article/003486.htm</url><HowtoPreparefortheTest>&lt;text&gt;You should not eat or drink for at least 6 hours before the test. &lt;/text&gt;&lt;text&gt;Many medicines can interfere with blood test results.&lt;/text&gt;&lt;detail&gt;Your health care provider will tell you if you need to stop taking any medicines before you have this test.&lt;/detail&gt;&lt;detail&gt;DO NOT stop or change your medicines without talking to your provider first. &lt;/detail&gt;</HowtoPreparefortheTest><WhytheTestisPerformed>&lt;text&gt;Your provider may order this test if you have signs of kidney or parathyroid disease. The test may also be done to monitor progress and treatment of these diseases.&lt;/text&gt;&lt;text&gt;Most of the time, blood tests measure your total calcium level. This looks at both ionized calcium and calcium attached to proteins. You may need to have a separate ionized calcium test if you have factors that increase or decrease total calcium levels. These may include abnormal blood levels of albumin or immunoglobulins.&lt;/text&gt;</WhytheTestisPerformed><NormalResults>&lt;text&gt;Results generally fall in these ranges:&lt;/text&gt;&lt;detail&gt;Children: 4.8 to 5.3 milligrams per deciliter (mg/dL) or 1.20 to 1.32 millimoles per liter (millimol/L)&lt;/detail&gt;&lt;detail&gt;Adults: 4.8 to 5.6 mg/dL or 1.20 to 1.40 millimol/L&lt;/detail&gt;&lt;text&gt;Normal value ranges may vary slightly among different laboratories. Talk to your provider about the meaning of your specific test results.&lt;/text&gt;&lt;text&gt;The examples above show the common measurements for results for these tests. Some laboratories use different measurements or may test different specimens.&lt;/text&gt;</NormalResults><WhatAbnormalResultsMean>&lt;text&gt;Higher-than-normal levels of ionized calcium may be due to:&lt;/text&gt;&lt;detail&gt;Decreased levels of calcium in the urine from an unknown cause&lt;/detail&gt;&lt;detail&gt; Hyperparathyroidism &lt;/detail&gt;&lt;detail&gt;Hyperthyroidism&lt;/detail&gt;&lt;detail&gt; Milk-alkali syndrome &lt;/detail&gt;&lt;detail&gt; Multiple myeloma &lt;/detail&gt;&lt;detail&gt; Paget disease &lt;/detail&gt;&lt;detail&gt; Sarcoidosis &lt;/detail&gt;&lt;detail&gt;Thiazide diuretics&lt;/detail&gt;&lt;detail&gt;Thrombocytosis (high platelet count)&lt;/detail&gt;&lt;detail&gt;Tumors&lt;/detail&gt;&lt;detail&gt;Vitamin A excess&lt;/detail&gt;&lt;detail&gt; Vitamin D  excess &lt;/detail&gt;&lt;text&gt;Lower-than-normal levels may be due to:&lt;/text&gt;&lt;detail&gt; Hypoparathyroidism &lt;/detail&gt;&lt;detail&gt; Malabsorption &lt;/detail&gt;&lt;detail&gt; Osteomalacia &lt;/detail&gt;&lt;detail&gt;Pancreatitis&lt;/detail&gt;&lt;detail&gt; Renal failure &lt;/detail&gt;&lt;detail&gt; Rickets &lt;/detail&gt;&lt;detail&gt;Vitamin D deficiency &lt;/detail&gt;</WhatAbnormalResultsMean><AlternativeNames>&lt;detail&gt;Free calcium&lt;/detail&gt;&lt;detail&gt; Ionized calcium&lt;/detail&gt;</AlternativeNames><Images><value><img_name>Blood test</img_name><img_url>https://medlineplus.gov/ency/images/ency/fullsize/10026.jpg</img_url></value></Images></item>
<item><title>Calcitonin blood test</title><url>https://medlineplus.gov/ency/article/003699.htm</url><HowtoPreparefortheTest>&lt;text&gt;There is usually no special preparation needed.&lt;/text&gt;</HowtoPreparefortheTest><WhytheTestisPerformed>&lt;text&gt;Calcitonin is a hormone produced in C cells of the thyroid gland. The thyroid gland is located inside the front of your lower neck. Calcitonin helps control the breakdown and rebuilding of bone.&lt;/text&gt;&lt;text&gt;A common reason to have the test is if you have had surgery to remove a thyroid tumor called medullary cancer. The test allows your health care provider to evaluate if the tumor has spread (metastasized) or has come back (tumor recurrence).&lt;/text&gt;&lt;text&gt;Your provider may also order a calcitonin test when you have symptoms of  medullary cancer of the thyroid  or  multiple endocrine neoplasia (MEN)  syndrome, or a family history of these conditions. Calcitonin may also be higher in other tumors, such as:&lt;/text&gt;&lt;detail&gt; Insulinoma  (tumor in the pancreas that produces too much insulin)&lt;/detail&gt;&lt;detail&gt;Lung cancer&lt;/detail&gt;&lt;detail&gt; VIPoma  (cancer that usually grows from islet cells in the pancreas)&lt;/detail&gt;</WhytheTestisPerformed><NormalResults>&lt;text&gt;A normal value is less than 10 pg/mL.&lt;/text&gt;&lt;text&gt;Women and men can have different normal values, with men having higher values.&lt;/text&gt;&lt;text&gt;Sometimes, calcitonin in the blood is checked several times after you are given a shot (injection) of a special medicine that stimulates calcitonin production. &lt;/text&gt;&lt;text&gt;You will need this extra test if your baseline calcitonin is normal, but your provider suspects you have medullary cancer of the thyroid.&lt;/text&gt;&lt;text&gt;Normal value ranges may vary slightly among different laboratories. Some labs use different measurements or may test different specimens. Talk to your provider about the meaning of your specific test results.&lt;/text&gt;</NormalResults><WhatAbnormalResultsMean>&lt;text&gt;A higher-than-normal level may indicate:&lt;/text&gt;&lt;detail&gt;Insulinoma&lt;/detail&gt;&lt;detail&gt;Lung cancer&lt;/detail&gt;&lt;detail&gt;Medullary cancer of thyroid (most common)&lt;/detail&gt;&lt;detail&gt;VIPoma &lt;/detail&gt;&lt;text&gt;Higher-than-normal levels of calcitonin can also occur in people with kidney disease, smokers, and higher body weight. Also, it increases when taking certain medicines to stop stomach acid production.&lt;/text&gt;</WhatAbnormalResultsMean><AlternativeNames>&lt;detail&gt;Serum calcitonin&lt;/detail&gt;</AlternativeNames></item>
<item><title>C1 esterase inhibitor</title><url>https://medlineplus.gov/ency/article/003353.htm</url><HowtoPreparefortheTest>&lt;text&gt;No special preparation is needed.&lt;/text&gt;</HowtoPreparefortheTest><WhytheTestisPerformed>&lt;text&gt;You may need this test if you have signs of hereditary or acquired angioedema. Both forms of angioedema are caused by low levels of C1-INH.&lt;/text&gt;</WhytheTestisPerformed><NormalResults>&lt;text&gt;Normal value ranges may vary slightly among different laboratories. Your health care provider will also measure the functional activity level of your C1 esterase inhibitor. Talk to your provider about the meaning of your specific test results.&lt;/text&gt;</NormalResults><WhatAbnormalResultsMean>&lt;text&gt;Low levels of C1-INH may cause certain types of angioedema.&lt;/text&gt;</WhatAbnormalResultsMean><AlternativeNames>&lt;detail&gt;C1 inhibiting factor&lt;/detail&gt;&lt;detail&gt; C1-INH&lt;/detail&gt;</AlternativeNames><Images><value><img_name>Blood test</img_name><img_url>https://medlineplus.gov/ency/images/ency/fullsize/10026.jpg</img_url></value></Images></item>
<item><title>C-reactive protein</title><url>https://medlineplus.gov/ency/article/003356.htm</url><HowtoPreparefortheTest>&lt;text&gt;No special steps are needed to prepare for this test.&lt;/text&gt;</HowtoPreparefortheTest><WhytheTestisPerformed>&lt;text&gt;The CRP test is a general test to check for inflammation in the body. It is not a specific test. That means it can reveal that you have inflammation somewhere in your body, but it cannot pinpoint the exact location. The CRP test is often done with the  ESR  or sedimentation rate test which also looks for inflammation.&lt;/text&gt;&lt;text&gt;You may have this test to:&lt;/text&gt;&lt;detail&gt;Check for flare-ups of inflammatory diseases such as  rheumatoid arthritis , lupus, or vasculitis.&lt;/detail&gt;&lt;detail&gt;Determine if anti-inflammatory medicine is working to treat a disease or condition.&lt;/detail&gt;&lt;text&gt;However, a low CRP level does not always mean that there is no inflammation present. Levels of CRP may not be increased in people with rheumatoid arthritis and lupus. The reason for this is unknown.&lt;/text&gt;&lt;text&gt;A more sensitive CRP test, called a high-sensitivity C-reactive protein (hs-CRP) assay, is available to determine a person's risk for heart disease.&lt;/text&gt;</WhytheTestisPerformed><NormalResults>&lt;text&gt;Normal CRP values vary from lab to lab. Generally, there are low levels of CRP detectable in the blood. The levels often increase slightly with age, female gender and in African Americans.&lt;/text&gt;&lt;text&gt;Increased serum CRP is related to traditional cardiovascular risk factors and may reflect the role of these risk factors in causing vascular inflammation.&lt;/text&gt;&lt;text&gt;According to the American Heart Association, results of the hs-CRP in determining the risk for heart disease can be interpreted as follows: &lt;/text&gt;&lt;detail&gt;You are at low risk of developing cardiovascular disease if your hs-CRP level is lower than 1.0 mg/L.&lt;/detail&gt;&lt;detail&gt;You are at average risk of developing cardiovascular disease if your levels are between 1.0 mg/L and 3.0 mg/L.&lt;/detail&gt;&lt;detail&gt;You are at high risk for cardiovascular disease if your hs-CRP level is higher than 3.0 mg/L. &lt;/detail&gt;&lt;text&gt;Note: Normal value ranges may vary slightly among different laboratories. Talk to your health care provider about the meaning of your specific test results.&lt;/text&gt;&lt;text&gt;The examples above show the common measurements for results for these tests. Some laboratories use different measurements or may test different specimens.&lt;/text&gt;</NormalResults><WhatAbnormalResultsMean>&lt;text&gt;A positive test means you have inflammation in the body. This may be due to a variety of conditions, including:&lt;/text&gt;&lt;detail&gt; Cancer &lt;/detail&gt;&lt;detail&gt;Connective tissue disease&lt;/detail&gt;&lt;detail&gt; Heart attack &lt;/detail&gt;&lt;detail&gt;Infection&lt;/detail&gt;&lt;detail&gt;Inflammatory bowel disease (IBD)&lt;/detail&gt;&lt;detail&gt; Lupus &lt;/detail&gt;&lt;detail&gt;Pneumococcal  pneumonia &lt;/detail&gt;&lt;detail&gt;Rheumatoid arthritis&lt;/detail&gt;&lt;detail&gt; Rheumatic fever &lt;/detail&gt;&lt;detail&gt; Tuberculosis &lt;/detail&gt;&lt;text&gt;This list is not all inclusive.&lt;/text&gt;&lt;text&gt;Note: Positive CRP results also occur during the last half of pregnancy or with the use of birth control pills (oral contraceptives).&lt;/text&gt;</WhatAbnormalResultsMean><AlternativeNames>&lt;detail&gt;CRP&lt;/detail&gt;&lt;detail&gt; High-sensitivity C-reactive protein&lt;/detail&gt;&lt;detail&gt; hs-CRP&lt;/detail&gt;</AlternativeNames><Images><value><img_name>Blood test</img_name><img_url>https://medlineplus.gov/ency/images/ency/fullsize/10026.jpg</img_url></value></Images></item>
<item><title>Duplex ultrasound </title><url>https://medlineplus.gov/ency/article/003433.htm</url><HowtoPreparefortheTest>&lt;text&gt;Usually, there is no preparation for this test.&lt;/text&gt;&lt;text&gt;If you are having an ultrasound of your stomach area, you may be asked not to eat or drink after midnight. Tell the person doing the ultrasound exam if you are taking any medicines, such as blood thinners. These might affect the results of the test.&lt;/text&gt;</HowtoPreparefortheTest><WhytheTestisPerformed>&lt;text&gt;A duplex ultrasound can show how blood flows to many parts of the body. It can also tell the width of a blood vessel and reveal any blockages. This test is a less invasive option than arteriography and  venography .&lt;/text&gt;&lt;text&gt;A duplex ultrasound can help diagnose the following conditions:&lt;/text&gt;&lt;detail&gt; Abdominal aneurysm &lt;/detail&gt;&lt;detail&gt; Arterial occlusion &lt;/detail&gt;&lt;detail&gt;Blood clot&lt;/detail&gt;&lt;detail&gt;Carotid occlusive disease (See:  Carotid duplex )&lt;/detail&gt;&lt;detail&gt; Renal vascular disease &lt;/detail&gt;&lt;detail&gt; Varicose veins &lt;/detail&gt;&lt;detail&gt; Venous insufficiency &lt;/detail&gt;&lt;text&gt;A renal duplex ultrasound can also be used after transplant surgery. This shows how well a new kidney is working.&lt;/text&gt;</WhytheTestisPerformed><NormalResults>&lt;text&gt;A normal result is normal blood flow through the veins and arteries. There is normal blood pressure and no sign of a narrowing or blockage of a blood vessel.&lt;/text&gt;</NormalResults><WhatAbnormalResultsMean>&lt;text&gt;An abnormal result depends on the specific area being examined. An abnormal result may be due to a blood clot or plaque buildup in a blood vessel.&lt;/text&gt;</WhatAbnormalResultsMean><AlternativeNames>&lt;detail&gt;Vascular ultrasound&lt;/detail&gt;&lt;detail&gt; Peripheral vascular ultrasound&lt;/detail&gt;</AlternativeNames><Images><value><img_name>Duplex/doppler ultrasound test</img_name><img_url>https://medlineplus.gov/ency/images/ency/fullsize/9284.jpg</img_url></value></Images></item>
<item><title>Doppler ultrasound exam of an arm or leg</title><url>https://medlineplus.gov/ency/article/003775.htm</url><HowtoPreparefortheTest>&lt;text&gt;You will need to remove clothes from the arm or leg being examined.&lt;/text&gt;</HowtoPreparefortheTest><WhytheTestisPerformed>&lt;text&gt;This test is done as the first step to look at arteries and veins. Sometimes,  arteriography  and  venography  may be needed later. The test is done to help diagnose:&lt;/text&gt;&lt;detail&gt; Arteriosclerosis of the arms or legs &lt;/detail&gt;&lt;detail&gt; Blood clot  (deep vein thrombosis)&lt;/detail&gt;&lt;detail&gt; Venous insufficiency &lt;/detail&gt;&lt;text&gt;The test may also be used to:&lt;/text&gt;&lt;detail&gt;Look at injury to the arteries &lt;/detail&gt;&lt;detail&gt;Monitor arterial reconstruction and bypass grafts&lt;/detail&gt;</WhytheTestisPerformed><NormalResults>&lt;text&gt;A normal result means the blood vessels show no signs of narrowing, clots, or closure, and the arteries have normal blood flow.&lt;/text&gt;</NormalResults><WhatAbnormalResultsMean>&lt;text&gt;Abnormal results may be due to:&lt;/text&gt;&lt;detail&gt;Blockage in an artery by a blood clot &lt;/detail&gt;&lt;detail&gt;Blood clot in a vein (DVT)&lt;/detail&gt;&lt;detail&gt;Narrowing or widening of an artery&lt;/detail&gt;&lt;detail&gt;Spastic arterial disease (arterial contractions brought on by cold or emotion)&lt;/detail&gt;&lt;detail&gt;Venous occlusion (closing of a vein) &lt;/detail&gt;&lt;detail&gt;Venous reflux (blood flow going the wrong direction in veins)&lt;/detail&gt;&lt;detail&gt;Arterial occlusion from atherosclerosis&lt;/detail&gt;&lt;text&gt;This test may also be done to help assess the following conditions:&lt;/text&gt;&lt;detail&gt; Arteriosclerosis of the extremities &lt;/detail&gt;&lt;detail&gt; Deep venous thrombosis &lt;/detail&gt;&lt;detail&gt; Superficial thrombophlebitis &lt;/detail&gt;</WhatAbnormalResultsMean><AlternativeNames>&lt;detail&gt;Peripheral vascular disease - Doppler&lt;/detail&gt;&lt;detail&gt; PVD - Doppler&lt;/detail&gt;&lt;detail&gt; PAD - Doppler&lt;/detail&gt;&lt;detail&gt; Blockage of leg arteries - Doppler&lt;/detail&gt;&lt;detail&gt; Intermittent claudication - Doppler&lt;/detail&gt;&lt;detail&gt; Arterial insufficiency of the legs - Doppler&lt;/detail&gt;&lt;detail&gt; Leg pain and cramping - Doppler&lt;/detail&gt;&lt;detail&gt; Calf pain - Doppler&lt;/detail&gt;&lt;detail&gt; Venous Doppler - DVT&lt;/detail&gt;</AlternativeNames><Images><value><img_name>Doppler ultrasonography of an extremity</img_name><img_url>https://medlineplus.gov/ency/images/ency/fullsize/9279.jpg</img_url></value></Images></item>
<item><title>Donath-Landsteiner test</title><url>https://medlineplus.gov/ency/article/003668.htm</url><HowtoPreparefortheTest>&lt;text&gt;No special preparation is needed.&lt;/text&gt;</HowtoPreparefortheTest><WhytheTestisPerformed>&lt;text&gt;This test is done to confirm a diagnosis of paroxysmal cold hemoglobinuria.&lt;/text&gt;</WhytheTestisPerformed><NormalResults>&lt;text&gt;The test is considered normal if no Donath-Landsteiner antibodies are present. This is called a negative result.&lt;/text&gt;&lt;text&gt;Normal value ranges may vary slightly among different laboratories. Some labs use different measurements or test different samples. Talk to your health care provider about the meaning of your specific test results.&lt;/text&gt;</NormalResults><WhatAbnormalResultsMean>&lt;text&gt;Abnormal results mean Donath-Landsteiner antibodies are present. This is a sign of paroxysmal cold hemoglobinuria.&lt;/text&gt;</WhatAbnormalResultsMean><AlternativeNames>&lt;detail&gt;Anti-P antibody&lt;/detail&gt;&lt;detail&gt; Paroxysmal cold hemoglobinuria - Donath-Landsteiner&lt;/detail&gt;</AlternativeNames></item>
<item><title>Digoxin test</title><url>https://medlineplus.gov/ency/article/003568.htm</url><HowtoPreparefortheTest>&lt;text&gt;Ask your health care provider whether you should take your usual medicines before the test.&lt;/text&gt;</HowtoPreparefortheTest><WhytheTestisPerformed>&lt;text&gt;The main purpose of this test is to determine the best dosage of digoxin and prevent side effects.&lt;/text&gt;&lt;text&gt;It is important to monitor the level of digitalis medicines such as digoxin. That is because the difference between a safe treatment level and a  harmful level  is small.&lt;/text&gt;</WhytheTestisPerformed><NormalResults>&lt;text&gt;In general, normal values range from 0.5 to 1.9 nanograms per milliliter of blood. But the right level for some people may vary depending on the situation.&lt;/text&gt;&lt;text&gt;The examples above are common measurements for results of these tests. Normal value ranges may vary slightly among different laboratories. Some labs use different measurements or test different samples. Talk to your doctor about the meaning of your specific test results.&lt;/text&gt;</NormalResults><WhatAbnormalResultsMean>&lt;text&gt;Abnormal results may mean you are getting too little or too much digoxin.&lt;/text&gt;&lt;text&gt;A very high value could mean that you have or are likely to develop a digoxin overdose (toxicity).&lt;/text&gt;</WhatAbnormalResultsMean><AlternativeNames>&lt;detail&gt;Heart failure - digoxin test&lt;/detail&gt;</AlternativeNames><Images><value><img_name>Blood test</img_name><img_url>https://medlineplus.gov/ency/images/ency/fullsize/10026.jpg</img_url></value></Images></item>
<item><title>Digital rectal exam</title><url>https://medlineplus.gov/ency/article/007069.htm</url><HowtoPreparefortheTest>&lt;text&gt;For the test, the provider will ask you to:&lt;/text&gt;&lt;detail&gt;Try to relax&lt;/detail&gt;&lt;detail&gt;Take a deep breath during the insertion of the finger into your rectum &lt;/detail&gt;</HowtoPreparefortheTest><WhytheTestisPerformed>&lt;text&gt;This test is performed for many reasons. It may be done: &lt;/text&gt;&lt;detail&gt;As part of a routine yearly physical exam in both men and women&lt;/detail&gt;&lt;detail&gt;When your provider suspects you are bleeding somewhere in your digestive tract&lt;/detail&gt;&lt;detail&gt;When men are having symptoms that suggest the  prostate is enlarged  or you may have a prostate infection &lt;/detail&gt;&lt;text&gt;In men, the test can be used to check the size of the prostate and to look for abnormal bumps or other changes of the prostate gland.&lt;/text&gt;&lt;text&gt;A digital rectal exam may be done to collect stool for testing for  fecal occult (hidden) blood  as part of screening for cancer of the rectum or colon.&lt;/text&gt;</WhytheTestisPerformed><NormalResults>&lt;text&gt;A normal finding means the provider did not detect any problem during the exam. However, this test does not rule out all problems.&lt;/text&gt;</NormalResults><WhatAbnormalResultsMean>&lt;text&gt;An abnormal result may be due to:&lt;/text&gt;&lt;detail&gt;A prostate problem, such as an  enlarged prostate gland ,  prostate infection , or  prostate cancer &lt;/detail&gt;&lt;detail&gt;Bleeding anywhere in the digestive tract&lt;/detail&gt;&lt;detail&gt;Cancer of the rectum or colon&lt;/detail&gt;&lt;detail&gt; Small split or tear  in the thin moist tissue lining of the anus (called anal fissure)&lt;/detail&gt;&lt;detail&gt;An  abscess , when pus collects in the area of the anus and rectum &lt;/detail&gt;&lt;detail&gt; Hemorrhoids , swollen veins in the anus or lower part of the rectum&lt;/detail&gt;</WhatAbnormalResultsMean><AlternativeNames>&lt;detail&gt;DRE&lt;/detail&gt;</AlternativeNames><Images><value><img_name>Prostate cancer</img_name><img_url>https://medlineplus.gov/ency/images/ency/fullsize/10054.jpg</img_url></value></Images></item>
<item><title>Diagnostic laparoscopy</title><url>https://medlineplus.gov/ency/article/003918.htm</url><HowtoPreparefortheTest>&lt;text&gt;Follow instructions on not eating and drinking before surgery.&lt;/text&gt;&lt;text&gt;You may need to stop taking medicines, including narcotic pain relievers, on or before the day of the exam. Do not change or stop taking any medicines without first talking to your health care provider.&lt;/text&gt;&lt;text&gt;Follow any other instructions for how to prepare for the procedure.&lt;/text&gt;</HowtoPreparefortheTest><WhytheTestisPerformed>&lt;text&gt;Diagnostic laparoscopy is often done for the following:&lt;/text&gt;&lt;detail&gt;Find the cause of pain or a growth in the abdomen and pelvic area when x-ray or ultrasound results aren't clear.&lt;/detail&gt;&lt;detail&gt;After an accident to see if there is injury to the abdomen.&lt;/detail&gt;&lt;detail&gt;Before procedures to treat cancer to find out if the  cancer  has spread. If so, treatment will change.&lt;/detail&gt;</WhytheTestisPerformed><NormalResults>&lt;text&gt;The laparoscopy is normal if there is no blood in the abdomen, no hernias, no intestinal obstruction, and no cancer in any visible organs. The uterus, fallopian tubes, and ovaries are of normal size, shape, and color. The liver is normal.&lt;/text&gt;</NormalResults><WhatAbnormalResultsMean>&lt;text&gt;Abnormal results may be due to a number of different conditions, including:&lt;/text&gt;&lt;detail&gt;   Scar tissue inside the abdomen or pelvis ( adhesions )&lt;/detail&gt;&lt;detail&gt;Appendicitis&lt;/detail&gt;&lt;detail&gt;Cells from inside the uterus grow in other areas ( endometriosis )&lt;/detail&gt;&lt;detail&gt;Inflammation of the gallbladder (cholecystitis)&lt;/detail&gt;&lt;detail&gt; Ovarian cysts  or cancer of the ovary&lt;/detail&gt;&lt;detail&gt;Infection of the the womb, ovaries, or fallopian tubes ( pelvic inflammatory disease )&lt;/detail&gt;&lt;detail&gt;Signs of injury&lt;/detail&gt;&lt;detail&gt;Spread of cancer&lt;/detail&gt;&lt;detail&gt;Tumors&lt;/detail&gt;&lt;detail&gt;Noncancerous tumors of the womb ( uterine fibroids )&lt;/detail&gt;</WhatAbnormalResultsMean><AlternativeNames>&lt;detail&gt;Laparoscopy - diagnostic&lt;/detail&gt;&lt;detail&gt; Exploratory laparoscopy&lt;/detail&gt;</AlternativeNames><Images><value><img_name>Pelvic laparoscopy</img_name><img_url>https://medlineplus.gov/ency/images/ency/fullsize/1109.jpg</img_url></value><value><img_name>Female reproductive anatomy</img_name><img_url>https://medlineplus.gov/ency/images/ency/fullsize/1112.jpg</img_url></value><value><img_name>Incision for abdominal laparoscopy</img_name><img_url>https://medlineplus.gov/ency/images/ency/fullsize/8830.jpg</img_url></value></Images></item>
<item><title>DHEA-sulfate test</title><url>https://medlineplus.gov/ency/article/003717.htm</url><HowtoPreparefortheTest>&lt;text&gt;No special preparation is necessary. However, tell your health care provider if you are taking any vitamins or supplements that contain DHEA or DHEA-sulfate.&lt;/text&gt;</HowtoPreparefortheTest><WhytheTestisPerformed>&lt;text&gt;This test is done to check the function of the two  adrenal glands . One of these glands sits above each kidney. They are one of the major sources of androgens in women.&lt;/text&gt;&lt;text&gt;Although DHEA-sulfate is the most abundant hormone in the body, its exact function is still not known.&lt;/text&gt;&lt;detail&gt;In men, the male hormone effect may not be important if testosterone level is normal.&lt;/detail&gt;&lt;detail&gt;In women, DHEA contributes to normal libido and sexual satisfaction.&lt;/detail&gt;&lt;detail&gt;DHEA may also have effects on the immune system. &lt;/detail&gt;&lt;text&gt;The DHEA-sulfate test is often done in women who show signs of having excess male hormones. Some of these signs are male body changes, excess hair growth, oily skin, acne, irregular periods, or problems becoming pregnant.&lt;/text&gt;&lt;text&gt;It may also be done in women who are concerned about low libido or decreased sexual satisfaction who have pituitary or adrenal gland disorders.&lt;/text&gt;&lt;text&gt;The test is also done in children who are  maturing too early  (precocious puberty).&lt;/text&gt;</WhytheTestisPerformed><NormalResults>&lt;text&gt;Normal blood levels of DHEA-sulfate can differ by sex and age.&lt;/text&gt;&lt;text&gt;Typical normal ranges for females are:&lt;/text&gt;&lt;detail&gt;Ages 18 to 19: 145 to 395 micrograms per deciliter (µg/dL) or 3.92 to 10.66 micromoles per liter (µmol/L)&lt;/detail&gt;&lt;detail&gt;Ages 20 to 29: 65 to 380 µg/dL or 1.75 to 10.26 µmol/L&lt;/detail&gt;&lt;detail&gt;Ages 30 to 39: 45 to 270 µg/dL or 1.22 to 7.29 µmol/L&lt;/detail&gt;&lt;detail&gt;Ages 40 to 49: 32 to 240 µg/dL or 0.86 to 6.48 µmol/L&lt;/detail&gt;&lt;detail&gt;Ages 50 to 59: 26 to 200 µg/dL or 0.70 to 5.40 µmol/L&lt;/detail&gt;&lt;detail&gt;Ages 60 to 69: 13 to 130 µg/dL or 0.35 to 3.51 µmol/L&lt;/detail&gt;&lt;detail&gt;Ages 69 and older: 17 to 90 µg/dL or 0.46 to 2.43 µmol/L&lt;/detail&gt;&lt;text&gt;Typical normal ranges for males are:&lt;/text&gt;&lt;detail&gt;Ages 18 to 19: 108 to 441 µg/dL or 2.92 to 11.91 µmol/L&lt;/detail&gt;&lt;detail&gt;Ages 20 to 29: 280 to 640 µg/dL or 7.56 to 17.28 µmol/L&lt;/detail&gt;&lt;detail&gt;Ages 30 to 39: 120 to 520 µg/dL or 3.24 to 14.04 µmol/L&lt;/detail&gt;&lt;detail&gt;Ages 40 to 49: 95 to 530 µg/dL or 2.56 to 14.31 µmol/L&lt;/detail&gt;&lt;detail&gt;Ages 50 to 59: 70 to 310 µg/dL or 1.89 to 8.37 µmol/L&lt;/detail&gt;&lt;detail&gt;Ages 60 to 69: 42 to 290 µg/dL or 1.13 to 7.83 µmol/L&lt;/detail&gt;&lt;detail&gt;Ages 69 and older: 28 to 175 µg/dL or 0.76 to 4.72 µmol/L&lt;/detail&gt;&lt;text&gt;Normal value ranges may vary slightly among different laboratories. Some labs use different measurements or test different specimens. Talk to your health care provider about the meaning of your specific test results.&lt;/text&gt;</NormalResults><WhatAbnormalResultsMean>&lt;text&gt;An increase in DHEA-sulfate may be due to:&lt;/text&gt;&lt;detail&gt;A common genetic disorder called  congenital adrenal hyperplasia .&lt;/detail&gt;&lt;detail&gt;A tumor of the adrenal gland, which can be benign or be a cancer.&lt;/detail&gt;&lt;detail&gt;A common problem in women younger than 50, called  polycystic ovary syndrome .&lt;/detail&gt;&lt;detail&gt;   Body changes of a girl in puberty happening earlier than normal. &lt;/detail&gt;&lt;text&gt;A decrease in DHEA sulfate may be due to:&lt;/text&gt;&lt;detail&gt; Adrenal gland  disorders that produce lower than normal amounts of adrenal hormones, including adrenal insufficiency and  Addison disease &lt;/detail&gt;&lt;detail&gt;The pituitary gland not producing normal amounts of its hormones ( hypopituitarism )&lt;/detail&gt;&lt;detail&gt;Taking glucocorticoid medicines &lt;/detail&gt;&lt;text&gt;DHEA levels normally decline with age in both men and women. There is no reliable evidence that taking DHEA supplements prevents aging-related conditions.&lt;/text&gt;</WhatAbnormalResultsMean><AlternativeNames>&lt;detail&gt;Serum DHEA-sulfate&lt;/detail&gt;&lt;detail&gt; Dehydroepiandrosterone-sulfate test&lt;/detail&gt;&lt;detail&gt; DHEA-sulfate - serum&lt;/detail&gt;</AlternativeNames></item>
<item><title>Dexamethasone suppression test</title><url>https://medlineplus.gov/ency/article/003694.htm</url><HowtoPreparefortheTest>&lt;text&gt;The provider may tell you to stop taking certain medicines that can affect the test, including:&lt;/text&gt;&lt;detail&gt;Antibiotics&lt;/detail&gt;&lt;detail&gt;Anti-seizure drugs&lt;/detail&gt;&lt;detail&gt;Medicines that contain corticosteroids, such as hydrocortisone, prednisone&lt;/detail&gt;&lt;detail&gt;Estrogen&lt;/detail&gt;&lt;detail&gt;Oral birth control (contraceptives)&lt;/detail&gt;&lt;detail&gt;Water pills (diuretics) &lt;/detail&gt;</HowtoPreparefortheTest><WhytheTestisPerformed>&lt;text&gt;This test is done when the provider suspects that your body is producing too much cortisol. It is done to help diagnose  Cushing syndrome  and identify the cause.&lt;/text&gt;&lt;text&gt;The low-dose test can help tell whether your body is producing too much ACTH. The high-dose test can help determine whether the problem is in the pituitary gland ( Cushing disease ).&lt;/text&gt;&lt;text&gt;Dexamethasone is a man-made (synthetic) steroid that is similar to cortisol. It reduces ACTH release in normal people. Therefore, taking dexamethasone should reduce ACTH level and lead to a decreased cortisol level.&lt;/text&gt;&lt;text&gt;If your pituitary gland produces too much ACTH, you will have an abnormal response to the low-dose test. But you can have a normal response to the high-dose test.&lt;/text&gt;</WhytheTestisPerformed><NormalResults>&lt;text&gt;Cortisol level should decrease after you receive dexamethasone.&lt;/text&gt;&lt;text&gt;Low dose:&lt;/text&gt;&lt;detail&gt;Overnight -- 8 a.m. plasma cortisol lower than 1.8 micrograms per deciliter (mcg/dL) or 50 nanomoles per liter (nmol/L)&lt;/detail&gt;&lt;detail&gt;Standard -- Urinary free cortisol on day 3 lower than 10 micrograms per day (mcg/day) or 280 nmol/L&lt;/detail&gt;&lt;text&gt;High dose:&lt;/text&gt;&lt;detail&gt;Overnight -- greater than 50% reduction in plasma cortisol&lt;/detail&gt;&lt;detail&gt;Standard -- greater than 90% reduction in urinary free cortisol &lt;/detail&gt;&lt;text&gt;Normal value ranges may vary slightly among different laboratories. Some labs use different measurements or may test different specimens. Talk to your doctor about the meaning of your specific test results.&lt;/text&gt;</NormalResults><WhatAbnormalResultsMean>&lt;text&gt;An abnormal response to the low-dose test may mean that you have abnormal release of cortisol (Cushing syndrome). This could be due to:&lt;/text&gt;&lt;detail&gt; Adrenal tumor  that produces cortisol&lt;/detail&gt;&lt;detail&gt; Pituitary tumor  that produces ACTH&lt;/detail&gt;&lt;detail&gt;Tumor in the body that produces ACTH ( ectopic Cushing syndrome )&lt;/detail&gt;&lt;text&gt;The high-dose test can help tell a pituitary cause (Cushing disease) from other causes. An ACTH blood test may also help identify the cause of high cortisol.&lt;/text&gt;&lt;text&gt;Abnormal results vary based on the condition causing the problem.&lt;/text&gt;&lt;text&gt;Cushing syndrome caused by an adrenal tumor:&lt;/text&gt;&lt;detail&gt;Low-dose test -- no decrease in blood cortisol&lt;/detail&gt;&lt;detail&gt;ACTH level -- low&lt;/detail&gt;&lt;detail&gt;In most cases, the high-dose test is not needed &lt;/detail&gt;&lt;text&gt;Ectopic Cushing syndrome:&lt;/text&gt;&lt;detail&gt;Low-dose test -- no decrease in blood cortisol&lt;/detail&gt;&lt;detail&gt;ACTH level -- high&lt;/detail&gt;&lt;detail&gt;High-dose test -- no decrease in blood cortisol&lt;/detail&gt;&lt;text&gt;Cushing syndrome caused by a pituitary tumor (Cushing disease)&lt;/text&gt;&lt;detail&gt;Low-dose test -- no decrease in blood cortisol&lt;/detail&gt;&lt;detail&gt;High-dose test -- expected decrease in blood cortisol&lt;/detail&gt;&lt;text&gt;False test results can occur due to many reasons, including different medicines, obesity, depression, and stress.&lt;/text&gt;</WhatAbnormalResultsMean><AlternativeNames>&lt;detail&gt;DST&lt;/detail&gt;&lt;detail&gt; ACTH suppression test&lt;/detail&gt;&lt;detail&gt; Cortisol suppression test&lt;/detail&gt;</AlternativeNames></item>
<item><title>Dental x-rays</title><url>https://medlineplus.gov/ency/article/003801.htm</url><HowtoPreparefortheTest>&lt;text&gt;There is no special preparation. You need to remove any metal objects in the area of the x-ray exposure. A lead apron may be placed over your body. Tell your dentist if you might be pregnant.&lt;/text&gt;</HowtoPreparefortheTest><WhytheTestisPerformed>&lt;text&gt;Dental x-rays help diagnose disease and injury of the teeth and gums as well as help planning the appropriate treatment.&lt;/text&gt;</WhytheTestisPerformed><NormalResults>&lt;text&gt;Normal x-rays show a normal number, structure, and position of the teeth and jaw bones. There are no cavities or other problems.&lt;/text&gt;</NormalResults><WhatAbnormalResultsMean>&lt;text&gt;Dental x-rays may be used to identify the following:&lt;/text&gt;&lt;detail&gt;The number, size, and position of teeth&lt;/detail&gt;&lt;detail&gt;Partially or fully  impacted teeth &lt;/detail&gt;&lt;detail&gt;The presence and severity of tooth decay (called cavities or dental caries)&lt;/detail&gt;&lt;detail&gt;Bone damage (such as from gum disease called  periodontitis )&lt;/detail&gt;&lt;detail&gt; Abscessed teeth &lt;/detail&gt;&lt;detail&gt; Fractured jaw &lt;/detail&gt;&lt;detail&gt;Problems in the way the upper and lower teeth fit together ( malocclusion )&lt;/detail&gt;&lt;detail&gt;Other abnormalities of the teeth and jaw bones &lt;/detail&gt;</WhatAbnormalResultsMean><AlternativeNames>&lt;detail&gt;X-ray - teeth&lt;/detail&gt;&lt;detail&gt; Radiograph - dental&lt;/detail&gt;&lt;detail&gt; Bitewings&lt;/detail&gt;&lt;detail&gt; Periapical film&lt;/detail&gt;&lt;detail&gt; Panoramic film&lt;/detail&gt;&lt;detail&gt; Cephalometric x-ray&lt;/detail&gt;&lt;detail&gt; Digital image&lt;/detail&gt;</AlternativeNames></item>
<item><title>Dental plaque identification at home</title><url>https://medlineplus.gov/ency/article/003426.htm</url><HowtoPreparefortheTest>&lt;text&gt;Brush and floss your teeth thoroughly.&lt;/text&gt;</HowtoPreparefortheTest><WhytheTestisPerformed>&lt;text&gt;The test helps identify missed plaque. It can encourage you to improve your brushing and flossing so that you remove more plaque from your teeth. Plaque that remains on your teeth can cause tooth decay or make your gums bleed easily and become red or swollen.&lt;/text&gt;</WhytheTestisPerformed><NormalResults>&lt;text&gt;No plaque or food debris will be seen on your teeth.&lt;/text&gt;</NormalResults><WhatAbnormalResultsMean>&lt;text&gt;The tablets will stain areas of plaque dark red.&lt;/text&gt;&lt;text&gt;The plaque light solution will color the plaque a bright orange-yellow.&lt;/text&gt;&lt;text&gt;The colored areas show where brushing and flossing was not sufficient. These areas need to be brushed again to get rid of the stained plaque.&lt;/text&gt;</WhatAbnormalResultsMean><Images><value><img_name>Dental plaque stain</img_name><img_url>https://medlineplus.gov/ency/images/ency/fullsize/9260.jpg</img_url></value></Images></item>
<item><title>Delta-ALA urine test</title><url>https://medlineplus.gov/ency/article/003457.htm</url><HowtoPreparefortheTest>&lt;text&gt;Your provider may tell you to temporarily stop taking any medicines that can affect test results. Be sure to tell your provider about all the medicines you take. These include:&lt;/text&gt;&lt;detail&gt;Penicillin (an antibiotic)&lt;/detail&gt;&lt;detail&gt;Barbiturates (medicines to treat anxiety)&lt;/detail&gt;&lt;detail&gt;Birth control pills&lt;/detail&gt;&lt;detail&gt;Griseofulvin (medicine to treat fungal infections)&lt;/detail&gt;</HowtoPreparefortheTest><WhytheTestisPerformed>&lt;text&gt;This test looks for an increased level of delta-ALA. It may be used to help diagnose a condition called  porphyria .&lt;/text&gt;</WhytheTestisPerformed><NormalResults>&lt;text&gt;Normal value range for adults is 1.0 to 7.0 mg (7.6 to 53.3 mol/L) over 24 hours.&lt;/text&gt;&lt;text&gt;Normal value ranges may vary slightly from one lab to another. Some labs use different measurements or test different samples. Talk to your provider about the meaning of your specific test results.&lt;/text&gt;</NormalResults><WhatAbnormalResultsMean>&lt;text&gt;An increased level of urinary delta-ALA may indicate:&lt;/text&gt;&lt;detail&gt;Lead poisoning&lt;/detail&gt;&lt;detail&gt;Porphyria (several types)&lt;/detail&gt;&lt;text&gt; A decreased level may occur with chronic (long-term)  liver disease .&lt;/text&gt;</WhatAbnormalResultsMean><AlternativeNames>&lt;detail&gt;Delta-aminolevulinic acid&lt;/detail&gt;</AlternativeNames><Images><value><img_name>Urine sample</img_name><img_url>https://medlineplus.gov/ency/images/ency/fullsize/10011.jpg</img_url></value></Images></item>
<item><title>D-xylose absorption</title><url>https://medlineplus.gov/ency/article/003606.htm</url><HowtoPreparefortheTest>&lt;text&gt;Do not eat or drink anything (even water) for 8 to 12 hours before the test. Your provider will ask you to rest during the test. A failure to restrict activity may affect test results.&lt;/text&gt;&lt;text&gt;Your provider may tell you to stop taking certain medicines that can affect test results. Medicines that can affect test results include aspirin, atropine, indomethacin, isocarboxazid, and phenelzine. DO NOT stop taking any medicine without first talking to your provider.&lt;/text&gt;</HowtoPreparefortheTest><WhytheTestisPerformed>&lt;text&gt;Your provider may order this test if you have:&lt;/text&gt;&lt;detail&gt;Persistent diarrhea&lt;/detail&gt;&lt;detail&gt;Signs of malnutrition&lt;/detail&gt;&lt;detail&gt;Unexplained weight loss &lt;/detail&gt;&lt;text&gt;This test is primarily used to check if nutrient absorption problems are due to a disease of the intestines.&lt;/text&gt;</WhytheTestisPerformed><NormalResults>&lt;text&gt;A normal result depends on how much D-xylose is given. In most cases, the test results are either positive or negative. A positive result means that D-xylose is found in the blood or urine and is therefore being absorbed by the intestines.&lt;/text&gt;&lt;text&gt;Normal value ranges may vary slightly among different laboratories. Some labs use different measurements or test different samples. Talk to your provider about the meaning of your specific test results.&lt;/text&gt;</NormalResults><WhatAbnormalResultsMean>&lt;text&gt;Lower than normal values may be seen in:&lt;/text&gt;&lt;detail&gt; Celiac disease (sprue) &lt;/detail&gt;&lt;detail&gt; Crohn disease &lt;/detail&gt;&lt;detail&gt; Giardia  lamblia infestation&lt;/detail&gt;&lt;detail&gt; Hookworm  infestation&lt;/detail&gt;&lt;detail&gt; Lymphatic obstruction &lt;/detail&gt;&lt;detail&gt; Radiation enteropathy &lt;/detail&gt;&lt;detail&gt;Small intestinal bacterial overgrowth&lt;/detail&gt;&lt;detail&gt; Viral gastroenteritis &lt;/detail&gt;&lt;detail&gt; Whipple disease &lt;/detail&gt;</WhatAbnormalResultsMean><AlternativeNames>&lt;detail&gt;Xylose tolerance test&lt;/detail&gt;&lt;detail&gt; Diarrhea - xylose&lt;/detail&gt;&lt;detail&gt; Malnutrition - xylose&lt;/detail&gt;&lt;detail&gt; Sprue - xylose&lt;/detail&gt;&lt;detail&gt; Celiac - xylose&lt;/detail&gt;</AlternativeNames><Images><value><img_name>Male urinary system</img_name><img_url>https://medlineplus.gov/ency/images/ency/fullsize/10022.jpg</img_url></value><value><img_name>D-xylose level tests</img_name><img_url>https://medlineplus.gov/ency/images/ency/fullsize/9285.jpg</img_url></value></Images></item>
<item><title>D-dimer test</title><url>https://medlineplus.gov/ency/article/007620.htm</url><HowtoPreparefortheTest>&lt;text&gt;No special preparation is necessary.&lt;/text&gt;</HowtoPreparefortheTest><WhytheTestisPerformed>&lt;text&gt;Your health care provider may order a D-dimer test if you are showing symptoms of blood clots, such as:&lt;/text&gt;&lt;detail&gt;Swelling, pain, warmth, and changes in skin color of your leg&lt;/detail&gt;&lt;detail&gt;Sharp chest pain, trouble breathing, coughing up blood, and fast heart beat&lt;/detail&gt;&lt;detail&gt;Bleeding gums, nausea and vomiting, seizures, severe stomach and muscle pain, and decreased urine&lt;/detail&gt;&lt;text&gt;Your provider may also use the D-dimer test to see if treatment for DIC is working.&lt;/text&gt;</WhytheTestisPerformed><NormalResults>&lt;text&gt;A normal test is negative. This means that you probably do not have problems with blood clotting.&lt;/text&gt;&lt;text&gt;If you are getting the D-dimer test to see if treatment is working for DIC, a normal or decreasing level of D-dimer means the treatment is working.&lt;/text&gt;</NormalResults><WhatAbnormalResultsMean>&lt;text&gt;A positive test means that you may be making blood clots. The test does not tell where the clots are or why you are making clots. Your provider may order other tests to see where clots are located.&lt;/text&gt;&lt;text&gt;A positive test may be caused by other factors, and you may not have any clots. D-dimer levels can be positive due to:&lt;/text&gt;&lt;detail&gt;Pregnancy&lt;/detail&gt;&lt;detail&gt;Liver disease&lt;/detail&gt;&lt;detail&gt;Recent surgery or trauma&lt;/detail&gt;&lt;detail&gt;High lipid or triglyceride levels&lt;/detail&gt;&lt;detail&gt;Heart disease&lt;/detail&gt;&lt;detail&gt;Being over 80 years old&lt;/detail&gt;&lt;text&gt;This makes the test mostly useful when it is negative, when many of the above causes can be ruled out.&lt;/text&gt;</WhatAbnormalResultsMean><AlternativeNames>&lt;detail&gt;Fragment D-dimer&lt;/detail&gt;&lt;detail&gt; Fibrin degradation fragment&lt;/detail&gt;&lt;detail&gt; DVT - D-dimer&lt;/detail&gt;&lt;detail&gt; PE - D-dimer&lt;/detail&gt;&lt;detail&gt; Deep vein thrombosis - D-dimer&lt;/detail&gt;&lt;detail&gt; Pulmonary embolism - D-dimer&lt;/detail&gt;&lt;detail&gt; Blood clot to the lungs - D-dimer&lt;/detail&gt;</AlternativeNames></item>
<item><title>Eye and orbit ultrasound</title><url>https://medlineplus.gov/ency/article/003797.htm</url><HowtoPreparefortheTest>&lt;text&gt;No special preparation is needed for this test.&lt;/text&gt;</HowtoPreparefortheTest><WhytheTestisPerformed>&lt;text&gt;You may need this test if you have cataracts or other eye problems.&lt;/text&gt;&lt;text&gt;An A-scan ultrasound measures the eye to determine the right power of a lens implant before  cataract surgery .&lt;/text&gt;&lt;text&gt;A B-scan is done to look at the inside part of the eye or the space behind the eye that cannot be seen directly. This may occur when you have  cataracts  or other conditions that make it hard for the doctor to see into the back of your eye. The test may help diagnose  retinal detachment , tumors, or other disorders.&lt;/text&gt;</WhytheTestisPerformed><NormalResults>&lt;text&gt;For an A-scan, measurements of the eye are in the normal range.&lt;/text&gt;&lt;text&gt;For a B-scan, the structures of the eye and orbit appear normal.&lt;/text&gt;</NormalResults><WhatAbnormalResultsMean>&lt;text&gt;A B-scan may show:&lt;/text&gt;&lt;detail&gt;Bleeding into the clear gel (vitreous) that fills the back of the eye (vitreous hemorrhage)&lt;/detail&gt;&lt;detail&gt;Cancer of the retina ( retinoblastoma ), under the retina, or in other parts of the eye (such as  melanoma )&lt;/detail&gt;&lt;detail&gt;Damaged tissue or injuries in the bony socket (orbit) that surrounds and protects the eye&lt;/detail&gt;&lt;detail&gt;Foreign bodies&lt;/detail&gt;&lt;detail&gt;Pulling away of the retina from the back of the eye ( retinal detachment )&lt;/detail&gt;&lt;detail&gt;Swelling (inflammation) &lt;/detail&gt;</WhatAbnormalResultsMean><AlternativeNames>&lt;detail&gt;Echography - eye orbit&lt;/detail&gt;&lt;detail&gt; Ultrasound - eye orbit&lt;/detail&gt;&lt;detail&gt; Ocular ultrasonography&lt;/detail&gt;&lt;detail&gt; Orbital ultrasonography&lt;/detail&gt;</AlternativeNames><Images><value><img_name>Head and eye echoencephalogram</img_name><img_url>https://medlineplus.gov/ency/images/ency/fullsize/9362.jpg</img_url></value></Images></item>
<item><title>Extremity x-ray</title><url>https://medlineplus.gov/ency/article/003461.htm</url><HowtoPreparefortheTest>&lt;text&gt;Tell your provider if you are pregnant. Remove all jewelry from the area being imaged.&lt;/text&gt;&lt;text&gt;In general, there is no discomfort. You may be slightly uncomfortable while the leg or arm is put in place for the x-ray.&lt;/text&gt;</HowtoPreparefortheTest><WhytheTestisPerformed>&lt;text&gt;Your provider may order this test if you have signs of:&lt;/text&gt;&lt;detail&gt;A  fracture &lt;/detail&gt;&lt;detail&gt;Tumor&lt;/detail&gt;&lt;detail&gt; Arthritis  (inflammation of the joints) &lt;/detail&gt;</WhytheTestisPerformed><NormalResults>&lt;text&gt;The x-ray shows normal structures for the age of the person.&lt;/text&gt;</NormalResults><WhatAbnormalResultsMean>&lt;text&gt;Abnormal results may be due to:&lt;/text&gt;&lt;detail&gt;Bone conditions that get worse over time (degenerative)&lt;/detail&gt;&lt;detail&gt; Bone tumor &lt;/detail&gt;&lt;detail&gt;Broken bone (fracture)&lt;/detail&gt;&lt;detail&gt;Dislocated bone&lt;/detail&gt;&lt;detail&gt; Osteomyelitis  (infection) &lt;/detail&gt;&lt;detail&gt;Arthritis&lt;/detail&gt;&lt;text&gt;Other conditions for which the test may be performed:&lt;/text&gt;&lt;detail&gt; Clubfoot &lt;/detail&gt;&lt;detail&gt;To detect foreign objects in the body &lt;/detail&gt;</WhatAbnormalResultsMean><Images><value><img_name>X-ray</img_name><img_url>https://medlineplus.gov/ency/images/ency/fullsize/1057.jpg</img_url></value></Images></item>
<item><title>Extremity angiography</title><url>https://medlineplus.gov/ency/article/003772.htm</url><HowtoPreparefortheTest>&lt;text&gt;You should not eat or drink anything for 6 to 8 hours before the test.&lt;/text&gt;&lt;text&gt;You may be told to stop taking certain medicines, such as aspirin or other blood thinners for a short while before the test. Never stop taking any medicines unless told to do so by your provider.&lt;/text&gt;&lt;text&gt;Make sure your provider knows about all the medicines you take, including those you bought without a prescription. This includes herbs and supplements.&lt;/text&gt;&lt;text&gt;Tell your provider if you:&lt;/text&gt;&lt;detail&gt;Are pregnant&lt;/detail&gt;&lt;detail&gt;Are allergic to any medicines&lt;/detail&gt;&lt;detail&gt;Have ever had an  allergic reaction  to x-ray contrast material, shellfish, or iodine substances&lt;/detail&gt;&lt;detail&gt;Have ever had any bleeding problems &lt;/detail&gt;</HowtoPreparefortheTest><WhytheTestisPerformed>&lt;text&gt;You may need this test if you have symptoms of a  narrowed or blocked blood vessel  in the arms, hands, legs, or feet.&lt;/text&gt;&lt;text&gt;The test may also be done to diagnose:&lt;/text&gt;&lt;detail&gt;Bleeding&lt;/detail&gt;&lt;detail&gt;Swelling or inflammation of the blood vessels (vasculitis) &lt;/detail&gt;</WhytheTestisPerformed><NormalResults>&lt;text&gt;The x-ray shows normal structures for your age.&lt;/text&gt;</NormalResults><WhatAbnormalResultsMean>&lt;text&gt;An abnormal result is commonly due to narrowing and hardening of the arteries in the arms or legs from plaque buildup ( hardening of the arteries ) in the artery walls.&lt;/text&gt;&lt;text&gt;The x-ray may show a blockage in the vessels caused by:&lt;/text&gt;&lt;detail&gt; Aneurysms  (abnormal widening or ballooning of part of an artery)&lt;/detail&gt;&lt;detail&gt; Blood clots &lt;/detail&gt;&lt;detail&gt;Other diseases of the arteries &lt;/detail&gt;&lt;text&gt;Abnormal results may also be due to:&lt;/text&gt;&lt;detail&gt;Inflammation of the blood vessels&lt;/detail&gt;&lt;detail&gt;Injury to the blood vessels&lt;/detail&gt;&lt;detail&gt; Thromboangiitis obliterans  (Buerger disease)&lt;/detail&gt;&lt;detail&gt; Takayasu disease &lt;/detail&gt;</WhatAbnormalResultsMean><AlternativeNames>&lt;detail&gt;Angiography of the extremity&lt;/detail&gt;&lt;detail&gt; Peripheral angiography&lt;/detail&gt;&lt;detail&gt; Lower extremity angiogram&lt;/detail&gt;&lt;detail&gt; Peripheral angiogram&lt;/detail&gt;&lt;detail&gt; Arteriography of the extremity&lt;/detail&gt;&lt;detail&gt; PAD - angiography&lt;/detail&gt;&lt;detail&gt; Peripheral artery disease - angiography&lt;/detail&gt;</AlternativeNames></item>
<item><title>Extraocular muscle function testing</title><url>https://medlineplus.gov/ency/article/003397.htm</url><HowtoPreparefortheTest>&lt;text&gt;No special preparation is necessary for this test.&lt;/text&gt;</HowtoPreparefortheTest><WhytheTestisPerformed>&lt;text&gt;This test is performed to evaluate weakness or other problem in the extraocular muscles. These problems may result in double vision or  rapid, uncontrolled eye movements .&lt;/text&gt;</WhytheTestisPerformed><NormalResults>&lt;text&gt;Normal movement of the eyes in all directions.&lt;/text&gt;</NormalResults><WhatAbnormalResultsMean>&lt;text&gt;Eye movement disorders may be due to abnormalities of the muscles themselves. They may also be due to problems in the sections of the brain that control these muscles. Your provider will talk to you about any abnormalities that may be found.&lt;/text&gt;</WhatAbnormalResultsMean><AlternativeNames>&lt;detail&gt;EOM&lt;/detail&gt;&lt;detail&gt; Extraocular movement&lt;/detail&gt;&lt;detail&gt; Ocular motility examination&lt;/detail&gt;</AlternativeNames><Images><value><img_name>Eye</img_name><img_url>https://medlineplus.gov/ency/images/ency/fullsize/1094.jpg</img_url></value><value><img_name>Eye muscle test</img_name><img_url>https://medlineplus.gov/ency/images/ency/fullsize/9310.jpg</img_url></value></Images></item>
<item><title>Exercise stress test</title><url>https://medlineplus.gov/ency/article/003878.htm</url><HowtoPreparefortheTest>&lt;text&gt;Wear comfortable shoes and loose clothing to allow you to exercise.&lt;/text&gt;&lt;text&gt;Ask your provider if you should take any of your regular medicines on the day of the test. Some medicines may interfere with test results. Never stop taking any medicine without first talking to your doctor.&lt;/text&gt;&lt;text&gt;Tell your doctor if you are taking sildenafil citrate (Viagra), tadalafil (Cialis), or vardenafil (Levitra) and have taken a dose within the past 24 to 48 hours.&lt;/text&gt;&lt;text&gt;You must not eat, smoke, or drink beverages containing caffeine or alcohol for 3 hours (or more) before the test. In most cases, you will be asked to avoid caffeine for 24 hours before the test. This includes:&lt;/text&gt;&lt;detail&gt;Tea and coffee&lt;/detail&gt;&lt;detail&gt;All sodas, even ones that are labeled caffeine-free&lt;/detail&gt;&lt;detail&gt;Chocolates&lt;/detail&gt;&lt;detail&gt;Certain pain relievers that contain caffeine &lt;/detail&gt;</HowtoPreparefortheTest><WhytheTestisPerformed>&lt;text&gt;Reasons why an exercise stress test may be performed include:&lt;/text&gt;&lt;detail&gt;You are having chest pain (to check for coronary artery disease, narrowing of the arteries that feed the heart muscle).&lt;/detail&gt;&lt;detail&gt;Your  angina  is getting worse or is happening more often.&lt;/detail&gt;&lt;detail&gt;You have had a heart attack.&lt;/detail&gt;&lt;detail&gt;You have had angioplasty or  heart bypass surgery .&lt;/detail&gt;&lt;detail&gt;You are going to start an exercise program and you have heart disease or certain risk factors, such as diabetes.&lt;/detail&gt;&lt;detail&gt;To identify heart rhythm changes that may occur during exercise.&lt;/detail&gt;&lt;detail&gt;To further test for a heart valve problem (such as  aortic valve  or  mitral valve stenosis ). &lt;/detail&gt;&lt;text&gt;There may be other reasons why your provider asks for this test.&lt;/text&gt;</WhytheTestisPerformed><NormalResults>&lt;text&gt;A normal test will most often mean that you were able to exercise as long as or longer than most people of your age and gender. You also did not have symptoms or concerning changes in blood pressure or your ECG.&lt;/text&gt;&lt;text&gt;The meaning of your test results depends on the reason for the test, your age, and your history of heart and other medical problems.&lt;/text&gt;&lt;text&gt;It may be hard to interpret the results of an exercise-only stress test in some people.&lt;/text&gt;</NormalResults><WhatAbnormalResultsMean>&lt;text&gt;Abnormal results may be due to:&lt;/text&gt;&lt;detail&gt; Abnormal heart rhythms  during exercise&lt;/detail&gt;&lt;detail&gt;Changes in your ECG that may mean there is a blockage in the arteries that supply your heart ( coronary artery disease ) &lt;/detail&gt;&lt;text&gt;When you have an abnormal exercise stress test, you may have other tests performed on your heart such as:&lt;/text&gt;&lt;detail&gt; Cardiac catheterization &lt;/detail&gt;&lt;detail&gt; Nuclear stress test &lt;/detail&gt;&lt;detail&gt; Stress echocardiography &lt;/detail&gt;</WhatAbnormalResultsMean><AlternativeNames>&lt;detail&gt;Exercise ECG&lt;/detail&gt;&lt;detail&gt; ECG - exercise treadmill&lt;/detail&gt;&lt;detail&gt; EKG - exercise treadmill&lt;/detail&gt;&lt;detail&gt; Stress ECG&lt;/detail&gt;&lt;detail&gt; Exercise electrocardiography&lt;/detail&gt;&lt;detail&gt; Stress test - exercise treadmill&lt;/detail&gt;&lt;detail&gt; CAD - treadmill&lt;/detail&gt;&lt;detail&gt; Coronary artery disease - treadmill&lt;/detail&gt;&lt;detail&gt; Chest pain - treadmill&lt;/detail&gt;&lt;detail&gt; Angina - treadmill&lt;/detail&gt;&lt;detail&gt; Heart disease - treadmill&lt;/detail&gt;</AlternativeNames></item>
<item><title>Euglobulin lysis time</title><url>https://medlineplus.gov/ency/article/003654.htm</url><HowtoPreparefortheTest>&lt;text&gt;Follow the instructions that tell you how long before the test you need to stop exercising. Heavy exercise can cause a shorter-than-normal ELT time.&lt;/text&gt;</HowtoPreparefortheTest><WhytheTestisPerformed>&lt;text&gt;This is one of the best tests to tell the difference between  primary fibrinolysis  and  disseminated intravascular coagulation  (DIC). Primary fibrinolysis is the normal breakdown of blood clots. DIC is disease that prevents blood from clotting normally.&lt;/text&gt;&lt;text&gt;The test can also be used to monitor people who are taking streptokinase or urokinase after a heart attack. These are medicines that prevent blood clots.&lt;/text&gt;</WhytheTestisPerformed><NormalResults>&lt;text&gt;A normal value will range from 90 minutes to 6 hours. Euglobulin clot lysis is normally complete within 2 to 4 hours.&lt;/text&gt;&lt;text&gt;Normal value ranges may vary slightly among different laboratories. Some labs use different measurements or test different samples. Talk to your health care provider about the meaning of your specific test results.&lt;/text&gt;</NormalResults><WhatAbnormalResultsMean>&lt;text&gt;A longer-than-normal ELT time may be due to:&lt;/text&gt;&lt;detail&gt; Diabetes &lt;/detail&gt;&lt;detail&gt; Prematurity  (baby being born too early) &lt;/detail&gt;&lt;text&gt;A shorter-than-normal ELT time may be due to:&lt;/text&gt;&lt;detail&gt;Blood vessel injury or surgery&lt;/detail&gt;&lt;detail&gt; Cancer of the prostate &lt;/detail&gt;&lt;detail&gt;Liver  cirrhosis &lt;/detail&gt;&lt;detail&gt; Fibrinogen  deficiency (fibrinogen is a protein in the blood that helps it clot)&lt;/detail&gt;&lt;detail&gt;Leukemia&lt;/detail&gt;&lt;detail&gt;Pregnancy complications (for example, antepartum hemorrhage,  hydatidiform mole , amniotic  embolism )&lt;/detail&gt;&lt;detail&gt; Shock &lt;/detail&gt;&lt;detail&gt;A bleeding disorder called thrombocytopenia purpura &lt;/detail&gt;&lt;text&gt;The test may also be done to diagnose or rule out:&lt;/text&gt;&lt;detail&gt;   Miscarriage&lt;/detail&gt;&lt;detail&gt;A bone marrow disorder called  primary thrombocythemia &lt;/detail&gt;</WhatAbnormalResultsMean><AlternativeNames>&lt;detail&gt;Euglobulin clot lysis&lt;/detail&gt;&lt;detail&gt; Fibrinolysis/euglobulin lysis&lt;/detail&gt;&lt;detail&gt; ELT&lt;/detail&gt;</AlternativeNames></item>
<item><title>Ethylene glycol blood test</title><url>https://medlineplus.gov/ency/article/003564.htm</url><HowtoPreparefortheTest>&lt;text&gt;No special preparation is needed.&lt;/text&gt;</HowtoPreparefortheTest><WhytheTestisPerformed>&lt;text&gt;This test is ordered when a health care provider thinks someone has been poisoned by ethylene glycol. Drinking ethylene glycol is a medical emergency. Ethylene glycol can damage the brain, liver, kidneys, and lungs. The poisoning disturbs the body's chemistry and can lead to condition called  metabolic acidosis . In severe cases, shock, organ failure, and death can result.&lt;/text&gt;</WhytheTestisPerformed><NormalResults>&lt;text&gt;There should be no ethylene glycol present in the blood.&lt;/text&gt;</NormalResults><WhatAbnormalResultsMean>&lt;text&gt;Abnormal results are a sign of possible ethylene glycol poisoning.&lt;/text&gt;</WhatAbnormalResultsMean><Images><value><img_name>Blood test</img_name><img_url>https://medlineplus.gov/ency/images/ency/fullsize/10026.jpg</img_url></value></Images></item>
<item><title>Estradiol blood test</title><url>https://medlineplus.gov/ency/article/003711.htm</url><HowtoPreparefortheTest>&lt;text&gt;Your health care provider may tell you to temporarily stop taking certain medicines that may affect test results. Be sure to tell your provider about all the medicines you take. These include:&lt;/text&gt;&lt;detail&gt;Birth control pills&lt;/detail&gt;&lt;detail&gt;Antibiotics such as ampicillin or tetracycline&lt;/detail&gt;&lt;detail&gt;Corticosteroids&lt;/detail&gt;&lt;detail&gt;DHEA (a supplement)&lt;/detail&gt;&lt;detail&gt;Estrogen&lt;/detail&gt;&lt;detail&gt;Medicine to manage mental disorders (such as phenothiazine)&lt;/detail&gt;&lt;detail&gt;Testosterone &lt;/detail&gt;&lt;text&gt;DO NOT stop taking any medicine before talking to your doctor.&lt;/text&gt;</HowtoPreparefortheTest><WhytheTestisPerformed>&lt;text&gt;In women, most estradiol is released from the ovaries and adrenal glands. It is also released by the placenta during pregnancy. Estradiol is also produced in other body tissues, such as skin, fat, cells bone, brain, and liver. Estradiol plays a role in: &lt;/text&gt;&lt;detail&gt;Growth of the womb (uterus), fallopian tubes, and vagina&lt;/detail&gt;&lt;detail&gt;Breast development&lt;/detail&gt;&lt;detail&gt;Changes of the outer genitals&lt;/detail&gt;&lt;detail&gt;Distribution of body fat&lt;/detail&gt;&lt;detail&gt;Menopause &lt;/detail&gt;&lt;text&gt;In men, a small amount of estradiol is mainly released by the testes. Estradiol helps prevent sperm from dying too early. &lt;/text&gt;&lt;text&gt;This test may be ordered to check:&lt;/text&gt;&lt;detail&gt;How well your ovaries, placenta, or adrenal glands work&lt;/detail&gt;&lt;detail&gt;If you have signs of an ovarian tumor&lt;/detail&gt;&lt;detail&gt;If male or female body characteristics are not developing normally&lt;/detail&gt;&lt;detail&gt;If your periods have stopped (levels of estradiol vary, depending on the time of month) &lt;/detail&gt;&lt;text&gt;The test may also be ordered to check if:&lt;/text&gt;&lt;detail&gt;Hormone therapy is working for women in  menopause &lt;/detail&gt;&lt;detail&gt;A woman is responding to fertility treatment &lt;/detail&gt;&lt;text&gt;The test may also be used to monitor people with  hypopituitarism  and women on certain fertility treatments.&lt;/text&gt;</WhytheTestisPerformed><NormalResults>&lt;text&gt;The results may vary, depending on the person's gender and age.&lt;/text&gt;&lt;detail&gt;Male - 10 to 50 pg/mL (36.7 to 183.6 pmol/L)&lt;/detail&gt;&lt;detail&gt;Female (premenopausal) - 30 to 400 pg/mL (110 to 1468.4 pmol/L)&lt;/detail&gt;&lt;detail&gt;Female (postmenopausal) - 0 to 30 pg/mL (0 to 110 pmol/L) &lt;/detail&gt;&lt;text&gt;Normal value ranges may vary slightly among different laboratories. Some labs use different measurements or test different samples. Talk to your doctor about the meaning of your specific test result.&lt;/text&gt;</NormalResults><WhatAbnormalResultsMean>&lt;text&gt;Disorders that are associated with abnormal estradiol results include:&lt;/text&gt;&lt;detail&gt; Early (precocious) puberty  in girls&lt;/detail&gt;&lt;detail&gt;Growth of abnormally large breasts in men ( gynecomastia )&lt;/detail&gt;&lt;detail&gt;Lack of periods in women ( amenorrhea )&lt;/detail&gt;&lt;detail&gt;Reduced function of the ovaries ( ovarian hypofunction )&lt;/detail&gt;&lt;detail&gt;Problem with genes, such as  Klinefelter syndrome ,  Turner syndrome &lt;/detail&gt;&lt;detail&gt;Rapid weight loss or low body fat &lt;/detail&gt;</WhatAbnormalResultsMean><AlternativeNames>&lt;detail&gt;E2 test&lt;/detail&gt;</AlternativeNames></item>
<item><title>ESR</title><url>https://medlineplus.gov/ency/article/003638.htm</url><HowtoPreparefortheTest>&lt;text&gt;There are no special steps needed to prepare for this test.&lt;/text&gt;</HowtoPreparefortheTest><WhytheTestisPerformed>&lt;text&gt;Reasons why a "sed rate" may be done include:&lt;/text&gt;&lt;detail&gt;Unexplained fevers&lt;/detail&gt;&lt;detail&gt;Certain types of arthritis&lt;/detail&gt;&lt;detail&gt;Muscle symptoms&lt;/detail&gt;&lt;detail&gt;Other vague symptoms that cannot be explained&lt;/detail&gt;&lt;text&gt;This test may also be used to monitor whether an illness is responding to treatment. &lt;/text&gt;&lt;text&gt;This test can be used to monitor inflammatory diseases or cancer. It is not used to diagnose a specific disorder.&lt;/text&gt;&lt;text&gt;However, the test is useful for detecting and monitoring:&lt;/text&gt;&lt;detail&gt;Autoimmune disorders&lt;/detail&gt;&lt;detail&gt;Bone infections&lt;/detail&gt;&lt;detail&gt;Certain forms of arthritis&lt;/detail&gt;&lt;detail&gt;Inflammatory diseases that cause vague symptoms&lt;/detail&gt;&lt;detail&gt;Tissue death&lt;/detail&gt;</WhytheTestisPerformed><NormalResults>&lt;text&gt;For adults (Westergren method):&lt;/text&gt;&lt;detail&gt;Men under 50 years old: less than 15 mm/hr&lt;/detail&gt;&lt;detail&gt;Men over 50 years old: less than 20 mm/hr&lt;/detail&gt;&lt;detail&gt;Women under 50 years old: less than 20 mm/hr&lt;/detail&gt;&lt;detail&gt;Women over 50 years old: less than 30 mm/hr &lt;/detail&gt;&lt;text&gt;For children (Westergren method):&lt;/text&gt;&lt;detail&gt;Newborn: 0 to 2 mm/hr&lt;/detail&gt;&lt;detail&gt;Newborn to puberty: 3 to 13 mm/hr &lt;/detail&gt;&lt;text&gt;Note: mm/hr = millimeters per hour&lt;/text&gt;&lt;text&gt;Normal value ranges may vary slightly among different laboratories. Talk to your health care provider about the meaning of your specific test results.&lt;/text&gt;</NormalResults><WhatAbnormalResultsMean>&lt;text&gt;An abnormal ESR may help with a diagnosis, but it does not prove that you have a certain condition. Other tests are almost always needed.&lt;/text&gt;&lt;text&gt;An increased ESR rate may be due to:&lt;/text&gt;&lt;detail&gt; Anemia &lt;/detail&gt;&lt;detail&gt;Cancers such as lymphoma or  multiple myeloma &lt;/detail&gt;&lt;detail&gt;Kidney disease&lt;/detail&gt;&lt;detail&gt;Pregnancy&lt;/detail&gt;&lt;detail&gt;Thyroid disease &lt;/detail&gt;&lt;text&gt;The immune system helps protect the body against harmful substances. An  autoimmune disorder  is when the immune system mistakenly attacks and destroys healthy body tissue. ESR is often higher than normal in people with an autoimmune disorder.&lt;/text&gt;&lt;text&gt;Common autoimmune disorders include:&lt;/text&gt;&lt;detail&gt; Lupus &lt;/detail&gt;&lt;detail&gt; Rheumatoid arthritis in adults  or  children &lt;/detail&gt;&lt;text&gt;Very high ESR levels occur with less common autoimmune disorders, including:&lt;/text&gt;&lt;detail&gt;Allergic vasculitis&lt;/detail&gt;&lt;detail&gt; Giant cell arteritis &lt;/detail&gt;&lt;detail&gt;Hyperfibrinogenemia (increased  fibrinogen  levels in the blood)&lt;/detail&gt;&lt;detail&gt; Macroglobulinemia - primary &lt;/detail&gt;&lt;detail&gt; Necrotizing vasculitis &lt;/detail&gt;&lt;detail&gt; Polymyalgia rheumatica &lt;/detail&gt;&lt;text&gt;An increased ESR rate may be due to some infections, including:&lt;/text&gt;&lt;detail&gt;Bodywide (systemic) infection&lt;/detail&gt;&lt;detail&gt; Bone infections &lt;/detail&gt;&lt;detail&gt; Infection of the heart or heart valves &lt;/detail&gt;&lt;detail&gt; Rheumatic fever &lt;/detail&gt;&lt;detail&gt;Severe skin infections, such as  erysipelas &lt;/detail&gt;&lt;detail&gt;Tuberculosis&lt;/detail&gt;&lt;text&gt;Lower-than-normal levels occur with:&lt;/text&gt;&lt;detail&gt; Congestive heart failure &lt;/detail&gt;&lt;detail&gt; Hyperviscosity &lt;/detail&gt;&lt;detail&gt; Hypofibrinogenemia  (decreased fibrinogen levels)&lt;/detail&gt;&lt;detail&gt;Leukemia&lt;/detail&gt;&lt;detail&gt;Low plasma protein (due to liver or kidney disease)&lt;/detail&gt;&lt;detail&gt; Polycythemia &lt;/detail&gt;&lt;detail&gt; Sickle cell anemia &lt;/detail&gt;</WhatAbnormalResultsMean><AlternativeNames>&lt;detail&gt;Erythrocyte sedimentation rate&lt;/detail&gt;&lt;detail&gt; Sed rate&lt;/detail&gt;&lt;detail&gt; Sedimentation rate&lt;/detail&gt;</AlternativeNames></item>
<item><title>Esophageal pH monitoring</title><url>https://medlineplus.gov/ency/article/003401.htm</url><HowtoPreparefortheTest>&lt;text&gt;Your health care provider will ask you to not eat or drink after midnight before the test. You should also avoid smoking.&lt;/text&gt;&lt;text&gt;Some medicines may change the test results. Your provider may ask you to not take these for between 24 hours and 2 weeks (or more) before the test. You also may be told to avoid alcohol. Medicines that you may need to stop include:&lt;/text&gt;&lt;detail&gt;Adrenergic blockers&lt;/detail&gt;&lt;detail&gt;Antacids&lt;/detail&gt;&lt;detail&gt;Anticholinergics&lt;/detail&gt;&lt;detail&gt;Cholinergics&lt;/detail&gt;&lt;detail&gt;Corticosteroids&lt;/detail&gt;&lt;detail&gt;H&lt;sub&gt;2&lt;/sub&gt; blockers&lt;/detail&gt;&lt;detail&gt;Proton pump inhibitors &lt;/detail&gt;&lt;text&gt;DO NOT stop taking any medicine unless told to do so by your provider.&lt;/text&gt;</HowtoPreparefortheTest><WhytheTestisPerformed>&lt;text&gt;Esophageal pH monitoring is used to check how much stomach acid is entering the esophagus. It also checks how well the acid is cleared downward into the stomach. It is a test for gastroesophageal reflux disease ( GERD ).&lt;/text&gt;&lt;text&gt;In infants, this test is also used to check for GERD and other problems related to  excessive crying . &lt;/text&gt;</WhytheTestisPerformed><NormalResults>&lt;text&gt;Normal value ranges may vary depending on the lab doing the test. Talk to your provider about the meaning of your specific test results.&lt;/text&gt;</NormalResults><WhatAbnormalResultsMean>&lt;text&gt;Increased acid in the esophagus may be related to: &lt;/text&gt;&lt;detail&gt; Barrett esophagus &lt;/detail&gt;&lt;detail&gt; Difficulty swallowing (dysphagia) &lt;/detail&gt;&lt;detail&gt;Esophageal scarring&lt;/detail&gt;&lt;detail&gt;Gastroesophageal reflux disease (GERD)&lt;/detail&gt;&lt;detail&gt; Heartburn &lt;/detail&gt;&lt;detail&gt;Reflux esophagitis &lt;/detail&gt;&lt;text&gt;You may need to have the following tests if your provider suspects  esophagitis : &lt;/text&gt;&lt;detail&gt; Barium swallow &lt;/detail&gt;&lt;detail&gt; Esophagogastroduodenoscopy  (also called upper GI endoscopy) &lt;/detail&gt;</WhatAbnormalResultsMean><AlternativeNames>&lt;detail&gt;pH monitoring - esophageal&lt;/detail&gt;&lt;detail&gt; Esophageal acidity test&lt;/detail&gt;</AlternativeNames><Images><value><img_name>Esophageal pH monitoring</img_name><img_url>https://medlineplus.gov/ency/images/ency/fullsize/9304.jpg</img_url></value></Images></item>
<item><title>Esophageal manometry</title><url>https://medlineplus.gov/ency/article/003884.htm</url><HowtoPreparefortheTest>&lt;text&gt;You should not have anything to eat or drink for 8 hours before the test. If you have the test in the morning, DO NOT eat or drink after midnight.&lt;/text&gt;&lt;text&gt;Tell your health care provider about all medicines you are taking. These include vitamins, herbs, and other over-the-counter medicines and supplements.&lt;/text&gt;</HowtoPreparefortheTest><WhytheTestisPerformed>&lt;text&gt;The esophagus is the tube that carries food from your mouth into the stomach. When you swallow, muscles in your esophagus squeeze (contract) to push food toward the stomach. Valves, or sphincters, inside the esophagus open to let food and liquid through. They then close to prevent food, fluids, and stomach acid from moving backward. The sphincter at the bottom of the esophagus is called the lower esophageal sphincter, or LES.&lt;/text&gt;&lt;text&gt;Esophageal manometry is done to see if the esophagus is contracting and relaxing properly. The test helps diagnose swallowing problems. During the test, the doctor can also check the LES to see if it opens and closes properly. &lt;/text&gt;&lt;text&gt;The test may be ordered if you have symptoms of:&lt;/text&gt;&lt;detail&gt;Heartburn or nausea after eating ( gastroesophageal reflux disease, or GERD )&lt;/detail&gt;&lt;detail&gt;Problems swallowing (feeling like food is stuck behind the breast bone) &lt;/detail&gt;</WhytheTestisPerformed><NormalResults>&lt;text&gt;The LES pressure and muscle contractions are normal when you swallow.&lt;/text&gt;</NormalResults><WhatAbnormalResultsMean>&lt;text&gt;Abnormal results may indicate:&lt;/text&gt;&lt;detail&gt;A problem with the esophagus that affects its ability to move food toward the stomach ( achalasia )&lt;/detail&gt;&lt;detail&gt;A weak LES, which causes heartburn (GERD)&lt;/detail&gt;&lt;detail&gt;Abnormal contractions of the esophagus muscles that do not effectively move food to the stomach ( esophageal spasm )&lt;/detail&gt;</WhatAbnormalResultsMean><AlternativeNames>&lt;detail&gt;Esophageal motility studies&lt;/detail&gt;&lt;detail&gt; Esophageal function studies &lt;/detail&gt;</AlternativeNames><Images><value><img_name>Esophageal manometry</img_name><img_url>https://medlineplus.gov/ency/images/ency/fullsize/8776.jpg</img_url></value></Images></item>
<item><title>Esophageal culture</title><url>https://medlineplus.gov/ency/article/003764.htm</url><HowtoPreparefortheTest>&lt;text&gt;Follow your health care provider's instructions on how to prepare for EGD.&lt;/text&gt;</HowtoPreparefortheTest><WhytheTestisPerformed>&lt;text&gt;Your doctor may order this test if you have signs or symptoms of an esophageal infection or disease. You may also have the test if an ongoing infection does not get better with treatment.&lt;/text&gt;</WhytheTestisPerformed><NormalResults>&lt;text&gt;A normal result means that no germs grew in the laboratory dish.&lt;/text&gt;&lt;text&gt;Normal value ranges may vary slightly among different laboratories. Talk to your doctor about the meaning of your specific test results.&lt;/text&gt;</NormalResults><WhatAbnormalResultsMean>&lt;text&gt;An abnormal result means germs grew in the laboratory dish. This is a sign of an infection of the esophagus, which may be due to bacteria, a virus, or a fungus.&lt;/text&gt;</WhatAbnormalResultsMean><AlternativeNames>&lt;detail&gt;Culture - esophageal&lt;/detail&gt;</AlternativeNames><Images><value><img_name>Esophageal tissue culture</img_name><img_url>https://medlineplus.gov/ency/images/ency/fullsize/9303.jpg</img_url></value></Images></item>
<item><title>Erythropoietin test</title><url>https://medlineplus.gov/ency/article/003683.htm</url><HowtoPreparefortheTest>&lt;text&gt;No special preparation is necessary.&lt;/text&gt;</HowtoPreparefortheTest><WhytheTestisPerformed>&lt;text&gt;This test may be used to help determine the cause of anemia, polycythemia (high red blood cell count) or other bone marrow disorders.&lt;/text&gt;&lt;text&gt;A change in red blood cells will affect the release of EPO. For example, people with anemia have too few red blood cells, so more EPO is produced.&lt;/text&gt;</WhytheTestisPerformed><NormalResults>&lt;text&gt;The normal range is 2.6 to 18.5 milliunits per milliliter (mU/mL).&lt;/text&gt;&lt;text&gt;The examples above are common measurements for results of these tests. Normal value ranges may vary slightly among different laboratories. Some labs use different measurements or test different samples. Talk to your health care provider about the meaning of your specific test result.&lt;/text&gt;</NormalResults><WhatAbnormalResultsMean>&lt;text&gt;Increased EPO level may be due to secondary polycythemia. This is an overproduction of red blood cells that occurs in response to an event such as low blood oxygen level. The condition may occur at high altitudes or, rarely, because of a tumor that releases EPO.&lt;/text&gt;&lt;text&gt;Lower-than-normal EPO level may be seen in  chronic kidney failure ,  anemia of chronic disease , or  polycythemia vera .&lt;/text&gt;</WhatAbnormalResultsMean><AlternativeNames>&lt;detail&gt;Serum erythropoietin&lt;/detail&gt;&lt;detail&gt; EPO&lt;/detail&gt;</AlternativeNames></item>
<item><title>Epstein-Barr virus antibody test</title><url>https://medlineplus.gov/ency/article/003513.htm</url><HowtoPreparefortheTest>&lt;text&gt;There is no special preparation for the test.&lt;/text&gt;</HowtoPreparefortheTest><WhytheTestisPerformed>&lt;text&gt;The test is done to detect an infection with the Epstein-Barr virus (EBV). EBV causes mononucleosis or mono. The EBV antibody test detects not only a recent infection, but also one that occurred in the past. It can be used to tell the difference between a recent or previous infection.&lt;/text&gt;&lt;text&gt;Another test for mononucleosis is called the  spot test . It is done when a person has current symptoms of mononucleosis.&lt;/text&gt;</WhytheTestisPerformed><NormalResults>&lt;text&gt;A normal result means no antibodies to EBV were seen in your blood sample. This result means you have never been infected with EBV.&lt;/text&gt;&lt;text&gt;Normal value ranges may vary slightly among different laboratories. Some labs use different measurements or test different samples. Talk to your health care provider about the meaning of your specific test results.&lt;/text&gt;</NormalResults><WhatAbnormalResultsMean>&lt;text&gt;A positive result means there are antibodies to EBV in your blood. This indicates a current or prior infection with EBV.&lt;/text&gt;</WhatAbnormalResultsMean><AlternativeNames>&lt;detail&gt;EBV antibody test&lt;/detail&gt;&lt;detail&gt; EBV serology&lt;/detail&gt;</AlternativeNames><Images><value><img_name>Blood test</img_name><img_url>https://medlineplus.gov/ency/images/ency/fullsize/10026.jpg</img_url></value></Images></item>
<item><title>Eosinophil count - absolute</title><url>https://medlineplus.gov/ency/article/003649.htm</url><HowtoPreparefortheTest>&lt;text&gt;Most of the time, adults do not need to take special steps before this test. Tell your provider the medicines you are taking, including the ones without a prescription. Some drugs may change the test results.&lt;/text&gt;&lt;text&gt;Medicines that may cause you to have an increase in eosinophils include:&lt;/text&gt;&lt;detail&gt;Amphetamines (appetite suppressants)&lt;/detail&gt;&lt;detail&gt;Certain laxatives containing psyllium&lt;/detail&gt;&lt;detail&gt;Certain antibiotics&lt;/detail&gt;&lt;detail&gt;Interferon&lt;/detail&gt;&lt;detail&gt;Tranquilizers&lt;/detail&gt;</HowtoPreparefortheTest><WhytheTestisPerformed>&lt;text&gt;You will have this test to see if you have abnormal results from a  blood differential test.  This test may also be done if the provider thinks you may have a specific disease.&lt;/text&gt;&lt;text&gt;This test may help diagnose:&lt;/text&gt;&lt;detail&gt;Acute hypereosinophilic syndrome (a rare, but sometimes fatal leukemia-like condition)&lt;/detail&gt;&lt;detail&gt;An  allergic reaction  (can also reveal how severe the reaction is)&lt;/detail&gt;&lt;detail&gt;Early stages of  Cushing disease &lt;/detail&gt;&lt;detail&gt;Infection by a parasite &lt;/detail&gt;</WhytheTestisPerformed><NormalResults>&lt;text&gt;Normal eosinophil count is less than 500 cells per microliter (cells/mcL).&lt;/text&gt;&lt;text&gt;Normal value ranges may vary slightly among different laboratories. Talk to your provider about the meaning of your specific test results.&lt;/text&gt;&lt;text&gt;The example above shows the common measurements for results of these tests. Some laboratories use different measurements or may test different specimens.&lt;/text&gt;</NormalResults><WhatAbnormalResultsMean>&lt;text&gt;A high number of eosinophils (eosinophilia) are often linked to a variety of disorders. A high eosinophil count may be due to:&lt;/text&gt;&lt;detail&gt;Allergic disease&lt;/detail&gt;&lt;detail&gt;Parasite infection, such as worms&lt;/detail&gt;&lt;detail&gt;Certain fungus infections&lt;/detail&gt;&lt;detail&gt; Asthma &lt;/detail&gt;&lt;detail&gt; Autoimmune diseases &lt;/detail&gt;&lt;detail&gt; Eczema &lt;/detail&gt;&lt;detail&gt; Hay fever &lt;/detail&gt;&lt;detail&gt;Leukemia and other blood disorders&lt;/detail&gt;&lt;detail&gt;Hypereosinophilic syndrome&lt;br&gt;&lt;/detail&gt;&lt;text&gt;A lower-than-normal eosinophil count may be due to:&lt;/text&gt;&lt;detail&gt;Alcohol intoxication&lt;/detail&gt;&lt;detail&gt;Overproduction of certain steroids in the body (such as cortisol)&lt;/detail&gt;</WhatAbnormalResultsMean><AlternativeNames>&lt;detail&gt;Eosinophils&lt;/detail&gt;&lt;detail&gt; Absolute eosinophil count&lt;/detail&gt;</AlternativeNames><Images><value><img_name>Blood cells</img_name><img_url>https://medlineplus.gov/ency/images/ency/fullsize/9123.jpg</img_url></value></Images></item>
<item><title>Enteroscopy</title><url>https://medlineplus.gov/ency/article/003889.htm</url><HowtoPreparefortheTest>&lt;text&gt;Do not take products containing aspirin for 1 week before the procedure. Tell your health care provider if you take blood thinners such as warfarin (Coumadin) or clopidogrel (Plavix), because these may interfere with the test. Do NOT stop taking any medicine unless told to do so by your provider.&lt;/text&gt;&lt;text&gt;Do not eat any solid foods or milk products after midnight the day of your procedure. You may have clear liquids until 4 hours before your exam.&lt;/text&gt;&lt;text&gt;You must sign a consent form.&lt;/text&gt;</HowtoPreparefortheTest><WhytheTestisPerformed>&lt;text&gt;This test is most often performed to help diagnose diseases of the small intestines. It may be done if you have:&lt;/text&gt;&lt;detail&gt;Abnormal x-ray results&lt;/detail&gt;&lt;detail&gt;Tumors in the small intestines&lt;/detail&gt;&lt;detail&gt;Unexplained diarrhea&lt;/detail&gt;&lt;detail&gt;Unexplained gastrointestinal bleeding&lt;/detail&gt;</WhytheTestisPerformed><NormalResults>&lt;text&gt;In a normal test result, the provider will not find sources of bleeding in the small bowel, and will not find any tumors or other abnormal tissue.&lt;/text&gt;</NormalResults><WhatAbnormalResultsMean>&lt;text&gt;Signs may include:&lt;/text&gt;&lt;detail&gt;Abnormalities of the tissue lining the small intestine (mucosa) or the tiny, finger-like projections on the surface of the small intestine (villi)&lt;/detail&gt;&lt;detail&gt;Abnormal lengthening of blood vessels (angiectasis) in the intestinal lining&lt;/detail&gt;&lt;detail&gt;Immune cells called PAS-positive macrophages&lt;/detail&gt;&lt;detail&gt; Polyps  or cancer&lt;/detail&gt;&lt;detail&gt; Radiation enteritis &lt;/detail&gt;&lt;detail&gt;Swollen or enlarged  lymph nodes  or lymphatic vessels&lt;/detail&gt;&lt;detail&gt;Ulcers&lt;/detail&gt;&lt;text&gt;Changes found on enteroscopy may be signs of disorders and conditions, including:&lt;/text&gt;&lt;detail&gt; Amyloidosis &lt;/detail&gt;&lt;detail&gt; Celiac sprue &lt;/detail&gt;&lt;detail&gt; Crohn disease &lt;/detail&gt;&lt;detail&gt; Folate  or  vitamin B12  deficiency&lt;/detail&gt;&lt;detail&gt; Giardiasis &lt;/detail&gt;&lt;detail&gt;Infectious  gastroenteritis &lt;/detail&gt;&lt;detail&gt; Lymphangiectasia &lt;/detail&gt;&lt;detail&gt; Lymphoma &lt;/detail&gt;&lt;detail&gt;Small intestinal angiectasia&lt;/detail&gt;&lt;detail&gt;Small intestinal cancer&lt;br&gt;&lt;/detail&gt;&lt;detail&gt; Tropical sprue &lt;/detail&gt;&lt;detail&gt; Whipple disease &lt;/detail&gt;</WhatAbnormalResultsMean><AlternativeNames>&lt;detail&gt;Small bowel biopsy&lt;/detail&gt;&lt;detail&gt; Push enteroscopy&lt;/detail&gt;&lt;detail&gt; Double-balloon enteroscopy&lt;/detail&gt;&lt;detail&gt; Capsule enteroscopy&lt;/detail&gt;</AlternativeNames><Images><value><img_name>Small intestine biopsy</img_name><img_url>https://medlineplus.gov/ency/images/ency/fullsize/8927.jpg</img_url></value></Images></item>
<item><title>Enteroclysis</title><url>https://medlineplus.gov/ency/article/003818.htm</url><HowtoPreparefortheTest>&lt;text&gt;Follow your provider's instructions on how to prepare for the test, which may include:&lt;/text&gt;&lt;detail&gt;Drinking clear liquids for at least 24 hours before the test.&lt;/detail&gt;&lt;detail&gt;Not eating or drinking anything for several hours before the test. Your provider will tell you exactly how many hours.&lt;/detail&gt;&lt;detail&gt;Taking laxatives to clear the bowels.&lt;/detail&gt;&lt;detail&gt;Not taking certain medicines. Your provider will tell you which ones. Do NOT stop taking any medicines on your own. Ask your provider first.&lt;/detail&gt;&lt;text&gt;If you are anxious about the procedure, you may be given a sedative before it starts. You will be asked to remove all jewelry and wear a hospital gown. It is best to leave jewelry and other valuables at home. You will be asked to remove any removable dental work, such as appliances, bridges, or retainers.&lt;/text&gt;&lt;text&gt;If you are, or think you're pregnant, tell the provider before the test.&lt;/text&gt;</HowtoPreparefortheTest><WhytheTestisPerformed>&lt;text&gt;This test is performed to examine the small bowel. It is the most complete way of telling if the small intestine is normal.&lt;/text&gt;</WhytheTestisPerformed><NormalResults>&lt;text&gt;There are no problems seen with the size or shape of the small intestine. Contrast travels through the bowel at a normal rate without any sign of blockage.&lt;/text&gt;</NormalResults><WhatAbnormalResultsMean>&lt;text&gt;Many problems of the small intestine can be found with enteroclysis. Some of these include:&lt;/text&gt;&lt;detail&gt;Inflammation of the small bowel (such as  Crohn disease )&lt;/detail&gt;&lt;detail&gt;   Small bowel isn't absorbing nutrients normally ( malabsorption )&lt;/detail&gt;&lt;detail&gt; Narrowing or stricture of the intestine &lt;/detail&gt;&lt;detail&gt; Small bowel blockage &lt;/detail&gt;&lt;detail&gt;Tumors of the small intestine &lt;/detail&gt;</WhatAbnormalResultsMean><AlternativeNames>&lt;detail&gt;Small bowel enema&lt;/detail&gt;&lt;detail&gt; CT enteroclysis&lt;/detail&gt;&lt;detail&gt; Small bowel follow-through&lt;/detail&gt;&lt;detail&gt; Barium enteroclysis&lt;/detail&gt;&lt;detail&gt; MR enteroclysis&lt;/detail&gt;</AlternativeNames><Images><value><img_name>Small intestine contrast injection</img_name><img_url>https://medlineplus.gov/ency/images/ency/fullsize/9297.jpg</img_url></value></Images></item>
<item><title>Endoscopy</title><url>https://medlineplus.gov/ency/article/003338.htm</url><HowtoPreparefortheTest>&lt;text&gt;Preparation for the procedure varies depending on the test. For example, there is no preparation needed for anoscopy. But a special diet and laxatives are needed to prepare for a colonoscopy. Follow your health care provider's instructions.&lt;/text&gt;</HowtoPreparefortheTest><WhytheTestisPerformed>&lt;text&gt;Each endoscopy test is done for different reasons. Endoscopy is often used to examine and treat parts of the digestive tract, such as:&lt;/text&gt;&lt;detail&gt; Anoscopy  views the inside of the anus, the very lowest part of the colon.&lt;/detail&gt;&lt;detail&gt; Colonoscopy  views the inside of the colon (large intestine) and rectum.&lt;/detail&gt;&lt;detail&gt; Enteroscopy  views the small intestine (small bowel).&lt;/detail&gt;&lt;detail&gt; ERCP  (endoscopic retrograde cholangiopancreatography) views the biliary tract, small tubes that drain the gallbladder, liver, and pancreas.&lt;/detail&gt;&lt;detail&gt; Sigmoidoscopy  views the inside the sigmoid colon and rectum.&lt;/detail&gt;&lt;detail&gt; Upper endoscopy  (or EGD) views the lining of the esophagus, stomach, and first part of the small intestine.&lt;/detail&gt;&lt;detail&gt; Bronchoscopy  is used to look in the airways and lungs.&lt;/detail&gt;&lt;detail&gt; Cystoscopy  is used to view the inside of the bladder. The scope is passed through the opening of the urethra.&lt;/detail&gt;&lt;detail&gt; Laparoscopy  is used to look directly at the ovaries, appendix, or other abdominal organs. The scope is inserted through small surgical cuts in the pelvic or belly area. Tumors or organs in the abdomen or pelvis can be removed. &lt;/detail&gt;&lt;text&gt;Arthroscopy is used to look directly in the joints, such as the  knee . The scope is inserted through small surgical cuts around the joint. Problems with bones, tendons, ligaments can be treated.&lt;/text&gt;</WhytheTestisPerformed><Images><value><img_name>Colonoscopy</img_name><img_url>https://medlineplus.gov/ency/images/ency/fullsize/1083.jpg</img_url></value></Images></item>
<item><title>Endoscopic ultrasound</title><url>https://medlineplus.gov/ency/article/007646.htm</url><HowtoPreparefortheTest>&lt;text&gt;Your health care provider will tell you what to do. You will be told when to stop drinking and eating before the test.&lt;/text&gt;&lt;text&gt;Give your provider a list of all the medicines you take (prescription and over-the-counter), herbs, and supplements. You will be told when you can take these. Some need to be stopped a week before the test. Ask your provider which medicines you should take on the morning of surgery. &lt;/text&gt;&lt;text&gt;Since you will not be able to drive or return to work on the day of this test, you will need someone to take you home.&lt;/text&gt;</HowtoPreparefortheTest><WhytheTestisPerformed>&lt;text&gt;You may have this test to:&lt;/text&gt;&lt;detail&gt;Find the cause of  abdominal pain &lt;/detail&gt;&lt;detail&gt;Find the cause of  weight loss &lt;/detail&gt;&lt;detail&gt;Diagnose diseases of the pancreas, bile duct, and gallbladder&lt;/detail&gt;&lt;detail&gt;Guide a biopsy of tumors, lymph nodes, and other tissue&lt;/detail&gt;&lt;detail&gt;Look at cysts, tumors, and cancers&lt;/detail&gt;&lt;detail&gt;Look for stones in the bile duct &lt;/detail&gt;&lt;text&gt;This test can also stage cancers of the:&lt;/text&gt;&lt;detail&gt; Esophagus &lt;/detail&gt;&lt;detail&gt; Stomach &lt;/detail&gt;&lt;detail&gt; Pancreas &lt;/detail&gt;&lt;detail&gt; Rectum &lt;/detail&gt;</WhytheTestisPerformed><NormalResults>&lt;text&gt;The organs will appear normal.&lt;/text&gt;</NormalResults><WhatAbnormalResultsMean>&lt;text&gt;The results depend on what is found during the test. If you DO NOT understand the results, or have questions or concerns, talk to your provider.&lt;/text&gt;</WhatAbnormalResultsMean><Images><value><img_name>Digestive system</img_name><img_url>https://medlineplus.gov/ency/images/ency/fullsize/1090.jpg</img_url></value></Images></item>
<item><title>Endometrial biopsy</title><url>https://medlineplus.gov/ency/article/003917.htm</url><HowtoPreparefortheTest>&lt;text&gt;Before the test:&lt;/text&gt;&lt;detail&gt;Tell your provider about all the medicines you take. These include blood thinners such as warfarin, clopidogrel, and aspirin.&lt;/detail&gt;&lt;detail&gt;You may be asked to have a test to make sure you are not pregnant.&lt;/detail&gt;&lt;detail&gt;In the 2 days before the procedure, do not use creams or other medicines in the vagina.&lt;/detail&gt;&lt;detail&gt;Do NOT douche. (You should never douche. Douching can cause infection of the vagina or uterus.)&lt;/detail&gt;&lt;detail&gt;Ask your provider if you should take pain medicine, such as ibuprofen or acetaminophen, just before the procedure. &lt;/detail&gt;</HowtoPreparefortheTest><WhytheTestisPerformed>&lt;text&gt;The test is done to find the cause of:&lt;/text&gt;&lt;detail&gt;Abnormal menstrual periods (heavy, prolonged, or irregular bleeding)&lt;/detail&gt;&lt;detail&gt;Bleeding after  menopause &lt;/detail&gt;&lt;detail&gt;Bleeding from taking hormone therapy medicines&lt;/detail&gt;&lt;detail&gt;Thickened uterine lining seen on ultrasound&lt;/detail&gt;&lt;detail&gt; Endometrial cancer &lt;/detail&gt;</WhytheTestisPerformed><NormalResults>&lt;text&gt;The biopsy is normal if the cells in the sample are not abnormal.&lt;/text&gt;</NormalResults><WhatAbnormalResultsMean>&lt;text&gt;Abnormal menstrual periods may be caused by:&lt;/text&gt;&lt;detail&gt; Uterine fibroids &lt;/detail&gt;&lt;detail&gt;Fingerlike growths in the uterus (uterine polyps)&lt;/detail&gt;&lt;detail&gt;Infection&lt;/detail&gt;&lt;detail&gt;Hormone imbalance&lt;/detail&gt;&lt;detail&gt;Endometrial cancer or precancer ( hyperplasia )&lt;/detail&gt;&lt;text&gt;Other conditions under which the test may be performed:&lt;/text&gt;&lt;detail&gt;Abnormal bleeding if a woman is taking the breast cancer medicine tamoxifen&lt;/detail&gt;&lt;detail&gt;Abnormal bleeding due to changes in hormone levels ( anovulatory bleeding )&lt;/detail&gt;</WhatAbnormalResultsMean><AlternativeNames>&lt;detail&gt;Biopsy - endometrium&lt;/detail&gt;</AlternativeNames><Images><value><img_name>Pelvic laparoscopy</img_name><img_url>https://medlineplus.gov/ency/images/ency/fullsize/1109.jpg</img_url></value><value><img_name>Female reproductive anatomy</img_name><img_url>https://medlineplus.gov/ency/images/ency/fullsize/1112.jpg</img_url></value><value><img_name>Endometrial biopsy</img_name><img_url>https://medlineplus.gov/ency/images/ency/fullsize/17059.jpg</img_url></value><value><img_name>Uterus</img_name><img_url>https://medlineplus.gov/ency/images/ency/fullsize/19263.jpg</img_url></value><value><img_name>Endometrial biopsy</img_name><img_url>https://medlineplus.gov/ency/images/ency/fullsize/9638.jpg</img_url></value></Images></item>
<item><title>Endocervical Gram stain</title><url>https://medlineplus.gov/ency/article/003753.htm</url><HowtoPreparefortheTest>&lt;text&gt;DO NOT douche for 24 hours before the procedure.&lt;/text&gt;</HowtoPreparefortheTest><WhytheTestisPerformed>&lt;text&gt;This test is used to detect and identify abnormal bacteria in the cervix area. If you develop signs of an infection or think that you have a sexually transmitted disease (such as gonorrhea), this test can help confirm the diagnosis. It can also identify the germ that is causing the infection. &lt;/text&gt;&lt;text&gt;This test is rarely done because it has been replaced with more accurate ones.&lt;/text&gt;</WhytheTestisPerformed><NormalResults>&lt;text&gt;A normal result means no abnormal bacteria are seen in the sample. &lt;/text&gt;&lt;text&gt;Normal value ranges may vary slightly among different laboratories. Some labs use different measurements or test different samples. Talk to your provider about the meaning of your specific test results.&lt;/text&gt;</NormalResults><WhatAbnormalResultsMean>&lt;text&gt;Abnormal result may indicate:&lt;/text&gt;&lt;detail&gt;Bacterial vaginosis&lt;/detail&gt;&lt;detail&gt; Chlamydia &lt;/detail&gt;&lt;detail&gt; Gonorrhea &lt;/detail&gt;&lt;detail&gt; Yeast infection &lt;/detail&gt;&lt;text&gt;The test may also be performed for  gonococcal arthritis , to determine the site of the initial infection.&lt;/text&gt;</WhatAbnormalResultsMean><AlternativeNames>&lt;detail&gt;Gram stain of cervix&lt;/detail&gt;&lt;detail&gt; Gram stain of cervical secretions&lt;/detail&gt;</AlternativeNames></item>
<item><title>Endocervical culture</title><url>https://medlineplus.gov/ency/article/003754.htm</url><HowtoPreparefortheTest>&lt;text&gt;In the 2 days before the procedure: &lt;/text&gt;&lt;detail&gt;Do NOT use creams or other medicines in the vagina. &lt;/detail&gt;&lt;detail&gt;Do NOT douche. (You should never douche. Douching can cause infection of the vagina or uterus.)&lt;/detail&gt;&lt;detail&gt;Empty your bladder and bowel.&lt;/detail&gt;&lt;detail&gt;At your provider’s office, follow instructions for preparing for the vaginal exam.&lt;/detail&gt;</HowtoPreparefortheTest><WhytheTestisPerformed>&lt;text&gt;The test may be done to determine the cause of  vaginitis , pelvic pain, an unusual  vaginal discharge , or other signs of infection.&lt;/text&gt;</WhytheTestisPerformed><NormalResults>&lt;text&gt;Organisms that are usually present in the vagina are there in the expected amounts.&lt;/text&gt;</NormalResults><WhatAbnormalResultsMean>&lt;text&gt;Abnormal results indicate the presence of an infection in the genital tract or urinary tract in women, such as:&lt;/text&gt;&lt;detail&gt; Genital herpes &lt;/detail&gt;&lt;detail&gt;Chronic swelling and irritation of the urethra ( urethritis )&lt;/detail&gt;&lt;detail&gt;Sexually transmitted infections, such as  gonorrhea  or  chlamydia &lt;/detail&gt;&lt;detail&gt; Pelvic inflammatory disaese  (PID) &lt;/detail&gt;</WhatAbnormalResultsMean><AlternativeNames>&lt;detail&gt;Vaginal culture&lt;/detail&gt;&lt;detail&gt; Female genital tract culture&lt;/detail&gt;&lt;detail&gt; Culture - cervix&lt;/detail&gt;</AlternativeNames><Images><value><img_name>Female reproductive anatomy</img_name><img_url>https://medlineplus.gov/ency/images/ency/fullsize/1112.jpg</img_url></value><value><img_name>Uterus</img_name><img_url>https://medlineplus.gov/ency/images/ency/fullsize/19263.jpg</img_url></value></Images></item>
<item><title>ELISA blood test</title><url>https://medlineplus.gov/ency/article/003332.htm</url><HowtoPreparefortheTest>&lt;text&gt;No special preparation is needed.&lt;/text&gt;</HowtoPreparefortheTest><WhytheTestisPerformed>&lt;text&gt;This test is often used to see if you have been exposed to viruses or other substances that cause infection. It is also used to screen for current or past infections.&lt;/text&gt;</WhytheTestisPerformed><NormalResults>&lt;text&gt;Normal values depend on the type of substance being identified. Some laboratories use different measurements or test different samples. Normal value ranges may vary slightly among different laboratories. Talk to your health care provider about the meaning of your specific test results.&lt;/text&gt;</NormalResults><WhatAbnormalResultsMean>&lt;text&gt;Abnormal values depend on the type of substance being identified. In some people, a positive result may be normal.&lt;/text&gt;</WhatAbnormalResultsMean><AlternativeNames>&lt;detail&gt;Enzyme-linked immunoassay&lt;/detail&gt;&lt;detail&gt; EIA&lt;/detail&gt;</AlternativeNames><Images><value><img_name>Blood test</img_name><img_url>https://medlineplus.gov/ency/images/ency/fullsize/10026.jpg</img_url></value></Images></item>
<item><title>Electroretinography</title><url>https://medlineplus.gov/ency/article/003388.htm</url><HowtoPreparefortheTest>&lt;text&gt;No special preparation is necessary for this test.&lt;/text&gt;</HowtoPreparefortheTest><WhytheTestisPerformed>&lt;text&gt;This test is done to detect disorders of the retina. It is also useful for determining if retinal surgery is recommended.&lt;/text&gt;</WhytheTestisPerformed><NormalResults>&lt;text&gt;Normal test results will show a normal A and B pattern in response to each flash.&lt;/text&gt;</NormalResults><WhatAbnormalResultsMean>&lt;text&gt;The following conditions may cause abnormal results:&lt;/text&gt;&lt;detail&gt; Arteriosclerosis  with damage to the retina&lt;/detail&gt;&lt;detail&gt;Congenital night blindness&lt;/detail&gt;&lt;detail&gt;Congenital retinoschisis (splitting of the retinal layers)&lt;/detail&gt;&lt;detail&gt; Giant cell arteritis &lt;/detail&gt;&lt;detail&gt;Medicines (chloroquine, hydroxychloroquine)&lt;/detail&gt;&lt;detail&gt; Mucopolysaccharidosis &lt;/detail&gt;&lt;detail&gt; Retinal detachment &lt;/detail&gt;&lt;detail&gt;Rod-cone dystrophy  (retinitis pigmentosa) &lt;/detail&gt;&lt;detail&gt;Trauma&lt;/detail&gt;&lt;detail&gt; Vitamin A deficiency &lt;/detail&gt;</WhatAbnormalResultsMean><AlternativeNames>&lt;detail&gt;ERG&lt;/detail&gt;&lt;detail&gt; Electrophysiologic testing&lt;/detail&gt;</AlternativeNames><Images><value><img_name>Contact lens electrode on eye</img_name><img_url>https://medlineplus.gov/ency/images/ency/fullsize/8781.jpg</img_url></value></Images></item>
<item><title>Electronystagmography</title><url>https://medlineplus.gov/ency/article/003448.htm</url><HowtoPreparefortheTest>&lt;text&gt;Most of the time, you do not need to take special steps before this test.&lt;/text&gt;&lt;detail&gt;Your provider will tell you if you need to stop taking any medicines before you have this test.&lt;/detail&gt;&lt;detail&gt;DO NOT stop or change your medicines without talking to your provider first.&lt;/detail&gt;</HowtoPreparefortheTest><WhytheTestisPerformed>&lt;text&gt;The test is used to determine whether a balance or nerve disorder is the cause of dizziness or vertigo.&lt;/text&gt;&lt;text&gt;You may have this test if you have:&lt;/text&gt;&lt;detail&gt;Dizziness or vertigo&lt;/detail&gt;&lt;detail&gt;Hearing loss&lt;/detail&gt;&lt;detail&gt;Possible damage to the inner ear from certain medicines &lt;/detail&gt;</WhytheTestisPerformed><NormalResults>&lt;text&gt;Certain eye movements should occur after the warm or cold water or air is placed into your ears.&lt;/text&gt;&lt;text&gt;Note: Normal value ranges may vary slightly among different laboratories. Talk to your provider about the meaning of your specific test results.&lt;/text&gt;</NormalResults><WhatAbnormalResultsMean>&lt;text&gt;Abnormal results may be a sign of damage to the nerve of the inner ear or other parts of the brain that control eye movements.&lt;/text&gt;&lt;text&gt;Any disease or injury that damages the acoustic nerve can cause vertigo. This may include:&lt;/text&gt;&lt;detail&gt;Blood vessel disorders with bleeding (hemorrhage), clots, or  atherosclerosis  of the blood supply of the ear&lt;/detail&gt;&lt;detail&gt; Cholesteatoma  and other  ear tumors &lt;/detail&gt;&lt;detail&gt;Congenital disorders&lt;/detail&gt;&lt;detail&gt;Injury&lt;/detail&gt;&lt;detail&gt;Medicines that are toxic to the ear nerves, including aminoglycoside antibiotics, some antimalarial drugs, loop diuretics, and salicylates&lt;/detail&gt;&lt;detail&gt;Multiple sclerosis&lt;/detail&gt;&lt;detail&gt;Movement disorders such as progressive supranuclear palsy&lt;/detail&gt;&lt;detail&gt; Rubella &lt;/detail&gt;&lt;detail&gt;Some poisons &lt;/detail&gt;&lt;text&gt;Additional conditions under which the test may be performed:&lt;/text&gt;&lt;detail&gt; Acoustic neuroma &lt;/detail&gt;&lt;detail&gt; Benign positional vertigo &lt;/detail&gt;&lt;detail&gt; Labyrinthitis &lt;/detail&gt;&lt;detail&gt; Meniere disease &lt;/detail&gt;</WhatAbnormalResultsMean><AlternativeNames>&lt;detail&gt;ENG&lt;/detail&gt;</AlternativeNames></item>
<item><title>Electromyography</title><url>https://medlineplus.gov/ency/article/003929.htm</url><HowtoPreparefortheTest>&lt;text&gt;No special preparation is usually necessary. Avoid using any creams or lotions on the day of the test.&lt;/text&gt;&lt;text&gt;Body temperature can affect the results of this test. If it is extremely cold outside, you may be told to wait in a warm room for a while before the test is performed.&lt;/text&gt;&lt;text&gt;If you are taking blood thinners or anticoagulants, inform the provider performing the test before it is done.&lt;/text&gt;</HowtoPreparefortheTest><WhytheTestisPerformed>&lt;text&gt;EMG is most often used when a person has symptoms of weakness, pain, or abnormal sensation. It can help tell the difference between muscle weakness caused by the injury of a nerve attached to a muscle, and weakness due to nervous system disorders, such as muscle diseases.&lt;/text&gt;</WhytheTestisPerformed><NormalResults>&lt;text&gt;There is normally very little electrical activity in a muscle while at rest. Inserting the needles can cause some electrical activity, but once the muscles quiet down, there should be little electrical activity detected.&lt;/text&gt;&lt;text&gt;When you flex a muscle, activity begins to appear. As you contract your muscle more, the electrical activity increases and a pattern can be seen. This pattern helps your doctor determine if the muscle is responding as it should.&lt;/text&gt;</NormalResults><WhatAbnormalResultsMean>&lt;text&gt;An EMG can detect problems with your muscles during rest or activity. Disorders or conditions that cause abnormal results include the following:&lt;/text&gt;&lt;detail&gt; Alcoholic neuropathy  (damage to nerves from drinking too much alcohol)&lt;/detail&gt;&lt;detail&gt; Amyotrophic lateral sclerosis  (ALS; disease of the nerve cells in the brain and spinal cord that control muscle movement)&lt;/detail&gt;&lt;detail&gt; Axillary nerve dysfunction  (damage of the nerve that controls shoulder movement and sensation)&lt;/detail&gt;&lt;detail&gt; Becker muscular dystrophy  (muscle weakness of the legs and pelvis)&lt;/detail&gt;&lt;detail&gt; Brachial plexopathy  (problem affecting the set of nerves that leave the neck and enter the arm)&lt;/detail&gt;&lt;detail&gt; Carpal tunnel syndrome  (problem affecting the median nerve in the wrist and hand)&lt;/detail&gt;&lt;detail&gt; Cubital tunnel syndrome  (problem affecting the ulnar nerve in the elbow)&lt;/detail&gt;&lt;detail&gt; Cervical spondylosis  (neck pain from wear on the disks and bones of the neck)&lt;/detail&gt;&lt;detail&gt; Common peroneal nerve dysfunction  (damage of the peroneal nerve leading to loss of movement or sensation in the foot and leg)&lt;/detail&gt;&lt;detail&gt;Denervation (reduced nerve stimulation of a muscle)&lt;/detail&gt;&lt;detail&gt; Dermatomyositis  (muscle disease that involves inflammation and a skin rash)&lt;/detail&gt;&lt;detail&gt; Distal median nerve dysfunction  (problem affecting the median nerve in the arm)&lt;/detail&gt;&lt;detail&gt; Duchenne muscular dystrophy  (inherited disease that involves muscle weakness)&lt;/detail&gt;&lt;detail&gt; Facioscapulohumeral muscular dystrophy  (Landouzy-Dejerine; disease of muscle weakness and loss of muscle tissue)&lt;/detail&gt;&lt;detail&gt; Familial periodic paralysis  (disorder that causes muscle weakness and sometimes a lower than normal level of potassium in the blood)&lt;/detail&gt;&lt;detail&gt; Femoral nerve dysfunction  (loss of movement or sensation in parts of the legs due to damage to the femoral nerve)&lt;/detail&gt;&lt;detail&gt; Friedreich ataxia  (inherited disease that affects areas in the brain and spinal cord that control coordination, muscle movement, and other functions)&lt;/detail&gt;&lt;detail&gt; Guillain-Barré  syndrome (autoimmune disorder of the nerves that leads to muscle weakness or paralysis)&lt;/detail&gt;&lt;detail&gt; Lambert-Eaton syndrome  (autoimmune disorder of the nerves that causes muscle weakness)&lt;/detail&gt;&lt;detail&gt; Multiple mononeuropathy  (a nervous system disorder that involves damage to at least 2 separate nerve areas)&lt;/detail&gt;&lt;detail&gt; Mononeuropathy  (damage to a single nerve that results in loss of movement, sensation, or other function of that nerve)&lt;/detail&gt;&lt;detail&gt;Myopathy (muscle degeneration caused by a number of disorders, including  muscular dystrophy )&lt;/detail&gt;&lt;detail&gt; Myasthenia gravis  (autoimmune disorder of the nerves that causes weakness of the voluntary muscles)&lt;/detail&gt;&lt;detail&gt; Peripheral neuropathy  (damage of nerves away from the brain and spinal cord)&lt;/detail&gt;&lt;detail&gt; Polymyositis  (muscle weakness, swelling, tenderness, and tissue damage of the skeletal muscles)&lt;/detail&gt;&lt;detail&gt; Radial nerve dysfunction  (damage of the radial nerve causing loss of movement or sensation in the back of the arm or hand)&lt;/detail&gt;&lt;detail&gt; Sciatic nerve dysfunction  (injury to or pressure on the sciatic nerve that causes weakness, numbness, or tingling in the leg)&lt;/detail&gt;&lt;detail&gt; Sensorimotor polyneuropathy  (condition that causes a decreased ability to move or feel because of nerve damage)&lt;/detail&gt;&lt;detail&gt; Shy-Drager syndrome  (nervous system disease that causes bodywide symptoms)&lt;/detail&gt;&lt;detail&gt; Thyrotoxic periodic paralysis  (muscle weakness from high levels of thyroid hormone)&lt;/detail&gt;&lt;detail&gt; Tibial nerve dysfunction  (damage of the tibial nerve causing loss of movement or sensation in the foot)&lt;/detail&gt;</WhatAbnormalResultsMean><AlternativeNames>&lt;detail&gt;EMG&lt;/detail&gt;&lt;detail&gt; Myogram&lt;/detail&gt;&lt;detail&gt; Electromyogram&lt;/detail&gt;</AlternativeNames><Images><value><img_name>Electromyography</img_name><img_url>https://medlineplus.gov/ency/images/ency/fullsize/9741.jpg</img_url></value></Images></item>
<item><title>EGD - esophagogastroduodenoscopy</title><url>https://medlineplus.gov/ency/article/003888.htm</url><HowtoPreparefortheTest>&lt;text&gt;You will not be able to eat anything for 6 to 12 hours before the test. Follow instructions about stopping aspirin and other blood-thinning medicines before the test.&lt;/text&gt;</HowtoPreparefortheTest><WhytheTestisPerformed>&lt;text&gt;EGD may be done if you have symptoms that are new, cannot be explained, or are not responding to treatment, such as:&lt;/text&gt;&lt;detail&gt;Black or tarry stools or  vomiting blood &lt;/detail&gt;&lt;detail&gt;Bringing food back up (regurgitation)&lt;/detail&gt;&lt;detail&gt;Feeling full sooner than normal or after eating less than usual&lt;/detail&gt;&lt;detail&gt;Feeling like food is stuck behind the breastbone&lt;/detail&gt;&lt;detail&gt; Heartburn &lt;/detail&gt;&lt;detail&gt;Low blood count ( anemia ) that cannot be explained&lt;/detail&gt;&lt;detail&gt;Pain or discomfort in the upper abdomen&lt;/detail&gt;&lt;detail&gt;Swallowing problems or pain with swallowing&lt;/detail&gt;&lt;detail&gt;Weight loss that cannot be explained&lt;/detail&gt;&lt;detail&gt;Nausea or vomiting that does not go away &lt;/detail&gt;&lt;text&gt;Your doctor may also order this test if you:&lt;/text&gt;&lt;detail&gt;Have  cirrhosis  of the liver, to look for swollen veins (called varices) in the walls of the lower part of the esophagus, which may begin to bleed&lt;/detail&gt;&lt;detail&gt;Have  Crohn disease &lt;/detail&gt;&lt;detail&gt;Need more follow-up or treatment for a condition that has been diagnosed &lt;/detail&gt;&lt;text&gt;The test may also be used to take a piece of tissue for biopsy.&lt;/text&gt;</WhytheTestisPerformed><NormalResults>&lt;text&gt;The esophagus, stomach, and duodenum should be smooth and of normal color. There should be no bleeding, growths, ulcers, or inflammation.&lt;/text&gt;</NormalResults><WhatAbnormalResultsMean>&lt;text&gt;An abnormal EGD may be the result of:&lt;/text&gt;&lt;detail&gt; Celiac disease  (damage to the lining of the small intestine from a reaction to eating gluten)&lt;/detail&gt;&lt;detail&gt;Esophageal varices (swollen veins in the lining of the esophagus caused by  liver cirrhosis )&lt;/detail&gt;&lt;detail&gt; Esophagitis  (lining of the esophagus becomes inflamed or swollen)&lt;/detail&gt;&lt;detail&gt; Gastritis  (lining of the stomach and duodenum is inflamed or swollen)&lt;/detail&gt;&lt;detail&gt; Gastroesophageal reflux disease  (a condition in which food or liquid from the stomach leaks backwards into the esophagus)&lt;/detail&gt;&lt;detail&gt; Hiatal hernia  (a condition in which part of the stomach sticks up into the chest through an opening in the diaphragm)&lt;/detail&gt;&lt;detail&gt; Mallory-Weiss syndrome  (tear in the esophagus)&lt;/detail&gt;&lt;detail&gt;Narrowing of the esophagus, such as from a condition called  esophageal ring &lt;/detail&gt;&lt;detail&gt;Tumors or cancer in the esophagus, stomach, or duodenum (first part of small intestine)&lt;/detail&gt;&lt;detail&gt; Ulcers , gastric (stomach) or duodenal (small intestine) &lt;/detail&gt;</WhatAbnormalResultsMean><AlternativeNames>&lt;detail&gt;Esophagogastroduodenoscopy&lt;/detail&gt;&lt;detail&gt; Upper endoscopy&lt;/detail&gt;&lt;detail&gt; Gastroscopy&lt;/detail&gt;</AlternativeNames><Images><value><img_name>Gastric endoscopy</img_name><img_url>https://medlineplus.gov/ency/images/ency/fullsize/8773.jpg</img_url></value></Images></item>
<item><title>EEG</title><url>https://medlineplus.gov/ency/article/003931.htm</url><HowtoPreparefortheTest>&lt;text&gt;Wash your hair the night before the test. DO NOT use conditioner, oils, sprays, or gel on your hair. If you have a hair weave, ask your health care provider for special instructions.&lt;/text&gt;&lt;text&gt;Your provider may want you to stop taking certain medicines before the test. DO NOT change or stop taking any medicines without first talking to your provider. Bring a list of your medicines with you.&lt;/text&gt;&lt;text&gt;Avoid all food and drinks containing caffeine for 8 hours before the test.&lt;/text&gt;&lt;text&gt;You may need to sleep during the test. If so, you may be asked to reduce your sleep time the night before. If you are asked to sleep as little as possible before the test, DO NOT eat or drink any caffeine, energy drinks, or other products that help you stay awake.&lt;/text&gt;&lt;text&gt;Follow any other specific instructions you are given.&lt;/text&gt;</HowtoPreparefortheTest><WhytheTestisPerformed>&lt;text&gt;Brain cells communicate with each other by producing tiny electrical signals, called impulses. An EEG measures this activity. It can be used to diagnose or monitor the following health conditions:&lt;/text&gt;&lt;detail&gt; Seizures  and  epilepsy &lt;/detail&gt;&lt;detail&gt;Abnormal changes in body chemistry that affect the brain&lt;/detail&gt;&lt;detail&gt;Brain diseases, such as  Alzheimer disease &lt;/detail&gt;&lt;detail&gt; Confusion &lt;/detail&gt;&lt;detail&gt;Fainting spells or periods of memory loss that cannot be explained otherwise&lt;/detail&gt;&lt;detail&gt; Head injuries &lt;/detail&gt;&lt;detail&gt;Infections&lt;/detail&gt;&lt;detail&gt;Tumors &lt;/detail&gt;&lt;text&gt;EEG is also used to:&lt;/text&gt;&lt;detail&gt;Evaluate problems with sleep ( sleep disorders )&lt;/detail&gt;&lt;detail&gt;Monitor the brain during brain surgery &lt;/detail&gt;&lt;text&gt;An EEG may be done to show that the brain has no activity, in the case of someone who is in a deep coma. It can be helpful when trying to decide if a person is brain dead.&lt;/text&gt;&lt;text&gt;EEG cannot be used to measure intelligence.&lt;/text&gt;</WhytheTestisPerformed><NormalResults>&lt;text&gt;Brain electrical activity has a certain number of waves per second (frequencies) that are normal for different levels of alertness. For example, brain waves are faster when you are awake, and slower in certain stages of sleep.&lt;/text&gt;&lt;text&gt;There are also normal patterns to these waves. &lt;/text&gt;&lt;text&gt;Note: A normal EEG does not mean that a seizure did not occur.&lt;/text&gt;</NormalResults><WhatAbnormalResultsMean>&lt;text&gt;Abnormal results on an EEG test may be due to:&lt;/text&gt;&lt;detail&gt;Abnormal bleeding (hemorrhage)&lt;/detail&gt;&lt;detail&gt;An abnormal structure in the brain (such as a  brain tumor )&lt;/detail&gt;&lt;detail&gt;Tissue death due to a blockage in blood flow (cerebral infarction)&lt;/detail&gt;&lt;detail&gt;Drug or alcohol abuse&lt;/detail&gt;&lt;detail&gt;Head injury&lt;/detail&gt;&lt;detail&gt;Migraines (in some cases)&lt;/detail&gt;&lt;detail&gt;Seizure disorder (such as epilepsy)&lt;/detail&gt;&lt;detail&gt;Sleep disorder (such as  narcolepsy )&lt;/detail&gt;&lt;detail&gt;Swelling of the brain (edema) &lt;/detail&gt;</WhatAbnormalResultsMean><AlternativeNames>&lt;detail&gt;Electroencephalogram&lt;/detail&gt;&lt;detail&gt; Brain wave test&lt;/detail&gt;&lt;detail&gt; Epilepsy - EEG&lt;/detail&gt;&lt;detail&gt; Seizure - EEG&lt;/detail&gt;</AlternativeNames><Images><value><img_name>Brain</img_name><img_url>https://medlineplus.gov/ency/images/ency/fullsize/1074.jpg</img_url></value><value><img_name>Brain wave monitor</img_name><img_url>https://medlineplus.gov/ency/images/ency/fullsize/8730.jpg</img_url></value></Images></item>
<item><title>Echocardiogram - children</title><url>https://medlineplus.gov/ency/article/007669.htm</url><HowtoPreparefortheTest>&lt;text&gt;You can take these steps to prepare your child before the procedure:&lt;/text&gt;&lt;detail&gt;Do not allow your child to eat or drink anything prior to having a TEE.&lt;/detail&gt;&lt;detail&gt;Do not use any cream or oil on your child before the exam.&lt;/detail&gt;&lt;detail&gt;Explain the test in detail to older children so they understand that they should remain still during the test.&lt;/detail&gt;&lt;detail&gt;Younger children less than 4 years of age may need medicine (sedation) to help them stay still for clearer pictures.&lt;/detail&gt;&lt;detail&gt;Give children older than 4 a toy to hold or have them watch videos to help them stay calm and still during the test.&lt;/detail&gt;</HowtoPreparefortheTest><WhytheTestisPerformed>&lt;text&gt;This test is done to examine the function, heart valves, major blood vessels, and chambers of a child's heart from outside of the body.&lt;/text&gt;&lt;detail&gt;Your child may have signs or symptoms of heart problems.&lt;/detail&gt;&lt;detail&gt;These may include shortness of breath, poor growth, leg swelling, heart murmur, bluish color around the lips when crying, chest pains, unexplained fever, or germs growing in a blood culture test.&lt;/detail&gt;&lt;text&gt;Your child may have an increased risk for heart problems due to an abnormal genetic test or other birth defects that are present.&lt;/text&gt;&lt;text&gt;The provider may recommend a TEE if:&lt;/text&gt;&lt;detail&gt;The TTE is unclear. Unclear results may be due to the shape of the child's chest, lung disease, or excess body fat.&lt;/detail&gt;&lt;detail&gt;An area of the heart needs to be looked at in more detail.&lt;/detail&gt;</WhytheTestisPerformed><NormalResults>&lt;text&gt;A normal result means that there are no defects in the heart valves or chambers and there is normal heart wall movement.&lt;/text&gt;</NormalResults><WhatAbnormalResultsMean>&lt;text&gt;An abnormal echocardiogram in a child can mean many things. Some abnormal findings are very minor and do not pose major risks. Others are signs of serious heart disease. In this case, the child will need more tests by a specialist. It is very important to talk about the results of the echocardiogram with your child's provider.&lt;/text&gt;&lt;text&gt;The echocardiogram can help detect:&lt;/text&gt;&lt;detail&gt;Abnormal heart valves&lt;/detail&gt;&lt;detail&gt;Abnormal heart rhythms&lt;/detail&gt;&lt;detail&gt; Birth defects of the heart &lt;/detail&gt;&lt;detail&gt;Inflammation ( pericarditis ) or fluid in the sac around the heart (pericardial effusion)&lt;/detail&gt;&lt;detail&gt; Infection on or around the heart valves &lt;/detail&gt;&lt;detail&gt; High blood pressure in the blood vessels to the lungs &lt;/detail&gt;&lt;detail&gt;How well the heart can pump&lt;/detail&gt;&lt;detail&gt;Source of a blood clot after a  stroke  or TIA &lt;/detail&gt;</WhatAbnormalResultsMean><AlternativeNames>&lt;detail&gt;Transthoracic echocardiogram (TTE) - children&lt;/detail&gt;&lt;detail&gt; Echocardiogram - transthoracic - children&lt;/detail&gt;&lt;detail&gt; Doppler ultrasound of the heart - children&lt;/detail&gt;&lt;detail&gt; Surface echo - children&lt;/detail&gt;</AlternativeNames></item>
<item><title>Echocardiogram</title><url>https://medlineplus.gov/ency/article/003869.htm</url><HowtoPreparefortheTest>&lt;text&gt;No special steps are needed before a TTE test. If you are having a TEE, you will not be able to eat or drink for several hours before the test.&lt;/text&gt;</HowtoPreparefortheTest><WhytheTestisPerformed>&lt;text&gt;This test is done to evaluate the valves and chambers of the heart from the outside of your body. The echocardiogram can help detect:&lt;/text&gt;&lt;detail&gt;Abnormal heart valves&lt;/detail&gt;&lt;detail&gt;Abnormal heart rhythms&lt;/detail&gt;&lt;detail&gt; Congenital heart disease &lt;/detail&gt;&lt;detail&gt;Damage to the heart muscle from a heart attack&lt;/detail&gt;&lt;detail&gt;Heart murmurs&lt;/detail&gt;&lt;detail&gt;Inflammation ( pericarditis ) or fluid in the sac around the heart (pericardial effusion)&lt;/detail&gt;&lt;detail&gt;Infection on or around the heart valves (infectious endocarditis)&lt;/detail&gt;&lt;detail&gt; Pulmonary hypertension &lt;/detail&gt;&lt;detail&gt;Ability of the heart to pump (for people with  heart failure )&lt;/detail&gt;&lt;detail&gt;Source of a blood clot after a  stroke  or  TIA &lt;/detail&gt;&lt;text&gt;Your provider may recommend a TEE if:&lt;/text&gt;&lt;detail&gt;The regular (or TTE) is unclear. Unclear results may be due to the shape of your chest, lung disease, or excess body fat.&lt;/detail&gt;&lt;detail&gt;An area of the heart needs to be looked at in more detail.&lt;/detail&gt;</WhytheTestisPerformed><NormalResults>&lt;text&gt;A normal echocardiogram reveals normal heart valves and chambers and normal heart wall movement.&lt;/text&gt;</NormalResults><WhatAbnormalResultsMean>&lt;text&gt;An abnormal echocardiogram can mean many things. Some abnormalities are very minor and do not pose major risks. Other abnormalities are signs of serious heart disease. You will need more tests by a specialist in this case. It is very important to talk about the results of your echocardiogram with your provider.&lt;/text&gt;</WhatAbnormalResultsMean><AlternativeNames>&lt;detail&gt;Transthoracic echocardiogram (TTE)&lt;/detail&gt;&lt;detail&gt; Echocardiogram - transthoracic&lt;/detail&gt;&lt;detail&gt; Doppler ultrasound of the heart&lt;/detail&gt;&lt;detail&gt; Surface echo&lt;/detail&gt;</AlternativeNames><Images><value><img_name>Circulatory system</img_name><img_url>https://medlineplus.gov/ency/images/ency/fullsize/8747.jpg</img_url></value></Images></item>
<item><title>Ear examination</title><url>https://medlineplus.gov/ency/article/003340.htm</url><HowtoPreparefortheTest>&lt;text&gt;No preparation is needed for this test.&lt;/text&gt;</HowtoPreparefortheTest><WhytheTestisPerformed>&lt;text&gt;An ear exam may be done if you have an earache,  ear infection ,  hearing loss , or other ear symptoms.&lt;/text&gt;&lt;text&gt;Examining the ear also helps the provider see if treatment for an ear problem is working.&lt;/text&gt;</WhytheTestisPerformed><NormalResults>&lt;text&gt;The ear canal differs in size, shape, and color from person to person. Normally, the canal is skin-colored and has small hairs. Yellowish-brown earwax may be present. The eardrum is a light-gray color or a shiny pearly-white. Light should reflect off the eardrum surface.&lt;/text&gt;</NormalResults><WhatAbnormalResultsMean>&lt;text&gt;Ear infections are a common problem, especially with small children. A dull or absent light reflex from the eardrum may be a sign of a middle ear infection or fluid. The eardrum may be red and bulging if there is an infection. Amber liquid or bubbles behind the eardrum are often seen if fluid collects in the middle ear.&lt;/text&gt;&lt;text&gt;Abnormal results may also be due to an  external ear infection . You might feel pain when the outer ear is pulled or wiggled. The ear canal may be red, tender, swollen, or filled with yellowish-green pus.&lt;/text&gt;&lt;text&gt;The test may also be done for the following conditions: &lt;/text&gt;&lt;detail&gt; Cholesteatoma &lt;/detail&gt;&lt;detail&gt;External ear infection - chronic&lt;/detail&gt;&lt;detail&gt;Head injury&lt;/detail&gt;&lt;detail&gt; Ruptured or perforated eardrum &lt;/detail&gt;</WhatAbnormalResultsMean><AlternativeNames>&lt;detail&gt;Otoscopy&lt;/detail&gt;</AlternativeNames><Images><value><img_name>Ear anatomy</img_name><img_url>https://medlineplus.gov/ency/images/ency/fullsize/1092.jpg</img_url></value><value><img_name>Medical findings based on ear anatomy</img_name><img_url>https://medlineplus.gov/ency/images/ency/fullsize/1126.jpg</img_url></value><value><img_name>Otoscopic exam of the ear</img_name><img_url>https://medlineplus.gov/ency/images/ency/fullsize/8991.jpg</img_url></value></Images></item>
<item><title>Ear drainage culture</title><url>https://medlineplus.gov/ency/article/003763.htm</url><HowtoPreparefortheTest>&lt;text&gt;You do not need to prepare for this test.&lt;/text&gt;</HowtoPreparefortheTest><WhytheTestisPerformed>&lt;text&gt;The test may be done if you or your child has:&lt;/text&gt;&lt;detail&gt;An ear infection that is not getting better with treatment&lt;/detail&gt;&lt;detail&gt;An infection of the outer ear ( otitis externa )&lt;/detail&gt;&lt;detail&gt;An ear infection with a ruptured eardrum and draining fluid &lt;/detail&gt;&lt;text&gt;It may also be done as a routine part of  myringotomy .&lt;/text&gt;&lt;text&gt;Note: Ear infections are diagnosed based on symptoms rather than using a culture.&lt;/text&gt;</WhytheTestisPerformed><NormalResults>&lt;text&gt;The test is normal if there is no growth on the culture.&lt;/text&gt;&lt;text&gt;Note: Normal value ranges may vary slightly among different laboratories. Talk to your provider about the meaning of your specific test results.&lt;/text&gt;</NormalResults><WhatAbnormalResultsMean>&lt;text&gt;Abnormal results may be a sign of an infection. The infection can be caused by bacteria, virus, or fungus.&lt;/text&gt;&lt;text&gt;The test results may show which organism is causing the infection. It will help your provider decide on the right treatment.&lt;/text&gt;</WhatAbnormalResultsMean><AlternativeNames>&lt;detail&gt;Culture - ear drainage&lt;/detail&gt;</AlternativeNames><Images><value><img_name>Ear anatomy</img_name><img_url>https://medlineplus.gov/ency/images/ency/fullsize/1092.jpg</img_url></value><value><img_name>Medical findings based on ear anatomy</img_name><img_url>https://medlineplus.gov/ency/images/ency/fullsize/1126.jpg</img_url></value><value><img_name>Ear drainage culture</img_name><img_url>https://medlineplus.gov/ency/images/ency/fullsize/9286.jpg</img_url></value></Images></item>
<item><title>FTA-ABS blood test</title><url>https://medlineplus.gov/ency/article/003512.htm</url><HowtoPreparefortheTest>&lt;text&gt;No special preparation is necessary.&lt;/text&gt;</HowtoPreparefortheTest><WhytheTestisPerformed>&lt;text&gt;This test is done routinely to confirm whether a positive screening test for syphilis (either  VDRL  or  RPR ) means you have a current syphilis infection.&lt;/text&gt;&lt;text&gt;It may also be done when other syphilis tests are negative, to rule out a possible false-negative result.&lt;/text&gt;</WhytheTestisPerformed><NormalResults>&lt;text&gt;A negative or nonreactive result means that you do not have a current or past infection with syphilis.&lt;/text&gt;&lt;text&gt;Normal value ranges may vary slightly among different laboratories. Some labs use different measurements or test different samples. Talk to your health care provider about the meaning of your specific test results.&lt;/text&gt;</NormalResults><WhatAbnormalResultsMean>&lt;text&gt;A positive FTA-ABS is often a sign of a syphilis infection. This test result will remain positive for life even if syphilis has been adequately treated. Therefore, it cannot be used to monitor the treatment of syphilis or determine that you have active syphilis.&lt;/text&gt;&lt;text&gt;Other illnesses, such as  yaws  and pinta (two other kinds of skin diseases), may also result in positive FTA-ABS results. Sometimes, there can be a false-positive result, most often in women with  lupus .&lt;/text&gt;</WhatAbnormalResultsMean><AlternativeNames>&lt;detail&gt;Fluorescent treponemal antibody absorption test&lt;/detail&gt;</AlternativeNames><Images><value><img_name>Blood test</img_name><img_url>https://medlineplus.gov/ency/images/ency/fullsize/10026.jpg</img_url></value></Images></item>
<item><title>Free T4 test</title><url>https://medlineplus.gov/ency/article/003517.htm</url><HowtoPreparefortheTest>&lt;text&gt;Your health care provider will tell you if you need to stop taking any medicines that may affect the test result. In general, test results are not affected by other medicines you may be taking. However, certain supplements including biotin (vitamin B7) can affect the results. Tell your provider if you are taking biotin.&lt;/text&gt;&lt;text&gt;Pregnancy and some diseases, including kidney and liver disease, can also affect the results of this test.&lt;/text&gt;</HowtoPreparefortheTest><WhytheTestisPerformed>&lt;text&gt;Your provider may recommend this test if you have signs of a thyroid disorder, including:&lt;/text&gt;&lt;detail&gt;Abnormal findings of other thyroid blood tests, such as  TSH  or  T3 &lt;/detail&gt;&lt;detail&gt;Symptoms of an  overactive thyroid &lt;/detail&gt;&lt;detail&gt;Symptoms of an  underactive thyroid &lt;/detail&gt;&lt;detail&gt;Hypopituitarism (the pituitary gland does not produce enough of its hormones)&lt;/detail&gt;&lt;detail&gt; Lump or nodule  in the thyroid&lt;/detail&gt;&lt;detail&gt;Enlarged or irregular thyroid gland&lt;/detail&gt;&lt;detail&gt;Problems becoming pregnant &lt;/detail&gt;&lt;text&gt;This test is also used to monitor people who are being treated for thyroid problems.&lt;/text&gt;</WhytheTestisPerformed><NormalResults>&lt;text&gt;A typical normal range is 0.9 to 2.3 nanograms per deciliter (ng/dL), or 12 to 30 picomoles per liter (pmol/L).&lt;/text&gt;&lt;text&gt;Normal value ranges may vary slightly among different laboratories. Some laboratories use different measurements or may test different specimens. Talk to your provider about the meaning of your specific test results.&lt;/text&gt;</NormalResults><WhatAbnormalResultsMean>&lt;text&gt;To fully understand results of the free T4 test, results of other thyroid blood tests, such as TSH or T3, may be needed.&lt;/text&gt;&lt;text&gt;Test results may also be affected by pregnancy, estrogen level, liver problems, more severe body-wide illnesses, and inherited changes in a protein that binds T4.&lt;/text&gt;&lt;text&gt;A higher than normal level of T4 may be due to conditions that involve an overactive thyroid, including:&lt;/text&gt;&lt;detail&gt; Graves disease &lt;/detail&gt;&lt;detail&gt;Taking too much thyroid hormone medicine&lt;/detail&gt;&lt;detail&gt;Thyroiditis&lt;/detail&gt;&lt;detail&gt;Toxic goiter or toxic thyroid nodules&lt;/detail&gt;&lt;detail&gt;Some tumors of the testes or ovaries (rare)&lt;/detail&gt;&lt;detail&gt;Getting medical imaging tests with contrast dye that contains iodine (rare, and only if there is a problem with the thyroid)&lt;/detail&gt;&lt;detail&gt;Eating a lot of foods that contain iodine (very rare, and only if there is a problem with the thyroid) &lt;/detail&gt;&lt;text&gt;A lower than normal level of T4 may be due to:&lt;/text&gt;&lt;detail&gt; Hypothyroidism  (including Hashimoto disease and other disorders involving an underactive thyroid)&lt;/detail&gt;&lt;detail&gt;Severe acute illness&lt;/detail&gt;&lt;detail&gt; Malnutrition  or fasting&lt;/detail&gt;&lt;detail&gt;Use of certain medicines &lt;/detail&gt;</WhatAbnormalResultsMean><AlternativeNames>&lt;detail&gt;Thyroxine test&lt;/detail&gt;&lt;detail&gt; Total T4 test&lt;/detail&gt;</AlternativeNames><Images><value><img_name>Blood test</img_name><img_url>https://medlineplus.gov/ency/images/ency/fullsize/10026.jpg</img_url></value></Images></item>
<item><title>Fractional excretion of sodium</title><url>https://medlineplus.gov/ency/article/003602.htm</url><HowtoPreparefortheTest>&lt;text&gt;Eat your normal foods with a normal amount of salt, unless otherwise instructed by your health care provider.&lt;/text&gt;&lt;text&gt;If needed, you may be told to temporarily stop medicines that interfere with test results. For example, some diuretic medicines (water pills) can affect test results.&lt;/text&gt;</HowtoPreparefortheTest><WhytheTestisPerformed>&lt;text&gt;The test is usually done for people who are very ill with  acute kidney disease . The test helps determine if the drop in urine production is due to reduced blood flow to the kidney or to kidney damage itself.&lt;/text&gt;</WhytheTestisPerformed><WhatAbnormalResultsMean>&lt;text&gt;A meaningful interpretation of the test can be made only when your urine volume has dropped to less than 500 mL/day.&lt;/text&gt;&lt;text&gt;FENa of lower than 1% indicates decreased blood flow to the kidney. This can occur with kidney damage due to  dehydration  or  heart failure .&lt;/text&gt;&lt;text&gt;FENa higher than 1% suggests damage to the kidney itself.&lt;/text&gt;</WhatAbnormalResultsMean><AlternativeNames>&lt;detail&gt;FE sodium&lt;/detail&gt;&lt;detail&gt; FENa&lt;/detail&gt;</AlternativeNames><Images><value><img_name>Male urinary system</img_name><img_url>https://medlineplus.gov/ency/images/ency/fullsize/10022.jpg</img_url></value></Images></item>
<item><title>Follicle-stimulating hormone (FSH) blood test</title><url>https://medlineplus.gov/ency/article/003710.htm</url><HowtoPreparefortheTest>&lt;text&gt;If you are a woman of childbearing age, your health care provider may want you to have the test done on certain days of your menstrual cycle.&lt;/text&gt;</HowtoPreparefortheTest><WhytheTestisPerformed>&lt;text&gt;In women, FSH helps manage the menstrual cycle and stimulates the ovaries to produce eggs. The test is used to help diagnose or evaluate:&lt;/text&gt;&lt;detail&gt; Menopause &lt;/detail&gt;&lt;detail&gt;Women who have  polycystic ovary syndrome ,  ovarian cysts &lt;/detail&gt;&lt;detail&gt;Abnormal vaginal or menstrual bleeding&lt;/detail&gt;&lt;detail&gt;Problems becoming pregnant, or  infertility &lt;/detail&gt;&lt;text&gt;In men, FSH stimulates production of sperm. The test is used to help diagnose or evaluate:&lt;/text&gt;&lt;detail&gt;Problems becoming pregnant, or  infertility &lt;/detail&gt;&lt;detail&gt;Men who do not have testicles or whose testicles are underdeveloped&lt;/detail&gt;&lt;text&gt;In children, FSH is involved with the development of sexual features. The test is ordered for children:&lt;/text&gt;&lt;detail&gt;Who develop sexual features at a very young age&lt;/detail&gt;&lt;detail&gt;Who are delayed in starting puberty&lt;/detail&gt;</WhytheTestisPerformed><NormalResults>&lt;text&gt;Normal FSH levels will differ, depending on a person's age and sex.&lt;/text&gt;&lt;text&gt;Male:&lt;/text&gt;&lt;detail&gt;Before puberty - 0 to 5.0 mIU/mL (0 to 5.0 IU/L)&lt;/detail&gt;&lt;detail&gt;During puberty - 0.3 to 10.0 mIU/mL (0.3 to 10.0 IU/L)&lt;/detail&gt;&lt;detail&gt;Adult - 1.5 to 12.4 mIU/mL (1.5 to 12.4 IU/L) &lt;/detail&gt;&lt;text&gt;Female:&lt;/text&gt;&lt;detail&gt;Before puberty - 0 to 4.0 mIU/mL (0 to 4.0 IU/L)&lt;/detail&gt;&lt;detail&gt;During puberty - 0.3 to 10.0 mIU/mL (0.3 to 10.0 IU/L)&lt;/detail&gt;&lt;detail&gt;Women who are still menstruating - 4.7 to 21.5 mIU/mL (4.5 to 21.5 IU/L)&lt;/detail&gt;&lt;detail&gt;After menopause - 25.8 to 134.8 mIU/mL (25.8 to 134.8 IU/L) &lt;/detail&gt;&lt;text&gt;Normal value ranges may vary slightly among different laboratories. Some labs use different measurements or test different samples. Talk to your doctor about the meaning of your specific test result.&lt;/text&gt;</NormalResults><WhatAbnormalResultsMean>&lt;text&gt;High FSH levels in women may be present:&lt;/text&gt;&lt;detail&gt;During or after menopause, including premature menopause&lt;/detail&gt;&lt;detail&gt;When receiving hormone therapy&lt;/detail&gt;&lt;detail&gt;Due to certain types of tumor in the  pituitary gland &lt;/detail&gt;&lt;detail&gt; Due to  Turner syndrome &lt;/detail&gt;&lt;text&gt;Low FSH levels in women may be present due to: &lt;/text&gt;&lt;detail&gt;Being very underweight or having had recent rapid weight loss&lt;/detail&gt;&lt;detail&gt;Not producing eggs (not ovulating)&lt;/detail&gt;&lt;detail&gt;Parts of the brain (the pituitary gland or  hypothalamus ) not producing normal amounts of some or all of its hormones &lt;/detail&gt;&lt;detail&gt;Pregnancy&lt;/detail&gt;&lt;text&gt;High FSH levels in men may mean the testicles are not functioning correctly due to: &lt;/text&gt;&lt;detail&gt;Advancing age (male menopause)&lt;/detail&gt;&lt;detail&gt;Damage to testicles caused by alcohol abuse, chemotherapy, or radiation&lt;/detail&gt;&lt;detail&gt;Problems with genes, such as  Klinefelter syndrome &lt;/detail&gt;&lt;detail&gt;Treatment with hormones&lt;/detail&gt;&lt;detail&gt;Certain tumors in the pituitary gland&lt;/detail&gt;&lt;text&gt;Low FSH levels in men may mean parts of the brain (the pituitary gland or hypothalamus) do not produce normal amounts of some or all of its hormones.&lt;/text&gt;&lt;text&gt;High FSH levels in boys or girls may mean that puberty is about to start.&lt;/text&gt;</WhatAbnormalResultsMean><AlternativeNames>&lt;detail&gt;Follicle stimulating hormone&lt;/detail&gt;&lt;detail&gt; Menopause - FSH&lt;/detail&gt;&lt;detail&gt; Vaginal bleeding - FSH&lt;/detail&gt;</AlternativeNames></item>
<item><title>Folic acid - test</title><url>https://medlineplus.gov/ency/article/003686.htm</url><HowtoPreparefortheTest>&lt;text&gt;You should not eat or drink for 6 hours before the test. Your provider may tell you to stop taking any drugs that may interfere with test results, including folic acid supplements.&lt;/text&gt;&lt;text&gt;Drugs that can decrease folic acid measurements include: &lt;/text&gt;&lt;detail&gt;Alcohol&lt;/detail&gt;&lt;detail&gt;Aminosalicylic acid&lt;/detail&gt;&lt;detail&gt;Birth control pills&lt;/detail&gt;&lt;detail&gt;Estrogens&lt;/detail&gt;&lt;detail&gt;Tetracyclines&lt;/detail&gt;&lt;detail&gt;Ampicillin&lt;/detail&gt;&lt;detail&gt;Chloramphenicol&lt;/detail&gt;&lt;detail&gt;Erythromycin&lt;/detail&gt;&lt;detail&gt;Methotrexate&lt;/detail&gt;&lt;detail&gt;Penicillin&lt;/detail&gt;&lt;detail&gt;Aminopterin&lt;/detail&gt;&lt;detail&gt;Phenobarbital&lt;/detail&gt;&lt;detail&gt;Phenytoin&lt;/detail&gt;&lt;detail&gt;Drugs to treat malaria&lt;/detail&gt;</HowtoPreparefortheTest><WhytheTestisPerformed>&lt;text&gt;This test is done to check for  folic acid deficiency .&lt;/text&gt;&lt;text&gt;Folic acid helps form red blood cells and produce DNA that stores genetic codes. Taking the right amount of folic acid before and during pregnancy helps prevent neural tube defects, such as spina bifida.&lt;/text&gt;&lt;text&gt;Women who are pregnant or planning to become pregnant should take at least 600 micrograms (mcg) of folic acid every day. Some women may need to take more if they have a history of neural tube defects in earlier pregnancies. Ask your provider how much you need.&lt;/text&gt;</WhytheTestisPerformed><NormalResults>&lt;text&gt;The normal range is 2.7 to 17.0 nanograms per milliliter (ng/mL) or 6.12 to 38.52 nanomoles per liter (nmol/L).&lt;/text&gt;&lt;text&gt;Normal value ranges may vary slightly among different labs. Talk to your provider about the meaning of your test results.&lt;/text&gt;&lt;text&gt;The examples above show the common measurements for results for these tests. Some labs use different measurements or may test different specimens.&lt;/text&gt;</NormalResults><WhatAbnormalResultsMean>&lt;text&gt;Lower-than-normal folic acid levels may indicate:&lt;/text&gt;&lt;detail&gt;Poor diet&lt;/detail&gt;&lt;detail&gt; Malabsorption  syndrome (for example,  celiac sprue )&lt;/detail&gt;&lt;detail&gt; Malnutrition &lt;/detail&gt;&lt;text&gt;The test may also be done in cases of:&lt;/text&gt;&lt;detail&gt; Anemia due to folate deficiency &lt;/detail&gt;&lt;detail&gt;Megaloblastic anemia&lt;/detail&gt;</WhatAbnormalResultsMean><AlternativeNames>&lt;detail&gt;Folate - test&lt;/detail&gt;</AlternativeNames></item>
<item><title>Flushable reagent stool blood test</title><url>https://medlineplus.gov/ency/article/007007.htm</url><HowtoPreparefortheTest>&lt;text&gt;Some medicines may interfere with this test.&lt;/text&gt;&lt;text&gt;Check with your provider about changes in your medicines you may need to make. Never stop taking a medicine or change how you take it without first talking to your provider.&lt;/text&gt;&lt;text&gt;Check test package to see if there are any foods you need to stop eating before doing the test.&lt;/text&gt;</HowtoPreparefortheTest><WhytheTestisPerformed>&lt;text&gt;This test is mainly performed for colorectal cancer screening. It may also be done in the case of low levels of red blood cells (anemia).&lt;/text&gt;</WhytheTestisPerformed><NormalResults>&lt;text&gt;A negative result is normal.&lt;/text&gt;&lt;text&gt;Normal value ranges may vary slightly among different labs. Talk to your provider about your test results.&lt;/text&gt;</NormalResults><WhatAbnormalResultsMean>&lt;text&gt;Abnormal results of the flushable pad mean there is bleeding present somewhere in the digestive tract, which may be caused by:&lt;/text&gt;&lt;detail&gt;Swollen, fragile blood vessels in the colon that may result in blood loss &lt;/detail&gt;&lt;detail&gt;Colon cancer &lt;/detail&gt;&lt;detail&gt;Colon polyps &lt;/detail&gt;&lt;detail&gt;Enlarged veins, called varices, in the walls of the esophagus (the tube that connects your throat to your stomach) that bleed &lt;/detail&gt;&lt;detail&gt;When the lining of the stomach or the esophagus becomes inflamed or swollen &lt;/detail&gt;&lt;detail&gt;Infections in the stomach and intestines &lt;/detail&gt;&lt;detail&gt;Hemorrhoids &lt;/detail&gt;&lt;detail&gt;Crohn disease or ulcerative colitis &lt;/detail&gt;&lt;detail&gt;Ulcer in the stomach or first part of the intestines &lt;/detail&gt;&lt;text&gt;Other causes of a positive test, which do not indicate a problem in the gastrointestinal tract, include:&lt;/text&gt;&lt;detail&gt;Coughing up and then swallowing blood &lt;/detail&gt;&lt;detail&gt;Nose bleed&lt;/detail&gt;&lt;text&gt;Abnormal test results require follow-up with your doctor.&lt;/text&gt;</WhatAbnormalResultsMean><AlternativeNames>&lt;detail&gt;Stool occult blood test - flushable home test&lt;/detail&gt;&lt;detail&gt; Fecal occult blood test - flushable home test&lt;/detail&gt;</AlternativeNames></item>
<item><title>Fluorescein eye stain</title><url>https://medlineplus.gov/ency/article/003845.htm</url><HowtoPreparefortheTest>&lt;text&gt;You will need to remove your eyeglasses or contact lenses before the test.&lt;/text&gt;</HowtoPreparefortheTest><WhytheTestisPerformed>&lt;text&gt;This test is to:&lt;/text&gt;&lt;detail&gt;Find scratches or other problems with the surface of the cornea &lt;/detail&gt;&lt;detail&gt;Reveal foreign bodies on the eye surface &lt;/detail&gt;&lt;detail&gt;Determine if there is irritation of the cornea after contacts are prescribed&lt;/detail&gt;</WhytheTestisPerformed><NormalResults>&lt;text&gt;If the test result is normal, the dye remains in the tear film on the surface of the eye and does not stick to the eye itself.&lt;/text&gt;</NormalResults><WhatAbnormalResultsMean>&lt;text&gt;Abnormal results may point to:&lt;/text&gt;&lt;detail&gt;Abnormal tear production (dry eye)&lt;/detail&gt;&lt;detail&gt; Blocked tear duct &lt;/detail&gt;&lt;detail&gt; Corneal abrasion  (a scratch on the surface of the cornea)&lt;/detail&gt;&lt;detail&gt;Foreign bodies, such as eyelashes or dust ( foreign object in eye )&lt;/detail&gt;&lt;detail&gt;Infection&lt;/detail&gt;&lt;detail&gt;Injury or trauma&lt;/detail&gt;&lt;detail&gt;Severe dry eye associated with arthritis (keratoconjunctivitis sicca) &lt;/detail&gt;</WhatAbnormalResultsMean><Images><value><img_name>Fluorescent eye test</img_name><img_url>https://medlineplus.gov/ency/images/ency/fullsize/9330.jpg</img_url></value></Images></item>
<item><title>Fluorescein angiography</title><url>https://medlineplus.gov/ency/article/003846.htm</url><HowtoPreparefortheTest>&lt;text&gt;You will need someone to drive you home. Your vision may be blurry for up to 12 hours after the test.&lt;/text&gt;&lt;text&gt;You may be told to stop taking medicines that could affect the test results. Tell your provider about any allergies, particularly reactions to iodine.&lt;/text&gt;&lt;text&gt;You must sign an informed consent form. You must remove contact lenses before the test.&lt;/text&gt;&lt;text&gt;Tell the provider if you may be pregnant.&lt;/text&gt;</HowtoPreparefortheTest><WhytheTestisPerformed>&lt;text&gt;This test is done to see if there is proper blood flow in the blood vessels in the two layers in the back of your eye (the retina and choroid). &lt;/text&gt;&lt;text&gt;It can also be used to diagnose problems in the eye or to determine how well certain eye treatments are working.&lt;/text&gt;</WhytheTestisPerformed><NormalResults>&lt;text&gt;A normal result means the vessels appear a normal size, there are no new abnormal vessels, and there are no blockages or leakages.&lt;/text&gt;</NormalResults><WhatAbnormalResultsMean>&lt;text&gt;If blockage or leakage is present, the pictures will map the location for possible treatment.&lt;/text&gt;&lt;text&gt;An abnormal value on a fluorescein angiography may be due to:&lt;/text&gt;&lt;detail&gt;Blood flow (circulatory) problems, such as blockage of the arteries or veins&lt;/detail&gt;&lt;detail&gt; Cancer &lt;/detail&gt;&lt;detail&gt;Diabetic or other retinopathy&lt;/detail&gt;&lt;detail&gt;High blood pressure&lt;/detail&gt;&lt;detail&gt;Inflammation or  edema &lt;/detail&gt;&lt;detail&gt; Macular degeneration &lt;/detail&gt;&lt;detail&gt;Microaneurysms -- enlargement of capillaries in the retina&lt;/detail&gt;&lt;detail&gt; Tumors &lt;/detail&gt;&lt;detail&gt;Swelling of the optic disc &lt;/detail&gt;&lt;text&gt;The test may also be done if you have: &lt;/text&gt;&lt;detail&gt; Retinal detachment &lt;/detail&gt;&lt;detail&gt; Retinitis pigmentosa &lt;/detail&gt;</WhatAbnormalResultsMean><AlternativeNames>&lt;detail&gt;Retinal photography&lt;/detail&gt;&lt;detail&gt; Eye angiography&lt;/detail&gt;&lt;detail&gt; Retinopathy - fluorescein&lt;/detail&gt;</AlternativeNames><Images><value><img_name>Retinal dye injection</img_name><img_url>https://medlineplus.gov/ency/images/ency/fullsize/9329.jpg</img_url></value></Images></item>
<item><title>Fine needle aspiration of the thyroid </title><url>https://medlineplus.gov/ency/article/003899.htm</url><HowtoPreparefortheTest>&lt;text&gt;Tell your provider if you have  drug allergies , bleeding problems, or are pregnant. Also, make sure your provider has a current list of all medicines you take, including herbal remedies and over-the-counter drugs.&lt;/text&gt;&lt;text&gt;A few days to a week before your biopsy, you may be asked to temporarily stop taking blood-thinning medicines. The drugs you may need to stop taking include:&lt;/text&gt;&lt;detail&gt;Aspirin&lt;/detail&gt;&lt;detail&gt;Clopidogrel (Plavix)&lt;/detail&gt;&lt;detail&gt;Ibuprofen (Advil, Motrin)&lt;/detail&gt;&lt;detail&gt;Naproxen (Aleve, Naprosyn)&lt;/detail&gt;&lt;detail&gt;Warfarin (Coumadin)&lt;/detail&gt;&lt;text&gt;Be sure to talk with your provider before stopping any drugs.&lt;/text&gt;</HowtoPreparefortheTest><WhytheTestisPerformed>&lt;text&gt;This is a test to diagnose thyroid disease or  thyroid cancer . It is often used to find out if thyroid  nodules  that your provider can feel or seen on an ultrasound are noncancerous or cancerous.&lt;/text&gt;</WhytheTestisPerformed><NormalResults>&lt;text&gt;A normal result shows the thyroid tissue looks normal and the cells do not appear to be cancer under a microscope.&lt;/text&gt;</NormalResults><WhatAbnormalResultsMean>&lt;text&gt;Abnormal results may mean:&lt;/text&gt;&lt;detail&gt; Thyroid disease  such as goiter or thyroiditis&lt;/detail&gt;&lt;detail&gt;Noncancerous tumors&lt;/detail&gt;&lt;detail&gt;  Thyroid cancer  &lt;/detail&gt;</WhatAbnormalResultsMean><AlternativeNames>&lt;detail&gt;Thyroid nodule fine needle aspirate biopsy&lt;/detail&gt;&lt;detail&gt; Biopsy - thyroid - skinny-needle&lt;/detail&gt;&lt;detail&gt; Skinny-needle thyroid biopsy&lt;/detail&gt;&lt;detail&gt; Thyroid nodule - aspiration&lt;/detail&gt;&lt;detail&gt; Thyroid cancer - aspiration&lt;/detail&gt;</AlternativeNames><Images><value><img_name>Endocrine glands</img_name><img_url>https://medlineplus.gov/ency/images/ency/fullsize/1093.jpg</img_url></value><value><img_name>Thyroid gland biopsy</img_name><img_url>https://medlineplus.gov/ency/images/ency/fullsize/8967.jpg</img_url></value></Images></item>
<item><title>Fibrinopeptide A blood test</title><url>https://medlineplus.gov/ency/article/003373.htm</url><HowtoPreparefortheTest>&lt;text&gt;No special preparation is necessary.&lt;/text&gt;</HowtoPreparefortheTest><WhytheTestisPerformed>&lt;text&gt;This test is used to help diagnose severe problems with blood clotting such as disseminated intravascular coagulation ( DIC ). Certain types of leukemia are associated with DIC.&lt;/text&gt;</WhytheTestisPerformed><NormalResults>&lt;text&gt;In general, the level of fibrinopeptide A should range from 0.6 to 1.9 (mg/mL).&lt;/text&gt;&lt;text&gt;Normal value ranges may vary slightly among different laboratories. Some labs use different measurements or may test different specimens. Talk to your doctor about the meaning of your specific test results.&lt;/text&gt;</NormalResults><WhatAbnormalResultsMean>&lt;text&gt;An increased fibrinopeptide A level may be a sign of:&lt;/text&gt;&lt;detail&gt; Cellulitis &lt;/detail&gt;&lt;detail&gt;DIC (disseminated intravascular coagulation) &lt;/detail&gt;&lt;detail&gt;Leukemia at the time of diagnosis, during early treatment, and during a relapse&lt;/detail&gt;&lt;detail&gt;Some infections&lt;/detail&gt;&lt;detail&gt;Systemic lupus erythematosus ( SLE )&lt;/detail&gt;</WhatAbnormalResultsMean><AlternativeNames>&lt;detail&gt;FPA&lt;/detail&gt;</AlternativeNames></item>
<item><title>Fibrinogen blood test</title><url>https://medlineplus.gov/ency/article/003650.htm</url><HowtoPreparefortheTest>&lt;text&gt;No special preparation is needed.&lt;/text&gt;</HowtoPreparefortheTest><WhytheTestisPerformed>&lt;text&gt;Your doctor may order this test if you have problems with blood clotting, such as excessive bleeding.&lt;/text&gt;</WhytheTestisPerformed><NormalResults>&lt;text&gt;The normal range is 200 to 400 mg/dL (2.0 to 4.0 g/L).&lt;/text&gt;&lt;text&gt;Normal value ranges may vary slightly among different laboratories. Some labs use different measurements or may test different specimens. Talk to your doctor about the meaning of your specific test results.&lt;/text&gt;</NormalResults><WhatAbnormalResultsMean>&lt;text&gt;Abnormal results may be due to:&lt;/text&gt;&lt;detail&gt;The body using up too much fibrinogen, such as in  disseminated intravascular coagulation  (DIC)&lt;/detail&gt;&lt;detail&gt;Fibrinogen deficiency (from birth, or acquired after birth)&lt;/detail&gt;&lt;detail&gt;Breakdown of fibrin ( fibrinolysis )&lt;/detail&gt;&lt;detail&gt;Too much bleeding (hemorrhage) &lt;/detail&gt;&lt;text&gt;The test may also be performed during pregnancy if the placenta separates from its attachment to the uterus wall ( placenta abruption ).&lt;/text&gt;</WhatAbnormalResultsMean><AlternativeNames>&lt;detail&gt;Serum fibrinogen&lt;/detail&gt;&lt;detail&gt; Plasma fibrinogen&lt;/detail&gt;&lt;detail&gt; Factor I&lt;/detail&gt;&lt;detail&gt; Hypofibrinogenemia test&lt;/detail&gt;</AlternativeNames></item>
<item><title>Fibrin degradation products blood test</title><url>https://medlineplus.gov/ency/article/003655.htm</url><HowtoPreparefortheTest>&lt;text&gt;Certain medicines can change blood test results.&lt;/text&gt;&lt;detail&gt;Tell your health care provider about all the medicines you take.&lt;/detail&gt;&lt;detail&gt;Your provider will tell you if you need to temporarily stop taking any medicines before you have this test. This includes blood thinners such as aspirin, heparin, streptokinase, and urokinase, which make it hard for the blood to clot.&lt;/detail&gt;&lt;detail&gt;Do not stop or change your medicines without talking to your provider first.&lt;/detail&gt;</HowtoPreparefortheTest><WhytheTestisPerformed>&lt;text&gt;This test is done to see if your clot-dissolving (fibrinolytic) system is working properly. Your provider may order this test if you have signs of  disseminated intravascular coagulation (DIC)  or another clot-dissolving disorder.&lt;/text&gt;</WhytheTestisPerformed><NormalResults>&lt;text&gt;The result is normally less than 10 mcg/mL (10 mg/L).&lt;/text&gt;&lt;text&gt;Note: Normal value ranges may vary slightly among different laboratories. Some labs use different measurements or may test different specimens. Talk to your provider about the meaning of your specific test results.&lt;/text&gt;</NormalResults><WhatAbnormalResultsMean>&lt;text&gt;Increased FDPs may be a sign of primary or secondary fibrinolysis (clot-dissolving activity) due to a variety of causes, including:&lt;/text&gt;&lt;detail&gt;Blood clotting problems&lt;/detail&gt;&lt;detail&gt; Burns &lt;/detail&gt;&lt;detail&gt;Problem with the heart's structure and function that is present at birth ( congenital heart disease )&lt;/detail&gt;&lt;detail&gt;Disseminated intravascular coagulation (DIC)&lt;/detail&gt;&lt;detail&gt;Low level of oxygen in the blood&lt;/detail&gt;&lt;detail&gt;Infections&lt;/detail&gt;&lt;detail&gt;Leukemia&lt;/detail&gt;&lt;detail&gt; Liver disease &lt;/detail&gt;&lt;detail&gt;Problem during pregnancy such as preeclampsia,  placenta abruptio , miscarriage&lt;/detail&gt;&lt;detail&gt;Recent blood transfusion&lt;/detail&gt;&lt;detail&gt;Recent surgery that involved a heart and lung bypass pump, or surgery to lower high blood pressure in the liver&lt;/detail&gt;&lt;detail&gt;Kidney disease&lt;/detail&gt;&lt;detail&gt; Transplant rejection &lt;/detail&gt;&lt;detail&gt; Transfusion reaction &lt;/detail&gt;</WhatAbnormalResultsMean><AlternativeNames>&lt;detail&gt;FDPs&lt;/detail&gt;&lt;detail&gt; FSPs&lt;/detail&gt;&lt;detail&gt; Fibrin split products&lt;/detail&gt;&lt;detail&gt; Fibrin breakdown products&lt;/detail&gt;</AlternativeNames></item>
<item><title>Fetal-maternal erythrocyte distribution blood test</title><url>https://medlineplus.gov/ency/article/003407.htm</url><HowtoPreparefortheTest>&lt;text&gt;No special preparation is necessary for this test.&lt;/text&gt;</HowtoPreparefortheTest><WhytheTestisPerformed>&lt;text&gt; Rh incompatibility  is a condition that occurs when the mother's blood type is Rh-negative (Rh-) and her unborn baby's blood type is Rh-positive (Rh+). If the mother is Rh+, or if both parents are Rh-, there is no reason to worry about Rh incompatibility.&lt;/text&gt;&lt;text&gt;If the baby's blood is Rh+ and gets into the mother's Rh- bloodstream, her body will produce antibodies. These antibodies could pass back through the placenta and harm the developing baby's red blood cells. This can cause mild to serious  anemia  in the unborn baby.&lt;/text&gt;&lt;text&gt;This test determines the amount of blood that has been exchanged between the mother and fetus. All Rh- pregnant women should get this test if they have bleeding or a risk of bleeding during the pregnancy.&lt;/text&gt;&lt;text&gt;In a woman whose blood is Rh incompatible with her infant, this test helps find out how much Rh immune globulin (RhoGAM) she must receive to prevent her body from producing abnormal proteins that attack the unborn baby in future pregnancies.&lt;/text&gt;</WhytheTestisPerformed><NormalResults>&lt;text&gt;In a normal value, no or few of the baby's cells are in the mother's blood. The standard dose of RhoGAM is enough in this case.&lt;/text&gt;&lt;text&gt;Normal value ranges may vary slightly among different laboratories. Some labs use different measurements or test different samples. Talk to your doctor about the meaning of your specific test results.&lt;/text&gt;</NormalResults><WhatAbnormalResultsMean>&lt;text&gt;In an abnormal test result, blood from the unborn baby is leaking into the mother's blood circulation. The more of the baby's cells there are, the more Rh immune globulin the mother must receive.&lt;/text&gt;</WhatAbnormalResultsMean><AlternativeNames>&lt;detail&gt;Kleihauer-Betke stain&lt;/detail&gt;&lt;detail&gt; Flow cytometry - fetal-maternal erythrocyte distribution&lt;/detail&gt;&lt;detail&gt; Rh incompatibility - erythrocyte distribution&lt;/detail&gt;</AlternativeNames></item>
<item><title>Fetal scalp pH testing</title><url>https://medlineplus.gov/ency/article/003408.htm</url><HowtoPreparefortheTest>&lt;text&gt;The health care provider will explain the procedure and its risks. There isn't always a separate consent form for this procedure because many hospitals consider it part of the general consent form you signed at admission.&lt;/text&gt;</HowtoPreparefortheTest><WhytheTestisPerformed>&lt;text&gt;Sometimes fetal heart monitoring doesn't provide enough information about the well-being of a baby. In these cases, testing the scalp pH can help the doctor decide whether the fetus is getting enough oxygen during labor. This helps determine whether the baby is healthy enough to continue labor, or if a forceps delivery or  cesarean birth  might be the best route of delivery.&lt;/text&gt;&lt;text&gt;Although the test is not uncommon, most deliveries do not involve fetal scalp pH testing.&lt;/text&gt;&lt;text&gt;This test is not recommended for mothers with infections such as HIV/AIDS or hepatitis C.&lt;/text&gt;</WhytheTestisPerformed><NormalResults>&lt;text&gt;Normal fetal blood sample results are:&lt;/text&gt;&lt;detail&gt;Normal pH: 7.25 to 7.35&lt;/detail&gt;&lt;detail&gt;Borderline pH: 7.20 to 7.25&lt;/detail&gt;&lt;text&gt;The examples above are common measurements for results of these tests. Normal value ranges may vary slightly among different laboratories. Some labs use different measurements or test different samples. Talk to your doctor about the meaning of your specific test results.&lt;/text&gt;</NormalResults><WhatAbnormalResultsMean>&lt;text&gt;A fetal scalp blood pH level of less than 7.20 is considered abnormal.&lt;/text&gt;&lt;text&gt;In general, low pH suggests that the baby does not have enough oxygen. This may mean that the baby is not tolerating labor very well. The results of a fetal scalp pH sample need to be interpreted for each labor. The provider may feel that the results mean the baby needs to be delivered quickly, either by forceps or by C-section.&lt;/text&gt;&lt;text&gt;Fetal scalp pH testing may need to be repeated a few times during a complicated labor to keep checking on the baby.&lt;/text&gt;</WhatAbnormalResultsMean><AlternativeNames>&lt;detail&gt;Fetal scalp blood&lt;/detail&gt;&lt;detail&gt; Scalp pH testing&lt;/detail&gt;&lt;detail&gt; Fetal blood testing - scalp&lt;/detail&gt;&lt;detail&gt; Fetal distress - fetal scalp testing&lt;/detail&gt;&lt;detail&gt; Labor - fetal scalp testing&lt;/detail&gt;</AlternativeNames><Images><value><img_name>Fetal blood testing</img_name><img_url>https://medlineplus.gov/ency/images/ency/fullsize/9323.jpg</img_url></value></Images></item>
<item><title>Fetal echocardiography</title><url>https://medlineplus.gov/ency/article/007340.htm</url><HowtoPreparefortheTest>&lt;text&gt;No special preparation is needed for this test.&lt;/text&gt;</HowtoPreparefortheTest><WhytheTestisPerformed>&lt;text&gt;This test is done to detect a heart problem before the baby is born. It can provide a more detailed image of the baby's heart than a regular pregnancy ultrasound.&lt;/text&gt;&lt;text&gt;The test can show:&lt;/text&gt;&lt;detail&gt;Blood flow through the heart&lt;/detail&gt;&lt;detail&gt;Heart rhythm&lt;/detail&gt;&lt;detail&gt;Structures of the baby's heart &lt;/detail&gt;&lt;text&gt;The test may be done if:&lt;/text&gt;&lt;detail&gt;A parent, sibling or other close family member had a heart defect or heart disease.&lt;/detail&gt;&lt;detail&gt;A routine pregnancy ultrasound detected an abnormal heart rhythm or possible heart problem in the unborn baby.&lt;/detail&gt;&lt;detail&gt;The mother has  diabetes  (prior to pregnancy),  lupus , or  phenylketonuria .&lt;/detail&gt;&lt;detail&gt;The mother has  rubella  during the first trimester of pregnancy.&lt;/detail&gt;&lt;detail&gt;The mother has used medicines that can damage the baby's developing heart (such as some epilepsy drugs and prescription acne medicines).&lt;/detail&gt;&lt;detail&gt;An  amniocentesis  revealed a  chromosome  disorder. &lt;/detail&gt;&lt;detail&gt;There is some other reason to suspect that the baby is at higher risk for heart problems.&lt;/detail&gt;</WhytheTestisPerformed><NormalResults>&lt;text&gt;The echocardiogram finds no problems in the unborn baby's heart.&lt;/text&gt;</NormalResults><WhatAbnormalResultsMean>&lt;text&gt;Abnormal results may be due to:&lt;/text&gt;&lt;detail&gt;A problem in the way the baby's heart has formed ( congenital heart disease )&lt;/detail&gt;&lt;detail&gt;A problem with the way the baby's heart works&lt;/detail&gt;&lt;detail&gt;Heart rhythm disturbances ( arrhythmias )&lt;/detail&gt;&lt;text&gt;The test may need to be repeated.&lt;/text&gt;</WhatAbnormalResultsMean></item>
<item><title>Ferritin blood test</title><url>https://medlineplus.gov/ency/article/003490.htm</url><HowtoPreparefortheTest>&lt;text&gt;Your health care provider may tell you not to eat anything (to fast) for 12 hours before the test. You may also be told to have the test done in the morning.&lt;/text&gt;</HowtoPreparefortheTest><WhytheTestisPerformed>&lt;text&gt;The amount of ferritin in the blood (serum ferritin level) is directly related to the amount of iron stored in your body. Iron is needed to make healthy red blood cells. These cells carry oxygen to body tissues.&lt;/text&gt;&lt;text&gt;Your provider may recommend this test if you have signs or symptoms of  anemia  due to low iron. Anemia is a condition in which the body does not have enough healthy red blood cells.&lt;/text&gt;</WhytheTestisPerformed><NormalResults>&lt;text&gt;Normal value range is:&lt;/text&gt;&lt;detail&gt;Male: 12 to 300 nanograms per millilter (ng/mL)&lt;/detail&gt;&lt;detail&gt;Female: 12 to 150 ng/mL&lt;/detail&gt;&lt;text&gt;The lower the ferritin level, even within the "normal" range, the more likely it is that the person does not have enough iron.&lt;/text&gt;&lt;text&gt;The number ranges above are common measurements for results of these tests. Normal value ranges may vary slightly among different laboratories. Some labs use different measurements or test different samples. Talk to your provider about the meaning of your specific results.&lt;/text&gt;</NormalResults><WhatAbnormalResultsMean>&lt;text&gt;A higher-than-normal ferritin level may be due to:&lt;/text&gt;&lt;detail&gt;Liver disease due to alcohol abuse&lt;/detail&gt;&lt;detail&gt;Any autoimmune disorder, such as rheumatoid arthritis&lt;/detail&gt;&lt;detail&gt;Frequent transfusion of red blood cells&lt;/detail&gt;&lt;detail&gt;Too much iron in the body ( hemochromatosis ) &lt;/detail&gt;&lt;text&gt;A lower-than-normal level of ferritin occurs if you have anemia caused by low iron levels in the body. This type of anemia may be due to:&lt;/text&gt;&lt;detail&gt;A diet too low in iron&lt;/detail&gt;&lt;detail&gt;Heavy bleeding from an injury&lt;/detail&gt;&lt;detail&gt;Heavy menstrual bleeding&lt;/detail&gt;&lt;detail&gt;Poor absorption of iron from food, medicines, or vitamins&lt;/detail&gt;&lt;detail&gt;Bleeding in the esophagus, stomach, or intestines &lt;/detail&gt;</WhatAbnormalResultsMean><AlternativeNames>&lt;detail&gt;Serum ferritin level&lt;/detail&gt;&lt;detail&gt; Iron deficiency anemia - ferritin&lt;/detail&gt;</AlternativeNames><Images><value><img_name>Blood test</img_name><img_url>https://medlineplus.gov/ency/images/ency/fullsize/10026.jpg</img_url></value></Images></item>
<item><title>Fecal smear</title><url>https://medlineplus.gov/ency/article/003755.htm</url><HowtoPreparefortheTest>&lt;text&gt;There is no preparation needed.&lt;/text&gt;</HowtoPreparefortheTest><WhytheTestisPerformed>&lt;text&gt;Your provider may order this test if you have severe  diarrhea  that will not go away or that keeps returning. The test result may be used to select the correct antibiotic treatment.&lt;/text&gt;</WhytheTestisPerformed><NormalResults>&lt;text&gt;A normal result means there are no disease-causing germs present.&lt;/text&gt;&lt;text&gt;Normal value ranges may vary slightly among different labs. Talk to your provider about the meaning of your test results.&lt;/text&gt;</NormalResults><WhatAbnormalResultsMean>&lt;text&gt;An abnormal result means that abnormal germs have been found in the stool sample. This may be due to an infection of the digestive tract.&lt;/text&gt;</WhatAbnormalResultsMean><AlternativeNames>&lt;detail&gt;Stool smear&lt;/detail&gt;</AlternativeNames><Images><value><img_name>Lower digestive anatomy</img_name><img_url>https://medlineplus.gov/ency/images/ency/fullsize/8735.jpg</img_url></value></Images></item>
<item><title>Fecal fat</title><url>https://medlineplus.gov/ency/article/003588.htm</url><HowtoPreparefortheTest>&lt;text&gt;Eat a normal diet containing about 100 grams (g) of fat per day for 3 days before starting the test. The health care provider may ask you to stop using drugs or  food additives  that could affect the test.&lt;/text&gt;</HowtoPreparefortheTest><WhytheTestisPerformed>&lt;text&gt;This test evaluates fat absorption to tell how well the liver, gallbladder, pancreas, and intestines are working.&lt;/text&gt;&lt;text&gt;Fat  malabsorption  can cause a change in your stools called steatorrhea. To absorb fat normally, the body needs  bile  from the gallbladder (or liver if the gallbladder has been removed), enzymes from the pancreas, and normal intestines.&lt;/text&gt;</WhytheTestisPerformed><NormalResults>&lt;text&gt;Less than 7 g of fat per 24 hours.&lt;/text&gt;</NormalResults><WhatAbnormalResultsMean>&lt;text&gt;Decreased fat absorption may be caused by:&lt;/text&gt;&lt;detail&gt;Biliary  cancer &lt;/detail&gt;&lt;detail&gt; Biliary stricture &lt;/detail&gt;&lt;detail&gt; Celiac disease &lt;/detail&gt;&lt;detail&gt; Chronic pancreatitis &lt;/detail&gt;&lt;detail&gt; Crohn disease &lt;/detail&gt;&lt;detail&gt; Cystic fibrosis &lt;/detail&gt;&lt;detail&gt;Gallstones ( cholelithiasis )&lt;/detail&gt;&lt;detail&gt; Pancreatic cancer &lt;/detail&gt;&lt;detail&gt;Pancreatitis&lt;/detail&gt;&lt;detail&gt; Radiation enteritis &lt;/detail&gt;&lt;detail&gt; Short bowel syndrome  (for example from surgery or an inherited problem)&lt;/detail&gt;&lt;detail&gt;Sprue&lt;/detail&gt;&lt;detail&gt; Whipple disease &lt;/detail&gt;&lt;detail&gt;Small bowel bacterial overgrowth &lt;/detail&gt;</WhatAbnormalResultsMean><AlternativeNames>&lt;detail&gt;Quantitative stool fat determination&lt;/detail&gt;&lt;detail&gt; Fat absorption&lt;/detail&gt;</AlternativeNames><Images><value><img_name>Digestive system organs</img_name><img_url>https://medlineplus.gov/ency/images/ency/fullsize/8710.jpg</img_url></value></Images></item>
<item><title>Fecal culture</title><url>https://medlineplus.gov/ency/article/003758.htm</url><HowtoPreparefortheTest>&lt;text&gt;You will get a collection container for the stool specimen. &lt;/text&gt;</HowtoPreparefortheTest><WhytheTestisPerformed>&lt;text&gt;The test is performed when your health care provider suspects that you may have a gastrointestinal infection. It may be done if you have severe  diarrhea  that does not go away or that keeps coming back.&lt;/text&gt;</WhytheTestisPerformed><NormalResults>&lt;text&gt;There are no abnormal bacteria or other organisms in the sample.&lt;/text&gt;&lt;text&gt;Talk to your provider about the meaning of your specific test results.&lt;/text&gt;</NormalResults><WhatAbnormalResultsMean>&lt;text&gt;Abnormal results may mean you have an  intestinal infection .&lt;/text&gt;</WhatAbnormalResultsMean><AlternativeNames>&lt;detail&gt;Stool culture&lt;/detail&gt;&lt;detail&gt; Culture - stool&lt;/detail&gt;&lt;detail&gt; Gastroenteritis fecal culture&lt;/detail&gt;</AlternativeNames><Images><value><img_name>Salmonella typhi organism</img_name><img_url>https://medlineplus.gov/ency/images/ency/fullsize/1048.jpg</img_url></value><value><img_name>Yersinia enterocolitica organism</img_name><img_url>https://medlineplus.gov/ency/images/ency/fullsize/1049.jpg</img_url></value><value><img_name>Campylobacter jejuni organism</img_name><img_url>https://medlineplus.gov/ency/images/ency/fullsize/1050.jpg</img_url></value><value><img_name>Clostridium difficile organism</img_name><img_url>https://medlineplus.gov/ency/images/ency/fullsize/1051.jpg</img_url></value></Images></item>
<item><title>Factor XII assay</title><url>https://medlineplus.gov/ency/article/003681.htm</url><HowtoPreparefortheTest>&lt;text&gt;No special preparation is needed.&lt;/text&gt;</HowtoPreparefortheTest><WhytheTestisPerformed>&lt;text&gt;Your health care provider may want you to have this test if you had abnormal results on the  partial thromboplastin time (PTT) blood-clotting test . You may also need the test if a family member is known to have  factor XII deficiency .&lt;/text&gt;</WhytheTestisPerformed><NormalResults>&lt;text&gt;A normal value is 50% to 200% of the laboratory control or reference value.&lt;/text&gt;&lt;text&gt;Normal value ranges may vary slightly among different laboratories. Some labs use different measurements or may test different samples. Talk to your provider about the meaning of your specific test results.&lt;/text&gt;</NormalResults><WhatAbnormalResultsMean>&lt;text&gt;Decreased factor XII activity may indicate:&lt;/text&gt;&lt;detail&gt;Inherited (congenital) deficiency of factor XII&lt;/detail&gt;&lt;detail&gt; Liver disease &lt;/detail&gt;</WhatAbnormalResultsMean><AlternativeNames>&lt;detail&gt;Hageman factor assay&lt;/detail&gt;</AlternativeNames></item>
<item><title>Factor X assay</title><url>https://medlineplus.gov/ency/article/003680.htm</url><HowtoPreparefortheTest>&lt;text&gt;You may need to stop taking some medicines before this test. Your health care provider will tell you which ones.&lt;/text&gt;</HowtoPreparefortheTest><WhytheTestisPerformed>&lt;text&gt;This test may be used to find the cause of excessive bleeding (decreased blood clotting). The decreased clotting may be caused by an abnormally low level of factor X.&lt;/text&gt;</WhytheTestisPerformed><NormalResults>&lt;text&gt;A normal value is 50% to 200% of the laboratory control or reference value.&lt;/text&gt;&lt;text&gt;Normal value ranges may vary slightly among different laboratories. Some labs use different measurements or may test different samples. Talk to your provider about the meaning of your specific test results.&lt;/text&gt;</NormalResults><WhatAbnormalResultsMean>&lt;text&gt;Decreased factor X activity may be related to:&lt;/text&gt;&lt;detail&gt;Disorder in which abnormal proteins build up in tissues and organs ( amyloidosis )&lt;/detail&gt;&lt;detail&gt; Deficiency of factor X that is present at birth (congenital) &lt;/detail&gt;&lt;detail&gt;Disorder in which the proteins that control blood clotting become over active ( disseminated intravascular coagulation )&lt;/detail&gt;&lt;detail&gt;Fat  malabsorption  (not absorbing enough fat from your diet)&lt;/detail&gt;&lt;detail&gt;Heparin use&lt;/detail&gt;&lt;detail&gt; Liver disease &lt;/detail&gt;&lt;detail&gt; Vitamin K  deficiency&lt;/detail&gt;&lt;detail&gt;Taking the blood thinning drug called warfarin (Coumadin)&lt;/detail&gt;</WhatAbnormalResultsMean><AlternativeNames>&lt;detail&gt;Stuart-Prower factor&lt;/detail&gt;</AlternativeNames></item>
<item><title>Factor VIII assay</title><url>https://medlineplus.gov/ency/article/003678.htm</url><HowtoPreparefortheTest>&lt;text&gt;No special preparation is needed.&lt;/text&gt;</HowtoPreparefortheTest><WhytheTestisPerformed>&lt;text&gt;This test is used to find the cause of too much bleeding (decreased blood clotting). Or, it may be ordered if a family member is known to have  hemophilia A . The test may also be done to see how well treatment for hemophilia A is working.&lt;/text&gt;</WhytheTestisPerformed><NormalResults>&lt;text&gt;A normal value is 50% to 200% of the laboratory control or reference value.&lt;/text&gt;&lt;text&gt;Normal value ranges may vary slightly among different laboratories. Some labs use different measurements or may test different samples. Talk to your health care provider about the meaning of your specific test results.&lt;/text&gt;</NormalResults><WhatAbnormalResultsMean>&lt;text&gt;Decreased factor VIII activity may be due to:&lt;/text&gt;&lt;detail&gt;Hemophilia A&lt;/detail&gt;&lt;detail&gt;Disorder in which the proteins that control blood clotting become over active  disseminated intravascular coagulation  (DIC)&lt;/detail&gt;&lt;detail&gt;Presence of a Factor VIII inhibitor (antibody)&lt;/detail&gt;&lt;detail&gt; Von Willebrand disease  (another type of bleeding disorder) &lt;/detail&gt;&lt;text&gt;Increased activity may be due to:&lt;/text&gt;&lt;detail&gt;Older age&lt;/detail&gt;&lt;detail&gt;Diabetes&lt;/detail&gt;&lt;detail&gt;Liver disease&lt;/detail&gt;&lt;detail&gt;Inflammation&lt;/detail&gt;&lt;detail&gt;Pregnancy&lt;/detail&gt;&lt;detail&gt;Obesity &lt;/detail&gt;</WhatAbnormalResultsMean><AlternativeNames>&lt;detail&gt;Plasma factor VIII antigen&lt;/detail&gt;&lt;detail&gt; Antihemophilia factor&lt;/detail&gt;&lt;detail&gt; AHF&lt;/detail&gt;</AlternativeNames></item>
<item><title>Factor VII assay</title><url>https://medlineplus.gov/ency/article/003676.htm</url><HowtoPreparefortheTest>&lt;text&gt;You may need to temporarily stop taking some medicines before this test. Your health care provider will tell you which ones.&lt;/text&gt;</HowtoPreparefortheTest><WhytheTestisPerformed>&lt;text&gt;This test is used to find the cause of abnormal bleeding (decreased blood clotting). This decreased clotting may be caused by an abnormally low level of factor VII.&lt;/text&gt;</WhytheTestisPerformed><NormalResults>&lt;text&gt;The normal value is 50% to 200% of the laboratory control or reference value.&lt;/text&gt;&lt;text&gt;Normal value ranges may vary slightly among different laboratories. Some labs use different measurements or may test different samples. Talk to your provider about the meaning of your specific test results.&lt;/text&gt;</NormalResults><WhatAbnormalResultsMean>&lt;text&gt;Decreased factor VII activity may be related to:&lt;/text&gt;&lt;detail&gt; Deficiency of factor VII &lt;/detail&gt;&lt;detail&gt;Disorder in which the proteins that control blood clotting become over active ( disseminated intravascular coagulation )&lt;/detail&gt;&lt;detail&gt;Fat  malabsorption  (not absorbing enough fat from your diet)&lt;/detail&gt;&lt;detail&gt; Liver disease  (such as  cirrhosis )&lt;/detail&gt;&lt;detail&gt; Vitamin K  deficiency&lt;/detail&gt;&lt;detail&gt;Taking the blood thinning drug called warfarin (Coumadin)&lt;/detail&gt;</WhatAbnormalResultsMean><AlternativeNames>&lt;detail&gt;Stable factor&lt;/detail&gt;&lt;detail&gt; Proconvertin&lt;/detail&gt;&lt;detail&gt; Autoprothrombin I&lt;/detail&gt;</AlternativeNames></item>
<item><title>Factor V assay</title><url>https://medlineplus.gov/ency/article/003675.htm</url><HowtoPreparefortheTest>&lt;text&gt;No special preparation is needed.&lt;/text&gt;</HowtoPreparefortheTest><WhytheTestisPerformed>&lt;text&gt;This test is used to find the cause of too much bleeding (decreased blood clotting). This decreased clotting may be caused by an abnormally low level of factor V.&lt;/text&gt;</WhytheTestisPerformed><NormalResults>&lt;text&gt;The value is normally 50% to 200% of the laboratory control or reference value.&lt;/text&gt;&lt;text&gt;Normal value ranges may vary slightly among different laboratories. Some labs use different measurements or may test different samples. Talk to your health care provider about the meaning of your specific test results.&lt;/text&gt;</NormalResults><WhatAbnormalResultsMean>&lt;text&gt;Decreased factor V activity may be related to:&lt;/text&gt;&lt;detail&gt; Deficiency of factor V &lt;/detail&gt;&lt;detail&gt;Disorder in which the proteins that control blood clotting become over active ( disseminated intravascular coagulation )&lt;/detail&gt;&lt;detail&gt; Liver disease  (such as  cirrhosis )&lt;/detail&gt;&lt;detail&gt;Abnormal breakdown of blood clots (secondary fibrinolysis)&lt;/detail&gt;</WhatAbnormalResultsMean><AlternativeNames>&lt;detail&gt;Labile factor&lt;/detail&gt;&lt;detail&gt; Proaccelerin&lt;/detail&gt;&lt;detail&gt; Ac-globulin&lt;/detail&gt;</AlternativeNames></item>
<item><title>Factor IX assay</title><url>https://medlineplus.gov/ency/article/003679.htm</url><HowtoPreparefortheTest>&lt;text&gt;You may need to stop taking some medicines before this test. Your health care provider will tell you which ones.&lt;/text&gt;</HowtoPreparefortheTest><WhytheTestisPerformed>&lt;text&gt;This test is used to find the cause of too much bleeding (decreased blood clotting). Or, it may be ordered if a family member is known to have  hemophilia B . The test may also be done to see how well treatment for hemophilia B is working.&lt;/text&gt;</WhytheTestisPerformed><NormalResults>&lt;text&gt;A normal value is 50% to 200% of the laboratory control or reference value.&lt;/text&gt;&lt;text&gt;Normal value ranges may vary slightly among different laboratories. Some labs use different measurements or may test different samples. Talk to your provider about the meaning of your specific test results.&lt;/text&gt;&lt;text&gt;The examples above show the common measurements for results for these tests. &lt;/text&gt;</NormalResults><WhatAbnormalResultsMean>&lt;text&gt;Decreased factor IX activity may be related to:&lt;/text&gt;&lt;detail&gt; Hemophilia B &lt;/detail&gt;&lt;detail&gt;Disorder in which the proteins that control blood clotting become over active ( disseminated intravascular coagulation )&lt;/detail&gt;&lt;detail&gt;Fat  malabsorption  (not absorbing enough fat from your diet)&lt;/detail&gt;&lt;detail&gt; Liver disease  (such as  cirrhosis )&lt;/detail&gt;&lt;detail&gt; Vitamin K  deficiency&lt;/detail&gt;&lt;detail&gt;Taking the blood thinning drug called warfarin (Coumadin) &lt;/detail&gt;</WhatAbnormalResultsMean><AlternativeNames>&lt;detail&gt;Christmas factor assay&lt;/detail&gt;&lt;detail&gt; Serum factor IX&lt;/detail&gt;&lt;detail&gt; Hemophilic factor B&lt;/detail&gt;&lt;detail&gt; Plasma thromboplastin component&lt;/detail&gt;&lt;detail&gt; PTC&lt;/detail&gt;</AlternativeNames></item>
<item><title>Factor II assay</title><url>https://medlineplus.gov/ency/article/003674.htm</url><HowtoPreparefortheTest>&lt;text&gt;No special preparation is needed.&lt;/text&gt;</HowtoPreparefortheTest><WhytheTestisPerformed>&lt;text&gt;This test is used to find the cause of too much bleeding (decreased blood clotting). This decreased clotting may be caused by an abnormally low level of factor II, a disorder called  factor II deficiency .&lt;/text&gt;</WhytheTestisPerformed><NormalResults>&lt;text&gt;The value should be 50% to 200% of the laboratory control or reference value.&lt;/text&gt;&lt;text&gt;Normal value ranges may vary slightly among different laboratories. Some labs use different measurements or may test different samples. Talk to your health care provider about the meaning of your specific test results.&lt;/text&gt;</NormalResults><WhatAbnormalResultsMean>&lt;text&gt;Decreased factor II activity may be the result of:&lt;/text&gt;&lt;detail&gt;   Deficiency of factor II   &lt;/detail&gt;&lt;detail&gt;Disorder in which the proteins that control blood clotting become over active ( disseminated intravascular coagulation )&lt;/detail&gt;&lt;detail&gt;Fat  malabsorption  (not enough fat absorbed in the diet)&lt;/detail&gt;&lt;detail&gt; Liver disease  (such as  cirrhosis )&lt;/detail&gt;&lt;detail&gt; Vitamin K  deficiency&lt;/detail&gt;&lt;detail&gt;Taking the blood thinning drug called warfarin (Coumadin)&lt;/detail&gt;</WhatAbnormalResultsMean><AlternativeNames>&lt;detail&gt;Prothrombin assay&lt;/detail&gt;</AlternativeNames></item>
<item><title>Gum biopsy</title><url>https://medlineplus.gov/ency/article/003852.htm</url><HowtoPreparefortheTest>&lt;text&gt;You may be told not to eat for a few hours before the biopsy.&lt;/text&gt;</HowtoPreparefortheTest><WhytheTestisPerformed>&lt;text&gt;This test is done to look for the cause of abnormal gum tissue.&lt;/text&gt;</WhytheTestisPerformed><NormalResults>&lt;text&gt;This test is only done when gum tissue looks abnormal.&lt;/text&gt;</NormalResults><WhatAbnormalResultsMean>&lt;text&gt;Abnormal results may indicate:&lt;/text&gt;&lt;detail&gt; Amyloid &lt;/detail&gt;&lt;detail&gt;Noncancerous  mouth sores  (the specific cause can be determined in many cases)&lt;/detail&gt;&lt;detail&gt; Oral cancer  (for example,  squamous cell carcinoma )&lt;/detail&gt;</WhatAbnormalResultsMean><AlternativeNames>&lt;detail&gt;Biopsy - gingiva (gums)&lt;/detail&gt;</AlternativeNames><Images><value><img_name>Gum biopsy</img_name><img_url>https://medlineplus.gov/ency/images/ency/fullsize/9357.jpg</img_url></value><value><img_name>Tooth anatomy</img_name><img_url>https://medlineplus.gov/ency/images/ency/fullsize/1121.jpg</img_url></value></Images></item>
<item><title>Growth hormone suppression test</title><url>https://medlineplus.gov/ency/article/003376.htm</url><HowtoPreparefortheTest>&lt;text&gt;DO NOT eat anything and limit physical activity for 10 to 12 hours before the test.&lt;/text&gt;&lt;text&gt;You may also be told to stop taking medicines that can affect the test results. These medicines include glucocorticoids such as prednisone, hydrocortisone, or dexamethasone. Check with your health care provider before stopping any medicines.&lt;/text&gt;&lt;text&gt;You will be asked to relax for at least 90 minutes before the test. This is because exercise or increased activity can change GH levels.&lt;/text&gt;&lt;text&gt;If your child is to have this test done, it may be helpful to explain how the test will feel and even demonstrate on a doll. The more familiar your child is with what will happen and why, the less anxiety the child will feel.&lt;/text&gt;</HowtoPreparefortheTest><WhytheTestisPerformed>&lt;text&gt;This test checks for a high level of GH, a condition that leads to  gigantism  in children and  acromegaly  in adults. It is not used as a routine screening test. This test is only done if you show signs of increased GH.&lt;/text&gt;</WhytheTestisPerformed><NormalResults>&lt;text&gt;Normal test results show a GH level of less than 1 ng/mL. In children, GH level may be increased due to reactive  hypoglycemia .&lt;/text&gt;&lt;text&gt;Normal value ranges may vary slightly among different laboratories. Some labs use different measurements or test different samples. Talk to your provider about the meaning of your specific test results.&lt;/text&gt;</NormalResults><WhatAbnormalResultsMean>&lt;text&gt;If the GH level is not changed and stays high during the suppression test, the provider will suspect gigantism or acromegaly. You may need to be retested to confirm the test results.&lt;/text&gt;</WhatAbnormalResultsMean><AlternativeNames>&lt;detail&gt;GH suppression test&lt;/detail&gt;&lt;detail&gt; Glucose loading test&lt;/detail&gt;&lt;detail&gt; Acromegaly - blood test&lt;/detail&gt;&lt;detail&gt; Gigantism - blood test&lt;/detail&gt;</AlternativeNames><Images><value><img_name>Blood test</img_name><img_url>https://medlineplus.gov/ency/images/ency/fullsize/10026.jpg</img_url></value></Images></item>
<item><title>Growth hormone stimulation test</title><url>https://medlineplus.gov/ency/article/003377.htm</url><HowtoPreparefortheTest>&lt;text&gt;DO NOT eat for 10 to 12 hours before the test. Eating food can change the test results.&lt;/text&gt;&lt;text&gt;Some medicines can affect the test results. Ask your provider if you should stop taking any of your medicines before the test.&lt;/text&gt;&lt;text&gt;If your child will have this test, explain how the test will feel. You may want to demonstrate on a doll. The more familiar your child is with what will happen and the purpose of the procedure, the less anxiety he or she will feel.&lt;/text&gt;</HowtoPreparefortheTest><WhytheTestisPerformed>&lt;text&gt;This test is most often done to find out whether a  growth hormone deficiency  (GH deficiency) is causing slowed growth.&lt;/text&gt;</WhytheTestisPerformed><NormalResults>&lt;text&gt;Normal results include:&lt;/text&gt;&lt;detail&gt;Normal peak value, at least 10 ng/mL (10 µg/L)&lt;/detail&gt;&lt;detail&gt;Indeterminate, 5 to 10 ng/mL (5 to 10 µg/L)&lt;/detail&gt;&lt;detail&gt;Subnormal, 5 ng/mL (5 µg/L)&lt;/detail&gt;&lt;text&gt;A normal value rules out hGH deficiency. In some laboratories, the normal level is 7 ng/mL (7 µg/L).&lt;/text&gt;&lt;text&gt;Normal value ranges may vary slightly among different laboratories. Some labs use different measurements or test different samples. Talk to your provider about the meaning of your specific test results.&lt;/text&gt;</NormalResults><WhatAbnormalResultsMean>&lt;text&gt;If this test does not raise GH levels, there is a reduced amount of hGH stored in the  anterior  pituitary.&lt;/text&gt;&lt;text&gt;In children, this results in GH deficiency. In adults, it may be linked to adult GH deficiency.&lt;/text&gt;</WhatAbnormalResultsMean><AlternativeNames>&lt;detail&gt;Arginine test&lt;/detail&gt;&lt;detail&gt; Arginine - GHRH test &lt;/detail&gt;</AlternativeNames><Images><value><img_name>Growth hormone stimulation test</img_name><img_url>https://medlineplus.gov/ency/images/ency/fullsize/9356.jpg</img_url></value></Images></item>
<item><title>Gram stain of urethral discharge</title><url>https://medlineplus.gov/ency/article/003749.htm</url><HowtoPreparefortheTest>&lt;text&gt;This test is often performed in the health care provider's office.&lt;/text&gt;</HowtoPreparefortheTest><WhytheTestisPerformed>&lt;text&gt;The test is performed when an abnormal urethral discharge is present. It may be performed if a sexually transmitted infection is suspected.&lt;/text&gt;</WhytheTestisPerformed><NormalResults>&lt;text&gt;Normal value ranges may vary slightly among different laboratories. Some labs use different measurements or test different samples. Talk to your provider about the meaning of your specific test results.&lt;/text&gt;</NormalResults><WhatAbnormalResultsMean>&lt;text&gt;Abnormal results may indicate  gonorrhea  or other infections.&lt;/text&gt;</WhatAbnormalResultsMean><AlternativeNames>&lt;detail&gt;Urethral discharge Gram stain&lt;/detail&gt;&lt;detail&gt; Urethritis - Gram stain&lt;/detail&gt;</AlternativeNames><Images><value><img_name>Gram stain of urethral discharge</img_name><img_url>https://medlineplus.gov/ency/images/ency/fullsize/9354.jpg</img_url></value></Images></item>
<item><title>Gram stain of tissue biopsy</title><url>https://medlineplus.gov/ency/article/003453.htm</url><HowtoPreparefortheTest>&lt;text&gt;If the biopsy is included as part of a surgical procedure, you will be asked not to eat or drink anything the night before surgery. If the biopsy is of a superficial (on the surface of the body) tissue, you may be asked not to eat or drink for several hours before the procedure.&lt;/text&gt;</HowtoPreparefortheTest><WhytheTestisPerformed>&lt;text&gt;The test is performed when an infection of a body tissue is suspected.&lt;/text&gt;</WhytheTestisPerformed><NormalResults>&lt;text&gt;Whether there are bacteria, and what type there are, depends on the tissue being biopsied. Some tissues in the body are sterile, such as the brain. Other tissues, such as the gut, normally contain bacteria.&lt;/text&gt;&lt;text&gt;Note: Normal value ranges may vary slightly among different laboratories. Talk to your doctor about the meaning of your specific test results.&lt;/text&gt;</NormalResults><WhatAbnormalResultsMean>&lt;text&gt;Abnormal results usually mean there is an infection in the tissue. More tests, such as culturing the tissue that was removed, are often needed to identify the type of bacteria.&lt;/text&gt;</WhatAbnormalResultsMean><AlternativeNames>&lt;detail&gt;Tissue biopsy - Gram stain&lt;/detail&gt;</AlternativeNames><Images><value><img_name>Gram stain of tissue biopsy</img_name><img_url>https://medlineplus.gov/ency/images/ency/fullsize/9353.jpg</img_url></value></Images></item>
<item><title>Gram stain of skin lesion</title><url>https://medlineplus.gov/ency/article/003760.htm</url><HowtoPreparefortheTest>&lt;text&gt;No preparation is needed for the laboratory test. Tell your provider if you have a history of bleeding problems because you may bleed slightly during the biopsy.&lt;/text&gt;</HowtoPreparefortheTest><WhytheTestisPerformed>&lt;text&gt;Your provider may order this test if you have signs of an infected skin sore. The test is done to determine which bacteria caused the infection.&lt;/text&gt;</WhytheTestisPerformed><NormalResults>&lt;text&gt;The test is normal if no bacteria are found.&lt;/text&gt;&lt;text&gt;Normal value ranges may vary slightly among different laboratories. Some labs use different measurements or test different samples. Talk to your doctor about the meaning of your specific test results. Other tests may be done to help diagnose the problem.&lt;/text&gt;</NormalResults><WhatAbnormalResultsMean>&lt;text&gt;An abnormal result means bacteria have been found in the skin lesion. Further tests are needed to confirm the results. This allows your healthcare provider to prescribe the appropriate antibiotic or other treatment.&lt;/text&gt;</WhatAbnormalResultsMean><AlternativeNames>&lt;detail&gt;Skin lesion gram stain&lt;/detail&gt;</AlternativeNames><Images><value><img_name>Viral lesion culture</img_name><img_url>https://medlineplus.gov/ency/images/ency/fullsize/10027.jpg</img_url></value></Images></item>
<item><title>Gram stain</title><url>https://medlineplus.gov/ency/article/007621.htm</url><HowtoPreparefortheTest>&lt;text&gt;Your provider will tell you what to do to prepare for the test. For some types of tests, you will not need to do anything.&lt;/text&gt;</HowtoPreparefortheTest><WhytheTestisPerformed>&lt;text&gt;You may have this test to diagnose an infection caused by bacteria. It can also identify the type of bacteria causing the infection.&lt;/text&gt;&lt;text&gt;This test can help find the cause of various health problems, including:&lt;/text&gt;&lt;detail&gt;Intestinal infection or illness&lt;/detail&gt;&lt;detail&gt;Sexually transmitted diseases (STDs)&lt;/detail&gt;&lt;detail&gt;Unexplained swelling or joint pain&lt;/detail&gt;&lt;detail&gt;Signs of a heart infection or fluid buildup in the thin sac that surrounds the heart (pericardium)&lt;/detail&gt;&lt;detail&gt;Signs of infection of the space around the lungs (pleural space)&lt;/detail&gt;&lt;detail&gt;Cough that will not go away, or if you are coughing up material with a foul odor or odd color&lt;/detail&gt;&lt;detail&gt;Infected skin sore&lt;/detail&gt;</WhytheTestisPerformed><NormalResults>&lt;text&gt;A normal result means that no bacteria or only "friendly" bacteria were found. Some types of bacteria normally live in certain areas of the body, such as the intestines. Bacteria normally don't live in other areas, such as the brain or spinal fluid.&lt;/text&gt;&lt;text&gt;Talk to your provider about the meaning of your specific test results.&lt;/text&gt;</NormalResults><WhatAbnormalResultsMean>&lt;text&gt;Abnormal results may indicate an infection. You will need further tests, such as a culture, to find out more about the infection.&lt;/text&gt;</WhatAbnormalResultsMean><AlternativeNames>&lt;detail&gt;Urethral discharge - Gram stain&lt;/detail&gt;&lt;detail&gt; Feces - Gram stain&lt;/detail&gt;&lt;detail&gt; Stool - Gram stain&lt;/detail&gt;&lt;detail&gt; Joint fluid - Gram stain&lt;/detail&gt;&lt;detail&gt; Pericardial fluid - Gram stain&lt;/detail&gt;&lt;detail&gt; Gram stain of urethral discharge&lt;/detail&gt;&lt;detail&gt; Gram stain of the cervix&lt;/detail&gt;&lt;detail&gt; Pleural fluid - Gram stain&lt;/detail&gt;&lt;detail&gt; Sputum - Gram stain&lt;/detail&gt;&lt;detail&gt; Skin lesion - Gram stain&lt;/detail&gt;&lt;detail&gt; Gram stain of skin lesion&lt;/detail&gt;&lt;detail&gt; Gram stain of tissue biopsy&lt;/detail&gt;</AlternativeNames></item>
<item><title>Glucose-6-phosphate dehydrogenase test</title><url>https://medlineplus.gov/ency/article/003671.htm</url><HowtoPreparefortheTest>&lt;text&gt;No special preparation is usually necessary.&lt;/text&gt;</HowtoPreparefortheTest><WhytheTestisPerformed>&lt;text&gt;Your health care provider may recommend this test if you have signs of  G6PD deficiency . This means you do not have enough G6PD activity.&lt;/text&gt;&lt;text&gt;Too little G6PD activity leads to the destruction of red blood cells. This process is called  hemolysis . When this process is actively occurring, it is called a hemolytic episode.&lt;/text&gt;&lt;text&gt;Hemolytic episodes can be triggered by infections, certain foods (such as fava beans), and certain medicines, including:&lt;/text&gt;&lt;detail&gt;Drugs used to reduce fever&lt;/detail&gt;&lt;detail&gt;Nitrofurantoin&lt;/detail&gt;&lt;detail&gt;Phenacetin&lt;/detail&gt;&lt;detail&gt;Primaquine&lt;/detail&gt;&lt;detail&gt;Sulfonamides&lt;/detail&gt;&lt;detail&gt;Thiazide diuretics&lt;/detail&gt;&lt;detail&gt;Tolbutamide&lt;/detail&gt;&lt;detail&gt;Quinidine&lt;/detail&gt;</WhytheTestisPerformed><NormalResults>&lt;text&gt;Normal values vary and depend upon the laboratory used. Some labs use different measurements or test different samples. Talk to your provider about the meaning of your specific test results.  &lt;/text&gt;</NormalResults><WhatAbnormalResultsMean>&lt;text&gt;Abnormal results mean you have a G6PD deficiency. This can cause  hemolytic anemia  in certain conditions.&lt;/text&gt;</WhatAbnormalResultsMean><AlternativeNames>&lt;detail&gt;RBC G6PD test&lt;/detail&gt;&lt;detail&gt; G6PD screen&lt;/detail&gt;</AlternativeNames></item>
<item><title>Glucose urine test</title><url>https://medlineplus.gov/ency/article/003581.htm</url><HowtoPreparefortheTest>&lt;text&gt;Certain medicines can change the result of this test. Before the test, tell your provider which medicines you are taking. DO NOT stop taking any medicine before talking to your provider.&lt;/text&gt;</HowtoPreparefortheTest><WhytheTestisPerformed>&lt;text&gt;This test was commonly used to test for and monitor diabetes in the past. Now, blood tests to measure glucose level in the blood are easy to do and are used instead of the glucose urine test.&lt;/text&gt;&lt;text&gt;The glucose urine test may be ordered when the doctor suspects renal glycosuria. This is a rare condition in which glucose is released from the kidneys into the urine, even when the blood glucose level is normal.&lt;/text&gt;</WhytheTestisPerformed><NormalResults>&lt;text&gt;Glucose is not usually found in urine. If it is, further testing is needed.&lt;/text&gt;&lt;text&gt;Normal glucose range in urine: 0 to 0.8 mmol/l (0 to 15 mg/dL)&lt;/text&gt;&lt;text&gt;The examples above are common measurements for results of these tests. Normal value ranges may vary slightly among different laboratories. Some labs use different measurements or test different samples. Talk to your health care provider about the meaning of your specific test results.&lt;/text&gt;</NormalResults><WhatAbnormalResultsMean>&lt;text&gt;Higher than normal levels of glucose may occur with:&lt;/text&gt;&lt;detail&gt; Diabetes : Small increases in urine glucose levels after a large meal are not always a cause for concern.    &lt;/detail&gt;&lt;detail&gt;Pregnancy: Up to half of women have glucose in their urine at some time during pregnancy. Glucose in the urine may mean that a woman has  gestational diabetes .&lt;/detail&gt;&lt;detail&gt;Renal glycosuria: A rare condition in which glucose is released from the kidneys into the urine, even when blood glucose levels are normal.  &lt;/detail&gt;</WhatAbnormalResultsMean><AlternativeNames>&lt;detail&gt;Urine sugar test&lt;/detail&gt;&lt;detail&gt; Urine glucose test&lt;/detail&gt;&lt;detail&gt; Glucosuria test&lt;/detail&gt;&lt;detail&gt; Glycosuria test&lt;/detail&gt;</AlternativeNames><Images><value><img_name>Male urinary system</img_name><img_url>https://medlineplus.gov/ency/images/ency/fullsize/10022.jpg</img_url></value></Images></item>
<item><title>Glucose screening tests during pregnancy</title><url>https://medlineplus.gov/ency/article/007562.htm</url><HowtoPreparefortheTest>&lt;text&gt;For either the two-step test or one-step test, eat your normal food in the days before your test. Ask your health care provider if any of the medicines you take can affect your test results. &lt;/text&gt;</HowtoPreparefortheTest><WhytheTestisPerformed>&lt;text&gt;This test checks for  gestational diabetes . Most pregnant women have a glucose screening test between 24 and 28 weeks of pregnancy. The test may be done earlier if you have a high glucose level in your urine during your routine prenatal visits, or if you have a high risk for diabetes.&lt;/text&gt;&lt;text&gt;Women who have a low risk for diabetes may not have the screening test. To be low-risk, all of these statements must be true:&lt;/text&gt;&lt;detail&gt;You have never had a test that showed your blood glucose was higher than normal.&lt;/detail&gt;&lt;detail&gt;Your ethnic group has a low risk for diabetes.&lt;/detail&gt;&lt;detail&gt;You DO NOT have any first-degree relatives (parent, sibling, or child) with diabetes.&lt;/detail&gt;&lt;detail&gt;You are younger than 25 years old and have a normal weight.&lt;/detail&gt;&lt;detail&gt;You have not had any bad outcomes during an earlier pregnancy. &lt;/detail&gt;</WhytheTestisPerformed><NormalResults>&lt;text&gt;TWO-STEP TESTING&lt;/text&gt;&lt;text&gt;Most of the time, a normal result for the glucose screening test is a blood sugar that is equal to or less than 140 mg/dL (7.8 mmol/L) 1 hour after drinking the glucose solution. A normal result means you DO NOT have gestational diabetes.&lt;/text&gt;&lt;text&gt;Note: mg/dL means milligrams per deciliter and mmol/L means millimoles per liter. These are two ways to indicate how much glucose is in the blood.&lt;/text&gt;&lt;text&gt;If your blood glucose is higher than 140 mg/dL (7.8 mmol/L), the next step is the oral glucose tolerance test. This test will show if you have gestational diabetes. Most women (about 2 out of 3) who take this test DO NOT have gestational diabetes.&lt;/text&gt;&lt;text&gt;ONE-STEP TESTING&lt;/text&gt;&lt;text&gt;If your glucose level is lower than the abnormal results described below, you do not have gestational diabetes.&lt;br&gt;&lt;/text&gt;</NormalResults><WhatAbnormalResultsMean>&lt;text&gt;TWO-STEP TESTING&lt;/text&gt;&lt;text&gt;Abnormal blood values for a 3-hour 100-gram oral glucose tolerance test are:&lt;/text&gt;&lt;detail&gt;Fasting: greater than 95 mg/dL (5.3 mmol/L)&lt;/detail&gt;&lt;detail&gt;1 hour: greater than 180 mg/dL (10.0 mmol/L)&lt;/detail&gt;&lt;detail&gt;2 hour: greater than 155 mg/dL (8.6 mmol/L)&lt;/detail&gt;&lt;detail&gt;3 hour: greater than 140 mg/dL (7.8 mmol/L)&lt;/detail&gt;&lt;text&gt;ONE-STEP TESTING&lt;/text&gt;&lt;text&gt;Abnormal blood values for a 2-hour 75-gram oral glucose tolerance test are:&lt;/text&gt;&lt;detail&gt;Fasting: greater than 92 mg/dL (5.1 mmol/L)&lt;/detail&gt;&lt;detail&gt;1 hour: greater than 180 mg/dL (10.0 mmol/L)&lt;/detail&gt;&lt;detail&gt;2 hour: greater than 153 mg/dL (8.5 mmol/L)&lt;/detail&gt;&lt;text&gt;If only one of your blood glucose results in the oral glucose tolerance test is higher than normal, your provider may simply suggest you change some of the foods you eat. Then, your provider may test you again after you have changed your diet.&lt;/text&gt;&lt;text&gt;If more than one of your blood glucose results is higher than normal, you have gestational diabetes.&lt;/text&gt;</WhatAbnormalResultsMean><AlternativeNames>&lt;detail&gt;Oral glucose tolerance test - pregnancy&lt;/detail&gt;&lt;detail&gt; OGTT - pregnancy&lt;/detail&gt;&lt;detail&gt; Glucose challenge test - pregnancy&lt;/detail&gt;&lt;detail&gt; Gestational diabetes - glucose screening&lt;/detail&gt;</AlternativeNames></item>
<item><title>Glucagon blood test</title><url>https://medlineplus.gov/ency/article/003716.htm</url><HowtoPreparefortheTest>&lt;text&gt;Your health care provider will tell you if you need to fast (not eat anything) for a period of time before the test.&lt;/text&gt;</HowtoPreparefortheTest><WhytheTestisPerformed>&lt;text&gt;Glucagon stimulates the liver to release glucose. As the level of blood sugar decreases, the pancreas releases more glucagon. And as blood sugar increases, the pancreas releases less glucagon. &lt;/text&gt;&lt;text&gt;The provider may measure glucagon level if a person has symptoms of:&lt;/text&gt;&lt;detail&gt;Diabetes&lt;/detail&gt;&lt;detail&gt; Glucagonoma  (rare tumor of the pancreas) with symptoms of a skin rash called necrotizing migratory erythema, weight loss, mild diabetes,  anemia ,  stomatitis ,  glossitis &lt;/detail&gt;&lt;detail&gt; Growth hormone deficiency in children &lt;/detail&gt;&lt;detail&gt;Liver  cirrhosis  (scarring of the liver and poor liver function)&lt;/detail&gt;&lt;detail&gt;Low blood sugar ( hypoglycemia )&lt;/detail&gt;&lt;detail&gt; Multiple endocrine neoplasia type I  (disease in which one or more of the endocrine glands are overactive or form a tumor)&lt;/detail&gt;&lt;detail&gt; Pancreatitis  (inflammation of the pancreas) &lt;/detail&gt;</WhytheTestisPerformed><NormalResults>&lt;text&gt;The normal range is 50 to 100 pg/mL.&lt;/text&gt;&lt;text&gt;Normal value ranges may vary slightly among different laboratories. Some labs use different measurements or test different samples. Talk to your doctor about the meaning of your specific test results.&lt;/text&gt;</NormalResults><WhatAbnormalResultsMean>&lt;text&gt;Abnormal results may indicate that the person may have a condition described above under Why the Test is Performed.&lt;/text&gt;&lt;text&gt;Some experts now believe that high glucagon levels in the blood contribute to the development of diabetes instead of just a low level of insulin. Medicines are being developed to decrease glucagon levels or block the signal from glucagon in the liver.&lt;/text&gt;&lt;text&gt;When your blood sugar is low, the level of glucagon in your blood should be high. If it is not increased, this can help identify people that are at higher risk of severe hypoglycemia that can be dangerous.&lt;/text&gt;&lt;text&gt;Glucagon can be increased by prolonged fasting.&lt;/text&gt;</WhatAbnormalResultsMean><AlternativeNames>&lt;detail&gt;Glucagonoma - glucagon test&lt;/detail&gt;&lt;detail&gt; Multiple endocrine neoplasia type I - glucagon test&lt;/detail&gt;&lt;detail&gt; Hypoglycemia - glucagon test&lt;/detail&gt;&lt;detail&gt; Low blood sugar - glucagon test &lt;/detail&gt;</AlternativeNames></item>
<item><title>Glomerular filtration rate</title><url>https://medlineplus.gov/ency/article/007305.htm</url><HowtoPreparefortheTest>&lt;text&gt;Your health care provider may ask you to temporarily stop any medicines that may affect the test results. These include antibiotics and stomach acid medicines.&lt;/text&gt;&lt;text&gt;Be sure to tell your provider about all the medicines you take. Do not stop taking any medicine before talking to your doctor.&lt;/text&gt;&lt;text&gt;Tell your doctor if you are pregnant or think you might be. GFR is affected by pregnancy.&lt;/text&gt;</HowtoPreparefortheTest><WhytheTestisPerformed>&lt;text&gt;The GFR test measures how well your kidneys are filtering the blood. Your doctor may order this test if there are signs that your kidneys are not working well. It may also be done to see how far kidney disease has progressed.&lt;/text&gt;&lt;text&gt;The GFR test is recommended for people with chronic kidney disease. It is also recommended for persons who may develop kidney disease due to:&lt;/text&gt;&lt;detail&gt; Diabetes &lt;/detail&gt;&lt;detail&gt;Family history of kidney disease&lt;/detail&gt;&lt;detail&gt;Frequent urinary tract infections   &lt;/detail&gt;&lt;detail&gt; Heart disease &lt;/detail&gt;&lt;detail&gt; High blood pressure &lt;/detail&gt;&lt;detail&gt;Urinary blockage&lt;/detail&gt;</WhytheTestisPerformed><NormalResults>&lt;text&gt;According to the National Kidney Foundation, normal results range from 90 to 120 mL/min/1.73 m&lt;sup&gt;2&lt;/sup&gt;. Older people will have lower than normal GFR levels, because GFR decreases with age.&lt;/text&gt;&lt;text&gt;Normal value ranges may vary slightly among different laboratories. Some labs use different measurements or test different samples. Talk to your doctor about the meaning of your specific test results.&lt;/text&gt;</NormalResults><WhatAbnormalResultsMean>&lt;text&gt;Levels below 60 mL/min/1.73 m&lt;sup&gt;2&lt;/sup&gt; for 3 or more months are a sign of chronic kidney disease. A GFR lower than 15 mL/min/1.73 m&lt;sup&gt;2&lt;/sup&gt; is a sign of kidney failure and requires immediate medical attention.&lt;/text&gt;</WhatAbnormalResultsMean><AlternativeNames>&lt;detail&gt;GFR&lt;/detail&gt;&lt;detail&gt; Estimated GFR&lt;/detail&gt;&lt;detail&gt; eGFR&lt;/detail&gt;</AlternativeNames></item>
<item><title>Gastrin blood test</title><url>https://medlineplus.gov/ency/article/003697.htm</url><HowtoPreparefortheTest>&lt;text&gt;Certain medicines may affect the results of this test. Your health care provider will tell you if you need to stop taking any medicines. Do NOT stop taking any medicine before talking to your provider.&lt;/text&gt;&lt;text&gt;Medicines that can increase gastrin level include stomach acid reducers, such as antacids, H2 blockers (ranitidine and cimetidine), and proton pump inhibitors (omeprazole and pantoprazole).&lt;/text&gt;&lt;text&gt;Drugs that can decrease gastrin level include caffeine, corticosteroids, and the blood pressure drugs deserpidine, reserpine, and rescinnamine.&lt;/text&gt;</HowtoPreparefortheTest><WhytheTestisPerformed>&lt;text&gt;Gastrin is the main hormone that controls the release of acid in your stomach. When there is food in the stomach, gastrin is released into the blood. As the acid level rises in your stomach and intestines, your body normally makes less gastrin.&lt;/text&gt;&lt;text&gt;Your provider may order this test if you have signs or symptoms of a problem linked to an abnormal amount of gastrin. This includes  peptic ulcer disease .&lt;/text&gt;</WhytheTestisPerformed><NormalResults>&lt;text&gt;Normal values are generally less than 100 pg/mL (48.1 pmol/L).&lt;/text&gt;&lt;text&gt;Normal value ranges may vary slightly among different laboratories. Some labs use different measurements or test different samples. Talk to your provider about the meaning of your specific test result.&lt;/text&gt;</NormalResults><WhatAbnormalResultsMean>&lt;text&gt;Too much gastrin can causes severe peptic ulcer disease. A higher than normal level may also be due to:&lt;/text&gt;&lt;detail&gt;Chronic kidney disease&lt;/detail&gt;&lt;detail&gt;Long-term  gastritis &lt;/detail&gt;&lt;detail&gt;Over-activity of the gastrin-producing cells in the stomach (G-cell hyperplasia)&lt;/detail&gt;&lt;detail&gt;Helicobacter pylori infection of the stomach&lt;/detail&gt;&lt;detail&gt;Use of antacids or medicines to treat heartburn&lt;/detail&gt;&lt;detail&gt; Zollinger-Ellison syndrome , a gastrin-producing tumor that may develop in the stomach or pancreas&lt;/detail&gt;&lt;detail&gt;Decreased acid production in the stomach&lt;/detail&gt;&lt;detail&gt;Previous stomach surgery&lt;/detail&gt;</WhatAbnormalResultsMean><AlternativeNames>&lt;detail&gt;Peptic ulcer - gastrin blood test&lt;/detail&gt;</AlternativeNames></item>
<item><title>Gastric tissue biopsy and culture</title><url>https://medlineplus.gov/ency/article/003728.htm</url><HowtoPreparefortheTest>&lt;text&gt;Follow instructions on how to prepare for the procedure. You will likely be asked not to eat or drink anything for 6 to 12 hours before the procedure. &lt;/text&gt;</HowtoPreparefortheTest><WhytheTestisPerformed>&lt;text&gt;This test may be done to diagnose a  stomach ulcer  or the cause of other stomach symptoms. These symptoms may include:&lt;/text&gt;&lt;detail&gt;Loss of appetite or weight loss&lt;/detail&gt;&lt;detail&gt;Nausea and vomiting&lt;/detail&gt;&lt;detail&gt;Pain in the upper part of the belly&lt;/detail&gt;&lt;detail&gt;Black stools&lt;/detail&gt;&lt;detail&gt;Vomiting blood or coffee ground-like material &lt;/detail&gt;&lt;text&gt;A gastric tissue biopsy and culture can help detect:&lt;/text&gt;&lt;detail&gt;Cancer&lt;/detail&gt;&lt;detail&gt;Infections, most commonly Helicobacter pylori, the bacteria that can cause stomach ulcers &lt;/detail&gt;</WhytheTestisPerformed><NormalResults>&lt;text&gt;A gastric tissue biopsy is normal if it does not show cancer, other damage to the lining of the stomach, or signs of organisms that cause infection.&lt;/text&gt;&lt;text&gt;A gastric tissue culture may be considered normal if it does not show certain bacteria. Stomach acids normally prevent too much bacteria from growing.&lt;/text&gt;</NormalResults><WhatAbnormalResultsMean>&lt;text&gt;Abnormal results may be due to:&lt;/text&gt;&lt;detail&gt; Stomach (gastric) cancer &lt;/detail&gt;&lt;detail&gt; Gastritis , when the lining of the stomach becomes inflamed or swollen&lt;/detail&gt;&lt;detail&gt;Helicobacter pylori infection &lt;/detail&gt;</WhatAbnormalResultsMean><AlternativeNames>&lt;detail&gt;Culture - gastric tissue&lt;/detail&gt;&lt;detail&gt; Culture - stomach tissue&lt;/detail&gt;&lt;detail&gt; Biopsy - gastric tissue&lt;/detail&gt;&lt;detail&gt; Biopsy - stomach tissue&lt;/detail&gt;&lt;detail&gt; Upper endoscopy - gastric tissue biopsy&lt;/detail&gt;&lt;detail&gt; EGD - gastric tissue biopsy &lt;/detail&gt;</AlternativeNames><Images><value><img_name>Culture of gastric tissue biopsy</img_name><img_url>https://medlineplus.gov/ency/images/ency/fullsize/9343.jpg</img_url></value></Images></item>
<item><title>Gastric suction</title><url>https://medlineplus.gov/ency/article/003882.htm</url><HowtoPreparefortheTest>&lt;text&gt;In an emergency, such as when a person has swallowed poison or is vomiting blood, no preparation is needed for gastric suction.&lt;/text&gt;&lt;text&gt;If gastric suction is being done for testing, your health care provider may ask you not to eat overnight or to stop taking certain medicines.&lt;/text&gt;</HowtoPreparefortheTest><WhytheTestisPerformed>&lt;text&gt;This test may be done to:&lt;/text&gt;&lt;detail&gt;Remove poisons, harmful materials, or excess medicines from the stomach&lt;/detail&gt;&lt;detail&gt;Clean the stomach before an upper endoscopy ( EGD ) if you have been vomiting blood&lt;/detail&gt;&lt;detail&gt;Collect stomach acid&lt;/detail&gt;&lt;detail&gt;Relieve pressure if you have a blockage in the intestines &lt;/detail&gt;</WhytheTestisPerformed><AlternativeNames>&lt;detail&gt;Gastric lavage&lt;/detail&gt;&lt;detail&gt; Stomach pumping&lt;/detail&gt;&lt;detail&gt; Nasogastric tube suction&lt;/detail&gt;&lt;detail&gt; Bowel obstruction - suction&lt;/detail&gt;</AlternativeNames><Images><value><img_name>Gastric suction</img_name><img_url>https://medlineplus.gov/ency/images/ency/fullsize/8653.jpg</img_url></value></Images></item>
<item><title>Gastric culture</title><url>https://medlineplus.gov/ency/article/003378.htm</url><HowtoPreparefortheTest>&lt;text&gt;Your child will need to fast for 8 to 10 hours before the test. This means your child cannot eat and drink anything during that time. &lt;/text&gt;&lt;text&gt;The sample is collected in the morning. For this reason, your child will likely be admitted to the hospital the night before the test. The tube can then be placed in the evening, and the test done first thing in the morning.&lt;/text&gt;&lt;text&gt;How you prepare your child for this test depends on your child's age, past experience, and level of trust. Follow your provider's instructions on how to prepare your child.&lt;/text&gt;&lt;text&gt;Related topics include:&lt;/text&gt;&lt;detail&gt; Infant test or procedure preparation  (birth to 1 year)&lt;/detail&gt;&lt;detail&gt; Toddler test or procedure preparation  (1 to 3 years)&lt;/detail&gt;&lt;detail&gt; Preschooler test or procedure preparation  (3 to 6 years)&lt;/detail&gt;&lt;detail&gt; School age test or procedure preparation  (6 to 12 years)&lt;/detail&gt;&lt;detail&gt; Adolescent test or procedure preparation  (12 to 18 years) &lt;/detail&gt;</HowtoPreparefortheTest><WhytheTestisPerformed>&lt;text&gt;This test can help diagnose lung (pulmonary) TB in children. This method is used because children cannot cough up and spit out mucus until about age 8. They swallow the mucus, instead. (That is why young children only rarely spread TB to others.)&lt;/text&gt;&lt;text&gt;The test may also be done to help identify viruses, fungi, and bacteria in the gastric contents of people with cancer, AIDS, or other conditions that cause a weakened immune system.&lt;/text&gt;&lt;text&gt;The final results of the gastric culture test may take several weeks. Your provider will decide whether to start treatment before knowing the test results.&lt;/text&gt;</WhytheTestisPerformed><NormalResults>&lt;text&gt;The bacteria that cause TB are not found in the stomach contents.&lt;/text&gt;</NormalResults><WhatAbnormalResultsMean>&lt;text&gt;If the bacteria that cause TB grow from the gastric culture, TB is diagnosed. Because these bacteria grow slowly, it may take up to 6 weeks to confirm the diagnosis.&lt;/text&gt;&lt;text&gt;A test called a TB smear will be done first on the sample. If the results are positive, treatment may be started right away. Be aware that a negative TB smear result does not rule out TB.&lt;/text&gt;&lt;text&gt;This test can also be used to detect other forms of bacteria that do not cause TB.&lt;/text&gt;</WhatAbnormalResultsMean></item>
<item><title>Gamma-glutamyl transferase (GGT) blood test</title><url>https://medlineplus.gov/ency/article/003458.htm</url><HowtoPreparefortheTest>&lt;text&gt;The health care provider may tell you to stop taking medicines that can affect the test.&lt;/text&gt;&lt;text&gt;Drugs that can increase GGT level include:&lt;/text&gt;&lt;detail&gt;Alcohol&lt;/detail&gt;&lt;detail&gt;Phenytoin&lt;/detail&gt;&lt;detail&gt;Phenobarbital&lt;/detail&gt;&lt;text&gt;Drugs that can decrease GGT level include:&lt;/text&gt;&lt;detail&gt;Birth control pills&lt;/detail&gt;&lt;detail&gt;Clofibrate&lt;/detail&gt;</HowtoPreparefortheTest><WhytheTestisPerformed>&lt;text&gt;GGT is an enzyme found in high level in the liver, kidney, pancreas, heart, and brain. It is also found in lesser amount in other tissues. An enzyme is a protein that causes a specific chemical change in the body.&lt;/text&gt;&lt;text&gt;This test is used to detect diseases of the liver or  bile  ducts. It is also done with other tests (such as the  ALT ,  AST ,  ALP , and  bilirubin  tests) to tell the difference between liver or bile duct disorders and bone disease.&lt;/text&gt;&lt;text&gt;It may also be done to screen for, or monitor, alcohol use.&lt;/text&gt;</WhytheTestisPerformed><NormalResults>&lt;text&gt;The normal range for adults is 0 to 30 U/L (0 to 0.5 µkat/L).&lt;/text&gt;&lt;text&gt;Normal value ranges may vary slightly among different laboratories. Some labs use different measurements or may test different specimens. Talk to your provider about the meaning of your specific test results.&lt;/text&gt;</NormalResults><WhatAbnormalResultsMean>&lt;text&gt;An increased GGT level may be due to any of the following:&lt;/text&gt;&lt;detail&gt;Alcohol use&lt;/detail&gt;&lt;detail&gt;Diabetes&lt;/detail&gt;&lt;detail&gt;Flow of bile from the liver is blocked ( cholestasis )&lt;/detail&gt;&lt;detail&gt; Heart failure &lt;/detail&gt;&lt;detail&gt;Swollen and inflamed liver ( hepatitis )&lt;/detail&gt;&lt;detail&gt;Lack of blood flow to the liver&lt;/detail&gt;&lt;detail&gt;Death of liver tissue&lt;/detail&gt;&lt;detail&gt;Liver cancer or tumor&lt;/detail&gt;&lt;detail&gt;Lung disease&lt;/detail&gt;&lt;detail&gt;Pancreas disease&lt;/detail&gt;&lt;detail&gt;Scarring of the liver ( cirrhosis )&lt;/detail&gt;&lt;detail&gt;Use of drugs that are toxic to the liver&lt;/detail&gt;</WhatAbnormalResultsMean><AlternativeNames>&lt;detail&gt;Gamma-GT&lt;/detail&gt;&lt;detail&gt; GGTP&lt;/detail&gt;&lt;detail&gt; GGT&lt;/detail&gt;&lt;detail&gt; Gamma-glutamyl transpeptidase&lt;/detail&gt;</AlternativeNames></item>
<item><title>Gallium scan</title><url>https://medlineplus.gov/ency/article/003450.htm</url><HowtoPreparefortheTest>&lt;text&gt;Stool in the bowel can interfere with the test. You may need to take a laxative the night before you have the test. Or, you may get an enema 1 to 2 hours before the test. You may eat and drink liquids normally. &lt;/text&gt;&lt;text&gt;You will need to sign a consent form. You will need to take off all jewelry and metal objects before the test.&lt;/text&gt;</HowtoPreparefortheTest><WhytheTestisPerformed>&lt;text&gt;This test may be done to look for the cause of a fever that has lasted a few weeks without an explanation.&lt;/text&gt;</WhytheTestisPerformed><NormalResults>&lt;text&gt;Gallium normally collects in bones, the liver, spleen, the large bowel, and breast tissue.&lt;/text&gt;</NormalResults><WhatAbnormalResultsMean>&lt;text&gt;Gallium detected outside normal areas can be a sign of:&lt;/text&gt;&lt;detail&gt;Infection&lt;/detail&gt;&lt;detail&gt;Inflammation&lt;/detail&gt;&lt;detail&gt;Tumors, including  Hodgkin disease  or  non-Hodgkin lymphoma &lt;/detail&gt;&lt;text&gt;The test may be done to look for lung conditions such as:&lt;/text&gt;&lt;detail&gt;Primary  pulmonary hypertension &lt;/detail&gt;&lt;detail&gt; Pulmonary embolus &lt;/detail&gt;&lt;detail&gt;Respiratory infections, most often Pneumocystitis jirovecii   pneumonia  &lt;/detail&gt;&lt;detail&gt; Sarcoidosis &lt;/detail&gt;&lt;detail&gt; Scleroderma  of the lung&lt;/detail&gt;&lt;detail&gt;Tumors in the lung &lt;/detail&gt;</WhatAbnormalResultsMean><AlternativeNames>&lt;detail&gt;Liver gallium scan&lt;/detail&gt;&lt;detail&gt; Bony gallium scan&lt;/detail&gt;</AlternativeNames><Images><value><img_name>Gallium injection</img_name><img_url>https://medlineplus.gov/ency/images/ency/fullsize/9595.jpg</img_url></value></Images></item>
<item><title>Gallbladder radionuclide scan</title><url>https://medlineplus.gov/ency/article/003826.htm</url><HowtoPreparefortheTest>&lt;text&gt;You need to eat something within a day of the test. However, you must stop eating or drinking 4 hours before the test starts.&lt;/text&gt;</HowtoPreparefortheTest><WhytheTestisPerformed>&lt;text&gt;This test is very good for detecting a sudden infection of the gallbladder or blockage of a bile duct. It is also helpful in determining whether there is rejection of a transplanted liver or a leak after the gallbladder has been surgically removed.&lt;/text&gt;&lt;text&gt;The test can also be used to detect long-term gallbladder problems.&lt;/text&gt;</WhytheTestisPerformed><WhatAbnormalResultsMean>&lt;text&gt;Abnormal results may be due to:&lt;/text&gt;&lt;detail&gt;Abnormal anatomy of the bile system (biliary anomalies)&lt;/detail&gt;&lt;detail&gt; Bile duct obstruction &lt;/detail&gt;&lt;detail&gt;Bile leaks or abnormal ducts&lt;/detail&gt;&lt;detail&gt; Cancer of the hepatobiliary system &lt;/detail&gt;&lt;detail&gt;Gallbladder infection ( cholecystitis )&lt;/detail&gt;&lt;detail&gt; Gallstones &lt;/detail&gt;&lt;detail&gt;Infection of the gallbladder, ducts, or liver&lt;/detail&gt;&lt;detail&gt; Liver disease &lt;/detail&gt;&lt;detail&gt; Transplant rejection  (after  liver transplant ) &lt;/detail&gt;</WhatAbnormalResultsMean><AlternativeNames>&lt;detail&gt;Radionuclide - gallbladder&lt;/detail&gt;&lt;detail&gt; Gallbladder scan&lt;/detail&gt;&lt;detail&gt; Biliary scan&lt;/detail&gt;&lt;detail&gt; Cholescintigraphy&lt;/detail&gt;&lt;detail&gt; HIDA&lt;/detail&gt;&lt;detail&gt; Hepatobiliary nuclear imaging scan&lt;/detail&gt;</AlternativeNames><Images><value><img_name>Gallbladder</img_name><img_url>https://medlineplus.gov/ency/images/ency/fullsize/19261.jpg</img_url></value><value><img_name>Gallbladder radionuclide scan</img_name><img_url>https://medlineplus.gov/ency/images/ency/fullsize/9341.jpg</img_url></value></Images></item>
<item><title>Galactose-1-phosphate uridyltransferase blood test</title><url>https://medlineplus.gov/ency/article/003636.htm</url><WhytheTestisPerformed>&lt;text&gt;This is a screening test for galactosemia.&lt;/text&gt;&lt;text&gt;In normal diets, most galactose comes from the breakdown ( metabolism ) of lactose, which is found in milk and dairy products. One out of 65,000 newborns lack a substance (enzyme) called GALT. Without this substance, the body cannot break down galactose, and the substance builds up in the blood. Continued use of milk products can lead to:&lt;/text&gt;&lt;detail&gt;Clouding of the lens of the eye ( cataracts )&lt;/detail&gt;&lt;detail&gt;Scarring of the liver ( cirrhosis )&lt;/detail&gt;&lt;detail&gt; Failure to thrive &lt;/detail&gt;&lt;detail&gt;Yellow color of the skin or eyes ( jaundice )&lt;/detail&gt;&lt;detail&gt; Liver enlargement &lt;/detail&gt;&lt;detail&gt; Intellectual disability &lt;/detail&gt;&lt;text&gt;This can be a serious condition if not treated.&lt;/text&gt;&lt;text&gt;Every state in the United States requires newborn screening tests to check for this disorder.&lt;/text&gt;</WhytheTestisPerformed><NormalResults>&lt;text&gt;The normal range is 18.5 to 28.5 U/g Hb (units per gram of  hemoglobin ).&lt;/text&gt;&lt;text&gt;Normal value ranges may vary slightly among different laboratories. Some labs use different measurements or may test different samples. Talk to your doctor about the meaning of your specific test results.&lt;/text&gt;</NormalResults><WhatAbnormalResultsMean>&lt;text&gt;An abnormal result suggests galactosemia. Further tests must be done to confirm the diagnosis.&lt;/text&gt;&lt;text&gt;If your child has galactosemia, a genetics specialist should be consulted promptly. The child should be put on a no-milk diet right away. This means no breast milk and no animal milk. Soy milk and infant soy formulas are generally used as substitutes. &lt;/text&gt;&lt;text&gt;This test is very sensitive, so it does not miss many infants with galactosemia. But, false-positives can occur. If your child has an abnormal screening result, follow-up tests must be done to confirm the result.&lt;/text&gt;</WhatAbnormalResultsMean><AlternativeNames>&lt;detail&gt;Galactosemia screen&lt;/detail&gt;&lt;detail&gt; GALT&lt;/detail&gt;&lt;detail&gt; Gal-1-PUT&lt;/detail&gt;</AlternativeNames></item>
<item><title>Hysterosalpingography</title><url>https://medlineplus.gov/ency/article/003404.htm</url><HowtoPreparefortheTest>&lt;text&gt;Your provider may give you antibiotics to take before and after the test. This helps prevent infections. You may also be given medicines to take the day of the procedure to help you relax.&lt;/text&gt;&lt;text&gt;The best time for this test is in the first half of the menstrual cycle. Doing it at this time enables the health care provider to see uterine cavity and tubes more clearly. It also reduces the risk for infection, and ensures that you are not pregnant.&lt;/text&gt;&lt;text&gt;Tell your provider if you have had an allergic reaction to contrast dye before. &lt;/text&gt;&lt;text&gt;You can eat and drink normally before the test.&lt;/text&gt;</HowtoPreparefortheTest><WhytheTestisPerformed>&lt;text&gt;This test is done to check for blockages in your fallopian tubes or other problems in the womb and tubes. It is often done as part of an infertility exam. It may also be done after you have your tubes tied to confirm that the tubes are fully blocked after you have had a hysteroscopic tubal occlusion procedure to prevent pregnancy. &lt;/text&gt;</WhytheTestisPerformed><NormalResults>&lt;text&gt;A normal result means everything looks normal. There are no defects. &lt;/text&gt;&lt;text&gt;Note: Normal value ranges may vary slightly among different laboratories. Talk to your doctor about the meaning of your specific test results.&lt;/text&gt;</NormalResults><WhatAbnormalResultsMean>&lt;text&gt;Abnormal results may be due to:&lt;/text&gt;&lt;detail&gt;Developmental disorders of the structures of the uterus or fallopian tubes&lt;/detail&gt;&lt;detail&gt;Scar tissue (adhesions) in the uterus or tubes&lt;/detail&gt;&lt;detail&gt;Blockage of the fallopian tubes&lt;/detail&gt;&lt;detail&gt;Presence of foreign bodies&lt;/detail&gt;&lt;detail&gt;Tumors or polyps in the uterus &lt;/detail&gt;</WhatAbnormalResultsMean><AlternativeNames>&lt;detail&gt;HSG&lt;/detail&gt;&lt;detail&gt; Uterosalpingography&lt;/detail&gt;&lt;detail&gt; Hysterogram&lt;/detail&gt;&lt;detail&gt; Uterotubography&lt;/detail&gt;&lt;detail&gt; Infertility - hysterosalpingography&lt;/detail&gt;&lt;detail&gt; Blocked fallopian tubes - hysterosalpingography&lt;/detail&gt;</AlternativeNames><Images><value><img_name>Uterus</img_name><img_url>https://medlineplus.gov/ency/images/ency/fullsize/19263.jpg</img_url></value></Images></item>
<item><title>Home vision tests</title><url>https://medlineplus.gov/ency/article/003446.htm</url><HowtoPreparefortheTest>&lt;text&gt;You need a well-lit area at least 10 feet (3 meters) long for the distance vision test, and the following:&lt;/text&gt;&lt;detail&gt;Measuring tape or a yardstick&lt;/detail&gt;&lt;detail&gt;Eye charts&lt;/detail&gt;&lt;detail&gt;Tape or tacks to hang the eye charts on the wall&lt;/detail&gt;&lt;detail&gt;A pencil to record results&lt;/detail&gt;&lt;detail&gt;Another person to help (if possible)&lt;/detail&gt;&lt;text&gt;The vision chart needs to be tacked to the wall at eye level. Mark the floor with a piece of tape exactly 10 feet (3 meters) from the chart on the wall.&lt;/text&gt;</HowtoPreparefortheTest><WhytheTestisPerformed>&lt;text&gt;Your vision may change gradually without you being aware of it.&lt;/text&gt;&lt;text&gt;Home vision tests can help detect eye and  vision problems  early. Home vision tests should be performed under the direction of your health care provider to detect changes that may occur between eye exams. They do not take the place of a professional eye exam.&lt;/text&gt;&lt;text&gt;People who are at risk of developing macular degeneration may be told by their ophthalmologist to perform the Amsler grid test more often. It is best to do this test once a week. Macular degeneration changes are gradual, and you can miss them if you test daily.&lt;/text&gt;</WhytheTestisPerformed><NormalResults>&lt;text&gt;Normal results for each of the tests are as follows:&lt;/text&gt;&lt;detail&gt;Amsler grid test: All lines appear straight and unbroken with no distorted or missing areas.&lt;/detail&gt;&lt;detail&gt;Distance vision test: All letters on the 20/20 line read correctly.&lt;/detail&gt;&lt;detail&gt;Near vision test: You are able to read the line labeled 20/20 or J-1. &lt;/detail&gt;</NormalResults><WhatAbnormalResultsMean>&lt;text&gt;Abnormal results may mean you have a vision problem or eye disease and you should have a professional eye examination.&lt;/text&gt;&lt;detail&gt;Amsler grid test: If the grid appears distorted or broken, there may be a problem with the  retina .&lt;/detail&gt;&lt;detail&gt;Distance vision test: If you do not read the 20/20 line correctly, it may be a sign of  nearsightedness  (myopia),  farsightedness  (hyperopia),  astigmatism , or another eye abnormality.&lt;/detail&gt;&lt;detail&gt;Near vision test: Not being able to read the small type may be a sign of aging vision ( presbyopia ).&lt;/detail&gt;</WhatAbnormalResultsMean><AlternativeNames>&lt;detail&gt;Visual acuity test - home&lt;/detail&gt;&lt;detail&gt; Amsler grid test&lt;/detail&gt;</AlternativeNames><Images><value><img_name>Visual acuity test</img_name><img_url>https://medlineplus.gov/ency/images/ency/fullsize/1124.jpg</img_url></value></Images></item>
<item><title>Holter monitor (24h)</title><url>https://medlineplus.gov/ency/article/003877.htm</url><HowtoPreparefortheTest>&lt;text&gt;You DO NOT need to prepare for the test. &lt;/text&gt;&lt;text&gt;Your provider will start the monitor. You'll be told how to replace the electrodes if they fall off or get loose.&lt;/text&gt;&lt;text&gt;Tell your provider if you are allergic to any tape or other adhesives. Make sure you shower or bathe before you start the test. You will not be able to do so while you are wearing a Holter monitor.&lt;/text&gt;</HowtoPreparefortheTest><WhytheTestisPerformed>&lt;text&gt;Holter monitoring is used to determine how the heart responds to normal activity. The monitor may also be used:&lt;/text&gt;&lt;detail&gt;After a  heart attack &lt;/detail&gt;&lt;detail&gt;To diagnose heart rhythm problems that may be causing symptoms such as  palpitations  or syncope (passing out/ fainting )&lt;/detail&gt;&lt;detail&gt;When starting a new heart medicine &lt;/detail&gt;&lt;text&gt;Heart rhythms which may be recorded include:&lt;/text&gt;&lt;detail&gt; Atrial fibrillation or flutter &lt;/detail&gt;&lt;detail&gt; Multifocal atrial tachycardia &lt;/detail&gt;&lt;detail&gt; Paroxysmal supraventricular tachycardia &lt;/detail&gt;&lt;detail&gt;Slow heart rate (bradycardia)&lt;/detail&gt;&lt;detail&gt; Ventricular tachycardia &lt;/detail&gt;</WhytheTestisPerformed><NormalResults>&lt;text&gt;Normal variations in  heart rate  occur with activities. A normal result is no significant changes in heart rhythms or pattern.&lt;/text&gt;</NormalResults><WhatAbnormalResultsMean>&lt;text&gt;Abnormal results may include various  arrhythmias  such as those listed above. Some changes may mean that the heart is not getting enough oxygen.&lt;/text&gt;</WhatAbnormalResultsMean><AlternativeNames>&lt;detail&gt;Ambulatory electrocardiography&lt;/detail&gt;&lt;detail&gt; Electrocardiography - ambulatory&lt;/detail&gt;&lt;detail&gt; Atrial fibrillation - Holter&lt;/detail&gt;&lt;detail&gt; Flutter - Holter&lt;/detail&gt;&lt;detail&gt; Tachycardia - Holter&lt;/detail&gt;&lt;detail&gt; Abnormal heart rhythm - Holter&lt;/detail&gt;&lt;detail&gt; Arrythmia - Holter&lt;/detail&gt;&lt;detail&gt; Syncope - Holter&lt;/detail&gt;&lt;detail&gt; Arrhythmia - Holter&lt;/detail&gt;</AlternativeNames><Images><value><img_name>Holter heart monitor</img_name><img_url>https://medlineplus.gov/ency/images/ency/fullsize/8810.jpg</img_url></value><value><img_name>Heart, section through the middle</img_name><img_url>https://medlineplus.gov/ency/images/ency/fullsize/1056.jpg</img_url></value><value><img_name>Heart, front view</img_name><img_url>https://medlineplus.gov/ency/images/ency/fullsize/1097.jpg</img_url></value><value><img_name>Normal heart rhythm</img_name><img_url>https://medlineplus.gov/ency/images/ency/fullsize/18032.jpg</img_url></value><value><img_name>Conduction system of the heart</img_name><img_url>https://medlineplus.gov/ency/images/ency/fullsize/18052.jpg</img_url></value></Images></item>
<item><title>HLA-B27 antigen</title><url>https://medlineplus.gov/ency/article/003551.htm</url><HowtoPreparefortheTest>&lt;text&gt;In most cases, no special steps are needed to prepare for the test.&lt;/text&gt;</HowtoPreparefortheTest><WhytheTestisPerformed>&lt;text&gt;Your health care provider may order this test to help determine the cause of joint pain, stiffness, or swelling. The test may be done along with other tests, including:&lt;/text&gt;&lt;detail&gt; C-reactive protein &lt;/detail&gt;&lt;detail&gt;Erythrocyte sedimentation rate ( ESR )&lt;/detail&gt;&lt;detail&gt; Rheumatoid factor &lt;/detail&gt;&lt;detail&gt;X-rays &lt;/detail&gt;&lt;text&gt; HLA testing   is also used to match donated tissue with a person's tissue who is getting an organ transplant. For example, it may be done when a person needs a  kidney transplant  or  bone marrow transplant .&lt;/text&gt;</WhytheTestisPerformed><NormalResults>&lt;text&gt;A normal (negative) result means HLA-B27 is absent.&lt;/text&gt;</NormalResults><WhatAbnormalResultsMean>&lt;text&gt;A positive test means HLA-B27 is present. It suggests a greater-than-average risk for developing or having certain autoimmune disorders. An autoimmune disorder is a condition that occurs when the immune system mistakenly attacks and destroys healthy body tissue.&lt;/text&gt;&lt;text&gt;A positive result can help your provider make a diagnosis of a form of arthritis called spondyloarthritis. This kind of arthritis includes the following disorders:&lt;/text&gt;&lt;detail&gt; Ankylosing spondylitis &lt;/detail&gt;&lt;detail&gt;Arthritis related to  Crohn disease  or ulcerative colitis&lt;/detail&gt;&lt;detail&gt;Psoriatic arthritis (arthritis associated with psoriasis)&lt;/detail&gt;&lt;detail&gt; Reactive arthritis &lt;/detail&gt;&lt;detail&gt;Sacroiliitis (inflammation of the sacroiliac joint)&lt;/detail&gt;&lt;detail&gt; Uveitis &lt;/detail&gt;&lt;text&gt;If you have symptoms or signs of spondyloarthritis, a positive HLA-B27 test may help confirm the diagnosis. However, HLA-B27 is found in some normal people and does not always mean you have a disease.&lt;/text&gt;</WhatAbnormalResultsMean><AlternativeNames>&lt;detail&gt;Human leukocyte antigen B27&lt;/detail&gt;&lt;detail&gt; Ankylosing spondylitis-HLA&lt;/detail&gt;&lt;detail&gt; Psoriatic arthritis-HLA&lt;/detail&gt;&lt;detail&gt; Reactive arthritis-HLA&lt;/detail&gt;</AlternativeNames><Images><value><img_name>Blood test</img_name><img_url>https://medlineplus.gov/ency/images/ency/fullsize/10026.jpg</img_url></value></Images></item>
<item><title>Histoplasma skin test</title><url>https://medlineplus.gov/ency/article/003838.htm</url><HowtoPreparefortheTest>&lt;text&gt;No special preparation is necessary for this test.&lt;/text&gt;</HowtoPreparefortheTest><WhytheTestisPerformed>&lt;text&gt;This test is used to determine if you have been exposed to the fungus that causes histoplasmosis.&lt;/text&gt;</WhytheTestisPerformed><NormalResults>&lt;text&gt;No reaction (inflammation) at the site of the test is normal. The skin test can rarely make histoplasmosis antibody tests turn positive.&lt;/text&gt;&lt;text&gt;Normal value ranges may vary slightly among different laboratories. Some labs use different measurements or test different samples. Talk to your provider about the meaning of your specific test results.&lt;/text&gt;</NormalResults><WhatAbnormalResultsMean>&lt;text&gt;A reaction means you have been exposed to Histoplasma capsulatum. It does not always mean you have an active infection.&lt;/text&gt;</WhatAbnormalResultsMean><AlternativeNames>&lt;detail&gt;Histoplasmosis skin test&lt;/detail&gt;</AlternativeNames><Images><value><img_name>Aspergillus antigen skin test</img_name><img_url>https://medlineplus.gov/ency/images/ency/fullsize/9412.jpg</img_url></value></Images></item>
<item><title>Histoplasma complement fixation</title><url>https://medlineplus.gov/ency/article/003527.htm</url><HowtoPreparefortheTest>&lt;text&gt;There is no special preparation for the test.&lt;/text&gt;</HowtoPreparefortheTest><WhytheTestisPerformed>&lt;text&gt;The test is done to detect histoplasmosis infection.&lt;/text&gt;</WhytheTestisPerformed><NormalResults>&lt;text&gt;The absence of antibodies (negative test) is normal.&lt;/text&gt;</NormalResults><WhatAbnormalResultsMean>&lt;text&gt;Abnormal results may mean you have an active histoplasmosis infection.&lt;/text&gt;&lt;text&gt;During the early stage of an illness, few antibodies may be detected. Antibody production increases during the course of an infection. For this reason, this test may be repeated several weeks after the first test.&lt;/text&gt;&lt;text&gt;People who have been exposed to H capsulatum in the past may have antibodies to it, often at low levels. But they may not have shown signs of illness.&lt;/text&gt;</WhatAbnormalResultsMean><AlternativeNames>&lt;detail&gt;Histoplasma antibody test&lt;/detail&gt;</AlternativeNames><Images><value><img_name>Blood test</img_name><img_url>https://medlineplus.gov/ency/images/ency/fullsize/10026.jpg</img_url></value></Images></item>
<item><title>Histocompatibility antigen test</title><url>https://medlineplus.gov/ency/article/003550.htm</url><HowtoPreparefortheTest>&lt;text&gt;You do not need to prepare for this test.&lt;/text&gt;</HowtoPreparefortheTest><WhytheTestisPerformed>&lt;text&gt;The results from this test can be used to identify good matches for tissue grafts and organ transplants. These may include  kidney transplant  or  bone marrow transplant .&lt;/text&gt;&lt;text&gt;It may also be used to:&lt;/text&gt;&lt;detail&gt;Diagnose certain autoimmune disorders&lt;/detail&gt;&lt;detail&gt;Determine relationships between children and parents when such relationships are in question&lt;/detail&gt;&lt;detail&gt;Monitor treatment with some medicines &lt;/detail&gt;</WhytheTestisPerformed><NormalResults>&lt;text&gt;You have a small set of HLAs that are passed down from your parents. Children, on average, will have half of their HLAs match half of their mother's and half of their HLAs match half of their father's.&lt;/text&gt;&lt;text&gt;It is unlikely that two unrelated people will have the same HLA makeup. However, identical twins may match each other.&lt;/text&gt;&lt;text&gt;Some HLA types are more common in certain  autoimmune diseases . For example,  HLA-B27 antigen  is found in many people (but not all) with  ankylosing spondylitis  and  Reiter syndrome .&lt;/text&gt;</NormalResults><AlternativeNames>&lt;detail&gt;HLA typing&lt;/detail&gt;&lt;detail&gt; Tissue typing&lt;/detail&gt;</AlternativeNames><Images><value><img_name>Blood test</img_name><img_url>https://medlineplus.gov/ency/images/ency/fullsize/10026.jpg</img_url></value><value><img_name>Bone Tissue</img_name><img_url>https://medlineplus.gov/ency/images/ency/fullsize/1679.jpg</img_url></value></Images></item>
<item><title>His bundle electrography</title><url>https://medlineplus.gov/ency/article/003391.htm</url><HowtoPreparefortheTest>&lt;text&gt;You will be told not to eat or drink anything for 6 to 8 hours before the test. The test will be done in a hospital. Some people may need to check into the hospital the night before the test. Otherwise, you will check in the morning of the test. Although the test may take some time, most people DO NOT need to stay in the hospital overnight.&lt;/text&gt;&lt;text&gt;Your health care provider will explain the procedure and its risks. You must sign a consent form before the test starts.&lt;/text&gt;&lt;text&gt;About half an hour before the procedure, you will be given a mild sedative to help you relax. You will wear a hospital gown. The procedure may last from 1 to several hours.&lt;/text&gt;</HowtoPreparefortheTest><WhytheTestisPerformed>&lt;text&gt;This test may be done to:&lt;/text&gt;&lt;detail&gt;Determine if you need a pacemaker or other treatment&lt;/detail&gt;&lt;detail&gt;Diagnose arrhythmias  &lt;/detail&gt;&lt;detail&gt;Find the specific location where electrical signals through the heart are blocked&lt;/detail&gt;</WhytheTestisPerformed><NormalResults>&lt;text&gt;The time it takes for the electrical signals to travel through the bundle of His is normal.&lt;/text&gt;</NormalResults><WhatAbnormalResultsMean>&lt;text&gt;A pacemaker will be needed if the test results are abnormal.&lt;/text&gt;&lt;text&gt;Abnormal results may mean you have or had:&lt;/text&gt;&lt;detail&gt;Chronic conduction system disease&lt;/detail&gt;&lt;detail&gt;Carotid sinus pressure&lt;/detail&gt;&lt;detail&gt;Recent  heart attack &lt;/detail&gt;&lt;detail&gt;Atrial disease&lt;/detail&gt;</WhatAbnormalResultsMean><AlternativeNames>&lt;detail&gt;His bundle electrogram&lt;/detail&gt;&lt;detail&gt; HBE&lt;/detail&gt;&lt;detail&gt; His bundle recording&lt;/detail&gt;&lt;detail&gt; Electrogram - His bundle&lt;/detail&gt;&lt;detail&gt; Arrhythmia - His&lt;/detail&gt;&lt;detail&gt; Heart block - His&lt;/detail&gt;</AlternativeNames><Images><value><img_name>ECG</img_name><img_url>https://medlineplus.gov/ency/images/ency/fullsize/1135.jpg</img_url></value></Images></item>
<item><title>Herpes viral culture of lesion</title><url>https://medlineplus.gov/ency/article/003739.htm</url><HowtoPreparefortheTest>&lt;text&gt;The sample must be collected during the acute phase of infection. This is the worst part of an outbreak. It is also when the skin lesions are at their worst.&lt;/text&gt;</HowtoPreparefortheTest><WhytheTestisPerformed>&lt;text&gt;The test is done to confirm herpes infection. Herpes simplex virus causes  genital herpes . It can also cause  cold sores  of the mouth and lips. Herpes zoster causes  chickenpox  and  shingles .&lt;/text&gt;&lt;text&gt;The diagnosis is often made by physical examination (the provider looking at the sores). The cultures and other tests are used to confirm the diagnosis.&lt;/text&gt;&lt;text&gt;This test is most likely accurate when a person is newly infected, that is, during the first outbreak.&lt;/text&gt;</WhytheTestisPerformed><NormalResults>&lt;text&gt;A normal (negative) result means that the herpes simplex virus did not grow in the laboratory dish and the skin sample used in the test did not contain any herpes virus.&lt;/text&gt;&lt;text&gt;Be aware that a normal (negative) culture does not always mean that you do not have a herpes infection or have not had one in the past.&lt;/text&gt;</NormalResults><WhatAbnormalResultsMean>&lt;text&gt;An abnormal (positive) result may mean that you have an active infection with herpes simplex virus. Herpes infections include  genital herpes , cold sores on the lips or in the mouth, or shingles. More blood tests will likely be needed to confirm the diagnosis or the exact cause.&lt;/text&gt;&lt;text&gt;If the culture is positive for herpes, you may have recently become infected. You may have become infected in the past and are currently having an outbreak. &lt;/text&gt;</WhatAbnormalResultsMean><AlternativeNames>&lt;detail&gt;Culture - herpes simplex virus&lt;/detail&gt;&lt;detail&gt; Herpes simplex virus culture&lt;/detail&gt;&lt;detail&gt; Herpes zoster virus culture&lt;/detail&gt;</AlternativeNames><Images><value><img_name>Viral lesion culture</img_name><img_url>https://medlineplus.gov/ency/images/ency/fullsize/10027.jpg</img_url></value></Images></item>
<item><title>Hepatitis virus panel</title><url>https://medlineplus.gov/ency/article/003558.htm</url><HowtoPreparefortheTest>&lt;text&gt;No special preparation is needed.&lt;/text&gt;</HowtoPreparefortheTest><WhytheTestisPerformed>&lt;text&gt;Your provider may order this test if you have signs of hepatitis. It is used to:&lt;/text&gt;&lt;detail&gt;Detect current or previous hepatitis infection&lt;/detail&gt;&lt;detail&gt;Determine how contagious a person with hepatitis is&lt;/detail&gt;&lt;detail&gt;Monitor a person who is being treated for hepatitis &lt;/detail&gt;&lt;text&gt;The test may be performed for other conditions, such as:&lt;/text&gt;&lt;detail&gt;Chronic persistent hepatitis&lt;/detail&gt;&lt;detail&gt; Hepatitis D (delta agent) &lt;/detail&gt;&lt;detail&gt; Nephrotic syndrome &lt;/detail&gt;</WhytheTestisPerformed><NormalResults>&lt;text&gt;A normal result means no hepatitis  antibodies  are found in the blood sample. This is called a negative result.&lt;/text&gt;&lt;text&gt;Normal value ranges may vary slightly depending on the lab doing the test. Talk to your provider about the meaning of your specific test results.&lt;/text&gt;</NormalResults><WhatAbnormalResultsMean>&lt;text&gt;There are different tests for hepatitis A and B. A positive test is considered abnormal.&lt;/text&gt;&lt;text&gt;A positive test may mean:&lt;/text&gt;&lt;detail&gt;You currently have a hepatitis infection. This may be a new infection (acute hepatitis), or it may be an infection that you have had for a long time ( chronic  hepatitis).&lt;/detail&gt;&lt;detail&gt;You had a hepatitis infection in the past, but you no longer have the infection and can't spread it to others. &lt;/detail&gt;&lt;text&gt;Hepatitis A test results:&lt;/text&gt;&lt;detail&gt;IgM anti-hepatitis A virus (HAV) antibodies, you have had a recent infection with hepatitis A&lt;/detail&gt;&lt;detail&gt;Total (IgM and IgG) antibodies to hepatitis A, you have a previous or past infection, or immunity to hepatitis A &lt;/detail&gt;&lt;text&gt;Hepatitis B test results:&lt;/text&gt;&lt;detail&gt;Hepatitis B surface antigen (HBsAg): you have an active hepatitis B infection, either recent or chronic (long-term)&lt;/detail&gt;&lt;detail&gt;Antibody to hepatitis B core antigen (Anti-HBc), you have a recent or past hepatitis B infection&lt;/detail&gt;&lt;detail&gt;Antibody to HBsAg (Anti-HBs): you have a past hepatitis B infection or you have received the hepatitis B vaccine and are unlikely to become infected&lt;/detail&gt;&lt;detail&gt;Hepatitis B type e antigen (HBeAg): you have a chronic hepatitis B infection and you are more likely to spread the infection to others through sexual contact or by sharing needles &lt;/detail&gt;&lt;text&gt;Antibodies to hepatitis C can most often be detected 4 to 10 weeks after you get the infection. Other types of tests may be done to decide on treatment and monitor the hepatitis C infection.&lt;/text&gt;</WhatAbnormalResultsMean><AlternativeNames>&lt;detail&gt;Hepatitis A antibody test&lt;/detail&gt;&lt;detail&gt; Hepatitis B antibody test&lt;/detail&gt;&lt;detail&gt; Hepatitis C antibody test&lt;/detail&gt;&lt;detail&gt; Hepatitis D antibody test&lt;/detail&gt;</AlternativeNames><Images><value><img_name>Blood test</img_name><img_url>https://medlineplus.gov/ency/images/ency/fullsize/10026.jpg</img_url></value><value><img_name>Hepatitis B virus</img_name><img_url>https://medlineplus.gov/ency/images/ency/fullsize/1031.jpg</img_url></value><value><img_name>Erythema multiforme, circular lesions - hands</img_name><img_url>https://medlineplus.gov/ency/images/ency/fullsize/1837.jpg</img_url></value></Images></item>
<item><title>Hemoglobinuria test</title><url>https://medlineplus.gov/ency/article/003363.htm</url><HowtoPreparefortheTest>&lt;text&gt;No special preparation is necessary for this test. If the collection is being taken from an infant, a couple of extra collection bags may be necessary.&lt;/text&gt;</HowtoPreparefortheTest><WhytheTestisPerformed>&lt;text&gt;Hemoglobin is a molecule attached to red blood cells. Hemoglobin helps move oxygen and carbon dioxide through the body.&lt;/text&gt;&lt;text&gt;Red blood cells have an average life span of 120 days. After this time, they are broken down into parts that can make a new red blood cell. This breakdown takes place in the spleen, bone marrow, and liver. If the red blood cells break down in the blood vessels, their parts move freely in the bloodstream.&lt;/text&gt;&lt;text&gt;If the level of hemoglobin in the blood rises too high, then hemoglobin begins to appear in the urine. This is called hemoglobinuria.&lt;/text&gt;&lt;text&gt;This test may be used to help diagnose causes of hemoglobinuria.&lt;/text&gt;</WhytheTestisPerformed><NormalResults>&lt;text&gt;Normally, hemoglobin does not appear in the urine.&lt;/text&gt;</NormalResults><WhatAbnormalResultsMean>&lt;text&gt;Hemoglobinuria may be a result of any of the following:&lt;/text&gt;&lt;detail&gt;A kidney disorder called  acute glomerulonephritis &lt;/detail&gt;&lt;detail&gt;Burns&lt;/detail&gt;&lt;detail&gt;Crushing injury&lt;/detail&gt;&lt;detail&gt; Hemolytic uremic syndrome (HUS) &lt;/detail&gt;&lt;detail&gt;Kidney infection&lt;/detail&gt;&lt;detail&gt; Kidney tumor &lt;/detail&gt;&lt;detail&gt; Malaria &lt;/detail&gt;&lt;detail&gt; Paroxysmal nocturnal hemoglobinuria &lt;/detail&gt;&lt;detail&gt;Paroxysmal cold hemoglobinuria&lt;/detail&gt;&lt;detail&gt; Sickle cell anemia &lt;/detail&gt;&lt;detail&gt; Thalassemia &lt;/detail&gt;&lt;detail&gt;Thrombotic thrombocytopenic purpura (TTP)&lt;/detail&gt;&lt;detail&gt;Transfusion reaction&lt;/detail&gt;&lt;detail&gt; Tuberculosis &lt;/detail&gt;</WhatAbnormalResultsMean><AlternativeNames>&lt;detail&gt;Urine - hemoglobin&lt;/detail&gt;</AlternativeNames><Images><value><img_name>Urine sample</img_name><img_url>https://medlineplus.gov/ency/images/ency/fullsize/10011.jpg</img_url></value></Images></item>
<item><title>Hemoglobin electrophoresis</title><url>https://medlineplus.gov/ency/article/003639.htm</url><HowtoPreparefortheTest>&lt;text&gt;No special preparation is necessary for this test.&lt;/text&gt;</HowtoPreparefortheTest><WhytheTestisPerformed>&lt;text&gt;You may have this test if your health care provider suspects that you have a disorder caused by abnormal forms of hemoglobin ( hemoglobinopathy ).&lt;/text&gt;&lt;text&gt;Many different types of hemoglobin (Hb) exist. The most common ones are HbA, HbA2, HbE, HbF, HbS, HbC, HbH, and HbM. Healthy adults only have significant levels of only HbA and HbA2.&lt;/text&gt;&lt;text&gt;Some people may also have small amounts of HbF. This is the main type of hemoglobin in an unborn baby's body. Certain diseases are associated with high HbF levels (when HbF is more than 2% of the total hemoglobin).&lt;/text&gt;&lt;text&gt;HbS is an abnormal form of hemoglobin associated with  sickle cell anemia . In people with this condition, the red blood cells sometimes have a crescent or sickle shape. These cells easily break down or can block small blood vessels.&lt;/text&gt;&lt;text&gt;HbC is an abnormal form of hemoglobin associated with  hemolytic anemia . The symptoms are much milder than they are in sickle cell anemia.&lt;/text&gt;&lt;text&gt;Other, less common, abnormal Hb molecules cause other types of  anemia .&lt;/text&gt;</WhytheTestisPerformed><NormalResults>&lt;text&gt;In adults, these are normal percentages of different hemoglobin molecules:&lt;/text&gt;&lt;detail&gt;HbA: 95% to 98% (0.95 to 0.98)&lt;/detail&gt;&lt;detail&gt;HbA2: 2% to 3% (0.02 to 0.03)&lt;/detail&gt;&lt;detail&gt;HbE: Absent&lt;/detail&gt;&lt;detail&gt;HbF: 0.8% to 2% (0.008 to 0.02) &lt;/detail&gt;&lt;detail&gt;HbS: Absent&lt;/detail&gt;&lt;detail&gt;HbC: Absent&lt;/detail&gt;&lt;text&gt;In infants and children, these are normal percentage of HbF molecules:&lt;/text&gt;&lt;detail&gt;HbF (newborn): 50% to 80% (0.5 to 0.8)&lt;/detail&gt;&lt;detail&gt;HbF (6 months): 8%&lt;/detail&gt;&lt;detail&gt;HbF (over 6 months): 1% to 2%&lt;/detail&gt;&lt;text&gt;Normal value ranges may vary slightly among different laboratories. Some labs use different measurements or may test different samples. Talk to your provider about the meaning of your specific test results.&lt;/text&gt;</NormalResults><WhatAbnormalResultsMean>&lt;text&gt;Significant levels of abnormal hemoglobins may indicate:&lt;/text&gt;&lt;detail&gt;Hemoglobin C disease&lt;/detail&gt;&lt;detail&gt;Rare hemoglobinopathy&lt;/detail&gt;&lt;detail&gt;Sickle cell anemia&lt;/detail&gt;&lt;detail&gt;Inherited blood disorder in which the body makes an abnormal form of hemoglobin ( thalassemia )&lt;/detail&gt;&lt;text&gt;You may have false normal or abnormal results if you have had a blood transfusion within 12 weeks of this test.&lt;/text&gt;</WhatAbnormalResultsMean><AlternativeNames>&lt;detail&gt;Hb electrophoresis&lt;/detail&gt;&lt;detail&gt; Hgb electrophoresis&lt;/detail&gt;&lt;detail&gt; Electrophoresis - hemoglobin&lt;/detail&gt;&lt;detail&gt; Thallasemia - electrophoresis&lt;/detail&gt;&lt;detail&gt; Sickle cell - electrophoresis&lt;/detail&gt;&lt;detail&gt; Hemoglobinopathy - electrophoresis&lt;/detail&gt;</AlternativeNames></item>
<item><title>Hemoglobin derivatives</title><url>https://medlineplus.gov/ency/article/003371.htm</url><HowtoPreparefortheTest>&lt;text&gt;No special preparation is needed.&lt;/text&gt;&lt;text&gt;For children, it may help to explain how the test will feel and why it is done. This may make the child feel less nervous.&lt;/text&gt;</HowtoPreparefortheTest><WhytheTestisPerformed>&lt;text&gt;This test is used to diagnose  carbon monoxide poisoning . It is also used to detect changes in hemoglobin that may result from certain drugs. Some chemicals or drugs can change the hemoglobin so it no longer works properly.&lt;/text&gt;&lt;text&gt;Abnormal forms of hemoglobin include:&lt;/text&gt;&lt;detail&gt;  Carboxyhemoglobin: An abnormal form of hemoglobin that has attached to carbon monoxide instead of oxygen or carbon dioxide. High amounts of this type of abnormal hemoglobin prevent the normal movement of oxygen by the blood.&lt;/detail&gt;&lt;detail&gt;  Sulfhemoglobin: A rare abnormal form of hemoglobin that can't carry oxygen. It may result from certain medicines such as phenacetin, or sulfonamides.&lt;/detail&gt;&lt;detail&gt;  Methemoglobin: A problem that occurs when the iron that is part of hemoglobin is changed so that it does not carry oxygen well. Certain drugs and other compounds such as nitrites introduced into the blood stream can cause this problem.&lt;/detail&gt;</WhytheTestisPerformed><NormalResults>&lt;text&gt;The following values represent the percentage of hemoglobin derivatives based on total hemoglobin:&lt;/text&gt;&lt;detail&gt;Carboxyhemoglobin -- less than 1.5% (but may be as high as 9% in smokers)&lt;/detail&gt;&lt;detail&gt;Methemoglobin -- less than 2%&lt;/detail&gt;&lt;detail&gt;Sulfhemoglobin -- undetectable &lt;/detail&gt;&lt;text&gt;Normal value ranges may vary slightly among different laboratories. Talk to your provider about the meaning of your specific test results.&lt;/text&gt;&lt;text&gt;The examples above show the common measurements for results for these tests. Some laboratories use different measurements or may test different specimens.&lt;/text&gt;</NormalResults><WhatAbnormalResultsMean>&lt;text&gt;High levels of hemoglobin derivatives can lead to major health problems. The altered forms of hemoglobin do not allow oxygen to be moved properly through the body. This can lead to tissue death.&lt;/text&gt;&lt;text&gt;The following values, except sulfhemoglobin, represent the percentage of hemoglobin derivatives based on total hemoglobin.&lt;/text&gt;&lt;text&gt;Carboxyhemoglobin:&lt;/text&gt;&lt;detail&gt;10% to 20% -- symptoms of carbon monoxide poisoning begin to appear&lt;/detail&gt;&lt;detail&gt;30% -- severe carbon monoxide poisoning present&lt;/detail&gt;&lt;detail&gt;50% to 80% -- results in potentially deadly carbon monoxide poisoning&lt;/detail&gt;&lt;text&gt;Methemoglobin:&lt;/text&gt;&lt;detail&gt;10% to 25% -- results in bluish skin color ( cyanosis )&lt;/detail&gt;&lt;detail&gt;35% to 40% -- results in shortness of breath and headache&lt;/detail&gt;&lt;detail&gt;Over 60% -- results in  lethargy  and  stupor &lt;/detail&gt;&lt;detail&gt;Over 70% -- may result in death&lt;/detail&gt;&lt;text&gt;Sulfhemoglobin:&lt;/text&gt;&lt;detail&gt;Values of 10 grams per deciliter (g/dL) or 6.2 millimoles per liter (mmol/L) cause bluish skin color due to lack of oxygen (cyanosis), but do not cause harmful effects most of the time.&lt;/detail&gt;</WhatAbnormalResultsMean><AlternativeNames>&lt;detail&gt;Methemoglobin&lt;/detail&gt;&lt;detail&gt; Carboxyhemoglobin&lt;/detail&gt;&lt;detail&gt; Sulfhemoglobin&lt;/detail&gt;</AlternativeNames><Images><value><img_name>Blood test</img_name><img_url>https://medlineplus.gov/ency/images/ency/fullsize/10026.jpg</img_url></value></Images></item>
<item><title>Hemoglobin</title><url>https://medlineplus.gov/ency/article/003645.htm</url><HowtoPreparefortheTest>&lt;text&gt;No special preparation is necessary.&lt;/text&gt;</HowtoPreparefortheTest><WhytheTestisPerformed>&lt;text&gt;The hemoglobin test is a common test and is almost always done as part of a  complete blood count  (CBC). Reasons or conditions for ordering the hemoglobin test include:&lt;/text&gt;&lt;detail&gt;Symptoms such as fatigue, poor health, or unexplained weight loss&lt;/detail&gt;&lt;detail&gt;Signs of bleeding&lt;/detail&gt;&lt;detail&gt;Before and after major surgery&lt;/detail&gt;&lt;detail&gt;During pregnancy&lt;/detail&gt;&lt;detail&gt;Chronic kidney disease or many other chronic medical problems&lt;/detail&gt;&lt;detail&gt;Monitoring of anemia and its cause&lt;/detail&gt;&lt;detail&gt;Monitoring during treatment for cancer&lt;/detail&gt;&lt;detail&gt;Monitoring medicines that may cause anemia or low blood counts &lt;/detail&gt;</WhytheTestisPerformed><NormalResults>&lt;text&gt;Normal results for adults vary, but in general are:&lt;/text&gt;&lt;detail&gt;Male: 13.8 to 17.2 grams per deciliter (g/dL) or 138 to 172 grams per liter (g/L)&lt;/detail&gt;&lt;detail&gt;Female: 12.1 to 15.1 g/dL or 121 to 151 g/L&lt;/detail&gt;&lt;text&gt;Normal results for children vary, but in general are:&lt;/text&gt;&lt;detail&gt;Newborn: 14 to 24 g/dL or 140 to 240 g/L&lt;/detail&gt;&lt;detail&gt;Infant: 9.5 to 13 g/dL or 95 to 130 g/L&lt;/detail&gt;&lt;text&gt;The ranges above are common measurements for results of these tests. Normal value ranges may vary slightly among different laboratories. Some labs use different measurements or test different samples. Talk to your health care provider about the meaning of your specific test results.&lt;/text&gt;</NormalResults><WhatAbnormalResultsMean>&lt;text&gt;LOWER THAN NORMAL HEMOGLOBIN&lt;/text&gt;&lt;text&gt;Low hemoglobin level may be due to:&lt;/text&gt;&lt;detail&gt;Anemia caused by red blood cells dying earlier than normal ( hemolytic anemia )&lt;/detail&gt;&lt;detail&gt;Anemia (various types)&lt;/detail&gt;&lt;detail&gt; Bleeding from digestive tract  or bladder, heavy menstrual periods&lt;/detail&gt;&lt;detail&gt;Chronic kidney disease&lt;/detail&gt;&lt;detail&gt;Bone marrow being unable to produce new red blood cells. This may be due to  leukemia , other cancers, drug toxicity, radiation therapy, infection, or bone marrow disorders&lt;/detail&gt;&lt;detail&gt; Poor nutrition  (including low level of iron, folate, vitamin B12, or vitamin B6)&lt;/detail&gt;&lt;detail&gt;Low level of iron,  folate ,  vitamin B12 , or  vitamin B6 &lt;/detail&gt;&lt;detail&gt;Other chronic illness, such as rheumatoid arthritis &lt;/detail&gt;&lt;text&gt;HIGHER THAN NORMAL HEMOGLOBIN&lt;/text&gt;&lt;text&gt;High hemoglobin level is most often caused by low oxygen levels in the blood (hypoxia), present over a long period of time. Common reasons include:&lt;/text&gt;&lt;detail&gt;Certain birth defects of the heart that are present at birth ( congenital heart disease )&lt;/detail&gt;&lt;detail&gt;Failure of the right side of the heart ( cor pulmonale )&lt;/detail&gt;&lt;detail&gt;Severe chronic obstructive pulmonary disease (COPD)&lt;/detail&gt;&lt;detail&gt;Scarring or thickening of the lungs ( pulmonary fibrosis ) and other severe lung disorders &lt;/detail&gt;&lt;text&gt;Other reasons for high hemoglobin level includes:&lt;/text&gt;&lt;detail&gt;A rare bone marrow disease that leads to an abnormal increase in the number of blood cells ( polycythemia vera )&lt;/detail&gt;&lt;detail&gt;The body having too little water and fluids (dehydration) &lt;/detail&gt;</WhatAbnormalResultsMean><AlternativeNames>&lt;detail&gt;Hgb&lt;/detail&gt;&lt;detail&gt; Hb&lt;/detail&gt;&lt;detail&gt; Anemia - Hb&lt;/detail&gt;&lt;detail&gt; Polycythemia - Hb&lt;/detail&gt;</AlternativeNames><Images><value><img_name>Hemoglobin</img_name><img_url>https://medlineplus.gov/ency/images/ency/fullsize/19510.jpg</img_url></value></Images></item>
<item><title>Hematocrit</title><url>https://medlineplus.gov/ency/article/003646.htm</url><HowtoPreparefortheTest>&lt;text&gt;No special preparation is necessary for this test.&lt;/text&gt;</HowtoPreparefortheTest><WhytheTestisPerformed>&lt;text&gt;The hematocrit is almost always done as part of a complete blood count ( CBC ).&lt;/text&gt;&lt;text&gt;Your health care provider may recommend this test if you have signs of or are at risk for anemia. These include having:&lt;/text&gt;&lt;detail&gt;Grumpiness or tiredness&lt;/detail&gt;&lt;detail&gt;Headaches&lt;/detail&gt;&lt;detail&gt;Problems concentrating&lt;/detail&gt;&lt;detail&gt;Poor nutrition&lt;/detail&gt;&lt;detail&gt;Heavy menstrual periods&lt;/detail&gt;&lt;detail&gt;Blood in your stools, or vomit (if you throw up)&lt;/detail&gt;&lt;detail&gt;Treatment for cancer&lt;/detail&gt;&lt;detail&gt;Leukemia or other problems in the bone marrow&lt;/detail&gt;&lt;detail&gt;Chronic medical problems, such as kidney disease or certain types of arthritis &lt;/detail&gt;</WhytheTestisPerformed><NormalResults>&lt;text&gt;Normal results vary, but in general they are:&lt;/text&gt;&lt;detail&gt;Male: 40.7% to 50.3%&lt;/detail&gt;&lt;detail&gt;Female: 36.1% to 44.3%&lt;/detail&gt;&lt;text&gt;For babies, normal results are:&lt;/text&gt;&lt;detail&gt;Newborn: 45% to 61%&lt;/detail&gt;&lt;detail&gt;Infant: 32% to 42%&lt;/detail&gt;&lt;text&gt;The examples above are common measurements for results of these tests. Normal value ranges vary slightly among different laboratories. Some labs use different measurements or test different samples. Talk to your provider about the meaning of your specific test results.&lt;/text&gt;</NormalResults><WhatAbnormalResultsMean>&lt;text&gt;Low hematocrit may be due to:&lt;/text&gt;&lt;detail&gt; Anemia &lt;/detail&gt;&lt;detail&gt;Bleeding&lt;/detail&gt;&lt;detail&gt;Destruction of red blood cells&lt;/detail&gt;&lt;detail&gt;Leukemia&lt;/detail&gt;&lt;detail&gt; Malnutrition &lt;/detail&gt;&lt;detail&gt;Too little iron, folate, vitamin B12, and vitamin B6 in the diet&lt;/detail&gt;&lt;detail&gt;Too much water in the body &lt;/detail&gt;&lt;text&gt;High hematocrit may be due to:&lt;/text&gt;&lt;detail&gt; Congenital heart disease &lt;/detail&gt;&lt;detail&gt;Failure of the right side of the heart&lt;/detail&gt;&lt;detail&gt;Too little water in the body ( dehydration )&lt;/detail&gt;&lt;detail&gt;Low levels of oxygen in the blood&lt;/detail&gt;&lt;detail&gt;Scarring or thickening of the lungs&lt;/detail&gt;&lt;detail&gt;Bone marrow disease that causes abnormal increase in red blood cells &lt;/detail&gt;</WhatAbnormalResultsMean><AlternativeNames>&lt;detail&gt;HCT&lt;/detail&gt;</AlternativeNames><Images><value><img_name>Formed elements of blood</img_name><img_url>https://medlineplus.gov/ency/images/ency/fullsize/19192.jpg</img_url></value></Images></item>
<item><title>Heart PET scan</title><url>https://medlineplus.gov/ency/article/007343.htm</url><HowtoPreparefortheTest>&lt;text&gt;You may be asked not to eat anything for 4 to 6 hours before the scan. You will be able to drink water. Sometimes you may be given a special diet before the test.&lt;/text&gt;&lt;text&gt;Tell your health care provider if:&lt;/text&gt;&lt;detail&gt;You are afraid of close spaces (have claustrophobia). You may be given a medicine to help you feel sleepy and less anxious.&lt;/detail&gt;&lt;detail&gt;You are pregnant or think you might be pregnant.&lt;/detail&gt;&lt;detail&gt;You have any allergies to injected dye (contrast).&lt;/detail&gt;&lt;detail&gt;You take insulin for diabetes. You will need special preparation. &lt;/detail&gt;&lt;text&gt;Always tell your provider about the medicines you are taking, including those bought without a prescription. Sometimes, medicines may interfere with the test results.&lt;/text&gt;</HowtoPreparefortheTest><WhytheTestisPerformed>&lt;text&gt;A heart PET scan can reveal the size, shape, position, and some function of the heart.&lt;/text&gt;&lt;text&gt;It is most often used when other tests, such as echocardiogram (ECG) and  cardiac stress tests  do not provide enough information.&lt;/text&gt;&lt;text&gt;This test can be used to diagnose heart problems and show areas in which there is poor blood flow to the heart.&lt;/text&gt;&lt;text&gt;Several PET scans may be taken over time to determine how well you are responding to treatment for heart disease.&lt;/text&gt;</WhytheTestisPerformed><NormalResults>&lt;text&gt;If your test involved exercise, a normal test will usually mean that you were able to exercise for as long or longer than most people of your age and gender. You also did not have symptoms or changes in blood pressure or your ECG that caused concern.&lt;/text&gt;&lt;text&gt;There are no problems detected in the size, shape, or function of the heart. There are no areas in which the radiotracer has abnormally collected.&lt;/text&gt;</NormalResults><WhatAbnormalResultsMean>&lt;text&gt;Abnormal results may be due to:&lt;/text&gt;&lt;detail&gt; Coronary artery disease &lt;/detail&gt;&lt;detail&gt; Heart failure  or  cardiomyopathy &lt;/detail&gt;</WhatAbnormalResultsMean><AlternativeNames>&lt;detail&gt;Heart nuclear medicine scan&lt;/detail&gt;&lt;detail&gt; Heart positron emission tomography&lt;/detail&gt;&lt;detail&gt; Myocardial PET scan&lt;/detail&gt;</AlternativeNames></item>
<item><title>Heart MRI</title><url>https://medlineplus.gov/ency/article/003795.htm</url><HowtoPreparefortheTest>&lt;text&gt;You may be asked not to eat or drink anything for 4 to 6 hours before the scan.&lt;/text&gt;&lt;text&gt;Tell your health care provider if you are afraid of close spaces (have claustrophobia). You may be given a medicine to help you feel sleepy and less anxious, or your provider may suggest an "open" MRI, in which the machine is not as close to the body.&lt;/text&gt;&lt;text&gt;Before the test, tell your provider if you have:&lt;/text&gt;&lt;detail&gt;Brain aneurysm clips&lt;/detail&gt;&lt;detail&gt;Certain types of artificial heart valves&lt;/detail&gt;&lt;detail&gt;Heart defibrillator or pacemaker&lt;/detail&gt;&lt;detail&gt;Inner ear (cochlear) implants&lt;/detail&gt;&lt;detail&gt;Kidney disease or dialysis (you may not be able to receive contrast)&lt;/detail&gt;&lt;detail&gt;Recently placed artificial joints&lt;/detail&gt;&lt;detail&gt;Certain types of vascular  stents &lt;/detail&gt;&lt;detail&gt;Worked with sheet metal in the past (you may need tests to check for metal pieces in your eyes) &lt;/detail&gt;&lt;text&gt;Because the MRI contains strong magnets, metal objects are not allowed into the room with the MRI scanner:&lt;/text&gt;&lt;detail&gt;Pens, pocketknives, and eyeglasses may fly across the room.&lt;/detail&gt;&lt;detail&gt;Items such as jewelry, watches, credit cards, and hearing aids can be damaged.&lt;/detail&gt;&lt;detail&gt;Pins, hairpins, metal zippers, and similar metallic items can distort the images.&lt;/detail&gt;&lt;detail&gt;Removable dental work should be taken out just before the scan. &lt;/detail&gt;</HowtoPreparefortheTest><WhytheTestisPerformed>&lt;text&gt;  MRI provides detailed pictures of the heart and blood vessels from many views. Often, it is used when more information is needed after you have had an echocardiogram or heart CT scan. MRI is more accurate than CT scan or other tests for certain conditions, but less accurate for others.&lt;/text&gt;&lt;text&gt;Heart MRI may be used to evaluate or diagnose:&lt;/text&gt;&lt;detail&gt;Heart muscle damage after a heart attack&lt;/detail&gt;&lt;detail&gt;Birth defects of the heart&lt;/detail&gt;&lt;detail&gt;Heart tumors and growths&lt;/detail&gt;&lt;detail&gt;Weakening or other problems with the heart muscle&lt;/detail&gt;&lt;detail&gt;Symptoms of heart failure &lt;/detail&gt;</WhytheTestisPerformed><WhatAbnormalResultsMean>&lt;text&gt;Abnormal results may be due to many things, including:&lt;/text&gt;&lt;detail&gt;Heart valve disorders&lt;/detail&gt;&lt;detail&gt;Fluid in the sac-like covering around the heart ( pericardial effusion )&lt;/detail&gt;&lt;detail&gt;Tumor of the blood vessels or around the heart&lt;/detail&gt;&lt;detail&gt; Atrial myxoma  or another growth or tumor in the heart&lt;/detail&gt;&lt;detail&gt;Congenital heart disease (heart problem that you are born with)&lt;/detail&gt;&lt;detail&gt;Damage or death to the heart muscle, seen after a  heart attack &lt;/detail&gt;&lt;detail&gt;Inflammation of the heart muscle&lt;/detail&gt;&lt;detail&gt;Infiltration of the heart muscle by unusual substances&lt;/detail&gt;&lt;detail&gt;Weakening of the heart muscle, which can be caused by sarcoidosis or amyloidosis &lt;/detail&gt;</WhatAbnormalResultsMean><AlternativeNames>&lt;detail&gt;Magnetic resonance imaging - cardiac&lt;/detail&gt;&lt;detail&gt; Magnetic resonance imaging - heart&lt;/detail&gt;&lt;detail&gt; Nuclear magnetic resonance - cardiac&lt;/detail&gt;&lt;detail&gt; NMR - cardiac&lt;/detail&gt;&lt;detail&gt; MRI of the heart&lt;/detail&gt;&lt;detail&gt; Cardiomyopathy - MRI&lt;/detail&gt;&lt;detail&gt; Heart failure - MRI&lt;/detail&gt;&lt;detail&gt; Congenital heart disease - MRI&lt;/detail&gt;</AlternativeNames><Images><value><img_name>Heart, section through the middle</img_name><img_url>https://medlineplus.gov/ency/images/ency/fullsize/1056.jpg</img_url></value><value><img_name>Heart, front view</img_name><img_url>https://medlineplus.gov/ency/images/ency/fullsize/1097.jpg</img_url></value><value><img_name>MRI scans</img_name><img_url>https://medlineplus.gov/ency/images/ency/fullsize/23212.jpg</img_url></value></Images></item>
<item><title>Heart CT scan</title><url>https://medlineplus.gov/ency/article/007344.htm</url><HowtoPreparefortheTest>&lt;text&gt;Certain exams require a special dye, called contrast, to be delivered into the body before the test starts. Contrast helps certain areas show up better on the x-rays. &lt;/text&gt;&lt;detail&gt;Contrast can be given through a vein (IV) in your hand or forearm. If contrast is used, you may also be asked not to eat or drink anything for 4 to 6 hours before the test. &lt;/detail&gt;&lt;text&gt;Before receiving the contrast:&lt;/text&gt;&lt;detail&gt;Let your health care provider know if you have ever had a reaction to contrast or any medicines. You may need to take medicines before the test in order to safely receive this substance.&lt;/detail&gt;&lt;detail&gt;Tell your provider about all your medicines, because you may be asked to hold some, such as the diabetes medicine metformin (Glucophage), prior to the test. &lt;/detail&gt;&lt;detail&gt;Let your provider know if you have kidney problems. The contrast material can cause kidney function to worsen.&lt;/detail&gt;&lt;text&gt;If you weigh more than 300 pounds (135 kilograms), find out if the CT machine has a weight limit. Too much weight can cause damage to the scanner's working parts. &lt;/text&gt;&lt;text&gt;You will be asked to remove jewelry and wear a hospital gown during the study.&lt;/text&gt;</HowtoPreparefortheTest><WhytheTestisPerformed>&lt;text&gt;CT rapidly creates detailed pictures of the heart and its arteries. The test may diagnose or detect:&lt;/text&gt;&lt;detail&gt;Plaque build-up in the coronary arteries to determine your risk for heart disease&lt;/detail&gt;&lt;detail&gt; Congenital heart disease  (heart problems that are present at birth)&lt;/detail&gt;&lt;detail&gt;Problems with the heart valves&lt;/detail&gt;&lt;detail&gt;Blockage of the arteries that supply the heart&lt;/detail&gt;&lt;detail&gt;Tumors or masses of the heart&lt;/detail&gt;&lt;detail&gt;Pumping function of the heart &lt;/detail&gt;</WhytheTestisPerformed><NormalResults>&lt;text&gt;Results are considered normal if the heart and arteries being examined are normal in appearance.&lt;/text&gt;&lt;text&gt;Your "calcium score" is based on the amount of calcium found in the arteries of your heart.&lt;/text&gt;&lt;detail&gt;The test is normal (negative) if your calcium score is 0. This means the chance of having a heart attack over the next 2 to 5 years is very low.  &lt;/detail&gt;&lt;detail&gt;If the calcium score is very low, you are unlikely to have coronary artery disease.  &lt;/detail&gt;</NormalResults><WhatAbnormalResultsMean>&lt;text&gt;Abnormal results may be due to:&lt;/text&gt;&lt;detail&gt;Aneurysm&lt;/detail&gt;&lt;detail&gt;Congenital heart disease&lt;/detail&gt;&lt;detail&gt;Coronary artery disease&lt;/detail&gt;&lt;detail&gt;Heart valve problems&lt;/detail&gt;&lt;detail&gt;Inflammation of the covering around the heart (pericarditis)&lt;/detail&gt;&lt;detail&gt;Narrowing of one or more coronary arteries (coronary artery stenosis)&lt;/detail&gt;&lt;detail&gt;Tumors or other masses of the heart or surrounding areas&lt;/detail&gt;&lt;text&gt;If your calcium score is high:&lt;/text&gt;&lt;detail&gt;It means you have calcium buildup in the walls of your coronary arteries. This is usually a sign of atherosclerosis, or hardening of the arteries.&lt;/detail&gt;&lt;detail&gt;The higher your score, the more severe this problem may be.&lt;/detail&gt;&lt;detail&gt;Talk to your provider about lifestyle changes you can make to decrease the risk of heart disease.&lt;/detail&gt;</WhatAbnormalResultsMean><AlternativeNames>&lt;detail&gt;CAT scan - heart&lt;/detail&gt;&lt;detail&gt; Computed axial tomography scan - heart&lt;/detail&gt;&lt;detail&gt; Computed tomography scan - heart&lt;/detail&gt;&lt;detail&gt; Calcium scoring&lt;/detail&gt;&lt;detail&gt; Multi-detector CT scan - heart&lt;/detail&gt;&lt;detail&gt; Electron beam computed tomography - heart&lt;/detail&gt;&lt;detail&gt; Agatston score&lt;/detail&gt;&lt;detail&gt; Coronary calcium scan&lt;/detail&gt;</AlternativeNames><Images><value><img_name>CT scan</img_name><img_url>https://medlineplus.gov/ency/images/ency/fullsize/23213.jpg</img_url></value></Images></item>
<item><title>HCG in urine</title><url>https://medlineplus.gov/ency/article/003619.htm</url><HowtoPreparefortheTest>&lt;text&gt;No special preparation is needed.&lt;/text&gt;</HowtoPreparefortheTest><WhytheTestisPerformed>&lt;text&gt;Urine HCG tests are a common method of determining if a woman is pregnant. The best time to test for pregnancy at home is after you miss your period.&lt;/text&gt;</WhytheTestisPerformed><NormalResults>&lt;text&gt;The test result will be reported as negative or positive.&lt;/text&gt;&lt;detail&gt;The test is negative if you are not pregnant.&lt;/detail&gt;&lt;detail&gt;The test is positive if you are pregnant. &lt;/detail&gt;&lt;text&gt;A pregnancy test, including a properly performed home pregnancy test, is considered to be very accurate. Positive results are more likely to be accurate than negative results. When the test is negative but pregnancy is still suspected, the test should be repeated in 1 week.&lt;/text&gt;</NormalResults><AlternativeNames>&lt;detail&gt;Beta-HCG - urine&lt;/detail&gt;&lt;detail&gt; Human chorionic gonadotropin - urine&lt;/detail&gt;&lt;detail&gt; Pregnancy test - hCG in urine&lt;/detail&gt;</AlternativeNames><Images><value><img_name>Female urinary tract</img_name><img_url>https://medlineplus.gov/ency/images/ency/fullsize/1122.jpg</img_url></value><value><img_name>Male urinary tract</img_name><img_url>https://medlineplus.gov/ency/images/ency/fullsize/1123.jpg</img_url></value></Images></item>
<item><title>HCG blood test - quantitative</title><url>https://medlineplus.gov/ency/article/003510.htm</url><HowtoPreparefortheTest>&lt;text&gt;No special preparation is needed.&lt;/text&gt;</HowtoPreparefortheTest><WhytheTestisPerformed>&lt;text&gt;HCG appears in the blood and urine of pregnant women as early as 10 days after conception. Quantitative HCG measurement helps determine the exact age of the fetus. It can also diagnose abnormal pregnancies, such as ectopic pregnancies, molar pregnancies, and possible miscarriages. It is also used as part of a screening test for Down syndrome.&lt;/text&gt;&lt;text&gt;This test is also done to diagnose abnormal conditions not related to pregnancy that can raise HCG level.&lt;/text&gt;</WhytheTestisPerformed><NormalResults>&lt;text&gt;HCG level rises rapidly during the first trimester of pregnancy and then slightly declines.&lt;/text&gt;</NormalResults><WhatAbnormalResultsMean>&lt;text&gt;Higher than normal level may indicate:&lt;/text&gt;&lt;detail&gt;Normal pregnancy&lt;/detail&gt;&lt;detail&gt;More than one fetus, for example, twins or triplets&lt;/detail&gt;&lt;detail&gt; Choriocarcinoma  of the uterus&lt;/detail&gt;&lt;detail&gt; Hydatidiform mole  of the uterus&lt;/detail&gt;&lt;detail&gt; Ovarian cancer &lt;/detail&gt;&lt;detail&gt; Testicular cancer  (in men) &lt;/detail&gt;&lt;text&gt;Lower than normal levels may indicate:&lt;/text&gt;&lt;detail&gt; Fetal death &lt;/detail&gt;&lt;detail&gt;Incomplete  miscarriage &lt;/detail&gt;&lt;detail&gt; Threatened spontaneous abortion  (miscarriage)&lt;/detail&gt;&lt;detail&gt; Ectopic pregnancy &lt;/detail&gt;</WhatAbnormalResultsMean><AlternativeNames>&lt;detail&gt;Serial beta HCG&lt;/detail&gt;&lt;detail&gt; Repeat quantitative beta HCG&lt;/detail&gt;&lt;detail&gt; Human chorionic gonadotropin blood test - quantitative&lt;/detail&gt;&lt;detail&gt; Beta-HCG blood test - quantitative&lt;/detail&gt;&lt;detail&gt; Pregnancy test - blood - quantitative&lt;/detail&gt;</AlternativeNames><Images><value><img_name>Blood test</img_name><img_url>https://medlineplus.gov/ency/images/ency/fullsize/10026.jpg</img_url></value></Images></item>
<item><title>HCG blood test - qualitative</title><url>https://medlineplus.gov/ency/article/003509.htm</url><HowtoPreparefortheTest>&lt;text&gt;No special preparation is needed.&lt;/text&gt;</HowtoPreparefortheTest><WhytheTestisPerformed>&lt;text&gt;Most often, this test is performed to determine if you are pregnant. HCG level in the blood may also be high in women with certain types of ovarian tumors or in men with testicular tumors.&lt;/text&gt;</WhytheTestisPerformed><NormalResults>&lt;text&gt;The test result will be reported as negative or positive.&lt;/text&gt;&lt;detail&gt;The test is negative if you are not pregnant.&lt;/detail&gt;&lt;detail&gt;The test is positive if you are pregnant.&lt;/detail&gt;</NormalResults><WhatAbnormalResultsMean>&lt;text&gt;If your blood HCG is positive and you DO NOT have a pregnancy properly implanted in the uterus, it may indicate:&lt;/text&gt;&lt;detail&gt; Ectopic pregnancy &lt;/detail&gt;&lt;detail&gt; Miscarriage &lt;/detail&gt;&lt;detail&gt; Testicular cancer  (in men)&lt;/detail&gt;&lt;detail&gt; Trophoblastic tumor &lt;/detail&gt;&lt;detail&gt; Hydatidiform mole &lt;/detail&gt;&lt;detail&gt; Ovarian cancer &lt;/detail&gt;</WhatAbnormalResultsMean><AlternativeNames>&lt;detail&gt;Beta-HCG in blood serum - qualitative&lt;/detail&gt;&lt;detail&gt; Human chorionic gonadotrophin - serum - qualitative&lt;/detail&gt;&lt;detail&gt; Pregnancy test - blood - qualitative&lt;/detail&gt;&lt;detail&gt; Serum HCG - qualitative&lt;/detail&gt;&lt;detail&gt; HCG in blood serum - qualitative&lt;/detail&gt;</AlternativeNames><Images><value><img_name>Blood test</img_name><img_url>https://medlineplus.gov/ency/images/ency/fullsize/10026.jpg</img_url></value></Images></item>
<item><title>Haptoglobin blood test</title><url>https://medlineplus.gov/ency/article/003634.htm</url><HowtoPreparefortheTest>&lt;text&gt;Certain medicines may affect the results of this test. Your health care provider will tell you if you need to stop taking any medicines. DO NOT stop any medicine before talking to your provider.&lt;/text&gt;&lt;text&gt;Drugs that can raise haptoglobin levels include:&lt;/text&gt;&lt;detail&gt;Androgens&lt;/detail&gt;&lt;detail&gt;Corticosteroids &lt;/detail&gt;&lt;text&gt;Drugs that can lower haptoglobin levels include:&lt;/text&gt;&lt;detail&gt;Birth control pills&lt;/detail&gt;&lt;detail&gt;Chlorpromazine&lt;/detail&gt;&lt;detail&gt;Diphenhydramine&lt;/detail&gt;&lt;detail&gt;Indomethacin&lt;/detail&gt;&lt;detail&gt;Isoniazid&lt;/detail&gt;&lt;detail&gt;Nitrofurantoin&lt;/detail&gt;&lt;detail&gt;Quinidine&lt;/detail&gt;&lt;detail&gt;Streptomycin &lt;/detail&gt;</HowtoPreparefortheTest><WhytheTestisPerformed>&lt;text&gt;This test is done to see how fast your red blood cells are destroyed. It may be done if your provider suspects you have a type of anemia that your immune system is causing.&lt;/text&gt;</WhytheTestisPerformed><NormalResults>&lt;text&gt;The normal range is 41 to 165 milligrams per deciliter (mg/dL) or 410 to 1,650 milligrams per liter (mg/L).&lt;/text&gt;&lt;text&gt;Normal value ranges may vary slightly among different laboratories. Some labs use different measurements or test different samples. Talk to your provider about the meaning of your specific test results.&lt;/text&gt;</NormalResults><WhatAbnormalResultsMean>&lt;text&gt;When red blood cells are actively being destroyed, haptoglobin disappears faster than it is created. As a result, the levels of haptoglobin in the blood drop.&lt;/text&gt;&lt;text&gt;Lower than normal levels may be due to:&lt;/text&gt;&lt;detail&gt;Immune hemolytic anemia&lt;/detail&gt;&lt;detail&gt;Long-term (chronic) liver disease&lt;/detail&gt;&lt;detail&gt;Blood buildup under the skin (hematoma)&lt;/detail&gt;&lt;detail&gt;Liver disease&lt;/detail&gt;&lt;detail&gt;Transfusion reaction &lt;/detail&gt;&lt;text&gt;Higher-than-normal levels may be due to:&lt;/text&gt;&lt;detail&gt; Blockage of the bile ducts &lt;/detail&gt;&lt;detail&gt;Joint or muscle inflammation, swelling, and pain that comes on suddenly&lt;/detail&gt;&lt;detail&gt; Peptic ulcer &lt;/detail&gt;&lt;detail&gt; Ulcerative colitis &lt;/detail&gt;&lt;detail&gt;Other inflammatory conditions &lt;/detail&gt;</WhatAbnormalResultsMean></item>
<item><title>Hand x-ray</title><url>https://medlineplus.gov/ency/article/003811.htm</url><HowtoPreparefortheTest>&lt;text&gt;Tell the provider if you are pregnant or think you may be pregnant. Remove all jewelry from your hand and wrist.&lt;/text&gt;</HowtoPreparefortheTest><WhytheTestisPerformed>&lt;text&gt;Hand x-ray is used to detect  fractures , tumors, foreign objects, or degenerative conditions of the hand. Hand x-rays may also be done to find out a child's "bone age." This can help determine if a health problem is preventing the child from growing properly or how much growth is left.&lt;/text&gt;</WhytheTestisPerformed><WhatAbnormalResultsMean>&lt;text&gt;Abnormal results may include:&lt;/text&gt;&lt;detail&gt;Fractures&lt;/detail&gt;&lt;detail&gt; Bone tumors &lt;/detail&gt;&lt;detail&gt;Degenerative bone conditions&lt;/detail&gt;&lt;detail&gt; Osteomyelitis  (inflammation of the bone caused by an infection)&lt;/detail&gt;</WhatAbnormalResultsMean><AlternativeNames>&lt;detail&gt;X-ray - hand&lt;/detail&gt;</AlternativeNames><Images><value><img_name>Hand x-ray</img_name><img_url>https://medlineplus.gov/ency/images/ency/fullsize/8987.jpg</img_url></value></Images></item>
<item><title>Intravenous pyelogram</title><url>https://medlineplus.gov/ency/article/003782.htm</url><HowtoPreparefortheTest>&lt;text&gt;As with all x-ray procedures, tell your provider if you:&lt;/text&gt;&lt;detail&gt;Are allergic to contrast material&lt;/detail&gt;&lt;detail&gt;Are pregnant&lt;/detail&gt;&lt;detail&gt;Have any drug allergies&lt;/detail&gt;&lt;detail&gt;Have kidney disease or diabetes&lt;/detail&gt;&lt;text&gt;Your provider will tell you if you can eat or drink before this test. You may be given a laxative to take the afternoon before the procedure to clear the intestines. This will help your kidneys to be seen clearly.&lt;/text&gt;&lt;text&gt;You must sign a consent form. You will be asked to wear a hospital gown and to remove all jewelry.&lt;/text&gt;</HowtoPreparefortheTest><WhytheTestisPerformed>&lt;text&gt;An IVP can be used to evaluate:&lt;/text&gt;&lt;detail&gt;An abdominal injury&lt;/detail&gt;&lt;detail&gt;Bladder and kidney infections&lt;/detail&gt;&lt;detail&gt;Blood in the urine&lt;/detail&gt;&lt;detail&gt; Flank pain  (possibly due to  kidney stones )&lt;/detail&gt;&lt;detail&gt;Tumors &lt;/detail&gt;</WhytheTestisPerformed><WhatAbnormalResultsMean>&lt;text&gt;The test may reveal kidney diseases, birth defects of the urinary system, tumors, kidney stones, or damage to the urinary system.&lt;/text&gt;</WhatAbnormalResultsMean><AlternativeNames>&lt;detail&gt;Excretory urography&lt;/detail&gt;&lt;detail&gt; IVP&lt;/detail&gt;</AlternativeNames><Images><value><img_name>Kidney anatomy</img_name><img_url>https://medlineplus.gov/ency/images/ency/fullsize/1101.jpg</img_url></value><value><img_name>Kidney - blood and urine flow</img_name><img_url>https://medlineplus.gov/ency/images/ency/fullsize/1704.jpg</img_url></value><value><img_name>Intravenous pyelogram</img_name><img_url>https://medlineplus.gov/ency/images/ency/fullsize/9481.jpg</img_url></value></Images></item>
<item><title>Intracranial pressure monitoring</title><url>https://medlineplus.gov/ency/article/003411.htm</url><HowtoPreparefortheTest>&lt;text&gt;Most of the time, this procedure is done when a person is in the hospital intensive care unit. If you are awake and aware, your health care provider will explain the procedure and the risks. You will have to sign a consent form.&lt;/text&gt;</HowtoPreparefortheTest><WhytheTestisPerformed>&lt;text&gt;This test is most often done to measure intracranial pressure. It may be done when there is a severe head injury or brain/nervous system disease. It also may be done after surgery to remove a tumor or fix damage to a blood vessel if the surgeon is worried about brain swelling.&lt;/text&gt;&lt;text&gt;High intracranial pressure can be treated by draining CSF through the catheter. It can also be treated by changing the ventilator settings for people who are on a respirator, or by giving certain medicines through a vein (intravenously).&lt;/text&gt;</WhytheTestisPerformed><NormalResults>&lt;text&gt;Normally, the ICP ranges from 1 to 20 mm Hg.&lt;/text&gt;&lt;text&gt;Talk to your provider about the meaning of your specific test results.&lt;/text&gt;</NormalResults><WhatAbnormalResultsMean>&lt;text&gt;High intracranial pressure means that both nervous system and blood vessel tissues are under pressure. If not treated, this can lead to permanent damage. In some cases, it can be life threatening.&lt;/text&gt;</WhatAbnormalResultsMean><AlternativeNames>&lt;detail&gt;ICP monitoring&lt;/detail&gt;&lt;detail&gt; CSF pressure monitoring&lt;/detail&gt;</AlternativeNames><Images><value><img_name>Intracranial pressure monitoring</img_name><img_url>https://medlineplus.gov/ency/images/ency/fullsize/9480.jpg</img_url></value></Images></item>
<item><title>Intracardiac electrophysiology study (EPS)</title><url>https://medlineplus.gov/ency/article/003867.htm</url><HowtoPreparefortheTest>&lt;text&gt;You will be told not to eat or drink for 6 to 8 hours before the test. &lt;/text&gt;&lt;text&gt;You will wear a hospital gown. You must sign a consent form for the procedure.&lt;/text&gt;&lt;text&gt;Your health care provider will tell you ahead of time if you need to make changes to the medicines you regularly take. DO NOT stop taking or change any medicines without first talking to your provider.&lt;/text&gt;&lt;text&gt;In most cases, you will be given medicine to help you feel calm before the procedure. The study can last from 1 hour up to several hours. You may not be able to drive home afterward, so you should plan for someone to drive you. &lt;/text&gt;</HowtoPreparefortheTest><WhytheTestisPerformed>&lt;text&gt;Your provider may order this test if you have signs of an abnormal heart rhythm ( arrhythmia ).&lt;/text&gt;&lt;text&gt;You may need to have other tests before this study is done. &lt;/text&gt;&lt;text&gt;An EPS may be done to:&lt;/text&gt;&lt;detail&gt;Test the function of your heart's electrical system&lt;/detail&gt;&lt;detail&gt;Pinpoint a known abnormal heart rhythm (arrhythmia) that is starting in the heart&lt;/detail&gt;&lt;detail&gt;Decide the best therapy for an abnormal heart rhythm&lt;/detail&gt;&lt;detail&gt;Determine whether you are at risk for future heart events, especially sudden cardiac death&lt;/detail&gt;&lt;detail&gt;See if medicine is controlling an abnormal heart rhythm&lt;/detail&gt;&lt;detail&gt;See whether you need a pacemaker or  implantable cardioverter-defibrillator  (ICD) &lt;/detail&gt;</WhytheTestisPerformed><WhatAbnormalResultsMean>&lt;text&gt;Abnormal results may be due to abnormal heart rhythms that are too slow or too fast. These may include:&lt;/text&gt;&lt;detail&gt; Atrial fibrillation  or flutter&lt;/detail&gt;&lt;detail&gt;Heart block&lt;/detail&gt;&lt;detail&gt; Sick sinus syndrome &lt;/detail&gt;&lt;detail&gt; Supraventricular tachycardia  (a collection of abnormal heart rhythms that start in the upper chambers of the heart)&lt;/detail&gt;&lt;detail&gt;Ventricular fibrillation and  ventricular tachycardia &lt;/detail&gt;&lt;detail&gt; Wolff-Parkinson-White syndrome &lt;/detail&gt;&lt;text&gt;There may be other causes that are not on this list.&lt;/text&gt;&lt;text&gt;The provider must find the location and type of heart rhythm problem in order to determine the proper treatment. &lt;/text&gt;</WhatAbnormalResultsMean><AlternativeNames>&lt;detail&gt;Electrophysiology study - intracardiac&lt;/detail&gt;&lt;detail&gt; EPS - intracardiac&lt;/detail&gt;&lt;detail&gt; Abnormal heart rhythms - EPS&lt;/detail&gt;&lt;detail&gt; Bradycardia - EPS&lt;/detail&gt;&lt;detail&gt; Tachycardia - EPS&lt;/detail&gt;&lt;detail&gt; Fibrillation - EPS&lt;/detail&gt;&lt;detail&gt; Arrhythmia - EPS&lt;/detail&gt;&lt;detail&gt; Heart block - EPS&lt;/detail&gt;</AlternativeNames><Images><value><img_name>Heart, front view</img_name><img_url>https://medlineplus.gov/ency/images/ency/fullsize/1097.jpg</img_url></value><value><img_name>Conduction system of the heart</img_name><img_url>https://medlineplus.gov/ency/images/ency/fullsize/18052.jpg</img_url></value></Images></item>
<item><title>Insulin C-peptide test</title><url>https://medlineplus.gov/ency/article/003701.htm</url><HowtoPreparefortheTest>&lt;text&gt;Preparation for the test depends on the reason for the C-peptide measurement. Ask your health care provider if you should not eat (fast) before the test. Your provider may ask you to stop taking medicines that can affect the test results.&lt;/text&gt;</HowtoPreparefortheTest><WhytheTestisPerformed>&lt;text&gt;C-peptide is measured to tell the difference between insulin the body produces and insulin that is injected into the body.&lt;/text&gt;&lt;text&gt;Someone with type 1 or type 2 diabetes may have their C-peptide level measured to see if their body is still producing insulin. C-peptide is also measured in case of low blood sugar to see if the person's body is producing too much insulin.&lt;/text&gt;&lt;text&gt;The test is also often ordered to check certain medicines that can help the body produce more insulin, such as glucagon-like peptide 1 analogs (GLP-1) or DPP IV inhibitors.&lt;/text&gt;</WhytheTestisPerformed><NormalResults>&lt;text&gt;A normal result is between 0.5 to 2.0 nanograms per milliliter (ng/mL), or 0.17 to 0.83 nanomoles per liter (nmol/L).&lt;/text&gt;&lt;text&gt;Normal value ranges may vary slightly among different laboratories. Some labs use different measurements or test different samples. Talk to your provider about the meaning of your specific test results.&lt;/text&gt;</NormalResults><WhatAbnormalResultsMean>&lt;text&gt;C-peptide level is based on blood sugar level. C-peptide is a sign that your body is producing insulin. A low level (or no C-peptide) indicates that your pancreas is producing little or no insulin.&lt;/text&gt;&lt;detail&gt;A low level may be normal if you have not eaten recently. Your blood sugar and insulin levels would naturally be low then.&lt;/detail&gt;&lt;detail&gt;A low level is abnormal if your blood sugar is high and your body should be making insulin at that time.&lt;/detail&gt;&lt;text&gt;People with type 2 diabetes, obesity, or insulin resistance may have a high C-peptide level. This means their body is producing a lot of insulin to keep their blood sugar normal.&lt;/text&gt;</WhatAbnormalResultsMean><AlternativeNames>&lt;detail&gt;C-peptide&lt;/detail&gt;</AlternativeNames><Images><value><img_name>Blood test</img_name><img_url>https://medlineplus.gov/ency/images/ency/fullsize/9879.jpg</img_url></value></Images></item>
<item><title>Indium-labelled WBC scan</title><url>https://medlineplus.gov/ency/article/003382.htm</url><HowtoPreparefortheTest>&lt;text&gt;Most of the time you do not need special preparation. You will need to sign a consent form.&lt;/text&gt;&lt;text&gt;For the test, you will need to wear a hospital gown or loose clothing. You will need to take off all jewelry.&lt;/text&gt;&lt;text&gt;Tell your provider if you are pregnant. This procedure is NOT recommended if you are pregnant or trying to become pregnant. Women of childbearing age (before menopause) should use some form of birth control during the course of this procedure.&lt;/text&gt;&lt;text&gt;Tell your provider if you have or had any of the following medical conditions, procedures, or treatments, as they can interfere with test results:&lt;/text&gt;&lt;detail&gt; Gallium (Ga) scan  within the past month&lt;/detail&gt;&lt;detail&gt; Hemodialysis &lt;/detail&gt;&lt;detail&gt; Hyperglycemia &lt;/detail&gt;&lt;detail&gt;Long-term antibiotic therapy&lt;/detail&gt;&lt;detail&gt;Steroid therapy&lt;/detail&gt;&lt;detail&gt;Total parenteral nutrition (through an IV) &lt;/detail&gt;</HowtoPreparefortheTest><WhytheTestisPerformed>&lt;text&gt;The test may be done to look for an infection, often for a bone infection called osteomyelitis. It is also used to look for an abscess that may form after surgery or on its own. &lt;/text&gt;&lt;text&gt;Other times it can be used to look for an abscess. Symptoms of an abscess depend on where it is found, but may include:&lt;/text&gt;&lt;detail&gt;Fever that has lasted a few weeks without an explanation&lt;/detail&gt;&lt;detail&gt;Not feeling well (malaise)&lt;/detail&gt;&lt;detail&gt;Pain &lt;/detail&gt;&lt;text&gt;Often, other imaging tests such as an  ultrasound  or  CT scan  may be done first. &lt;/text&gt;</WhytheTestisPerformed><NormalResults>&lt;text&gt;Normal findings would show no abnormal gathering of white blood cells.&lt;/text&gt;</NormalResults><WhatAbnormalResultsMean>&lt;text&gt;A gathering of white blood cells outside of the normal areas is a sign of either an abscess or other type of inflammatory process.&lt;/text&gt;&lt;text&gt;Some types of abscess are:&lt;/text&gt;&lt;detail&gt; Abdominal abscess &lt;/detail&gt;&lt;detail&gt; Amebic liver abscess &lt;/detail&gt;&lt;detail&gt; Anorectal abscess &lt;/detail&gt;&lt;detail&gt; Bartholin abscess &lt;/detail&gt;&lt;detail&gt; Epidural abscess &lt;/detail&gt;&lt;detail&gt; Peritonsillar abscess &lt;/detail&gt;&lt;detail&gt; Pyogenic liver abscess &lt;/detail&gt;&lt;detail&gt; Skin abscess &lt;/detail&gt;&lt;detail&gt; Spinal cord abscess &lt;/detail&gt;&lt;detail&gt;Subcutaneous abscess&lt;/detail&gt;&lt;detail&gt; Tooth abscess &lt;/detail&gt;</WhatAbnormalResultsMean><AlternativeNames>&lt;detail&gt;Radioactive abscess scan&lt;/detail&gt;&lt;detail&gt; Abscess scan&lt;/detail&gt;&lt;detail&gt; Indium scan&lt;/detail&gt;&lt;detail&gt; Indium-labeled white blood cell scan&lt;/detail&gt;</AlternativeNames></item>
<item><title>Immunofixation blood test</title><url>https://medlineplus.gov/ency/article/003543.htm</url><HowtoPreparefortheTest>&lt;text&gt;There is no special preparation for this test.&lt;/text&gt;</HowtoPreparefortheTest><WhytheTestisPerformed>&lt;text&gt;This test is most often used to check the levels of antibodies associated with certain cancers and other disorders.&lt;/text&gt;</WhytheTestisPerformed><NormalResults>&lt;text&gt;A normal (negative) result means that the blood sample had normal types of immunoglobulins. The level of one immunoglobulin was not higher than any other.&lt;/text&gt;</NormalResults><WhatAbnormalResultsMean>&lt;text&gt;An abnormal result may be due to:&lt;/text&gt;&lt;detail&gt; Amyloidosis  (buildup of abnormal proteins in tissues and organs)&lt;/detail&gt;&lt;detail&gt; Leukemia  or  Waldenström macroglobulinemia  (types of white blood cell cancers)&lt;/detail&gt;&lt;detail&gt;Lymphoma (cancer of the lymph tissue)&lt;/detail&gt;&lt;detail&gt;Monoclonal gammopathy of unknown significance (MGUS)&lt;/detail&gt;&lt;detail&gt; Multiple myeloma  (a type of blood cancer)&lt;/detail&gt;&lt;detail&gt;Other cancers&lt;/detail&gt;&lt;detail&gt;Infection&lt;/detail&gt;</WhatAbnormalResultsMean><AlternativeNames>&lt;detail&gt; Serum immunofixation &lt;/detail&gt;</AlternativeNames><Images><value><img_name>Blood test</img_name><img_url>https://medlineplus.gov/ency/images/ency/fullsize/10026.jpg</img_url></value></Images></item>
<item><title>Immunofixation - urine</title><url>https://medlineplus.gov/ency/article/003593.htm</url><HowtoPreparefortheTest>&lt;text&gt;No special steps are necessary for this test.&lt;/text&gt;</HowtoPreparefortheTest><WhytheTestisPerformed>&lt;text&gt;This test is most often used to check for the presence of certain proteins called monoclonal immunoglobulins. These proteins are linked to  multiple myeloma  and  Waldenstrom macroglobulinemia . The test is done with a blood test the check for a monoclonal immunoglobulin in the serum as well.&lt;/text&gt;</WhytheTestisPerformed><NormalResults>&lt;text&gt;Having no monoclonal immunoglobulins in the urine is a normal result.&lt;/text&gt;</NormalResults><WhatAbnormalResultsMean>&lt;text&gt;The presence of monoclonal proteins may indicate:&lt;/text&gt;&lt;detail&gt;Cancers that affect the immune system, such as multiple myeloma or Waldenstrom macroglobulinemia&lt;/detail&gt;&lt;detail&gt;Other cancers&lt;/detail&gt;</WhatAbnormalResultsMean></item>
<item><title>Immunoelectrophoresis - urine</title><url>https://medlineplus.gov/ency/article/003592.htm</url><HowtoPreparefortheTest>&lt;text&gt;Your provider may ask you to collect the first morning urine, which is the most concentrated.&lt;/text&gt;&lt;text&gt;If you are taking the collection from an infant, you may need extra collection bags.&lt;/text&gt;</HowtoPreparefortheTest><WhytheTestisPerformed>&lt;text&gt;This test is used to measure the amounts of various immunoglobulins in urine. Most often, it is done after a large amount of protein is found in the urine.&lt;/text&gt;</WhytheTestisPerformed><NormalResults>&lt;text&gt;Normally there is no protein, or only a small amount of protein in the urine. When there is protein in the urine, it normally consists of mainly albumin.&lt;/text&gt;&lt;text&gt;Normal value ranges may vary slightly among different laboratories. Talk to your doctor about the meaning of your specific test results.&lt;/text&gt;</NormalResults><WhatAbnormalResultsMean>&lt;text&gt;Immunoglobulin in the urine can result from:&lt;/text&gt;&lt;detail&gt;An abnormal buildup of proteins in tissues and organs ( amyloidosis )&lt;/detail&gt;&lt;detail&gt;Leukemia&lt;/detail&gt;&lt;detail&gt;Blood cancer called  multiple myeloma &lt;/detail&gt;&lt;detail&gt;Kidney disorders such as  IgA nephropathy  or IgM nephropathy&lt;/detail&gt;&lt;text&gt;Some people have monoclonal immunoglobulins, but do not have cancer. This is called monoclonal gammopathy of unknown significance, or MGUS.&lt;/text&gt;</WhatAbnormalResultsMean><AlternativeNames>&lt;detail&gt;Immunoglobulin electrophoresis - urine&lt;/detail&gt;&lt;detail&gt; Gamma globulin electrophoresis - urine&lt;/detail&gt;&lt;detail&gt; Urine immunoglobulin electrophoresis&lt;/detail&gt;&lt;detail&gt; IEP - urine&lt;/detail&gt;</AlternativeNames><Images><value><img_name>Female urinary tract</img_name><img_url>https://medlineplus.gov/ency/images/ency/fullsize/1122.jpg</img_url></value><value><img_name>Male urinary tract</img_name><img_url>https://medlineplus.gov/ency/images/ency/fullsize/1123.jpg</img_url></value></Images></item>
<item><title>Immunoelectrophoresis - blood</title><url>https://medlineplus.gov/ency/article/003541.htm</url><HowtoPreparefortheTest>&lt;text&gt;There is no special preparation for this test.&lt;/text&gt;</HowtoPreparefortheTest><WhytheTestisPerformed>&lt;text&gt;This test is most often used to check the levels of antibodies when certain cancers and other disorders are present or suspected.&lt;/text&gt;</WhytheTestisPerformed><NormalResults>&lt;text&gt;A normal (negative) result means that the blood sample had normal types of immunoglobulins. The level of one immunoglobulin was not higher than any other.&lt;/text&gt;</NormalResults><WhatAbnormalResultsMean>&lt;text&gt;Abnormal results may be due to:&lt;/text&gt;&lt;detail&gt; Multiple myeloma  (a type of blood cancer)&lt;/detail&gt;&lt;detail&gt; Chronic lymphocytic leukemia  or  Waldenström macroglobulinemia  (types of white blood cell cancers)&lt;/detail&gt;&lt;detail&gt; Amyloidosis  (buildup of abnormal proteins in tissues and organs)&lt;/detail&gt;&lt;detail&gt;Lymphoma (cancer of the lymph tissue)&lt;/detail&gt;&lt;detail&gt; Kidney failure &lt;/detail&gt;&lt;detail&gt;Infection&lt;/detail&gt;&lt;text&gt;Some people have monoclonal immunoglobulins, but do not have cancer. This is called monoclonal gammopathy of unknown significance, or MGUS.&lt;/text&gt;</WhatAbnormalResultsMean><AlternativeNames>&lt;detail&gt;IEP - serum&lt;/detail&gt;&lt;detail&gt; Immunoglobulin electrophoresis - blood&lt;/detail&gt;&lt;detail&gt; Gamma globulin electrophoresis&lt;/detail&gt;&lt;detail&gt; Serum immunoglobulin electrophoresis&lt;/detail&gt;&lt;detail&gt; Amyloidosis - electrophoresis serum&lt;/detail&gt;&lt;detail&gt; Multiple myeloma - serum electrophoresis&lt;/detail&gt;&lt;detail&gt; Waldenström - serum electrophoresis&lt;/detail&gt;</AlternativeNames><Images><value><img_name>Blood test</img_name><img_url>https://medlineplus.gov/ency/images/ency/fullsize/10026.jpg</img_url></value></Images></item>
<item><title>Joint x-ray</title><url>https://medlineplus.gov/ency/article/003810.htm</url><HowtoPreparefortheTest>&lt;text&gt;Tell the health care provider if you are pregnant. Remove all jewelry before the x-ray.&lt;/text&gt;</HowtoPreparefortheTest><WhytheTestisPerformed>&lt;text&gt;The x-ray is used to detect  fractures , tumors, or degenerative conditions of the joint.&lt;/text&gt;</WhytheTestisPerformed><WhatAbnormalResultsMean>&lt;text&gt;The x-ray may show:&lt;/text&gt;&lt;detail&gt; Arthritis &lt;/detail&gt;&lt;detail&gt;Fractures&lt;/detail&gt;&lt;detail&gt; Bone tumors &lt;/detail&gt;&lt;detail&gt;Degenerative bone conditions&lt;/detail&gt;&lt;detail&gt; Osteomyelitis  (inflammation of the bone caused by an infection) &lt;/detail&gt;&lt;text&gt;The test may also be performed to find out more about the following conditions:&lt;/text&gt;&lt;detail&gt; Acute gouty arthritis (gout) &lt;/detail&gt;&lt;detail&gt; Adult-Onset Still disease &lt;/detail&gt;&lt;detail&gt; Caplan syndrome &lt;/detail&gt;&lt;detail&gt; Chondromalacia patellae &lt;/detail&gt;&lt;detail&gt;Chronic gouty arthritis&lt;/detail&gt;&lt;detail&gt; Congenital dislocation of the hip &lt;/detail&gt;&lt;detail&gt; Fungal arthritis &lt;/detail&gt;&lt;detail&gt; Non-gonococcal (septic) bacterial arthritis &lt;/detail&gt;&lt;detail&gt; Osteoarthritis &lt;/detail&gt;&lt;detail&gt; Pseudogout &lt;/detail&gt;&lt;detail&gt; Psoriatic arthritis &lt;/detail&gt;&lt;detail&gt; Reiter syndrome &lt;/detail&gt;&lt;detail&gt; Rheumatoid arthritis &lt;/detail&gt;&lt;detail&gt; Runner's knee &lt;/detail&gt;&lt;detail&gt;Tuberculous arthritis &lt;/detail&gt;</WhatAbnormalResultsMean><AlternativeNames>&lt;detail&gt;X-ray - joint&lt;/detail&gt;&lt;detail&gt; Arthrography&lt;/detail&gt;&lt;detail&gt; Arthrogram&lt;/detail&gt;</AlternativeNames></item>
</items>